<?xml version="1.0" encoding="UTF-8"?>
<testsuites name="Run all test cases" time="1539.153" tests="50" failures="5" errors="0">
   <testsuite name="Run all test cases" tests="50" failures="5" errors="0" time="1539.153" skipped="0" timestamp="2022-01-15 08:42:20" hostname="Minh Sĩ Lê - host.docker.internal" id="Test Suites/Run all test cases">
      <properties>
         <property name="deviceName" value=""/>
         <property name="devicePlatform" value=""/>
         <property name="logFolder" value="D:\\TestAutomation-SEBonus-Group10\\Test Automation - SE Bonus\\Reports\\20220115_084207\\Run all test cases\\20220115_084207"/>
         <property name="logFiles" value="D:\\TestAutomation-SEBonus-Group10\\Test Automation - SE Bonus\\Reports\\20220115_084207\\Run all test cases\\20220115_084207\\execution0.log"/>
         <property name="attachments" value="D:\\TestAutomation-SEBonus-Group10\\Test Automation - SE Bonus\\Reports\\20220115_084207\\Run all test cases\\20220115_084207\\1642212049225.png, D:\\TestAutomation-SEBonus-Group10\\Test Automation - SE Bonus\\Reports\\20220115_084207\\Run all test cases\\20220115_084207\\1642212343704.png, D:\\TestAutomation-SEBonus-Group10\\Test Automation - SE Bonus\\Reports\\20220115_084207\\Run all test cases\\20220115_084207\\1642212390012.png, D:\\TestAutomation-SEBonus-Group10\\Test Automation - SE Bonus\\Reports\\20220115_084207\\Run all test cases\\20220115_084207\\1642212435183.png, D:\\TestAutomation-SEBonus-Group10\\Test Automation - SE Bonus\\Reports\\20220115_084207\\Run all test cases\\20220115_084207\\1642212469832.png, D:\\TestAutomation-SEBonus-Group10\\Test Automation - SE Bonus\\Reports\\20220115_084207\\Run all test cases\\20220115_084207\\1642212470028.png"/>
         <property name="hostName" value="Minh Sĩ Lê - host.docker.internal"/>
         <property name="os" value="Windows 10 64bit"/>
         <property name="katalonVersion" value="8.2.0.208"/>
         <property name="browser" value="Edge Chromium 97"/>
         <property name="hostAddress" value="192.168.1.10"/>
         <property name="sessionId" value="843d601ec79c62b3700a454697a52dbd"/>
         <property name="seleniumVersion" value="3.141.59"/>
         <property name="proxyInformation" value="ProxyInformation { proxyOption=NO_PROXY, proxyServerType=HTTP, username=, password=********, proxyServerAddress=, proxyServerPort=0, executionList=&quot;&quot;, isApplyToDesiredCapabilities=true }"/>
         <property name="platform" value="Windows 10"/>
      </properties>
      <testcase name="Test Cases/Create Manager" time="42.976" classname="Test Cases/Create Manager" status="PASSED">
         <system-out><![CDATA[2022-01-15 08:42:20 - [TEST_CASE][PASSED] - Test Cases/Create Manager: Test Cases/Create Manager

2022-01-15 08:42:21 - [TEST_STEP][PASSED] - openBrowser(""): Browser is opened with url: ''

2022-01-15 08:42:21 - [MESSAGE][INFO] - Starting 'Edge Chromium' driver

2022-01-15 08:42:22 - [MESSAGE][INFO] - Action delay is set to 0 milliseconds

2022-01-15 08:42:24 - [MESSAGE][PASSED] - Browser is opened with url: ''

2022-01-15 08:42:24 - [TEST_STEP][PASSED] - navigateToUrl("http://localhost/"): Navigate to 'http://localhost/' successfully

2022-01-15 08:42:26 - [MESSAGE][PASSED] - Navigate to 'http://localhost/' successfully

2022-01-15 08:42:26 - [TEST_STEP][PASSED] - click(findTestObject("Object Repository/Page_Home page/a_Log in")): Object: 'Object Repository/Page_Home page/a_Log in' is clicked on

2022-01-15 08:42:27 - [MESSAGE][PASSED] - Object: 'Object Repository/Page_Home page/a_Log in' is clicked on

2022-01-15 08:42:27 - [TEST_STEP][PASSED] - setText(findTestObject("Object Repository/Page_Home page Log in to the site/input_Username_username"), "admin"): Text 'admin' is set on object 'Object Repository/Page_Home page Log in to the site/input_Username_username'

2022-01-15 08:42:28 - [MESSAGE][PASSED] - Text 'admin' is set on object 'Object Repository/Page_Home page Log in to the site/input_Username_username'

2022-01-15 08:42:28 - [TEST_STEP][PASSED] - setEncryptedText(findTestObject("Page_Home page Log in to the site/input_Password_password (1)"), "OFhcon1PzObx3ErJAwGfGA=="): Text ****** has been set on object 'Object Repository/Page_Home page Log in to the site/input_Password_password (1)'

2022-01-15 08:42:29 - [MESSAGE][PASSED] - Text ****** has been set on object 'Object Repository/Page_Home page Log in to the site/input_Password_password (1)'

2022-01-15 08:42:29 - [TEST_STEP][PASSED] - click(findTestObject("Object Repository/Page_Home page Log in to the site/button_Log in")): Object: 'Object Repository/Page_Home page Log in to the site/button_Log in' is clicked on

2022-01-15 08:42:30 - [MESSAGE][PASSED] - Object: 'Object Repository/Page_Home page Log in to the site/button_Log in' is clicked on

2022-01-15 08:42:30 - [TEST_STEP][PASSED] - click(findTestObject("Object Repository/Page_Dashboard/a_Site administration")): Object: 'Object Repository/Page_Dashboard/a_Site administration' is clicked on

2022-01-15 08:42:33 - [MESSAGE][PASSED] - Object: 'Object Repository/Page_Dashboard/a_Site administration' is clicked on

2022-01-15 08:42:33 - [TEST_STEP][PASSED] - scrollToPosition(0, 0): Browser is scrolled to position x = 0, y = 0

2022-01-15 08:42:33 - [MESSAGE][PASSED] - Browser is scrolled to position x = 0, y = 0

2022-01-15 08:42:33 - [TEST_STEP][PASSED] - click(findTestObject("Object Repository/Page_Group10 Administration Search/a_Users")): Object: 'Object Repository/Page_Group10 Administration Search/a_Users' is clicked on

2022-01-15 08:42:33 - [MESSAGE][PASSED] - Object: 'Object Repository/Page_Group10 Administration Search/a_Users' is clicked on

2022-01-15 08:42:33 - [TEST_STEP][PASSED] - click(findTestObject("Object Repository/Page_Group10 Administration Search/a_Add a new user")): Object: 'Object Repository/Page_Group10 Administration Search/a_Add a new user' is clicked on

2022-01-15 08:42:35 - [MESSAGE][PASSED] - Object: 'Object Repository/Page_Group10 Administration Search/a_Add a new user' is clicked on

2022-01-15 08:42:35 - [TEST_STEP][PASSED] - setText(findTestObject("Object Repository/Page_Group10 Administration Users Accounts _5007a8/input_Username_username"), "manager1"): Text 'manager1' is set on object 'Object Repository/Page_Group10 Administration Users Accounts _5007a8/input_Username_username'

2022-01-15 08:42:37 - [MESSAGE][PASSED] - Text 'manager1' is set on object 'Object Repository/Page_Group10 Administration Users Accounts _5007a8/input_Username_username'

2022-01-15 08:42:37 - [TEST_STEP][PASSED] - click(findTestObject("Object Repository/Page_Group10 Administration Users Accounts _5007a8/em_Click to enter text")): Object: 'Object Repository/Page_Group10 Administration Users Accounts _5007a8/em_Click to enter text' is clicked on

2022-01-15 08:42:37 - [MESSAGE][PASSED] - Object: 'Object Repository/Page_Group10 Administration Users Accounts _5007a8/em_Click to enter text' is clicked on

2022-01-15 08:42:37 - [TEST_STEP][PASSED] - setEncryptedText(findTestObject("Object Repository/Page_Group10 Administration Users Accounts _5007a8/input_New password_newpassword"), "OFhcon1PzObx3ErJAwGfGA=="): Text ****** has been set on object 'Object Repository/Page_Group10 Administration Users Accounts _5007a8/input_New password_newpassword'

2022-01-15 08:42:38 - [MESSAGE][PASSED] - Text ****** has been set on object 'Object Repository/Page_Group10 Administration Users Accounts _5007a8/input_New password_newpassword'

2022-01-15 08:42:38 - [TEST_STEP][PASSED] - click(findTestObject("Object Repository/Page_Group10 Administration Users Accounts _5007a8/i_Click to enter text_icon fa fa-eye fa-fw")): Object: 'Object Repository/Page_Group10 Administration Users Accounts _5007a8/i_Click to enter text_icon fa fa-eye fa-fw' is clicked on

2022-01-15 08:42:39 - [MESSAGE][PASSED] - Object: 'Object Repository/Page_Group10 Administration Users Accounts _5007a8/i_Click to enter text_icon fa fa-eye fa-fw' is clicked on

2022-01-15 08:42:39 - [TEST_STEP][PASSED] - setText(findTestObject("Object Repository/Page_Group10 Administration Users Accounts _5007a8/input_First name_firstname"), "Nguyen"): Text 'Nguyen' is set on object 'Object Repository/Page_Group10 Administration Users Accounts _5007a8/input_First name_firstname'

2022-01-15 08:42:39 - [MESSAGE][PASSED] - Text 'Nguyen' is set on object 'Object Repository/Page_Group10 Administration Users Accounts _5007a8/input_First name_firstname'

2022-01-15 08:42:39 - [TEST_STEP][PASSED] - setText(findTestObject("Object Repository/Page_Group10 Administration Users Accounts _5007a8/input_Surname_lastname"), "Vy"): Text 'Vy' is set on object 'Object Repository/Page_Group10 Administration Users Accounts _5007a8/input_Surname_lastname'

2022-01-15 08:42:40 - [MESSAGE][PASSED] - Text 'Vy' is set on object 'Object Repository/Page_Group10 Administration Users Accounts _5007a8/input_Surname_lastname'

2022-01-15 08:42:40 - [TEST_STEP][PASSED] - setText(findTestObject("Object Repository/Page_Group10 Administration Users Accounts _5007a8/input_Email address_email"), "manager1@email.com"): Text 'manager1@email.com' is set on object 'Object Repository/Page_Group10 Administration Users Accounts _5007a8/input_Email address_email'

2022-01-15 08:42:41 - [MESSAGE][PASSED] - Text 'manager1@email.com' is set on object 'Object Repository/Page_Group10 Administration Users Accounts _5007a8/input_Email address_email'

2022-01-15 08:42:41 - [TEST_STEP][PASSED] - click(findTestObject("Object Repository/Page_Group10 Administration Users Accounts _5007a8/input_Address_submitbutton")): Object: 'Object Repository/Page_Group10 Administration Users Accounts _5007a8/input_Address_submitbutton' is clicked on

2022-01-15 08:42:44 - [MESSAGE][PASSED] - Object: 'Object Repository/Page_Group10 Administration Users Accounts _5007a8/input_Address_submitbutton' is clicked on

2022-01-15 08:42:44 - [TEST_STEP][PASSED] - click(findTestObject("Object Repository/Page_Group10 Administration Users Permissio_4e74a7/a_Site administration")): Object: 'Object Repository/Page_Group10 Administration Users Permissio_4e74a7/a_Site administration' is clicked on

2022-01-15 08:42:46 - [MESSAGE][PASSED] - Object: 'Object Repository/Page_Group10 Administration Users Permissio_4e74a7/a_Site administration' is clicked on

2022-01-15 08:42:46 - [TEST_STEP][PASSED] - scrollToPosition(0, 0): Browser is scrolled to position x = 0, y = 0

2022-01-15 08:42:46 - [MESSAGE][PASSED] - Browser is scrolled to position x = 0, y = 0

2022-01-15 08:42:46 - [TEST_STEP][PASSED] - click(findTestObject("Object Repository/Page_Group10 Administration Search/a_Users")): Object: 'Object Repository/Page_Group10 Administration Search/a_Users' is clicked on

2022-01-15 08:42:46 - [MESSAGE][PASSED] - Object: 'Object Repository/Page_Group10 Administration Search/a_Users' is clicked on

2022-01-15 08:42:46 - [TEST_STEP][PASSED] - click(findTestObject("Object Repository/Page_Group10 Administration Search/a_Assign system roles")): Object: 'Object Repository/Page_Group10 Administration Search/a_Assign system roles' is clicked on

2022-01-15 08:42:48 - [MESSAGE][PASSED] - Object: 'Object Repository/Page_Group10 Administration Search/a_Assign system roles' is clicked on

2022-01-15 08:42:48 - [TEST_STEP][PASSED] - click(findTestObject("Object Repository/Page_Group10 Administration Users Permissio_fb4295/a_Manager")): Object: 'Object Repository/Page_Group10 Administration Users Permissio_fb4295/a_Manager' is clicked on

2022-01-15 08:42:49 - [MESSAGE][PASSED] - Object: 'Object Repository/Page_Group10 Administration Users Permissio_fb4295/a_Manager' is clicked on

2022-01-15 08:42:49 - [TEST_STEP][PASSED] - click(findTestObject("Page_Group10 Administration Users Permissions Assign system roles/option_Nguyen Vy (manager1email.com)")): Object: 'Object Repository/Page_Group10 Administration Users Permissions Assign system roles/option_Nguyen Vy (manager1email.com)' is clicked on

2022-01-15 08:42:50 - [MESSAGE][PASSED] - Object: 'Object Repository/Page_Group10 Administration Users Permissions Assign system roles/option_Nguyen Vy (manager1email.com)' is clicked on

2022-01-15 08:42:50 - [TEST_STEP][PASSED] - click(findTestObject("Object Repository/Page_Group10 Administration Users Permissio_fb4295/input_Match the search text anywhere in the_89f7b5")): Object: 'Object Repository/Page_Group10 Administration Users Permissio_fb4295/input_Match the search text anywhere in the_89f7b5' is clicked on

2022-01-15 08:42:51 - [MESSAGE][PASSED] - Object: 'Object Repository/Page_Group10 Administration Users Permissio_fb4295/input_Match the search text anywhere in the_89f7b5' is clicked on

2022-01-15 08:42:51 - [TEST_STEP][PASSED] - click(findTestObject("Object Repository/Page_Group10 Administration Users Accounts _9567d5/span_AU")): Object: 'Object Repository/Page_Group10 Administration Users Accounts _9567d5/span_AU' is clicked on

2022-01-15 08:42:52 - [MESSAGE][PASSED] - Object: 'Object Repository/Page_Group10 Administration Users Accounts _9567d5/span_AU' is clicked on

2022-01-15 08:42:52 - [TEST_STEP][PASSED] - click(findTestObject("Object Repository/Page_Group10 Administration Users Accounts _9567d5/a_Log out")): Object: 'Object Repository/Page_Group10 Administration Users Accounts _9567d5/a_Log out' is clicked on

2022-01-15 08:42:53 - [MESSAGE][PASSED] - Object: 'Object Repository/Page_Group10 Administration Users Accounts _9567d5/a_Log out' is clicked on

2022-01-15 08:42:53 - [TEST_STEP][PASSED] - click(findTestObject("Object Repository/Page_Home page/span_Log in")): Object: 'Object Repository/Page_Home page/span_Log in' is clicked on

2022-01-15 08:42:53 - [MESSAGE][PASSED] - Object: 'Object Repository/Page_Home page/span_Log in' is clicked on

2022-01-15 08:42:53 - [TEST_STEP][PASSED] - setText(findTestObject("Object Repository/Page_Home page Log in to the site/input_Username_username"), "manager1"): Text 'manager1' is set on object 'Object Repository/Page_Home page Log in to the site/input_Username_username'

2022-01-15 08:42:54 - [MESSAGE][PASSED] - Text 'manager1' is set on object 'Object Repository/Page_Home page Log in to the site/input_Username_username'

2022-01-15 08:42:54 - [TEST_STEP][PASSED] - setEncryptedText(findTestObject("Page_Home page Log in to the site/input_Password_password (1)"), "OFhcon1PzObx3ErJAwGfGA=="): Text ****** has been set on object 'Object Repository/Page_Home page Log in to the site/input_Password_password (1)'

2022-01-15 08:42:55 - [MESSAGE][PASSED] - Text ****** has been set on object 'Object Repository/Page_Home page Log in to the site/input_Password_password (1)'

2022-01-15 08:42:55 - [TEST_STEP][PASSED] - click(findTestObject("Object Repository/Page_Home page Log in to the site/button_Log in")): Object: 'Object Repository/Page_Home page Log in to the site/button_Log in' is clicked on

2022-01-15 08:43:00 - [MESSAGE][PASSED] - Object: 'Object Repository/Page_Home page Log in to the site/button_Log in' is clicked on

2022-01-15 08:43:00 - [TEST_STEP][PASSED] - click(findTestObject("Object Repository/Page_Dashboard/a_NV")): Object: 'Object Repository/Page_Dashboard/a_NV' is clicked on

2022-01-15 08:43:01 - [MESSAGE][PASSED] - Object: 'Object Repository/Page_Dashboard/a_NV' is clicked on

2022-01-15 08:43:01 - [TEST_STEP][PASSED] - click(findTestObject("Object Repository/Page_Dashboard/a_Log out")): Object: 'Object Repository/Page_Dashboard/a_Log out' is clicked on

2022-01-15 08:43:02 - [MESSAGE][PASSED] - Object: 'Object Repository/Page_Dashboard/a_Log out' is clicked on

2022-01-15 08:43:02 - [TEST_STEP][PASSED] - closeBrowser(): Browser is closed

2022-01-15 08:43:03 - [MESSAGE][PASSED] - Browser is closed]]></system-out>
         <system-err><![CDATA[]]></system-err>
      </testcase>
      <testcase name="Test Cases/Create Course creator" time="82.1" classname="Test Cases/Create Course creator" status="PASSED">
         <system-out><![CDATA[2022-01-15 08:43:03 - [TEST_CASE][PASSED] - Test Cases/Create Course creator: Test Cases/Create Course creator

2022-01-15 08:43:03 - [TEST_STEP][PASSED] - openBrowser(""): Browser is opened with url: ''

2022-01-15 08:43:03 - [MESSAGE][INFO] - Starting 'Edge Chromium' driver

2022-01-15 08:43:04 - [MESSAGE][INFO] - Action delay is set to 0 milliseconds

2022-01-15 08:43:05 - [MESSAGE][PASSED] - Browser is opened with url: ''

2022-01-15 08:43:05 - [TEST_STEP][PASSED] - navigateToUrl("http://localhost/"): Navigate to 'http://localhost/' successfully

2022-01-15 08:43:05 - [MESSAGE][PASSED] - Navigate to 'http://localhost/' successfully

2022-01-15 08:43:05 - [TEST_STEP][PASSED] - click(findTestObject("Object Repository/Page_Home page/a_Log in")): Object: 'Object Repository/Page_Home page/a_Log in' is clicked on

2022-01-15 08:43:07 - [MESSAGE][PASSED] - Object: 'Object Repository/Page_Home page/a_Log in' is clicked on

2022-01-15 08:43:07 - [TEST_STEP][PASSED] - setText(findTestObject("Object Repository/Page_Home page Log in to the site/input_Username_username"), "admin"): Text 'admin' is set on object 'Object Repository/Page_Home page Log in to the site/input_Username_username'

2022-01-15 08:43:07 - [MESSAGE][PASSED] - Text 'admin' is set on object 'Object Repository/Page_Home page Log in to the site/input_Username_username'

2022-01-15 08:43:07 - [TEST_STEP][PASSED] - setEncryptedText(findTestObject("Page_Home page Log in to the site/input_Password_password (1)"), "OFhcon1PzObx3ErJAwGfGA=="): Text ****** has been set on object 'Object Repository/Page_Home page Log in to the site/input_Password_password (1)'

2022-01-15 08:43:08 - [MESSAGE][PASSED] - Text ****** has been set on object 'Object Repository/Page_Home page Log in to the site/input_Password_password (1)'

2022-01-15 08:43:08 - [TEST_STEP][PASSED] - click(findTestObject("Object Repository/Page_Home page Log in to the site/button_Log in")): Object: 'Object Repository/Page_Home page Log in to the site/button_Log in' is clicked on

2022-01-15 08:43:09 - [MESSAGE][PASSED] - Object: 'Object Repository/Page_Home page Log in to the site/button_Log in' is clicked on

2022-01-15 08:43:09 - [TEST_STEP][PASSED] - click(findTestObject("Object Repository/Page_Dashboard/a_Site administration")): Object: 'Object Repository/Page_Dashboard/a_Site administration' is clicked on

2022-01-15 08:43:13 - [MESSAGE][PASSED] - Object: 'Object Repository/Page_Dashboard/a_Site administration' is clicked on

2022-01-15 08:43:13 - [TEST_STEP][PASSED] - scrollToPosition(0, 0): Browser is scrolled to position x = 0, y = 0

2022-01-15 08:43:13 - [MESSAGE][PASSED] - Browser is scrolled to position x = 0, y = 0

2022-01-15 08:43:13 - [TEST_STEP][PASSED] - click(findTestObject("Object Repository/Page_Group10 Administration Search/a_Users")): Object: 'Object Repository/Page_Group10 Administration Search/a_Users' is clicked on

2022-01-15 08:43:15 - [MESSAGE][PASSED] - Object: 'Object Repository/Page_Group10 Administration Search/a_Users' is clicked on

2022-01-15 08:43:15 - [TEST_STEP][PASSED] - click(findTestObject("Object Repository/Page_Group10 Administration Search/a_Add a new user")): Object: 'Object Repository/Page_Group10 Administration Search/a_Add a new user' is clicked on

2022-01-15 08:43:18 - [MESSAGE][PASSED] - Object: 'Object Repository/Page_Group10 Administration Search/a_Add a new user' is clicked on

2022-01-15 08:43:18 - [TEST_STEP][PASSED] - setText(findTestObject("Object Repository/Page_Group10 Administration Users Accounts _5007a8/input_Username_username"), "coursecreator1"): Text 'coursecreator1' is set on object 'Object Repository/Page_Group10 Administration Users Accounts _5007a8/input_Username_username'

2022-01-15 08:43:23 - [MESSAGE][PASSED] - Text 'coursecreator1' is set on object 'Object Repository/Page_Group10 Administration Users Accounts _5007a8/input_Username_username'

2022-01-15 08:43:23 - [TEST_STEP][PASSED] - click(findTestObject("Object Repository/Page_Group10 Administration Users Accounts _5007a8/em_Click to enter text")): Object: 'Object Repository/Page_Group10 Administration Users Accounts _5007a8/em_Click to enter text' is clicked on

2022-01-15 08:43:25 - [MESSAGE][PASSED] - Object: 'Object Repository/Page_Group10 Administration Users Accounts _5007a8/em_Click to enter text' is clicked on

2022-01-15 08:43:25 - [TEST_STEP][PASSED] - setEncryptedText(findTestObject("Object Repository/Page_Group10 Administration Users Accounts _5007a8/input_New password_newpassword"), "OFhcon1PzObx3ErJAwGfGA=="): Text ****** has been set on object 'Object Repository/Page_Group10 Administration Users Accounts _5007a8/input_New password_newpassword'

2022-01-15 08:43:27 - [MESSAGE][PASSED] - Text ****** has been set on object 'Object Repository/Page_Group10 Administration Users Accounts _5007a8/input_New password_newpassword'

2022-01-15 08:43:27 - [TEST_STEP][PASSED] - click(findTestObject("Object Repository/Page_Group10 Administration Users Accounts _5007a8/i_Click to enter text_icon fa fa-eye fa-fw")): Object: 'Object Repository/Page_Group10 Administration Users Accounts _5007a8/i_Click to enter text_icon fa fa-eye fa-fw' is clicked on

2022-01-15 08:43:30 - [MESSAGE][PASSED] - Object: 'Object Repository/Page_Group10 Administration Users Accounts _5007a8/i_Click to enter text_icon fa fa-eye fa-fw' is clicked on

2022-01-15 08:43:30 - [TEST_STEP][PASSED] - setText(findTestObject("Object Repository/Page_Group10 Administration Users Accounts _5007a8/input_First name_firstname"), "Nguyen"): Text 'Nguyen' is set on object 'Object Repository/Page_Group10 Administration Users Accounts _5007a8/input_First name_firstname'

2022-01-15 08:43:34 - [MESSAGE][PASSED] - Text 'Nguyen' is set on object 'Object Repository/Page_Group10 Administration Users Accounts _5007a8/input_First name_firstname'

2022-01-15 08:43:34 - [TEST_STEP][PASSED] - setText(findTestObject("Object Repository/Page_Group10 Administration Users Accounts _5007a8/input_Surname_lastname"), "Nga"): Text 'Nga' is set on object 'Object Repository/Page_Group10 Administration Users Accounts _5007a8/input_Surname_lastname'

2022-01-15 08:43:38 - [MESSAGE][PASSED] - Text 'Nga' is set on object 'Object Repository/Page_Group10 Administration Users Accounts _5007a8/input_Surname_lastname'

2022-01-15 08:43:38 - [TEST_STEP][PASSED] - setText(findTestObject("Object Repository/Page_Group10 Administration Users Accounts _5007a8/input_Email address_email"), "coursecreator1@email.com"): Text 'coursecreator1@email.com' is set on object 'Object Repository/Page_Group10 Administration Users Accounts _5007a8/input_Email address_email'

2022-01-15 08:43:42 - [MESSAGE][PASSED] - Text 'coursecreator1@email.com' is set on object 'Object Repository/Page_Group10 Administration Users Accounts _5007a8/input_Email address_email'

2022-01-15 08:43:42 - [TEST_STEP][PASSED] - click(findTestObject("Object Repository/Page_Group10 Administration Users Accounts _5007a8/input_Address_submitbutton")): Object: 'Object Repository/Page_Group10 Administration Users Accounts _5007a8/input_Address_submitbutton' is clicked on

2022-01-15 08:43:45 - [MESSAGE][PASSED] - Object: 'Object Repository/Page_Group10 Administration Users Accounts _5007a8/input_Address_submitbutton' is clicked on

2022-01-15 08:43:45 - [TEST_STEP][PASSED] - click(findTestObject("Object Repository/Page_Group10 Administration Users Permissio_4e74a7/a_Site administration")): Object: 'Object Repository/Page_Group10 Administration Users Permissio_4e74a7/a_Site administration' is clicked on

2022-01-15 08:43:48 - [MESSAGE][PASSED] - Object: 'Object Repository/Page_Group10 Administration Users Permissio_4e74a7/a_Site administration' is clicked on

2022-01-15 08:43:48 - [TEST_STEP][PASSED] - scrollToPosition(0, 0): Browser is scrolled to position x = 0, y = 0

2022-01-15 08:43:48 - [MESSAGE][PASSED] - Browser is scrolled to position x = 0, y = 0

2022-01-15 08:43:48 - [TEST_STEP][PASSED] - click(findTestObject("Object Repository/Page_Group10 Administration Search/a_Users")): Object: 'Object Repository/Page_Group10 Administration Search/a_Users' is clicked on

2022-01-15 08:43:50 - [MESSAGE][PASSED] - Object: 'Object Repository/Page_Group10 Administration Search/a_Users' is clicked on

2022-01-15 08:43:50 - [TEST_STEP][PASSED] - click(findTestObject("Object Repository/Page_Group10 Administration Search/a_Assign system roles")): Object: 'Object Repository/Page_Group10 Administration Search/a_Assign system roles' is clicked on

2022-01-15 08:43:52 - [MESSAGE][PASSED] - Object: 'Object Repository/Page_Group10 Administration Search/a_Assign system roles' is clicked on

2022-01-15 08:43:52 - [TEST_STEP][PASSED] - click(findTestObject("Page_Group10 Administration Users Permissions Assign system roles/a_Course creator")): Object: 'Object Repository/Page_Group10 Administration Users Permissions Assign system roles/a_Course creator' is clicked on

2022-01-15 08:43:55 - [MESSAGE][PASSED] - Object: 'Object Repository/Page_Group10 Administration Users Permissions Assign system roles/a_Course creator' is clicked on

2022-01-15 08:43:55 - [TEST_STEP][PASSED] - click(findTestObject("Page_Group10 Administration Users Permissions Assign system roles/option_Nguyen Nga (coursecreator1email.com)")): Object: 'Object Repository/Page_Group10 Administration Users Permissions Assign system roles/option_Nguyen Nga (coursecreator1email.com)' is clicked on

2022-01-15 08:43:58 - [MESSAGE][PASSED] - Object: 'Object Repository/Page_Group10 Administration Users Permissions Assign system roles/option_Nguyen Nga (coursecreator1email.com)' is clicked on

2022-01-15 08:43:58 - [TEST_STEP][PASSED] - click(findTestObject("Object Repository/Page_Group10 Administration Users Permissio_fb4295/input_Match the search text anywhere in the_89f7b5")): Object: 'Object Repository/Page_Group10 Administration Users Permissio_fb4295/input_Match the search text anywhere in the_89f7b5' is clicked on

2022-01-15 08:44:00 - [MESSAGE][PASSED] - Object: 'Object Repository/Page_Group10 Administration Users Permissio_fb4295/input_Match the search text anywhere in the_89f7b5' is clicked on

2022-01-15 08:44:00 - [TEST_STEP][PASSED] - click(findTestObject("Object Repository/Page_Group10 Administration Users Accounts _9567d5/span_AU")): Object: 'Object Repository/Page_Group10 Administration Users Accounts _9567d5/span_AU' is clicked on

2022-01-15 08:44:03 - [MESSAGE][PASSED] - Object: 'Object Repository/Page_Group10 Administration Users Accounts _9567d5/span_AU' is clicked on

2022-01-15 08:44:03 - [TEST_STEP][PASSED] - click(findTestObject("Object Repository/Page_Group10 Administration Users Accounts _9567d5/a_Log out")): Object: 'Object Repository/Page_Group10 Administration Users Accounts _9567d5/a_Log out' is clicked on

2022-01-15 08:44:05 - [MESSAGE][PASSED] - Object: 'Object Repository/Page_Group10 Administration Users Accounts _9567d5/a_Log out' is clicked on

2022-01-15 08:44:05 - [TEST_STEP][PASSED] - click(findTestObject("Object Repository/Page_Home page/span_Log in")): Object: 'Object Repository/Page_Home page/span_Log in' is clicked on

2022-01-15 08:44:08 - [MESSAGE][PASSED] - Object: 'Object Repository/Page_Home page/span_Log in' is clicked on

2022-01-15 08:44:08 - [TEST_STEP][PASSED] - setText(findTestObject("Object Repository/Page_Home page Log in to the site/input_Username_username"), "coursecreator1"): Text 'coursecreator1' is set on object 'Object Repository/Page_Home page Log in to the site/input_Username_username'

2022-01-15 08:44:13 - [MESSAGE][PASSED] - Text 'coursecreator1' is set on object 'Object Repository/Page_Home page Log in to the site/input_Username_username'

2022-01-15 08:44:13 - [TEST_STEP][PASSED] - setEncryptedText(findTestObject("Page_Home page Log in to the site/input_Password_password (1)"), "OFhcon1PzObx3ErJAwGfGA=="): Text ****** has been set on object 'Object Repository/Page_Home page Log in to the site/input_Password_password (1)'

2022-01-15 08:44:15 - [MESSAGE][PASSED] - Text ****** has been set on object 'Object Repository/Page_Home page Log in to the site/input_Password_password (1)'

2022-01-15 08:44:15 - [TEST_STEP][PASSED] - click(findTestObject("Object Repository/Page_Home page Log in to the site/button_Log in")): Object: 'Object Repository/Page_Home page Log in to the site/button_Log in' is clicked on

2022-01-15 08:44:18 - [MESSAGE][PASSED] - Object: 'Object Repository/Page_Home page Log in to the site/button_Log in' is clicked on

2022-01-15 08:44:18 - [TEST_STEP][PASSED] - click(findTestObject("Object Repository/Page_Dashboard/a_NV")): Object: 'Object Repository/Page_Dashboard/a_NV' is clicked on

2022-01-15 08:44:21 - [MESSAGE][PASSED] - Object: 'Object Repository/Page_Dashboard/a_NV' is clicked on

2022-01-15 08:44:21 - [TEST_STEP][PASSED] - click(findTestObject("Object Repository/Page_Dashboard/a_Log out")): Object: 'Object Repository/Page_Dashboard/a_Log out' is clicked on

2022-01-15 08:44:24 - [MESSAGE][PASSED] - Object: 'Object Repository/Page_Dashboard/a_Log out' is clicked on

2022-01-15 08:44:24 - [TEST_STEP][PASSED] - closeBrowser(): Browser is closed

2022-01-15 08:44:25 - [MESSAGE][PASSED] - Browser is closed]]></system-out>
         <system-err><![CDATA[]]></system-err>
      </testcase>
      <testcase name="Test Cases/Create Teacher" time="33.291" classname="Test Cases/Create Teacher" status="PASSED">
         <system-out><![CDATA[2022-01-15 08:44:25 - [TEST_CASE][PASSED] - Test Cases/Create Teacher: Test Cases/Create Teacher

2022-01-15 08:44:25 - [TEST_STEP][PASSED] - openBrowser(""): Browser is opened with url: ''

2022-01-15 08:44:25 - [MESSAGE][INFO] - Starting 'Edge Chromium' driver

2022-01-15 08:44:26 - [MESSAGE][INFO] - Action delay is set to 0 milliseconds

2022-01-15 08:44:27 - [MESSAGE][PASSED] - Browser is opened with url: ''

2022-01-15 08:44:27 - [TEST_STEP][PASSED] - navigateToUrl("http://localhost/"): Navigate to 'http://localhost/' successfully

2022-01-15 08:44:28 - [MESSAGE][PASSED] - Navigate to 'http://localhost/' successfully

2022-01-15 08:44:28 - [TEST_STEP][PASSED] - click(findTestObject("Object Repository/Page_Home page/a_Log in")): Object: 'Object Repository/Page_Home page/a_Log in' is clicked on

2022-01-15 08:44:29 - [MESSAGE][PASSED] - Object: 'Object Repository/Page_Home page/a_Log in' is clicked on

2022-01-15 08:44:29 - [TEST_STEP][PASSED] - setText(findTestObject("Object Repository/Page_Home page Log in to the site/input_Username_username"), "admin"): Text 'admin' is set on object 'Object Repository/Page_Home page Log in to the site/input_Username_username'

2022-01-15 08:44:29 - [MESSAGE][PASSED] - Text 'admin' is set on object 'Object Repository/Page_Home page Log in to the site/input_Username_username'

2022-01-15 08:44:29 - [TEST_STEP][PASSED] - setEncryptedText(findTestObject("Page_Home page Log in to the site/input_Password_password (1)"), "OFhcon1PzObx3ErJAwGfGA=="): Text ****** has been set on object 'Object Repository/Page_Home page Log in to the site/input_Password_password (1)'

2022-01-15 08:44:30 - [MESSAGE][PASSED] - Text ****** has been set on object 'Object Repository/Page_Home page Log in to the site/input_Password_password (1)'

2022-01-15 08:44:30 - [TEST_STEP][PASSED] - click(findTestObject("Object Repository/Page_Home page Log in to the site/button_Log in")): Object: 'Object Repository/Page_Home page Log in to the site/button_Log in' is clicked on

2022-01-15 08:44:32 - [MESSAGE][PASSED] - Object: 'Object Repository/Page_Home page Log in to the site/button_Log in' is clicked on

2022-01-15 08:44:32 - [TEST_STEP][PASSED] - click(findTestObject("Object Repository/Page_Dashboard/a_Site administration")): Object: 'Object Repository/Page_Dashboard/a_Site administration' is clicked on

2022-01-15 08:44:34 - [MESSAGE][PASSED] - Object: 'Object Repository/Page_Dashboard/a_Site administration' is clicked on

2022-01-15 08:44:34 - [TEST_STEP][PASSED] - click(findTestObject("Object Repository/Page_Group10 Administration Search/a_Users")): Object: 'Object Repository/Page_Group10 Administration Search/a_Users' is clicked on

2022-01-15 08:44:34 - [MESSAGE][PASSED] - Object: 'Object Repository/Page_Group10 Administration Search/a_Users' is clicked on

2022-01-15 08:44:34 - [TEST_STEP][PASSED] - click(findTestObject("Object Repository/Page_Group10 Administration Search/a_Add a new user")): Object: 'Object Repository/Page_Group10 Administration Search/a_Add a new user' is clicked on

2022-01-15 08:44:36 - [MESSAGE][PASSED] - Object: 'Object Repository/Page_Group10 Administration Search/a_Add a new user' is clicked on

2022-01-15 08:44:36 - [TEST_STEP][PASSED] - setText(findTestObject("Object Repository/Page_Group10 Administration Users Accounts _5007a8/input_Username_username"), "teacher1"): Text 'teacher1' is set on object 'Object Repository/Page_Group10 Administration Users Accounts _5007a8/input_Username_username'

2022-01-15 08:44:38 - [MESSAGE][PASSED] - Text 'teacher1' is set on object 'Object Repository/Page_Group10 Administration Users Accounts _5007a8/input_Username_username'

2022-01-15 08:44:38 - [TEST_STEP][PASSED] - click(findTestObject("Object Repository/Page_Group10 Administration Users Accounts _5007a8/em_Click to enter text")): Object: 'Object Repository/Page_Group10 Administration Users Accounts _5007a8/em_Click to enter text' is clicked on

2022-01-15 08:44:38 - [MESSAGE][PASSED] - Object: 'Object Repository/Page_Group10 Administration Users Accounts _5007a8/em_Click to enter text' is clicked on

2022-01-15 08:44:38 - [TEST_STEP][PASSED] - setEncryptedText(findTestObject("Object Repository/Page_Group10 Administration Users Accounts _5007a8/input_New password_newpassword"), "OFhcon1PzObx3ErJAwGfGA=="): Text ****** has been set on object 'Object Repository/Page_Group10 Administration Users Accounts _5007a8/input_New password_newpassword'

2022-01-15 08:44:39 - [MESSAGE][PASSED] - Text ****** has been set on object 'Object Repository/Page_Group10 Administration Users Accounts _5007a8/input_New password_newpassword'

2022-01-15 08:44:39 - [TEST_STEP][PASSED] - click(findTestObject("Object Repository/Page_Group10 Administration Users Accounts _5007a8/i_Click to enter text_icon fa fa-eye fa-fw")): Object: 'Object Repository/Page_Group10 Administration Users Accounts _5007a8/i_Click to enter text_icon fa fa-eye fa-fw' is clicked on

2022-01-15 08:44:39 - [MESSAGE][PASSED] - Object: 'Object Repository/Page_Group10 Administration Users Accounts _5007a8/i_Click to enter text_icon fa fa-eye fa-fw' is clicked on

2022-01-15 08:44:39 - [TEST_STEP][PASSED] - setText(findTestObject("Object Repository/Page_Group10 Administration Users Accounts _5007a8/input_First name_firstname"), "Nguyen"): Text 'Nguyen' is set on object 'Object Repository/Page_Group10 Administration Users Accounts _5007a8/input_First name_firstname'

2022-01-15 08:44:40 - [MESSAGE][PASSED] - Text 'Nguyen' is set on object 'Object Repository/Page_Group10 Administration Users Accounts _5007a8/input_First name_firstname'

2022-01-15 08:44:40 - [TEST_STEP][PASSED] - setText(findTestObject("Object Repository/Page_Group10 Administration Users Accounts _5007a8/input_Surname_lastname"), "Nga"): Text 'Nga' is set on object 'Object Repository/Page_Group10 Administration Users Accounts _5007a8/input_Surname_lastname'

2022-01-15 08:44:41 - [MESSAGE][PASSED] - Text 'Nga' is set on object 'Object Repository/Page_Group10 Administration Users Accounts _5007a8/input_Surname_lastname'

2022-01-15 08:44:41 - [TEST_STEP][PASSED] - setText(findTestObject("Object Repository/Page_Group10 Administration Users Accounts _5007a8/input_Email address_email"), "teacher1@email.com"): Text 'teacher1@email.com' is set on object 'Object Repository/Page_Group10 Administration Users Accounts _5007a8/input_Email address_email'

2022-01-15 08:44:42 - [MESSAGE][PASSED] - Text 'teacher1@email.com' is set on object 'Object Repository/Page_Group10 Administration Users Accounts _5007a8/input_Email address_email'

2022-01-15 08:44:42 - [TEST_STEP][PASSED] - click(findTestObject("Object Repository/Page_Group10 Administration Users Accounts _5007a8/input_Address_submitbutton")): Object: 'Object Repository/Page_Group10 Administration Users Accounts _5007a8/input_Address_submitbutton' is clicked on

2022-01-15 08:44:44 - [MESSAGE][PASSED] - Object: 'Object Repository/Page_Group10 Administration Users Accounts _5007a8/input_Address_submitbutton' is clicked on

2022-01-15 08:44:44 - [TEST_STEP][PASSED] - click(findTestObject("Object Repository/Page_Group10 Administration Users Permissio_4e74a7/a_Site administration")): Object: 'Object Repository/Page_Group10 Administration Users Permissio_4e74a7/a_Site administration' is clicked on

2022-01-15 08:44:45 - [MESSAGE][PASSED] - Object: 'Object Repository/Page_Group10 Administration Users Permissio_4e74a7/a_Site administration' is clicked on

2022-01-15 08:44:46 - [TEST_STEP][PASSED] - scrollToPosition(0, 0): Browser is scrolled to position x = 0, y = 0

2022-01-15 08:44:46 - [MESSAGE][PASSED] - Browser is scrolled to position x = 0, y = 0

2022-01-15 08:44:46 - [TEST_STEP][PASSED] - click(findTestObject("Object Repository/Page_Group10 Administration Search/a_Users")): Object: 'Object Repository/Page_Group10 Administration Search/a_Users' is clicked on

2022-01-15 08:44:46 - [MESSAGE][PASSED] - Object: 'Object Repository/Page_Group10 Administration Search/a_Users' is clicked on

2022-01-15 08:44:46 - [TEST_STEP][PASSED] - click(findTestObject("Object Repository/Page_Group10 Administration Search/a_Assign system roles")): Object: 'Object Repository/Page_Group10 Administration Search/a_Assign system roles' is clicked on

2022-01-15 08:44:47 - [MESSAGE][PASSED] - Object: 'Object Repository/Page_Group10 Administration Search/a_Assign system roles' is clicked on

2022-01-15 08:44:47 - [TEST_STEP][PASSED] - click(findTestObject("Page_Group10 Administration Users Permissions Assign system roles/a_Teacher")): Object: 'Object Repository/Page_Group10 Administration Users Permissions Assign system roles/a_Teacher' is clicked on

2022-01-15 08:44:48 - [MESSAGE][PASSED] - Object: 'Object Repository/Page_Group10 Administration Users Permissions Assign system roles/a_Teacher' is clicked on

2022-01-15 08:44:48 - [TEST_STEP][PASSED] - click(findTestObject("Page_Group10 Administration Users Permissions Assign system roles/option_Nguyen Nga (teacher1email.com)")): Object: 'Object Repository/Page_Group10 Administration Users Permissions Assign system roles/option_Nguyen Nga (teacher1email.com)' is clicked on

2022-01-15 08:44:49 - [MESSAGE][PASSED] - Object: 'Object Repository/Page_Group10 Administration Users Permissions Assign system roles/option_Nguyen Nga (teacher1email.com)' is clicked on

2022-01-15 08:44:49 - [TEST_STEP][PASSED] - click(findTestObject("Object Repository/Page_Group10 Administration Users Permissio_fb4295/input_Match the search text anywhere in the_89f7b5")): Object: 'Object Repository/Page_Group10 Administration Users Permissio_fb4295/input_Match the search text anywhere in the_89f7b5' is clicked on

2022-01-15 08:44:50 - [MESSAGE][PASSED] - Object: 'Object Repository/Page_Group10 Administration Users Permissio_fb4295/input_Match the search text anywhere in the_89f7b5' is clicked on

2022-01-15 08:44:50 - [TEST_STEP][PASSED] - click(findTestObject("Object Repository/Page_Group10 Administration Users Accounts _9567d5/span_AU")): Object: 'Object Repository/Page_Group10 Administration Users Accounts _9567d5/span_AU' is clicked on

2022-01-15 08:44:51 - [MESSAGE][PASSED] - Object: 'Object Repository/Page_Group10 Administration Users Accounts _9567d5/span_AU' is clicked on

2022-01-15 08:44:51 - [TEST_STEP][PASSED] - click(findTestObject("Object Repository/Page_Group10 Administration Users Accounts _9567d5/a_Log out")): Object: 'Object Repository/Page_Group10 Administration Users Accounts _9567d5/a_Log out' is clicked on

2022-01-15 08:44:52 - [MESSAGE][PASSED] - Object: 'Object Repository/Page_Group10 Administration Users Accounts _9567d5/a_Log out' is clicked on

2022-01-15 08:44:52 - [TEST_STEP][PASSED] - click(findTestObject("Object Repository/Page_Home page/span_Log in")): Object: 'Object Repository/Page_Home page/span_Log in' is clicked on

2022-01-15 08:44:53 - [MESSAGE][PASSED] - Object: 'Object Repository/Page_Home page/span_Log in' is clicked on

2022-01-15 08:44:53 - [TEST_STEP][PASSED] - setText(findTestObject("Object Repository/Page_Home page Log in to the site/input_Username_username"), "teacher1"): Text 'teacher1' is set on object 'Object Repository/Page_Home page Log in to the site/input_Username_username'

2022-01-15 08:44:54 - [MESSAGE][PASSED] - Text 'teacher1' is set on object 'Object Repository/Page_Home page Log in to the site/input_Username_username'

2022-01-15 08:44:54 - [TEST_STEP][PASSED] - setEncryptedText(findTestObject("Page_Home page Log in to the site/input_Password_password (1)"), "OFhcon1PzObx3ErJAwGfGA=="): Text ****** has been set on object 'Object Repository/Page_Home page Log in to the site/input_Password_password (1)'

2022-01-15 08:44:54 - [MESSAGE][PASSED] - Text ****** has been set on object 'Object Repository/Page_Home page Log in to the site/input_Password_password (1)'

2022-01-15 08:44:54 - [TEST_STEP][PASSED] - click(findTestObject("Object Repository/Page_Home page Log in to the site/button_Log in")): Object: 'Object Repository/Page_Home page Log in to the site/button_Log in' is clicked on

2022-01-15 08:44:56 - [MESSAGE][PASSED] - Object: 'Object Repository/Page_Home page Log in to the site/button_Log in' is clicked on

2022-01-15 08:44:56 - [TEST_STEP][PASSED] - click(findTestObject("Object Repository/Page_Dashboard/a_NV")): Object: 'Object Repository/Page_Dashboard/a_NV' is clicked on

2022-01-15 08:44:56 - [MESSAGE][PASSED] - Object: 'Object Repository/Page_Dashboard/a_NV' is clicked on

2022-01-15 08:44:56 - [TEST_STEP][PASSED] - click(findTestObject("Object Repository/Page_Dashboard/a_Log out")): Object: 'Object Repository/Page_Dashboard/a_Log out' is clicked on

2022-01-15 08:44:57 - [MESSAGE][PASSED] - Object: 'Object Repository/Page_Dashboard/a_Log out' is clicked on

2022-01-15 08:44:57 - [TEST_STEP][PASSED] - closeBrowser(): Browser is closed

2022-01-15 08:44:58 - [MESSAGE][PASSED] - Browser is closed]]></system-out>
         <system-err><![CDATA[]]></system-err>
      </testcase>
      <testcase name="Test Cases/Create nonediting teacher" time="33.719" classname="Test Cases/Create nonediting teacher" status="PASSED">
         <system-out><![CDATA[2022-01-15 08:44:58 - [TEST_CASE][PASSED] - Test Cases/Create nonediting teacher: Test Cases/Create nonediting teacher

2022-01-15 08:44:59 - [TEST_STEP][PASSED] - openBrowser(""): Browser is opened with url: ''

2022-01-15 08:44:59 - [MESSAGE][INFO] - Starting 'Edge Chromium' driver

2022-01-15 08:44:59 - [MESSAGE][INFO] - Action delay is set to 0 milliseconds

2022-01-15 08:45:00 - [MESSAGE][PASSED] - Browser is opened with url: ''

2022-01-15 08:45:00 - [TEST_STEP][PASSED] - navigateToUrl("http://localhost/"): Navigate to 'http://localhost/' successfully

2022-01-15 08:45:01 - [MESSAGE][PASSED] - Navigate to 'http://localhost/' successfully

2022-01-15 08:45:01 - [TEST_STEP][PASSED] - click(findTestObject("Object Repository/Page_Home page/a_Log in")): Object: 'Object Repository/Page_Home page/a_Log in' is clicked on

2022-01-15 08:45:02 - [MESSAGE][PASSED] - Object: 'Object Repository/Page_Home page/a_Log in' is clicked on

2022-01-15 08:45:02 - [TEST_STEP][PASSED] - setText(findTestObject("Object Repository/Page_Home page Log in to the site/input_Username_username"), "admin"): Text 'admin' is set on object 'Object Repository/Page_Home page Log in to the site/input_Username_username'

2022-01-15 08:45:03 - [MESSAGE][PASSED] - Text 'admin' is set on object 'Object Repository/Page_Home page Log in to the site/input_Username_username'

2022-01-15 08:45:03 - [TEST_STEP][PASSED] - setEncryptedText(findTestObject("Page_Home page Log in to the site/input_Password_password (1)"), "OFhcon1PzObx3ErJAwGfGA=="): Text ****** has been set on object 'Object Repository/Page_Home page Log in to the site/input_Password_password (1)'

2022-01-15 08:45:04 - [MESSAGE][PASSED] - Text ****** has been set on object 'Object Repository/Page_Home page Log in to the site/input_Password_password (1)'

2022-01-15 08:45:04 - [TEST_STEP][PASSED] - click(findTestObject("Object Repository/Page_Home page Log in to the site/button_Log in")): Object: 'Object Repository/Page_Home page Log in to the site/button_Log in' is clicked on

2022-01-15 08:45:05 - [MESSAGE][PASSED] - Object: 'Object Repository/Page_Home page Log in to the site/button_Log in' is clicked on

2022-01-15 08:45:05 - [TEST_STEP][PASSED] - click(findTestObject("Object Repository/Page_Dashboard/a_Site administration")): Object: 'Object Repository/Page_Dashboard/a_Site administration' is clicked on

2022-01-15 08:45:07 - [MESSAGE][PASSED] - Object: 'Object Repository/Page_Dashboard/a_Site administration' is clicked on

2022-01-15 08:45:07 - [TEST_STEP][PASSED] - click(findTestObject("Object Repository/Page_Group10 Administration Search/a_Users")): Object: 'Object Repository/Page_Group10 Administration Search/a_Users' is clicked on

2022-01-15 08:45:08 - [MESSAGE][PASSED] - Object: 'Object Repository/Page_Group10 Administration Search/a_Users' is clicked on

2022-01-15 08:45:08 - [TEST_STEP][PASSED] - click(findTestObject("Object Repository/Page_Group10 Administration Search/a_Add a new user")): Object: 'Object Repository/Page_Group10 Administration Search/a_Add a new user' is clicked on

2022-01-15 08:45:10 - [MESSAGE][PASSED] - Object: 'Object Repository/Page_Group10 Administration Search/a_Add a new user' is clicked on

2022-01-15 08:45:10 - [TEST_STEP][PASSED] - setText(findTestObject("Object Repository/Page_Group10 Administration Users Accounts _5007a8/input_Username_username"), "noneditingteacher1"): Text 'noneditingteacher1' is set on object 'Object Repository/Page_Group10 Administration Users Accounts _5007a8/input_Username_username'

2022-01-15 08:45:11 - [MESSAGE][PASSED] - Text 'noneditingteacher1' is set on object 'Object Repository/Page_Group10 Administration Users Accounts _5007a8/input_Username_username'

2022-01-15 08:45:11 - [TEST_STEP][PASSED] - click(findTestObject("Object Repository/Page_Group10 Administration Users Accounts _5007a8/em_Click to enter text")): Object: 'Object Repository/Page_Group10 Administration Users Accounts _5007a8/em_Click to enter text' is clicked on

2022-01-15 08:45:12 - [MESSAGE][PASSED] - Object: 'Object Repository/Page_Group10 Administration Users Accounts _5007a8/em_Click to enter text' is clicked on

2022-01-15 08:45:12 - [TEST_STEP][PASSED] - setEncryptedText(findTestObject("Object Repository/Page_Group10 Administration Users Accounts _5007a8/input_New password_newpassword"), "OFhcon1PzObx3ErJAwGfGA=="): Text ****** has been set on object 'Object Repository/Page_Group10 Administration Users Accounts _5007a8/input_New password_newpassword'

2022-01-15 08:45:12 - [MESSAGE][PASSED] - Text ****** has been set on object 'Object Repository/Page_Group10 Administration Users Accounts _5007a8/input_New password_newpassword'

2022-01-15 08:45:12 - [TEST_STEP][PASSED] - click(findTestObject("Object Repository/Page_Group10 Administration Users Accounts _5007a8/i_Click to enter text_icon fa fa-eye fa-fw")): Object: 'Object Repository/Page_Group10 Administration Users Accounts _5007a8/i_Click to enter text_icon fa fa-eye fa-fw' is clicked on

2022-01-15 08:45:13 - [MESSAGE][PASSED] - Object: 'Object Repository/Page_Group10 Administration Users Accounts _5007a8/i_Click to enter text_icon fa fa-eye fa-fw' is clicked on

2022-01-15 08:45:13 - [TEST_STEP][PASSED] - setText(findTestObject("Object Repository/Page_Group10 Administration Users Accounts _5007a8/input_First name_firstname"), "Tran"): Text 'Tran' is set on object 'Object Repository/Page_Group10 Administration Users Accounts _5007a8/input_First name_firstname'

2022-01-15 08:45:14 - [MESSAGE][PASSED] - Text 'Tran' is set on object 'Object Repository/Page_Group10 Administration Users Accounts _5007a8/input_First name_firstname'

2022-01-15 08:45:14 - [TEST_STEP][PASSED] - setText(findTestObject("Object Repository/Page_Group10 Administration Users Accounts _5007a8/input_Surname_lastname"), "Lam"): Text 'Lam' is set on object 'Object Repository/Page_Group10 Administration Users Accounts _5007a8/input_Surname_lastname'

2022-01-15 08:45:15 - [MESSAGE][PASSED] - Text 'Lam' is set on object 'Object Repository/Page_Group10 Administration Users Accounts _5007a8/input_Surname_lastname'

2022-01-15 08:45:15 - [TEST_STEP][PASSED] - setText(findTestObject("Object Repository/Page_Group10 Administration Users Accounts _5007a8/input_Email address_email"), "noneditingteacher1@email.com"): Text 'noneditingteacher1@email.com' is set on object 'Object Repository/Page_Group10 Administration Users Accounts _5007a8/input_Email address_email'

2022-01-15 08:45:15 - [MESSAGE][PASSED] - Text 'noneditingteacher1@email.com' is set on object 'Object Repository/Page_Group10 Administration Users Accounts _5007a8/input_Email address_email'

2022-01-15 08:45:15 - [TEST_STEP][PASSED] - click(findTestObject("Object Repository/Page_Group10 Administration Users Accounts _5007a8/input_Address_submitbutton")): Object: 'Object Repository/Page_Group10 Administration Users Accounts _5007a8/input_Address_submitbutton' is clicked on

2022-01-15 08:45:17 - [MESSAGE][PASSED] - Object: 'Object Repository/Page_Group10 Administration Users Accounts _5007a8/input_Address_submitbutton' is clicked on

2022-01-15 08:45:17 - [TEST_STEP][PASSED] - click(findTestObject("Object Repository/Page_Group10 Administration Users Permissio_4e74a7/a_Site administration")): Object: 'Object Repository/Page_Group10 Administration Users Permissio_4e74a7/a_Site administration' is clicked on

2022-01-15 08:45:19 - [MESSAGE][PASSED] - Object: 'Object Repository/Page_Group10 Administration Users Permissio_4e74a7/a_Site administration' is clicked on

2022-01-15 08:45:19 - [TEST_STEP][PASSED] - scrollToPosition(0, 0): Browser is scrolled to position x = 0, y = 0

2022-01-15 08:45:19 - [MESSAGE][PASSED] - Browser is scrolled to position x = 0, y = 0

2022-01-15 08:45:19 - [TEST_STEP][PASSED] - click(findTestObject("Object Repository/Page_Group10 Administration Search/a_Users")): Object: 'Object Repository/Page_Group10 Administration Search/a_Users' is clicked on

2022-01-15 08:45:19 - [MESSAGE][PASSED] - Object: 'Object Repository/Page_Group10 Administration Search/a_Users' is clicked on

2022-01-15 08:45:19 - [TEST_STEP][PASSED] - click(findTestObject("Object Repository/Page_Group10 Administration Search/a_Assign system roles")): Object: 'Object Repository/Page_Group10 Administration Search/a_Assign system roles' is clicked on

2022-01-15 08:45:20 - [MESSAGE][PASSED] - Object: 'Object Repository/Page_Group10 Administration Search/a_Assign system roles' is clicked on

2022-01-15 08:45:20 - [TEST_STEP][PASSED] - click(findTestObject("Page_Group10 Administration Users Permissions Assign system roles/a_Non-editing teacher")): Object: 'Object Repository/Page_Group10 Administration Users Permissions Assign system roles/a_Non-editing teacher' is clicked on

2022-01-15 08:45:22 - [MESSAGE][PASSED] - Object: 'Object Repository/Page_Group10 Administration Users Permissions Assign system roles/a_Non-editing teacher' is clicked on

2022-01-15 08:45:22 - [TEST_STEP][PASSED] - click(findTestObject("Page_Group10 Administration Users Permissions Assign system roles/option_Tran Lam (noneditingteacher1email.com)")): Object: 'Object Repository/Page_Group10 Administration Users Permissions Assign system roles/option_Tran Lam (noneditingteacher1email.com)' is clicked on

2022-01-15 08:45:22 - [MESSAGE][PASSED] - Object: 'Object Repository/Page_Group10 Administration Users Permissions Assign system roles/option_Tran Lam (noneditingteacher1email.com)' is clicked on

2022-01-15 08:45:22 - [TEST_STEP][PASSED] - click(findTestObject("Object Repository/Page_Group10 Administration Users Permissio_fb4295/input_Match the search text anywhere in the_89f7b5")): Object: 'Object Repository/Page_Group10 Administration Users Permissio_fb4295/input_Match the search text anywhere in the_89f7b5' is clicked on

2022-01-15 08:45:24 - [MESSAGE][PASSED] - Object: 'Object Repository/Page_Group10 Administration Users Permissio_fb4295/input_Match the search text anywhere in the_89f7b5' is clicked on

2022-01-15 08:45:24 - [TEST_STEP][PASSED] - click(findTestObject("Object Repository/Page_Group10 Administration Users Accounts _9567d5/span_AU")): Object: 'Object Repository/Page_Group10 Administration Users Accounts _9567d5/span_AU' is clicked on

2022-01-15 08:45:25 - [MESSAGE][PASSED] - Object: 'Object Repository/Page_Group10 Administration Users Accounts _9567d5/span_AU' is clicked on

2022-01-15 08:45:25 - [TEST_STEP][PASSED] - click(findTestObject("Object Repository/Page_Group10 Administration Users Accounts _9567d5/a_Log out")): Object: 'Object Repository/Page_Group10 Administration Users Accounts _9567d5/a_Log out' is clicked on

2022-01-15 08:45:26 - [MESSAGE][PASSED] - Object: 'Object Repository/Page_Group10 Administration Users Accounts _9567d5/a_Log out' is clicked on

2022-01-15 08:45:26 - [TEST_STEP][PASSED] - click(findTestObject("Object Repository/Page_Home page/span_Log in")): Object: 'Object Repository/Page_Home page/span_Log in' is clicked on

2022-01-15 08:45:27 - [MESSAGE][PASSED] - Object: 'Object Repository/Page_Home page/span_Log in' is clicked on

2022-01-15 08:45:27 - [TEST_STEP][PASSED] - setText(findTestObject("Object Repository/Page_Home page Log in to the site/input_Username_username"), "noneditingteacher1"): Text 'noneditingteacher1' is set on object 'Object Repository/Page_Home page Log in to the site/input_Username_username'

2022-01-15 08:45:28 - [MESSAGE][PASSED] - Text 'noneditingteacher1' is set on object 'Object Repository/Page_Home page Log in to the site/input_Username_username'

2022-01-15 08:45:28 - [TEST_STEP][PASSED] - setEncryptedText(findTestObject("Page_Home page Log in to the site/input_Password_password (1)"), "OFhcon1PzObx3ErJAwGfGA=="): Text ****** has been set on object 'Object Repository/Page_Home page Log in to the site/input_Password_password (1)'

2022-01-15 08:45:28 - [MESSAGE][PASSED] - Text ****** has been set on object 'Object Repository/Page_Home page Log in to the site/input_Password_password (1)'

2022-01-15 08:45:28 - [TEST_STEP][PASSED] - click(findTestObject("Object Repository/Page_Home page Log in to the site/button_Log in")): Object: 'Object Repository/Page_Home page Log in to the site/button_Log in' is clicked on

2022-01-15 08:45:30 - [MESSAGE][PASSED] - Object: 'Object Repository/Page_Home page Log in to the site/button_Log in' is clicked on

2022-01-15 08:45:30 - [TEST_STEP][PASSED] - click(findTestObject("Object Repository/Page_Dashboard/a_NV")): Object: 'Object Repository/Page_Dashboard/a_NV' is clicked on

2022-01-15 08:45:30 - [MESSAGE][PASSED] - Object: 'Object Repository/Page_Dashboard/a_NV' is clicked on

2022-01-15 08:45:30 - [TEST_STEP][PASSED] - click(findTestObject("Object Repository/Page_Dashboard/a_Log out")): Object: 'Object Repository/Page_Dashboard/a_Log out' is clicked on

2022-01-15 08:45:31 - [MESSAGE][PASSED] - Object: 'Object Repository/Page_Dashboard/a_Log out' is clicked on

2022-01-15 08:45:31 - [TEST_STEP][PASSED] - closeBrowser(): Browser is closed

2022-01-15 08:45:32 - [MESSAGE][PASSED] - Browser is closed]]></system-out>
         <system-err><![CDATA[]]></system-err>
      </testcase>
      <testcase name="Test Cases/Create Student" time="33.295" classname="Test Cases/Create Student" status="PASSED">
         <system-out><![CDATA[2022-01-15 08:45:32 - [TEST_CASE][PASSED] - Test Cases/Create Student: Test Cases/Create Student

2022-01-15 08:45:32 - [TEST_STEP][PASSED] - openBrowser(""): Browser is opened with url: ''

2022-01-15 08:45:32 - [MESSAGE][INFO] - Starting 'Edge Chromium' driver

2022-01-15 08:45:33 - [MESSAGE][INFO] - Action delay is set to 0 milliseconds

2022-01-15 08:45:34 - [MESSAGE][PASSED] - Browser is opened with url: ''

2022-01-15 08:45:34 - [TEST_STEP][PASSED] - navigateToUrl("http://localhost/"): Navigate to 'http://localhost/' successfully

2022-01-15 08:45:35 - [MESSAGE][PASSED] - Navigate to 'http://localhost/' successfully

2022-01-15 08:45:35 - [TEST_STEP][PASSED] - click(findTestObject("Object Repository/Page_Home page/a_Log in")): Object: 'Object Repository/Page_Home page/a_Log in' is clicked on

2022-01-15 08:45:36 - [MESSAGE][PASSED] - Object: 'Object Repository/Page_Home page/a_Log in' is clicked on

2022-01-15 08:45:36 - [TEST_STEP][PASSED] - setText(findTestObject("Object Repository/Page_Home page Log in to the site/input_Username_username"), "admin"): Text 'admin' is set on object 'Object Repository/Page_Home page Log in to the site/input_Username_username'

2022-01-15 08:45:37 - [MESSAGE][PASSED] - Text 'admin' is set on object 'Object Repository/Page_Home page Log in to the site/input_Username_username'

2022-01-15 08:45:37 - [TEST_STEP][PASSED] - setEncryptedText(findTestObject("Page_Home page Log in to the site/input_Password_password (1)"), "OFhcon1PzObx3ErJAwGfGA=="): Text ****** has been set on object 'Object Repository/Page_Home page Log in to the site/input_Password_password (1)'

2022-01-15 08:45:37 - [MESSAGE][PASSED] - Text ****** has been set on object 'Object Repository/Page_Home page Log in to the site/input_Password_password (1)'

2022-01-15 08:45:37 - [TEST_STEP][PASSED] - click(findTestObject("Object Repository/Page_Home page Log in to the site/button_Log in")): Object: 'Object Repository/Page_Home page Log in to the site/button_Log in' is clicked on

2022-01-15 08:45:39 - [MESSAGE][PASSED] - Object: 'Object Repository/Page_Home page Log in to the site/button_Log in' is clicked on

2022-01-15 08:45:39 - [TEST_STEP][PASSED] - click(findTestObject("Object Repository/Page_Dashboard/a_Site administration")): Object: 'Object Repository/Page_Dashboard/a_Site administration' is clicked on

2022-01-15 08:45:41 - [MESSAGE][PASSED] - Object: 'Object Repository/Page_Dashboard/a_Site administration' is clicked on

2022-01-15 08:45:41 - [TEST_STEP][PASSED] - scrollToPosition(0, 0): Browser is scrolled to position x = 0, y = 0

2022-01-15 08:45:41 - [MESSAGE][PASSED] - Browser is scrolled to position x = 0, y = 0

2022-01-15 08:45:41 - [TEST_STEP][PASSED] - click(findTestObject("Object Repository/Page_Group10 Administration Search/a_Users")): Object: 'Object Repository/Page_Group10 Administration Search/a_Users' is clicked on

2022-01-15 08:45:41 - [MESSAGE][PASSED] - Object: 'Object Repository/Page_Group10 Administration Search/a_Users' is clicked on

2022-01-15 08:45:41 - [TEST_STEP][PASSED] - click(findTestObject("Object Repository/Page_Group10 Administration Search/a_Add a new user")): Object: 'Object Repository/Page_Group10 Administration Search/a_Add a new user' is clicked on

2022-01-15 08:45:43 - [MESSAGE][PASSED] - Object: 'Object Repository/Page_Group10 Administration Search/a_Add a new user' is clicked on

2022-01-15 08:45:43 - [TEST_STEP][PASSED] - setText(findTestObject("Object Repository/Page_Group10 Administration Users Accounts _5007a8/input_Username_username"), "student1"): Text 'student1' is set on object 'Object Repository/Page_Group10 Administration Users Accounts _5007a8/input_Username_username'

2022-01-15 08:45:44 - [MESSAGE][PASSED] - Text 'student1' is set on object 'Object Repository/Page_Group10 Administration Users Accounts _5007a8/input_Username_username'

2022-01-15 08:45:44 - [TEST_STEP][PASSED] - click(findTestObject("Object Repository/Page_Group10 Administration Users Accounts _5007a8/em_Click to enter text")): Object: 'Object Repository/Page_Group10 Administration Users Accounts _5007a8/em_Click to enter text' is clicked on

2022-01-15 08:45:45 - [MESSAGE][PASSED] - Object: 'Object Repository/Page_Group10 Administration Users Accounts _5007a8/em_Click to enter text' is clicked on

2022-01-15 08:45:45 - [TEST_STEP][PASSED] - setEncryptedText(findTestObject("Object Repository/Page_Group10 Administration Users Accounts _5007a8/input_New password_newpassword"), "9ExR24d8uBTe5Y0Xu9Ji6w=="): Text ****** has been set on object 'Object Repository/Page_Group10 Administration Users Accounts _5007a8/input_New password_newpassword'

2022-01-15 08:45:46 - [MESSAGE][PASSED] - Text ****** has been set on object 'Object Repository/Page_Group10 Administration Users Accounts _5007a8/input_New password_newpassword'

2022-01-15 08:45:46 - [TEST_STEP][PASSED] - click(findTestObject("Object Repository/Page_Group10 Administration Users Accounts _5007a8/i_Click to enter text_icon fa fa-eye fa-fw")): Object: 'Object Repository/Page_Group10 Administration Users Accounts _5007a8/i_Click to enter text_icon fa fa-eye fa-fw' is clicked on

2022-01-15 08:45:46 - [MESSAGE][PASSED] - Object: 'Object Repository/Page_Group10 Administration Users Accounts _5007a8/i_Click to enter text_icon fa fa-eye fa-fw' is clicked on

2022-01-15 08:45:46 - [TEST_STEP][PASSED] - setText(findTestObject("Object Repository/Page_Group10 Administration Users Accounts _5007a8/input_First name_firstname"), "Nguyen"): Text 'Nguyen' is set on object 'Object Repository/Page_Group10 Administration Users Accounts _5007a8/input_First name_firstname'

2022-01-15 08:45:47 - [MESSAGE][PASSED] - Text 'Nguyen' is set on object 'Object Repository/Page_Group10 Administration Users Accounts _5007a8/input_First name_firstname'

2022-01-15 08:45:47 - [TEST_STEP][PASSED] - setText(findTestObject("Object Repository/Page_Group10 Administration Users Accounts _5007a8/input_Surname_lastname"), "Hoa"): Text 'Hoa' is set on object 'Object Repository/Page_Group10 Administration Users Accounts _5007a8/input_Surname_lastname'

2022-01-15 08:45:48 - [MESSAGE][PASSED] - Text 'Hoa' is set on object 'Object Repository/Page_Group10 Administration Users Accounts _5007a8/input_Surname_lastname'

2022-01-15 08:45:48 - [TEST_STEP][PASSED] - setText(findTestObject("Object Repository/Page_Group10 Administration Users Accounts _5007a8/input_Email address_email"), "student1@email.com"): Text 'student1@email.com' is set on object 'Object Repository/Page_Group10 Administration Users Accounts _5007a8/input_Email address_email'

2022-01-15 08:45:49 - [MESSAGE][PASSED] - Text 'student1@email.com' is set on object 'Object Repository/Page_Group10 Administration Users Accounts _5007a8/input_Email address_email'

2022-01-15 08:45:49 - [TEST_STEP][PASSED] - click(findTestObject("Object Repository/Page_Group10 Administration Users Accounts _5007a8/input_Address_submitbutton")): Object: 'Object Repository/Page_Group10 Administration Users Accounts _5007a8/input_Address_submitbutton' is clicked on

2022-01-15 08:45:51 - [MESSAGE][PASSED] - Object: 'Object Repository/Page_Group10 Administration Users Accounts _5007a8/input_Address_submitbutton' is clicked on

2022-01-15 08:45:51 - [TEST_STEP][PASSED] - click(findTestObject("Object Repository/Page_Group10 Administration Users Accounts _9567d5/span_AU")): Object: 'Object Repository/Page_Group10 Administration Users Accounts _9567d5/span_AU' is clicked on

2022-01-15 08:45:51 - [MESSAGE][PASSED] - Object: 'Object Repository/Page_Group10 Administration Users Accounts _9567d5/span_AU' is clicked on

2022-01-15 08:45:51 - [TEST_STEP][PASSED] - click(findTestObject("Object Repository/Page_Group10 Administration Users Permissio_4e74a7/a_Site administration")): Object: 'Object Repository/Page_Group10 Administration Users Permissio_4e74a7/a_Site administration' is clicked on

2022-01-15 08:45:53 - [MESSAGE][PASSED] - Object: 'Object Repository/Page_Group10 Administration Users Permissio_4e74a7/a_Site administration' is clicked on

2022-01-15 08:45:53 - [TEST_STEP][PASSED] - scrollToPosition(0, 0): Browser is scrolled to position x = 0, y = 0

2022-01-15 08:45:53 - [MESSAGE][PASSED] - Browser is scrolled to position x = 0, y = 0

2022-01-15 08:45:53 - [TEST_STEP][PASSED] - click(findTestObject("Object Repository/Page_Group10 Administration Search/a_Users")): Object: 'Object Repository/Page_Group10 Administration Search/a_Users' is clicked on

2022-01-15 08:45:54 - [MESSAGE][PASSED] - Object: 'Object Repository/Page_Group10 Administration Search/a_Users' is clicked on

2022-01-15 08:45:54 - [TEST_STEP][PASSED] - click(findTestObject("Object Repository/Page_Group10 Administration Search/a_Assign system roles")): Object: 'Object Repository/Page_Group10 Administration Search/a_Assign system roles' is clicked on

2022-01-15 08:45:55 - [MESSAGE][PASSED] - Object: 'Object Repository/Page_Group10 Administration Search/a_Assign system roles' is clicked on

2022-01-15 08:45:55 - [TEST_STEP][PASSED] - click(findTestObject("Page_Group10 Administration Users Permissions Assign system roles/a_Student")): Object: 'Object Repository/Page_Group10 Administration Users Permissions Assign system roles/a_Student' is clicked on

2022-01-15 08:45:56 - [MESSAGE][PASSED] - Object: 'Object Repository/Page_Group10 Administration Users Permissions Assign system roles/a_Student' is clicked on

2022-01-15 08:45:56 - [TEST_STEP][PASSED] - click(findTestObject("Page_Group10 Administration Users Permissions Assign system roles/option_Nguyen Hoa (student1email.com)")): Object: 'Object Repository/Page_Group10 Administration Users Permissions Assign system roles/option_Nguyen Hoa (student1email.com)' is clicked on

2022-01-15 08:45:56 - [MESSAGE][PASSED] - Object: 'Object Repository/Page_Group10 Administration Users Permissions Assign system roles/option_Nguyen Hoa (student1email.com)' is clicked on

2022-01-15 08:45:56 - [TEST_STEP][PASSED] - click(findTestObject("Object Repository/Page_Group10 Administration Users Permissio_fb4295/input_Match the search text anywhere in the_89f7b5")): Object: 'Object Repository/Page_Group10 Administration Users Permissio_fb4295/input_Match the search text anywhere in the_89f7b5' is clicked on

2022-01-15 08:45:58 - [MESSAGE][PASSED] - Object: 'Object Repository/Page_Group10 Administration Users Permissio_fb4295/input_Match the search text anywhere in the_89f7b5' is clicked on

2022-01-15 08:45:58 - [TEST_STEP][PASSED] - click(findTestObject("Object Repository/Page_Group10 Administration Users Accounts _9567d5/span_AU")): Object: 'Object Repository/Page_Group10 Administration Users Accounts _9567d5/span_AU' is clicked on

2022-01-15 08:45:59 - [MESSAGE][PASSED] - Object: 'Object Repository/Page_Group10 Administration Users Accounts _9567d5/span_AU' is clicked on

2022-01-15 08:45:59 - [TEST_STEP][PASSED] - click(findTestObject("Object Repository/Page_Group10 Administration Users Accounts _9567d5/a_Log out")): Object: 'Object Repository/Page_Group10 Administration Users Accounts _9567d5/a_Log out' is clicked on

2022-01-15 08:45:59 - [MESSAGE][PASSED] - Object: 'Object Repository/Page_Group10 Administration Users Accounts _9567d5/a_Log out' is clicked on

2022-01-15 08:45:59 - [TEST_STEP][PASSED] - click(findTestObject("Object Repository/Page_Home page/span_Log in")): Object: 'Object Repository/Page_Home page/span_Log in' is clicked on

2022-01-15 08:46:00 - [MESSAGE][PASSED] - Object: 'Object Repository/Page_Home page/span_Log in' is clicked on

2022-01-15 08:46:00 - [TEST_STEP][PASSED] - setText(findTestObject("Object Repository/Page_Home page Log in to the site/input_Username_username"), "student1"): Text 'student1' is set on object 'Object Repository/Page_Home page Log in to the site/input_Username_username'

2022-01-15 08:46:01 - [MESSAGE][PASSED] - Text 'student1' is set on object 'Object Repository/Page_Home page Log in to the site/input_Username_username'

2022-01-15 08:46:01 - [TEST_STEP][PASSED] - setEncryptedText(findTestObject("Page_Home page Log in to the site/input_Password_password (1)"), "9ExR24d8uBTe5Y0Xu9Ji6w=="): Text ****** has been set on object 'Object Repository/Page_Home page Log in to the site/input_Password_password (1)'

2022-01-15 08:46:01 - [MESSAGE][PASSED] - Text ****** has been set on object 'Object Repository/Page_Home page Log in to the site/input_Password_password (1)'

2022-01-15 08:46:01 - [TEST_STEP][PASSED] - click(findTestObject("Object Repository/Page_Home page Log in to the site/button_Log in")): Object: 'Object Repository/Page_Home page Log in to the site/button_Log in' is clicked on

2022-01-15 08:46:03 - [MESSAGE][PASSED] - Object: 'Object Repository/Page_Home page Log in to the site/button_Log in' is clicked on

2022-01-15 08:46:03 - [TEST_STEP][PASSED] - click(findTestObject("Object Repository/Page_Dashboard/a_NV")): Object: 'Object Repository/Page_Dashboard/a_NV' is clicked on

2022-01-15 08:46:04 - [MESSAGE][PASSED] - Object: 'Object Repository/Page_Dashboard/a_NV' is clicked on

2022-01-15 08:46:04 - [TEST_STEP][PASSED] - click(findTestObject("Object Repository/Page_Dashboard/a_Log out")): Object: 'Object Repository/Page_Dashboard/a_Log out' is clicked on

2022-01-15 08:46:04 - [MESSAGE][PASSED] - Object: 'Object Repository/Page_Dashboard/a_Log out' is clicked on

2022-01-15 08:46:04 - [TEST_STEP][PASSED] - closeBrowser(): Browser is closed

2022-01-15 08:46:05 - [MESSAGE][PASSED] - Browser is closed]]></system-out>
         <system-err><![CDATA[]]></system-err>
      </testcase>
      <testcase name="Test Cases/Create student by upload file" time="25.164" classname="Test Cases/Create student by upload file" status="PASSED">
         <system-out><![CDATA[2022-01-15 08:46:05 - [TEST_CASE][PASSED] - Test Cases/Create student by upload file: Test Cases/Create student by upload file

2022-01-15 08:46:06 - [TEST_STEP][PASSED] - openBrowser(""): Browser is opened with url: ''

2022-01-15 08:46:06 - [MESSAGE][INFO] - Starting 'Edge Chromium' driver

2022-01-15 08:46:06 - [MESSAGE][INFO] - Action delay is set to 0 milliseconds

2022-01-15 08:46:07 - [MESSAGE][PASSED] - Browser is opened with url: ''

2022-01-15 08:46:07 - [TEST_STEP][PASSED] - navigateToUrl("http://localhost/"): Navigate to 'http://localhost/' successfully

2022-01-15 08:46:08 - [MESSAGE][PASSED] - Navigate to 'http://localhost/' successfully

2022-01-15 08:46:08 - [TEST_STEP][PASSED] - click(findTestObject("Object Repository/Page_Home page/a_Log in")): Object: 'Object Repository/Page_Home page/a_Log in' is clicked on

2022-01-15 08:46:10 - [MESSAGE][PASSED] - Object: 'Object Repository/Page_Home page/a_Log in' is clicked on

2022-01-15 08:46:10 - [TEST_STEP][PASSED] - setText(findTestObject("Object Repository/Page_Home page Log in to the site/input_Username_username"), "admin"): Text 'admin' is set on object 'Object Repository/Page_Home page Log in to the site/input_Username_username'

2022-01-15 08:46:10 - [MESSAGE][PASSED] - Text 'admin' is set on object 'Object Repository/Page_Home page Log in to the site/input_Username_username'

2022-01-15 08:46:10 - [TEST_STEP][PASSED] - setEncryptedText(findTestObject("Page_Home page Log in to the site/input_Password_password (1)"), "OFhcon1PzObx3ErJAwGfGA=="): Text ****** has been set on object 'Object Repository/Page_Home page Log in to the site/input_Password_password (1)'

2022-01-15 08:46:11 - [MESSAGE][PASSED] - Text ****** has been set on object 'Object Repository/Page_Home page Log in to the site/input_Password_password (1)'

2022-01-15 08:46:11 - [TEST_STEP][PASSED] - click(findTestObject("Object Repository/Page_Home page Log in to the site/button_Log in")): Object: 'Object Repository/Page_Home page Log in to the site/button_Log in' is clicked on

2022-01-15 08:46:12 - [MESSAGE][PASSED] - Object: 'Object Repository/Page_Home page Log in to the site/button_Log in' is clicked on

2022-01-15 08:46:12 - [TEST_STEP][PASSED] - click(findTestObject("Object Repository/Page_Dashboard/a_Site administration")): Object: 'Object Repository/Page_Dashboard/a_Site administration' is clicked on

2022-01-15 08:46:15 - [MESSAGE][PASSED] - Object: 'Object Repository/Page_Dashboard/a_Site administration' is clicked on

2022-01-15 08:46:15 - [TEST_STEP][PASSED] - click(findTestObject("Object Repository/Page_Group10 Administration Search/a_Users")): Object: 'Object Repository/Page_Group10 Administration Search/a_Users' is clicked on

2022-01-15 08:46:15 - [MESSAGE][PASSED] - Object: 'Object Repository/Page_Group10 Administration Search/a_Users' is clicked on

2022-01-15 08:46:15 - [TEST_STEP][PASSED] - click(findTestObject("Object Repository/Page_Group10 Administration Search/a_Upload users")): Object: 'Object Repository/Page_Group10 Administration Search/a_Upload users' is clicked on

2022-01-15 08:46:16 - [MESSAGE][PASSED] - Object: 'Object Repository/Page_Group10 Administration Search/a_Upload users' is clicked on

2022-01-15 08:46:16 - [TEST_STEP][PASSED] - click(findTestObject("Object Repository/Page_Group10 Administration Users Accounts _c9beb9/input_File_userfilechoose")): Object: 'Object Repository/Page_Group10 Administration Users Accounts _c9beb9/input_File_userfilechoose' is clicked on

2022-01-15 08:46:17 - [MESSAGE][PASSED] - Object: 'Object Repository/Page_Group10 Administration Users Accounts _c9beb9/input_File_userfilechoose' is clicked on

2022-01-15 08:46:17 - [TEST_STEP][PASSED] - uploadFile(findTestObject("Object Repository/Page_Group10 Administration Users Accounts _c9beb9/input_Attachment_repo_upload_file"), "D:\TestAutomation-SEBonus-Group10\student.csv"): File 'D:\TestAutomation-SEBonus-Group10\student.csv' sent to object: 'Object Repository/Page_Group10 Administration Users Accounts _c9beb9/input_Attachment_repo_upload_file'

2022-01-15 08:46:18 - [MESSAGE][PASSED] - File 'D:\TestAutomation-SEBonus-Group10\student.csv' sent to object: 'Object Repository/Page_Group10 Administration Users Accounts _c9beb9/input_Attachment_repo_upload_file'

2022-01-15 08:46:18 - [TEST_STEP][PASSED] - click(findTestObject("Object Repository/Page_Group10 Administration Users Accounts _c9beb9/button_Upload this file")): Object: 'Object Repository/Page_Group10 Administration Users Accounts _c9beb9/button_Upload this file' is clicked on

2022-01-15 08:46:18 - [MESSAGE][PASSED] - Object: 'Object Repository/Page_Group10 Administration Users Accounts _c9beb9/button_Upload this file' is clicked on

2022-01-15 08:46:18 - [TEST_STEP][PASSED] - click(findTestObject("Object Repository/Page_Group10 Administration Users Accounts _c9beb9/input_Preview rows_submitbutton")): Object: 'Object Repository/Page_Group10 Administration Users Accounts _c9beb9/input_Preview rows_submitbutton' is clicked on

2022-01-15 08:46:20 - [MESSAGE][PASSED] - Object: 'Object Repository/Page_Group10 Administration Users Accounts _c9beb9/input_Preview rows_submitbutton' is clicked on

2022-01-15 08:46:20 - [TEST_STEP][PASSED] - click(findTestObject("Page_Group10 Administration Users Accounts Upload users/input_Department_submitbutton")): Object: 'Object Repository/Page_Group10 Administration Users Accounts Upload users/input_Department_submitbutton' is clicked on

2022-01-15 08:46:22 - [MESSAGE][PASSED] - Object: 'Object Repository/Page_Group10 Administration Users Accounts Upload users/input_Department_submitbutton' is clicked on

2022-01-15 08:46:22 - [TEST_STEP][PASSED] - click(findTestObject("Object Repository/Page_Group10 Administration Users Accounts _c9beb9/a_Site administration")): Object: 'Object Repository/Page_Group10 Administration Users Accounts _c9beb9/a_Site administration' is clicked on

2022-01-15 08:46:23 - [MESSAGE][PASSED] - Object: 'Object Repository/Page_Group10 Administration Users Accounts _c9beb9/a_Site administration' is clicked on

2022-01-15 08:46:23 - [TEST_STEP][PASSED] - click(findTestObject("Object Repository/Page_Group10 Administration Search/a_Users")): Object: 'Object Repository/Page_Group10 Administration Search/a_Users' is clicked on

2022-01-15 08:46:24 - [MESSAGE][PASSED] - Object: 'Object Repository/Page_Group10 Administration Search/a_Users' is clicked on

2022-01-15 08:46:24 - [TEST_STEP][PASSED] - click(findTestObject("Object Repository/Page_Group10 Administration Search/a_Assign system roles")): Object: 'Object Repository/Page_Group10 Administration Search/a_Assign system roles' is clicked on

2022-01-15 08:46:25 - [MESSAGE][PASSED] - Object: 'Object Repository/Page_Group10 Administration Search/a_Assign system roles' is clicked on

2022-01-15 08:46:25 - [TEST_STEP][PASSED] - click(findTestObject("Object Repository/Page_Group10 Administration Users Permissio_fb4295/a_Student_1")): Object: 'Object Repository/Page_Group10 Administration Users Permissio_fb4295/a_Student_1' is clicked on

2022-01-15 08:46:26 - [MESSAGE][PASSED] - Object: 'Object Repository/Page_Group10 Administration Users Permissio_fb4295/a_Student_1' is clicked on

2022-01-15 08:46:26 - [TEST_STEP][PASSED] - click(findTestObject("Page_Group10 Administration Users Permissions Assign system roles/option_Le Minh Si (19127064student.hcmus.edu.vn)")): Object: 'Object Repository/Page_Group10 Administration Users Permissions Assign system roles/option_Le Minh Si (19127064student.hcmus.edu.vn)' is clicked on

2022-01-15 08:46:27 - [MESSAGE][PASSED] - Object: 'Object Repository/Page_Group10 Administration Users Permissions Assign system roles/option_Le Minh Si (19127064student.hcmus.edu.vn)' is clicked on

2022-01-15 08:46:27 - [TEST_STEP][PASSED] - click(findTestObject("Page_Group10 Administration Users Permissions Assign system roles/option_Nguyen Kim Thi To Nga (19127219student.hcmus.edu.vn)")): Object: 'Object Repository/Page_Group10 Administration Users Permissions Assign system roles/option_Nguyen Kim Thi To Nga (19127219student.hcmus.edu.vn)' is clicked on

2022-01-15 08:46:27 - [MESSAGE][PASSED] - Object: 'Object Repository/Page_Group10 Administration Users Permissions Assign system roles/option_Nguyen Kim Thi To Nga (19127219student.hcmus.edu.vn)' is clicked on

2022-01-15 08:46:27 - [TEST_STEP][PASSED] - click(findTestObject("Page_Group10 Administration Users Permissions Assign system roles/option_Nguyen Phuong Vy (19127088student.hcmus.edu.vn)")): Object: 'Object Repository/Page_Group10 Administration Users Permissions Assign system roles/option_Nguyen Phuong Vy (19127088student.hcmus.edu.vn)' is clicked on

2022-01-15 08:46:28 - [MESSAGE][PASSED] - Object: 'Object Repository/Page_Group10 Administration Users Permissions Assign system roles/option_Nguyen Phuong Vy (19127088student.hcmus.edu.vn)' is clicked on

2022-01-15 08:46:28 - [TEST_STEP][PASSED] - click(findTestObject("Page_Group10 Administration Users Permissions Assign system roles/option_Tran Ngoc Lam (19127040student.hcmus.edu.vn)")): Object: 'Object Repository/Page_Group10 Administration Users Permissions Assign system roles/option_Tran Ngoc Lam (19127040student.hcmus.edu.vn)' is clicked on

2022-01-15 08:46:28 - [MESSAGE][PASSED] - Object: 'Object Repository/Page_Group10 Administration Users Permissions Assign system roles/option_Tran Ngoc Lam (19127040student.hcmus.edu.vn)' is clicked on

2022-01-15 08:46:28 - [TEST_STEP][PASSED] - click(findTestObject("Object Repository/Page_Group10 Administration Users Permissio_fb4295/input_Match the search text anywhere in the_89f7b5_1")): Object: 'Object Repository/Page_Group10 Administration Users Permissio_fb4295/input_Match the search text anywhere in the_89f7b5_1' is clicked on

2022-01-15 08:46:30 - [MESSAGE][PASSED] - Object: 'Object Repository/Page_Group10 Administration Users Permissio_fb4295/input_Match the search text anywhere in the_89f7b5_1' is clicked on

2022-01-15 08:46:30 - [TEST_STEP][PASSED] - closeBrowser(): Browser is closed

2022-01-15 08:46:31 - [MESSAGE][PASSED] - Browser is closed]]></system-out>
         <system-err><![CDATA[]]></system-err>
      </testcase>
      <testcase name="Test Cases/Create teacher by upload file" time="25.074" classname="Test Cases/Create teacher by upload file" status="PASSED">
         <system-out><![CDATA[2022-01-15 08:46:31 - [TEST_CASE][PASSED] - Test Cases/Create teacher by upload file: Test Cases/Create teacher by upload file

2022-01-15 08:46:31 - [TEST_STEP][PASSED] - openBrowser(""): Browser is opened with url: ''

2022-01-15 08:46:31 - [MESSAGE][INFO] - Starting 'Edge Chromium' driver

2022-01-15 08:46:32 - [MESSAGE][INFO] - Action delay is set to 0 milliseconds

2022-01-15 08:46:32 - [MESSAGE][PASSED] - Browser is opened with url: ''

2022-01-15 08:46:32 - [TEST_STEP][PASSED] - navigateToUrl("http://localhost/"): Navigate to 'http://localhost/' successfully

2022-01-15 08:46:33 - [MESSAGE][PASSED] - Navigate to 'http://localhost/' successfully

2022-01-15 08:46:33 - [TEST_STEP][PASSED] - click(findTestObject("Object Repository/Page_Home page/a_Log in")): Object: 'Object Repository/Page_Home page/a_Log in' is clicked on

2022-01-15 08:46:34 - [MESSAGE][PASSED] - Object: 'Object Repository/Page_Home page/a_Log in' is clicked on

2022-01-15 08:46:34 - [TEST_STEP][PASSED] - setText(findTestObject("Object Repository/Page_Home page Log in to the site/input_Username_username"), "admin"): Text 'admin' is set on object 'Object Repository/Page_Home page Log in to the site/input_Username_username'

2022-01-15 08:46:35 - [MESSAGE][PASSED] - Text 'admin' is set on object 'Object Repository/Page_Home page Log in to the site/input_Username_username'

2022-01-15 08:46:35 - [TEST_STEP][PASSED] - setEncryptedText(findTestObject("Page_Home page Log in to the site/input_Password_password (1)"), "OFhcon1PzObx3ErJAwGfGA=="): Text ****** has been set on object 'Object Repository/Page_Home page Log in to the site/input_Password_password (1)'

2022-01-15 08:46:36 - [MESSAGE][PASSED] - Text ****** has been set on object 'Object Repository/Page_Home page Log in to the site/input_Password_password (1)'

2022-01-15 08:46:36 - [TEST_STEP][PASSED] - click(findTestObject("Object Repository/Page_Home page Log in to the site/button_Log in")): Object: 'Object Repository/Page_Home page Log in to the site/button_Log in' is clicked on

2022-01-15 08:46:37 - [MESSAGE][PASSED] - Object: 'Object Repository/Page_Home page Log in to the site/button_Log in' is clicked on

2022-01-15 08:46:37 - [TEST_STEP][PASSED] - click(findTestObject("Object Repository/Page_Dashboard/a_Site administration")): Object: 'Object Repository/Page_Dashboard/a_Site administration' is clicked on

2022-01-15 08:46:39 - [MESSAGE][PASSED] - Object: 'Object Repository/Page_Dashboard/a_Site administration' is clicked on

2022-01-15 08:46:39 - [TEST_STEP][PASSED] - click(findTestObject("Object Repository/Page_Group10 Administration Search/a_Users")): Object: 'Object Repository/Page_Group10 Administration Search/a_Users' is clicked on

2022-01-15 08:46:40 - [MESSAGE][PASSED] - Object: 'Object Repository/Page_Group10 Administration Search/a_Users' is clicked on

2022-01-15 08:46:40 - [TEST_STEP][PASSED] - click(findTestObject("Object Repository/Page_Group10 Administration Search/a_Upload users")): Object: 'Object Repository/Page_Group10 Administration Search/a_Upload users' is clicked on

2022-01-15 08:46:41 - [MESSAGE][PASSED] - Object: 'Object Repository/Page_Group10 Administration Search/a_Upload users' is clicked on

2022-01-15 08:46:41 - [TEST_STEP][PASSED] - click(findTestObject("Object Repository/Page_Group10 Administration Users Accounts _c9beb9/input_File_userfilechoose")): Object: 'Object Repository/Page_Group10 Administration Users Accounts _c9beb9/input_File_userfilechoose' is clicked on

2022-01-15 08:46:42 - [MESSAGE][PASSED] - Object: 'Object Repository/Page_Group10 Administration Users Accounts _c9beb9/input_File_userfilechoose' is clicked on

2022-01-15 08:46:42 - [TEST_STEP][PASSED] - uploadFile(findTestObject("Object Repository/Page_Group10 Administration Users Accounts _c9beb9/input_Attachment_repo_upload_file"), "D:\TestAutomation-SEBonus-Group10\teacher.csv"): File 'D:\TestAutomation-SEBonus-Group10\teacher.csv' sent to object: 'Object Repository/Page_Group10 Administration Users Accounts _c9beb9/input_Attachment_repo_upload_file'

2022-01-15 08:46:42 - [MESSAGE][PASSED] - File 'D:\TestAutomation-SEBonus-Group10\teacher.csv' sent to object: 'Object Repository/Page_Group10 Administration Users Accounts _c9beb9/input_Attachment_repo_upload_file'

2022-01-15 08:46:42 - [TEST_STEP][PASSED] - click(findTestObject("Object Repository/Page_Group10 Administration Users Accounts _c9beb9/button_Upload this file")): Object: 'Object Repository/Page_Group10 Administration Users Accounts _c9beb9/button_Upload this file' is clicked on

2022-01-15 08:46:43 - [MESSAGE][PASSED] - Object: 'Object Repository/Page_Group10 Administration Users Accounts _c9beb9/button_Upload this file' is clicked on

2022-01-15 08:46:43 - [TEST_STEP][PASSED] - click(findTestObject("Object Repository/Page_Group10 Administration Users Accounts _c9beb9/input_Preview rows_submitbutton")): Object: 'Object Repository/Page_Group10 Administration Users Accounts _c9beb9/input_Preview rows_submitbutton' is clicked on

2022-01-15 08:46:45 - [MESSAGE][PASSED] - Object: 'Object Repository/Page_Group10 Administration Users Accounts _c9beb9/input_Preview rows_submitbutton' is clicked on

2022-01-15 08:46:45 - [TEST_STEP][PASSED] - click(findTestObject("Page_Group10 Administration Users Accounts Upload users/input_Department_submitbutton")): Object: 'Object Repository/Page_Group10 Administration Users Accounts Upload users/input_Department_submitbutton' is clicked on

2022-01-15 08:46:47 - [MESSAGE][PASSED] - Object: 'Object Repository/Page_Group10 Administration Users Accounts Upload users/input_Department_submitbutton' is clicked on

2022-01-15 08:46:47 - [TEST_STEP][PASSED] - click(findTestObject("Object Repository/Page_Group10 Administration Users Accounts _c9beb9/a_Site administration")): Object: 'Object Repository/Page_Group10 Administration Users Accounts _c9beb9/a_Site administration' is clicked on

2022-01-15 08:46:48 - [MESSAGE][PASSED] - Object: 'Object Repository/Page_Group10 Administration Users Accounts _c9beb9/a_Site administration' is clicked on

2022-01-15 08:46:48 - [TEST_STEP][PASSED] - click(findTestObject("Object Repository/Page_Group10 Administration Search/a_Users")): Object: 'Object Repository/Page_Group10 Administration Search/a_Users' is clicked on

2022-01-15 08:46:49 - [MESSAGE][PASSED] - Object: 'Object Repository/Page_Group10 Administration Search/a_Users' is clicked on

2022-01-15 08:46:49 - [TEST_STEP][PASSED] - click(findTestObject("Object Repository/Page_Group10 Administration Search/a_Assign system roles")): Object: 'Object Repository/Page_Group10 Administration Search/a_Assign system roles' is clicked on

2022-01-15 08:46:50 - [MESSAGE][PASSED] - Object: 'Object Repository/Page_Group10 Administration Search/a_Assign system roles' is clicked on

2022-01-15 08:46:50 - [TEST_STEP][PASSED] - click(findTestObject("Object Repository/Page_Group10 Administration Users Permissio_fb4295/a_Teacher")): Object: 'Object Repository/Page_Group10 Administration Users Permissio_fb4295/a_Teacher' is clicked on

2022-01-15 08:46:51 - [MESSAGE][PASSED] - Object: 'Object Repository/Page_Group10 Administration Users Permissio_fb4295/a_Teacher' is clicked on

2022-01-15 08:46:51 - [TEST_STEP][PASSED] - click(findTestObject("Page_Group10 Administration Users Permissions Assign system roles/option_Ho Thi Hoang Vy (hthvfit.us.edu.vn)")): Object: 'Object Repository/Page_Group10 Administration Users Permissions Assign system roles/option_Ho Thi Hoang Vy (hthvfit.us.edu.vn)' is clicked on

2022-01-15 08:46:52 - [MESSAGE][PASSED] - Object: 'Object Repository/Page_Group10 Administration Users Permissions Assign system roles/option_Ho Thi Hoang Vy (hthvfit.us.edu.vn)' is clicked on

2022-01-15 08:46:52 - [TEST_STEP][PASSED] - click(findTestObject("Page_Group10 Administration Users Permissions Assign system roles/option_Luong Vi Minh (lvmfit.us.edu.vn)")): Object: 'Object Repository/Page_Group10 Administration Users Permissions Assign system roles/option_Luong Vi Minh (lvmfit.us.edu.vn)' is clicked on

2022-01-15 08:46:52 - [MESSAGE][PASSED] - Object: 'Object Repository/Page_Group10 Administration Users Permissions Assign system roles/option_Luong Vi Minh (lvmfit.us.edu.vn)' is clicked on

2022-01-15 08:46:52 - [TEST_STEP][PASSED] - click(findTestObject("Page_Group10 Administration Users Permissions Assign system roles/option_Nguyen Le Hoang Dung (nlhdfit.us.edu.vn)")): Object: 'Object Repository/Page_Group10 Administration Users Permissions Assign system roles/option_Nguyen Le Hoang Dung (nlhdfit.us.edu.vn)' is clicked on

2022-01-15 08:46:53 - [MESSAGE][PASSED] - Object: 'Object Repository/Page_Group10 Administration Users Permissions Assign system roles/option_Nguyen Le Hoang Dung (nlhdfit.us.edu.vn)' is clicked on

2022-01-15 08:46:53 - [TEST_STEP][PASSED] - click(findTestObject("Page_Group10 Administration Users Permissions Assign system roles/option_Pham Thi Bach Hue (ptbhfit.us.edu.vn)")): Object: 'Object Repository/Page_Group10 Administration Users Permissions Assign system roles/option_Pham Thi Bach Hue (ptbhfit.us.edu.vn)' is clicked on

2022-01-15 08:46:53 - [MESSAGE][PASSED] - Object: 'Object Repository/Page_Group10 Administration Users Permissions Assign system roles/option_Pham Thi Bach Hue (ptbhfit.us.edu.vn)' is clicked on

2022-01-15 08:46:53 - [TEST_STEP][PASSED] - click(findTestObject("Object Repository/Page_Group10 Administration Users Permissio_fb4295/input_Match the search text anywhere in the_89f7b5_1")): Object: 'Object Repository/Page_Group10 Administration Users Permissio_fb4295/input_Match the search text anywhere in the_89f7b5_1' is clicked on

2022-01-15 08:46:55 - [MESSAGE][PASSED] - Object: 'Object Repository/Page_Group10 Administration Users Permissio_fb4295/input_Match the search text anywhere in the_89f7b5_1' is clicked on

2022-01-15 08:46:55 - [TEST_STEP][PASSED] - closeBrowser(): Browser is closed

2022-01-15 08:46:56 - [MESSAGE][PASSED] - Browser is closed]]></system-out>
         <system-err><![CDATA[]]></system-err>
      </testcase>
      <testcase name="Test Cases/Create manager by upload file" time="23.322" classname="Test Cases/Create manager by upload file" status="PASSED">
         <system-out><![CDATA[2022-01-15 08:46:56 - [TEST_CASE][PASSED] - Test Cases/Create manager by upload file: Test Cases/Create manager by upload file

2022-01-15 08:46:56 - [TEST_STEP][PASSED] - openBrowser(""): Browser is opened with url: ''

2022-01-15 08:46:56 - [MESSAGE][INFO] - Starting 'Edge Chromium' driver

2022-01-15 08:46:56 - [MESSAGE][INFO] - Action delay is set to 0 milliseconds

2022-01-15 08:46:57 - [MESSAGE][PASSED] - Browser is opened with url: ''

2022-01-15 08:46:57 - [TEST_STEP][PASSED] - navigateToUrl("http://localhost/"): Navigate to 'http://localhost/' successfully

2022-01-15 08:46:58 - [MESSAGE][PASSED] - Navigate to 'http://localhost/' successfully

2022-01-15 08:46:58 - [TEST_STEP][PASSED] - click(findTestObject("Object Repository/Page_Home page/a_Log in")): Object: 'Object Repository/Page_Home page/a_Log in' is clicked on

2022-01-15 08:46:59 - [MESSAGE][PASSED] - Object: 'Object Repository/Page_Home page/a_Log in' is clicked on

2022-01-15 08:46:59 - [TEST_STEP][PASSED] - setText(findTestObject("Object Repository/Page_Home page Log in to the site/input_Username_username"), "admin"): Text 'admin' is set on object 'Object Repository/Page_Home page Log in to the site/input_Username_username'

2022-01-15 08:47:00 - [MESSAGE][PASSED] - Text 'admin' is set on object 'Object Repository/Page_Home page Log in to the site/input_Username_username'

2022-01-15 08:47:00 - [TEST_STEP][PASSED] - setEncryptedText(findTestObject("Page_Home page Log in to the site/input_Password_password (1)"), "OFhcon1PzObx3ErJAwGfGA=="): Text ****** has been set on object 'Object Repository/Page_Home page Log in to the site/input_Password_password (1)'

2022-01-15 08:47:00 - [MESSAGE][PASSED] - Text ****** has been set on object 'Object Repository/Page_Home page Log in to the site/input_Password_password (1)'

2022-01-15 08:47:00 - [TEST_STEP][PASSED] - click(findTestObject("Object Repository/Page_Home page Log in to the site/button_Log in")): Object: 'Object Repository/Page_Home page Log in to the site/button_Log in' is clicked on

2022-01-15 08:47:02 - [MESSAGE][PASSED] - Object: 'Object Repository/Page_Home page Log in to the site/button_Log in' is clicked on

2022-01-15 08:47:02 - [TEST_STEP][PASSED] - click(findTestObject("Object Repository/Page_Dashboard/a_Site administration")): Object: 'Object Repository/Page_Dashboard/a_Site administration' is clicked on

2022-01-15 08:47:04 - [MESSAGE][PASSED] - Object: 'Object Repository/Page_Dashboard/a_Site administration' is clicked on

2022-01-15 08:47:04 - [TEST_STEP][PASSED] - click(findTestObject("Object Repository/Page_Group10 Administration Search/a_Users")): Object: 'Object Repository/Page_Group10 Administration Search/a_Users' is clicked on

2022-01-15 08:47:04 - [MESSAGE][PASSED] - Object: 'Object Repository/Page_Group10 Administration Search/a_Users' is clicked on

2022-01-15 08:47:04 - [TEST_STEP][PASSED] - click(findTestObject("Object Repository/Page_Group10 Administration Search/a_Upload users")): Object: 'Object Repository/Page_Group10 Administration Search/a_Upload users' is clicked on

2022-01-15 08:47:06 - [MESSAGE][PASSED] - Object: 'Object Repository/Page_Group10 Administration Search/a_Upload users' is clicked on

2022-01-15 08:47:06 - [TEST_STEP][PASSED] - click(findTestObject("Object Repository/Page_Group10 Administration Users Accounts _c9beb9/input_File_userfilechoose")): Object: 'Object Repository/Page_Group10 Administration Users Accounts _c9beb9/input_File_userfilechoose' is clicked on

2022-01-15 08:47:06 - [MESSAGE][PASSED] - Object: 'Object Repository/Page_Group10 Administration Users Accounts _c9beb9/input_File_userfilechoose' is clicked on

2022-01-15 08:47:06 - [TEST_STEP][PASSED] - uploadFile(findTestObject("Object Repository/Page_Group10 Administration Users Accounts _c9beb9/input_Attachment_repo_upload_file"), "D:\TestAutomation-SEBonus-Group10\manager.csv"): File 'D:\TestAutomation-SEBonus-Group10\manager.csv' sent to object: 'Object Repository/Page_Group10 Administration Users Accounts _c9beb9/input_Attachment_repo_upload_file'

2022-01-15 08:47:07 - [MESSAGE][PASSED] - File 'D:\TestAutomation-SEBonus-Group10\manager.csv' sent to object: 'Object Repository/Page_Group10 Administration Users Accounts _c9beb9/input_Attachment_repo_upload_file'

2022-01-15 08:47:07 - [TEST_STEP][PASSED] - click(findTestObject("Object Repository/Page_Group10 Administration Users Accounts _c9beb9/button_Upload this file")): Object: 'Object Repository/Page_Group10 Administration Users Accounts _c9beb9/button_Upload this file' is clicked on

2022-01-15 08:47:07 - [MESSAGE][PASSED] - Object: 'Object Repository/Page_Group10 Administration Users Accounts _c9beb9/button_Upload this file' is clicked on

2022-01-15 08:47:07 - [TEST_STEP][PASSED] - click(findTestObject("Object Repository/Page_Group10 Administration Users Accounts _c9beb9/input_Preview rows_submitbutton")): Object: 'Object Repository/Page_Group10 Administration Users Accounts _c9beb9/input_Preview rows_submitbutton' is clicked on

2022-01-15 08:47:09 - [MESSAGE][PASSED] - Object: 'Object Repository/Page_Group10 Administration Users Accounts _c9beb9/input_Preview rows_submitbutton' is clicked on

2022-01-15 08:47:09 - [TEST_STEP][PASSED] - click(findTestObject("Page_Group10 Administration Users Accounts Upload users/input_Department_submitbutton")): Object: 'Object Repository/Page_Group10 Administration Users Accounts Upload users/input_Department_submitbutton' is clicked on

2022-01-15 08:47:10 - [MESSAGE][PASSED] - Object: 'Object Repository/Page_Group10 Administration Users Accounts Upload users/input_Department_submitbutton' is clicked on

2022-01-15 08:47:10 - [TEST_STEP][PASSED] - click(findTestObject("Object Repository/Page_Group10 Administration Users Accounts _c9beb9/a_Site administration")): Object: 'Object Repository/Page_Group10 Administration Users Accounts _c9beb9/a_Site administration' is clicked on

2022-01-15 08:47:12 - [MESSAGE][PASSED] - Object: 'Object Repository/Page_Group10 Administration Users Accounts _c9beb9/a_Site administration' is clicked on

2022-01-15 08:47:12 - [TEST_STEP][PASSED] - click(findTestObject("Object Repository/Page_Group10 Administration Search/a_Users")): Object: 'Object Repository/Page_Group10 Administration Search/a_Users' is clicked on

2022-01-15 08:47:12 - [MESSAGE][PASSED] - Object: 'Object Repository/Page_Group10 Administration Search/a_Users' is clicked on

2022-01-15 08:47:12 - [TEST_STEP][PASSED] - click(findTestObject("Object Repository/Page_Group10 Administration Search/a_Assign system roles")): Object: 'Object Repository/Page_Group10 Administration Search/a_Assign system roles' is clicked on

2022-01-15 08:47:13 - [MESSAGE][PASSED] - Object: 'Object Repository/Page_Group10 Administration Search/a_Assign system roles' is clicked on

2022-01-15 08:47:13 - [TEST_STEP][PASSED] - click(findTestObject("Page_Group10 Administration Users Permissio_fb4295/a_Manager")): Object: 'Object Repository/Page_Group10 Administration Users Permissio_fb4295/a_Manager' is clicked on

2022-01-15 08:47:15 - [MESSAGE][PASSED] - Object: 'Object Repository/Page_Group10 Administration Users Permissio_fb4295/a_Manager' is clicked on

2022-01-15 08:47:15 - [TEST_STEP][PASSED] - click(findTestObject("Page_Group10 Administration Users Permissions Assign system roles/option_Le Thu Thao (lttfitus.edu.vn)")): Object: 'Object Repository/Page_Group10 Administration Users Permissions Assign system roles/option_Le Thu Thao (lttfitus.edu.vn)' is clicked on

2022-01-15 08:47:15 - [MESSAGE][PASSED] - Object: 'Object Repository/Page_Group10 Administration Users Permissions Assign system roles/option_Le Thu Thao (lttfitus.edu.vn)' is clicked on

2022-01-15 08:47:15 - [TEST_STEP][PASSED] - click(findTestObject("Page_Group10 Administration Users Permissions Assign system roles/option_Nguyen Hoang Dung (nhdfitus.edu.vn)")): Object: 'Object Repository/Page_Group10 Administration Users Permissions Assign system roles/option_Nguyen Hoang Dung (nhdfitus.edu.vn)' is clicked on

2022-01-15 08:47:16 - [MESSAGE][PASSED] - Object: 'Object Repository/Page_Group10 Administration Users Permissions Assign system roles/option_Nguyen Hoang Dung (nhdfitus.edu.vn)' is clicked on

2022-01-15 08:47:16 - [TEST_STEP][PASSED] - click(findTestObject("Page_Group10 Administration Users Permissions Assign system roles/option_Nguyen Thi Thu Hang (ntthfitus.edu.vn)")): Object: 'Object Repository/Page_Group10 Administration Users Permissions Assign system roles/option_Nguyen Thi Thu Hang (ntthfitus.edu.vn)' is clicked on

2022-01-15 08:47:16 - [MESSAGE][PASSED] - Object: 'Object Repository/Page_Group10 Administration Users Permissions Assign system roles/option_Nguyen Thi Thu Hang (ntthfitus.edu.vn)' is clicked on

2022-01-15 08:47:16 - [TEST_STEP][PASSED] - click(findTestObject("Page_Group10 Administration Users Permissions Assign system roles/option_Pham Thi Bach Hue (ptbhfit.us.edu.vn)")): Object: 'Object Repository/Page_Group10 Administration Users Permissions Assign system roles/option_Pham Thi Bach Hue (ptbhfit.us.edu.vn)' is clicked on

2022-01-15 08:47:17 - [MESSAGE][PASSED] - Object: 'Object Repository/Page_Group10 Administration Users Permissions Assign system roles/option_Pham Thi Bach Hue (ptbhfit.us.edu.vn)' is clicked on

2022-01-15 08:47:17 - [TEST_STEP][PASSED] - click(findTestObject("Object Repository/Page_Group10 Administration Users Permissio_fb4295/input_Match the search text anywhere in the_89f7b5_1")): Object: 'Object Repository/Page_Group10 Administration Users Permissio_fb4295/input_Match the search text anywhere in the_89f7b5_1' is clicked on

2022-01-15 08:47:18 - [MESSAGE][PASSED] - Object: 'Object Repository/Page_Group10 Administration Users Permissio_fb4295/input_Match the search text anywhere in the_89f7b5_1' is clicked on

2022-01-15 08:47:18 - [TEST_STEP][PASSED] - closeBrowser(): Browser is closed

2022-01-15 08:47:19 - [MESSAGE][PASSED] - Browser is closed]]></system-out>
         <system-err><![CDATA[]]></system-err>
      </testcase>
      <testcase name="Test Cases/Change pass" time="21.935" classname="Test Cases/Change pass" status="PASSED">
         <system-out><![CDATA[2022-01-15 08:47:19 - [TEST_CASE][PASSED] - Test Cases/Change pass: Test Cases/Change pass

2022-01-15 08:47:19 - [TEST_STEP][PASSED] - openBrowser(""): Browser is opened with url: ''

2022-01-15 08:47:19 - [MESSAGE][INFO] - Starting 'Edge Chromium' driver

2022-01-15 08:47:20 - [MESSAGE][INFO] - Action delay is set to 0 milliseconds

2022-01-15 08:47:21 - [MESSAGE][PASSED] - Browser is opened with url: ''

2022-01-15 08:47:21 - [TEST_STEP][PASSED] - navigateToUrl("http://localhost/"): Navigate to 'http://localhost/' successfully

2022-01-15 08:47:22 - [MESSAGE][PASSED] - Navigate to 'http://localhost/' successfully

2022-01-15 08:47:22 - [TEST_STEP][PASSED] - click(findTestObject("Object Repository/changepass/Page_Home page/a_Log in")): Object: 'Object Repository/changepass/Page_Home page/a_Log in' is clicked on

2022-01-15 08:47:23 - [MESSAGE][PASSED] - Object: 'Object Repository/changepass/Page_Home page/a_Log in' is clicked on

2022-01-15 08:47:23 - [TEST_STEP][PASSED] - setText(findTestObject("Object Repository/changepass/Page_Home page Log in to the site/input_Username_username"), "student1"): Text 'student1' is set on object 'Object Repository/changepass/Page_Home page Log in to the site/input_Username_username'

2022-01-15 08:47:23 - [MESSAGE][PASSED] - Text 'student1' is set on object 'Object Repository/changepass/Page_Home page Log in to the site/input_Username_username'

2022-01-15 08:47:23 - [TEST_STEP][PASSED] - setEncryptedText(findTestObject("Object Repository/changepass/Page_Home page Log in to the site/input_Password_password"), "9ExR24d8uBTe5Y0Xu9Ji6w=="): Text ****** has been set on object 'Object Repository/changepass/Page_Home page Log in to the site/input_Password_password'

2022-01-15 08:47:24 - [MESSAGE][PASSED] - Text ****** has been set on object 'Object Repository/changepass/Page_Home page Log in to the site/input_Password_password'

2022-01-15 08:47:24 - [TEST_STEP][PASSED] - click(findTestObject("Object Repository/changepass/Page_Home page Log in to the site/button_Log in")): Object: 'Object Repository/changepass/Page_Home page Log in to the site/button_Log in' is clicked on

2022-01-15 08:47:25 - [MESSAGE][PASSED] - Object: 'Object Repository/changepass/Page_Home page Log in to the site/button_Log in' is clicked on

2022-01-15 08:47:25 - [TEST_STEP][PASSED] - click(findTestObject("Object Repository/changepass/Page_Dashboard/a_NH")): Object: 'Object Repository/changepass/Page_Dashboard/a_NH' is clicked on

2022-01-15 08:47:26 - [MESSAGE][PASSED] - Object: 'Object Repository/changepass/Page_Dashboard/a_NH' is clicked on

2022-01-15 08:47:26 - [TEST_STEP][PASSED] - click(findTestObject("Object Repository/changepass/Page_Dashboard/a_Profile")): Object: 'Object Repository/changepass/Page_Dashboard/a_Profile' is clicked on

2022-01-15 08:47:27 - [MESSAGE][PASSED] - Object: 'Object Repository/changepass/Page_Dashboard/a_Profile' is clicked on

2022-01-15 08:47:27 - [TEST_STEP][PASSED] - click(findTestObject("Object Repository/changepass/Page_Nguyen Hoa Public profile/a_Edit profile")): Object: 'Object Repository/changepass/Page_Nguyen Hoa Public profile/a_Edit profile' is clicked on

2022-01-15 08:47:29 - [MESSAGE][PASSED] - Object: 'Object Repository/changepass/Page_Nguyen Hoa Public profile/a_Edit profile' is clicked on

2022-01-15 08:47:29 - [TEST_STEP][PASSED] - click(findTestObject("Object Repository/changepass/Page_Group10 Edit profile/a_Preferences")): Object: 'Object Repository/changepass/Page_Group10 Edit profile/a_Preferences' is clicked on

2022-01-15 08:47:31 - [MESSAGE][PASSED] - Object: 'Object Repository/changepass/Page_Group10 Edit profile/a_Preferences' is clicked on

2022-01-15 08:47:31 - [TEST_STEP][PASSED] - click(findTestObject("Object Repository/changepass/Page_Preferences/a_Change password")): Object: 'Object Repository/changepass/Page_Preferences/a_Change password' is clicked on

2022-01-15 08:47:32 - [MESSAGE][PASSED] - Object: 'Object Repository/changepass/Page_Preferences/a_Change password' is clicked on

2022-01-15 08:47:32 - [TEST_STEP][PASSED] - setEncryptedText(findTestObject("Object Repository/changepass/Page_Change password/input_Current password_password"), "9ExR24d8uBTe5Y0Xu9Ji6w=="): Text ****** has been set on object 'Object Repository/changepass/Page_Change password/input_Current password_password'

2022-01-15 08:47:33 - [MESSAGE][PASSED] - Text ****** has been set on object 'Object Repository/changepass/Page_Change password/input_Current password_password'

2022-01-15 08:47:33 - [TEST_STEP][PASSED] - setEncryptedText(findTestObject("Object Repository/changepass/Page_Change password/input_New password_newpassword1"), "OFhcon1PzObx3ErJAwGfGA=="): Text ****** has been set on object 'Object Repository/changepass/Page_Change password/input_New password_newpassword1'

2022-01-15 08:47:33 - [MESSAGE][PASSED] - Text ****** has been set on object 'Object Repository/changepass/Page_Change password/input_New password_newpassword1'

2022-01-15 08:47:33 - [TEST_STEP][PASSED] - setEncryptedText(findTestObject("Object Repository/changepass/Page_Change password/input_New password (again)_newpassword2"), "OFhcon1PzObx3ErJAwGfGA=="): Text ****** has been set on object 'Object Repository/changepass/Page_Change password/input_New password (again)_newpassword2'

2022-01-15 08:47:34 - [MESSAGE][PASSED] - Text ****** has been set on object 'Object Repository/changepass/Page_Change password/input_New password (again)_newpassword2'

2022-01-15 08:47:34 - [TEST_STEP][PASSED] - click(findTestObject("Object Repository/changepass/Page_Change password/input_New password (again)_submitbutton")): Object: 'Object Repository/changepass/Page_Change password/input_New password (again)_submitbutton' is clicked on

2022-01-15 08:47:35 - [MESSAGE][PASSED] - Object: 'Object Repository/changepass/Page_Change password/input_New password (again)_submitbutton' is clicked on

2022-01-15 08:47:35 - [TEST_STEP][PASSED] - click(findTestObject("Object Repository/changepass/Page_Preferences/a_NH")): Object: 'Object Repository/changepass/Page_Preferences/a_NH' is clicked on

2022-01-15 08:47:36 - [MESSAGE][PASSED] - Object: 'Object Repository/changepass/Page_Preferences/a_NH' is clicked on

2022-01-15 08:47:36 - [TEST_STEP][PASSED] - click(findTestObject("Object Repository/changepass/Page_Preferences/a_Log out")): Object: 'Object Repository/changepass/Page_Preferences/a_Log out' is clicked on

2022-01-15 08:47:37 - [MESSAGE][PASSED] - Object: 'Object Repository/changepass/Page_Preferences/a_Log out' is clicked on

2022-01-15 08:47:37 - [TEST_STEP][PASSED] - click(findTestObject("Object Repository/changepass/Page_Home page/a_Log in")): Object: 'Object Repository/changepass/Page_Home page/a_Log in' is clicked on

2022-01-15 08:47:37 - [MESSAGE][PASSED] - Object: 'Object Repository/changepass/Page_Home page/a_Log in' is clicked on

2022-01-15 08:47:37 - [TEST_STEP][PASSED] - setText(findTestObject("Object Repository/changepass/Page_Home page Log in to the site/input_Username_username"), "student1"): Text 'student1' is set on object 'Object Repository/changepass/Page_Home page Log in to the site/input_Username_username'

2022-01-15 08:47:38 - [MESSAGE][PASSED] - Text 'student1' is set on object 'Object Repository/changepass/Page_Home page Log in to the site/input_Username_username'

2022-01-15 08:47:38 - [TEST_STEP][PASSED] - setEncryptedText(findTestObject("Object Repository/changepass/Page_Home page Log in to the site/input_Password_password"), "OFhcon1PzObx3ErJAwGfGA=="): Text ****** has been set on object 'Object Repository/changepass/Page_Home page Log in to the site/input_Password_password'

2022-01-15 08:47:39 - [MESSAGE][PASSED] - Text ****** has been set on object 'Object Repository/changepass/Page_Home page Log in to the site/input_Password_password'

2022-01-15 08:47:39 - [TEST_STEP][PASSED] - click(findTestObject("Object Repository/changepass/Page_Home page Log in to the site/button_Log in")): Object: 'Object Repository/changepass/Page_Home page Log in to the site/button_Log in' is clicked on

2022-01-15 08:47:40 - [MESSAGE][PASSED] - Object: 'Object Repository/changepass/Page_Home page Log in to the site/button_Log in' is clicked on

2022-01-15 08:47:40 - [TEST_STEP][PASSED] - closeBrowser(): Browser is closed

2022-01-15 08:47:41 - [MESSAGE][PASSED] - Browser is closed]]></system-out>
         <system-err><![CDATA[]]></system-err>
      </testcase>
      <testcase name="Test Cases/Login with incorrect username" time="40.746" classname="Test Cases/Login with incorrect username" status="PASSED">
         <system-out><![CDATA[2022-01-15 08:47:41 - [TEST_CASE][PASSED] - Test Cases/Login with incorrect username: Test Cases/Login with incorrect username

2022-01-15 08:47:41 - [TEST_STEP][PASSED] - openBrowser(""): Browser is opened with url: ''

2022-01-15 08:47:41 - [MESSAGE][INFO] - Starting 'Edge Chromium' driver

2022-01-15 08:47:42 - [MESSAGE][INFO] - Action delay is set to 0 milliseconds

2022-01-15 08:47:42 - [MESSAGE][PASSED] - Browser is opened with url: ''

2022-01-15 08:47:42 - [TEST_STEP][PASSED] - navigateToUrl("http://localhost/"): Navigate to 'http://localhost/' successfully

2022-01-15 08:47:43 - [MESSAGE][PASSED] - Navigate to 'http://localhost/' successfully

2022-01-15 08:47:43 - [TEST_STEP][PASSED] - click(findTestObject("Object Repository/Page_Home page/a_Log in")): Object: 'Object Repository/Page_Home page/a_Log in' is clicked on

2022-01-15 08:47:45 - [MESSAGE][PASSED] - Object: 'Object Repository/Page_Home page/a_Log in' is clicked on

2022-01-15 08:47:45 - [TEST_STEP][PASSED] - setText(findTestObject("Object Repository/Page_Home page Log in to the site/input_Username_username"), "student"): Text 'student' is set on object 'Object Repository/Page_Home page Log in to the site/input_Username_username'

2022-01-15 08:47:45 - [MESSAGE][PASSED] - Text 'student' is set on object 'Object Repository/Page_Home page Log in to the site/input_Username_username'

2022-01-15 08:47:45 - [TEST_STEP][PASSED] - setEncryptedText(findTestObject("Page_Home page Log in to the site/input_Password_password (1)"), "OFhcon1PzObx3ErJAwGfGA=="): Text ****** has been set on object 'Object Repository/Page_Home page Log in to the site/input_Password_password (1)'

2022-01-15 08:47:46 - [MESSAGE][PASSED] - Text ****** has been set on object 'Object Repository/Page_Home page Log in to the site/input_Password_password (1)'

2022-01-15 08:47:46 - [TEST_STEP][PASSED] - click(findTestObject("Object Repository/Page_Home page Log in to the site/button_Log in")): Object: 'Object Repository/Page_Home page Log in to the site/button_Log in' is clicked on

2022-01-15 08:47:48 - [MESSAGE][PASSED] - Object: 'Object Repository/Page_Home page Log in to the site/button_Log in' is clicked on

2022-01-15 08:47:48 - [TEST_STEP][PASSED] - verifyElementNotVisibleInViewport(findTestObject("Object Repository/Page_Dashboard/a_Site administration"), 0): Object 'Object Repository/Page_Dashboard/a_Site administration' is not present

2022-01-15 08:47:48 - [MESSAGE][WARNING] - Timeout '0' is invalid. Using default page load timeout: '30'

2022-01-15 08:48:21 - [MESSAGE][INFO] - Unable to find the element located by 'By.xpath: //a[contains(text(),'Site administration')]'. Please recheck the objects properties to make sure the desired element is located. 

2022-01-15 08:48:21 - [MESSAGE][WARNING] - Object 'Object Repository/Page_Dashboard/a_Site administration' is not present

2022-01-15 08:48:21 - [TEST_STEP][PASSED] - closeBrowser(): Browser is closed

2022-01-15 08:48:22 - [MESSAGE][PASSED] - Browser is closed]]></system-out>
         <system-err><![CDATA[]]></system-err>
      </testcase>
      <testcase name="Test Cases/Login with incorrect password" time="37.918" classname="Test Cases/Login with incorrect password" status="PASSED">
         <system-out><![CDATA[2022-01-15 08:48:22 - [TEST_CASE][PASSED] - Test Cases/Login with incorrect password: Test Cases/Login with incorrect password

2022-01-15 08:48:22 - [TEST_STEP][PASSED] - openBrowser(""): Browser is opened with url: ''

2022-01-15 08:48:22 - [MESSAGE][INFO] - Starting 'Edge Chromium' driver

2022-01-15 08:48:23 - [MESSAGE][INFO] - Action delay is set to 0 milliseconds

2022-01-15 08:48:23 - [MESSAGE][PASSED] - Browser is opened with url: ''

2022-01-15 08:48:23 - [TEST_STEP][PASSED] - navigateToUrl("http://localhost/"): Navigate to 'http://localhost/' successfully

2022-01-15 08:48:24 - [MESSAGE][PASSED] - Navigate to 'http://localhost/' successfully

2022-01-15 08:48:24 - [TEST_STEP][PASSED] - click(findTestObject("Object Repository/Page_Home page/a_Log in")): Object: 'Object Repository/Page_Home page/a_Log in' is clicked on

2022-01-15 08:48:25 - [MESSAGE][PASSED] - Object: 'Object Repository/Page_Home page/a_Log in' is clicked on

2022-01-15 08:48:25 - [TEST_STEP][PASSED] - setText(findTestObject("Object Repository/Page_Home page Log in to the site/input_Username_username"), "student1"): Text 'student1' is set on object 'Object Repository/Page_Home page Log in to the site/input_Username_username'

2022-01-15 08:48:26 - [MESSAGE][PASSED] - Text 'student1' is set on object 'Object Repository/Page_Home page Log in to the site/input_Username_username'

2022-01-15 08:48:26 - [TEST_STEP][PASSED] - setEncryptedText(findTestObject("Page_Home page Log in to the site/input_Password_password (1)"), "suoVCwEpf9Y="): Text ****** has been set on object 'Object Repository/Page_Home page Log in to the site/input_Password_password (1)'

2022-01-15 08:48:27 - [MESSAGE][PASSED] - Text ****** has been set on object 'Object Repository/Page_Home page Log in to the site/input_Password_password (1)'

2022-01-15 08:48:27 - [TEST_STEP][PASSED] - click(findTestObject("Object Repository/Page_Home page Log in to the site/button_Log in")): Object: 'Object Repository/Page_Home page Log in to the site/button_Log in' is clicked on

2022-01-15 08:48:28 - [MESSAGE][PASSED] - Object: 'Object Repository/Page_Home page Log in to the site/button_Log in' is clicked on

2022-01-15 08:48:28 - [TEST_STEP][PASSED] - verifyElementNotVisibleInViewport(findTestObject("Object Repository/Page_Dashboard/a_Site administration"), 0): Object 'Object Repository/Page_Dashboard/a_Site administration' is not present

2022-01-15 08:48:28 - [MESSAGE][WARNING] - Timeout '0' is invalid. Using default page load timeout: '30'

2022-01-15 08:48:59 - [MESSAGE][INFO] - Unable to find the element located by 'By.xpath: //a[contains(text(),'Site administration')]'. Please recheck the objects properties to make sure the desired element is located. 

2022-01-15 08:48:59 - [MESSAGE][WARNING] - Object 'Object Repository/Page_Dashboard/a_Site administration' is not present

2022-01-15 08:48:59 - [TEST_STEP][PASSED] - closeBrowser(): Browser is closed

2022-01-15 08:49:00 - [MESSAGE][PASSED] - Browser is closed]]></system-out>
         <system-err><![CDATA[]]></system-err>
      </testcase>
      <testcase name="Test Cases/Login with valid account" time="8.397" classname="Test Cases/Login with valid account" status="PASSED">
         <system-out><![CDATA[2022-01-15 08:49:00 - [TEST_CASE][PASSED] - Test Cases/Login with valid account: Test Cases/Login with valid account

2022-01-15 08:49:00 - [TEST_STEP][PASSED] - openBrowser(""): Browser is opened with url: ''

2022-01-15 08:49:00 - [MESSAGE][INFO] - Starting 'Edge Chromium' driver

2022-01-15 08:49:00 - [MESSAGE][INFO] - Action delay is set to 0 milliseconds

2022-01-15 08:49:01 - [MESSAGE][PASSED] - Browser is opened with url: ''

2022-01-15 08:49:01 - [TEST_STEP][PASSED] - navigateToUrl("http://localhost/"): Navigate to 'http://localhost/' successfully

2022-01-15 08:49:02 - [MESSAGE][PASSED] - Navigate to 'http://localhost/' successfully

2022-01-15 08:49:02 - [TEST_STEP][PASSED] - click(findTestObject("Object Repository/Page_Home page/a_Log in")): Object: 'Object Repository/Page_Home page/a_Log in' is clicked on

2022-01-15 08:49:03 - [MESSAGE][PASSED] - Object: 'Object Repository/Page_Home page/a_Log in' is clicked on

2022-01-15 08:49:03 - [TEST_STEP][PASSED] - setText(findTestObject("Object Repository/Page_Home page Log in to the site/input_Username_username"), "student1"): Text 'student1' is set on object 'Object Repository/Page_Home page Log in to the site/input_Username_username'

2022-01-15 08:49:04 - [MESSAGE][PASSED] - Text 'student1' is set on object 'Object Repository/Page_Home page Log in to the site/input_Username_username'

2022-01-15 08:49:04 - [TEST_STEP][PASSED] - setEncryptedText(findTestObject("Page_Home page Log in to the site/input_Password_password (1)"), "OFhcon1PzObx3ErJAwGfGA=="): Text ****** has been set on object 'Object Repository/Page_Home page Log in to the site/input_Password_password (1)'

2022-01-15 08:49:04 - [MESSAGE][PASSED] - Text ****** has been set on object 'Object Repository/Page_Home page Log in to the site/input_Password_password (1)'

2022-01-15 08:49:04 - [TEST_STEP][PASSED] - click(findTestObject("Object Repository/Page_Home page Log in to the site/button_Log in")): Object: 'Object Repository/Page_Home page Log in to the site/button_Log in' is clicked on

2022-01-15 08:49:05 - [MESSAGE][PASSED] - Object: 'Object Repository/Page_Home page Log in to the site/button_Log in' is clicked on

2022-01-15 08:49:05 - [TEST_STEP][PASSED] - click(findTestObject("Object Repository/Page_Dashboard/a_NV")): Object: 'Object Repository/Page_Dashboard/a_NV' is clicked on

2022-01-15 08:49:06 - [MESSAGE][PASSED] - Object: 'Object Repository/Page_Dashboard/a_NV' is clicked on

2022-01-15 08:49:06 - [TEST_STEP][PASSED] - click(findTestObject("Object Repository/Page_Dashboard/a_Log out")): Object: 'Object Repository/Page_Dashboard/a_Log out' is clicked on

2022-01-15 08:49:07 - [MESSAGE][PASSED] - Object: 'Object Repository/Page_Dashboard/a_Log out' is clicked on

2022-01-15 08:49:07 - [TEST_STEP][PASSED] - closeBrowser(): Browser is closed

2022-01-15 08:49:08 - [MESSAGE][PASSED] - Browser is closed]]></system-out>
         <system-err><![CDATA[]]></system-err>
      </testcase>
      <testcase name="Test Cases/Edit Profile" time="31.933" classname="Test Cases/Edit Profile" status="PASSED">
         <system-out><![CDATA[2022-01-15 08:49:08 - [TEST_CASE][PASSED] - Test Cases/Edit Profile: Test Cases/Edit Profile

2022-01-15 08:49:08 - [TEST_STEP][PASSED] - openBrowser(""): Browser is opened with url: ''

2022-01-15 08:49:08 - [MESSAGE][INFO] - Starting 'Edge Chromium' driver

2022-01-15 08:49:09 - [MESSAGE][INFO] - Action delay is set to 0 milliseconds

2022-01-15 08:49:10 - [MESSAGE][PASSED] - Browser is opened with url: ''

2022-01-15 08:49:10 - [TEST_STEP][PASSED] - navigateToUrl("http://localhost/"): Navigate to 'http://localhost/' successfully

2022-01-15 08:49:11 - [MESSAGE][PASSED] - Navigate to 'http://localhost/' successfully

2022-01-15 08:49:11 - [TEST_STEP][PASSED] - click(findTestObject("Object Repository/edit profile/Page_Home page/a_Log in")): Object: 'Object Repository/edit profile/Page_Home page/a_Log in' is clicked on

2022-01-15 08:49:12 - [MESSAGE][PASSED] - Object: 'Object Repository/edit profile/Page_Home page/a_Log in' is clicked on

2022-01-15 08:49:12 - [TEST_STEP][PASSED] - setText(findTestObject("Object Repository/edit profile/Page_Home page Log in to the site/input_Username_username"), "student1"): Text 'student1' is set on object 'Object Repository/edit profile/Page_Home page Log in to the site/input_Username_username'

2022-01-15 08:49:12 - [MESSAGE][PASSED] - Text 'student1' is set on object 'Object Repository/edit profile/Page_Home page Log in to the site/input_Username_username'

2022-01-15 08:49:12 - [TEST_STEP][PASSED] - setEncryptedText(findTestObject("Object Repository/edit profile/Page_Home page Log in to the site/input_Password_password"), "OFhcon1PzObx3ErJAwGfGA=="): Text ****** has been set on object 'Object Repository/edit profile/Page_Home page Log in to the site/input_Password_password'

2022-01-15 08:49:13 - [MESSAGE][PASSED] - Text ****** has been set on object 'Object Repository/edit profile/Page_Home page Log in to the site/input_Password_password'

2022-01-15 08:49:13 - [TEST_STEP][PASSED] - click(findTestObject("Object Repository/edit profile/Page_Home page Log in to the site/button_Log in")): Object: 'Object Repository/edit profile/Page_Home page Log in to the site/button_Log in' is clicked on

2022-01-15 08:49:14 - [MESSAGE][PASSED] - Object: 'Object Repository/edit profile/Page_Home page Log in to the site/button_Log in' is clicked on

2022-01-15 08:49:14 - [TEST_STEP][PASSED] - click(findTestObject("Object Repository/edit profile/Page_Dashboard/a_NH")): Object: 'Object Repository/edit profile/Page_Dashboard/a_NH' is clicked on

2022-01-15 08:49:15 - [MESSAGE][PASSED] - Object: 'Object Repository/edit profile/Page_Dashboard/a_NH' is clicked on

2022-01-15 08:49:15 - [TEST_STEP][PASSED] - click(findTestObject("Page_Preferences/a_Preferences")): Object: 'Object Repository/Page_Preferences/a_Preferences' is clicked on

2022-01-15 08:49:16 - [MESSAGE][PASSED] - Object: 'Object Repository/Page_Preferences/a_Preferences' is clicked on

2022-01-15 08:49:16 - [TEST_STEP][PASSED] - click(findTestObject("Object Repository/edit profile/Page_Nguyen Hoa Public profile/a_Edit profile")): Object: 'Object Repository/edit profile/Page_Nguyen Hoa Public profile/a_Edit profile' is clicked on

2022-01-15 08:49:18 - [MESSAGE][PASSED] - Object: 'Object Repository/edit profile/Page_Nguyen Hoa Public profile/a_Edit profile' is clicked on

2022-01-15 08:49:18 - [TEST_STEP][PASSED] - selectOptionByValue(findTestObject("Object Repository/edit profile/Page_Group10 Edit profile/select_Select a country.            Afghani_160506"), "VN", true): All options with value 'VN' are selected in object 'Object Repository/edit profile/Page_Group10 Edit profile/select_Select a country.            Afghani_160506'  using regular expression

2022-01-15 08:49:27 - [MESSAGE][PASSED] - All options with value 'VN' are selected in object 'Object Repository/edit profile/Page_Group10 Edit profile/select_Select a country.            Afghani_160506'  using regular expression

2022-01-15 08:49:27 - [TEST_STEP][PASSED] - setText(findTestObject("Object Repository/edit profile/Page_Group10 Edit profile/input_Citytown_city"), "HCM"): Text 'HCM' is set on object 'Object Repository/edit profile/Page_Group10 Edit profile/input_Citytown_city'

2022-01-15 08:49:28 - [MESSAGE][PASSED] - Text 'HCM' is set on object 'Object Repository/edit profile/Page_Group10 Edit profile/input_Citytown_city'

2022-01-15 08:49:28 - [TEST_STEP][PASSED] - click(findTestObject("Object Repository/edit profile/Page_Group10 Edit profile/input_Address_submitbutton")): Object: 'Object Repository/edit profile/Page_Group10 Edit profile/input_Address_submitbutton' is clicked on

2022-01-15 08:49:29 - [MESSAGE][PASSED] - Object: 'Object Repository/edit profile/Page_Group10 Edit profile/input_Address_submitbutton' is clicked on

2022-01-15 08:49:29 - [TEST_STEP][PASSED] - click(findTestObject("Object Repository/edit profile/Page_Nguyen Hoa Public profile/a_NH")): Object: 'Object Repository/edit profile/Page_Nguyen Hoa Public profile/a_NH' is clicked on

2022-01-15 08:49:30 - [MESSAGE][PASSED] - Object: 'Object Repository/edit profile/Page_Nguyen Hoa Public profile/a_NH' is clicked on

2022-01-15 08:49:30 - [TEST_STEP][PASSED] - click(findTestObject("Object Repository/edit profile/Page_Nguyen Hoa Public profile/a_Log out")): Object: 'Object Repository/edit profile/Page_Nguyen Hoa Public profile/a_Log out' is clicked on

2022-01-15 08:49:31 - [MESSAGE][PASSED] - Object: 'Object Repository/edit profile/Page_Nguyen Hoa Public profile/a_Log out' is clicked on

2022-01-15 08:49:31 - [TEST_STEP][PASSED] - click(findTestObject("Object Repository/edit profile/Page_Home page/a_Log in")): Object: 'Object Repository/edit profile/Page_Home page/a_Log in' is clicked on

2022-01-15 08:49:32 - [MESSAGE][PASSED] - Object: 'Object Repository/edit profile/Page_Home page/a_Log in' is clicked on

2022-01-15 08:49:32 - [TEST_STEP][PASSED] - setText(findTestObject("Object Repository/edit profile/Page_Home page Log in to the site/input_Username_username"), "admin"): Text 'admin' is set on object 'Object Repository/edit profile/Page_Home page Log in to the site/input_Username_username'

2022-01-15 08:49:33 - [MESSAGE][PASSED] - Text 'admin' is set on object 'Object Repository/edit profile/Page_Home page Log in to the site/input_Username_username'

2022-01-15 08:49:33 - [TEST_STEP][PASSED] - setEncryptedText(findTestObject("Object Repository/edit profile/Page_Home page Log in to the site/input_Password_password"), "OFhcon1PzObx3ErJAwGfGA=="): Text ****** has been set on object 'Object Repository/edit profile/Page_Home page Log in to the site/input_Password_password'

2022-01-15 08:49:33 - [MESSAGE][PASSED] - Text ****** has been set on object 'Object Repository/edit profile/Page_Home page Log in to the site/input_Password_password'

2022-01-15 08:49:33 - [TEST_STEP][PASSED] - click(findTestObject("Object Repository/edit profile/Page_Home page Log in to the site/button_Log in")): Object: 'Object Repository/edit profile/Page_Home page Log in to the site/button_Log in' is clicked on

2022-01-15 08:49:35 - [MESSAGE][PASSED] - Object: 'Object Repository/edit profile/Page_Home page Log in to the site/button_Log in' is clicked on

2022-01-15 08:49:35 - [TEST_STEP][PASSED] - click(findTestObject("Object Repository/edit profile/Page_Dashboard/a_Site administration")): Object: 'Object Repository/edit profile/Page_Dashboard/a_Site administration' is clicked on

2022-01-15 08:49:36 - [MESSAGE][PASSED] - Object: 'Object Repository/edit profile/Page_Dashboard/a_Site administration' is clicked on

2022-01-15 08:49:36 - [TEST_STEP][PASSED] - click(findTestObject("Object Repository/edit profile/Page_Group10 Administration Search/a_Users")): Object: 'Object Repository/edit profile/Page_Group10 Administration Search/a_Users' is clicked on

2022-01-15 08:49:37 - [MESSAGE][PASSED] - Object: 'Object Repository/edit profile/Page_Group10 Administration Search/a_Users' is clicked on

2022-01-15 08:49:37 - [TEST_STEP][PASSED] - click(findTestObject("Object Repository/edit profile/Page_Group10 Administration Search/a_Browse list of users")): Object: 'Object Repository/edit profile/Page_Group10 Administration Search/a_Browse list of users' is clicked on

2022-01-15 08:49:39 - [MESSAGE][PASSED] - Object: 'Object Repository/edit profile/Page_Group10 Administration Search/a_Browse list of users' is clicked on

2022-01-15 08:49:39 - [TEST_STEP][PASSED] - verifyElementText(findTestObject("Page_Group10 Administration Users Accounts Browse list of users/td_HCM"), "HCM"): Actual text and expected text of test object 'Object Repository/Page_Group10 Administration Users Accounts Browse list of users/td_HCM' are matched.

2022-01-15 08:49:39 - [MESSAGE][PASSED] - Actual text and expected text of test object 'Object Repository/Page_Group10 Administration Users Accounts Browse list of users/td_HCM' are matched.

2022-01-15 08:49:39 - [TEST_STEP][PASSED] - closeBrowser(): Browser is closed

2022-01-15 08:49:40 - [MESSAGE][PASSED] - Browser is closed]]></system-out>
         <system-err><![CDATA[]]></system-err>
      </testcase>
      <testcase name="Test Cases/Search Course" time="10.395" classname="Test Cases/Search Course" status="PASSED">
         <system-out><![CDATA[2022-01-15 08:49:40 - [TEST_CASE][PASSED] - Test Cases/Search Course: Test Cases/Search Course

2022-01-15 08:49:40 - [TEST_STEP][PASSED] - openBrowser(""): Browser is opened with url: ''

2022-01-15 08:49:40 - [MESSAGE][INFO] - Starting 'Edge Chromium' driver

2022-01-15 08:49:41 - [MESSAGE][INFO] - Action delay is set to 0 milliseconds

2022-01-15 08:49:41 - [MESSAGE][PASSED] - Browser is opened with url: ''

2022-01-15 08:49:41 - [TEST_STEP][PASSED] - navigateToUrl("http://localhost/"): Navigate to 'http://localhost/' successfully

2022-01-15 08:49:42 - [MESSAGE][PASSED] - Navigate to 'http://localhost/' successfully

2022-01-15 08:49:42 - [TEST_STEP][PASSED] - click(findTestObject("Object Repository/search/Page_Home page/a_Log in")): Object: 'Object Repository/search/Page_Home page/a_Log in' is clicked on

2022-01-15 08:49:44 - [MESSAGE][PASSED] - Object: 'Object Repository/search/Page_Home page/a_Log in' is clicked on

2022-01-15 08:49:44 - [TEST_STEP][PASSED] - setText(findTestObject("Object Repository/search/Page_Home page Log in to the site/input_Username_username"), "student1"): Text 'student1' is set on object 'Object Repository/search/Page_Home page Log in to the site/input_Username_username'

2022-01-15 08:49:44 - [MESSAGE][PASSED] - Text 'student1' is set on object 'Object Repository/search/Page_Home page Log in to the site/input_Username_username'

2022-01-15 08:49:44 - [TEST_STEP][PASSED] - setEncryptedText(findTestObject("Page_Home page Log in to the site/input_Password_password (1)"), "OFhcon1PzObx3ErJAwGfGA=="): Text ****** has been set on object 'Object Repository/Page_Home page Log in to the site/input_Password_password (1)'

2022-01-15 08:49:45 - [MESSAGE][PASSED] - Text ****** has been set on object 'Object Repository/Page_Home page Log in to the site/input_Password_password (1)'

2022-01-15 08:49:45 - [TEST_STEP][PASSED] - click(findTestObject("Object Repository/search/Page_Home page Log in to the site/button_Log in")): Object: 'Object Repository/search/Page_Home page Log in to the site/button_Log in' is clicked on

2022-01-15 08:49:46 - [MESSAGE][PASSED] - Object: 'Object Repository/search/Page_Home page Log in to the site/button_Log in' is clicked on

2022-01-15 08:49:46 - [TEST_STEP][PASSED] - click(findTestObject("Object Repository/search/Page_Dashboard/a_Home")): Object: 'Object Repository/search/Page_Dashboard/a_Home' is clicked on

2022-01-15 08:49:47 - [MESSAGE][PASSED] - Object: 'Object Repository/search/Page_Dashboard/a_Home' is clicked on

2022-01-15 08:49:47 - [TEST_STEP][PASSED] - setText(findTestObject("Object Repository/search/Page_Home page/input_Search courses_q"), "SE"): Text 'SE' is set on object 'Object Repository/search/Page_Home page/input_Search courses_q'

2022-01-15 08:49:48 - [MESSAGE][PASSED] - Text 'SE' is set on object 'Object Repository/search/Page_Home page/input_Search courses_q'

2022-01-15 08:49:48 - [TEST_STEP][PASSED] - click(findTestObject("Object Repository/search/Page_Home page/i_Search courses_icon fa fa-search fa-fw")): Object: 'Object Repository/search/Page_Home page/i_Search courses_icon fa fa-search fa-fw' is clicked on

2022-01-15 08:49:49 - [MESSAGE][PASSED] - Object: 'Object Repository/search/Page_Home page/i_Search courses_icon fa fa-search fa-fw' is clicked on

2022-01-15 08:49:49 - [TEST_STEP][PASSED] - verifyElementClickable(findTestObject("Object Repository/search/Page_Home page  Search results/a_Software Engineering")): Object 'Object Repository/search/Page_Home page  Search results/a_Software Engineering' is clickable

2022-01-15 08:49:50 - [MESSAGE][PASSED] - Object 'Object Repository/search/Page_Home page  Search results/a_Software Engineering' is clickable

2022-01-15 08:49:50 - [TEST_STEP][PASSED] - closeBrowser(): Browser is closed

2022-01-15 08:49:50 - [MESSAGE][PASSED] - Browser is closed]]></system-out>
         <system-err><![CDATA[]]></system-err>
      </testcase>
      <testcase name="Test Cases/Add a category - ADMIN" time="21.347" classname="Test Cases/Add a category - ADMIN" status="PASSED">
         <system-out><![CDATA[2022-01-15 08:49:50 - [TEST_CASE][PASSED] - Test Cases/Add a category - ADMIN: Test Cases/Add a category - ADMIN

2022-01-15 08:49:51 - [TEST_STEP][PASSED] - openBrowser(""): Browser is opened with url: ''

2022-01-15 08:49:51 - [MESSAGE][INFO] - Starting 'Edge Chromium' driver

2022-01-15 08:49:51 - [MESSAGE][INFO] - Action delay is set to 0 milliseconds

2022-01-15 08:49:52 - [MESSAGE][PASSED] - Browser is opened with url: ''

2022-01-15 08:49:52 - [TEST_STEP][PASSED] - navigateToUrl("http://localhost/"): Navigate to 'http://localhost/' successfully

2022-01-15 08:49:53 - [MESSAGE][PASSED] - Navigate to 'http://localhost/' successfully

2022-01-15 08:49:53 - [TEST_STEP][PASSED] - click(findTestObject("Object Repository/Page_Home page/a_Log in")): Object: 'Object Repository/Page_Home page/a_Log in' is clicked on

2022-01-15 08:49:54 - [MESSAGE][PASSED] - Object: 'Object Repository/Page_Home page/a_Log in' is clicked on

2022-01-15 08:49:54 - [TEST_STEP][PASSED] - setText(findTestObject("Object Repository/Page_Home page Log in to the site/input_Username_username"), "admin"): Text 'admin' is set on object 'Object Repository/Page_Home page Log in to the site/input_Username_username'

2022-01-15 08:49:54 - [MESSAGE][PASSED] - Text 'admin' is set on object 'Object Repository/Page_Home page Log in to the site/input_Username_username'

2022-01-15 08:49:54 - [TEST_STEP][PASSED] - setEncryptedText(findTestObject("Object Repository/Page_Home page Log in to the site/input_Password_password"), "OFhcon1PzObx3ErJAwGfGA=="): Text ****** has been set on object 'Object Repository/Page_Home page Log in to the site/input_Password_password'

2022-01-15 08:49:55 - [MESSAGE][PASSED] - Text ****** has been set on object 'Object Repository/Page_Home page Log in to the site/input_Password_password'

2022-01-15 08:49:55 - [TEST_STEP][PASSED] - click(findTestObject("Object Repository/Page_Home page Log in to the site/button_Log in")): Object: 'Object Repository/Page_Home page Log in to the site/button_Log in' is clicked on

2022-01-15 08:49:57 - [MESSAGE][PASSED] - Object: 'Object Repository/Page_Home page Log in to the site/button_Log in' is clicked on

2022-01-15 08:49:57 - [TEST_STEP][PASSED] - click(findTestObject("Object Repository/Page_Dashboard/a_Site administration")): Object: 'Object Repository/Page_Dashboard/a_Site administration' is clicked on

2022-01-15 08:49:59 - [MESSAGE][PASSED] - Object: 'Object Repository/Page_Dashboard/a_Site administration' is clicked on

2022-01-15 08:49:59 - [TEST_STEP][PASSED] - click(findTestObject("Object Repository/Page_Group10 Administration Search/a_Courses")): Object: 'Object Repository/Page_Group10 Administration Search/a_Courses' is clicked on

2022-01-15 08:49:59 - [MESSAGE][PASSED] - Object: 'Object Repository/Page_Group10 Administration Search/a_Courses' is clicked on

2022-01-15 08:49:59 - [TEST_STEP][PASSED] - click(findTestObject("Object Repository/Page_Group10 Administration Search/a_Add a category")): Object: 'Object Repository/Page_Group10 Administration Search/a_Add a category' is clicked on

2022-01-15 08:50:01 - [MESSAGE][PASSED] - Object: 'Object Repository/Page_Group10 Administration Search/a_Add a category' is clicked on

2022-01-15 08:50:01 - [TEST_STEP][PASSED] - setText(findTestObject("Object Repository/Page_Group10 Add new category/input_Category name_name"), "CHƯƠNG TRÌNH CHẤT LƯỢNG CAO (CLC)"): Text 'CHƯƠNG TRÌNH CHẤT LƯỢNG CAO (CLC)' is set on object 'Object Repository/Page_Group10 Add new category/input_Category name_name'

2022-01-15 08:50:02 - [MESSAGE][PASSED] - Text 'CHƯƠNG TRÌNH CHẤT LƯỢNG CAO (CLC)' is set on object 'Object Repository/Page_Group10 Add new category/input_Category name_name'

2022-01-15 08:50:02 - [TEST_STEP][PASSED] - click(findTestObject("Object Repository/Page_Group10 Add new category/input_Rich text editor_submitbutton")): Object: 'Object Repository/Page_Group10 Add new category/input_Rich text editor_submitbutton' is clicked on

2022-01-15 08:50:04 - [MESSAGE][PASSED] - Object: 'Object Repository/Page_Group10 Add new category/input_Rich text editor_submitbutton' is clicked on

2022-01-15 08:50:04 - [TEST_STEP][PASSED] - click(findTestObject("Object Repository/Page_Course and category management/a_CHNG TRNH CHT LNG CAO (CLC)_action-menu-toggle-3")): Object: 'Object Repository/Page_Course and category management/a_CHNG TRNH CHT LNG CAO (CLC)_action-menu-toggle-3' is clicked on

2022-01-15 08:50:05 - [MESSAGE][PASSED] - Object: 'Object Repository/Page_Course and category management/a_CHNG TRNH CHT LNG CAO (CLC)_action-menu-toggle-3' is clicked on

2022-01-15 08:50:05 - [TEST_STEP][PASSED] - click(findTestObject("Object Repository/Page_Course and category management/span_Delete")): Object: 'Object Repository/Page_Course and category management/span_Delete' is clicked on

2022-01-15 08:50:06 - [MESSAGE][PASSED] - Object: 'Object Repository/Page_Course and category management/span_Delete' is clicked on

2022-01-15 08:50:06 - [TEST_STEP][PASSED] - click(findTestObject("Object Repository/Page_Course and category management/input_Delete all - cannot be undone_submitbutton")): Object: 'Object Repository/Page_Course and category management/input_Delete all - cannot be undone_submitbutton' is clicked on

2022-01-15 08:50:08 - [MESSAGE][PASSED] - Object: 'Object Repository/Page_Course and category management/input_Delete all - cannot be undone_submitbutton' is clicked on

2022-01-15 08:50:08 - [TEST_STEP][PASSED] - click(findTestObject("Object Repository/Page_Course and category management/button_Continue")): Object: 'Object Repository/Page_Course and category management/button_Continue' is clicked on

2022-01-15 08:50:09 - [MESSAGE][PASSED] - Object: 'Object Repository/Page_Course and category management/button_Continue' is clicked on

2022-01-15 08:50:09 - [TEST_STEP][PASSED] - click(findTestObject("Object Repository/Page_Course and category management/a_AU")): Object: 'Object Repository/Page_Course and category management/a_AU' is clicked on

2022-01-15 08:50:10 - [MESSAGE][PASSED] - Object: 'Object Repository/Page_Course and category management/a_AU' is clicked on

2022-01-15 08:50:10 - [TEST_STEP][PASSED] - click(findTestObject("Object Repository/Page_Course and category management/a_Log out")): Object: 'Object Repository/Page_Course and category management/a_Log out' is clicked on

2022-01-15 08:50:11 - [MESSAGE][PASSED] - Object: 'Object Repository/Page_Course and category management/a_Log out' is clicked on

2022-01-15 08:50:11 - [TEST_STEP][PASSED] - closeBrowser(): Browser is closed

2022-01-15 08:50:12 - [MESSAGE][PASSED] - Browser is closed]]></system-out>
         <system-err><![CDATA[]]></system-err>
      </testcase>
      <testcase name="Test Cases/Add a new course - ADMIN" time="34.889" classname="Test Cases/Add a new course - ADMIN" status="PASSED">
         <system-out><![CDATA[2022-01-15 08:50:12 - [TEST_CASE][PASSED] - Test Cases/Add a new course - ADMIN: Test Cases/Add a new course - ADMIN

2022-01-15 08:50:12 - [TEST_STEP][PASSED] - openBrowser(""): Browser is opened with url: ''

2022-01-15 08:50:12 - [MESSAGE][INFO] - Starting 'Edge Chromium' driver

2022-01-15 08:50:13 - [MESSAGE][INFO] - Action delay is set to 0 milliseconds

2022-01-15 08:50:13 - [MESSAGE][PASSED] - Browser is opened with url: ''

2022-01-15 08:50:13 - [TEST_STEP][PASSED] - navigateToUrl("http://localhost/"): Navigate to 'http://localhost/' successfully

2022-01-15 08:50:14 - [MESSAGE][PASSED] - Navigate to 'http://localhost/' successfully

2022-01-15 08:50:14 - [TEST_STEP][PASSED] - click(findTestObject("Object Repository/Page_Home page/a_Log in")): Object: 'Object Repository/Page_Home page/a_Log in' is clicked on

2022-01-15 08:50:15 - [MESSAGE][PASSED] - Object: 'Object Repository/Page_Home page/a_Log in' is clicked on

2022-01-15 08:50:15 - [TEST_STEP][PASSED] - setText(findTestObject("Object Repository/Page_Home page Log in to the site/input_Username_username"), "admin"): Text 'admin' is set on object 'Object Repository/Page_Home page Log in to the site/input_Username_username'

2022-01-15 08:50:16 - [MESSAGE][PASSED] - Text 'admin' is set on object 'Object Repository/Page_Home page Log in to the site/input_Username_username'

2022-01-15 08:50:16 - [TEST_STEP][PASSED] - setEncryptedText(findTestObject("Object Repository/Page_Home page Log in to the site/input_Password_password"), "OFhcon1PzObx3ErJAwGfGA=="): Text ****** has been set on object 'Object Repository/Page_Home page Log in to the site/input_Password_password'

2022-01-15 08:50:17 - [MESSAGE][PASSED] - Text ****** has been set on object 'Object Repository/Page_Home page Log in to the site/input_Password_password'

2022-01-15 08:50:17 - [TEST_STEP][PASSED] - click(findTestObject("Object Repository/Page_Home page Log in to the site/button_Log in")): Object: 'Object Repository/Page_Home page Log in to the site/button_Log in' is clicked on

2022-01-15 08:50:18 - [MESSAGE][PASSED] - Object: 'Object Repository/Page_Home page Log in to the site/button_Log in' is clicked on

2022-01-15 08:50:18 - [TEST_STEP][PASSED] - click(findTestObject("Object Repository/Page_Dashboard/a_Site administration")): Object: 'Object Repository/Page_Dashboard/a_Site administration' is clicked on

2022-01-15 08:50:20 - [MESSAGE][PASSED] - Object: 'Object Repository/Page_Dashboard/a_Site administration' is clicked on

2022-01-15 08:50:20 - [TEST_STEP][PASSED] - click(findTestObject("Object Repository/Page_Group10 Administration Search/a_Courses")): Object: 'Object Repository/Page_Group10 Administration Search/a_Courses' is clicked on

2022-01-15 08:50:21 - [MESSAGE][PASSED] - Object: 'Object Repository/Page_Group10 Administration Search/a_Courses' is clicked on

2022-01-15 08:50:21 - [TEST_STEP][PASSED] - click(findTestObject("Object Repository/Page_Group10 Administration Search/a_Add a new course")): Object: 'Object Repository/Page_Group10 Administration Search/a_Add a new course' is clicked on

2022-01-15 08:50:22 - [MESSAGE][PASSED] - Object: 'Object Repository/Page_Group10 Administration Search/a_Add a new course' is clicked on

2022-01-15 08:50:22 - [TEST_STEP][PASSED] - setText(findTestObject("Object Repository/Page_Group10 Add a new course/input_Course full name_fullname"), "System Engineering Test Automation"): Text 'System Engineering Test Automation' is set on object 'Object Repository/Page_Group10 Add a new course/input_Course full name_fullname'

2022-01-15 08:50:24 - [MESSAGE][PASSED] - Text 'System Engineering Test Automation' is set on object 'Object Repository/Page_Group10 Add a new course/input_Course full name_fullname'

2022-01-15 08:50:24 - [TEST_STEP][PASSED] - setText(findTestObject("Object Repository/Page_Group10 Add a new course/input_Course short name_shortname"), "SE TA"): Text 'SE TA' is set on object 'Object Repository/Page_Group10 Add a new course/input_Course short name_shortname'

2022-01-15 08:50:25 - [MESSAGE][PASSED] - Text 'SE TA' is set on object 'Object Repository/Page_Group10 Add a new course/input_Course short name_shortname'

2022-01-15 08:50:25 - [TEST_STEP][PASSED] - click(findTestObject("Object Repository/Page_Group10 Add a new course/input_Enable_enddateenabled")): Object: 'Object Repository/Page_Group10 Add a new course/input_Enable_enddateenabled' is clicked on

2022-01-15 08:50:25 - [MESSAGE][PASSED] - Object: 'Object Repository/Page_Group10 Add a new course/input_Enable_enddateenabled' is clicked on

2022-01-15 08:50:25 - [TEST_STEP][PASSED] - click(findTestObject("Object Repository/Page_Group10 Add a new course/input__saveanddisplay")): Object: 'Object Repository/Page_Group10 Add a new course/input__saveanddisplay' is clicked on

2022-01-15 08:50:27 - [MESSAGE][PASSED] - Object: 'Object Repository/Page_Group10 Add a new course/input__saveanddisplay' is clicked on

2022-01-15 08:50:27 - [TEST_STEP][PASSED] - click(findTestObject("Object Repository/Page_Course System Engineering Test Automation/a_My courses")): Object: 'Object Repository/Page_Course System Engineering Test Automation/a_My courses' is clicked on

2022-01-15 08:50:28 - [MESSAGE][PASSED] - Object: 'Object Repository/Page_Course System Engineering Test Automation/a_My courses' is clicked on

2022-01-15 08:50:28 - [TEST_STEP][PASSED] - click(findTestObject("Object Repository/Page_My courses/span_System Engineering Test Automation")): Object: 'Object Repository/Page_My courses/span_System Engineering Test Automation' is clicked on

2022-01-15 08:50:30 - [MESSAGE][PASSED] - Object: 'Object Repository/Page_My courses/span_System Engineering Test Automation' is clicked on

2022-01-15 08:50:30 - [TEST_STEP][PASSED] - click(findTestObject("Object Repository/Page_Course System Engineering Test Automation/a_Site administration")): Object: 'Object Repository/Page_Course System Engineering Test Automation/a_Site administration' is clicked on

2022-01-15 08:50:32 - [MESSAGE][PASSED] - Object: 'Object Repository/Page_Course System Engineering Test Automation/a_Site administration' is clicked on

2022-01-15 08:50:32 - [TEST_STEP][PASSED] - click(findTestObject("Object Repository/Page_Group10 Administration Search/a_Courses")): Object: 'Object Repository/Page_Group10 Administration Search/a_Courses' is clicked on

2022-01-15 08:50:32 - [MESSAGE][PASSED] - Object: 'Object Repository/Page_Group10 Administration Search/a_Courses' is clicked on

2022-01-15 08:50:32 - [TEST_STEP][PASSED] - click(findTestObject("Object Repository/Page_Group10 Administration Search/a_Manage courses and categories")): Object: 'Object Repository/Page_Group10 Administration Search/a_Manage courses and categories' is clicked on

2022-01-15 08:50:34 - [MESSAGE][PASSED] - Object: 'Object Repository/Page_Group10 Administration Search/a_Manage courses and categories' is clicked on

2022-01-15 08:50:34 - [TEST_STEP][PASSED] - click(findTestObject("Object Repository/Page_Course and category management/i_System Engineering Test Automation_yui_3__c80082")): Object: 'Object Repository/Page_Course and category management/i_System Engineering Test Automation_yui_3__c80082' is clicked on

2022-01-15 08:50:38 - [MESSAGE][PASSED] - Object: 'Object Repository/Page_Course and category management/i_System Engineering Test Automation_yui_3__c80082' is clicked on

2022-01-15 08:50:38 - [TEST_STEP][PASSED] - click(findTestObject("Object Repository/Page_Group10 Delete SE TA/button_Delete")): Object: 'Object Repository/Page_Group10 Delete SE TA/button_Delete' is clicked on

2022-01-15 08:50:43 - [MESSAGE][PASSED] - Object: 'Object Repository/Page_Group10 Delete SE TA/button_Delete' is clicked on

2022-01-15 08:50:43 - [TEST_STEP][PASSED] - click(findTestObject("Page_Group10 Delete SE TA/button_Continue")): Object: 'Object Repository/Page_Group10 Delete SE TA/button_Continue' is clicked on

2022-01-15 08:50:44 - [MESSAGE][PASSED] - Object: 'Object Repository/Page_Group10 Delete SE TA/button_Continue' is clicked on

2022-01-15 08:50:44 - [TEST_STEP][PASSED] - click(findTestObject("Object Repository/Page_Course and category management/a_AU")): Object: 'Object Repository/Page_Course and category management/a_AU' is clicked on

2022-01-15 08:50:45 - [MESSAGE][PASSED] - Object: 'Object Repository/Page_Course and category management/a_AU' is clicked on

2022-01-15 08:50:45 - [TEST_STEP][PASSED] - click(findTestObject("Object Repository/Page_Course and category management/a_Log out")): Object: 'Object Repository/Page_Course and category management/a_Log out' is clicked on

2022-01-15 08:50:46 - [MESSAGE][PASSED] - Object: 'Object Repository/Page_Course and category management/a_Log out' is clicked on

2022-01-15 08:50:46 - [TEST_STEP][PASSED] - closeBrowser(): Browser is closed

2022-01-15 08:50:47 - [MESSAGE][PASSED] - Browser is closed]]></system-out>
         <system-err><![CDATA[]]></system-err>
      </testcase>
      <testcase name="Test Cases/Add course by file - ADMIN" time="41.537" classname="Test Cases/Add course by file - ADMIN" status="PASSED">
         <system-out><![CDATA[2022-01-15 08:50:47 - [TEST_CASE][PASSED] - Test Cases/Add course by file - ADMIN: Test Cases/Add course by file - ADMIN

2022-01-15 08:50:47 - [TEST_STEP][PASSED] - openBrowser(""): Browser is opened with url: ''

2022-01-15 08:50:47 - [MESSAGE][INFO] - Starting 'Edge Chromium' driver

2022-01-15 08:50:47 - [MESSAGE][INFO] - Action delay is set to 0 milliseconds

2022-01-15 08:50:48 - [MESSAGE][PASSED] - Browser is opened with url: ''

2022-01-15 08:50:48 - [TEST_STEP][PASSED] - navigateToUrl("http://localhost/"): Navigate to 'http://localhost/' successfully

2022-01-15 08:50:49 - [MESSAGE][PASSED] - Navigate to 'http://localhost/' successfully

2022-01-15 08:50:49 - [TEST_STEP][PASSED] - click(findTestObject("Object Repository/Page_Home page/a_Log in")): Object: 'Object Repository/Page_Home page/a_Log in' is clicked on

2022-01-15 08:50:50 - [MESSAGE][PASSED] - Object: 'Object Repository/Page_Home page/a_Log in' is clicked on

2022-01-15 08:50:50 - [TEST_STEP][PASSED] - setText(findTestObject("Object Repository/Page_Home page Log in to the site/input_Username_username"), "admin"): Text 'admin' is set on object 'Object Repository/Page_Home page Log in to the site/input_Username_username'

2022-01-15 08:50:51 - [MESSAGE][PASSED] - Text 'admin' is set on object 'Object Repository/Page_Home page Log in to the site/input_Username_username'

2022-01-15 08:50:51 - [TEST_STEP][PASSED] - setEncryptedText(findTestObject("Object Repository/Page_Home page Log in to the site/input_Password_password"), "OFhcon1PzObx3ErJAwGfGA=="): Text ****** has been set on object 'Object Repository/Page_Home page Log in to the site/input_Password_password'

2022-01-15 08:50:51 - [MESSAGE][PASSED] - Text ****** has been set on object 'Object Repository/Page_Home page Log in to the site/input_Password_password'

2022-01-15 08:50:51 - [TEST_STEP][PASSED] - click(findTestObject("Object Repository/Page_Home page Log in to the site/button_Log in")): Object: 'Object Repository/Page_Home page Log in to the site/button_Log in' is clicked on

2022-01-15 08:50:53 - [MESSAGE][PASSED] - Object: 'Object Repository/Page_Home page Log in to the site/button_Log in' is clicked on

2022-01-15 08:50:53 - [TEST_STEP][PASSED] - click(findTestObject("Object Repository/Page_Dashboard/a_Site administration")): Object: 'Object Repository/Page_Dashboard/a_Site administration' is clicked on

2022-01-15 08:50:55 - [MESSAGE][PASSED] - Object: 'Object Repository/Page_Dashboard/a_Site administration' is clicked on

2022-01-15 08:50:55 - [TEST_STEP][PASSED] - click(findTestObject("Object Repository/Page_Group10 Administration Search/a_Courses")): Object: 'Object Repository/Page_Group10 Administration Search/a_Courses' is clicked on

2022-01-15 08:50:56 - [MESSAGE][PASSED] - Object: 'Object Repository/Page_Group10 Administration Search/a_Courses' is clicked on

2022-01-15 08:50:56 - [TEST_STEP][PASSED] - click(findTestObject("Object Repository/Page_Group10 Administration Search/a_Upload courses")): Object: 'Object Repository/Page_Group10 Administration Search/a_Upload courses' is clicked on

2022-01-15 08:50:57 - [MESSAGE][PASSED] - Object: 'Object Repository/Page_Group10 Administration Search/a_Upload courses' is clicked on

2022-01-15 08:50:57 - [TEST_STEP][PASSED] - click(findTestObject("Object Repository/Page_Group10 Administration Courses Upload courses/input_File_coursefilechoose")): Object: 'Object Repository/Page_Group10 Administration Courses Upload courses/input_File_coursefilechoose' is clicked on

2022-01-15 08:50:58 - [MESSAGE][PASSED] - Object: 'Object Repository/Page_Group10 Administration Courses Upload courses/input_File_coursefilechoose' is clicked on

2022-01-15 08:50:58 - [TEST_STEP][PASSED] - uploadFile(findTestObject("Object Repository/Page_Group10 Administration Courses Upload courses/input_Attachment_repo_upload_file"), "D:\TestAutomation-SEBonus-Group10\course.csv"): File 'D:\TestAutomation-SEBonus-Group10\course.csv' sent to object: 'Object Repository/Page_Group10 Administration Courses Upload courses/input_Attachment_repo_upload_file'

2022-01-15 08:50:58 - [MESSAGE][PASSED] - File 'D:\TestAutomation-SEBonus-Group10\course.csv' sent to object: 'Object Repository/Page_Group10 Administration Courses Upload courses/input_Attachment_repo_upload_file'

2022-01-15 08:50:58 - [TEST_STEP][PASSED] - click(findTestObject("Object Repository/Page_Group10 Administration Courses Upload courses/button_Upload this file")): Object: 'Object Repository/Page_Group10 Administration Courses Upload courses/button_Upload this file' is clicked on

2022-01-15 08:50:59 - [MESSAGE][PASSED] - Object: 'Object Repository/Page_Group10 Administration Courses Upload courses/button_Upload this file' is clicked on

2022-01-15 08:50:59 - [TEST_STEP][PASSED] - click(findTestObject("Object Repository/Page_Group10 Administration Courses Upload courses/input_Allow resets_submitbutton")): Object: 'Object Repository/Page_Group10 Administration Courses Upload courses/input_Allow resets_submitbutton' is clicked on

2022-01-15 08:51:00 - [MESSAGE][PASSED] - Object: 'Object Repository/Page_Group10 Administration Courses Upload courses/input_Allow resets_submitbutton' is clicked on

2022-01-15 08:51:00 - [TEST_STEP][PASSED] - click(findTestObject("Object Repository/Page_Group10 Administration Courses Upload courses/input_Enable_defaultsenddateenabled")): Object: 'Object Repository/Page_Group10 Administration Courses Upload courses/input_Enable_defaultsenddateenabled' is clicked on

2022-01-15 08:51:01 - [MESSAGE][PASSED] - Object: 'Object Repository/Page_Group10 Administration Courses Upload courses/input_Enable_defaultsenddateenabled' is clicked on

2022-01-15 08:51:01 - [TEST_STEP][PASSED] - click(findTestObject("Object Repository/Page_Group10 Administration Courses Upload courses/input_Allow resets_submitbutton")): Object: 'Object Repository/Page_Group10 Administration Courses Upload courses/input_Allow resets_submitbutton' is clicked on

2022-01-15 08:51:03 - [MESSAGE][PASSED] - Object: 'Object Repository/Page_Group10 Administration Courses Upload courses/input_Allow resets_submitbutton' is clicked on

2022-01-15 08:51:03 - [TEST_STEP][PASSED] - click(findTestObject("Object Repository/Page_Group10 Administration Courses Upload courses/button_Continue")): Object: 'Object Repository/Page_Group10 Administration Courses Upload courses/button_Continue' is clicked on

2022-01-15 08:51:04 - [MESSAGE][PASSED] - Object: 'Object Repository/Page_Group10 Administration Courses Upload courses/button_Continue' is clicked on

2022-01-15 08:51:04 - [TEST_STEP][PASSED] - click(findTestObject("Object Repository/Page_Group10 Administration Courses Upload courses/a_Courses")): Object: 'Object Repository/Page_Group10 Administration Courses Upload courses/a_Courses' is clicked on

2022-01-15 08:51:06 - [MESSAGE][PASSED] - Object: 'Object Repository/Page_Group10 Administration Courses Upload courses/a_Courses' is clicked on

2022-01-15 08:51:06 - [TEST_STEP][PASSED] - click(findTestObject("Object Repository/Page_Group10 Administration Search/a_Manage courses and categories")): Object: 'Object Repository/Page_Group10 Administration Search/a_Manage courses and categories' is clicked on

2022-01-15 08:51:07 - [MESSAGE][PASSED] - Object: 'Object Repository/Page_Group10 Administration Search/a_Manage courses and categories' is clicked on

2022-01-15 08:51:07 - [TEST_STEP][PASSED] - click(findTestObject("Object Repository/Page_Course and category management/a_Sort courses")): Object: 'Object Repository/Page_Course and category management/a_Sort courses' is clicked on

2022-01-15 08:51:08 - [MESSAGE][PASSED] - Object: 'Object Repository/Page_Course and category management/a_Sort courses' is clicked on

2022-01-15 08:51:08 - [TEST_STEP][PASSED] - click(findTestObject("Object Repository/Page_Course and category management/span_Sort by Course time created descending")): Object: 'Object Repository/Page_Course and category management/span_Sort by Course time created descending' is clicked on

2022-01-15 08:51:09 - [MESSAGE][PASSED] - Object: 'Object Repository/Page_Course and category management/span_Sort by Course time created descending' is clicked on

2022-01-15 08:51:09 - [TEST_STEP][PASSED] - click(findTestObject("Object Repository/Page_Course and category management/i_Course restored 4_yui_3_17_2_1_1642036973057_625")): Object: 'Object Repository/Page_Course and category management/i_Course restored 4_yui_3_17_2_1_1642036973057_625' is clicked on

2022-01-15 08:51:11 - [MESSAGE][PASSED] - Object: 'Object Repository/Page_Course and category management/i_Course restored 4_yui_3_17_2_1_1642036973057_625' is clicked on

2022-01-15 08:51:11 - [TEST_STEP][PASSED] - click(findTestObject("Object Repository/Page_Group10 Delete courserestored4/button_Delete")): Object: 'Object Repository/Page_Group10 Delete courserestored4/button_Delete' is clicked on

2022-01-15 08:51:12 - [MESSAGE][PASSED] - Object: 'Object Repository/Page_Group10 Delete courserestored4/button_Delete' is clicked on

2022-01-15 08:51:12 - [TEST_STEP][PASSED] - click(findTestObject("Object Repository/Page_Group10 Deleting courserestored4/button_Continue")): Object: 'Object Repository/Page_Group10 Deleting courserestored4/button_Continue' is clicked on

2022-01-15 08:51:13 - [MESSAGE][PASSED] - Object: 'Object Repository/Page_Group10 Deleting courserestored4/button_Continue' is clicked on

2022-01-15 08:51:13 - [TEST_STEP][PASSED] - click(findTestObject("Object Repository/Page_Course and category management/i_Course restored 3_yui_3_17_2_1_1642037030374_504")): Object: 'Object Repository/Page_Course and category management/i_Course restored 3_yui_3_17_2_1_1642037030374_504' is clicked on

2022-01-15 08:51:15 - [MESSAGE][PASSED] - Object: 'Object Repository/Page_Course and category management/i_Course restored 3_yui_3_17_2_1_1642037030374_504' is clicked on

2022-01-15 08:51:15 - [TEST_STEP][PASSED] - click(findTestObject("Object Repository/Page_Group10 Delete courserestored3/button_Delete")): Object: 'Object Repository/Page_Group10 Delete courserestored3/button_Delete' is clicked on

2022-01-15 08:51:16 - [MESSAGE][PASSED] - Object: 'Object Repository/Page_Group10 Delete courserestored3/button_Delete' is clicked on

2022-01-15 08:51:16 - [TEST_STEP][PASSED] - click(findTestObject("Object Repository/Page_Group10 Deleting courserestored3/button_Continue")): Object: 'Object Repository/Page_Group10 Deleting courserestored3/button_Continue' is clicked on

2022-01-15 08:51:18 - [MESSAGE][PASSED] - Object: 'Object Repository/Page_Group10 Deleting courserestored3/button_Continue' is clicked on

2022-01-15 08:51:18 - [TEST_STEP][PASSED] - click(findTestObject("Object Repository/Page_Course and category management/i_Course restored 2_yui_3_17_2_1_1642037037091_442")): Object: 'Object Repository/Page_Course and category management/i_Course restored 2_yui_3_17_2_1_1642037037091_442' is clicked on

2022-01-15 08:51:19 - [MESSAGE][PASSED] - Object: 'Object Repository/Page_Course and category management/i_Course restored 2_yui_3_17_2_1_1642037037091_442' is clicked on

2022-01-15 08:51:19 - [TEST_STEP][PASSED] - click(findTestObject("Object Repository/Page_Group10 Delete courserestored2/button_Delete")): Object: 'Object Repository/Page_Group10 Delete courserestored2/button_Delete' is clicked on

2022-01-15 08:51:20 - [MESSAGE][PASSED] - Object: 'Object Repository/Page_Group10 Delete courserestored2/button_Delete' is clicked on

2022-01-15 08:51:20 - [TEST_STEP][PASSED] - click(findTestObject("Object Repository/Page_Group10 Deleting courserestored2/button_Continue")): Object: 'Object Repository/Page_Group10 Deleting courserestored2/button_Continue' is clicked on

2022-01-15 08:51:21 - [MESSAGE][PASSED] - Object: 'Object Repository/Page_Group10 Deleting courserestored2/button_Continue' is clicked on

2022-01-15 08:51:22 - [TEST_STEP][PASSED] - click(findTestObject("Object Repository/Page_Course and category management/i_Course restored_yui_3_17_2_1_1642037043486_382")): Object: 'Object Repository/Page_Course and category management/i_Course restored_yui_3_17_2_1_1642037043486_382' is clicked on

2022-01-15 08:51:23 - [MESSAGE][PASSED] - Object: 'Object Repository/Page_Course and category management/i_Course restored_yui_3_17_2_1_1642037043486_382' is clicked on

2022-01-15 08:51:23 - [TEST_STEP][PASSED] - click(findTestObject("Object Repository/Page_Group10 Delete courserestored/button_Delete")): Object: 'Object Repository/Page_Group10 Delete courserestored/button_Delete' is clicked on

2022-01-15 08:51:24 - [MESSAGE][PASSED] - Object: 'Object Repository/Page_Group10 Delete courserestored/button_Delete' is clicked on

2022-01-15 08:51:24 - [TEST_STEP][PASSED] - click(findTestObject("Object Repository/Page_Group10 Deleting courserestored/button_Continue")): Object: 'Object Repository/Page_Group10 Deleting courserestored/button_Continue' is clicked on

2022-01-15 08:51:26 - [MESSAGE][PASSED] - Object: 'Object Repository/Page_Group10 Deleting courserestored/button_Continue' is clicked on

2022-01-15 08:51:26 - [TEST_STEP][PASSED] - click(findTestObject("Object Repository/Page_Course and category management/a_AU")): Object: 'Object Repository/Page_Course and category management/a_AU' is clicked on

2022-01-15 08:51:26 - [MESSAGE][PASSED] - Object: 'Object Repository/Page_Course and category management/a_AU' is clicked on

2022-01-15 08:51:26 - [TEST_STEP][PASSED] - click(findTestObject("Object Repository/Page_Course and category management/a_Log out")): Object: 'Object Repository/Page_Course and category management/a_Log out' is clicked on

2022-01-15 08:51:27 - [MESSAGE][PASSED] - Object: 'Object Repository/Page_Course and category management/a_Log out' is clicked on

2022-01-15 08:51:27 - [TEST_STEP][PASSED] - closeBrowser(): Browser is closed

2022-01-15 08:51:28 - [MESSAGE][PASSED] - Browser is closed]]></system-out>
         <system-err><![CDATA[]]></system-err>
      </testcase>
      <testcase name="Test Cases/Edit course - ADMIN" time="29.315" classname="Test Cases/Edit course - ADMIN" status="PASSED">
         <system-out><![CDATA[2022-01-15 08:51:28 - [TEST_CASE][PASSED] - Test Cases/Edit course - ADMIN: Test Cases/Edit course - ADMIN

2022-01-15 08:51:28 - [TEST_STEP][PASSED] - openBrowser(""): Browser is opened with url: ''

2022-01-15 08:51:28 - [MESSAGE][INFO] - Starting 'Edge Chromium' driver

2022-01-15 08:51:29 - [MESSAGE][INFO] - Action delay is set to 0 milliseconds

2022-01-15 08:51:30 - [MESSAGE][PASSED] - Browser is opened with url: ''

2022-01-15 08:51:30 - [TEST_STEP][PASSED] - navigateToUrl("http://localhost/"): Navigate to 'http://localhost/' successfully

2022-01-15 08:51:31 - [MESSAGE][PASSED] - Navigate to 'http://localhost/' successfully

2022-01-15 08:51:31 - [TEST_STEP][PASSED] - click(findTestObject("Object Repository/Page_Home page/a_Log in")): Object: 'Object Repository/Page_Home page/a_Log in' is clicked on

2022-01-15 08:51:32 - [MESSAGE][PASSED] - Object: 'Object Repository/Page_Home page/a_Log in' is clicked on

2022-01-15 08:51:32 - [TEST_STEP][PASSED] - setText(findTestObject("Object Repository/Page_Home page Log in to the site/input_Username_username"), "admin"): Text 'admin' is set on object 'Object Repository/Page_Home page Log in to the site/input_Username_username'

2022-01-15 08:51:33 - [MESSAGE][PASSED] - Text 'admin' is set on object 'Object Repository/Page_Home page Log in to the site/input_Username_username'

2022-01-15 08:51:33 - [TEST_STEP][PASSED] - setEncryptedText(findTestObject("Object Repository/Page_Home page Log in to the site/input_Password_password"), "OFhcon1PzObx3ErJAwGfGA=="): Text ****** has been set on object 'Object Repository/Page_Home page Log in to the site/input_Password_password'

2022-01-15 08:51:33 - [MESSAGE][PASSED] - Text ****** has been set on object 'Object Repository/Page_Home page Log in to the site/input_Password_password'

2022-01-15 08:51:33 - [TEST_STEP][PASSED] - click(findTestObject("Object Repository/Page_Home page Log in to the site/button_Log in")): Object: 'Object Repository/Page_Home page Log in to the site/button_Log in' is clicked on

2022-01-15 08:51:35 - [MESSAGE][PASSED] - Object: 'Object Repository/Page_Home page Log in to the site/button_Log in' is clicked on

2022-01-15 08:51:35 - [TEST_STEP][PASSED] - click(findTestObject("Object Repository/Page_My courses/a_Site administration")): Object: 'Object Repository/Page_My courses/a_Site administration' is clicked on

2022-01-15 08:51:37 - [MESSAGE][PASSED] - Object: 'Object Repository/Page_My courses/a_Site administration' is clicked on

2022-01-15 08:51:37 - [TEST_STEP][PASSED] - click(findTestObject("Object Repository/Page_Group10 Administration Search/a_Courses")): Object: 'Object Repository/Page_Group10 Administration Search/a_Courses' is clicked on

2022-01-15 08:51:38 - [MESSAGE][PASSED] - Object: 'Object Repository/Page_Group10 Administration Search/a_Courses' is clicked on

2022-01-15 08:51:38 - [TEST_STEP][PASSED] - click(findTestObject("Object Repository/Page_Group10 Administration Search/a_Manage courses and categories")): Object: 'Object Repository/Page_Group10 Administration Search/a_Manage courses and categories' is clicked on

2022-01-15 08:51:39 - [MESSAGE][PASSED] - Object: 'Object Repository/Page_Group10 Administration Search/a_Manage courses and categories' is clicked on

2022-01-15 08:51:39 - [TEST_STEP][PASSED] - click(findTestObject("Object Repository/Page_Course and category management/i_H quan tri c s d liu_yui_3_17_2_1_1642039_4632b5")): Object: 'Object Repository/Page_Course and category management/i_H quan tri c s d liu_yui_3_17_2_1_1642039_4632b5' is clicked on

2022-01-15 08:51:41 - [MESSAGE][PASSED] - Object: 'Object Repository/Page_Course and category management/i_H quan tri c s d liu_yui_3_17_2_1_1642039_4632b5' is clicked on

2022-01-15 08:51:41 - [TEST_STEP][PASSED] - setText(findTestObject("Object Repository/Page_Edit course settings/input_Course full name_fullname"), "Hệ quản trị cơ sở dữ liệu (edited)"): Text 'Hệ quản trị cơ sở dữ liệu (edited)' is set on object 'Object Repository/Page_Edit course settings/input_Course full name_fullname'

2022-01-15 08:51:42 - [MESSAGE][PASSED] - Text 'Hệ quản trị cơ sở dữ liệu (edited)' is set on object 'Object Repository/Page_Edit course settings/input_Course full name_fullname'

2022-01-15 08:51:42 - [TEST_STEP][PASSED] - click(findTestObject("Object Repository/Page_Edit course settings/input_Enable_enddateenabled")): Object: 'Object Repository/Page_Edit course settings/input_Enable_enddateenabled' is clicked on

2022-01-15 08:51:43 - [MESSAGE][PASSED] - Object: 'Object Repository/Page_Edit course settings/input_Enable_enddateenabled' is clicked on

2022-01-15 08:51:43 - [TEST_STEP][PASSED] - setText(findTestObject("Object Repository/Page_Edit course settings/div_this is summary"), "this is summary"): Text 'this is summary' is set on object 'Object Repository/Page_Edit course settings/div_this is summary'

2022-01-15 08:51:44 - [MESSAGE][PASSED] - Text 'this is summary' is set on object 'Object Repository/Page_Edit course settings/div_this is summary'

2022-01-15 08:51:44 - [TEST_STEP][PASSED] - click(findTestObject("Object Repository/Page_Edit course settings/input__saveanddisplay")): Object: 'Object Repository/Page_Edit course settings/input__saveanddisplay' is clicked on

2022-01-15 08:51:46 - [MESSAGE][PASSED] - Object: 'Object Repository/Page_Edit course settings/input__saveanddisplay' is clicked on

2022-01-15 08:51:46 - [TEST_STEP][PASSED] - click(findTestObject("Object Repository/Page_Edit course settings/a_Site administration")): Object: 'Object Repository/Page_Edit course settings/a_Site administration' is clicked on

2022-01-15 08:51:47 - [MESSAGE][PASSED] - Object: 'Object Repository/Page_Edit course settings/a_Site administration' is clicked on

2022-01-15 08:51:47 - [TEST_STEP][PASSED] - click(findTestObject("Object Repository/Page_Group10 Administration Search/a_Courses")): Object: 'Object Repository/Page_Group10 Administration Search/a_Courses' is clicked on

2022-01-15 08:51:48 - [MESSAGE][PASSED] - Object: 'Object Repository/Page_Group10 Administration Search/a_Courses' is clicked on

2022-01-15 08:51:48 - [TEST_STEP][PASSED] - click(findTestObject("Object Repository/Page_Group10 Administration Search/a_Manage courses and categories")): Object: 'Object Repository/Page_Group10 Administration Search/a_Manage courses and categories' is clicked on

2022-01-15 08:51:49 - [MESSAGE][PASSED] - Object: 'Object Repository/Page_Group10 Administration Search/a_Manage courses and categories' is clicked on

2022-01-15 08:51:49 - [TEST_STEP][PASSED] - click(findTestObject("Object Repository/Page_Course and category management/i_H quan tri c s d liu (edited)_yui_3_17_2__de8f09")): Object: 'Object Repository/Page_Course and category management/i_H quan tri c s d liu (edited)_yui_3_17_2__de8f09' is clicked on

2022-01-15 08:51:51 - [MESSAGE][PASSED] - Object: 'Object Repository/Page_Course and category management/i_H quan tri c s d liu (edited)_yui_3_17_2__de8f09' is clicked on

2022-01-15 08:51:51 - [TEST_STEP][PASSED] - setText(findTestObject("Object Repository/Page_Edit course settings/input_Course full name_fullname"), "Hệ quản trị cơ sở dữ liệu"): Text 'Hệ quản trị cơ sở dữ liệu' is set on object 'Object Repository/Page_Edit course settings/input_Course full name_fullname'

2022-01-15 08:51:53 - [MESSAGE][PASSED] - Text 'Hệ quản trị cơ sở dữ liệu' is set on object 'Object Repository/Page_Edit course settings/input_Course full name_fullname'

2022-01-15 08:51:53 - [TEST_STEP][PASSED] - click(findTestObject("Object Repository/Page_Edit course settings/input_Enable_enddateenabled")): Object: 'Object Repository/Page_Edit course settings/input_Enable_enddateenabled' is clicked on

2022-01-15 08:51:53 - [MESSAGE][PASSED] - Object: 'Object Repository/Page_Edit course settings/input_Enable_enddateenabled' is clicked on

2022-01-15 08:51:53 - [TEST_STEP][PASSED] - click(findTestObject("Object Repository/Page_Edit course settings/input__saveandreturn")): Object: 'Object Repository/Page_Edit course settings/input__saveandreturn' is clicked on

2022-01-15 08:51:55 - [MESSAGE][PASSED] - Object: 'Object Repository/Page_Edit course settings/input__saveandreturn' is clicked on

2022-01-15 08:51:55 - [TEST_STEP][PASSED] - click(findTestObject("Object Repository/Page_Course and category management/a_AU")): Object: 'Object Repository/Page_Course and category management/a_AU' is clicked on

2022-01-15 08:51:55 - [MESSAGE][PASSED] - Object: 'Object Repository/Page_Course and category management/a_AU' is clicked on

2022-01-15 08:51:55 - [TEST_STEP][PASSED] - click(findTestObject("Object Repository/Page_Course and category management/a_Log out")): Object: 'Object Repository/Page_Course and category management/a_Log out' is clicked on

2022-01-15 08:51:56 - [MESSAGE][PASSED] - Object: 'Object Repository/Page_Course and category management/a_Log out' is clicked on

2022-01-15 08:51:56 - [TEST_STEP][PASSED] - closeBrowser(): Browser is closed

2022-01-15 08:51:57 - [MESSAGE][PASSED] - Browser is closed]]></system-out>
         <system-err><![CDATA[]]></system-err>
      </testcase>
      <testcase name="Test Cases/Delete a course - ADMIN" time="30.146" classname="Test Cases/Delete a course - ADMIN" status="PASSED">
         <system-out><![CDATA[2022-01-15 08:51:57 - [TEST_CASE][PASSED] - Test Cases/Delete a course - ADMIN: Test Cases/Delete a course - ADMIN

2022-01-15 08:51:58 - [TEST_STEP][PASSED] - openBrowser(""): Browser is opened with url: ''

2022-01-15 08:51:58 - [MESSAGE][INFO] - Starting 'Edge Chromium' driver

2022-01-15 08:51:58 - [MESSAGE][INFO] - Action delay is set to 0 milliseconds

2022-01-15 08:51:59 - [MESSAGE][PASSED] - Browser is opened with url: ''

2022-01-15 08:51:59 - [TEST_STEP][PASSED] - navigateToUrl("http://localhost/"): Navigate to 'http://localhost/' successfully

2022-01-15 08:52:00 - [MESSAGE][PASSED] - Navigate to 'http://localhost/' successfully

2022-01-15 08:52:00 - [TEST_STEP][PASSED] - click(findTestObject("Page_Home page/a_Log in")): Object: 'Object Repository/Page_Home page/a_Log in' is clicked on

2022-01-15 08:52:01 - [MESSAGE][PASSED] - Object: 'Object Repository/Page_Home page/a_Log in' is clicked on

2022-01-15 08:52:01 - [TEST_STEP][PASSED] - setText(findTestObject("Page_Home page Log in to the site/input_Username_username"), "admin"): Text 'admin' is set on object 'Object Repository/Page_Home page Log in to the site/input_Username_username'

2022-01-15 08:52:02 - [MESSAGE][PASSED] - Text 'admin' is set on object 'Object Repository/Page_Home page Log in to the site/input_Username_username'

2022-01-15 08:52:02 - [TEST_STEP][PASSED] - setEncryptedText(findTestObject("Page_Home page Log in to the site/input_Password_password"), "OFhcon1PzObx3ErJAwGfGA=="): Text ****** has been set on object 'Object Repository/Page_Home page Log in to the site/input_Password_password'

2022-01-15 08:52:02 - [MESSAGE][PASSED] - Text ****** has been set on object 'Object Repository/Page_Home page Log in to the site/input_Password_password'

2022-01-15 08:52:02 - [TEST_STEP][PASSED] - click(findTestObject("Page_Home page Log in to the site/button_Log in")): Object: 'Object Repository/Page_Home page Log in to the site/button_Log in' is clicked on

2022-01-15 08:52:04 - [MESSAGE][PASSED] - Object: 'Object Repository/Page_Home page Log in to the site/button_Log in' is clicked on

2022-01-15 08:52:04 - [TEST_STEP][PASSED] - click(findTestObject("Page_Dashboard/a_Site administration")): Object: 'Object Repository/Page_Dashboard/a_Site administration' is clicked on

2022-01-15 08:52:06 - [MESSAGE][PASSED] - Object: 'Object Repository/Page_Dashboard/a_Site administration' is clicked on

2022-01-15 08:52:06 - [TEST_STEP][PASSED] - click(findTestObject("Page_Group10 Administration Search/a_Courses")): Object: 'Object Repository/Page_Group10 Administration Search/a_Courses' is clicked on

2022-01-15 08:52:07 - [MESSAGE][PASSED] - Object: 'Object Repository/Page_Group10 Administration Search/a_Courses' is clicked on

2022-01-15 08:52:07 - [TEST_STEP][PASSED] - click(findTestObject("Page_Group10 Administration Search/a_Add a new course")): Object: 'Object Repository/Page_Group10 Administration Search/a_Add a new course' is clicked on

2022-01-15 08:52:09 - [MESSAGE][PASSED] - Object: 'Object Repository/Page_Group10 Administration Search/a_Add a new course' is clicked on

2022-01-15 08:52:09 - [TEST_STEP][PASSED] - click(findTestObject("Object Repository/Page_Group10 Add a new course/input_Course full name_fullname")): Object: 'Object Repository/Page_Group10 Add a new course/input_Course full name_fullname' is clicked on

2022-01-15 08:52:10 - [MESSAGE][PASSED] - Object: 'Object Repository/Page_Group10 Add a new course/input_Course full name_fullname' is clicked on

2022-01-15 08:52:10 - [TEST_STEP][PASSED] - setText(findTestObject("Object Repository/Page_Group10 Add a new course/input_Course full name_fullname"), "Course test for delete"): Text 'Course test for delete' is set on object 'Object Repository/Page_Group10 Add a new course/input_Course full name_fullname'

2022-01-15 08:52:11 - [MESSAGE][PASSED] - Text 'Course test for delete' is set on object 'Object Repository/Page_Group10 Add a new course/input_Course full name_fullname'

2022-01-15 08:52:11 - [TEST_STEP][PASSED] - setText(findTestObject("Object Repository/Page_Group10 Add a new course/input_Course short name_shortname"), "testdelete"): Text 'testdelete' is set on object 'Object Repository/Page_Group10 Add a new course/input_Course short name_shortname'

2022-01-15 08:52:12 - [MESSAGE][PASSED] - Text 'testdelete' is set on object 'Object Repository/Page_Group10 Add a new course/input_Course short name_shortname'

2022-01-15 08:52:12 - [TEST_STEP][PASSED] - click(findTestObject("Object Repository/Page_Group10 Add a new course/label_Enable")): Object: 'Object Repository/Page_Group10 Add a new course/label_Enable' is clicked on

2022-01-15 08:52:13 - [MESSAGE][PASSED] - Object: 'Object Repository/Page_Group10 Add a new course/label_Enable' is clicked on

2022-01-15 08:52:13 - [TEST_STEP][PASSED] - click(findTestObject("Object Repository/Page_Group10 Add a new course/input__saveanddisplay")): Object: 'Object Repository/Page_Group10 Add a new course/input__saveanddisplay' is clicked on

2022-01-15 08:52:15 - [MESSAGE][PASSED] - Object: 'Object Repository/Page_Group10 Add a new course/input__saveanddisplay' is clicked on

2022-01-15 08:52:15 - [TEST_STEP][PASSED] - click(findTestObject("Object Repository/Page_Course Course test for delete/a_Site administration")): Object: 'Object Repository/Page_Course Course test for delete/a_Site administration' is clicked on

2022-01-15 08:52:16 - [MESSAGE][PASSED] - Object: 'Object Repository/Page_Course Course test for delete/a_Site administration' is clicked on

2022-01-15 08:52:16 - [TEST_STEP][PASSED] - click(findTestObject("Page_Group10 Administration Search/a_Courses")): Object: 'Object Repository/Page_Group10 Administration Search/a_Courses' is clicked on

2022-01-15 08:52:17 - [MESSAGE][PASSED] - Object: 'Object Repository/Page_Group10 Administration Search/a_Courses' is clicked on

2022-01-15 08:52:17 - [TEST_STEP][PASSED] - click(findTestObject("Page_Group10 Administration Search/a_Manage courses and categories")): Object: 'Object Repository/Page_Group10 Administration Search/a_Manage courses and categories' is clicked on

2022-01-15 08:52:18 - [MESSAGE][PASSED] - Object: 'Object Repository/Page_Group10 Administration Search/a_Manage courses and categories' is clicked on

2022-01-15 08:52:18 - [TEST_STEP][PASSED] - click(findTestObject("Page_Course and category management/a_Sort courses")): Object: 'Object Repository/Page_Course and category management/a_Sort courses' is clicked on

2022-01-15 08:52:19 - [MESSAGE][PASSED] - Object: 'Object Repository/Page_Course and category management/a_Sort courses' is clicked on

2022-01-15 08:52:19 - [TEST_STEP][PASSED] - click(findTestObject("Page_Course and category management/span_Sort by Course time created descending")): Object: 'Object Repository/Page_Course and category management/span_Sort by Course time created descending' is clicked on

2022-01-15 08:52:21 - [MESSAGE][PASSED] - Object: 'Object Repository/Page_Course and category management/span_Sort by Course time created descending' is clicked on

2022-01-15 08:52:21 - [TEST_STEP][PASSED] - click(findTestObject("Object Repository/Page_Course and category management/i_Course test for delete_yui_3_17_2_1_16420_0ef4d4")): Object: 'Object Repository/Page_Course and category management/i_Course test for delete_yui_3_17_2_1_16420_0ef4d4' is clicked on

2022-01-15 08:52:22 - [MESSAGE][PASSED] - Object: 'Object Repository/Page_Course and category management/i_Course test for delete_yui_3_17_2_1_16420_0ef4d4' is clicked on

2022-01-15 08:52:22 - [TEST_STEP][PASSED] - click(findTestObject("Object Repository/Page_Group10 Delete testdelete/button_Delete")): Object: 'Object Repository/Page_Group10 Delete testdelete/button_Delete' is clicked on

2022-01-15 08:52:24 - [MESSAGE][PASSED] - Object: 'Object Repository/Page_Group10 Delete testdelete/button_Delete' is clicked on

2022-01-15 08:52:24 - [TEST_STEP][PASSED] - click(findTestObject("Object Repository/Page_Group10 Deleting testdelete/button_Continue")): Object: 'Object Repository/Page_Group10 Deleting testdelete/button_Continue' is clicked on

2022-01-15 08:52:25 - [MESSAGE][PASSED] - Object: 'Object Repository/Page_Group10 Deleting testdelete/button_Continue' is clicked on

2022-01-15 08:52:25 - [TEST_STEP][PASSED] - click(findTestObject("Object Repository/Page_Course and category management/span_AU")): Object: 'Object Repository/Page_Course and category management/span_AU' is clicked on

2022-01-15 08:52:26 - [MESSAGE][PASSED] - Object: 'Object Repository/Page_Course and category management/span_AU' is clicked on

2022-01-15 08:52:26 - [TEST_STEP][PASSED] - click(findTestObject("Page_Course and category management/a_Log out")): Object: 'Object Repository/Page_Course and category management/a_Log out' is clicked on

2022-01-15 08:52:27 - [MESSAGE][PASSED] - Object: 'Object Repository/Page_Course and category management/a_Log out' is clicked on

2022-01-15 08:52:27 - [TEST_STEP][PASSED] - closeBrowser(): Browser is closed

2022-01-15 08:52:28 - [MESSAGE][PASSED] - Browser is closed]]></system-out>
         <system-err><![CDATA[]]></system-err>
      </testcase>
      <testcase name="Test Cases/Edit role - ADMIN" time="30.645" classname="Test Cases/Edit role - ADMIN" status="PASSED">
         <system-out><![CDATA[2022-01-15 08:52:28 - [TEST_CASE][PASSED] - Test Cases/Edit role - ADMIN: Test Cases/Edit role - ADMIN

2022-01-15 08:52:28 - [TEST_STEP][PASSED] - openBrowser(""): Browser is opened with url: ''

2022-01-15 08:52:28 - [MESSAGE][INFO] - Starting 'Edge Chromium' driver

2022-01-15 08:52:28 - [MESSAGE][INFO] - Action delay is set to 0 milliseconds

2022-01-15 08:52:29 - [MESSAGE][PASSED] - Browser is opened with url: ''

2022-01-15 08:52:29 - [TEST_STEP][PASSED] - navigateToUrl("http://localhost/"): Navigate to 'http://localhost/' successfully

2022-01-15 08:52:30 - [MESSAGE][PASSED] - Navigate to 'http://localhost/' successfully

2022-01-15 08:52:30 - [TEST_STEP][PASSED] - click(findTestObject("Page_Home page/a_Log in")): Object: 'Object Repository/Page_Home page/a_Log in' is clicked on

2022-01-15 08:52:32 - [MESSAGE][PASSED] - Object: 'Object Repository/Page_Home page/a_Log in' is clicked on

2022-01-15 08:52:32 - [TEST_STEP][PASSED] - setText(findTestObject("Page_Home page Log in to the site/input_Username_username"), "admin"): Text 'admin' is set on object 'Object Repository/Page_Home page Log in to the site/input_Username_username'

2022-01-15 08:52:32 - [MESSAGE][PASSED] - Text 'admin' is set on object 'Object Repository/Page_Home page Log in to the site/input_Username_username'

2022-01-15 08:52:32 - [TEST_STEP][PASSED] - setEncryptedText(findTestObject("Page_Home page Log in to the site/input_Password_password"), "OFhcon1PzObx3ErJAwGfGA=="): Text ****** has been set on object 'Object Repository/Page_Home page Log in to the site/input_Password_password'

2022-01-15 08:52:33 - [MESSAGE][PASSED] - Text ****** has been set on object 'Object Repository/Page_Home page Log in to the site/input_Password_password'

2022-01-15 08:52:33 - [TEST_STEP][PASSED] - click(findTestObject("Page_Home page Log in to the site/button_Log in")): Object: 'Object Repository/Page_Home page Log in to the site/button_Log in' is clicked on

2022-01-15 08:52:34 - [MESSAGE][PASSED] - Object: 'Object Repository/Page_Home page Log in to the site/button_Log in' is clicked on

2022-01-15 08:52:34 - [TEST_STEP][PASSED] - click(findTestObject("Page_Dashboard/a_Site administration")): Object: 'Object Repository/Page_Dashboard/a_Site administration' is clicked on

2022-01-15 08:52:37 - [MESSAGE][PASSED] - Object: 'Object Repository/Page_Dashboard/a_Site administration' is clicked on

2022-01-15 08:52:37 - [TEST_STEP][PASSED] - click(findTestObject("Page_Group10 Administration Search/a_Users")): Object: 'Object Repository/Page_Group10 Administration Search/a_Users' is clicked on

2022-01-15 08:52:37 - [MESSAGE][PASSED] - Object: 'Object Repository/Page_Group10 Administration Search/a_Users' is clicked on

2022-01-15 08:52:37 - [TEST_STEP][PASSED] - click(findTestObject("Page_Group10 Administration Search/a_Define roles")): Object: 'Object Repository/Page_Group10 Administration Search/a_Define roles' is clicked on

2022-01-15 08:52:39 - [MESSAGE][PASSED] - Object: 'Object Repository/Page_Group10 Administration Search/a_Define roles' is clicked on

2022-01-15 08:52:39 - [TEST_STEP][PASSED] - click(findTestObject("Object Repository/Page_Group10 Administration Users Permissio_4e74a7/i_guest_icon fa fa-cog fa-fw")): Object: 'Object Repository/Page_Group10 Administration Users Permissio_4e74a7/i_guest_icon fa fa-cog fa-fw' is clicked on

2022-01-15 08:52:43 - [MESSAGE][PASSED] - Object: 'Object Repository/Page_Group10 Administration Users Permissio_4e74a7/i_guest_icon fa fa-cog fa-fw' is clicked on

2022-01-15 08:52:43 - [TEST_STEP][PASSED] - click(findTestObject("Object Repository/Page_Group10 Administration Users Permissio_4e74a7/input_Short name_shortname")): Object: 'Object Repository/Page_Group10 Administration Users Permissio_4e74a7/input_Short name_shortname' is clicked on

2022-01-15 08:52:43 - [MESSAGE][PASSED] - Object: 'Object Repository/Page_Group10 Administration Users Permissio_4e74a7/input_Short name_shortname' is clicked on

2022-01-15 08:52:43 - [TEST_STEP][PASSED] - setText(findTestObject("Object Repository/Page_Group10 Administration Users Permissio_4e74a7/input_Custom full name_name"), "Guest of Site"): Text 'Guest of Site' is set on object 'Object Repository/Page_Group10 Administration Users Permissio_4e74a7/input_Custom full name_name'

2022-01-15 08:52:44 - [MESSAGE][PASSED] - Text 'Guest of Site' is set on object 'Object Repository/Page_Group10 Administration Users Permissio_4e74a7/input_Custom full name_name'

2022-01-15 08:52:44 - [TEST_STEP][PASSED] - setText(findTestObject("Object Repository/Page_Group10 Administration Users Permissio_4e74a7/textarea_Custom description_description"), "this is the guest"): Text 'this is the guest' is set on object 'Object Repository/Page_Group10 Administration Users Permissio_4e74a7/textarea_Custom description_description'

2022-01-15 08:52:45 - [MESSAGE][PASSED] - Text 'this is the guest' is set on object 'Object Repository/Page_Group10 Administration Users Permissio_4e74a7/textarea_Custom description_description'

2022-01-15 08:52:45 - [TEST_STEP][PASSED] - click(findTestObject("Object Repository/Page_Group10 Administration Users Permissio_4e74a7/input_Context types where this role may be _9568cf")): Object: 'Object Repository/Page_Group10 Administration Users Permissio_4e74a7/input_Context types where this role may be _9568cf' is clicked on

2022-01-15 08:52:45 - [MESSAGE][PASSED] - Object: 'Object Repository/Page_Group10 Administration Users Permissio_4e74a7/input_Context types where this role may be _9568cf' is clicked on

2022-01-15 08:52:45 - [TEST_STEP][PASSED] - click(findTestObject("Object Repository/Page_Group10 Administration Users Permissio_4e74a7/input_concat(Editing role , , Guest, , )_sa_01291b")): Object: 'Object Repository/Page_Group10 Administration Users Permissio_4e74a7/input_concat(Editing role , , Guest, , )_sa_01291b' is clicked on

2022-01-15 08:52:47 - [MESSAGE][PASSED] - Object: 'Object Repository/Page_Group10 Administration Users Permissio_4e74a7/input_concat(Editing role , , Guest, , )_sa_01291b' is clicked on

2022-01-15 08:52:47 - [TEST_STEP][PASSED] - click(findTestObject("Page_Dashboard/a_Site administration")): Object: 'Object Repository/Page_Dashboard/a_Site administration' is clicked on

2022-01-15 08:52:48 - [MESSAGE][PASSED] - Object: 'Object Repository/Page_Dashboard/a_Site administration' is clicked on

2022-01-15 08:52:48 - [TEST_STEP][PASSED] - click(findTestObject("Page_Group10 Administration Search/a_Users")): Object: 'Object Repository/Page_Group10 Administration Search/a_Users' is clicked on

2022-01-15 08:52:49 - [MESSAGE][PASSED] - Object: 'Object Repository/Page_Group10 Administration Search/a_Users' is clicked on

2022-01-15 08:52:49 - [TEST_STEP][PASSED] - click(findTestObject("Page_Group10 Administration Search/a_Define roles")): Object: 'Object Repository/Page_Group10 Administration Search/a_Define roles' is clicked on

2022-01-15 08:52:50 - [MESSAGE][PASSED] - Object: 'Object Repository/Page_Group10 Administration Search/a_Define roles' is clicked on

2022-01-15 08:52:50 - [TEST_STEP][PASSED] - click(findTestObject("Object Repository/Page_Group10 Administration Users Permissio_4e74a7/i_guest_icon fa fa-cog fa-fw")): Object: 'Object Repository/Page_Group10 Administration Users Permissio_4e74a7/i_guest_icon fa fa-cog fa-fw' is clicked on

2022-01-15 08:52:52 - [MESSAGE][PASSED] - Object: 'Object Repository/Page_Group10 Administration Users Permissio_4e74a7/i_guest_icon fa fa-cog fa-fw' is clicked on

2022-01-15 08:52:52 - [TEST_STEP][PASSED] - click(findTestObject("Object Repository/Page_Group10 Administration Users Permissio_4e74a7/div_Custom full name")): Object: 'Object Repository/Page_Group10 Administration Users Permissio_4e74a7/div_Custom full name' is clicked on

2022-01-15 08:52:53 - [MESSAGE][PASSED] - Object: 'Object Repository/Page_Group10 Administration Users Permissio_4e74a7/div_Custom full name' is clicked on

2022-01-15 08:52:53 - [TEST_STEP][PASSED] - setText(findTestObject("Object Repository/Page_Group10 Administration Users Permissio_4e74a7/input_Custom full name_name"), ""): Text '' is set on object 'Object Repository/Page_Group10 Administration Users Permissio_4e74a7/input_Custom full name_name'

2022-01-15 08:52:54 - [MESSAGE][PASSED] - Text '' is set on object 'Object Repository/Page_Group10 Administration Users Permissio_4e74a7/input_Custom full name_name'

2022-01-15 08:52:54 - [TEST_STEP][PASSED] - setText(findTestObject("Object Repository/Page_Group10 Administration Users Permissio_4e74a7/textarea_this is the guest"), ""): Text '' is set on object 'Object Repository/Page_Group10 Administration Users Permissio_4e74a7/textarea_this is the guest'

2022-01-15 08:52:54 - [MESSAGE][PASSED] - Text '' is set on object 'Object Repository/Page_Group10 Administration Users Permissio_4e74a7/textarea_this is the guest'

2022-01-15 08:52:54 - [TEST_STEP][PASSED] - click(findTestObject("Object Repository/Page_Group10 Administration Users Permissio_4e74a7/input_concat(Editing role , , Guest, , )_sa_01291b")): Object: 'Object Repository/Page_Group10 Administration Users Permissio_4e74a7/input_concat(Editing role , , Guest, , )_sa_01291b' is clicked on

2022-01-15 08:52:56 - [MESSAGE][PASSED] - Object: 'Object Repository/Page_Group10 Administration Users Permissio_4e74a7/input_concat(Editing role , , Guest, , )_sa_01291b' is clicked on

2022-01-15 08:52:56 - [TEST_STEP][PASSED] - click(findTestObject("Object Repository/Page_Group10 Administration Users Permissio_4e74a7/a_AU")): Object: 'Object Repository/Page_Group10 Administration Users Permissio_4e74a7/a_AU' is clicked on

2022-01-15 08:52:56 - [MESSAGE][PASSED] - Object: 'Object Repository/Page_Group10 Administration Users Permissio_4e74a7/a_AU' is clicked on

2022-01-15 08:52:56 - [TEST_STEP][PASSED] - click(findTestObject("Object Repository/Page_Group10 Administration Users Permissio_4e74a7/a_Log out")): Object: 'Object Repository/Page_Group10 Administration Users Permissio_4e74a7/a_Log out' is clicked on

2022-01-15 08:52:57 - [MESSAGE][PASSED] - Object: 'Object Repository/Page_Group10 Administration Users Permissio_4e74a7/a_Log out' is clicked on

2022-01-15 08:52:57 - [TEST_STEP][PASSED] - closeBrowser(): Browser is closed

2022-01-15 08:52:58 - [MESSAGE][PASSED] - Browser is closed]]></system-out>
         <system-err><![CDATA[]]></system-err>
      </testcase>
      <testcase name="Test Cases/Add a new role - ADMIN" time="27.309" classname="Test Cases/Add a new role - ADMIN" status="PASSED">
         <system-out><![CDATA[2022-01-15 08:52:58 - [TEST_CASE][PASSED] - Test Cases/Add a new role - ADMIN: Test Cases/Add a new role - ADMIN

2022-01-15 08:52:58 - [TEST_STEP][PASSED] - openBrowser(""): Browser is opened with url: ''

2022-01-15 08:52:58 - [MESSAGE][INFO] - Starting 'Edge Chromium' driver

2022-01-15 08:52:59 - [MESSAGE][INFO] - Action delay is set to 0 milliseconds

2022-01-15 08:53:00 - [MESSAGE][PASSED] - Browser is opened with url: ''

2022-01-15 08:53:00 - [TEST_STEP][PASSED] - navigateToUrl("http://localhost/"): Navigate to 'http://localhost/' successfully

2022-01-15 08:53:01 - [MESSAGE][PASSED] - Navigate to 'http://localhost/' successfully

2022-01-15 08:53:01 - [TEST_STEP][PASSED] - click(findTestObject("Page_Home page/a_Log in")): Object: 'Object Repository/Page_Home page/a_Log in' is clicked on

2022-01-15 08:53:02 - [MESSAGE][PASSED] - Object: 'Object Repository/Page_Home page/a_Log in' is clicked on

2022-01-15 08:53:02 - [TEST_STEP][PASSED] - setText(findTestObject("Page_Home page Log in to the site/input_Username_username"), "admin"): Text 'admin' is set on object 'Object Repository/Page_Home page Log in to the site/input_Username_username'

2022-01-15 08:53:02 - [MESSAGE][PASSED] - Text 'admin' is set on object 'Object Repository/Page_Home page Log in to the site/input_Username_username'

2022-01-15 08:53:02 - [TEST_STEP][PASSED] - setEncryptedText(findTestObject("Page_Home page Log in to the site/input_Password_password"), "OFhcon1PzObx3ErJAwGfGA=="): Text ****** has been set on object 'Object Repository/Page_Home page Log in to the site/input_Password_password'

2022-01-15 08:53:03 - [MESSAGE][PASSED] - Text ****** has been set on object 'Object Repository/Page_Home page Log in to the site/input_Password_password'

2022-01-15 08:53:03 - [TEST_STEP][PASSED] - click(findTestObject("Page_Home page Log in to the site/button_Log in")): Object: 'Object Repository/Page_Home page Log in to the site/button_Log in' is clicked on

2022-01-15 08:53:04 - [MESSAGE][PASSED] - Object: 'Object Repository/Page_Home page Log in to the site/button_Log in' is clicked on

2022-01-15 08:53:04 - [TEST_STEP][PASSED] - click(findTestObject("Page_Dashboard/a_Site administration")): Object: 'Object Repository/Page_Dashboard/a_Site administration' is clicked on

2022-01-15 08:53:07 - [MESSAGE][PASSED] - Object: 'Object Repository/Page_Dashboard/a_Site administration' is clicked on

2022-01-15 08:53:07 - [TEST_STEP][PASSED] - click(findTestObject("Page_Group10 Administration Search/a_Users")): Object: 'Object Repository/Page_Group10 Administration Search/a_Users' is clicked on

2022-01-15 08:53:07 - [MESSAGE][PASSED] - Object: 'Object Repository/Page_Group10 Administration Search/a_Users' is clicked on

2022-01-15 08:53:07 - [TEST_STEP][PASSED] - click(findTestObject("Page_Group10 Administration Search/a_Define roles")): Object: 'Object Repository/Page_Group10 Administration Search/a_Define roles' is clicked on

2022-01-15 08:53:08 - [MESSAGE][PASSED] - Object: 'Object Repository/Page_Group10 Administration Search/a_Define roles' is clicked on

2022-01-15 08:53:08 - [TEST_STEP][PASSED] - click(findTestObject("Object Repository/Page_Group10 Administration Users Permissio_4e74a7/button_Add a new role")): Object: 'Object Repository/Page_Group10 Administration Users Permissio_4e74a7/button_Add a new role' is clicked on

2022-01-15 08:53:10 - [MESSAGE][PASSED] - Object: 'Object Repository/Page_Group10 Administration Users Permissio_4e74a7/button_Add a new role' is clicked on

2022-01-15 08:53:10 - [TEST_STEP][PASSED] - selectOptionByValue(findTestObject("Object Repository/Page_Group10 Administration Users Permissio_4e74a7/select_No role                        Manag_ae1fc0"), "guest", true): All options with value 'guest' are selected in object 'Object Repository/Page_Group10 Administration Users Permissio_4e74a7/select_No role                        Manag_ae1fc0'  using regular expression

2022-01-15 08:53:11 - [MESSAGE][PASSED] - All options with value 'guest' are selected in object 'Object Repository/Page_Group10 Administration Users Permissio_4e74a7/select_No role                        Manag_ae1fc0'  using regular expression

2022-01-15 08:53:11 - [TEST_STEP][PASSED] - click(findTestObject("Object Repository/Page_Group10 Administration Users Permissio_4e74a7/input_Drop files here to upload_submitbutton")): Object: 'Object Repository/Page_Group10 Administration Users Permissio_4e74a7/input_Drop files here to upload_submitbutton' is clicked on

2022-01-15 08:53:13 - [MESSAGE][PASSED] - Object: 'Object Repository/Page_Group10 Administration Users Permissio_4e74a7/input_Drop files here to upload_submitbutton' is clicked on

2022-01-15 08:53:13 - [TEST_STEP][PASSED] - setText(findTestObject("Page_Group10 Administration Users Permissio_4e74a7/input_Short name_shortname"), "guesttest"): Text 'guesttest' is set on object 'Object Repository/Page_Group10 Administration Users Permissio_4e74a7/input_Short name_shortname'

2022-01-15 08:53:14 - [MESSAGE][PASSED] - Text 'guesttest' is set on object 'Object Repository/Page_Group10 Administration Users Permissio_4e74a7/input_Short name_shortname'

2022-01-15 08:53:14 - [TEST_STEP][PASSED] - setText(findTestObject("Page_Group10 Administration Users Permissio_4e74a7/input_Custom full name_name"), "Guest For Test"): Text 'Guest For Test' is set on object 'Object Repository/Page_Group10 Administration Users Permissio_4e74a7/input_Custom full name_name'

2022-01-15 08:53:15 - [MESSAGE][PASSED] - Text 'Guest For Test' is set on object 'Object Repository/Page_Group10 Administration Users Permissio_4e74a7/input_Custom full name_name'

2022-01-15 08:53:15 - [TEST_STEP][PASSED] - setText(findTestObject("Page_Group10 Administration Users Permissio_4e74a7/textarea_Custom description_description"), "This is role for testing automation"): Text 'This is role for testing automation' is set on object 'Object Repository/Page_Group10 Administration Users Permissio_4e74a7/textarea_Custom description_description'

2022-01-15 08:53:16 - [MESSAGE][PASSED] - Text 'This is role for testing automation' is set on object 'Object Repository/Page_Group10 Administration Users Permissio_4e74a7/textarea_Custom description_description'

2022-01-15 08:53:16 - [TEST_STEP][PASSED] - click(findTestObject("Page_Group10 Administration Users Permissio_4e74a7/input_Context types where this role may be _9568cf")): Object: 'Object Repository/Page_Group10 Administration Users Permissio_4e74a7/input_Context types where this role may be _9568cf' is clicked on

2022-01-15 08:53:16 - [MESSAGE][PASSED] - Object: 'Object Repository/Page_Group10 Administration Users Permissio_4e74a7/input_Context types where this role may be _9568cf' is clicked on

2022-01-15 08:53:16 - [TEST_STEP][PASSED] - click(findTestObject("Object Repository/Page_Group10 Administration Users Permissio_4e74a7/input_Adding a new role_savechanges")): Object: 'Object Repository/Page_Group10 Administration Users Permissio_4e74a7/input_Adding a new role_savechanges' is clicked on

2022-01-15 08:53:18 - [MESSAGE][PASSED] - Object: 'Object Repository/Page_Group10 Administration Users Permissio_4e74a7/input_Adding a new role_savechanges' is clicked on

2022-01-15 08:53:18 - [TEST_STEP][PASSED] - click(findTestObject("Object Repository/Page_Group10 Administration Users Permissio_4e74a7/button_List all roles")): Object: 'Object Repository/Page_Group10 Administration Users Permissio_4e74a7/button_List all roles' is clicked on

2022-01-15 08:53:20 - [MESSAGE][PASSED] - Object: 'Object Repository/Page_Group10 Administration Users Permissio_4e74a7/button_List all roles' is clicked on

2022-01-15 08:53:20 - [TEST_STEP][PASSED] - click(findTestObject("Object Repository/Page_Group10 Administration Users Permissio_4e74a7/i_guesttest_icon fa fa-trash fa-fw")): Object: 'Object Repository/Page_Group10 Administration Users Permissio_4e74a7/i_guesttest_icon fa fa-trash fa-fw' is clicked on

2022-01-15 08:53:21 - [MESSAGE][PASSED] - Object: 'Object Repository/Page_Group10 Administration Users Permissio_4e74a7/i_guesttest_icon fa fa-trash fa-fw' is clicked on

2022-01-15 08:53:21 - [TEST_STEP][PASSED] - click(findTestObject("Object Repository/Page_Group10 Administration Users Permissio_4e74a7/button_Yes")): Object: 'Object Repository/Page_Group10 Administration Users Permissio_4e74a7/button_Yes' is clicked on

2022-01-15 08:53:23 - [MESSAGE][PASSED] - Object: 'Object Repository/Page_Group10 Administration Users Permissio_4e74a7/button_Yes' is clicked on

2022-01-15 08:53:23 - [TEST_STEP][PASSED] - click(findTestObject("Page_Group10 Administration Users Permissio_4e74a7/a_AU")): Object: 'Object Repository/Page_Group10 Administration Users Permissio_4e74a7/a_AU' is clicked on

2022-01-15 08:53:24 - [MESSAGE][PASSED] - Object: 'Object Repository/Page_Group10 Administration Users Permissio_4e74a7/a_AU' is clicked on

2022-01-15 08:53:24 - [TEST_STEP][PASSED] - click(findTestObject("Page_Group10 Administration Users Permissio_4e74a7/a_Log out")): Object: 'Object Repository/Page_Group10 Administration Users Permissio_4e74a7/a_Log out' is clicked on

2022-01-15 08:53:25 - [MESSAGE][PASSED] - Object: 'Object Repository/Page_Group10 Administration Users Permissio_4e74a7/a_Log out' is clicked on

2022-01-15 08:53:25 - [TEST_STEP][PASSED] - closeBrowser(): Browser is closed

2022-01-15 08:53:26 - [MESSAGE][PASSED] - Browser is closed]]></system-out>
         <system-err><![CDATA[]]></system-err>
      </testcase>
      <testcase name="Test Cases/Add a discussion topic - ADMIN" time="24.935" classname="Test Cases/Add a discussion topic - ADMIN" status="PASSED">
         <system-out><![CDATA[2022-01-15 08:53:26 - [TEST_CASE][PASSED] - Test Cases/Add a discussion topic - ADMIN: Test Cases/Add a discussion topic - ADMIN

2022-01-15 08:53:26 - [TEST_STEP][PASSED] - openBrowser(""): Browser is opened with url: ''

2022-01-15 08:53:26 - [MESSAGE][INFO] - Starting 'Edge Chromium' driver

2022-01-15 08:53:26 - [MESSAGE][INFO] - Action delay is set to 0 milliseconds

2022-01-15 08:53:27 - [MESSAGE][PASSED] - Browser is opened with url: ''

2022-01-15 08:53:27 - [TEST_STEP][PASSED] - navigateToUrl("http://localhost/"): Navigate to 'http://localhost/' successfully

2022-01-15 08:53:28 - [MESSAGE][PASSED] - Navigate to 'http://localhost/' successfully

2022-01-15 08:53:28 - [TEST_STEP][PASSED] - click(findTestObject("Page_Home page/a_Log in")): Object: 'Object Repository/Page_Home page/a_Log in' is clicked on

2022-01-15 08:53:29 - [MESSAGE][PASSED] - Object: 'Object Repository/Page_Home page/a_Log in' is clicked on

2022-01-15 08:53:29 - [TEST_STEP][PASSED] - setText(findTestObject("Page_Home page Log in to the site/input_Username_username"), "admin"): Text 'admin' is set on object 'Object Repository/Page_Home page Log in to the site/input_Username_username'

2022-01-15 08:53:30 - [MESSAGE][PASSED] - Text 'admin' is set on object 'Object Repository/Page_Home page Log in to the site/input_Username_username'

2022-01-15 08:53:30 - [TEST_STEP][PASSED] - setEncryptedText(findTestObject("Page_Home page Log in to the site/input_Password_password"), "OFhcon1PzObx3ErJAwGfGA=="): Text ****** has been set on object 'Object Repository/Page_Home page Log in to the site/input_Password_password'

2022-01-15 08:53:31 - [MESSAGE][PASSED] - Text ****** has been set on object 'Object Repository/Page_Home page Log in to the site/input_Password_password'

2022-01-15 08:53:31 - [TEST_STEP][PASSED] - click(findTestObject("Page_Home page Log in to the site/button_Log in")): Object: 'Object Repository/Page_Home page Log in to the site/button_Log in' is clicked on

2022-01-15 08:53:32 - [MESSAGE][PASSED] - Object: 'Object Repository/Page_Home page Log in to the site/button_Log in' is clicked on

2022-01-15 08:53:32 - [TEST_STEP][PASSED] - click(findTestObject("forum/Page_Dashboard/a_Home")): Object: 'Object Repository/forum/Page_Dashboard/a_Home' is clicked on

2022-01-15 08:53:34 - [MESSAGE][PASSED] - Object: 'Object Repository/forum/Page_Dashboard/a_Home' is clicked on

2022-01-15 08:53:34 - [TEST_STEP][PASSED] - click(findTestObject("Object Repository/forum/Page_Home page/a_Add a new topic")): Object: 'Object Repository/forum/Page_Home page/a_Add a new topic' is clicked on

2022-01-15 08:53:35 - [MESSAGE][PASSED] - Object: 'Object Repository/forum/Page_Home page/a_Add a new topic' is clicked on

2022-01-15 08:53:35 - [TEST_STEP][PASSED] - setText(findTestObject("Object Repository/forum/Page_Home page/input_Subject_subject"), "Testing add new topic"): Text 'Testing add new topic' is set on object 'Object Repository/forum/Page_Home page/input_Subject_subject'

2022-01-15 08:53:36 - [MESSAGE][PASSED] - Text 'Testing add new topic' is set on object 'Object Repository/forum/Page_Home page/input_Subject_subject'

2022-01-15 08:53:36 - [TEST_STEP][PASSED] - click(findTestObject("Object Repository/forum/Page_Home page/p")): Object: 'Object Repository/forum/Page_Home page/p' is clicked on

2022-01-15 08:53:37 - [MESSAGE][PASSED] - Object: 'Object Repository/forum/Page_Home page/p' is clicked on

2022-01-15 08:53:37 - [TEST_STEP][PASSED] - setText(findTestObject("Object Repository/forum/Page_Home page/div_Hello this is a new topic"), "Hello this is a new topic"): Text 'Hello this is a new topic' is set on object 'Object Repository/forum/Page_Home page/div_Hello this is a new topic'

2022-01-15 08:53:38 - [MESSAGE][PASSED] - Text 'Hello this is a new topic' is set on object 'Object Repository/forum/Page_Home page/div_Hello this is a new topic'

2022-01-15 08:53:38 - [TEST_STEP][PASSED] - click(findTestObject("Object Repository/forum/Page_Home page/input_Rich text editor_submitbutton")): Object: 'Object Repository/forum/Page_Home page/input_Rich text editor_submitbutton' is clicked on

2022-01-15 08:53:40 - [MESSAGE][PASSED] - Object: 'Object Repository/forum/Page_Home page/input_Rich text editor_submitbutton' is clicked on

2022-01-15 08:53:40 - [TEST_STEP][PASSED] - click(findTestObject("Object Repository/forum/Page_Site announcements/a_Testing add new topic")): Object: 'Object Repository/forum/Page_Site announcements/a_Testing add new topic' is clicked on

2022-01-15 08:53:42 - [MESSAGE][PASSED] - Object: 'Object Repository/forum/Page_Site announcements/a_Testing add new topic' is clicked on

2022-01-15 08:53:42 - [TEST_STEP][PASSED] - click(findTestObject("Object Repository/forum/Page_Group10 Testing add new topic/a_Home")): Object: 'Object Repository/forum/Page_Group10 Testing add new topic/a_Home' is clicked on

2022-01-15 08:53:43 - [MESSAGE][PASSED] - Object: 'Object Repository/forum/Page_Group10 Testing add new topic/a_Home' is clicked on

2022-01-15 08:53:43 - [TEST_STEP][PASSED] - click(findTestObject("Object Repository/forum/Page_Home page/a_Discuss this topic")): Object: 'Object Repository/forum/Page_Home page/a_Discuss this topic' is clicked on

2022-01-15 08:53:45 - [MESSAGE][PASSED] - Object: 'Object Repository/forum/Page_Home page/a_Discuss this topic' is clicked on

2022-01-15 08:53:45 - [TEST_STEP][PASSED] - click(findTestObject("Object Repository/forum/Page_Group10 Testing add new topic/a_Delete")): Object: 'Object Repository/forum/Page_Group10 Testing add new topic/a_Delete' is clicked on

2022-01-15 08:53:46 - [MESSAGE][PASSED] - Object: 'Object Repository/forum/Page_Group10 Testing add new topic/a_Delete' is clicked on

2022-01-15 08:53:46 - [TEST_STEP][PASSED] - click(findTestObject("Object Repository/forum/Page_Group10/button_Continue")): Object: 'Object Repository/forum/Page_Group10/button_Continue' is clicked on

2022-01-15 08:53:48 - [MESSAGE][PASSED] - Object: 'Object Repository/forum/Page_Group10/button_Continue' is clicked on

2022-01-15 08:53:48 - [TEST_STEP][PASSED] - click(findTestObject("Object Repository/forum/Page_Site announcements/a_AU")): Object: 'Object Repository/forum/Page_Site announcements/a_AU' is clicked on

2022-01-15 08:53:48 - [MESSAGE][PASSED] - Object: 'Object Repository/forum/Page_Site announcements/a_AU' is clicked on

2022-01-15 08:53:48 - [TEST_STEP][PASSED] - click(findTestObject("Object Repository/forum/Page_Site announcements/a_Log out")): Object: 'Object Repository/forum/Page_Site announcements/a_Log out' is clicked on

2022-01-15 08:53:49 - [MESSAGE][PASSED] - Object: 'Object Repository/forum/Page_Site announcements/a_Log out' is clicked on

2022-01-15 08:53:49 - [TEST_STEP][PASSED] - closeBrowser(): Browser is closed

2022-01-15 08:53:50 - [MESSAGE][PASSED] - Browser is closed]]></system-out>
         <system-err><![CDATA[]]></system-err>
      </testcase>
      <testcase name="Test Cases/Subscribe to forum - ADMIN" time="18.137" classname="Test Cases/Subscribe to forum - ADMIN" status="PASSED">
         <system-out><![CDATA[2022-01-15 08:53:50 - [TEST_CASE][PASSED] - Test Cases/Subscribe to forum - ADMIN: Test Cases/Subscribe to forum - ADMIN

2022-01-15 08:53:51 - [TEST_STEP][PASSED] - openBrowser(""): Browser is opened with url: ''

2022-01-15 08:53:51 - [MESSAGE][INFO] - Starting 'Edge Chromium' driver

2022-01-15 08:53:51 - [MESSAGE][INFO] - Action delay is set to 0 milliseconds

2022-01-15 08:53:52 - [MESSAGE][PASSED] - Browser is opened with url: ''

2022-01-15 08:53:52 - [TEST_STEP][PASSED] - navigateToUrl("http://localhost/"): Navigate to 'http://localhost/' successfully

2022-01-15 08:53:53 - [MESSAGE][PASSED] - Navigate to 'http://localhost/' successfully

2022-01-15 08:53:53 - [TEST_STEP][PASSED] - click(findTestObject("Object Repository/forum/Page_Home page/a_Log in")): Object: 'Object Repository/forum/Page_Home page/a_Log in' is clicked on

2022-01-15 08:53:54 - [MESSAGE][PASSED] - Object: 'Object Repository/forum/Page_Home page/a_Log in' is clicked on

2022-01-15 08:53:54 - [TEST_STEP][PASSED] - setText(findTestObject("Object Repository/forum/Page_Home page Log in to the site/input_Username_username"), "admin"): Text 'admin' is set on object 'Object Repository/forum/Page_Home page Log in to the site/input_Username_username'

2022-01-15 08:53:55 - [MESSAGE][PASSED] - Text 'admin' is set on object 'Object Repository/forum/Page_Home page Log in to the site/input_Username_username'

2022-01-15 08:53:55 - [TEST_STEP][PASSED] - setEncryptedText(findTestObject("Object Repository/forum/Page_Home page Log in to the site/input_Password_password"), "OFhcon1PzObx3ErJAwGfGA=="): Text ****** has been set on object 'Object Repository/forum/Page_Home page Log in to the site/input_Password_password'

2022-01-15 08:53:55 - [MESSAGE][PASSED] - Text ****** has been set on object 'Object Repository/forum/Page_Home page Log in to the site/input_Password_password'

2022-01-15 08:53:55 - [TEST_STEP][PASSED] - click(findTestObject("Object Repository/forum/Page_Home page Log in to the site/button_Log in")): Object: 'Object Repository/forum/Page_Home page Log in to the site/button_Log in' is clicked on

2022-01-15 08:53:57 - [MESSAGE][PASSED] - Object: 'Object Repository/forum/Page_Home page Log in to the site/button_Log in' is clicked on

2022-01-15 08:53:57 - [TEST_STEP][PASSED] - click(findTestObject("Object Repository/forum/Page_Dashboard/a_Home")): Object: 'Object Repository/forum/Page_Dashboard/a_Home' is clicked on

2022-01-15 08:53:59 - [MESSAGE][PASSED] - Object: 'Object Repository/forum/Page_Dashboard/a_Home' is clicked on

2022-01-15 08:53:59 - [TEST_STEP][PASSED] - click(findTestObject("Object Repository/forum/Page_Home page/a_Subscribe to forum")): Object: 'Object Repository/forum/Page_Home page/a_Subscribe to forum' is clicked on

2022-01-15 08:54:01 - [MESSAGE][PASSED] - Object: 'Object Repository/forum/Page_Home page/a_Subscribe to forum' is clicked on

2022-01-15 08:54:01 - [TEST_STEP][PASSED] - click(findTestObject("Object Repository/forum/Page_Site announcements/a_Subscriptions")): Object: 'Object Repository/forum/Page_Site announcements/a_Subscriptions' is clicked on

2022-01-15 08:54:02 - [MESSAGE][PASSED] - Object: 'Object Repository/forum/Page_Site announcements/a_Subscriptions' is clicked on

2022-01-15 08:54:02 - [TEST_STEP][PASSED] - click(findTestObject("Object Repository/forum/Page_Subscribers/a_Forum")): Object: 'Object Repository/forum/Page_Subscribers/a_Forum' is clicked on

2022-01-15 08:54:04 - [MESSAGE][PASSED] - Object: 'Object Repository/forum/Page_Subscribers/a_Forum' is clicked on

2022-01-15 08:54:04 - [TEST_STEP][PASSED] - click(findTestObject("Object Repository/forum/Page_Site announcements/a_Unsubscribe from forum")): Object: 'Object Repository/forum/Page_Site announcements/a_Unsubscribe from forum' is clicked on

2022-01-15 08:54:05 - [MESSAGE][PASSED] - Object: 'Object Repository/forum/Page_Site announcements/a_Unsubscribe from forum' is clicked on

2022-01-15 08:54:05 - [TEST_STEP][PASSED] - click(findTestObject("Object Repository/forum/Page_Site announcements/a_Subscriptions_1")): Object: 'Object Repository/forum/Page_Site announcements/a_Subscriptions_1' is clicked on

2022-01-15 08:54:06 - [MESSAGE][PASSED] - Object: 'Object Repository/forum/Page_Site announcements/a_Subscriptions_1' is clicked on

2022-01-15 08:54:06 - [TEST_STEP][PASSED] - click(findTestObject("Object Repository/forum/Page_Subscribers/a_AU")): Object: 'Object Repository/forum/Page_Subscribers/a_AU' is clicked on

2022-01-15 08:54:07 - [MESSAGE][PASSED] - Object: 'Object Repository/forum/Page_Subscribers/a_AU' is clicked on

2022-01-15 08:54:07 - [TEST_STEP][PASSED] - click(findTestObject("Object Repository/forum/Page_Subscribers/a_Log out")): Object: 'Object Repository/forum/Page_Subscribers/a_Log out' is clicked on

2022-01-15 08:54:08 - [MESSAGE][PASSED] - Object: 'Object Repository/forum/Page_Subscribers/a_Log out' is clicked on

2022-01-15 08:54:08 - [TEST_STEP][PASSED] - closeBrowser(): Browser is closed

2022-01-15 08:54:09 - [MESSAGE][PASSED] - Browser is closed]]></system-out>
         <system-err><![CDATA[]]></system-err>
      </testcase>
      <testcase name="Test Cases/Enroll teacher into course" time="57.022" classname="Test Cases/Enroll teacher into course" status="PASSED">
         <system-out><![CDATA[2022-01-15 08:54:09 - [TEST_CASE][PASSED] - Test Cases/Enroll teacher into course: Test Cases/Enroll teacher into course

2022-01-15 08:54:09 - [TEST_STEP][PASSED] - openBrowser(""): Browser is opened with url: ''

2022-01-15 08:54:09 - [MESSAGE][INFO] - Starting 'Edge Chromium' driver

2022-01-15 08:54:09 - [MESSAGE][INFO] - Action delay is set to 0 milliseconds

2022-01-15 08:54:10 - [MESSAGE][PASSED] - Browser is opened with url: ''

2022-01-15 08:54:10 - [TEST_STEP][PASSED] - navigateToUrl("http://localhost/"): Navigate to 'http://localhost/' successfully

2022-01-15 08:54:11 - [MESSAGE][PASSED] - Navigate to 'http://localhost/' successfully

2022-01-15 08:54:11 - [TEST_STEP][PASSED] - click(findTestObject("Page_Home page/a_Log in")): Object: 'Object Repository/Page_Home page/a_Log in' is clicked on

2022-01-15 08:54:12 - [MESSAGE][PASSED] - Object: 'Object Repository/Page_Home page/a_Log in' is clicked on

2022-01-15 08:54:12 - [TEST_STEP][PASSED] - setText(findTestObject("Page_Home page Log in to the site/input_Username_username"), "admin"): Text 'admin' is set on object 'Object Repository/Page_Home page Log in to the site/input_Username_username'

2022-01-15 08:54:13 - [MESSAGE][PASSED] - Text 'admin' is set on object 'Object Repository/Page_Home page Log in to the site/input_Username_username'

2022-01-15 08:54:13 - [TEST_STEP][PASSED] - setEncryptedText(findTestObject("Page_Home page Log in to the site/input_Password_password"), "OFhcon1PzObx3ErJAwGfGA=="): Text ****** has been set on object 'Object Repository/Page_Home page Log in to the site/input_Password_password'

2022-01-15 08:54:13 - [MESSAGE][PASSED] - Text ****** has been set on object 'Object Repository/Page_Home page Log in to the site/input_Password_password'

2022-01-15 08:54:13 - [TEST_STEP][PASSED] - click(findTestObject("Page_Home page Log in to the site/button_Log in")): Object: 'Object Repository/Page_Home page Log in to the site/button_Log in' is clicked on

2022-01-15 08:54:15 - [MESSAGE][PASSED] - Object: 'Object Repository/Page_Home page Log in to the site/button_Log in' is clicked on

2022-01-15 08:54:15 - [TEST_STEP][PASSED] - click(findTestObject("Object Repository/Page_TA Participants/a_My courses")): Object: 'Object Repository/Page_TA Participants/a_My courses' is clicked on

2022-01-15 08:54:17 - [MESSAGE][PASSED] - Object: 'Object Repository/Page_TA Participants/a_My courses' is clicked on

2022-01-15 08:54:17 - [TEST_STEP][PASSED] - click(findTestObject("Object Repository/Page_My courses/span_H quan tri c s d liu")): Object: 'Object Repository/Page_My courses/span_H quan tri c s d liu' is clicked on

2022-01-15 08:54:19 - [MESSAGE][PASSED] - Object: 'Object Repository/Page_My courses/span_H quan tri c s d liu' is clicked on

2022-01-15 08:54:19 - [TEST_STEP][PASSED] - click(findTestObject("Object Repository/Page_Course H quan tri c s d liu/a_Participants")): Object: 'Object Repository/Page_Course H quan tri c s d liu/a_Participants' is clicked on

2022-01-15 08:54:21 - [MESSAGE][PASSED] - Object: 'Object Repository/Page_Course H quan tri c s d liu/a_Participants' is clicked on

2022-01-15 08:54:21 - [TEST_STEP][PASSED] - click(findTestObject("Page_HQTCSDL Participants/input_Participants tertiary navigation_btn btn-primary")): Object: 'Object Repository/Page_HQTCSDL Participants/input_Participants tertiary navigation_btn btn-primary' is clicked on

2022-01-15 08:54:21 - [MESSAGE][PASSED] - Object: 'Object Repository/Page_HQTCSDL Participants/input_Participants tertiary navigation_btn btn-primary' is clicked on

2022-01-15 08:54:21 - [TEST_STEP][PASSED] - click(findTestObject("Page_HQTCSDL Participants/span_")): Object: 'Object Repository/Page_HQTCSDL Participants/span_' is clicked on

2022-01-15 08:54:23 - [MESSAGE][PASSED] - Object: 'Object Repository/Page_HQTCSDL Participants/span_' is clicked on

2022-01-15 08:54:23 - [TEST_STEP][PASSED] - click(findTestObject("Page_HQTCSDL Participants/li_Nguyen Nga    teacher1email.com")): Object: 'Object Repository/Page_HQTCSDL Participants/li_Nguyen Nga    teacher1email.com' is clicked on

2022-01-15 08:54:24 - [MESSAGE][PASSED] - Object: 'Object Repository/Page_HQTCSDL Participants/li_Nguyen Nga    teacher1email.com' is clicked on

2022-01-15 08:54:24 - [TEST_STEP][PASSED] - click(findTestObject("Object Repository/Page_HQTCSDL Participants/div_Assign role")): Object: 'Object Repository/Page_HQTCSDL Participants/div_Assign role' is clicked on

2022-01-15 08:54:25 - [MESSAGE][PASSED] - Object: 'Object Repository/Page_HQTCSDL Participants/div_Assign role' is clicked on

2022-01-15 08:54:25 - [TEST_STEP][PASSED] - selectOptionByLabel(findTestObject("Page_HQTCSDL Participants/select_Manager            Teacher          _ffc00f"), "Teacher", false): All options with label 'Teacher' are selected in object 'Object Repository/Page_HQTCSDL Participants/select_Manager            Teacher          _ffc00f' 

2022-01-15 08:54:26 - [MESSAGE][PASSED] - All options with label 'Teacher' are selected in object 'Object Repository/Page_HQTCSDL Participants/select_Manager            Teacher          _ffc00f' 

2022-01-15 08:54:26 - [TEST_STEP][PASSED] - click(findTestObject("Object Repository/Page_HQTCSDL Participants/button_Enrol users")): Object: 'Object Repository/Page_HQTCSDL Participants/button_Enrol users' is clicked on

2022-01-15 08:54:26 - [MESSAGE][PASSED] - Object: 'Object Repository/Page_HQTCSDL Participants/button_Enrol users' is clicked on

2022-01-15 08:54:26 - [TEST_STEP][PASSED] - click(findTestObject("Object Repository/Page_TA Participants/a_My courses")): Object: 'Object Repository/Page_TA Participants/a_My courses' is clicked on

2022-01-15 08:54:32 - [MESSAGE][PASSED] - Object: 'Object Repository/Page_TA Participants/a_My courses' is clicked on

2022-01-15 08:54:32 - [TEST_STEP][PASSED] - click(findTestObject("Page_My courses/span_Test Automation")): Object: 'Object Repository/Page_My courses/span_Test Automation' is clicked on

2022-01-15 08:54:34 - [MESSAGE][PASSED] - Object: 'Object Repository/Page_My courses/span_Test Automation' is clicked on

2022-01-15 08:54:34 - [TEST_STEP][PASSED] - click(findTestObject("Object Repository/Page_Course H quan tri c s d liu/a_Participants")): Object: 'Object Repository/Page_Course H quan tri c s d liu/a_Participants' is clicked on

2022-01-15 08:54:36 - [MESSAGE][PASSED] - Object: 'Object Repository/Page_Course H quan tri c s d liu/a_Participants' is clicked on

2022-01-15 08:54:36 - [TEST_STEP][PASSED] - click(findTestObject("Page_HQTCSDL Participants/input_Participants tertiary navigation_btn btn-primary")): Object: 'Object Repository/Page_HQTCSDL Participants/input_Participants tertiary navigation_btn btn-primary' is clicked on

2022-01-15 08:54:36 - [MESSAGE][PASSED] - Object: 'Object Repository/Page_HQTCSDL Participants/input_Participants tertiary navigation_btn btn-primary' is clicked on

2022-01-15 08:54:36 - [TEST_STEP][PASSED] - click(findTestObject("Page_HQTCSDL Participants/span_")): Object: 'Object Repository/Page_HQTCSDL Participants/span_' is clicked on

2022-01-15 08:54:38 - [MESSAGE][PASSED] - Object: 'Object Repository/Page_HQTCSDL Participants/span_' is clicked on

2022-01-15 08:54:38 - [TEST_STEP][PASSED] - click(findTestObject("Page_HQTCSDL Participants/li_Nguyen Nga    teacher1email.com")): Object: 'Object Repository/Page_HQTCSDL Participants/li_Nguyen Nga    teacher1email.com' is clicked on

2022-01-15 08:54:39 - [MESSAGE][PASSED] - Object: 'Object Repository/Page_HQTCSDL Participants/li_Nguyen Nga    teacher1email.com' is clicked on

2022-01-15 08:54:39 - [TEST_STEP][PASSED] - click(findTestObject("Object Repository/Page_HQTCSDL Participants/div_Assign role")): Object: 'Object Repository/Page_HQTCSDL Participants/div_Assign role' is clicked on

2022-01-15 08:54:39 - [MESSAGE][PASSED] - Object: 'Object Repository/Page_HQTCSDL Participants/div_Assign role' is clicked on

2022-01-15 08:54:39 - [TEST_STEP][PASSED] - selectOptionByLabel(findTestObject("Page_HQTCSDL Participants/select_Manager            Teacher            Non-editing teacher            Student"), "Teacher", false): All options with label 'Teacher' are selected in object 'Object Repository/Page_HQTCSDL Participants/select_Manager            Teacher            Non-editing teacher            Student' 

2022-01-15 08:54:40 - [MESSAGE][PASSED] - All options with label 'Teacher' are selected in object 'Object Repository/Page_HQTCSDL Participants/select_Manager            Teacher            Non-editing teacher            Student' 

2022-01-15 08:54:40 - [TEST_STEP][PASSED] - click(findTestObject("Object Repository/Page_HQTCSDL Participants/button_Enrol users")): Object: 'Object Repository/Page_HQTCSDL Participants/button_Enrol users' is clicked on

2022-01-15 08:54:41 - [MESSAGE][PASSED] - Object: 'Object Repository/Page_HQTCSDL Participants/button_Enrol users' is clicked on

2022-01-15 08:54:41 - [TEST_STEP][PASSED] - click(findTestObject("Object Repository/Page_HQTCSDL Participants/a_AU")): Object: 'Object Repository/Page_HQTCSDL Participants/a_AU' is clicked on

2022-01-15 08:54:42 - [MESSAGE][PASSED] - Object: 'Object Repository/Page_HQTCSDL Participants/a_AU' is clicked on

2022-01-15 08:54:42 - [TEST_STEP][PASSED] - click(findTestObject("Object Repository/Page_HQTCSDL Participants/a_Log out")): Object: 'Object Repository/Page_HQTCSDL Participants/a_Log out' is clicked on

2022-01-15 08:54:43 - [MESSAGE][PASSED] - Object: 'Object Repository/Page_HQTCSDL Participants/a_Log out' is clicked on

2022-01-15 08:54:43 - [TEST_STEP][PASSED] - click(findTestObject("Page_Home page/a_Log in")): Object: 'Object Repository/Page_Home page/a_Log in' is clicked on

2022-01-15 08:54:44 - [MESSAGE][PASSED] - Object: 'Object Repository/Page_Home page/a_Log in' is clicked on

2022-01-15 08:54:44 - [TEST_STEP][PASSED] - setText(findTestObject("Page_Home page Log in to the site/input_Username_username"), "teacher1"): Text 'teacher1' is set on object 'Object Repository/Page_Home page Log in to the site/input_Username_username'

2022-01-15 08:54:44 - [MESSAGE][PASSED] - Text 'teacher1' is set on object 'Object Repository/Page_Home page Log in to the site/input_Username_username'

2022-01-15 08:54:44 - [TEST_STEP][PASSED] - setEncryptedText(findTestObject("Page_Home page Log in to the site/input_Password_password"), "OFhcon1PzObx3ErJAwGfGA=="): Text ****** has been set on object 'Object Repository/Page_Home page Log in to the site/input_Password_password'

2022-01-15 08:54:45 - [MESSAGE][PASSED] - Text ****** has been set on object 'Object Repository/Page_Home page Log in to the site/input_Password_password'

2022-01-15 08:54:45 - [TEST_STEP][PASSED] - click(findTestObject("Page_Home page Log in to the site/button_Log in")): Object: 'Object Repository/Page_Home page Log in to the site/button_Log in' is clicked on

2022-01-15 08:54:47 - [MESSAGE][PASSED] - Object: 'Object Repository/Page_Home page Log in to the site/button_Log in' is clicked on

2022-01-15 08:54:47 - [TEST_STEP][PASSED] - click(findTestObject("Page_TA Participants/a_My courses")): Object: 'Object Repository/Page_TA Participants/a_My courses' is clicked on

2022-01-15 08:54:48 - [MESSAGE][PASSED] - Object: 'Object Repository/Page_TA Participants/a_My courses' is clicked on

2022-01-15 08:54:48 - [TEST_STEP][PASSED] - click(findTestObject("Object Repository/Page_My courses/span_H quan tri c s d liu")): Object: 'Object Repository/Page_My courses/span_H quan tri c s d liu' is clicked on

2022-01-15 08:54:50 - [MESSAGE][PASSED] - Object: 'Object Repository/Page_My courses/span_H quan tri c s d liu' is clicked on

2022-01-15 08:54:50 - [TEST_STEP][PASSED] - click(findTestObject("Object Repository/Page_Course H quan tri c s d liu/a_Participants")): Object: 'Object Repository/Page_Course H quan tri c s d liu/a_Participants' is clicked on

2022-01-15 08:54:52 - [MESSAGE][PASSED] - Object: 'Object Repository/Page_Course H quan tri c s d liu/a_Participants' is clicked on

2022-01-15 08:54:52 - [TEST_STEP][PASSED] - click(findTestObject("Object Repository/Page_HQTCSDL Participants/a_NN")): Object: 'Object Repository/Page_HQTCSDL Participants/a_NN' is clicked on

2022-01-15 08:54:52 - [MESSAGE][PASSED] - Object: 'Object Repository/Page_HQTCSDL Participants/a_NN' is clicked on

2022-01-15 08:54:52 - [TEST_STEP][PASSED] - click(findTestObject("Object Repository/Page_HQTCSDL Participants/a_Log out")): Object: 'Object Repository/Page_HQTCSDL Participants/a_Log out' is clicked on

2022-01-15 08:54:53 - [MESSAGE][PASSED] - Object: 'Object Repository/Page_HQTCSDL Participants/a_Log out' is clicked on

2022-01-15 08:54:53 - [TEST_STEP][PASSED] - click(findTestObject("Page_Home page/a_Log in")): Object: 'Object Repository/Page_Home page/a_Log in' is clicked on

2022-01-15 08:54:54 - [MESSAGE][PASSED] - Object: 'Object Repository/Page_Home page/a_Log in' is clicked on

2022-01-15 08:54:54 - [TEST_STEP][PASSED] - setText(findTestObject("Page_Home page Log in to the site/input_Username_username"), "admin"): Text 'admin' is set on object 'Object Repository/Page_Home page Log in to the site/input_Username_username'

2022-01-15 08:54:55 - [MESSAGE][PASSED] - Text 'admin' is set on object 'Object Repository/Page_Home page Log in to the site/input_Username_username'

2022-01-15 08:54:55 - [TEST_STEP][PASSED] - setEncryptedText(findTestObject("Page_Home page Log in to the site/input_Password_password"), "OFhcon1PzObx3ErJAwGfGA=="): Text ****** has been set on object 'Object Repository/Page_Home page Log in to the site/input_Password_password'

2022-01-15 08:54:55 - [MESSAGE][PASSED] - Text ****** has been set on object 'Object Repository/Page_Home page Log in to the site/input_Password_password'

2022-01-15 08:54:55 - [TEST_STEP][PASSED] - click(findTestObject("Page_Home page Log in to the site/button_Log in")): Object: 'Object Repository/Page_Home page Log in to the site/button_Log in' is clicked on

2022-01-15 08:54:57 - [MESSAGE][PASSED] - Object: 'Object Repository/Page_Home page Log in to the site/button_Log in' is clicked on

2022-01-15 08:54:57 - [TEST_STEP][PASSED] - click(findTestObject("Page_TA Participants/a_My courses")): Object: 'Object Repository/Page_TA Participants/a_My courses' is clicked on

2022-01-15 08:54:58 - [MESSAGE][PASSED] - Object: 'Object Repository/Page_TA Participants/a_My courses' is clicked on

2022-01-15 08:54:58 - [TEST_STEP][PASSED] - click(findTestObject("Object Repository/Page_My courses/span_H quan tri c s d liu")): Object: 'Object Repository/Page_My courses/span_H quan tri c s d liu' is clicked on

2022-01-15 08:55:00 - [MESSAGE][PASSED] - Object: 'Object Repository/Page_My courses/span_H quan tri c s d liu' is clicked on

2022-01-15 08:55:00 - [TEST_STEP][PASSED] - click(findTestObject("Object Repository/Page_Course H quan tri c s d liu/a_Participants")): Object: 'Object Repository/Page_Course H quan tri c s d liu/a_Participants' is clicked on

2022-01-15 08:55:02 - [MESSAGE][PASSED] - Object: 'Object Repository/Page_Course H quan tri c s d liu/a_Participants' is clicked on

2022-01-15 08:55:02 - [TEST_STEP][PASSED] - click(findTestObject("Object Repository/Page_HQTCSDL Participants/i_Active_icon fa fa-trash fa-fw")): Object: 'Object Repository/Page_HQTCSDL Participants/i_Active_icon fa fa-trash fa-fw' is clicked on

2022-01-15 08:55:02 - [MESSAGE][PASSED] - Object: 'Object Repository/Page_HQTCSDL Participants/i_Active_icon fa fa-trash fa-fw' is clicked on

2022-01-15 08:55:02 - [TEST_STEP][PASSED] - click(findTestObject("Object Repository/Page_HQTCSDL Participants/button_Unenrol")): Object: 'Object Repository/Page_HQTCSDL Participants/button_Unenrol' is clicked on

2022-01-15 08:55:03 - [MESSAGE][PASSED] - Object: 'Object Repository/Page_HQTCSDL Participants/button_Unenrol' is clicked on

2022-01-15 08:55:03 - [TEST_STEP][PASSED] - click(findTestObject("Object Repository/Page_HQTCSDL Participants/a_AU")): Object: 'Object Repository/Page_HQTCSDL Participants/a_AU' is clicked on

2022-01-15 08:55:04 - [MESSAGE][PASSED] - Object: 'Object Repository/Page_HQTCSDL Participants/a_AU' is clicked on

2022-01-15 08:55:04 - [TEST_STEP][PASSED] - click(findTestObject("Object Repository/Page_HQTCSDL Participants/a_Log out")): Object: 'Object Repository/Page_HQTCSDL Participants/a_Log out' is clicked on

2022-01-15 08:55:05 - [MESSAGE][PASSED] - Object: 'Object Repository/Page_HQTCSDL Participants/a_Log out' is clicked on

2022-01-15 08:55:05 - [TEST_STEP][PASSED] - closeBrowser(): Browser is closed

2022-01-15 08:55:06 - [MESSAGE][PASSED] - Browser is closed]]></system-out>
         <system-err><![CDATA[]]></system-err>
      </testcase>
      <testcase name="Test Cases/Edit Mode Home - ADMIN" time="40.468" classname="Test Cases/Edit Mode Home - ADMIN" status="PASSED">
         <system-out><![CDATA[2022-01-15 08:55:06 - [TEST_CASE][PASSED] - Test Cases/Edit Mode Home - ADMIN: Test Cases/Edit Mode Home - ADMIN

2022-01-15 08:55:06 - [TEST_STEP][PASSED] - openBrowser(""): Browser is opened with url: ''

2022-01-15 08:55:06 - [MESSAGE][INFO] - Starting 'Edge Chromium' driver

2022-01-15 08:55:06 - [MESSAGE][INFO] - Action delay is set to 0 milliseconds

2022-01-15 08:55:07 - [MESSAGE][PASSED] - Browser is opened with url: ''

2022-01-15 08:55:07 - [TEST_STEP][PASSED] - navigateToUrl("http://localhost/"): Navigate to 'http://localhost/' successfully

2022-01-15 08:55:08 - [MESSAGE][PASSED] - Navigate to 'http://localhost/' successfully

2022-01-15 08:55:08 - [TEST_STEP][PASSED] - click(findTestObject("Page_Home page/a_Log in")): Object: 'Object Repository/Page_Home page/a_Log in' is clicked on

2022-01-15 08:55:09 - [MESSAGE][PASSED] - Object: 'Object Repository/Page_Home page/a_Log in' is clicked on

2022-01-15 08:55:09 - [TEST_STEP][PASSED] - setText(findTestObject("Page_Home page Log in to the site/input_Username_username"), "admin"): Text 'admin' is set on object 'Object Repository/Page_Home page Log in to the site/input_Username_username'

2022-01-15 08:55:10 - [MESSAGE][PASSED] - Text 'admin' is set on object 'Object Repository/Page_Home page Log in to the site/input_Username_username'

2022-01-15 08:55:10 - [TEST_STEP][PASSED] - setEncryptedText(findTestObject("Page_Home page Log in to the site/input_Password_password"), "OFhcon1PzObx3ErJAwGfGA=="): Text ****** has been set on object 'Object Repository/Page_Home page Log in to the site/input_Password_password'

2022-01-15 08:55:10 - [MESSAGE][PASSED] - Text ****** has been set on object 'Object Repository/Page_Home page Log in to the site/input_Password_password'

2022-01-15 08:55:10 - [TEST_STEP][PASSED] - click(findTestObject("Page_Home page Log in to the site/button_Log in")): Object: 'Object Repository/Page_Home page Log in to the site/button_Log in' is clicked on

2022-01-15 08:55:12 - [MESSAGE][PASSED] - Object: 'Object Repository/Page_Home page Log in to the site/button_Log in' is clicked on

2022-01-15 08:55:12 - [TEST_STEP][PASSED] - click(findTestObject("forum/Page_Dashboard/a_Home")): Object: 'Object Repository/forum/Page_Dashboard/a_Home' is clicked on

2022-01-15 08:55:14 - [MESSAGE][PASSED] - Object: 'Object Repository/forum/Page_Dashboard/a_Home' is clicked on

2022-01-15 08:55:14 - [TEST_STEP][PASSED] - click(findTestObject("Object Repository/forum/Page_Home page/input_Edit mode_setmode")): Object: 'Object Repository/forum/Page_Home page/input_Edit mode_setmode' is clicked on

2022-01-15 08:55:15 - [MESSAGE][PASSED] - Object: 'Object Repository/forum/Page_Home page/input_Edit mode_setmode' is clicked on

2022-01-15 08:55:15 - [TEST_STEP][PASSED] - click(findTestObject("Object Repository/forum/Page_Home page/span_Add an activity or resource")): Object: 'Object Repository/forum/Page_Home page/span_Add an activity or resource' is clicked on

2022-01-15 08:55:17 - [MESSAGE][PASSED] - Object: 'Object Repository/forum/Page_Home page/span_Add an activity or resource' is clicked on

2022-01-15 08:55:17 - [TEST_STEP][PASSED] - click(findTestObject("Object Repository/forum/Page_Home page/div_Forum")): Object: 'Object Repository/forum/Page_Home page/div_Forum' is clicked on

2022-01-15 08:55:20 - [MESSAGE][PASSED] - Object: 'Object Repository/forum/Page_Home page/div_Forum' is clicked on

2022-01-15 08:55:20 - [TEST_STEP][PASSED] - setText(findTestObject("Object Repository/forum/Page_Editing Forum/input_Forum name_name"), "Forum test"): Text 'Forum test' is set on object 'Object Repository/forum/Page_Editing Forum/input_Forum name_name'

2022-01-15 08:55:22 - [MESSAGE][PASSED] - Text 'Forum test' is set on object 'Object Repository/forum/Page_Editing Forum/input_Forum name_name'

2022-01-15 08:55:22 - [TEST_STEP][PASSED] - click(findTestObject("Object Repository/forum/Page_Editing Forum/input_Send content change notification_subm_37cbed")): Object: 'Object Repository/forum/Page_Editing Forum/input_Send content change notification_subm_37cbed' is clicked on

2022-01-15 08:55:24 - [MESSAGE][PASSED] - Object: 'Object Repository/forum/Page_Editing Forum/input_Send content change notification_subm_37cbed' is clicked on

2022-01-15 08:55:24 - [TEST_STEP][PASSED] - click(findTestObject("Object Repository/forum/Page_Forum test/a_Home")): Object: 'Object Repository/forum/Page_Forum test/a_Home' is clicked on

2022-01-15 08:55:26 - [MESSAGE][PASSED] - Object: 'Object Repository/forum/Page_Forum test/a_Home' is clicked on

2022-01-15 08:55:26 - [TEST_STEP][PASSED] - click(findTestObject("Object Repository/forum/Page_Home page/a_Forum test")): Object: 'Object Repository/forum/Page_Home page/a_Forum test' is clicked on

2022-01-15 08:55:28 - [MESSAGE][PASSED] - Object: 'Object Repository/forum/Page_Home page/a_Forum test' is clicked on

2022-01-15 08:55:28 - [TEST_STEP][PASSED] - click(findTestObject("Object Repository/forum/Page_Forum test/a_Add discussion topic")): Object: 'Object Repository/forum/Page_Forum test/a_Add discussion topic' is clicked on

2022-01-15 08:55:29 - [MESSAGE][PASSED] - Object: 'Object Repository/forum/Page_Forum test/a_Add discussion topic' is clicked on

2022-01-15 08:55:29 - [TEST_STEP][PASSED] - setText(findTestObject("Object Repository/forum/Page_Forum test/input_Subject_subject"), "hello"): Text 'hello' is set on object 'Object Repository/forum/Page_Forum test/input_Subject_subject'

2022-01-15 08:55:29 - [MESSAGE][PASSED] - Text 'hello' is set on object 'Object Repository/forum/Page_Forum test/input_Subject_subject'

2022-01-15 08:55:29 - [TEST_STEP][PASSED] - click(findTestObject("Object Repository/forum/Page_Forum test/p")): Object: 'Object Repository/forum/Page_Forum test/p' is clicked on

2022-01-15 08:55:30 - [MESSAGE][PASSED] - Object: 'Object Repository/forum/Page_Forum test/p' is clicked on

2022-01-15 08:55:30 - [TEST_STEP][PASSED] - setText(findTestObject("forum/Page_Forum test/div_Rich text editor_id_messageeditable"), "hello"): Text 'hello' is set on object 'Object Repository/forum/Page_Forum test/div_Rich text editor_id_messageeditable'

2022-01-15 08:55:31 - [MESSAGE][PASSED] - Text 'hello' is set on object 'Object Repository/forum/Page_Forum test/div_Rich text editor_id_messageeditable'

2022-01-15 08:55:31 - [TEST_STEP][PASSED] - click(findTestObject("Object Repository/forum/Page_Forum test/input_Rich text editor_submitbutton")): Object: 'Object Repository/forum/Page_Forum test/input_Rich text editor_submitbutton' is clicked on

2022-01-15 08:55:33 - [MESSAGE][PASSED] - Object: 'Object Repository/forum/Page_Forum test/input_Rich text editor_submitbutton' is clicked on

2022-01-15 08:55:33 - [TEST_STEP][PASSED] - click(findTestObject("Object Repository/forum/Page_Forum test/a_Home_1")): Object: 'Object Repository/forum/Page_Forum test/a_Home_1' is clicked on

2022-01-15 08:55:35 - [MESSAGE][PASSED] - Object: 'Object Repository/forum/Page_Forum test/a_Home_1' is clicked on

2022-01-15 08:55:35 - [TEST_STEP][PASSED] - click(findTestObject("Object Repository/forum/Page_Home page/a_Forum test_1")): Object: 'Object Repository/forum/Page_Home page/a_Forum test_1' is clicked on

2022-01-15 08:55:37 - [MESSAGE][PASSED] - Object: 'Object Repository/forum/Page_Home page/a_Forum test_1' is clicked on

2022-01-15 08:55:37 - [TEST_STEP][PASSED] - click(findTestObject("Object Repository/forum/Page_Forum test/a_Site announcements")): Object: 'Object Repository/forum/Page_Forum test/a_Site announcements' is clicked on

2022-01-15 08:55:39 - [MESSAGE][PASSED] - Object: 'Object Repository/forum/Page_Forum test/a_Site announcements' is clicked on

2022-01-15 08:55:39 - [TEST_STEP][PASSED] - click(findTestObject("Object Repository/forum/Page_Site announcements/a_Home")): Object: 'Object Repository/forum/Page_Site announcements/a_Home' is clicked on

2022-01-15 08:55:41 - [MESSAGE][PASSED] - Object: 'Object Repository/forum/Page_Site announcements/a_Home' is clicked on

2022-01-15 08:55:41 - [TEST_STEP][PASSED] - click(findTestObject("Object Repository/forum/Page_Home page/i_Forum test_icon fa fa-ellipsis-v fa-fw")): Object: 'Object Repository/forum/Page_Home page/i_Forum test_icon fa fa-ellipsis-v fa-fw' is clicked on

2022-01-15 08:55:42 - [MESSAGE][PASSED] - Object: 'Object Repository/forum/Page_Home page/i_Forum test_icon fa fa-ellipsis-v fa-fw' is clicked on

2022-01-15 08:55:42 - [TEST_STEP][PASSED] - click(findTestObject("Object Repository/forum/Page_Home page/span_Delete")): Object: 'Object Repository/forum/Page_Home page/span_Delete' is clicked on

2022-01-15 08:55:42 - [MESSAGE][PASSED] - Object: 'Object Repository/forum/Page_Home page/span_Delete' is clicked on

2022-01-15 08:55:42 - [TEST_STEP][PASSED] - click(findTestObject("Object Repository/forum/Page_Home page/button_Yes")): Object: 'Object Repository/forum/Page_Home page/button_Yes' is clicked on

2022-01-15 08:55:43 - [MESSAGE][PASSED] - Object: 'Object Repository/forum/Page_Home page/button_Yes' is clicked on

2022-01-15 08:55:43 - [TEST_STEP][PASSED] - click(findTestObject("Object Repository/forum/Page_Home page/a_AU")): Object: 'Object Repository/forum/Page_Home page/a_AU' is clicked on

2022-01-15 08:55:44 - [MESSAGE][PASSED] - Object: 'Object Repository/forum/Page_Home page/a_AU' is clicked on

2022-01-15 08:55:44 - [TEST_STEP][PASSED] - click(findTestObject("Object Repository/forum/Page_Home page/a_Log out")): Object: 'Object Repository/forum/Page_Home page/a_Log out' is clicked on

2022-01-15 08:55:45 - [MESSAGE][PASSED] - Object: 'Object Repository/forum/Page_Home page/a_Log out' is clicked on

2022-01-15 08:55:45 - [TEST_STEP][PASSED] - closeBrowser(): Browser is closed

2022-01-15 08:55:46 - [MESSAGE][PASSED] - Browser is closed]]></system-out>
         <system-err><![CDATA[]]></system-err>
      </testcase>
      <testcase name="Test Cases/Edit Mode on Dashboard - ADMIN" time="20.837" classname="Test Cases/Edit Mode on Dashboard - ADMIN" status="PASSED">
         <system-out><![CDATA[2022-01-15 08:55:46 - [TEST_CASE][PASSED] - Test Cases/Edit Mode on Dashboard - ADMIN: Test Cases/Edit Mode on Dashboard - ADMIN

2022-01-15 08:55:46 - [TEST_STEP][PASSED] - openBrowser(""): Browser is opened with url: ''

2022-01-15 08:55:46 - [MESSAGE][INFO] - Starting 'Edge Chromium' driver

2022-01-15 08:55:47 - [MESSAGE][INFO] - Action delay is set to 0 milliseconds

2022-01-15 08:55:48 - [MESSAGE][PASSED] - Browser is opened with url: ''

2022-01-15 08:55:48 - [TEST_STEP][PASSED] - maximizeWindow(): Current window maximized

2022-01-15 08:55:48 - [MESSAGE][PASSED] - Current window maximized

2022-01-15 08:55:48 - [TEST_STEP][PASSED] - navigateToUrl("http://localhost/"): Navigate to 'http://localhost/' successfully

2022-01-15 08:55:49 - [MESSAGE][PASSED] - Navigate to 'http://localhost/' successfully

2022-01-15 08:55:49 - [TEST_STEP][PASSED] - click(findTestObject("Page_Home page/a_Log in")): Object: 'Object Repository/Page_Home page/a_Log in' is clicked on

2022-01-15 08:55:50 - [MESSAGE][PASSED] - Object: 'Object Repository/Page_Home page/a_Log in' is clicked on

2022-01-15 08:55:50 - [TEST_STEP][PASSED] - setText(findTestObject("Page_Home page Log in to the site/input_Username_username"), "admin"): Text 'admin' is set on object 'Object Repository/Page_Home page Log in to the site/input_Username_username'

2022-01-15 08:55:51 - [MESSAGE][PASSED] - Text 'admin' is set on object 'Object Repository/Page_Home page Log in to the site/input_Username_username'

2022-01-15 08:55:51 - [TEST_STEP][PASSED] - setEncryptedText(findTestObject("Page_Home page Log in to the site/input_Password_password"), "OFhcon1PzObx3ErJAwGfGA=="): Text ****** has been set on object 'Object Repository/Page_Home page Log in to the site/input_Password_password'

2022-01-15 08:55:52 - [MESSAGE][PASSED] - Text ****** has been set on object 'Object Repository/Page_Home page Log in to the site/input_Password_password'

2022-01-15 08:55:52 - [TEST_STEP][PASSED] - click(findTestObject("Page_Home page Log in to the site/button_Log in")): Object: 'Object Repository/Page_Home page Log in to the site/button_Log in' is clicked on

2022-01-15 08:55:53 - [MESSAGE][PASSED] - Object: 'Object Repository/Page_Home page Log in to the site/button_Log in' is clicked on

2022-01-15 08:55:53 - [TEST_STEP][PASSED] - click(findTestObject("Object Repository/forum/Page_Dashboard/input_Edit mode_setmode")): Object: 'Object Repository/forum/Page_Dashboard/input_Edit mode_setmode' is clicked on

2022-01-15 08:55:55 - [MESSAGE][PASSED] - Object: 'Object Repository/forum/Page_Dashboard/input_Edit mode_setmode' is clicked on

2022-01-15 08:55:55 - [TEST_STEP][PASSED] - click(findTestObject("Object Repository/forum/Page_Dashboard/a_Add a block")): Object: 'Object Repository/forum/Page_Dashboard/a_Add a block' is clicked on

2022-01-15 08:55:56 - [MESSAGE][PASSED] - Object: 'Object Repository/forum/Page_Dashboard/a_Add a block' is clicked on

2022-01-15 08:55:56 - [TEST_STEP][PASSED] - click(findTestObject("Object Repository/forum/Page_Dashboard/a_Online users")): Object: 'Object Repository/forum/Page_Dashboard/a_Online users' is clicked on

2022-01-15 08:55:59 - [MESSAGE][PASSED] - Object: 'Object Repository/forum/Page_Dashboard/a_Online users' is clicked on

2022-01-15 08:55:59 - [TEST_STEP][PASSED] - click(findTestObject("Object Repository/forum/Page_Dashboard/i_Online users_yui_3_17_2_1_1642063098227_327")): Object: 'Object Repository/forum/Page_Dashboard/i_Online users_yui_3_17_2_1_1642063098227_327' is clicked on

2022-01-15 08:56:00 - [MESSAGE][PASSED] - Object: 'Object Repository/forum/Page_Dashboard/i_Online users_yui_3_17_2_1_1642063098227_327' is clicked on

2022-01-15 08:56:00 - [TEST_STEP][PASSED] - click(findTestObject("Object Repository/forum/Page_Dashboard/a_To item Timeline")): Object: 'Object Repository/forum/Page_Dashboard/a_To item Timeline' is clicked on

2022-01-15 08:56:00 - [MESSAGE][PASSED] - Object: 'Object Repository/forum/Page_Dashboard/a_To item Timeline' is clicked on

2022-01-15 08:56:00 - [TEST_STEP][PASSED] - click(findTestObject("Object Repository/forum/Page_Dashboard/a_Online users_action-menu-toggle-6")): Object: 'Object Repository/forum/Page_Dashboard/a_Online users_action-menu-toggle-6' is clicked on

2022-01-15 08:56:01 - [MESSAGE][PASSED] - Object: 'Object Repository/forum/Page_Dashboard/a_Online users_action-menu-toggle-6' is clicked on

2022-01-15 08:56:01 - [TEST_STEP][PASSED] - click(findTestObject("Object Repository/forum/Page_Dashboard/span_Delete Online users block")): Object: 'Object Repository/forum/Page_Dashboard/span_Delete Online users block' is clicked on

2022-01-15 08:56:02 - [MESSAGE][PASSED] - Object: 'Object Repository/forum/Page_Dashboard/span_Delete Online users block' is clicked on

2022-01-15 08:56:02 - [TEST_STEP][PASSED] - click(findTestObject("Object Repository/forum/Page_Dashboard/button_Delete")): Object: 'Object Repository/forum/Page_Dashboard/button_Delete' is clicked on

2022-01-15 08:56:04 - [MESSAGE][PASSED] - Object: 'Object Repository/forum/Page_Dashboard/button_Delete' is clicked on

2022-01-15 08:56:04 - [TEST_STEP][PASSED] - click(findTestObject("Object Repository/forum/Page_Dashboard/a_AU")): Object: 'Object Repository/forum/Page_Dashboard/a_AU' is clicked on

2022-01-15 08:56:05 - [MESSAGE][PASSED] - Object: 'Object Repository/forum/Page_Dashboard/a_AU' is clicked on

2022-01-15 08:56:05 - [TEST_STEP][PASSED] - click(findTestObject("Object Repository/forum/Page_Dashboard/a_Log out")): Object: 'Object Repository/forum/Page_Dashboard/a_Log out' is clicked on

2022-01-15 08:56:06 - [MESSAGE][PASSED] - Object: 'Object Repository/forum/Page_Dashboard/a_Log out' is clicked on

2022-01-15 08:56:06 - [TEST_STEP][PASSED] - closeBrowser(): Browser is closed

2022-01-15 08:56:07 - [MESSAGE][PASSED] - Browser is closed]]></system-out>
         <system-err><![CDATA[]]></system-err>
      </testcase>
      <testcase name="Test Cases/Make an announcement" time="19.734" classname="Test Cases/Make an announcement" status="PASSED">
         <system-out><![CDATA[2022-01-15 08:56:07 - [TEST_CASE][PASSED] - Test Cases/Make an announcement: Test Cases/Make an announcement

2022-01-15 08:56:07 - [TEST_STEP][PASSED] - openBrowser(""): Browser is opened with url: ''

2022-01-15 08:56:07 - [MESSAGE][INFO] - Starting 'Edge Chromium' driver

2022-01-15 08:56:08 - [MESSAGE][INFO] - Action delay is set to 0 milliseconds

2022-01-15 08:56:09 - [MESSAGE][PASSED] - Browser is opened with url: ''

2022-01-15 08:56:09 - [TEST_STEP][PASSED] - navigateToUrl("localhost"): Navigate to 'http://localhost' successfully

2022-01-15 08:56:10 - [MESSAGE][PASSED] - Navigate to 'http://localhost' successfully

2022-01-15 08:56:10 - [TEST_STEP][PASSED] - click(findTestObject("Page_Home page/a_Log in")): Object: 'Object Repository/Page_Home page/a_Log in' is clicked on

2022-01-15 08:56:11 - [MESSAGE][PASSED] - Object: 'Object Repository/Page_Home page/a_Log in' is clicked on

2022-01-15 08:56:11 - [TEST_STEP][PASSED] - setText(findTestObject("Page_Home page Log in to the site/input_Username_username"), "teacher1"): Text 'teacher1' is set on object 'Object Repository/Page_Home page Log in to the site/input_Username_username'

2022-01-15 08:56:12 - [MESSAGE][PASSED] - Text 'teacher1' is set on object 'Object Repository/Page_Home page Log in to the site/input_Username_username'

2022-01-15 08:56:12 - [TEST_STEP][PASSED] - setText(findTestObject("Page_Home page Log in to the site/input_Password_password (1)"), "Group_10"): Text 'Group_10' is set on object 'Object Repository/Page_Home page Log in to the site/input_Password_password (1)'

2022-01-15 08:56:12 - [MESSAGE][PASSED] - Text 'Group_10' is set on object 'Object Repository/Page_Home page Log in to the site/input_Password_password (1)'

2022-01-15 08:56:12 - [TEST_STEP][PASSED] - click(findTestObject("Page_Home page Log in to the site/button_Log in")): Object: 'Object Repository/Page_Home page Log in to the site/button_Log in' is clicked on

2022-01-15 08:56:14 - [MESSAGE][PASSED] - Object: 'Object Repository/Page_Home page Log in to the site/button_Log in' is clicked on

2022-01-15 08:56:14 - [TEST_STEP][PASSED] - click(findTestObject("Page_Dashboard/a_My courses (1)")): Object: 'Object Repository/Page_Dashboard/a_My courses (1)' is clicked on

2022-01-15 08:56:15 - [MESSAGE][PASSED] - Object: 'Object Repository/Page_Dashboard/a_My courses (1)' is clicked on

2022-01-15 08:56:15 - [TEST_STEP][PASSED] - click(findTestObject("Page_My courses/span_Test Automation")): Object: 'Object Repository/Page_My courses/span_Test Automation' is clicked on

2022-01-15 08:56:17 - [MESSAGE][PASSED] - Object: 'Object Repository/Page_My courses/span_Test Automation' is clicked on

2022-01-15 08:56:17 - [TEST_STEP][PASSED] - click(findTestObject("Page_Course Test Automation/a_Announcements  Forum")): Object: 'Object Repository/Page_Course Test Automation/a_Announcements  Forum' is clicked on

2022-01-15 08:56:19 - [MESSAGE][PASSED] - Object: 'Object Repository/Page_Course Test Automation/a_Announcements  Forum' is clicked on

2022-01-15 08:56:19 - [TEST_STEP][PASSED] - click(findTestObject("Page_Course Test Automation/Page_Announcements/a_Add discussion topic")): Object: 'Object Repository/Page_Course Test Automation/Page_Announcements/a_Add discussion topic' is clicked on

2022-01-15 08:56:20 - [MESSAGE][PASSED] - Object: 'Object Repository/Page_Course Test Automation/Page_Announcements/a_Add discussion topic' is clicked on

2022-01-15 08:56:20 - [TEST_STEP][PASSED] - setText(findTestObject("Page_Course Test Automation/Page_Announcements/input_Subject_subject"), "Off next week"): Text 'Off next week' is set on object 'Object Repository/Page_Course Test Automation/Page_Announcements/input_Subject_subject'

2022-01-15 08:56:21 - [MESSAGE][PASSED] - Text 'Off next week' is set on object 'Object Repository/Page_Course Test Automation/Page_Announcements/input_Subject_subject'

2022-01-15 08:56:21 - [TEST_STEP][PASSED] - setText(findTestObject("Page_Course Test Automation/Page_Announcements/input_Message"), "Lecturer has a meeting next week"): Text 'Lecturer has a meeting next week' is set on object 'Object Repository/Page_Course Test Automation/Page_Announcements/input_Message'

2022-01-15 08:56:22 - [MESSAGE][PASSED] - Text 'Lecturer has a meeting next week' is set on object 'Object Repository/Page_Course Test Automation/Page_Announcements/input_Message'

2022-01-15 08:56:22 - [TEST_STEP][PASSED] - click(findTestObject("Page_Course Test Automation/Page_Announcements/submitbutton")): Object: 'Object Repository/Page_Course Test Automation/Page_Announcements/submitbutton' is clicked on

2022-01-15 08:56:24 - [MESSAGE][PASSED] - Object: 'Object Repository/Page_Course Test Automation/Page_Announcements/submitbutton' is clicked on

2022-01-15 08:56:24 - [TEST_STEP][PASSED] - click(findTestObject("Page_Dashboard/a_NH")): Object: 'Object Repository/Page_Dashboard/a_NH' is clicked on

2022-01-15 08:56:25 - [MESSAGE][PASSED] - Object: 'Object Repository/Page_Dashboard/a_NH' is clicked on

2022-01-15 08:56:25 - [TEST_STEP][PASSED] - click(findTestObject("Page_Dashboard/a_Log out")): Object: 'Object Repository/Page_Dashboard/a_Log out' is clicked on

2022-01-15 08:56:26 - [MESSAGE][PASSED] - Object: 'Object Repository/Page_Dashboard/a_Log out' is clicked on

2022-01-15 08:56:26 - [TEST_STEP][PASSED] - closeBrowser(): Browser is closed

2022-01-15 08:56:27 - [MESSAGE][PASSED] - Browser is closed]]></system-out>
         <system-err><![CDATA[]]></system-err>
      </testcase>
      <testcase name="Test Cases/Add assignment to course" time="26.007" classname="Test Cases/Add assignment to course" status="PASSED">
         <system-out><![CDATA[2022-01-15 08:56:27 - [TEST_CASE][PASSED] - Test Cases/Add assignment to course: Test Cases/Add assignment to course

2022-01-15 08:56:27 - [TEST_STEP][PASSED] - openBrowser(""): Browser is opened with url: ''

2022-01-15 08:56:27 - [MESSAGE][INFO] - Starting 'Edge Chromium' driver

2022-01-15 08:56:27 - [MESSAGE][INFO] - Action delay is set to 0 milliseconds

2022-01-15 08:56:28 - [MESSAGE][PASSED] - Browser is opened with url: ''

2022-01-15 08:56:28 - [TEST_STEP][PASSED] - navigateToUrl("localhost"): Navigate to 'http://localhost' successfully

2022-01-15 08:56:29 - [MESSAGE][PASSED] - Navigate to 'http://localhost' successfully

2022-01-15 08:56:29 - [TEST_STEP][PASSED] - click(findTestObject("Page_Home page/a_Log in")): Object: 'Object Repository/Page_Home page/a_Log in' is clicked on

2022-01-15 08:56:30 - [MESSAGE][PASSED] - Object: 'Object Repository/Page_Home page/a_Log in' is clicked on

2022-01-15 08:56:30 - [TEST_STEP][PASSED] - setText(findTestObject("Page_Home page Log in to the site/input_Username_username"), "teacher1"): Text 'teacher1' is set on object 'Object Repository/Page_Home page Log in to the site/input_Username_username'

2022-01-15 08:56:31 - [MESSAGE][PASSED] - Text 'teacher1' is set on object 'Object Repository/Page_Home page Log in to the site/input_Username_username'

2022-01-15 08:56:31 - [TEST_STEP][PASSED] - setText(findTestObject("Page_Home page Log in to the site/input_Password_password (1)"), "Group_10"): Text 'Group_10' is set on object 'Object Repository/Page_Home page Log in to the site/input_Password_password (1)'

2022-01-15 08:56:32 - [MESSAGE][PASSED] - Text 'Group_10' is set on object 'Object Repository/Page_Home page Log in to the site/input_Password_password (1)'

2022-01-15 08:56:32 - [TEST_STEP][PASSED] - click(findTestObject("Page_Home page Log in to the site/button_Log in")): Object: 'Object Repository/Page_Home page Log in to the site/button_Log in' is clicked on

2022-01-15 08:56:33 - [MESSAGE][PASSED] - Object: 'Object Repository/Page_Home page Log in to the site/button_Log in' is clicked on

2022-01-15 08:56:33 - [TEST_STEP][PASSED] - click(findTestObject("Page_Dashboard/a_My courses (1)")): Object: 'Object Repository/Page_Dashboard/a_My courses (1)' is clicked on

2022-01-15 08:56:35 - [MESSAGE][PASSED] - Object: 'Object Repository/Page_Dashboard/a_My courses (1)' is clicked on

2022-01-15 08:56:35 - [TEST_STEP][PASSED] - click(findTestObject("Page_My courses/span_Test Automation")): Object: 'Object Repository/Page_My courses/span_Test Automation' is clicked on

2022-01-15 08:56:37 - [MESSAGE][PASSED] - Object: 'Object Repository/Page_My courses/span_Test Automation' is clicked on

2022-01-15 08:56:37 - [TEST_STEP][PASSED] - click(findTestObject("Page_Course Test Automation/input_Edit mode_setmode")): Object: 'Object Repository/Page_Course Test Automation/input_Edit mode_setmode' is clicked on

2022-01-15 08:56:38 - [MESSAGE][PASSED] - Object: 'Object Repository/Page_Course Test Automation/input_Edit mode_setmode' is clicked on

2022-01-15 08:56:38 - [TEST_STEP][PASSED] - click(findTestObject("Page_Course Test Automation/span_Add an activity or resource")): Object: 'Object Repository/Page_Course Test Automation/span_Add an activity or resource' is clicked on

2022-01-15 08:56:39 - [MESSAGE][PASSED] - Object: 'Object Repository/Page_Course Test Automation/span_Add an activity or resource' is clicked on

2022-01-15 08:56:39 - [TEST_STEP][PASSED] - click(findTestObject("Page_Course Test Automation/img_Recommended_icon icon activityicon")): Object: 'Object Repository/Page_Course Test Automation/img_Recommended_icon icon activityicon' is clicked on

2022-01-15 08:56:44 - [MESSAGE][PASSED] - Object: 'Object Repository/Page_Course Test Automation/img_Recommended_icon icon activityicon' is clicked on

2022-01-15 08:56:44 - [TEST_STEP][PASSED] - setText(findTestObject("Page_Course Test Automation/Page_Editing Assignment/input_name-assignment"), "Bonus assignment"): Text 'Bonus assignment' is set on object 'Object Repository/Page_Course Test Automation/Page_Editing Assignment/input_name-assignment'

2022-01-15 08:56:46 - [MESSAGE][PASSED] - Text 'Bonus assignment' is set on object 'Object Repository/Page_Course Test Automation/Page_Editing Assignment/input_name-assignment'

2022-01-15 08:56:46 - [TEST_STEP][PASSED] - setText(findTestObject("Page_Course Test Automation/Page_Editing Assignment/input_description_assignment"), "MSSV.zip/rar"): Text 'MSSV.zip/rar' is set on object 'Object Repository/Page_Course Test Automation/Page_Editing Assignment/input_description_assignment'

2022-01-15 08:56:47 - [MESSAGE][PASSED] - Text 'MSSV.zip/rar' is set on object 'Object Repository/Page_Course Test Automation/Page_Editing Assignment/input_description_assignment'

2022-01-15 08:56:47 - [TEST_STEP][PASSED] - click(findTestObject("Page_Course Test Automation/Page_Editing Assignment/submitbutton-assignment")): Object: 'Object Repository/Page_Course Test Automation/Page_Editing Assignment/submitbutton-assignment' is clicked on

2022-01-15 08:56:49 - [MESSAGE][PASSED] - Object: 'Object Repository/Page_Course Test Automation/Page_Editing Assignment/submitbutton-assignment' is clicked on

2022-01-15 08:56:49 - [TEST_STEP][PASSED] - click(findTestObject("Page_Dashboard/a_NH")): Object: 'Object Repository/Page_Dashboard/a_NH' is clicked on

2022-01-15 08:56:50 - [MESSAGE][PASSED] - Object: 'Object Repository/Page_Dashboard/a_NH' is clicked on

2022-01-15 08:56:50 - [TEST_STEP][PASSED] - click(findTestObject("Page_Dashboard/a_Log out")): Object: 'Object Repository/Page_Dashboard/a_Log out' is clicked on

2022-01-15 08:56:52 - [MESSAGE][PASSED] - Object: 'Object Repository/Page_Dashboard/a_Log out' is clicked on

2022-01-15 08:56:52 - [TEST_STEP][PASSED] - closeBrowser(): Browser is closed

2022-01-15 08:56:53 - [MESSAGE][PASSED] - Browser is closed]]></system-out>
         <system-err><![CDATA[]]></system-err>
      </testcase>
      <testcase name="Test Cases/Edit assignment" time="23.058" classname="Test Cases/Edit assignment" status="PASSED">
         <system-out><![CDATA[2022-01-15 08:56:53 - [TEST_CASE][PASSED] - Test Cases/Edit assignment: Test Cases/Edit assignment

2022-01-15 08:56:53 - [TEST_STEP][PASSED] - openBrowser(""): Browser is opened with url: ''

2022-01-15 08:56:53 - [MESSAGE][INFO] - Starting 'Edge Chromium' driver

2022-01-15 08:56:54 - [MESSAGE][INFO] - Action delay is set to 0 milliseconds

2022-01-15 08:56:54 - [MESSAGE][PASSED] - Browser is opened with url: ''

2022-01-15 08:56:54 - [TEST_STEP][PASSED] - navigateToUrl("localhost"): Navigate to 'http://localhost' successfully

2022-01-15 08:56:55 - [MESSAGE][PASSED] - Navigate to 'http://localhost' successfully

2022-01-15 08:56:55 - [TEST_STEP][PASSED] - click(findTestObject("Page_Home page/a_Log in")): Object: 'Object Repository/Page_Home page/a_Log in' is clicked on

2022-01-15 08:56:56 - [MESSAGE][PASSED] - Object: 'Object Repository/Page_Home page/a_Log in' is clicked on

2022-01-15 08:56:56 - [TEST_STEP][PASSED] - setText(findTestObject("Page_Home page Log in to the site/input_Username_username"), "teacher1"): Text 'teacher1' is set on object 'Object Repository/Page_Home page Log in to the site/input_Username_username'

2022-01-15 08:56:57 - [MESSAGE][PASSED] - Text 'teacher1' is set on object 'Object Repository/Page_Home page Log in to the site/input_Username_username'

2022-01-15 08:56:57 - [TEST_STEP][PASSED] - setText(findTestObject("Page_Home page Log in to the site/input_Password_password (1)"), "Group_10"): Text 'Group_10' is set on object 'Object Repository/Page_Home page Log in to the site/input_Password_password (1)'

2022-01-15 08:56:58 - [MESSAGE][PASSED] - Text 'Group_10' is set on object 'Object Repository/Page_Home page Log in to the site/input_Password_password (1)'

2022-01-15 08:56:58 - [TEST_STEP][PASSED] - click(findTestObject("Page_Home page Log in to the site/button_Log in")): Object: 'Object Repository/Page_Home page Log in to the site/button_Log in' is clicked on

2022-01-15 08:57:00 - [MESSAGE][PASSED] - Object: 'Object Repository/Page_Home page Log in to the site/button_Log in' is clicked on

2022-01-15 08:57:00 - [TEST_STEP][PASSED] - click(findTestObject("Page_Dashboard/a_My courses (1)")): Object: 'Object Repository/Page_Dashboard/a_My courses (1)' is clicked on

2022-01-15 08:57:01 - [MESSAGE][PASSED] - Object: 'Object Repository/Page_Dashboard/a_My courses (1)' is clicked on

2022-01-15 08:57:01 - [TEST_STEP][PASSED] - click(findTestObject("Page_My courses/span_Test Automation")): Object: 'Object Repository/Page_My courses/span_Test Automation' is clicked on

2022-01-15 08:57:03 - [MESSAGE][PASSED] - Object: 'Object Repository/Page_My courses/span_Test Automation' is clicked on

2022-01-15 08:57:03 - [TEST_STEP][PASSED] - click(findTestObject("Page_Course Test Automation/input_Edit mode_setmode")): Object: 'Object Repository/Page_Course Test Automation/input_Edit mode_setmode' is clicked on

2022-01-15 08:57:04 - [MESSAGE][PASSED] - Object: 'Object Repository/Page_Course Test Automation/input_Edit mode_setmode' is clicked on

2022-01-15 08:57:04 - [TEST_STEP][PASSED] - click(findTestObject("Page_Course Test Automation/btn-setting-assignment")): Object: 'Object Repository/Page_Course Test Automation/btn-setting-assignment' is clicked on

2022-01-15 08:57:06 - [MESSAGE][PASSED] - Object: 'Object Repository/Page_Course Test Automation/btn-setting-assignment' is clicked on

2022-01-15 08:57:06 - [TEST_STEP][PASSED] - click(findTestObject("Page_Course Test Automation/span_Edit settings")): Object: 'Object Repository/Page_Course Test Automation/span_Edit settings' is clicked on

2022-01-15 08:57:08 - [MESSAGE][PASSED] - Object: 'Object Repository/Page_Course Test Automation/span_Edit settings' is clicked on

2022-01-15 08:57:08 - [TEST_STEP][PASSED] - setText(findTestObject("Page_Course Test Automation/Page_Editing Assignment/input_name-assignment"), "Bonus assignment (Extend 1 week)"): Text 'Bonus assignment (Extend 1 week)' is set on object 'Object Repository/Page_Course Test Automation/Page_Editing Assignment/input_name-assignment'

2022-01-15 08:57:10 - [MESSAGE][PASSED] - Text 'Bonus assignment (Extend 1 week)' is set on object 'Object Repository/Page_Course Test Automation/Page_Editing Assignment/input_name-assignment'

2022-01-15 08:57:10 - [TEST_STEP][PASSED] - selectOptionByValue(findTestObject("Page_Course Test Automation/Page_Editing Assignment/set-deadline"), "27", false): All options with value '27' are selected in object 'Object Repository/Page_Course Test Automation/Page_Editing Assignment/set-deadline' 

2022-01-15 08:57:11 - [MESSAGE][PASSED] - All options with value '27' are selected in object 'Object Repository/Page_Course Test Automation/Page_Editing Assignment/set-deadline' 

2022-01-15 08:57:11 - [TEST_STEP][PASSED] - click(findTestObject("Page_Course Test Automation/Page_Editing Assignment/submitbutton-assignment")): Object: 'Object Repository/Page_Course Test Automation/Page_Editing Assignment/submitbutton-assignment' is clicked on

2022-01-15 08:57:13 - [MESSAGE][PASSED] - Object: 'Object Repository/Page_Course Test Automation/Page_Editing Assignment/submitbutton-assignment' is clicked on

2022-01-15 08:57:13 - [TEST_STEP][PASSED] - click(findTestObject("Page_Dashboard/a_NH")): Object: 'Object Repository/Page_Dashboard/a_NH' is clicked on

2022-01-15 08:57:14 - [MESSAGE][PASSED] - Object: 'Object Repository/Page_Dashboard/a_NH' is clicked on

2022-01-15 08:57:14 - [TEST_STEP][PASSED] - click(findTestObject("Page_Dashboard/a_Log out")): Object: 'Object Repository/Page_Dashboard/a_Log out' is clicked on

2022-01-15 08:57:15 - [MESSAGE][PASSED] - Object: 'Object Repository/Page_Dashboard/a_Log out' is clicked on

2022-01-15 08:57:15 - [TEST_STEP][PASSED] - closeBrowser(): Browser is closed

2022-01-15 08:57:16 - [MESSAGE][PASSED] - Browser is closed]]></system-out>
         <system-err><![CDATA[]]></system-err>
      </testcase>
      <testcase name="Test Cases/Add event to calendar" time="33.812" classname="Test Cases/Add event to calendar" status="PASSED">
         <system-out><![CDATA[2022-01-15 08:57:16 - [TEST_CASE][PASSED] - Test Cases/Add event to calendar: Test Cases/Add event to calendar

2022-01-15 08:57:16 - [TEST_STEP][PASSED] - openBrowser(""): Browser is opened with url: ''

2022-01-15 08:57:16 - [MESSAGE][INFO] - Starting 'Edge Chromium' driver

2022-01-15 08:57:17 - [MESSAGE][INFO] - Action delay is set to 0 milliseconds

2022-01-15 08:57:17 - [MESSAGE][PASSED] - Browser is opened with url: ''

2022-01-15 08:57:17 - [TEST_STEP][PASSED] - navigateToUrl("localhost"): Navigate to 'http://localhost' successfully

2022-01-15 08:57:18 - [MESSAGE][PASSED] - Navigate to 'http://localhost' successfully

2022-01-15 08:57:18 - [TEST_STEP][PASSED] - click(findTestObject("Page_Home page/a_Log in")): Object: 'Object Repository/Page_Home page/a_Log in' is clicked on

2022-01-15 08:57:20 - [MESSAGE][PASSED] - Object: 'Object Repository/Page_Home page/a_Log in' is clicked on

2022-01-15 08:57:20 - [TEST_STEP][PASSED] - setText(findTestObject("Page_Home page Log in to the site/input_Username_username"), "teacher1"): Text 'teacher1' is set on object 'Object Repository/Page_Home page Log in to the site/input_Username_username'

2022-01-15 08:57:20 - [MESSAGE][PASSED] - Text 'teacher1' is set on object 'Object Repository/Page_Home page Log in to the site/input_Username_username'

2022-01-15 08:57:20 - [TEST_STEP][PASSED] - setText(findTestObject("Page_Home page Log in to the site/input_Password_password (1)"), "Group_10"): Text 'Group_10' is set on object 'Object Repository/Page_Home page Log in to the site/input_Password_password (1)'

2022-01-15 08:57:21 - [MESSAGE][PASSED] - Text 'Group_10' is set on object 'Object Repository/Page_Home page Log in to the site/input_Password_password (1)'

2022-01-15 08:57:21 - [TEST_STEP][PASSED] - click(findTestObject("Page_Home page Log in to the site/button_Log in")): Object: 'Object Repository/Page_Home page Log in to the site/button_Log in' is clicked on

2022-01-15 08:57:23 - [MESSAGE][PASSED] - Object: 'Object Repository/Page_Home page Log in to the site/button_Log in' is clicked on

2022-01-15 08:57:23 - [TEST_STEP][PASSED] - click(findTestObject("Page_Dashboard/a_My courses (1)")): Object: 'Object Repository/Page_Dashboard/a_My courses (1)' is clicked on

2022-01-15 08:57:24 - [MESSAGE][PASSED] - Object: 'Object Repository/Page_Dashboard/a_My courses (1)' is clicked on

2022-01-15 08:57:24 - [TEST_STEP][PASSED] - click(findTestObject("Page_My courses/span_Test Automation")): Object: 'Object Repository/Page_My courses/span_Test Automation' is clicked on

2022-01-15 08:57:26 - [MESSAGE][PASSED] - Object: 'Object Repository/Page_My courses/span_Test Automation' is clicked on

2022-01-15 08:57:26 - [TEST_STEP][PASSED] - click(findTestObject("Page_Course Test Automation/input_Edit mode_setmode")): Object: 'Object Repository/Page_Course Test Automation/input_Edit mode_setmode' is clicked on

2022-01-15 08:57:26 - [MESSAGE][PASSED] - Object: 'Object Repository/Page_Course Test Automation/input_Edit mode_setmode' is clicked on

2022-01-15 08:57:26 - [TEST_STEP][PASSED] - click(findTestObject("Page_Course Test Automation/span_Add an activity or resource_2")): Object: 'Object Repository/Page_Course Test Automation/span_Add an activity or resource_2' is clicked on

2022-01-15 08:57:28 - [MESSAGE][PASSED] - Object: 'Object Repository/Page_Course Test Automation/span_Add an activity or resource_2' is clicked on

2022-01-15 08:57:28 - [TEST_STEP][PASSED] - click(findTestObject("Page_Course Test Automation/img_Recommended_icon icon activityicon")): Object: 'Object Repository/Page_Course Test Automation/img_Recommended_icon icon activityicon' is clicked on

2022-01-15 08:57:30 - [MESSAGE][PASSED] - Object: 'Object Repository/Page_Course Test Automation/img_Recommended_icon icon activityicon' is clicked on

2022-01-15 08:57:30 - [TEST_STEP][PASSED] - setText(findTestObject("Page_Course Test Automation/Page_Editing Assignment/input_name-assignment"), "Midterm"): Text 'Midterm' is set on object 'Object Repository/Page_Course Test Automation/Page_Editing Assignment/input_name-assignment'

2022-01-15 08:57:32 - [MESSAGE][PASSED] - Text 'Midterm' is set on object 'Object Repository/Page_Course Test Automation/Page_Editing Assignment/input_name-assignment'

2022-01-15 08:57:32 - [TEST_STEP][PASSED] - setText(findTestObject("Page_Course Test Automation/Page_Editing Assignment/input_description_assignment"), "MSSV.pdf"): Text 'MSSV.pdf' is set on object 'Object Repository/Page_Course Test Automation/Page_Editing Assignment/input_description_assignment'

2022-01-15 08:57:33 - [MESSAGE][PASSED] - Text 'MSSV.pdf' is set on object 'Object Repository/Page_Course Test Automation/Page_Editing Assignment/input_description_assignment'

2022-01-15 08:57:33 - [TEST_STEP][PASSED] - selectOptionByValue(findTestObject("Page_Course Test Automation/Page_Editing Assignment/select_allow_submit_day"), "20", false): All options with value '20' are selected in object 'Object Repository/Page_Course Test Automation/Page_Editing Assignment/select_allow_submit_day' 

2022-01-15 08:57:34 - [MESSAGE][PASSED] - All options with value '20' are selected in object 'Object Repository/Page_Course Test Automation/Page_Editing Assignment/select_allow_submit_day' 

2022-01-15 08:57:34 - [TEST_STEP][PASSED] - selectOptionByValue(findTestObject("Page_Course Test Automation/Page_Editing Assignment/select_allow_submit_time"), "13", false): All options with value '13' are selected in object 'Object Repository/Page_Course Test Automation/Page_Editing Assignment/select_allow_submit_time' 

2022-01-15 08:57:35 - [MESSAGE][PASSED] - All options with value '13' are selected in object 'Object Repository/Page_Course Test Automation/Page_Editing Assignment/select_allow_submit_time' 

2022-01-15 08:57:35 - [TEST_STEP][PASSED] - selectOptionByValue(findTestObject("Page_Course Test Automation/Page_Editing Assignment/select_due_date_day"), "20", false): All options with value '20' are selected in object 'Object Repository/Page_Course Test Automation/Page_Editing Assignment/select_due_date_day' 

2022-01-15 08:57:36 - [MESSAGE][PASSED] - All options with value '20' are selected in object 'Object Repository/Page_Course Test Automation/Page_Editing Assignment/select_due_date_day' 

2022-01-15 08:57:36 - [TEST_STEP][PASSED] - selectOptionByValue(findTestObject("Page_Course Test Automation/Page_Editing Assignment/select_due_date_time"), "15", false): All options with value '15' are selected in object 'Object Repository/Page_Course Test Automation/Page_Editing Assignment/select_due_date_time' 

2022-01-15 08:57:37 - [MESSAGE][PASSED] - All options with value '15' are selected in object 'Object Repository/Page_Course Test Automation/Page_Editing Assignment/select_due_date_time' 

2022-01-15 08:57:37 - [TEST_STEP][PASSED] - click(findTestObject("Page_Course Test Automation/Page_Editing Assignment/submitbutton-assignment")): Object: 'Object Repository/Page_Course Test Automation/Page_Editing Assignment/submitbutton-assignment' is clicked on

2022-01-15 08:57:39 - [MESSAGE][PASSED] - Object: 'Object Repository/Page_Course Test Automation/Page_Editing Assignment/submitbutton-assignment' is clicked on

2022-01-15 08:57:39 - [TEST_STEP][PASSED] - click(findTestObject("Page_My courses/a_Dashboard")): Object: 'Object Repository/Page_My courses/a_Dashboard' is clicked on

2022-01-15 08:57:41 - [MESSAGE][PASSED] - Object: 'Object Repository/Page_My courses/a_Dashboard' is clicked on

2022-01-15 08:57:41 - [TEST_STEP][PASSED] - click(findTestObject("Page_Course Test Automation/input_Edit mode_setmode")): Object: 'Object Repository/Page_Course Test Automation/input_Edit mode_setmode' is clicked on

2022-01-15 08:57:42 - [MESSAGE][PASSED] - Object: 'Object Repository/Page_Course Test Automation/input_Edit mode_setmode' is clicked on

2022-01-15 08:57:42 - [TEST_STEP][PASSED] - click(findTestObject("Page_Course Test Automation/view_event")): Object: 'Object Repository/Page_Course Test Automation/view_event' is clicked on

2022-01-15 08:57:44 - [MESSAGE][PASSED] - Object: 'Object Repository/Page_Course Test Automation/view_event' is clicked on

2022-01-15 08:57:44 - [TEST_STEP][PASSED] - click(findTestObject("Page_Course Test Automation/Page_Group10 Calendar Day view Thursday, 20 January 2022/h3_Midterm is due")): Object: 'Object Repository/Page_Course Test Automation/Page_Group10 Calendar Day view Thursday, 20 January 2022/h3_Midterm is due' is clicked on

2022-01-15 08:57:45 - [MESSAGE][PASSED] - Object: 'Object Repository/Page_Course Test Automation/Page_Group10 Calendar Day view Thursday, 20 January 2022/h3_Midterm is due' is clicked on

2022-01-15 08:57:45 - [TEST_STEP][PASSED] - click(findTestObject("Page_Course Test Automation/Page_Group10 Calendar Day view Thursday, 20 January 2022/a_Go to activity")): Object: 'Object Repository/Page_Course Test Automation/Page_Group10 Calendar Day view Thursday, 20 January 2022/a_Go to activity' is clicked on

2022-01-15 08:57:47 - [MESSAGE][PASSED] - Object: 'Object Repository/Page_Course Test Automation/Page_Group10 Calendar Day view Thursday, 20 January 2022/a_Go to activity' is clicked on

2022-01-15 08:57:47 - [TEST_STEP][PASSED] - click(findTestObject("Page_Dashboard/a_NH")): Object: 'Object Repository/Page_Dashboard/a_NH' is clicked on

2022-01-15 08:57:47 - [MESSAGE][PASSED] - Object: 'Object Repository/Page_Dashboard/a_NH' is clicked on

2022-01-15 08:57:47 - [TEST_STEP][PASSED] - click(findTestObject("Page_Dashboard/a_Log out")): Object: 'Object Repository/Page_Dashboard/a_Log out' is clicked on

2022-01-15 08:57:49 - [MESSAGE][PASSED] - Object: 'Object Repository/Page_Dashboard/a_Log out' is clicked on

2022-01-15 08:57:49 - [TEST_STEP][PASSED] - closeBrowser(): Browser is closed

2022-01-15 08:57:50 - [MESSAGE][PASSED] - Browser is closed]]></system-out>
         <system-err><![CDATA[]]></system-err>
      </testcase>
      <testcase name="Test Cases/Add a lesson note" time="24.217" classname="Test Cases/Add a lesson note" status="PASSED">
         <system-out><![CDATA[2022-01-15 08:57:50 - [TEST_CASE][PASSED] - Test Cases/Add a lesson note: Test Cases/Add a lesson note

2022-01-15 08:57:50 - [TEST_STEP][PASSED] - openBrowser(""): Browser is opened with url: ''

2022-01-15 08:57:50 - [MESSAGE][INFO] - Starting 'Edge Chromium' driver

2022-01-15 08:57:51 - [MESSAGE][INFO] - Action delay is set to 0 milliseconds

2022-01-15 08:57:51 - [MESSAGE][PASSED] - Browser is opened with url: ''

2022-01-15 08:57:51 - [TEST_STEP][PASSED] - navigateToUrl("localhost"): Navigate to 'http://localhost' successfully

2022-01-15 08:57:52 - [MESSAGE][PASSED] - Navigate to 'http://localhost' successfully

2022-01-15 08:57:52 - [TEST_STEP][PASSED] - click(findTestObject("Page_Home page/a_Log in")): Object: 'Object Repository/Page_Home page/a_Log in' is clicked on

2022-01-15 08:57:53 - [MESSAGE][PASSED] - Object: 'Object Repository/Page_Home page/a_Log in' is clicked on

2022-01-15 08:57:53 - [TEST_STEP][PASSED] - setText(findTestObject("Page_Home page Log in to the site/input_Username_username"), "teacher1"): Text 'teacher1' is set on object 'Object Repository/Page_Home page Log in to the site/input_Username_username'

2022-01-15 08:57:54 - [MESSAGE][PASSED] - Text 'teacher1' is set on object 'Object Repository/Page_Home page Log in to the site/input_Username_username'

2022-01-15 08:57:54 - [TEST_STEP][PASSED] - setText(findTestObject("Page_Home page Log in to the site/input_Password_password (1)"), "Group_10"): Text 'Group_10' is set on object 'Object Repository/Page_Home page Log in to the site/input_Password_password (1)'

2022-01-15 08:57:55 - [MESSAGE][PASSED] - Text 'Group_10' is set on object 'Object Repository/Page_Home page Log in to the site/input_Password_password (1)'

2022-01-15 08:57:55 - [TEST_STEP][PASSED] - click(findTestObject("Page_Home page Log in to the site/button_Log in")): Object: 'Object Repository/Page_Home page Log in to the site/button_Log in' is clicked on

2022-01-15 08:57:57 - [MESSAGE][PASSED] - Object: 'Object Repository/Page_Home page Log in to the site/button_Log in' is clicked on

2022-01-15 08:57:57 - [TEST_STEP][PASSED] - click(findTestObject("Page_Dashboard/a_My courses (1)")): Object: 'Object Repository/Page_Dashboard/a_My courses (1)' is clicked on

2022-01-15 08:57:58 - [MESSAGE][PASSED] - Object: 'Object Repository/Page_Dashboard/a_My courses (1)' is clicked on

2022-01-15 08:57:58 - [TEST_STEP][PASSED] - click(findTestObject("Page_My courses/span_Test Automation")): Object: 'Object Repository/Page_My courses/span_Test Automation' is clicked on

2022-01-15 08:58:00 - [MESSAGE][PASSED] - Object: 'Object Repository/Page_My courses/span_Test Automation' is clicked on

2022-01-15 08:58:00 - [TEST_STEP][PASSED] - click(findTestObject("Page_Course Test Automation/input_Edit mode_setmode")): Object: 'Object Repository/Page_Course Test Automation/input_Edit mode_setmode' is clicked on

2022-01-15 08:58:01 - [MESSAGE][PASSED] - Object: 'Object Repository/Page_Course Test Automation/input_Edit mode_setmode' is clicked on

2022-01-15 08:58:01 - [TEST_STEP][PASSED] - click(findTestObject("Page_Course Test Automation/Add lesson note/button_Add an activity or resource")): Object: 'Object Repository/Page_Course Test Automation/Add lesson note/button_Add an activity or resource' is clicked on

2022-01-15 08:58:03 - [MESSAGE][PASSED] - Object: 'Object Repository/Page_Course Test Automation/Add lesson note/button_Add an activity or resource' is clicked on

2022-01-15 08:58:03 - [TEST_STEP][PASSED] - click(findTestObject("Page_Course Test Automation/Add lesson note/icon file")): Object: 'Object Repository/Page_Course Test Automation/Add lesson note/icon file' is clicked on

2022-01-15 08:58:05 - [MESSAGE][PASSED] - Object: 'Object Repository/Page_Course Test Automation/Add lesson note/icon file' is clicked on

2022-01-15 08:58:05 - [TEST_STEP][PASSED] - setText(findTestObject("Page_Course Test Automation/Add lesson note/input_Name_name"), "Lesson note - Week 01"): Text 'Lesson note - Week 01' is set on object 'Object Repository/Page_Course Test Automation/Add lesson note/input_Name_name'

2022-01-15 08:58:07 - [MESSAGE][PASSED] - Text 'Lesson note - Week 01' is set on object 'Object Repository/Page_Course Test Automation/Add lesson note/input_Name_name'

2022-01-15 08:58:07 - [TEST_STEP][PASSED] - click(findTestObject("Page_Course Test Automation/Add lesson note/Select file in general")): Object: 'Object Repository/Page_Course Test Automation/Add lesson note/Select file in general' is clicked on

2022-01-15 08:58:07 - [MESSAGE][PASSED] - Object: 'Object Repository/Page_Course Test Automation/Add lesson note/Select file in general' is clicked on

2022-01-15 08:58:07 - [TEST_STEP][PASSED] - click(findTestObject("Page_Course Test Automation/Add lesson note/select upload file method")): Object: 'Object Repository/Page_Course Test Automation/Add lesson note/select upload file method' is clicked on

2022-01-15 08:58:08 - [MESSAGE][PASSED] - Object: 'Object Repository/Page_Course Test Automation/Add lesson note/select upload file method' is clicked on

2022-01-15 08:58:08 - [TEST_STEP][PASSED] - uploadFile(findTestObject("Page_Course Test Automation/Add lesson note/choose file upload"), "D:\TestAutomation-SEBonus-Group10\Note-Week01.docx"): File 'D:\TestAutomation-SEBonus-Group10\Note-Week01.docx' sent to object: 'Object Repository/Page_Course Test Automation/Add lesson note/choose file upload'

2022-01-15 08:58:08 - [MESSAGE][PASSED] - File 'D:\TestAutomation-SEBonus-Group10\Note-Week01.docx' sent to object: 'Object Repository/Page_Course Test Automation/Add lesson note/choose file upload'

2022-01-15 08:58:08 - [TEST_STEP][PASSED] - click(findTestObject("Page_Course Test Automation/Add lesson note/button_Upload this file")): Object: 'Object Repository/Page_Course Test Automation/Add lesson note/button_Upload this file' is clicked on

2022-01-15 08:58:09 - [MESSAGE][PASSED] - Object: 'Object Repository/Page_Course Test Automation/Add lesson note/button_Upload this file' is clicked on

2022-01-15 08:58:09 - [TEST_STEP][PASSED] - click(findTestObject("Page_Course Test Automation/Add lesson note/submitbutton")): Object: 'Object Repository/Page_Course Test Automation/Add lesson note/submitbutton' is clicked on

2022-01-15 08:58:11 - [MESSAGE][PASSED] - Object: 'Object Repository/Page_Course Test Automation/Add lesson note/submitbutton' is clicked on

2022-01-15 08:58:11 - [TEST_STEP][PASSED] - click(findTestObject("Page_Dashboard/a_NH")): Object: 'Object Repository/Page_Dashboard/a_NH' is clicked on

2022-01-15 08:58:12 - [MESSAGE][PASSED] - Object: 'Object Repository/Page_Dashboard/a_NH' is clicked on

2022-01-15 08:58:12 - [TEST_STEP][PASSED] - click(findTestObject("Page_Dashboard/a_Log out")): Object: 'Object Repository/Page_Dashboard/a_Log out' is clicked on

2022-01-15 08:58:13 - [MESSAGE][PASSED] - Object: 'Object Repository/Page_Dashboard/a_Log out' is clicked on

2022-01-15 08:58:13 - [TEST_STEP][PASSED] - closeBrowser(): Browser is closed

2022-01-15 08:58:14 - [MESSAGE][PASSED] - Browser is closed]]></system-out>
         <system-err><![CDATA[]]></system-err>
      </testcase>
      <testcase name="Test Cases/Delete a lesson note" time="25.339" classname="Test Cases/Delete a lesson note" status="PASSED">
         <system-out><![CDATA[2022-01-15 08:58:14 - [TEST_CASE][PASSED] - Test Cases/Delete a lesson note: Test Cases/Delete a lesson note

2022-01-15 08:58:14 - [TEST_STEP][PASSED] - openBrowser(""): Browser is opened with url: ''

2022-01-15 08:58:14 - [MESSAGE][INFO] - Starting 'Edge Chromium' driver

2022-01-15 08:58:15 - [MESSAGE][INFO] - Action delay is set to 0 milliseconds

2022-01-15 08:58:15 - [MESSAGE][PASSED] - Browser is opened with url: ''

2022-01-15 08:58:15 - [TEST_STEP][PASSED] - navigateToUrl("localhost"): Navigate to 'http://localhost' successfully

2022-01-15 08:58:16 - [MESSAGE][PASSED] - Navigate to 'http://localhost' successfully

2022-01-15 08:58:16 - [TEST_STEP][PASSED] - click(findTestObject("Page_Home page/a_Log in")): Object: 'Object Repository/Page_Home page/a_Log in' is clicked on

2022-01-15 08:58:17 - [MESSAGE][PASSED] - Object: 'Object Repository/Page_Home page/a_Log in' is clicked on

2022-01-15 08:58:17 - [TEST_STEP][PASSED] - setText(findTestObject("Page_Home page Log in to the site/input_Username_username"), "teacher1"): Text 'teacher1' is set on object 'Object Repository/Page_Home page Log in to the site/input_Username_username'

2022-01-15 08:58:18 - [MESSAGE][PASSED] - Text 'teacher1' is set on object 'Object Repository/Page_Home page Log in to the site/input_Username_username'

2022-01-15 08:58:18 - [TEST_STEP][PASSED] - setText(findTestObject("Page_Home page Log in to the site/input_Password_password (1)"), "Group_10"): Text 'Group_10' is set on object 'Object Repository/Page_Home page Log in to the site/input_Password_password (1)'

2022-01-15 08:58:19 - [MESSAGE][PASSED] - Text 'Group_10' is set on object 'Object Repository/Page_Home page Log in to the site/input_Password_password (1)'

2022-01-15 08:58:19 - [TEST_STEP][PASSED] - click(findTestObject("Page_Home page Log in to the site/button_Log in")): Object: 'Object Repository/Page_Home page Log in to the site/button_Log in' is clicked on

2022-01-15 08:58:21 - [MESSAGE][PASSED] - Object: 'Object Repository/Page_Home page Log in to the site/button_Log in' is clicked on

2022-01-15 08:58:21 - [TEST_STEP][PASSED] - click(findTestObject("Page_Dashboard/a_My courses (1)")): Object: 'Object Repository/Page_Dashboard/a_My courses (1)' is clicked on

2022-01-15 08:58:22 - [MESSAGE][PASSED] - Object: 'Object Repository/Page_Dashboard/a_My courses (1)' is clicked on

2022-01-15 08:58:22 - [TEST_STEP][PASSED] - click(findTestObject("Page_My courses/span_Test Automation")): Object: 'Object Repository/Page_My courses/span_Test Automation' is clicked on

2022-01-15 08:58:24 - [MESSAGE][PASSED] - Object: 'Object Repository/Page_My courses/span_Test Automation' is clicked on

2022-01-15 08:58:24 - [TEST_STEP][PASSED] - click(findTestObject("Page_Course Test Automation/input_Edit mode_setmode")): Object: 'Object Repository/Page_Course Test Automation/input_Edit mode_setmode' is clicked on

2022-01-15 08:58:24 - [MESSAGE][PASSED] - Object: 'Object Repository/Page_Course Test Automation/input_Edit mode_setmode' is clicked on

2022-01-15 08:58:24 - [TEST_STEP][PASSED] - click(findTestObject("Page_Course Test Automation/Add lesson note/button_Add an activity or resource")): Object: 'Object Repository/Page_Course Test Automation/Add lesson note/button_Add an activity or resource' is clicked on

2022-01-15 08:58:26 - [MESSAGE][PASSED] - Object: 'Object Repository/Page_Course Test Automation/Add lesson note/button_Add an activity or resource' is clicked on

2022-01-15 08:58:26 - [TEST_STEP][PASSED] - click(findTestObject("Page_Course Test Automation/Add lesson note/icon file")): Object: 'Object Repository/Page_Course Test Automation/Add lesson note/icon file' is clicked on

2022-01-15 08:58:29 - [MESSAGE][PASSED] - Object: 'Object Repository/Page_Course Test Automation/Add lesson note/icon file' is clicked on

2022-01-15 08:58:29 - [TEST_STEP][PASSED] - setText(findTestObject("Page_Course Test Automation/Add lesson note/input_Name_name"), "Lesson note - Week 02"): Text 'Lesson note - Week 02' is set on object 'Object Repository/Page_Course Test Automation/Add lesson note/input_Name_name'

2022-01-15 08:58:30 - [MESSAGE][PASSED] - Text 'Lesson note - Week 02' is set on object 'Object Repository/Page_Course Test Automation/Add lesson note/input_Name_name'

2022-01-15 08:58:30 - [TEST_STEP][PASSED] - click(findTestObject("Page_Course Test Automation/Add lesson note/Select file in general")): Object: 'Object Repository/Page_Course Test Automation/Add lesson note/Select file in general' is clicked on

2022-01-15 08:58:31 - [MESSAGE][PASSED] - Object: 'Object Repository/Page_Course Test Automation/Add lesson note/Select file in general' is clicked on

2022-01-15 08:58:31 - [TEST_STEP][PASSED] - click(findTestObject("Page_Course Test Automation/Add lesson note/select upload file method")): Object: 'Object Repository/Page_Course Test Automation/Add lesson note/select upload file method' is clicked on

2022-01-15 08:58:31 - [MESSAGE][PASSED] - Object: 'Object Repository/Page_Course Test Automation/Add lesson note/select upload file method' is clicked on

2022-01-15 08:58:31 - [TEST_STEP][PASSED] - uploadFile(findTestObject("Page_Course Test Automation/Add lesson note/choose file upload"), "D:\TestAutomation-SEBonus-Group10\Note-Week02.docx"): File 'D:\TestAutomation-SEBonus-Group10\Note-Week02.docx' sent to object: 'Object Repository/Page_Course Test Automation/Add lesson note/choose file upload'

2022-01-15 08:58:32 - [MESSAGE][PASSED] - File 'D:\TestAutomation-SEBonus-Group10\Note-Week02.docx' sent to object: 'Object Repository/Page_Course Test Automation/Add lesson note/choose file upload'

2022-01-15 08:58:32 - [TEST_STEP][PASSED] - click(findTestObject("Page_Course Test Automation/Add lesson note/button_Upload this file")): Object: 'Object Repository/Page_Course Test Automation/Add lesson note/button_Upload this file' is clicked on

2022-01-15 08:58:32 - [MESSAGE][PASSED] - Object: 'Object Repository/Page_Course Test Automation/Add lesson note/button_Upload this file' is clicked on

2022-01-15 08:58:32 - [TEST_STEP][PASSED] - click(findTestObject("Page_Course Test Automation/Add lesson note/submitbutton")): Object: 'Object Repository/Page_Course Test Automation/Add lesson note/submitbutton' is clicked on

2022-01-15 08:58:34 - [MESSAGE][PASSED] - Object: 'Object Repository/Page_Course Test Automation/Add lesson note/submitbutton' is clicked on

2022-01-15 08:58:34 - [TEST_STEP][PASSED] - click(findTestObject("Page_Course Test Automation/Edit lesson note/i_Mark as done_icon fa fa-ellipsis-v fa-fw")): Object: 'Object Repository/Page_Course Test Automation/Edit lesson note/i_Mark as done_icon fa fa-ellipsis-v fa-fw' is clicked on

2022-01-15 08:58:35 - [MESSAGE][PASSED] - Object: 'Object Repository/Page_Course Test Automation/Edit lesson note/i_Mark as done_icon fa fa-ellipsis-v fa-fw' is clicked on

2022-01-15 08:58:35 - [TEST_STEP][PASSED] - click(findTestObject("Page_Course Test Automation/Edit lesson note/span_Delete")): Object: 'Object Repository/Page_Course Test Automation/Edit lesson note/span_Delete' is clicked on

2022-01-15 08:58:35 - [MESSAGE][PASSED] - Object: 'Object Repository/Page_Course Test Automation/Edit lesson note/span_Delete' is clicked on

2022-01-15 08:58:35 - [TEST_STEP][PASSED] - click(findTestObject("Page_Course Test Automation/Edit lesson note/button_Yes")): Object: 'Object Repository/Page_Course Test Automation/Edit lesson note/button_Yes' is clicked on

2022-01-15 08:58:36 - [MESSAGE][PASSED] - Object: 'Object Repository/Page_Course Test Automation/Edit lesson note/button_Yes' is clicked on

2022-01-15 08:58:36 - [TEST_STEP][PASSED] - click(findTestObject("Page_Dashboard/a_NH")): Object: 'Object Repository/Page_Dashboard/a_NH' is clicked on

2022-01-15 08:58:37 - [MESSAGE][PASSED] - Object: 'Object Repository/Page_Dashboard/a_NH' is clicked on

2022-01-15 08:58:37 - [TEST_STEP][PASSED] - click(findTestObject("Page_Dashboard/a_Log out")): Object: 'Object Repository/Page_Dashboard/a_Log out' is clicked on

2022-01-15 08:58:38 - [MESSAGE][PASSED] - Object: 'Object Repository/Page_Dashboard/a_Log out' is clicked on

2022-01-15 08:58:38 - [TEST_STEP][PASSED] - closeBrowser(): Browser is closed

2022-01-15 08:58:39 - [MESSAGE][PASSED] - Browser is closed]]></system-out>
         <system-err><![CDATA[]]></system-err>
      </testcase>
      <testcase name="Test Cases/Add a URL" time="28.027" classname="Test Cases/Add a URL" status="PASSED">
         <system-out><![CDATA[2022-01-15 08:58:39 - [TEST_CASE][PASSED] - Test Cases/Add a URL: Test Cases/Add a URL

2022-01-15 08:58:39 - [TEST_STEP][PASSED] - openBrowser(""): Browser is opened with url: ''

2022-01-15 08:58:39 - [MESSAGE][INFO] - Starting 'Edge Chromium' driver

2022-01-15 08:58:40 - [MESSAGE][INFO] - Action delay is set to 0 milliseconds

2022-01-15 08:58:41 - [MESSAGE][PASSED] - Browser is opened with url: ''

2022-01-15 08:58:41 - [TEST_STEP][PASSED] - navigateToUrl("localhost"): Navigate to 'http://localhost' successfully

2022-01-15 08:58:42 - [MESSAGE][PASSED] - Navigate to 'http://localhost' successfully

2022-01-15 08:58:42 - [TEST_STEP][PASSED] - click(findTestObject("Page_Home page/a_Log in")): Object: 'Object Repository/Page_Home page/a_Log in' is clicked on

2022-01-15 08:58:43 - [MESSAGE][PASSED] - Object: 'Object Repository/Page_Home page/a_Log in' is clicked on

2022-01-15 08:58:43 - [TEST_STEP][PASSED] - setText(findTestObject("Page_Home page Log in to the site/input_Username_username"), "teacher1"): Text 'teacher1' is set on object 'Object Repository/Page_Home page Log in to the site/input_Username_username'

2022-01-15 08:58:44 - [MESSAGE][PASSED] - Text 'teacher1' is set on object 'Object Repository/Page_Home page Log in to the site/input_Username_username'

2022-01-15 08:58:44 - [TEST_STEP][PASSED] - setText(findTestObject("Page_Home page Log in to the site/input_Password_password (1)"), "Group_10"): Text 'Group_10' is set on object 'Object Repository/Page_Home page Log in to the site/input_Password_password (1)'

2022-01-15 08:58:44 - [MESSAGE][PASSED] - Text 'Group_10' is set on object 'Object Repository/Page_Home page Log in to the site/input_Password_password (1)'

2022-01-15 08:58:44 - [TEST_STEP][PASSED] - click(findTestObject("Page_Home page Log in to the site/button_Log in")): Object: 'Object Repository/Page_Home page Log in to the site/button_Log in' is clicked on

2022-01-15 08:58:46 - [MESSAGE][PASSED] - Object: 'Object Repository/Page_Home page Log in to the site/button_Log in' is clicked on

2022-01-15 08:58:46 - [TEST_STEP][PASSED] - click(findTestObject("Page_Dashboard/a_My courses (1)")): Object: 'Object Repository/Page_Dashboard/a_My courses (1)' is clicked on

2022-01-15 08:58:47 - [MESSAGE][PASSED] - Object: 'Object Repository/Page_Dashboard/a_My courses (1)' is clicked on

2022-01-15 08:58:47 - [TEST_STEP][PASSED] - click(findTestObject("Page_My courses/span_Test Automation")): Object: 'Object Repository/Page_My courses/span_Test Automation' is clicked on

2022-01-15 08:58:49 - [MESSAGE][PASSED] - Object: 'Object Repository/Page_My courses/span_Test Automation' is clicked on

2022-01-15 08:58:49 - [TEST_STEP][PASSED] - click(findTestObject("Page_Course Test Automation/input_Edit mode_setmode")): Object: 'Object Repository/Page_Course Test Automation/input_Edit mode_setmode' is clicked on

2022-01-15 08:58:50 - [MESSAGE][PASSED] - Object: 'Object Repository/Page_Course Test Automation/input_Edit mode_setmode' is clicked on

2022-01-15 08:58:50 - [TEST_STEP][PASSED] - click(findTestObject("Page_Course Test Automation/Add lesson note/button_Add an activity or resource")): Object: 'Object Repository/Page_Course Test Automation/Add lesson note/button_Add an activity or resource' is clicked on

2022-01-15 08:58:52 - [MESSAGE][PASSED] - Object: 'Object Repository/Page_Course Test Automation/Add lesson note/button_Add an activity or resource' is clicked on

2022-01-15 08:58:52 - [TEST_STEP][PASSED] - click(findTestObject("Page_Course Test Automation/Add a URL/icon URL")): Object: 'Object Repository/Page_Course Test Automation/Add a URL/icon URL' is clicked on

2022-01-15 08:58:54 - [MESSAGE][PASSED] - Object: 'Object Repository/Page_Course Test Automation/Add a URL/icon URL' is clicked on

2022-01-15 08:58:54 - [TEST_STEP][PASSED] - setText(findTestObject("Page_Course Test Automation/Add a URL/input_Name_name"), "Introduce course"): Text 'Introduce course' is set on object 'Object Repository/Page_Course Test Automation/Add a URL/input_Name_name'

2022-01-15 08:58:56 - [MESSAGE][PASSED] - Text 'Introduce course' is set on object 'Object Repository/Page_Course Test Automation/Add a URL/input_Name_name'

2022-01-15 08:58:56 - [TEST_STEP][PASSED] - setText(findTestObject("Page_Course Test Automation/Add a URL/input_External URL_externalurl"), "https://www.youtube.com/watch?v=jNxUnXahFcg&ab_channel=FITHCMUS"): Text 'https://www.youtube.com/watch?v=jNxUnXahFcg&ab_channel=FITHCMUS' is set on object 'Object Repository/Page_Course Test Automation/Add a URL/input_External URL_externalurl'

2022-01-15 08:58:57 - [MESSAGE][PASSED] - Text 'https://www.youtube.com/watch?v=jNxUnXahFcg&ab_channel=FITHCMUS' is set on object 'Object Repository/Page_Course Test Automation/Add a URL/input_External URL_externalurl'

2022-01-15 08:58:57 - [TEST_STEP][PASSED] - click(findTestObject("Page_Course Test Automation/Add a URL/submitbutton")): Object: 'Object Repository/Page_Course Test Automation/Add a URL/submitbutton' is clicked on

2022-01-15 08:58:58 - [MESSAGE][PASSED] - Object: 'Object Repository/Page_Course Test Automation/Add a URL/submitbutton' is clicked on

2022-01-15 08:58:58 - [TEST_STEP][PASSED] - click(findTestObject("Page_Course Test Automation/Add a URL/a_Introduce course  URL")): Object: 'Object Repository/Page_Course Test Automation/Add a URL/a_Introduce course  URL' is clicked on

2022-01-15 08:58:59 - [MESSAGE][PASSED] - Object: 'Object Repository/Page_Course Test Automation/Add a URL/a_Introduce course  URL' is clicked on

2022-01-15 08:58:59 - [TEST_STEP][PASSED] - click(findTestObject("Page_Course Test Automation/Add a URL/a_httpswww.youtube.comwatchvjNxUnXahFcgab_channelFITHCMUS")): Object: 'Object Repository/Page_Course Test Automation/Add a URL/a_httpswww.youtube.comwatchvjNxUnXahFcgab_channelFITHCMUS' is clicked on

2022-01-15 08:59:04 - [MESSAGE][PASSED] - Object: 'Object Repository/Page_Course Test Automation/Add a URL/a_httpswww.youtube.comwatchvjNxUnXahFcgab_channelFITHCMUS' is clicked on

2022-01-15 08:59:04 - [TEST_STEP][PASSED] - back(): Navigate back successfully

2022-01-15 08:59:04 - [MESSAGE][PASSED] - Navigate back successfully

2022-01-15 08:59:04 - [TEST_STEP][PASSED] - click(findTestObject("Page_Dashboard/a_NH")): Object: 'Object Repository/Page_Dashboard/a_NH' is clicked on

2022-01-15 08:59:05 - [MESSAGE][PASSED] - Object: 'Object Repository/Page_Dashboard/a_NH' is clicked on

2022-01-15 08:59:05 - [TEST_STEP][PASSED] - click(findTestObject("Page_Dashboard/a_Log out")): Object: 'Object Repository/Page_Dashboard/a_Log out' is clicked on

2022-01-15 08:59:06 - [MESSAGE][PASSED] - Object: 'Object Repository/Page_Dashboard/a_Log out' is clicked on

2022-01-15 08:59:06 - [TEST_STEP][PASSED] - closeBrowser(): Browser is closed

2022-01-15 08:59:07 - [MESSAGE][PASSED] - Browser is closed]]></system-out>
         <system-err><![CDATA[]]></system-err>
      </testcase>
      <testcase name="Test Cases/Enroll student in a course" time="19.084" classname="Test Cases/Enroll student in a course" status="PASSED">
         <system-out><![CDATA[2022-01-15 08:59:07 - [TEST_CASE][PASSED] - Test Cases/Enroll student in a course: Test Cases/Enroll student in a course

2022-01-15 08:59:07 - [TEST_STEP][PASSED] - openBrowser(""): Browser is opened with url: ''

2022-01-15 08:59:07 - [MESSAGE][INFO] - Starting 'Edge Chromium' driver

2022-01-15 08:59:08 - [MESSAGE][INFO] - Action delay is set to 0 milliseconds

2022-01-15 08:59:09 - [MESSAGE][PASSED] - Browser is opened with url: ''

2022-01-15 08:59:09 - [TEST_STEP][PASSED] - navigateToUrl("localhost"): Navigate to 'http://localhost' successfully

2022-01-15 08:59:10 - [MESSAGE][PASSED] - Navigate to 'http://localhost' successfully

2022-01-15 08:59:10 - [TEST_STEP][PASSED] - click(findTestObject("Page_Home page/a_Log in")): Object: 'Object Repository/Page_Home page/a_Log in' is clicked on

2022-01-15 08:59:11 - [MESSAGE][PASSED] - Object: 'Object Repository/Page_Home page/a_Log in' is clicked on

2022-01-15 08:59:11 - [TEST_STEP][PASSED] - setText(findTestObject("Page_Home page Log in to the site/input_Username_username"), "teacher1"): Text 'teacher1' is set on object 'Object Repository/Page_Home page Log in to the site/input_Username_username'

2022-01-15 08:59:11 - [MESSAGE][PASSED] - Text 'teacher1' is set on object 'Object Repository/Page_Home page Log in to the site/input_Username_username'

2022-01-15 08:59:11 - [TEST_STEP][PASSED] - setText(findTestObject("Page_Home page Log in to the site/input_Password_password (1)"), "Group_10"): Text 'Group_10' is set on object 'Object Repository/Page_Home page Log in to the site/input_Password_password (1)'

2022-01-15 08:59:12 - [MESSAGE][PASSED] - Text 'Group_10' is set on object 'Object Repository/Page_Home page Log in to the site/input_Password_password (1)'

2022-01-15 08:59:12 - [TEST_STEP][PASSED] - click(findTestObject("Page_Home page Log in to the site/button_Log in")): Object: 'Object Repository/Page_Home page Log in to the site/button_Log in' is clicked on

2022-01-15 08:59:14 - [MESSAGE][PASSED] - Object: 'Object Repository/Page_Home page Log in to the site/button_Log in' is clicked on

2022-01-15 08:59:14 - [TEST_STEP][PASSED] - click(findTestObject("Page_Dashboard/a_My courses (1)")): Object: 'Object Repository/Page_Dashboard/a_My courses (1)' is clicked on

2022-01-15 08:59:15 - [MESSAGE][PASSED] - Object: 'Object Repository/Page_Dashboard/a_My courses (1)' is clicked on

2022-01-15 08:59:15 - [TEST_STEP][PASSED] - click(findTestObject("Page_My courses/span_Test Automation")): Object: 'Object Repository/Page_My courses/span_Test Automation' is clicked on

2022-01-15 08:59:17 - [MESSAGE][PASSED] - Object: 'Object Repository/Page_My courses/span_Test Automation' is clicked on

2022-01-15 08:59:17 - [TEST_STEP][PASSED] - click(findTestObject("Page_Course Test Automation/Enroll student/a_Participants")): Object: 'Object Repository/Page_Course Test Automation/Enroll student/a_Participants' is clicked on

2022-01-15 08:59:19 - [MESSAGE][PASSED] - Object: 'Object Repository/Page_Course Test Automation/Enroll student/a_Participants' is clicked on

2022-01-15 08:59:19 - [TEST_STEP][PASSED] - click(findTestObject("Page_Course Test Automation/Enroll student/input_With selected users_btn btn-primary")): Object: 'Object Repository/Page_Course Test Automation/Enroll student/input_With selected users_btn btn-primary' is clicked on

2022-01-15 08:59:19 - [MESSAGE][PASSED] - Object: 'Object Repository/Page_Course Test Automation/Enroll student/input_With selected users_btn btn-primary' is clicked on

2022-01-15 08:59:19 - [TEST_STEP][PASSED] - setText(findTestObject("Page_Course Test Automation/Enroll student/input_name_user"), "Nguyen Hoa"): Text 'Nguyen Hoa' is set on object 'Object Repository/Page_Course Test Automation/Enroll student/input_name_user'

2022-01-15 08:59:21 - [MESSAGE][PASSED] - Text 'Nguyen Hoa' is set on object 'Object Repository/Page_Course Test Automation/Enroll student/input_name_user'

2022-01-15 08:59:21 - [TEST_STEP][PASSED] - click(findTestObject("Page_Course Test Automation/Enroll student/span_Si Minh")): Object: 'Object Repository/Page_Course Test Automation/Enroll student/span_Si Minh' is clicked on

2022-01-15 08:59:22 - [MESSAGE][PASSED] - Object: 'Object Repository/Page_Course Test Automation/Enroll student/span_Si Minh' is clicked on

2022-01-15 08:59:22 - [TEST_STEP][PASSED] - click(findTestObject("Page_Course Test Automation/Enroll student/button_Enrol users")): Object: 'Object Repository/Page_Course Test Automation/Enroll student/button_Enrol users' is clicked on

2022-01-15 08:59:23 - [MESSAGE][PASSED] - Object: 'Object Repository/Page_Course Test Automation/Enroll student/button_Enrol users' is clicked on

2022-01-15 08:59:23 - [TEST_STEP][PASSED] - click(findTestObject("Page_Dashboard/a_NH")): Object: 'Object Repository/Page_Dashboard/a_NH' is clicked on

2022-01-15 08:59:24 - [MESSAGE][PASSED] - Object: 'Object Repository/Page_Dashboard/a_NH' is clicked on

2022-01-15 08:59:24 - [TEST_STEP][PASSED] - click(findTestObject("Page_Dashboard/a_Log out")): Object: 'Object Repository/Page_Dashboard/a_Log out' is clicked on

2022-01-15 08:59:25 - [MESSAGE][PASSED] - Object: 'Object Repository/Page_Dashboard/a_Log out' is clicked on

2022-01-15 08:59:25 - [TEST_STEP][PASSED] - closeBrowser(): Browser is closed

2022-01-15 08:59:26 - [MESSAGE][PASSED] - Browser is closed]]></system-out>
         <system-err><![CDATA[]]></system-err>
      </testcase>
      <testcase name="Test Cases/Enroll in a course with incorrect key" time="16.38" classname="Test Cases/Enroll in a course with incorrect key" status="PASSED">
         <system-out><![CDATA[2022-01-15 08:59:26 - [TEST_CASE][PASSED] - Test Cases/Enroll in a course with incorrect key: Test Cases/Enroll in a course with incorrect key

2022-01-15 08:59:27 - [TEST_STEP][PASSED] - openBrowser(""): Browser is opened with url: ''

2022-01-15 08:59:27 - [MESSAGE][INFO] - Starting 'Edge Chromium' driver

2022-01-15 08:59:27 - [MESSAGE][INFO] - Action delay is set to 0 milliseconds

2022-01-15 08:59:28 - [MESSAGE][PASSED] - Browser is opened with url: ''

2022-01-15 08:59:28 - [TEST_STEP][PASSED] - navigateToUrl("localhost"): Navigate to 'http://localhost' successfully

2022-01-15 08:59:29 - [MESSAGE][PASSED] - Navigate to 'http://localhost' successfully

2022-01-15 08:59:29 - [TEST_STEP][PASSED] - click(findTestObject("Page_Home page/a_Log in")): Object: 'Object Repository/Page_Home page/a_Log in' is clicked on

2022-01-15 08:59:30 - [MESSAGE][PASSED] - Object: 'Object Repository/Page_Home page/a_Log in' is clicked on

2022-01-15 08:59:30 - [TEST_STEP][PASSED] - setText(findTestObject("Page_Home page Log in to the site/input_Username_username"), "student2"): Text 'student2' is set on object 'Object Repository/Page_Home page Log in to the site/input_Username_username'

2022-01-15 08:59:31 - [MESSAGE][PASSED] - Text 'student2' is set on object 'Object Repository/Page_Home page Log in to the site/input_Username_username'

2022-01-15 08:59:31 - [TEST_STEP][PASSED] - setText(findTestObject("Page_Home page Log in to the site/input_Password_password (1)"), "Group_10"): Text 'Group_10' is set on object 'Object Repository/Page_Home page Log in to the site/input_Password_password (1)'

2022-01-15 08:59:31 - [MESSAGE][PASSED] - Text 'Group_10' is set on object 'Object Repository/Page_Home page Log in to the site/input_Password_password (1)'

2022-01-15 08:59:31 - [TEST_STEP][PASSED] - click(findTestObject("Page_Home page Log in to the site/button_Log in")): Object: 'Object Repository/Page_Home page Log in to the site/button_Log in' is clicked on

2022-01-15 08:59:33 - [MESSAGE][PASSED] - Object: 'Object Repository/Page_Home page Log in to the site/button_Log in' is clicked on

2022-01-15 08:59:33 - [TEST_STEP][PASSED] - click(findTestObject("Self enroll course/a_Home")): Object: 'Object Repository/Self enroll course/a_Home' is clicked on

2022-01-15 08:59:34 - [MESSAGE][PASSED] - Object: 'Object Repository/Self enroll course/a_Home' is clicked on

2022-01-15 08:59:34 - [TEST_STEP][PASSED] - setText(findTestObject("Self enroll course/input_Search courses_q"), "Test automation"): Text 'Test automation' is set on object 'Object Repository/Self enroll course/input_Search courses_q'

2022-01-15 08:59:35 - [MESSAGE][PASSED] - Text 'Test automation' is set on object 'Object Repository/Self enroll course/input_Search courses_q'

2022-01-15 08:59:35 - [TEST_STEP][PASSED] - click(findTestObject("Self enroll course/icon search")): Object: 'Object Repository/Self enroll course/icon search' is clicked on

2022-01-15 08:59:36 - [MESSAGE][PASSED] - Object: 'Object Repository/Self enroll course/icon search' is clicked on

2022-01-15 08:59:36 - [TEST_STEP][PASSED] - click(findTestObject("Self enroll course/a_Test Automation")): Object: 'Object Repository/Self enroll course/a_Test Automation' is clicked on

2022-01-15 08:59:38 - [MESSAGE][PASSED] - Object: 'Object Repository/Self enroll course/a_Test Automation' is clicked on

2022-01-15 08:59:38 - [TEST_STEP][PASSED] - setText(findTestObject("Self enroll course/input_Enrolment key_enrolpassword"), "12345"): Text '12345' is set on object 'Object Repository/Self enroll course/input_Enrolment key_enrolpassword'

2022-01-15 08:59:39 - [MESSAGE][PASSED] - Text '12345' is set on object 'Object Repository/Self enroll course/input_Enrolment key_enrolpassword'

2022-01-15 08:59:39 - [TEST_STEP][PASSED] - click(findTestObject("Self enroll course/input_Enrolment key_submitbutton")): Object: 'Object Repository/Self enroll course/input_Enrolment key_submitbutton' is clicked on

2022-01-15 08:59:40 - [MESSAGE][PASSED] - Object: 'Object Repository/Self enroll course/input_Enrolment key_submitbutton' is clicked on

2022-01-15 08:59:40 - [TEST_STEP][PASSED] - verifyTextPresent("Incorrect enrolment key, please try again", false): Text 'Incorrect enrolment key, please try again' is present on page 

2022-01-15 08:59:40 - [MESSAGE][PASSED] - Text 'Incorrect enrolment key, please try again' is present on page 

2022-01-15 08:59:40 - [TEST_STEP][PASSED] - click(findTestObject("Page_Dashboard/a_NH")): Object: 'Object Repository/Page_Dashboard/a_NH' is clicked on

2022-01-15 08:59:41 - [MESSAGE][PASSED] - Object: 'Object Repository/Page_Dashboard/a_NH' is clicked on

2022-01-15 08:59:41 - [TEST_STEP][PASSED] - click(findTestObject("Page_Dashboard/a_Log out")): Object: 'Object Repository/Page_Dashboard/a_Log out' is clicked on

2022-01-15 08:59:42 - [MESSAGE][PASSED] - Object: 'Object Repository/Page_Dashboard/a_Log out' is clicked on

2022-01-15 08:59:42 - [TEST_STEP][PASSED] - closeBrowser(): Browser is closed

2022-01-15 08:59:43 - [MESSAGE][PASSED] - Browser is closed]]></system-out>
         <system-err><![CDATA[]]></system-err>
      </testcase>
      <testcase name="Test Cases/Enroll in a course with valid key" time="18.866" classname="Test Cases/Enroll in a course with valid key" status="PASSED">
         <system-out><![CDATA[2022-01-15 08:59:43 - [TEST_CASE][PASSED] - Test Cases/Enroll in a course with valid key: Test Cases/Enroll in a course with valid key

2022-01-15 08:59:43 - [TEST_STEP][PASSED] - openBrowser(""): Browser is opened with url: ''

2022-01-15 08:59:43 - [MESSAGE][INFO] - Starting 'Edge Chromium' driver

2022-01-15 08:59:44 - [MESSAGE][INFO] - Action delay is set to 0 milliseconds

2022-01-15 08:59:44 - [MESSAGE][PASSED] - Browser is opened with url: ''

2022-01-15 08:59:45 - [TEST_STEP][PASSED] - navigateToUrl("localhost"): Navigate to 'http://localhost' successfully

2022-01-15 08:59:45 - [MESSAGE][PASSED] - Navigate to 'http://localhost' successfully

2022-01-15 08:59:45 - [TEST_STEP][PASSED] - click(findTestObject("Page_Home page/a_Log in")): Object: 'Object Repository/Page_Home page/a_Log in' is clicked on

2022-01-15 08:59:46 - [MESSAGE][PASSED] - Object: 'Object Repository/Page_Home page/a_Log in' is clicked on

2022-01-15 08:59:46 - [TEST_STEP][PASSED] - setText(findTestObject("Page_Home page Log in to the site/input_Username_username"), "student2"): Text 'student2' is set on object 'Object Repository/Page_Home page Log in to the site/input_Username_username'

2022-01-15 08:59:47 - [MESSAGE][PASSED] - Text 'student2' is set on object 'Object Repository/Page_Home page Log in to the site/input_Username_username'

2022-01-15 08:59:47 - [TEST_STEP][PASSED] - setText(findTestObject("Page_Home page Log in to the site/input_Password_password (1)"), "Group_10"): Text 'Group_10' is set on object 'Object Repository/Page_Home page Log in to the site/input_Password_password (1)'

2022-01-15 08:59:48 - [MESSAGE][PASSED] - Text 'Group_10' is set on object 'Object Repository/Page_Home page Log in to the site/input_Password_password (1)'

2022-01-15 08:59:48 - [TEST_STEP][PASSED] - click(findTestObject("Page_Home page Log in to the site/button_Log in")): Object: 'Object Repository/Page_Home page Log in to the site/button_Log in' is clicked on

2022-01-15 08:59:49 - [MESSAGE][PASSED] - Object: 'Object Repository/Page_Home page Log in to the site/button_Log in' is clicked on

2022-01-15 08:59:49 - [TEST_STEP][PASSED] - click(findTestObject("Self enroll course/a_Home")): Object: 'Object Repository/Self enroll course/a_Home' is clicked on

2022-01-15 08:59:51 - [MESSAGE][PASSED] - Object: 'Object Repository/Self enroll course/a_Home' is clicked on

2022-01-15 08:59:51 - [TEST_STEP][PASSED] - setText(findTestObject("Self enroll course/input_Search courses_q"), "Test automation"): Text 'Test automation' is set on object 'Object Repository/Self enroll course/input_Search courses_q'

2022-01-15 08:59:51 - [MESSAGE][PASSED] - Text 'Test automation' is set on object 'Object Repository/Self enroll course/input_Search courses_q'

2022-01-15 08:59:51 - [TEST_STEP][PASSED] - click(findTestObject("Self enroll course/icon search")): Object: 'Object Repository/Self enroll course/icon search' is clicked on

2022-01-15 08:59:52 - [MESSAGE][PASSED] - Object: 'Object Repository/Self enroll course/icon search' is clicked on

2022-01-15 08:59:52 - [TEST_STEP][PASSED] - click(findTestObject("Self enroll course/a_Test Automation")): Object: 'Object Repository/Self enroll course/a_Test Automation' is clicked on

2022-01-15 08:59:53 - [MESSAGE][PASSED] - Object: 'Object Repository/Self enroll course/a_Test Automation' is clicked on

2022-01-15 08:59:53 - [TEST_STEP][PASSED] - setText(findTestObject("Self enroll course/input_Enrolment key_enrolpassword"), "Group_10"): Text 'Group_10' is set on object 'Object Repository/Self enroll course/input_Enrolment key_enrolpassword'

2022-01-15 08:59:54 - [MESSAGE][PASSED] - Text 'Group_10' is set on object 'Object Repository/Self enroll course/input_Enrolment key_enrolpassword'

2022-01-15 08:59:54 - [TEST_STEP][PASSED] - click(findTestObject("Self enroll course/input_Enrolment key_submitbutton")): Object: 'Object Repository/Self enroll course/input_Enrolment key_submitbutton' is clicked on

2022-01-15 08:59:58 - [MESSAGE][PASSED] - Object: 'Object Repository/Self enroll course/input_Enrolment key_submitbutton' is clicked on

2022-01-15 08:59:58 - [TEST_STEP][PASSED] - verifyTextPresent("You are enrolled in the course.", false): Text 'You are enrolled in the course.' is present on page 

2022-01-15 08:59:59 - [MESSAGE][PASSED] - Text 'You are enrolled in the course.' is present on page 

2022-01-15 08:59:59 - [TEST_STEP][PASSED] - click(findTestObject("Page_Dashboard/a_NH")): Object: 'Object Repository/Page_Dashboard/a_NH' is clicked on

2022-01-15 09:00:00 - [MESSAGE][PASSED] - Object: 'Object Repository/Page_Dashboard/a_NH' is clicked on

2022-01-15 09:00:00 - [TEST_STEP][PASSED] - click(findTestObject("Page_Dashboard/a_Log out")): Object: 'Object Repository/Page_Dashboard/a_Log out' is clicked on

2022-01-15 09:00:01 - [MESSAGE][PASSED] - Object: 'Object Repository/Page_Dashboard/a_Log out' is clicked on

2022-01-15 09:00:01 - [TEST_STEP][PASSED] - closeBrowser(): Browser is closed

2022-01-15 09:00:02 - [MESSAGE][PASSED] - Browser is closed]]></system-out>
         <system-err><![CDATA[]]></system-err>
      </testcase>
      <testcase name="Test Cases/View notification - Student" time="47.506" classname="Test Cases/View notification - Student" status="FAILED">
         <failure type="FAILED" message="Test Cases/View notification - Student FAILED.
Reason:
com.kms.katalon.core.exception.StepFailedException: Unable to click on object 'Object Repository/Page_TA Homework 1/button_Edit submission'
	at com.kms.katalon.core.webui.keyword.internal.WebUIKeywordMain.stepFailed(WebUIKeywordMain.groovy:64)
	at com.kms.katalon.core.webui.keyword.internal.WebUIKeywordMain.runKeyword(WebUIKeywordMain.groovy:26)
	at com.kms.katalon.core.webui.keyword.builtin.ClickKeyword.click(ClickKeyword.groovy:74)
	at com.kms.katalon.core.webui.keyword.builtin.ClickKeyword.execute(ClickKeyword.groovy:40)
	at com.kms.katalon.core.keyword.internal.KeywordExecutor.executeKeywordForPlatform(KeywordExecutor.groovy:74)
	at com.kms.katalon.core.webui.keyword.WebUiBuiltInKeywords.click(WebUiBuiltInKeywords.groovy:620)
	at com.kms.katalon.core.webui.keyword.WebUiBuiltInKeywords$click$1.call(Unknown Source)
	at View notification - Student.run(View notification - Student:44)
	at com.kms.katalon.core.main.ScriptEngine.run(ScriptEngine.java:194)
	at com.kms.katalon.core.main.ScriptEngine.runScriptAsRawText(ScriptEngine.java:119)
	at com.kms.katalon.core.main.TestCaseExecutor.runScript(TestCaseExecutor.java:442)
	at com.kms.katalon.core.main.TestCaseExecutor.doExecute(TestCaseExecutor.java:433)
	at com.kms.katalon.core.main.TestCaseExecutor.processExecutionPhase(TestCaseExecutor.java:412)
	at com.kms.katalon.core.main.TestCaseExecutor.accessMainPhase(TestCaseExecutor.java:404)
	at com.kms.katalon.core.main.TestCaseExecutor.execute(TestCaseExecutor.java:281)
	at com.kms.katalon.core.main.TestSuiteExecutor.accessTestCaseMainPhase(TestSuiteExecutor.java:202)
	at com.kms.katalon.core.main.TestSuiteExecutor.accessTestSuiteMainPhase(TestSuiteExecutor.java:164)
	at com.kms.katalon.core.main.TestSuiteExecutor.execute(TestSuiteExecutor.java:105)
	at com.kms.katalon.core.main.TestCaseMain.startTestSuite(TestCaseMain.java:181)
	at com.kms.katalon.core.main.TestCaseMain$startTestSuite$0.call(Unknown Source)
	at TempTestSuite1642210927934.run(TempTestSuite1642210927934.groovy:36)
Caused by: com.kms.katalon.core.webui.exception.WebElementNotFoundException: Web element with id: 'Object Repository/Page_TA Homework 1/button_Edit submission' located by '//section[@id='region-main']/div[2]/div/div/div/div/form/button' not found
	at com.kms.katalon.core.webui.common.WebUiCommonHelper.findWebElement(WebUiCommonHelper.java:1368)
	at com.kms.katalon.core.webui.keyword.internal.WebUIAbstractKeyword.findWebElement(WebUIAbstractKeyword.groovy:27)
	at com.kms.katalon.core.webui.keyword.builtin.ClickKeyword$_click_closure1.doCall(ClickKeyword.groovy:65)
	at com.kms.katalon.core.webui.keyword.builtin.ClickKeyword$_click_closure1.call(ClickKeyword.groovy)
	at com.kms.katalon.core.webui.keyword.internal.WebUIKeywordMain.runKeyword(WebUIKeywordMain.groovy:20)
	... 19 more
"/>
         <system-out><![CDATA[2022-01-15 09:00:02 - [TEST_CASE][FAILED] - Test Cases/View notification - Student: Test Cases/View notification - Student FAILED.
Reason:
com.kms.katalon.core.exception.StepFailedException: Unable to click on object 'Object Repository/Page_TA Homework 1/button_Edit submission'
	at com.kms.katalon.core.webui.keyword.internal.WebUIKeywordMain.stepFailed(WebUIKeywordMain.groovy:64)
	at com.kms.katalon.core.webui.keyword.internal.WebUIKeywordMain.runKeyword(WebUIKeywordMain.groovy:26)
	at com.kms.katalon.core.webui.keyword.builtin.ClickKeyword.click(ClickKeyword.groovy:74)
	at com.kms.katalon.core.webui.keyword.builtin.ClickKeyword.execute(ClickKeyword.groovy:40)
	at com.kms.katalon.core.keyword.internal.KeywordExecutor.executeKeywordForPlatform(KeywordExecutor.groovy:74)
	at com.kms.katalon.core.webui.keyword.WebUiBuiltInKeywords.click(WebUiBuiltInKeywords.groovy:620)
	at com.kms.katalon.core.webui.keyword.WebUiBuiltInKeywords$click$1.call(Unknown Source)
	at View notification - Student.run(View notification - Student:44)
	at com.kms.katalon.core.main.ScriptEngine.run(ScriptEngine.java:194)
	at com.kms.katalon.core.main.ScriptEngine.runScriptAsRawText(ScriptEngine.java:119)
	at com.kms.katalon.core.main.TestCaseExecutor.runScript(TestCaseExecutor.java:442)
	at com.kms.katalon.core.main.TestCaseExecutor.doExecute(TestCaseExecutor.java:433)
	at com.kms.katalon.core.main.TestCaseExecutor.processExecutionPhase(TestCaseExecutor.java:412)
	at com.kms.katalon.core.main.TestCaseExecutor.accessMainPhase(TestCaseExecutor.java:404)
	at com.kms.katalon.core.main.TestCaseExecutor.execute(TestCaseExecutor.java:281)
	at com.kms.katalon.core.main.TestSuiteExecutor.accessTestCaseMainPhase(TestSuiteExecutor.java:202)
	at com.kms.katalon.core.main.TestSuiteExecutor.accessTestSuiteMainPhase(TestSuiteExecutor.java:164)
	at com.kms.katalon.core.main.TestSuiteExecutor.execute(TestSuiteExecutor.java:105)
	at com.kms.katalon.core.main.TestCaseMain.startTestSuite(TestCaseMain.java:181)
	at com.kms.katalon.core.main.TestCaseMain$startTestSuite$0.call(Unknown Source)
	at TempTestSuite1642210927934.run(TempTestSuite1642210927934.groovy:36)
Caused by: com.kms.katalon.core.webui.exception.WebElementNotFoundException: Web element with id: 'Object Repository/Page_TA Homework 1/button_Edit submission' located by '//section[@id='region-main']/div[2]/div/div/div/div/form/button' not found
	at com.kms.katalon.core.webui.common.WebUiCommonHelper.findWebElement(WebUiCommonHelper.java:1368)
	at com.kms.katalon.core.webui.keyword.internal.WebUIAbstractKeyword.findWebElement(WebUIAbstractKeyword.groovy:27)
	at com.kms.katalon.core.webui.keyword.builtin.ClickKeyword$_click_closure1.doCall(ClickKeyword.groovy:65)
	at com.kms.katalon.core.webui.keyword.builtin.ClickKeyword$_click_closure1.call(ClickKeyword.groovy)
	at com.kms.katalon.core.webui.keyword.internal.WebUIKeywordMain.runKeyword(WebUIKeywordMain.groovy:20)
	... 19 more


2022-01-15 09:00:02 - [TEST_STEP][PASSED] - openBrowser(""): Browser is opened with url: ''

2022-01-15 09:00:02 - [MESSAGE][INFO] - Starting 'Edge Chromium' driver

2022-01-15 09:00:02 - [MESSAGE][INFO] - Action delay is set to 0 milliseconds

2022-01-15 09:00:03 - [MESSAGE][PASSED] - Browser is opened with url: ''

2022-01-15 09:00:03 - [TEST_STEP][PASSED] - navigateToUrl("http://localhost/"): Navigate to 'http://localhost/' successfully

2022-01-15 09:00:05 - [MESSAGE][PASSED] - Navigate to 'http://localhost/' successfully

2022-01-15 09:00:05 - [TEST_STEP][PASSED] - click(findTestObject("Page_Home page/a_Log in")): Object: 'Object Repository/Page_Home page/a_Log in' is clicked on

2022-01-15 09:00:06 - [MESSAGE][PASSED] - Object: 'Object Repository/Page_Home page/a_Log in' is clicked on

2022-01-15 09:00:06 - [TEST_STEP][PASSED] - setText(findTestObject("Page_Home page Log in to the site/input_Username_username"), "student1"): Text 'student1' is set on object 'Object Repository/Page_Home page Log in to the site/input_Username_username'

2022-01-15 09:00:07 - [MESSAGE][PASSED] - Text 'student1' is set on object 'Object Repository/Page_Home page Log in to the site/input_Username_username'

2022-01-15 09:00:07 - [TEST_STEP][PASSED] - setEncryptedText(findTestObject("Page_Home page Log in to the site/input_Password_password (1)"), "OFhcon1PzObx3ErJAwGfGA=="): Text ****** has been set on object 'Object Repository/Page_Home page Log in to the site/input_Password_password (1)'

2022-01-15 09:00:07 - [MESSAGE][PASSED] - Text ****** has been set on object 'Object Repository/Page_Home page Log in to the site/input_Password_password (1)'

2022-01-15 09:00:07 - [TEST_STEP][PASSED] - click(findTestObject("Page_Home page Log in to the site/button_Log in")): Object: 'Object Repository/Page_Home page Log in to the site/button_Log in' is clicked on

2022-01-15 09:00:09 - [MESSAGE][PASSED] - Object: 'Object Repository/Page_Home page Log in to the site/button_Log in' is clicked on

2022-01-15 09:00:09 - [TEST_STEP][PASSED] - click(findTestObject("View notification/icon_notification_menu")): Object: 'Object Repository/View notification/icon_notification_menu' is clicked on

2022-01-15 09:00:10 - [MESSAGE][PASSED] - Object: 'Object Repository/View notification/icon_notification_menu' is clicked on

2022-01-15 09:00:10 - [TEST_STEP][PASSED] - click(findTestObject("View notification/icon_setting")): Object: 'Object Repository/View notification/icon_setting' is clicked on

2022-01-15 09:00:12 - [MESSAGE][PASSED] - Object: 'Object Repository/View notification/icon_setting' is clicked on

2022-01-15 09:00:12 - [TEST_STEP][PASSED] - click(findTestObject("View notification/switch_off_on")): Object: 'Object Repository/View notification/switch_off_on' is clicked on

2022-01-15 09:00:12 - [MESSAGE][PASSED] - Object: 'Object Repository/View notification/switch_off_on' is clicked on

2022-01-15 09:00:12 - [TEST_STEP][PASSED] - click(findTestObject("Page_Dashboard/a_My courses (1)")): Object: 'Object Repository/Page_Dashboard/a_My courses (1)' is clicked on

2022-01-15 09:00:13 - [MESSAGE][PASSED] - Object: 'Object Repository/Page_Dashboard/a_My courses (1)' is clicked on

2022-01-15 09:00:13 - [TEST_STEP][PASSED] - click(findTestObject("Object Repository/Page_My courses/span_Test Automation")): Object: 'Object Repository/Page_My courses/span_Test Automation' is clicked on

2022-01-15 09:00:15 - [MESSAGE][PASSED] - Object: 'Object Repository/Page_My courses/span_Test Automation' is clicked on

2022-01-15 09:00:15 - [TEST_STEP][PASSED] - click(findTestObject("Object Repository/Page_Course Test Automation/a_Homework 1  Assignment")): Object: 'Object Repository/Page_Course Test Automation/a_Homework 1  Assignment' is clicked on

2022-01-15 09:00:17 - [MESSAGE][PASSED] - Object: 'Object Repository/Page_Course Test Automation/a_Homework 1  Assignment' is clicked on

2022-01-15 09:00:17 - [TEST_STEP][FAILED] - click(findTestObject("Object Repository/Page_TA Homework 1/button_Edit submission")): Unable to click on object 'Object Repository/Page_TA Homework 1/button_Edit submission' (Root cause: com.kms.katalon.core.exception.StepFailedException: Unable to click on object 'Object Repository/Page_TA Homework 1/button_Edit submission'
	at com.kms.katalon.core.webui.keyword.internal.WebUIKeywordMain.stepFailed(WebUIKeywordMain.groovy:64)
	at com.kms.katalon.core.webui.keyword.internal.WebUIKeywordMain.runKeyword(WebUIKeywordMain.groovy:26)
	at com.kms.katalon.core.webui.keyword.builtin.ClickKeyword.click(ClickKeyword.groovy:74)
	at com.kms.katalon.core.webui.keyword.builtin.ClickKeyword.execute(ClickKeyword.groovy:40)
	at com.kms.katalon.core.keyword.internal.KeywordExecutor.executeKeywordForPlatform(KeywordExecutor.groovy:74)
	at com.kms.katalon.core.webui.keyword.WebUiBuiltInKeywords.click(WebUiBuiltInKeywords.groovy:620)
	at com.kms.katalon.core.webui.keyword.WebUiBuiltInKeywords$click$1.call(Unknown Source)
	at View notification - Student.run(View notification - Student:44)
	at com.kms.katalon.core.main.ScriptEngine.run(ScriptEngine.java:194)
	at com.kms.katalon.core.main.ScriptEngine.runScriptAsRawText(ScriptEngine.java:119)
	at com.kms.katalon.core.main.TestCaseExecutor.runScript(TestCaseExecutor.java:442)
	at com.kms.katalon.core.main.TestCaseExecutor.doExecute(TestCaseExecutor.java:433)
	at com.kms.katalon.core.main.TestCaseExecutor.processExecutionPhase(TestCaseExecutor.java:412)
	at com.kms.katalon.core.main.TestCaseExecutor.accessMainPhase(TestCaseExecutor.java:404)
	at com.kms.katalon.core.main.TestCaseExecutor.execute(TestCaseExecutor.java:281)
	at com.kms.katalon.core.main.TestSuiteExecutor.accessTestCaseMainPhase(TestSuiteExecutor.java:202)
	at com.kms.katalon.core.main.TestSuiteExecutor.accessTestSuiteMainPhase(TestSuiteExecutor.java:164)
	at com.kms.katalon.core.main.TestSuiteExecutor.execute(TestSuiteExecutor.java:105)
	at com.kms.katalon.core.main.TestCaseMain.startTestSuite(TestCaseMain.java:181)
	at com.kms.katalon.core.main.TestCaseMain$startTestSuite$0.call(Unknown Source)
	at TempTestSuite1642210927934.run(TempTestSuite1642210927934.groovy:36)
Caused by: com.kms.katalon.core.webui.exception.WebElementNotFoundException: Web element with id: 'Object Repository/Page_TA Homework 1/button_Edit submission' located by '//section[@id='region-main']/div[2]/div/div/div/div/form/button' not found
	at com.kms.katalon.core.webui.common.WebUiCommonHelper.findWebElement(WebUiCommonHelper.java:1368)
	at com.kms.katalon.core.webui.keyword.internal.WebUIAbstractKeyword.findWebElement(WebUIAbstractKeyword.groovy:27)
	at com.kms.katalon.core.webui.keyword.builtin.ClickKeyword$_click_closure1.doCall(ClickKeyword.groovy:65)
	at com.kms.katalon.core.webui.keyword.builtin.ClickKeyword$_click_closure1.call(ClickKeyword.groovy)
	at com.kms.katalon.core.webui.keyword.internal.WebUIKeywordMain.runKeyword(WebUIKeywordMain.groovy:20)
	at com.kms.katalon.core.webui.keyword.builtin.ClickKeyword.click(ClickKeyword.groovy:74)
	at com.kms.katalon.core.webui.keyword.builtin.ClickKeyword.execute(ClickKeyword.groovy:40)
	at com.kms.katalon.core.keyword.internal.KeywordExecutor.executeKeywordForPlatform(KeywordExecutor.groovy:74)
	at com.kms.katalon.core.webui.keyword.WebUiBuiltInKeywords.click(WebUiBuiltInKeywords.groovy:620)
	at com.kms.katalon.core.webui.keyword.WebUiBuiltInKeywords$click$1.call(Unknown Source)
	at Script1641977242511.run(Script1641977242511.groovy:44)
	... 13 more
)

2022-01-15 09:00:49 - [MESSAGE][INFO] - Unable to find the element located by 'By.xpath: //section[@id='region-main']/div[2]/div/div/div/div/form/button'. Please recheck the objects properties to make sure the desired element is located. 

2022-01-15 09:00:49 - [MESSAGE][FAILED] - Unable to click on object 'Object Repository/Page_TA Homework 1/button_Edit submission' (Root cause: com.kms.katalon.core.exception.StepFailedException: Unable to click on object 'Object Repository/Page_TA Homework 1/button_Edit submission'
	at com.kms.katalon.core.webui.keyword.internal.WebUIKeywordMain.stepFailed(WebUIKeywordMain.groovy:64)
	at com.kms.katalon.core.webui.keyword.internal.WebUIKeywordMain.runKeyword(WebUIKeywordMain.groovy:26)
	at com.kms.katalon.core.webui.keyword.builtin.ClickKeyword.click(ClickKeyword.groovy:74)
	at com.kms.katalon.core.webui.keyword.builtin.ClickKeyword.execute(ClickKeyword.groovy:40)
	at com.kms.katalon.core.keyword.internal.KeywordExecutor.executeKeywordForPlatform(KeywordExecutor.groovy:74)
	at com.kms.katalon.core.webui.keyword.WebUiBuiltInKeywords.click(WebUiBuiltInKeywords.groovy:620)
	at com.kms.katalon.core.webui.keyword.WebUiBuiltInKeywords$click$1.call(Unknown Source)
	at View notification - Student.run(View notification - Student:44)
	at com.kms.katalon.core.main.ScriptEngine.run(ScriptEngine.java:194)
	at com.kms.katalon.core.main.ScriptEngine.runScriptAsRawText(ScriptEngine.java:119)
	at com.kms.katalon.core.main.TestCaseExecutor.runScript(TestCaseExecutor.java:442)
	at com.kms.katalon.core.main.TestCaseExecutor.doExecute(TestCaseExecutor.java:433)
	at com.kms.katalon.core.main.TestCaseExecutor.processExecutionPhase(TestCaseExecutor.java:412)
	at com.kms.katalon.core.main.TestCaseExecutor.accessMainPhase(TestCaseExecutor.java:404)
	at com.kms.katalon.core.main.TestCaseExecutor.execute(TestCaseExecutor.java:281)
	at com.kms.katalon.core.main.TestSuiteExecutor.accessTestCaseMainPhase(TestSuiteExecutor.java:202)
	at com.kms.katalon.core.main.TestSuiteExecutor.accessTestSuiteMainPhase(TestSuiteExecutor.java:164)
	at com.kms.katalon.core.main.TestSuiteExecutor.execute(TestSuiteExecutor.java:105)
	at com.kms.katalon.core.main.TestCaseMain.startTestSuite(TestCaseMain.java:181)
	at com.kms.katalon.core.main.TestCaseMain$startTestSuite$0.call(Unknown Source)
	at TempTestSuite1642210927934.run(TempTestSuite1642210927934.groovy:36)
Caused by: com.kms.katalon.core.webui.exception.WebElementNotFoundException: Web element with id: 'Object Repository/Page_TA Homework 1/button_Edit submission' located by '//section[@id='region-main']/div[2]/div/div/div/div/form/button' not found
	at com.kms.katalon.core.webui.common.WebUiCommonHelper.findWebElement(WebUiCommonHelper.java:1368)
	at com.kms.katalon.core.webui.keyword.internal.WebUIAbstractKeyword.findWebElement(WebUIAbstractKeyword.groovy:27)
	at com.kms.katalon.core.webui.keyword.builtin.ClickKeyword$_click_closure1.doCall(ClickKeyword.groovy:65)
	at com.kms.katalon.core.webui.keyword.builtin.ClickKeyword$_click_closure1.call(ClickKeyword.groovy)
	at com.kms.katalon.core.webui.keyword.internal.WebUIKeywordMain.runKeyword(WebUIKeywordMain.groovy:20)
	at com.kms.katalon.core.webui.keyword.builtin.ClickKeyword.click(ClickKeyword.groovy:74)
	at com.kms.katalon.core.webui.keyword.builtin.ClickKeyword.execute(ClickKeyword.groovy:40)
	at com.kms.katalon.core.keyword.internal.KeywordExecutor.executeKeywordForPlatform(KeywordExecutor.groovy:74)
	at com.kms.katalon.core.webui.keyword.WebUiBuiltInKeywords.click(WebUiBuiltInKeywords.groovy:620)
	at com.kms.katalon.core.webui.keyword.WebUiBuiltInKeywords$click$1.call(Unknown Source)
	at Script1641977242511.run(Script1641977242511.groovy:44)
	... 13 more
)
[[ATTACHMENT|D:\\TestAutomation-SEBonus-Group10\\Test Automation - SE Bonus\\Reports\\20220115_084207\\Run all test cases\\20220115_084207\\1642212049225.png]]]]></system-out>
         <system-err><![CDATA[2022-01-15 09:00:02 - [TEST_CASE][FAILED] - Test Cases/View notification - Student: Test Cases/View notification - Student FAILED.
Reason:
com.kms.katalon.core.exception.StepFailedException: Unable to click on object 'Object Repository/Page_TA Homework 1/button_Edit submission'
	at com.kms.katalon.core.webui.keyword.internal.WebUIKeywordMain.stepFailed(WebUIKeywordMain.groovy:64)
	at com.kms.katalon.core.webui.keyword.internal.WebUIKeywordMain.runKeyword(WebUIKeywordMain.groovy:26)
	at com.kms.katalon.core.webui.keyword.builtin.ClickKeyword.click(ClickKeyword.groovy:74)
	at com.kms.katalon.core.webui.keyword.builtin.ClickKeyword.execute(ClickKeyword.groovy:40)
	at com.kms.katalon.core.keyword.internal.KeywordExecutor.executeKeywordForPlatform(KeywordExecutor.groovy:74)
	at com.kms.katalon.core.webui.keyword.WebUiBuiltInKeywords.click(WebUiBuiltInKeywords.groovy:620)
	at com.kms.katalon.core.webui.keyword.WebUiBuiltInKeywords$click$1.call(Unknown Source)
	at View notification - Student.run(View notification - Student:44)
	at com.kms.katalon.core.main.ScriptEngine.run(ScriptEngine.java:194)
	at com.kms.katalon.core.main.ScriptEngine.runScriptAsRawText(ScriptEngine.java:119)
	at com.kms.katalon.core.main.TestCaseExecutor.runScript(TestCaseExecutor.java:442)
	at com.kms.katalon.core.main.TestCaseExecutor.doExecute(TestCaseExecutor.java:433)
	at com.kms.katalon.core.main.TestCaseExecutor.processExecutionPhase(TestCaseExecutor.java:412)
	at com.kms.katalon.core.main.TestCaseExecutor.accessMainPhase(TestCaseExecutor.java:404)
	at com.kms.katalon.core.main.TestCaseExecutor.execute(TestCaseExecutor.java:281)
	at com.kms.katalon.core.main.TestSuiteExecutor.accessTestCaseMainPhase(TestSuiteExecutor.java:202)
	at com.kms.katalon.core.main.TestSuiteExecutor.accessTestSuiteMainPhase(TestSuiteExecutor.java:164)
	at com.kms.katalon.core.main.TestSuiteExecutor.execute(TestSuiteExecutor.java:105)
	at com.kms.katalon.core.main.TestCaseMain.startTestSuite(TestCaseMain.java:181)
	at com.kms.katalon.core.main.TestCaseMain$startTestSuite$0.call(Unknown Source)
	at TempTestSuite1642210927934.run(TempTestSuite1642210927934.groovy:36)
Caused by: com.kms.katalon.core.webui.exception.WebElementNotFoundException: Web element with id: 'Object Repository/Page_TA Homework 1/button_Edit submission' located by '//section[@id='region-main']/div[2]/div/div/div/div/form/button' not found
	at com.kms.katalon.core.webui.common.WebUiCommonHelper.findWebElement(WebUiCommonHelper.java:1368)
	at com.kms.katalon.core.webui.keyword.internal.WebUIAbstractKeyword.findWebElement(WebUIAbstractKeyword.groovy:27)
	at com.kms.katalon.core.webui.keyword.builtin.ClickKeyword$_click_closure1.doCall(ClickKeyword.groovy:65)
	at com.kms.katalon.core.webui.keyword.builtin.ClickKeyword$_click_closure1.call(ClickKeyword.groovy)
	at com.kms.katalon.core.webui.keyword.internal.WebUIKeywordMain.runKeyword(WebUIKeywordMain.groovy:20)
	... 19 more]]></system-err>
      </testcase>
      <testcase name="Test Cases/View event on calendar - Student" time="14.043" classname="Test Cases/View event on calendar - Student" status="PASSED">
         <system-out><![CDATA[2022-01-15 09:00:49 - [TEST_CASE][PASSED] - Test Cases/View event on calendar - Student: Test Cases/View event on calendar - Student

2022-01-15 09:00:49 - [TEST_STEP][PASSED] - openBrowser(""): Browser is opened with url: ''

2022-01-15 09:00:49 - [MESSAGE][WARNING] - A browser is already opened. Closing browser and opening a new one

2022-01-15 09:00:50 - [MESSAGE][INFO] - Starting 'Edge Chromium' driver

2022-01-15 09:00:51 - [MESSAGE][INFO] - Action delay is set to 0 milliseconds

2022-01-15 09:00:52 - [MESSAGE][PASSED] - Browser is opened with url: ''

2022-01-15 09:00:52 - [TEST_STEP][PASSED] - navigateToUrl("http://localhost/"): Navigate to 'http://localhost/' successfully

2022-01-15 09:00:53 - [MESSAGE][PASSED] - Navigate to 'http://localhost/' successfully

2022-01-15 09:00:53 - [TEST_STEP][PASSED] - click(findTestObject("Object Repository/Page_Home page/a_Log in")): Object: 'Object Repository/Page_Home page/a_Log in' is clicked on

2022-01-15 09:00:54 - [MESSAGE][PASSED] - Object: 'Object Repository/Page_Home page/a_Log in' is clicked on

2022-01-15 09:00:54 - [TEST_STEP][PASSED] - setText(findTestObject("Object Repository/Page_Home page Log in to the site/input_Username_username"), "student1"): Text 'student1' is set on object 'Object Repository/Page_Home page Log in to the site/input_Username_username'

2022-01-15 09:00:55 - [MESSAGE][PASSED] - Text 'student1' is set on object 'Object Repository/Page_Home page Log in to the site/input_Username_username'

2022-01-15 09:00:55 - [TEST_STEP][PASSED] - setEncryptedText(findTestObject("Page_Home page Log in to the site/input_Password_password (1)"), "OFhcon1PzObx3ErJAwGfGA=="): Text ****** has been set on object 'Object Repository/Page_Home page Log in to the site/input_Password_password (1)'

2022-01-15 09:00:55 - [MESSAGE][PASSED] - Text ****** has been set on object 'Object Repository/Page_Home page Log in to the site/input_Password_password (1)'

2022-01-15 09:00:55 - [TEST_STEP][PASSED] - click(findTestObject("Object Repository/Page_Home page Log in to the site/button_Log in")): Object: 'Object Repository/Page_Home page Log in to the site/button_Log in' is clicked on

2022-01-15 09:00:57 - [MESSAGE][PASSED] - Object: 'Object Repository/Page_Home page Log in to the site/button_Log in' is clicked on

2022-01-15 09:00:57 - [TEST_STEP][PASSED] - click(findTestObject("Object Repository/Page_Dashboard/span_19")): Object: 'Object Repository/Page_Dashboard/span_19' is clicked on

2022-01-15 09:00:59 - [MESSAGE][PASSED] - Object: 'Object Repository/Page_Dashboard/span_19' is clicked on

2022-01-15 09:00:59 - [TEST_STEP][PASSED] - click(findTestObject("Object Repository/Page_Group10 Calendar Day view Wednesday, 1_465f57/a_Go to activity")): Object: 'Object Repository/Page_Group10 Calendar Day view Wednesday, 1_465f57/a_Go to activity' is clicked on

2022-01-15 09:01:00 - [MESSAGE][PASSED] - Object: 'Object Repository/Page_Group10 Calendar Day view Wednesday, 1_465f57/a_Go to activity' is clicked on

2022-01-15 09:01:00 - [TEST_STEP][PASSED] - click(findTestObject("Object Repository/Page_TA Homework 1/a_NH")): Object: 'Object Repository/Page_TA Homework 1/a_NH' is clicked on

2022-01-15 09:01:01 - [MESSAGE][PASSED] - Object: 'Object Repository/Page_TA Homework 1/a_NH' is clicked on

2022-01-15 09:01:01 - [TEST_STEP][PASSED] - click(findTestObject("Object Repository/Page_TA Homework 1/a_Log out")): Object: 'Object Repository/Page_TA Homework 1/a_Log out' is clicked on

2022-01-15 09:01:02 - [MESSAGE][PASSED] - Object: 'Object Repository/Page_TA Homework 1/a_Log out' is clicked on

2022-01-15 09:01:02 - [TEST_STEP][PASSED] - closeBrowser(): Browser is closed

2022-01-15 09:01:03 - [MESSAGE][PASSED] - Browser is closed]]></system-out>
         <system-err><![CDATA[]]></system-err>
      </testcase>
      <testcase name="Test Cases/Chatting - Student" time="23.991" classname="Test Cases/Chatting - Student" status="PASSED">
         <system-out><![CDATA[2022-01-15 09:01:03 - [TEST_CASE][PASSED] - Test Cases/Chatting - Student: Test Cases/Chatting - Student

2022-01-15 09:01:03 - [TEST_STEP][PASSED] - openBrowser(""): Browser is opened with url: ''

2022-01-15 09:01:03 - [MESSAGE][INFO] - Starting 'Edge Chromium' driver

2022-01-15 09:01:04 - [MESSAGE][INFO] - Action delay is set to 0 milliseconds

2022-01-15 09:01:05 - [MESSAGE][PASSED] - Browser is opened with url: ''

2022-01-15 09:01:05 - [TEST_STEP][PASSED] - navigateToUrl("http://localhost/"): Navigate to 'http://localhost/' successfully

2022-01-15 09:01:05 - [MESSAGE][PASSED] - Navigate to 'http://localhost/' successfully

2022-01-15 09:01:05 - [TEST_STEP][PASSED] - click(findTestObject("Object Repository/Page_Home page/a_Log in")): Object: 'Object Repository/Page_Home page/a_Log in' is clicked on

2022-01-15 09:01:06 - [MESSAGE][PASSED] - Object: 'Object Repository/Page_Home page/a_Log in' is clicked on

2022-01-15 09:01:06 - [TEST_STEP][PASSED] - setText(findTestObject("Object Repository/Page_Home page Log in to the site/input_Username_username"), "student1"): Text 'student1' is set on object 'Object Repository/Page_Home page Log in to the site/input_Username_username'

2022-01-15 09:01:07 - [MESSAGE][PASSED] - Text 'student1' is set on object 'Object Repository/Page_Home page Log in to the site/input_Username_username'

2022-01-15 09:01:07 - [TEST_STEP][PASSED] - setEncryptedText(findTestObject("Page_Home page Log in to the site/input_Password_password (1)"), "OFhcon1PzObx3ErJAwGfGA=="): Text ****** has been set on object 'Object Repository/Page_Home page Log in to the site/input_Password_password (1)'

2022-01-15 09:01:08 - [MESSAGE][PASSED] - Text ****** has been set on object 'Object Repository/Page_Home page Log in to the site/input_Password_password (1)'

2022-01-15 09:01:08 - [TEST_STEP][PASSED] - click(findTestObject("Object Repository/Page_Home page Log in to the site/button_Log in")): Object: 'Object Repository/Page_Home page Log in to the site/button_Log in' is clicked on

2022-01-15 09:01:09 - [MESSAGE][PASSED] - Object: 'Object Repository/Page_Home page Log in to the site/button_Log in' is clicked on

2022-01-15 09:01:09 - [TEST_STEP][PASSED] - click(findTestObject("Page_Dashboard/i_See all_icon fa fa-comment-o fa-fw")): Object: 'Object Repository/Page_Dashboard/i_See all_icon fa fa-comment-o fa-fw' is clicked on

2022-01-15 09:01:11 - [MESSAGE][PASSED] - Object: 'Object Repository/Page_Dashboard/i_See all_icon fa fa-comment-o fa-fw' is clicked on

2022-01-15 09:01:11 - [TEST_STEP][PASSED] - setText(findTestObject("Object Repository/Page_Dashboard/input_Messages selected_form-control"), "Nguyen Nga"): Text 'Nguyen Nga' is set on object 'Object Repository/Page_Dashboard/input_Messages selected_form-control'

2022-01-15 09:01:12 - [MESSAGE][PASSED] - Text 'Nguyen Nga' is set on object 'Object Repository/Page_Dashboard/input_Messages selected_form-control'

2022-01-15 09:01:12 - [TEST_STEP][PASSED] - click(findTestObject("Object Repository/Page_Dashboard/i_Messages selected_icon fa fa-search fa-fw")): Object: 'Object Repository/Page_Dashboard/i_Messages selected_icon fa fa-search fa-fw' is clicked on

2022-01-15 09:01:12 - [MESSAGE][PASSED] - Object: 'Object Repository/Page_Dashboard/i_Messages selected_icon fa fa-search fa-fw' is clicked on

2022-01-15 09:01:12 - [TEST_STEP][PASSED] - click(findTestObject("Object Repository/Page_Dashboard/span_Nguyen Nga")): Object: 'Object Repository/Page_Dashboard/span_Nguyen Nga' is clicked on

2022-01-15 09:01:13 - [MESSAGE][PASSED] - Object: 'Object Repository/Page_Dashboard/span_Nguyen Nga' is clicked on

2022-01-15 09:01:13 - [TEST_STEP][PASSED] - setText(findTestObject("Object Repository/Page_Dashboard/textarea_Use enter to send_yui_3_17_2_1_164_f666ba"), "Em chào cô ạ"): Text 'Em chào cô ạ' is set on object 'Object Repository/Page_Dashboard/textarea_Use enter to send_yui_3_17_2_1_164_f666ba'

2022-01-15 09:01:14 - [MESSAGE][PASSED] - Text 'Em chào cô ạ' is set on object 'Object Repository/Page_Dashboard/textarea_Use enter to send_yui_3_17_2_1_164_f666ba'

2022-01-15 09:01:14 - [TEST_STEP][PASSED] - click(findTestObject("Object Repository/Page_Dashboard/i__icon fa fa-paper-plane fa-fw")): Object: 'Object Repository/Page_Dashboard/i__icon fa fa-paper-plane fa-fw' is clicked on

2022-01-15 09:01:15 - [MESSAGE][PASSED] - Object: 'Object Repository/Page_Dashboard/i__icon fa fa-paper-plane fa-fw' is clicked on

2022-01-15 09:01:15 - [TEST_STEP][PASSED] - click(findTestObject("Object Repository/Page_Dashboard/a_NH")): Object: 'Object Repository/Page_Dashboard/a_NH' is clicked on

2022-01-15 09:01:16 - [MESSAGE][PASSED] - Object: 'Object Repository/Page_Dashboard/a_NH' is clicked on

2022-01-15 09:01:16 - [TEST_STEP][PASSED] - click(findTestObject("Page_Dashboard/a_Log out")): Object: 'Object Repository/Page_Dashboard/a_Log out' is clicked on

2022-01-15 09:01:17 - [MESSAGE][PASSED] - Object: 'Object Repository/Page_Dashboard/a_Log out' is clicked on

2022-01-15 09:01:17 - [TEST_STEP][PASSED] - click(findTestObject("Object Repository/Page_Home page/a_Log in")): Object: 'Object Repository/Page_Home page/a_Log in' is clicked on

2022-01-15 09:01:18 - [MESSAGE][PASSED] - Object: 'Object Repository/Page_Home page/a_Log in' is clicked on

2022-01-15 09:01:18 - [TEST_STEP][PASSED] - setText(findTestObject("Object Repository/Page_Home page Log in to the site/input_Username_username"), "coursecreator1"): Text 'coursecreator1' is set on object 'Object Repository/Page_Home page Log in to the site/input_Username_username'

2022-01-15 09:01:19 - [MESSAGE][PASSED] - Text 'coursecreator1' is set on object 'Object Repository/Page_Home page Log in to the site/input_Username_username'

2022-01-15 09:01:19 - [TEST_STEP][PASSED] - setEncryptedText(findTestObject("Page_Home page Log in to the site/input_Password_password (1)"), "OFhcon1PzObx3ErJAwGfGA=="): Text ****** has been set on object 'Object Repository/Page_Home page Log in to the site/input_Password_password (1)'

2022-01-15 09:01:19 - [MESSAGE][PASSED] - Text ****** has been set on object 'Object Repository/Page_Home page Log in to the site/input_Password_password (1)'

2022-01-15 09:01:19 - [TEST_STEP][PASSED] - click(findTestObject("Object Repository/Page_Home page Log in to the site/button_Log in")): Object: 'Object Repository/Page_Home page Log in to the site/button_Log in' is clicked on

2022-01-15 09:01:21 - [MESSAGE][PASSED] - Object: 'Object Repository/Page_Home page Log in to the site/button_Log in' is clicked on

2022-01-15 09:01:21 - [TEST_STEP][PASSED] - click(findTestObject("Object Repository/Page_Dashboard/i_See all_icon fa fa-comment-o fa-fw")): Object: 'Object Repository/Page_Dashboard/i_See all_icon fa fa-comment-o fa-fw' is clicked on

2022-01-15 09:01:21 - [MESSAGE][PASSED] - Object: 'Object Repository/Page_Dashboard/i_See all_icon fa fa-comment-o fa-fw' is clicked on

2022-01-15 09:01:21 - [TEST_STEP][PASSED] - click(findTestObject("Object Repository/Page_Dashboard/strong_Nguyen Hoa")): Object: 'Object Repository/Page_Dashboard/strong_Nguyen Hoa' is clicked on

2022-01-15 09:01:22 - [MESSAGE][PASSED] - Object: 'Object Repository/Page_Dashboard/strong_Nguyen Hoa' is clicked on

2022-01-15 09:01:22 - [TEST_STEP][PASSED] - setText(findTestObject("Object Repository/Page_Dashboard/textarea_Use enter to send_yui_3_17_2_1_164_f0879e"), "Cô chào em"): Text 'Cô chào em' is set on object 'Object Repository/Page_Dashboard/textarea_Use enter to send_yui_3_17_2_1_164_f0879e'

2022-01-15 09:01:24 - [MESSAGE][PASSED] - Text 'Cô chào em' is set on object 'Object Repository/Page_Dashboard/textarea_Use enter to send_yui_3_17_2_1_164_f0879e'

2022-01-15 09:01:24 - [TEST_STEP][PASSED] - click(findTestObject("Object Repository/Page_Dashboard/i__icon fa fa-paper-plane fa-fw_1")): Object: 'Object Repository/Page_Dashboard/i__icon fa fa-paper-plane fa-fw_1' is clicked on

2022-01-15 09:01:24 - [MESSAGE][PASSED] - Object: 'Object Repository/Page_Dashboard/i__icon fa fa-paper-plane fa-fw_1' is clicked on

2022-01-15 09:01:24 - [TEST_STEP][PASSED] - click(findTestObject("Object Repository/Page_Dashboard/a_NN")): Object: 'Object Repository/Page_Dashboard/a_NN' is clicked on

2022-01-15 09:01:25 - [MESSAGE][PASSED] - Object: 'Object Repository/Page_Dashboard/a_NN' is clicked on

2022-01-15 09:01:25 - [TEST_STEP][PASSED] - click(findTestObject("Page_Dashboard/a_Log out")): Object: 'Object Repository/Page_Dashboard/a_Log out' is clicked on

2022-01-15 09:01:26 - [MESSAGE][PASSED] - Object: 'Object Repository/Page_Dashboard/a_Log out' is clicked on

2022-01-15 09:01:26 - [TEST_STEP][PASSED] - closeBrowser(): Browser is closed

2022-01-15 09:01:27 - [MESSAGE][PASSED] - Browser is closed]]></system-out>
         <system-err><![CDATA[]]></system-err>
      </testcase>
      <testcase name="Test Cases/Take the quiz on time - Student" time="143.784" classname="Test Cases/Take the quiz on time - Student" status="PASSED">
         <system-out><![CDATA[2022-01-15 09:01:27 - [TEST_CASE][PASSED] - Test Cases/Take the quiz on time - Student: Test Cases/Take the quiz on time - Student

2022-01-15 09:01:27 - [TEST_STEP][PASSED] - openBrowser(""): Browser is opened with url: ''

2022-01-15 09:01:27 - [MESSAGE][INFO] - Starting 'Edge Chromium' driver

2022-01-15 09:01:28 - [MESSAGE][INFO] - Action delay is set to 0 milliseconds

2022-01-15 09:01:29 - [MESSAGE][PASSED] - Browser is opened with url: ''

2022-01-15 09:01:29 - [TEST_STEP][PASSED] - navigateToUrl("http://localhost/"): Navigate to 'http://localhost/' successfully

2022-01-15 09:01:30 - [MESSAGE][PASSED] - Navigate to 'http://localhost/' successfully

2022-01-15 09:01:30 - [TEST_STEP][PASSED] - click(findTestObject("Object Repository/Page_Home page/a_Log in")): Object: 'Object Repository/Page_Home page/a_Log in' is clicked on

2022-01-15 09:01:31 - [MESSAGE][PASSED] - Object: 'Object Repository/Page_Home page/a_Log in' is clicked on

2022-01-15 09:01:31 - [TEST_STEP][PASSED] - setText(findTestObject("Object Repository/Page_Home page Log in to the site/input_Username_username"), "student1"): Text 'student1' is set on object 'Object Repository/Page_Home page Log in to the site/input_Username_username'

2022-01-15 09:01:32 - [MESSAGE][PASSED] - Text 'student1' is set on object 'Object Repository/Page_Home page Log in to the site/input_Username_username'

2022-01-15 09:01:32 - [TEST_STEP][PASSED] - setEncryptedText(findTestObject("Page_Home page Log in to the site/input_Password_password (1)"), "OFhcon1PzObx3ErJAwGfGA=="): Text ****** has been set on object 'Object Repository/Page_Home page Log in to the site/input_Password_password (1)'

2022-01-15 09:01:32 - [MESSAGE][PASSED] - Text ****** has been set on object 'Object Repository/Page_Home page Log in to the site/input_Password_password (1)'

2022-01-15 09:01:32 - [TEST_STEP][PASSED] - click(findTestObject("Object Repository/Page_Home page Log in to the site/button_Log in")): Object: 'Object Repository/Page_Home page Log in to the site/button_Log in' is clicked on

2022-01-15 09:01:34 - [MESSAGE][PASSED] - Object: 'Object Repository/Page_Home page Log in to the site/button_Log in' is clicked on

2022-01-15 09:01:34 - [TEST_STEP][PASSED] - click(findTestObject("Page_Group10 Administration Users Accounts _c9beb9/a_My courses")): Object: 'Object Repository/Page_Group10 Administration Users Accounts _c9beb9/a_My courses' is clicked on

2022-01-15 09:01:35 - [MESSAGE][PASSED] - Object: 'Object Repository/Page_Group10 Administration Users Accounts _c9beb9/a_My courses' is clicked on

2022-01-15 09:01:35 - [TEST_STEP][PASSED] - click(findTestObject("Object Repository/Page_My courses/span_Test Automation")): Object: 'Object Repository/Page_My courses/span_Test Automation' is clicked on

2022-01-15 09:01:37 - [MESSAGE][PASSED] - Object: 'Object Repository/Page_My courses/span_Test Automation' is clicked on

2022-01-15 09:01:37 - [TEST_STEP][PASSED] - click(findTestObject("Object Repository/Page_Course Test Automation/a_Quiz1")): Object: 'Object Repository/Page_Course Test Automation/a_Quiz1' is clicked on

2022-01-15 09:01:39 - [MESSAGE][PASSED] - Object: 'Object Repository/Page_Course Test Automation/a_Quiz1' is clicked on

2022-01-15 09:01:39 - [TEST_STEP][PASSED] - click(findTestObject("Object Repository/Page_TA Quiz1/a_Attempt quiz")): Object: 'Object Repository/Page_TA Quiz1/a_Attempt quiz' is clicked on

2022-01-15 09:01:40 - [MESSAGE][PASSED] - Object: 'Object Repository/Page_TA Quiz1/a_Attempt quiz' is clicked on

2022-01-15 09:01:40 - [TEST_STEP][PASSED] - click(findTestObject("Object Repository/Page_Quiz1/input_Time limit_submitbutton")): Object: 'Object Repository/Page_Quiz1/input_Time limit_submitbutton' is clicked on

2022-01-15 09:01:43 - [MESSAGE][PASSED] - Object: 'Object Repository/Page_Quiz1/input_Time limit_submitbutton' is clicked on

2022-01-15 09:01:43 - [TEST_STEP][PASSED] - click(findTestObject("Object Repository/Page_Quiz1/label_True")): Object: 'Object Repository/Page_Quiz1/label_True' is clicked on

2022-01-15 09:02:13 - [MESSAGE][PASSED] - Object: 'Object Repository/Page_Quiz1/label_True' is clicked on

2022-01-15 09:02:13 - [TEST_STEP][PASSED] - click(findTestObject("Page_TA Quiz1/finish attempt new")): Object: 'Object Repository/Page_TA Quiz1/finish attempt new' is clicked on

2022-01-15 09:02:44 - [MESSAGE][PASSED] - Object: 'Object Repository/Page_TA Quiz1/finish attempt new' is clicked on

2022-01-15 09:02:44 - [TEST_STEP][PASSED] - click(findTestObject("Object Repository/Page_Quiz1 Attempt summary/button_Submit all and finish")): Object: 'Object Repository/Page_Quiz1 Attempt summary/button_Submit all and finish' is clicked on

2022-01-15 09:03:15 - [MESSAGE][PASSED] - Object: 'Object Repository/Page_Quiz1 Attempt summary/button_Submit all and finish' is clicked on

2022-01-15 09:03:15 - [TEST_STEP][PASSED] - click(findTestObject("Object Repository/Page_Quiz1 Attempt summary/input_Once you submit, you will no longer b_5f1420")): Object: 'Object Repository/Page_Quiz1 Attempt summary/input_Once you submit, you will no longer b_5f1420' is clicked on

2022-01-15 09:03:46 - [MESSAGE][PASSED] - Object: 'Object Repository/Page_Quiz1 Attempt summary/input_Once you submit, you will no longer b_5f1420' is clicked on

2022-01-15 09:03:46 - [TEST_STEP][PASSED] - click(findTestObject("Object Repository/Page_Quiz1 Attempt review/a_Finish review")): Object: 'Object Repository/Page_Quiz1 Attempt review/a_Finish review' is clicked on

2022-01-15 09:03:48 - [MESSAGE][PASSED] - Object: 'Object Repository/Page_Quiz1 Attempt review/a_Finish review' is clicked on

2022-01-15 09:03:48 - [TEST_STEP][PASSED] - click(findTestObject("Object Repository/Page_TA Quiz1/a_NH")): Object: 'Object Repository/Page_TA Quiz1/a_NH' is clicked on

2022-01-15 09:03:49 - [MESSAGE][PASSED] - Object: 'Object Repository/Page_TA Quiz1/a_NH' is clicked on

2022-01-15 09:03:49 - [TEST_STEP][PASSED] - click(findTestObject("Object Repository/Page_TA Quiz1/a_Log out")): Object: 'Object Repository/Page_TA Quiz1/a_Log out' is clicked on

2022-01-15 09:03:50 - [MESSAGE][PASSED] - Object: 'Object Repository/Page_TA Quiz1/a_Log out' is clicked on

2022-01-15 09:03:50 - [TEST_STEP][PASSED] - closeBrowser(): Browser is closed

2022-01-15 09:03:51 - [MESSAGE][PASSED] - Browser is closed]]></system-out>
         <system-err><![CDATA[]]></system-err>
      </testcase>
      <testcase name="Test Cases/Take the quiz late - Student" time="19.284" classname="Test Cases/Take the quiz late - Student" status="PASSED">
         <system-out><![CDATA[2022-01-15 09:03:51 - [TEST_CASE][PASSED] - Test Cases/Take the quiz late - Student: Test Cases/Take the quiz late - Student

2022-01-15 09:03:51 - [TEST_STEP][PASSED] - openBrowser(""): Browser is opened with url: ''

2022-01-15 09:03:51 - [MESSAGE][INFO] - Starting 'Edge Chromium' driver

2022-01-15 09:03:52 - [MESSAGE][INFO] - Action delay is set to 0 milliseconds

2022-01-15 09:03:53 - [MESSAGE][PASSED] - Browser is opened with url: ''

2022-01-15 09:03:53 - [TEST_STEP][PASSED] - navigateToUrl("http://localhost/"): Navigate to 'http://localhost/' successfully

2022-01-15 09:03:54 - [MESSAGE][PASSED] - Navigate to 'http://localhost/' successfully

2022-01-15 09:03:54 - [TEST_STEP][PASSED] - click(findTestObject("Object Repository/Page_Home page/a_Log in")): Object: 'Object Repository/Page_Home page/a_Log in' is clicked on

2022-01-15 09:03:55 - [MESSAGE][PASSED] - Object: 'Object Repository/Page_Home page/a_Log in' is clicked on

2022-01-15 09:03:55 - [TEST_STEP][PASSED] - setText(findTestObject("Object Repository/Page_Home page Log in to the site/input_Username_username"), "student1"): Text 'student1' is set on object 'Object Repository/Page_Home page Log in to the site/input_Username_username'

2022-01-15 09:03:56 - [MESSAGE][PASSED] - Text 'student1' is set on object 'Object Repository/Page_Home page Log in to the site/input_Username_username'

2022-01-15 09:03:56 - [TEST_STEP][PASSED] - setEncryptedText(findTestObject("Page_Home page Log in to the site/input_Password_password (1)"), "OFhcon1PzObx3ErJAwGfGA=="): Text ****** has been set on object 'Object Repository/Page_Home page Log in to the site/input_Password_password (1)'

2022-01-15 09:03:56 - [MESSAGE][PASSED] - Text ****** has been set on object 'Object Repository/Page_Home page Log in to the site/input_Password_password (1)'

2022-01-15 09:03:56 - [TEST_STEP][PASSED] - click(findTestObject("Object Repository/Page_Home page Log in to the site/button_Log in")): Object: 'Object Repository/Page_Home page Log in to the site/button_Log in' is clicked on

2022-01-15 09:03:58 - [MESSAGE][PASSED] - Object: 'Object Repository/Page_Home page Log in to the site/button_Log in' is clicked on

2022-01-15 09:03:58 - [TEST_STEP][PASSED] - click(findTestObject("Page_Group10 Administration Users Accounts _9567d5/a_My courses")): Object: 'Object Repository/Page_Group10 Administration Users Accounts _9567d5/a_My courses' is clicked on

2022-01-15 09:04:00 - [MESSAGE][PASSED] - Object: 'Object Repository/Page_Group10 Administration Users Accounts _9567d5/a_My courses' is clicked on

2022-01-15 09:04:00 - [TEST_STEP][PASSED] - click(findTestObject("Object Repository/Page_My courses/span_Test Automation")): Object: 'Object Repository/Page_My courses/span_Test Automation' is clicked on

2022-01-15 09:04:02 - [MESSAGE][PASSED] - Object: 'Object Repository/Page_My courses/span_Test Automation' is clicked on

2022-01-15 09:04:02 - [TEST_STEP][PASSED] - click(findTestObject("Object Repository/Page_Course Test Automation/a_Quiz2")): Object: 'Object Repository/Page_Course Test Automation/a_Quiz2' is clicked on

2022-01-15 09:04:04 - [MESSAGE][PASSED] - Object: 'Object Repository/Page_Course Test Automation/a_Quiz2' is clicked on

2022-01-15 09:04:04 - [TEST_STEP][PASSED] - click(findTestObject("Object Repository/Page_TA Quiz2/a_Attempt quiz")): Object: 'Object Repository/Page_TA Quiz2/a_Attempt quiz' is clicked on

2022-01-15 09:04:06 - [MESSAGE][PASSED] - Object: 'Object Repository/Page_TA Quiz2/a_Attempt quiz' is clicked on

2022-01-15 09:04:06 - [TEST_STEP][PASSED] - click(findTestObject("Object Repository/Page_Error/button_Continue")): Object: 'Object Repository/Page_Error/button_Continue' is clicked on

2022-01-15 09:04:07 - [MESSAGE][PASSED] - Object: 'Object Repository/Page_Error/button_Continue' is clicked on

2022-01-15 09:04:07 - [TEST_STEP][PASSED] - click(findTestObject("Object Repository/Page_TA Quiz2/a_NH")): Object: 'Object Repository/Page_TA Quiz2/a_NH' is clicked on

2022-01-15 09:04:08 - [MESSAGE][PASSED] - Object: 'Object Repository/Page_TA Quiz2/a_NH' is clicked on

2022-01-15 09:04:08 - [TEST_STEP][PASSED] - click(findTestObject("Object Repository/Page_TA Quiz2/a_Log out")): Object: 'Object Repository/Page_TA Quiz2/a_Log out' is clicked on

2022-01-15 09:04:09 - [MESSAGE][PASSED] - Object: 'Object Repository/Page_TA Quiz2/a_Log out' is clicked on

2022-01-15 09:04:09 - [TEST_STEP][PASSED] - closeBrowser(): Browser is closed

2022-01-15 09:04:10 - [MESSAGE][PASSED] - Browser is closed]]></system-out>
         <system-err><![CDATA[]]></system-err>
      </testcase>
      <testcase name="Test Cases/Review quizz result - Student" time="18.629" classname="Test Cases/Review quizz result - Student" status="PASSED">
         <system-out><![CDATA[2022-01-15 09:04:10 - [TEST_CASE][PASSED] - Test Cases/Review quizz result - Student: Test Cases/Review quizz result - Student

2022-01-15 09:04:10 - [TEST_STEP][PASSED] - openBrowser(""): Browser is opened with url: ''

2022-01-15 09:04:10 - [MESSAGE][INFO] - Starting 'Edge Chromium' driver

2022-01-15 09:04:11 - [MESSAGE][INFO] - Action delay is set to 0 milliseconds

2022-01-15 09:04:12 - [MESSAGE][PASSED] - Browser is opened with url: ''

2022-01-15 09:04:12 - [TEST_STEP][PASSED] - navigateToUrl("http://localhost/"): Navigate to 'http://localhost/' successfully

2022-01-15 09:04:13 - [MESSAGE][PASSED] - Navigate to 'http://localhost/' successfully

2022-01-15 09:04:13 - [TEST_STEP][PASSED] - click(findTestObject("Page_Home page/a_Log in")): Object: 'Object Repository/Page_Home page/a_Log in' is clicked on

2022-01-15 09:04:14 - [MESSAGE][PASSED] - Object: 'Object Repository/Page_Home page/a_Log in' is clicked on

2022-01-15 09:04:14 - [TEST_STEP][PASSED] - setText(findTestObject("Page_Home page Log in to the site/input_Username_username"), "student1"): Text 'student1' is set on object 'Object Repository/Page_Home page Log in to the site/input_Username_username'

2022-01-15 09:04:15 - [MESSAGE][PASSED] - Text 'student1' is set on object 'Object Repository/Page_Home page Log in to the site/input_Username_username'

2022-01-15 09:04:15 - [TEST_STEP][PASSED] - setEncryptedText(findTestObject("Page_Home page Log in to the site/input_Password_password (1)"), "OFhcon1PzObx3ErJAwGfGA=="): Text ****** has been set on object 'Object Repository/Page_Home page Log in to the site/input_Password_password (1)'

2022-01-15 09:04:15 - [MESSAGE][PASSED] - Text ****** has been set on object 'Object Repository/Page_Home page Log in to the site/input_Password_password (1)'

2022-01-15 09:04:15 - [TEST_STEP][PASSED] - click(findTestObject("Page_Home page Log in to the site/button_Log in")): Object: 'Object Repository/Page_Home page Log in to the site/button_Log in' is clicked on

2022-01-15 09:04:17 - [MESSAGE][PASSED] - Object: 'Object Repository/Page_Home page Log in to the site/button_Log in' is clicked on

2022-01-15 09:04:17 - [TEST_STEP][PASSED] - click(findTestObject("Page_Dashboard/a_My courses (1)")): Object: 'Object Repository/Page_Dashboard/a_My courses (1)' is clicked on

2022-01-15 09:04:19 - [MESSAGE][PASSED] - Object: 'Object Repository/Page_Dashboard/a_My courses (1)' is clicked on

2022-01-15 09:04:19 - [TEST_STEP][PASSED] - click(findTestObject("Page_My courses/span_Test Automation")): Object: 'Object Repository/Page_My courses/span_Test Automation' is clicked on

2022-01-15 09:04:21 - [MESSAGE][PASSED] - Object: 'Object Repository/Page_My courses/span_Test Automation' is clicked on

2022-01-15 09:04:21 - [TEST_STEP][PASSED] - click(findTestObject("Page_Course Test Automation/a_Quiz1")): Object: 'Object Repository/Page_Course Test Automation/a_Quiz1' is clicked on

2022-01-15 09:04:23 - [MESSAGE][PASSED] - Object: 'Object Repository/Page_Course Test Automation/a_Quiz1' is clicked on

2022-01-15 09:04:23 - [TEST_STEP][PASSED] - click(findTestObject("Object Repository/Page_TA Quiz1/a_Review")): Object: 'Object Repository/Page_TA Quiz1/a_Review' is clicked on

2022-01-15 09:04:25 - [MESSAGE][PASSED] - Object: 'Object Repository/Page_TA Quiz1/a_Review' is clicked on

2022-01-15 09:04:25 - [TEST_STEP][PASSED] - click(findTestObject("Page_Quiz1 Attempt review/a_Finish review")): Object: 'Object Repository/Page_Quiz1 Attempt review/a_Finish review' is clicked on

2022-01-15 09:04:26 - [MESSAGE][PASSED] - Object: 'Object Repository/Page_Quiz1 Attempt review/a_Finish review' is clicked on

2022-01-15 09:04:26 - [TEST_STEP][PASSED] - click(findTestObject("Page_TA Quiz1/a_NH")): Object: 'Object Repository/Page_TA Quiz1/a_NH' is clicked on

2022-01-15 09:04:27 - [MESSAGE][PASSED] - Object: 'Object Repository/Page_TA Quiz1/a_NH' is clicked on

2022-01-15 09:04:27 - [TEST_STEP][PASSED] - click(findTestObject("Page_TA Quiz1/a_Log out")): Object: 'Object Repository/Page_TA Quiz1/a_Log out' is clicked on

2022-01-15 09:04:28 - [MESSAGE][PASSED] - Object: 'Object Repository/Page_TA Quiz1/a_Log out' is clicked on

2022-01-15 09:04:28 - [TEST_STEP][PASSED] - closeBrowser(): Browser is closed

2022-01-15 09:04:29 - [MESSAGE][PASSED] - Browser is closed]]></system-out>
         <system-err><![CDATA[]]></system-err>
      </testcase>
      <testcase name="Test Cases/See the results of all quizzes - Teacher" time="15.031" classname="Test Cases/See the results of all quizzes - Teacher" status="PASSED">
         <system-out><![CDATA[2022-01-15 09:04:29 - [TEST_CASE][PASSED] - Test Cases/See the results of all quizzes - Teacher: Test Cases/See the results of all quizzes - Teacher

2022-01-15 09:04:29 - [TEST_STEP][PASSED] - openBrowser(""): Browser is opened with url: ''

2022-01-15 09:04:29 - [MESSAGE][INFO] - Starting 'Edge Chromium' driver

2022-01-15 09:04:30 - [MESSAGE][INFO] - Action delay is set to 0 milliseconds

2022-01-15 09:04:31 - [MESSAGE][PASSED] - Browser is opened with url: ''

2022-01-15 09:04:31 - [TEST_STEP][PASSED] - navigateToUrl("http://localhost/"): Navigate to 'http://localhost/' successfully

2022-01-15 09:04:31 - [MESSAGE][PASSED] - Navigate to 'http://localhost/' successfully

2022-01-15 09:04:31 - [TEST_STEP][PASSED] - click(findTestObject("Page_Home page/a_Log in")): Object: 'Object Repository/Page_Home page/a_Log in' is clicked on

2022-01-15 09:04:33 - [MESSAGE][PASSED] - Object: 'Object Repository/Page_Home page/a_Log in' is clicked on

2022-01-15 09:04:33 - [TEST_STEP][PASSED] - setText(findTestObject("Page_Home page Log in to the site/input_Username_username"), "teacher1"): Text 'teacher1' is set on object 'Object Repository/Page_Home page Log in to the site/input_Username_username'

2022-01-15 09:04:34 - [MESSAGE][PASSED] - Text 'teacher1' is set on object 'Object Repository/Page_Home page Log in to the site/input_Username_username'

2022-01-15 09:04:34 - [TEST_STEP][PASSED] - setEncryptedText(findTestObject("Page_Home page Log in to the site/input_Password_password (1)"), "OFhcon1PzObx3ErJAwGfGA=="): Text ****** has been set on object 'Object Repository/Page_Home page Log in to the site/input_Password_password (1)'

2022-01-15 09:04:34 - [MESSAGE][PASSED] - Text ****** has been set on object 'Object Repository/Page_Home page Log in to the site/input_Password_password (1)'

2022-01-15 09:04:34 - [TEST_STEP][PASSED] - click(findTestObject("Page_Home page Log in to the site/button_Log in")): Object: 'Object Repository/Page_Home page Log in to the site/button_Log in' is clicked on

2022-01-15 09:04:36 - [MESSAGE][PASSED] - Object: 'Object Repository/Page_Home page Log in to the site/button_Log in' is clicked on

2022-01-15 09:04:36 - [TEST_STEP][PASSED] - click(findTestObject("Page_Dashboard/a_NN")): Object: 'Object Repository/Page_Dashboard/a_NN' is clicked on

2022-01-15 09:04:36 - [MESSAGE][PASSED] - Object: 'Object Repository/Page_Dashboard/a_NN' is clicked on

2022-01-15 09:04:36 - [TEST_STEP][PASSED] - click(findTestObject("Object Repository/Page_Dashboard/a_Grades")): Object: 'Object Repository/Page_Dashboard/a_Grades' is clicked on

2022-01-15 09:04:38 - [MESSAGE][PASSED] - Object: 'Object Repository/Page_Dashboard/a_Grades' is clicked on

2022-01-15 09:04:38 - [TEST_STEP][PASSED] - click(findTestObject("Object Repository/Page_Grades - Nguyen Nga/a_Test Automation")): Object: 'Object Repository/Page_Grades - Nguyen Nga/a_Test Automation' is clicked on

2022-01-15 09:04:39 - [MESSAGE][PASSED] - Object: 'Object Repository/Page_Grades - Nguyen Nga/a_Test Automation' is clicked on

2022-01-15 09:04:39 - [TEST_STEP][PASSED] - click(findTestObject("Object Repository/Page_Grades View/i_-_icon fa fa-search-plus fa-fw")): Object: 'Object Repository/Page_Grades View/i_-_icon fa fa-search-plus fa-fw' is clicked on

2022-01-15 09:04:41 - [MESSAGE][PASSED] - Object: 'Object Repository/Page_Grades View/i_-_icon fa fa-search-plus fa-fw' is clicked on

2022-01-15 09:04:41 - [TEST_STEP][PASSED] - click(findTestObject("Object Repository/Page_Quiz1 Attempt review/a_NN")): Object: 'Object Repository/Page_Quiz1 Attempt review/a_NN' is clicked on

2022-01-15 09:04:42 - [MESSAGE][PASSED] - Object: 'Object Repository/Page_Quiz1 Attempt review/a_NN' is clicked on

2022-01-15 09:04:42 - [TEST_STEP][PASSED] - click(findTestObject("Object Repository/Page_Quiz1 Attempt review/a_Log out")): Object: 'Object Repository/Page_Quiz1 Attempt review/a_Log out' is clicked on

2022-01-15 09:04:43 - [MESSAGE][PASSED] - Object: 'Object Repository/Page_Quiz1 Attempt review/a_Log out' is clicked on

2022-01-15 09:04:43 - [TEST_STEP][PASSED] - closeBrowser(): Browser is closed

2022-01-15 09:04:44 - [MESSAGE][PASSED] - Browser is closed]]></system-out>
         <system-err><![CDATA[]]></system-err>
      </testcase>
      <testcase name="Test Cases/View grades by subject - Student" time="14.842" classname="Test Cases/View grades by subject - Student" status="PASSED">
         <system-out><![CDATA[2022-01-15 09:04:44 - [TEST_CASE][PASSED] - Test Cases/View grades by subject - Student: Test Cases/View grades by subject - Student

2022-01-15 09:04:44 - [TEST_STEP][PASSED] - openBrowser(""): Browser is opened with url: ''

2022-01-15 09:04:44 - [MESSAGE][INFO] - Starting 'Edge Chromium' driver

2022-01-15 09:04:45 - [MESSAGE][INFO] - Action delay is set to 0 milliseconds

2022-01-15 09:04:46 - [MESSAGE][PASSED] - Browser is opened with url: ''

2022-01-15 09:04:46 - [TEST_STEP][PASSED] - navigateToUrl("http://localhost/"): Navigate to 'http://localhost/' successfully

2022-01-15 09:04:46 - [MESSAGE][PASSED] - Navigate to 'http://localhost/' successfully

2022-01-15 09:04:46 - [TEST_STEP][PASSED] - click(findTestObject("Page_Home page/a_Log in")): Object: 'Object Repository/Page_Home page/a_Log in' is clicked on

2022-01-15 09:04:48 - [MESSAGE][PASSED] - Object: 'Object Repository/Page_Home page/a_Log in' is clicked on

2022-01-15 09:04:48 - [TEST_STEP][PASSED] - setText(findTestObject("Page_Home page Log in to the site/input_Username_username"), "student1"): Text 'student1' is set on object 'Object Repository/Page_Home page Log in to the site/input_Username_username'

2022-01-15 09:04:48 - [MESSAGE][PASSED] - Text 'student1' is set on object 'Object Repository/Page_Home page Log in to the site/input_Username_username'

2022-01-15 09:04:48 - [TEST_STEP][PASSED] - setEncryptedText(findTestObject("Page_Home page Log in to the site/input_Password_password (1)"), "OFhcon1PzObx3ErJAwGfGA=="): Text ****** has been set on object 'Object Repository/Page_Home page Log in to the site/input_Password_password (1)'

2022-01-15 09:04:49 - [MESSAGE][PASSED] - Text ****** has been set on object 'Object Repository/Page_Home page Log in to the site/input_Password_password (1)'

2022-01-15 09:04:49 - [TEST_STEP][PASSED] - click(findTestObject("Page_Home page Log in to the site/button_Log in")): Object: 'Object Repository/Page_Home page Log in to the site/button_Log in' is clicked on

2022-01-15 09:04:51 - [MESSAGE][PASSED] - Object: 'Object Repository/Page_Home page Log in to the site/button_Log in' is clicked on

2022-01-15 09:04:51 - [TEST_STEP][PASSED] - click(findTestObject("Page_Dashboard/a_NH")): Object: 'Object Repository/Page_Dashboard/a_NH' is clicked on

2022-01-15 09:04:52 - [MESSAGE][PASSED] - Object: 'Object Repository/Page_Dashboard/a_NH' is clicked on

2022-01-15 09:04:52 - [TEST_STEP][PASSED] - click(findTestObject("Page_Dashboard/a_Grades")): Object: 'Object Repository/Page_Dashboard/a_Grades' is clicked on

2022-01-15 09:04:53 - [MESSAGE][PASSED] - Object: 'Object Repository/Page_Dashboard/a_Grades' is clicked on

2022-01-15 09:04:53 - [TEST_STEP][PASSED] - click(findTestObject("Object Repository/Page_Grades - Nguyen Hoa/a_Test Automation")): Object: 'Object Repository/Page_Grades - Nguyen Hoa/a_Test Automation' is clicked on

2022-01-15 09:04:55 - [MESSAGE][PASSED] - Object: 'Object Repository/Page_Grades - Nguyen Hoa/a_Test Automation' is clicked on

2022-01-15 09:04:55 - [TEST_STEP][PASSED] - click(findTestObject("Object Repository/Page_TA Activity report (grade)/a_Quiz1")): Object: 'Object Repository/Page_TA Activity report (grade)/a_Quiz1' is clicked on

2022-01-15 09:04:56 - [MESSAGE][PASSED] - Object: 'Object Repository/Page_TA Activity report (grade)/a_Quiz1' is clicked on

2022-01-15 09:04:56 - [TEST_STEP][PASSED] - click(findTestObject("Page_TA Quiz1/a_NH")): Object: 'Object Repository/Page_TA Quiz1/a_NH' is clicked on

2022-01-15 09:04:57 - [MESSAGE][PASSED] - Object: 'Object Repository/Page_TA Quiz1/a_NH' is clicked on

2022-01-15 09:04:57 - [TEST_STEP][PASSED] - click(findTestObject("Page_TA Quiz1/a_Log out")): Object: 'Object Repository/Page_TA Quiz1/a_Log out' is clicked on

2022-01-15 09:04:58 - [MESSAGE][PASSED] - Object: 'Object Repository/Page_TA Quiz1/a_Log out' is clicked on

2022-01-15 09:04:58 - [TEST_STEP][PASSED] - closeBrowser(): Browser is closed

2022-01-15 09:04:59 - [MESSAGE][PASSED] - Browser is closed]]></system-out>
         <system-err><![CDATA[]]></system-err>
      </testcase>
      <testcase name="Test Cases/Submit exercise on time - Student" time="44.756" classname="Test Cases/Submit exercise on time - Student" status="FAILED">
         <failure type="FAILED" message="Test Cases/Submit exercise on time - Student FAILED.
Reason:
com.kms.katalon.core.exception.StepFailedException: Unable to click on object 'Object Repository/Page_TA Homework 1/button_Edit submission'
	at com.kms.katalon.core.webui.keyword.internal.WebUIKeywordMain.stepFailed(WebUIKeywordMain.groovy:64)
	at com.kms.katalon.core.webui.keyword.internal.WebUIKeywordMain.runKeyword(WebUIKeywordMain.groovy:26)
	at com.kms.katalon.core.webui.keyword.builtin.ClickKeyword.click(ClickKeyword.groovy:74)
	at com.kms.katalon.core.webui.keyword.builtin.ClickKeyword.execute(ClickKeyword.groovy:40)
	at com.kms.katalon.core.keyword.internal.KeywordExecutor.executeKeywordForPlatform(KeywordExecutor.groovy:74)
	at com.kms.katalon.core.webui.keyword.WebUiBuiltInKeywords.click(WebUiBuiltInKeywords.groovy:620)
	at com.kms.katalon.core.webui.keyword.WebUiBuiltInKeywords$click$1.call(Unknown Source)
	at Submit exercise on time - Student.run(Submit exercise on time - Student:38)
	at com.kms.katalon.core.main.ScriptEngine.run(ScriptEngine.java:194)
	at com.kms.katalon.core.main.ScriptEngine.runScriptAsRawText(ScriptEngine.java:119)
	at com.kms.katalon.core.main.TestCaseExecutor.runScript(TestCaseExecutor.java:442)
	at com.kms.katalon.core.main.TestCaseExecutor.doExecute(TestCaseExecutor.java:433)
	at com.kms.katalon.core.main.TestCaseExecutor.processExecutionPhase(TestCaseExecutor.java:412)
	at com.kms.katalon.core.main.TestCaseExecutor.accessMainPhase(TestCaseExecutor.java:404)
	at com.kms.katalon.core.main.TestCaseExecutor.execute(TestCaseExecutor.java:281)
	at com.kms.katalon.core.main.TestSuiteExecutor.accessTestCaseMainPhase(TestSuiteExecutor.java:202)
	at com.kms.katalon.core.main.TestSuiteExecutor.accessTestSuiteMainPhase(TestSuiteExecutor.java:164)
	at com.kms.katalon.core.main.TestSuiteExecutor.execute(TestSuiteExecutor.java:105)
	at com.kms.katalon.core.main.TestCaseMain.startTestSuite(TestCaseMain.java:181)
	at com.kms.katalon.core.main.TestCaseMain$startTestSuite$0.call(Unknown Source)
	at TempTestSuite1642210927934.run(TempTestSuite1642210927934.groovy:36)
Caused by: com.kms.katalon.core.webui.exception.WebElementNotFoundException: Web element with id: 'Object Repository/Page_TA Homework 1/button_Edit submission' located by '//section[@id='region-main']/div[2]/div/div/div/div/form/button' not found
	at com.kms.katalon.core.webui.common.WebUiCommonHelper.findWebElement(WebUiCommonHelper.java:1368)
	at com.kms.katalon.core.webui.keyword.internal.WebUIAbstractKeyword.findWebElement(WebUIAbstractKeyword.groovy:27)
	at com.kms.katalon.core.webui.keyword.builtin.ClickKeyword$_click_closure1.doCall(ClickKeyword.groovy:65)
	at com.kms.katalon.core.webui.keyword.builtin.ClickKeyword$_click_closure1.call(ClickKeyword.groovy)
	at com.kms.katalon.core.webui.keyword.internal.WebUIKeywordMain.runKeyword(WebUIKeywordMain.groovy:20)
	... 19 more
"/>
         <system-out><![CDATA[2022-01-15 09:04:59 - [TEST_CASE][FAILED] - Test Cases/Submit exercise on time - Student: Test Cases/Submit exercise on time - Student FAILED.
Reason:
com.kms.katalon.core.exception.StepFailedException: Unable to click on object 'Object Repository/Page_TA Homework 1/button_Edit submission'
	at com.kms.katalon.core.webui.keyword.internal.WebUIKeywordMain.stepFailed(WebUIKeywordMain.groovy:64)
	at com.kms.katalon.core.webui.keyword.internal.WebUIKeywordMain.runKeyword(WebUIKeywordMain.groovy:26)
	at com.kms.katalon.core.webui.keyword.builtin.ClickKeyword.click(ClickKeyword.groovy:74)
	at com.kms.katalon.core.webui.keyword.builtin.ClickKeyword.execute(ClickKeyword.groovy:40)
	at com.kms.katalon.core.keyword.internal.KeywordExecutor.executeKeywordForPlatform(KeywordExecutor.groovy:74)
	at com.kms.katalon.core.webui.keyword.WebUiBuiltInKeywords.click(WebUiBuiltInKeywords.groovy:620)
	at com.kms.katalon.core.webui.keyword.WebUiBuiltInKeywords$click$1.call(Unknown Source)
	at Submit exercise on time - Student.run(Submit exercise on time - Student:38)
	at com.kms.katalon.core.main.ScriptEngine.run(ScriptEngine.java:194)
	at com.kms.katalon.core.main.ScriptEngine.runScriptAsRawText(ScriptEngine.java:119)
	at com.kms.katalon.core.main.TestCaseExecutor.runScript(TestCaseExecutor.java:442)
	at com.kms.katalon.core.main.TestCaseExecutor.doExecute(TestCaseExecutor.java:433)
	at com.kms.katalon.core.main.TestCaseExecutor.processExecutionPhase(TestCaseExecutor.java:412)
	at com.kms.katalon.core.main.TestCaseExecutor.accessMainPhase(TestCaseExecutor.java:404)
	at com.kms.katalon.core.main.TestCaseExecutor.execute(TestCaseExecutor.java:281)
	at com.kms.katalon.core.main.TestSuiteExecutor.accessTestCaseMainPhase(TestSuiteExecutor.java:202)
	at com.kms.katalon.core.main.TestSuiteExecutor.accessTestSuiteMainPhase(TestSuiteExecutor.java:164)
	at com.kms.katalon.core.main.TestSuiteExecutor.execute(TestSuiteExecutor.java:105)
	at com.kms.katalon.core.main.TestCaseMain.startTestSuite(TestCaseMain.java:181)
	at com.kms.katalon.core.main.TestCaseMain$startTestSuite$0.call(Unknown Source)
	at TempTestSuite1642210927934.run(TempTestSuite1642210927934.groovy:36)
Caused by: com.kms.katalon.core.webui.exception.WebElementNotFoundException: Web element with id: 'Object Repository/Page_TA Homework 1/button_Edit submission' located by '//section[@id='region-main']/div[2]/div/div/div/div/form/button' not found
	at com.kms.katalon.core.webui.common.WebUiCommonHelper.findWebElement(WebUiCommonHelper.java:1368)
	at com.kms.katalon.core.webui.keyword.internal.WebUIAbstractKeyword.findWebElement(WebUIAbstractKeyword.groovy:27)
	at com.kms.katalon.core.webui.keyword.builtin.ClickKeyword$_click_closure1.doCall(ClickKeyword.groovy:65)
	at com.kms.katalon.core.webui.keyword.builtin.ClickKeyword$_click_closure1.call(ClickKeyword.groovy)
	at com.kms.katalon.core.webui.keyword.internal.WebUIKeywordMain.runKeyword(WebUIKeywordMain.groovy:20)
	... 19 more


2022-01-15 09:04:59 - [TEST_STEP][PASSED] - openBrowser(""): Browser is opened with url: ''

2022-01-15 09:04:59 - [MESSAGE][INFO] - Starting 'Edge Chromium' driver

2022-01-15 09:05:00 - [MESSAGE][INFO] - Action delay is set to 0 milliseconds

2022-01-15 09:05:00 - [MESSAGE][PASSED] - Browser is opened with url: ''

2022-01-15 09:05:00 - [TEST_STEP][PASSED] - navigateToUrl("http://localhost/"): Navigate to 'http://localhost/' successfully

2022-01-15 09:05:02 - [MESSAGE][PASSED] - Navigate to 'http://localhost/' successfully

2022-01-15 09:05:02 - [TEST_STEP][PASSED] - click(findTestObject("Object Repository/Page_Home page/a_Log in")): Object: 'Object Repository/Page_Home page/a_Log in' is clicked on

2022-01-15 09:05:03 - [MESSAGE][PASSED] - Object: 'Object Repository/Page_Home page/a_Log in' is clicked on

2022-01-15 09:05:03 - [TEST_STEP][PASSED] - setText(findTestObject("Object Repository/Page_Home page Log in to the site/input_Username_username"), "student1"): Text 'student1' is set on object 'Object Repository/Page_Home page Log in to the site/input_Username_username'

2022-01-15 09:05:03 - [MESSAGE][PASSED] - Text 'student1' is set on object 'Object Repository/Page_Home page Log in to the site/input_Username_username'

2022-01-15 09:05:03 - [TEST_STEP][PASSED] - setEncryptedText(findTestObject("Page_Home page Log in to the site/input_Password_password (1)"), "OFhcon1PzObx3ErJAwGfGA=="): Text ****** has been set on object 'Object Repository/Page_Home page Log in to the site/input_Password_password (1)'

2022-01-15 09:05:04 - [MESSAGE][PASSED] - Text ****** has been set on object 'Object Repository/Page_Home page Log in to the site/input_Password_password (1)'

2022-01-15 09:05:04 - [TEST_STEP][PASSED] - click(findTestObject("Object Repository/Page_Home page Log in to the site/button_Log in")): Object: 'Object Repository/Page_Home page Log in to the site/button_Log in' is clicked on

2022-01-15 09:05:06 - [MESSAGE][PASSED] - Object: 'Object Repository/Page_Home page Log in to the site/button_Log in' is clicked on

2022-01-15 09:05:06 - [TEST_STEP][PASSED] - click(findTestObject("Page_Group10 Administration Users Accounts _c9beb9/a_My courses")): Object: 'Object Repository/Page_Group10 Administration Users Accounts _c9beb9/a_My courses' is clicked on

2022-01-15 09:05:08 - [MESSAGE][PASSED] - Object: 'Object Repository/Page_Group10 Administration Users Accounts _c9beb9/a_My courses' is clicked on

2022-01-15 09:05:08 - [TEST_STEP][PASSED] - click(findTestObject("Object Repository/Page_My courses/span_Test Automation")): Object: 'Object Repository/Page_My courses/span_Test Automation' is clicked on

2022-01-15 09:05:10 - [MESSAGE][PASSED] - Object: 'Object Repository/Page_My courses/span_Test Automation' is clicked on

2022-01-15 09:05:10 - [TEST_STEP][PASSED] - click(findTestObject("Object Repository/Page_Course Test Automation/a_Homework 1  Assignment")): Object: 'Object Repository/Page_Course Test Automation/a_Homework 1  Assignment' is clicked on

2022-01-15 09:05:12 - [MESSAGE][PASSED] - Object: 'Object Repository/Page_Course Test Automation/a_Homework 1  Assignment' is clicked on

2022-01-15 09:05:12 - [TEST_STEP][FAILED] - click(findTestObject("Object Repository/Page_TA Homework 1/button_Edit submission")): Unable to click on object 'Object Repository/Page_TA Homework 1/button_Edit submission' (Root cause: com.kms.katalon.core.exception.StepFailedException: Unable to click on object 'Object Repository/Page_TA Homework 1/button_Edit submission'
	at com.kms.katalon.core.webui.keyword.internal.WebUIKeywordMain.stepFailed(WebUIKeywordMain.groovy:64)
	at com.kms.katalon.core.webui.keyword.internal.WebUIKeywordMain.runKeyword(WebUIKeywordMain.groovy:26)
	at com.kms.katalon.core.webui.keyword.builtin.ClickKeyword.click(ClickKeyword.groovy:74)
	at com.kms.katalon.core.webui.keyword.builtin.ClickKeyword.execute(ClickKeyword.groovy:40)
	at com.kms.katalon.core.keyword.internal.KeywordExecutor.executeKeywordForPlatform(KeywordExecutor.groovy:74)
	at com.kms.katalon.core.webui.keyword.WebUiBuiltInKeywords.click(WebUiBuiltInKeywords.groovy:620)
	at com.kms.katalon.core.webui.keyword.WebUiBuiltInKeywords$click$1.call(Unknown Source)
	at Submit exercise on time - Student.run(Submit exercise on time - Student:38)
	at com.kms.katalon.core.main.ScriptEngine.run(ScriptEngine.java:194)
	at com.kms.katalon.core.main.ScriptEngine.runScriptAsRawText(ScriptEngine.java:119)
	at com.kms.katalon.core.main.TestCaseExecutor.runScript(TestCaseExecutor.java:442)
	at com.kms.katalon.core.main.TestCaseExecutor.doExecute(TestCaseExecutor.java:433)
	at com.kms.katalon.core.main.TestCaseExecutor.processExecutionPhase(TestCaseExecutor.java:412)
	at com.kms.katalon.core.main.TestCaseExecutor.accessMainPhase(TestCaseExecutor.java:404)
	at com.kms.katalon.core.main.TestCaseExecutor.execute(TestCaseExecutor.java:281)
	at com.kms.katalon.core.main.TestSuiteExecutor.accessTestCaseMainPhase(TestSuiteExecutor.java:202)
	at com.kms.katalon.core.main.TestSuiteExecutor.accessTestSuiteMainPhase(TestSuiteExecutor.java:164)
	at com.kms.katalon.core.main.TestSuiteExecutor.execute(TestSuiteExecutor.java:105)
	at com.kms.katalon.core.main.TestCaseMain.startTestSuite(TestCaseMain.java:181)
	at com.kms.katalon.core.main.TestCaseMain$startTestSuite$0.call(Unknown Source)
	at TempTestSuite1642210927934.run(TempTestSuite1642210927934.groovy:36)
Caused by: com.kms.katalon.core.webui.exception.WebElementNotFoundException: Web element with id: 'Object Repository/Page_TA Homework 1/button_Edit submission' located by '//section[@id='region-main']/div[2]/div/div/div/div/form/button' not found
	at com.kms.katalon.core.webui.common.WebUiCommonHelper.findWebElement(WebUiCommonHelper.java:1368)
	at com.kms.katalon.core.webui.keyword.internal.WebUIAbstractKeyword.findWebElement(WebUIAbstractKeyword.groovy:27)
	at com.kms.katalon.core.webui.keyword.builtin.ClickKeyword$_click_closure1.doCall(ClickKeyword.groovy:65)
	at com.kms.katalon.core.webui.keyword.builtin.ClickKeyword$_click_closure1.call(ClickKeyword.groovy)
	at com.kms.katalon.core.webui.keyword.internal.WebUIKeywordMain.runKeyword(WebUIKeywordMain.groovy:20)
	at com.kms.katalon.core.webui.keyword.builtin.ClickKeyword.click(ClickKeyword.groovy:74)
	at com.kms.katalon.core.webui.keyword.builtin.ClickKeyword.execute(ClickKeyword.groovy:40)
	at com.kms.katalon.core.keyword.internal.KeywordExecutor.executeKeywordForPlatform(KeywordExecutor.groovy:74)
	at com.kms.katalon.core.webui.keyword.WebUiBuiltInKeywords.click(WebUiBuiltInKeywords.groovy:620)
	at com.kms.katalon.core.webui.keyword.WebUiBuiltInKeywords$click$1.call(Unknown Source)
	at Script1641996390438.run(Script1641996390438.groovy:38)
	... 13 more
)

2022-01-15 09:05:43 - [MESSAGE][INFO] - Unable to find the element located by 'By.xpath: //section[@id='region-main']/div[2]/div/div/div/div/form/button'. Please recheck the objects properties to make sure the desired element is located. 

2022-01-15 09:05:43 - [MESSAGE][FAILED] - Unable to click on object 'Object Repository/Page_TA Homework 1/button_Edit submission' (Root cause: com.kms.katalon.core.exception.StepFailedException: Unable to click on object 'Object Repository/Page_TA Homework 1/button_Edit submission'
	at com.kms.katalon.core.webui.keyword.internal.WebUIKeywordMain.stepFailed(WebUIKeywordMain.groovy:64)
	at com.kms.katalon.core.webui.keyword.internal.WebUIKeywordMain.runKeyword(WebUIKeywordMain.groovy:26)
	at com.kms.katalon.core.webui.keyword.builtin.ClickKeyword.click(ClickKeyword.groovy:74)
	at com.kms.katalon.core.webui.keyword.builtin.ClickKeyword.execute(ClickKeyword.groovy:40)
	at com.kms.katalon.core.keyword.internal.KeywordExecutor.executeKeywordForPlatform(KeywordExecutor.groovy:74)
	at com.kms.katalon.core.webui.keyword.WebUiBuiltInKeywords.click(WebUiBuiltInKeywords.groovy:620)
	at com.kms.katalon.core.webui.keyword.WebUiBuiltInKeywords$click$1.call(Unknown Source)
	at Submit exercise on time - Student.run(Submit exercise on time - Student:38)
	at com.kms.katalon.core.main.ScriptEngine.run(ScriptEngine.java:194)
	at com.kms.katalon.core.main.ScriptEngine.runScriptAsRawText(ScriptEngine.java:119)
	at com.kms.katalon.core.main.TestCaseExecutor.runScript(TestCaseExecutor.java:442)
	at com.kms.katalon.core.main.TestCaseExecutor.doExecute(TestCaseExecutor.java:433)
	at com.kms.katalon.core.main.TestCaseExecutor.processExecutionPhase(TestCaseExecutor.java:412)
	at com.kms.katalon.core.main.TestCaseExecutor.accessMainPhase(TestCaseExecutor.java:404)
	at com.kms.katalon.core.main.TestCaseExecutor.execute(TestCaseExecutor.java:281)
	at com.kms.katalon.core.main.TestSuiteExecutor.accessTestCaseMainPhase(TestSuiteExecutor.java:202)
	at com.kms.katalon.core.main.TestSuiteExecutor.accessTestSuiteMainPhase(TestSuiteExecutor.java:164)
	at com.kms.katalon.core.main.TestSuiteExecutor.execute(TestSuiteExecutor.java:105)
	at com.kms.katalon.core.main.TestCaseMain.startTestSuite(TestCaseMain.java:181)
	at com.kms.katalon.core.main.TestCaseMain$startTestSuite$0.call(Unknown Source)
	at TempTestSuite1642210927934.run(TempTestSuite1642210927934.groovy:36)
Caused by: com.kms.katalon.core.webui.exception.WebElementNotFoundException: Web element with id: 'Object Repository/Page_TA Homework 1/button_Edit submission' located by '//section[@id='region-main']/div[2]/div/div/div/div/form/button' not found
	at com.kms.katalon.core.webui.common.WebUiCommonHelper.findWebElement(WebUiCommonHelper.java:1368)
	at com.kms.katalon.core.webui.keyword.internal.WebUIAbstractKeyword.findWebElement(WebUIAbstractKeyword.groovy:27)
	at com.kms.katalon.core.webui.keyword.builtin.ClickKeyword$_click_closure1.doCall(ClickKeyword.groovy:65)
	at com.kms.katalon.core.webui.keyword.builtin.ClickKeyword$_click_closure1.call(ClickKeyword.groovy)
	at com.kms.katalon.core.webui.keyword.internal.WebUIKeywordMain.runKeyword(WebUIKeywordMain.groovy:20)
	at com.kms.katalon.core.webui.keyword.builtin.ClickKeyword.click(ClickKeyword.groovy:74)
	at com.kms.katalon.core.webui.keyword.builtin.ClickKeyword.execute(ClickKeyword.groovy:40)
	at com.kms.katalon.core.keyword.internal.KeywordExecutor.executeKeywordForPlatform(KeywordExecutor.groovy:74)
	at com.kms.katalon.core.webui.keyword.WebUiBuiltInKeywords.click(WebUiBuiltInKeywords.groovy:620)
	at com.kms.katalon.core.webui.keyword.WebUiBuiltInKeywords$click$1.call(Unknown Source)
	at Script1641996390438.run(Script1641996390438.groovy:38)
	... 13 more
)
[[ATTACHMENT|D:\\TestAutomation-SEBonus-Group10\\Test Automation - SE Bonus\\Reports\\20220115_084207\\Run all test cases\\20220115_084207\\1642212343704.png]]]]></system-out>
         <system-err><![CDATA[2022-01-15 09:04:59 - [TEST_CASE][FAILED] - Test Cases/Submit exercise on time - Student: Test Cases/Submit exercise on time - Student FAILED.
Reason:
com.kms.katalon.core.exception.StepFailedException: Unable to click on object 'Object Repository/Page_TA Homework 1/button_Edit submission'
	at com.kms.katalon.core.webui.keyword.internal.WebUIKeywordMain.stepFailed(WebUIKeywordMain.groovy:64)
	at com.kms.katalon.core.webui.keyword.internal.WebUIKeywordMain.runKeyword(WebUIKeywordMain.groovy:26)
	at com.kms.katalon.core.webui.keyword.builtin.ClickKeyword.click(ClickKeyword.groovy:74)
	at com.kms.katalon.core.webui.keyword.builtin.ClickKeyword.execute(ClickKeyword.groovy:40)
	at com.kms.katalon.core.keyword.internal.KeywordExecutor.executeKeywordForPlatform(KeywordExecutor.groovy:74)
	at com.kms.katalon.core.webui.keyword.WebUiBuiltInKeywords.click(WebUiBuiltInKeywords.groovy:620)
	at com.kms.katalon.core.webui.keyword.WebUiBuiltInKeywords$click$1.call(Unknown Source)
	at Submit exercise on time - Student.run(Submit exercise on time - Student:38)
	at com.kms.katalon.core.main.ScriptEngine.run(ScriptEngine.java:194)
	at com.kms.katalon.core.main.ScriptEngine.runScriptAsRawText(ScriptEngine.java:119)
	at com.kms.katalon.core.main.TestCaseExecutor.runScript(TestCaseExecutor.java:442)
	at com.kms.katalon.core.main.TestCaseExecutor.doExecute(TestCaseExecutor.java:433)
	at com.kms.katalon.core.main.TestCaseExecutor.processExecutionPhase(TestCaseExecutor.java:412)
	at com.kms.katalon.core.main.TestCaseExecutor.accessMainPhase(TestCaseExecutor.java:404)
	at com.kms.katalon.core.main.TestCaseExecutor.execute(TestCaseExecutor.java:281)
	at com.kms.katalon.core.main.TestSuiteExecutor.accessTestCaseMainPhase(TestSuiteExecutor.java:202)
	at com.kms.katalon.core.main.TestSuiteExecutor.accessTestSuiteMainPhase(TestSuiteExecutor.java:164)
	at com.kms.katalon.core.main.TestSuiteExecutor.execute(TestSuiteExecutor.java:105)
	at com.kms.katalon.core.main.TestCaseMain.startTestSuite(TestCaseMain.java:181)
	at com.kms.katalon.core.main.TestCaseMain$startTestSuite$0.call(Unknown Source)
	at TempTestSuite1642210927934.run(TempTestSuite1642210927934.groovy:36)
Caused by: com.kms.katalon.core.webui.exception.WebElementNotFoundException: Web element with id: 'Object Repository/Page_TA Homework 1/button_Edit submission' located by '//section[@id='region-main']/div[2]/div/div/div/div/form/button' not found
	at com.kms.katalon.core.webui.common.WebUiCommonHelper.findWebElement(WebUiCommonHelper.java:1368)
	at com.kms.katalon.core.webui.keyword.internal.WebUIAbstractKeyword.findWebElement(WebUIAbstractKeyword.groovy:27)
	at com.kms.katalon.core.webui.keyword.builtin.ClickKeyword$_click_closure1.doCall(ClickKeyword.groovy:65)
	at com.kms.katalon.core.webui.keyword.builtin.ClickKeyword$_click_closure1.call(ClickKeyword.groovy)
	at com.kms.katalon.core.webui.keyword.internal.WebUIKeywordMain.runKeyword(WebUIKeywordMain.groovy:20)
	... 19 more]]></system-err>
      </testcase>
      <testcase name="Test Cases/Submit with over limit words - Student" time="46.309" classname="Test Cases/Submit with over limit words - Student" status="FAILED">
         <failure type="FAILED" message="Test Cases/Submit with over limit words - Student FAILED.
Reason:
com.kms.katalon.core.exception.StepFailedException: Unable to click on object 'Object Repository/Page_TA Homework 1/button_Edit submission new'
	at com.kms.katalon.core.webui.keyword.internal.WebUIKeywordMain.stepFailed(WebUIKeywordMain.groovy:64)
	at com.kms.katalon.core.webui.keyword.internal.WebUIKeywordMain.runKeyword(WebUIKeywordMain.groovy:26)
	at com.kms.katalon.core.webui.keyword.builtin.ClickKeyword.click(ClickKeyword.groovy:74)
	at com.kms.katalon.core.webui.keyword.builtin.ClickKeyword.execute(ClickKeyword.groovy:40)
	at com.kms.katalon.core.keyword.internal.KeywordExecutor.executeKeywordForPlatform(KeywordExecutor.groovy:74)
	at com.kms.katalon.core.webui.keyword.WebUiBuiltInKeywords.click(WebUiBuiltInKeywords.groovy:620)
	at com.kms.katalon.core.webui.keyword.WebUiBuiltInKeywords$click$1.call(Unknown Source)
	at Submit with over limit words - Student.run(Submit with over limit words - Student:38)
	at com.kms.katalon.core.main.ScriptEngine.run(ScriptEngine.java:194)
	at com.kms.katalon.core.main.ScriptEngine.runScriptAsRawText(ScriptEngine.java:119)
	at com.kms.katalon.core.main.TestCaseExecutor.runScript(TestCaseExecutor.java:442)
	at com.kms.katalon.core.main.TestCaseExecutor.doExecute(TestCaseExecutor.java:433)
	at com.kms.katalon.core.main.TestCaseExecutor.processExecutionPhase(TestCaseExecutor.java:412)
	at com.kms.katalon.core.main.TestCaseExecutor.accessMainPhase(TestCaseExecutor.java:404)
	at com.kms.katalon.core.main.TestCaseExecutor.execute(TestCaseExecutor.java:281)
	at com.kms.katalon.core.main.TestSuiteExecutor.accessTestCaseMainPhase(TestSuiteExecutor.java:202)
	at com.kms.katalon.core.main.TestSuiteExecutor.accessTestSuiteMainPhase(TestSuiteExecutor.java:164)
	at com.kms.katalon.core.main.TestSuiteExecutor.execute(TestSuiteExecutor.java:105)
	at com.kms.katalon.core.main.TestCaseMain.startTestSuite(TestCaseMain.java:181)
	at com.kms.katalon.core.main.TestCaseMain$startTestSuite$0.call(Unknown Source)
	at TempTestSuite1642210927934.run(TempTestSuite1642210927934.groovy:36)
Caused by: com.kms.katalon.core.webui.exception.WebElementNotFoundException: Web element with id: 'Object Repository/Page_TA Homework 1/button_Edit submission new' located by '//section[@id='region-main']/div[2]/div/div/div/div/form/button' not found
	at com.kms.katalon.core.webui.common.WebUiCommonHelper.findWebElement(WebUiCommonHelper.java:1368)
	at com.kms.katalon.core.webui.keyword.internal.WebUIAbstractKeyword.findWebElement(WebUIAbstractKeyword.groovy:27)
	at com.kms.katalon.core.webui.keyword.builtin.ClickKeyword$_click_closure1.doCall(ClickKeyword.groovy:65)
	at com.kms.katalon.core.webui.keyword.builtin.ClickKeyword$_click_closure1.call(ClickKeyword.groovy)
	at com.kms.katalon.core.webui.keyword.internal.WebUIKeywordMain.runKeyword(WebUIKeywordMain.groovy:20)
	... 19 more
"/>
         <system-out><![CDATA[2022-01-15 09:05:43 - [TEST_CASE][FAILED] - Test Cases/Submit with over limit words - Student: Test Cases/Submit with over limit words - Student FAILED.
Reason:
com.kms.katalon.core.exception.StepFailedException: Unable to click on object 'Object Repository/Page_TA Homework 1/button_Edit submission new'
	at com.kms.katalon.core.webui.keyword.internal.WebUIKeywordMain.stepFailed(WebUIKeywordMain.groovy:64)
	at com.kms.katalon.core.webui.keyword.internal.WebUIKeywordMain.runKeyword(WebUIKeywordMain.groovy:26)
	at com.kms.katalon.core.webui.keyword.builtin.ClickKeyword.click(ClickKeyword.groovy:74)
	at com.kms.katalon.core.webui.keyword.builtin.ClickKeyword.execute(ClickKeyword.groovy:40)
	at com.kms.katalon.core.keyword.internal.KeywordExecutor.executeKeywordForPlatform(KeywordExecutor.groovy:74)
	at com.kms.katalon.core.webui.keyword.WebUiBuiltInKeywords.click(WebUiBuiltInKeywords.groovy:620)
	at com.kms.katalon.core.webui.keyword.WebUiBuiltInKeywords$click$1.call(Unknown Source)
	at Submit with over limit words - Student.run(Submit with over limit words - Student:38)
	at com.kms.katalon.core.main.ScriptEngine.run(ScriptEngine.java:194)
	at com.kms.katalon.core.main.ScriptEngine.runScriptAsRawText(ScriptEngine.java:119)
	at com.kms.katalon.core.main.TestCaseExecutor.runScript(TestCaseExecutor.java:442)
	at com.kms.katalon.core.main.TestCaseExecutor.doExecute(TestCaseExecutor.java:433)
	at com.kms.katalon.core.main.TestCaseExecutor.processExecutionPhase(TestCaseExecutor.java:412)
	at com.kms.katalon.core.main.TestCaseExecutor.accessMainPhase(TestCaseExecutor.java:404)
	at com.kms.katalon.core.main.TestCaseExecutor.execute(TestCaseExecutor.java:281)
	at com.kms.katalon.core.main.TestSuiteExecutor.accessTestCaseMainPhase(TestSuiteExecutor.java:202)
	at com.kms.katalon.core.main.TestSuiteExecutor.accessTestSuiteMainPhase(TestSuiteExecutor.java:164)
	at com.kms.katalon.core.main.TestSuiteExecutor.execute(TestSuiteExecutor.java:105)
	at com.kms.katalon.core.main.TestCaseMain.startTestSuite(TestCaseMain.java:181)
	at com.kms.katalon.core.main.TestCaseMain$startTestSuite$0.call(Unknown Source)
	at TempTestSuite1642210927934.run(TempTestSuite1642210927934.groovy:36)
Caused by: com.kms.katalon.core.webui.exception.WebElementNotFoundException: Web element with id: 'Object Repository/Page_TA Homework 1/button_Edit submission new' located by '//section[@id='region-main']/div[2]/div/div/div/div/form/button' not found
	at com.kms.katalon.core.webui.common.WebUiCommonHelper.findWebElement(WebUiCommonHelper.java:1368)
	at com.kms.katalon.core.webui.keyword.internal.WebUIAbstractKeyword.findWebElement(WebUIAbstractKeyword.groovy:27)
	at com.kms.katalon.core.webui.keyword.builtin.ClickKeyword$_click_closure1.doCall(ClickKeyword.groovy:65)
	at com.kms.katalon.core.webui.keyword.builtin.ClickKeyword$_click_closure1.call(ClickKeyword.groovy)
	at com.kms.katalon.core.webui.keyword.internal.WebUIKeywordMain.runKeyword(WebUIKeywordMain.groovy:20)
	... 19 more


2022-01-15 09:05:44 - [TEST_STEP][PASSED] - openBrowser(""): Browser is opened with url: ''

2022-01-15 09:05:44 - [MESSAGE][WARNING] - A browser is already opened. Closing browser and opening a new one

2022-01-15 09:05:45 - [MESSAGE][INFO] - Starting 'Edge Chromium' driver

2022-01-15 09:05:45 - [MESSAGE][INFO] - Action delay is set to 0 milliseconds

2022-01-15 09:05:46 - [MESSAGE][PASSED] - Browser is opened with url: ''

2022-01-15 09:05:46 - [TEST_STEP][PASSED] - navigateToUrl("http://localhost/"): Navigate to 'http://localhost/' successfully

2022-01-15 09:05:47 - [MESSAGE][PASSED] - Navigate to 'http://localhost/' successfully

2022-01-15 09:05:47 - [TEST_STEP][PASSED] - click(findTestObject("Page_Home page/a_Log in")): Object: 'Object Repository/Page_Home page/a_Log in' is clicked on

2022-01-15 09:05:48 - [MESSAGE][PASSED] - Object: 'Object Repository/Page_Home page/a_Log in' is clicked on

2022-01-15 09:05:48 - [TEST_STEP][PASSED] - setText(findTestObject("Page_Home page Log in to the site/input_Username_username"), "student1"): Text 'student1' is set on object 'Object Repository/Page_Home page Log in to the site/input_Username_username'

2022-01-15 09:05:49 - [MESSAGE][PASSED] - Text 'student1' is set on object 'Object Repository/Page_Home page Log in to the site/input_Username_username'

2022-01-15 09:05:49 - [TEST_STEP][PASSED] - setEncryptedText(findTestObject("Page_Home page Log in to the site/input_Password_password (1)"), "OFhcon1PzObx3ErJAwGfGA=="): Text ****** has been set on object 'Object Repository/Page_Home page Log in to the site/input_Password_password (1)'

2022-01-15 09:05:50 - [MESSAGE][PASSED] - Text ****** has been set on object 'Object Repository/Page_Home page Log in to the site/input_Password_password (1)'

2022-01-15 09:05:50 - [TEST_STEP][PASSED] - click(findTestObject("Page_Home page Log in to the site/button_Log in")): Object: 'Object Repository/Page_Home page Log in to the site/button_Log in' is clicked on

2022-01-15 09:05:52 - [MESSAGE][PASSED] - Object: 'Object Repository/Page_Home page Log in to the site/button_Log in' is clicked on

2022-01-15 09:05:52 - [TEST_STEP][PASSED] - click(findTestObject("Page_Dashboard/a_My courses (1)")): Object: 'Object Repository/Page_Dashboard/a_My courses (1)' is clicked on

2022-01-15 09:05:54 - [MESSAGE][PASSED] - Object: 'Object Repository/Page_Dashboard/a_My courses (1)' is clicked on

2022-01-15 09:05:54 - [TEST_STEP][PASSED] - click(findTestObject("Page_My courses/span_Test Automation")): Object: 'Object Repository/Page_My courses/span_Test Automation' is clicked on

2022-01-15 09:05:56 - [MESSAGE][PASSED] - Object: 'Object Repository/Page_My courses/span_Test Automation' is clicked on

2022-01-15 09:05:56 - [TEST_STEP][PASSED] - click(findTestObject("Page_Course Test Automation/a_Homework 1  Assignment")): Object: 'Object Repository/Page_Course Test Automation/a_Homework 1  Assignment' is clicked on

2022-01-15 09:05:58 - [MESSAGE][PASSED] - Object: 'Object Repository/Page_Course Test Automation/a_Homework 1  Assignment' is clicked on

2022-01-15 09:05:58 - [TEST_STEP][FAILED] - click(findTestObject("Page_TA Homework 1/button_Edit submission new")): Unable to click on object 'Object Repository/Page_TA Homework 1/button_Edit submission new' (Root cause: com.kms.katalon.core.exception.StepFailedException: Unable to click on object 'Object Repository/Page_TA Homework 1/button_Edit submission new'
	at com.kms.katalon.core.webui.keyword.internal.WebUIKeywordMain.stepFailed(WebUIKeywordMain.groovy:64)
	at com.kms.katalon.core.webui.keyword.internal.WebUIKeywordMain.runKeyword(WebUIKeywordMain.groovy:26)
	at com.kms.katalon.core.webui.keyword.builtin.ClickKeyword.click(ClickKeyword.groovy:74)
	at com.kms.katalon.core.webui.keyword.builtin.ClickKeyword.execute(ClickKeyword.groovy:40)
	at com.kms.katalon.core.keyword.internal.KeywordExecutor.executeKeywordForPlatform(KeywordExecutor.groovy:74)
	at com.kms.katalon.core.webui.keyword.WebUiBuiltInKeywords.click(WebUiBuiltInKeywords.groovy:620)
	at com.kms.katalon.core.webui.keyword.WebUiBuiltInKeywords$click$1.call(Unknown Source)
	at Submit with over limit words - Student.run(Submit with over limit words - Student:38)
	at com.kms.katalon.core.main.ScriptEngine.run(ScriptEngine.java:194)
	at com.kms.katalon.core.main.ScriptEngine.runScriptAsRawText(ScriptEngine.java:119)
	at com.kms.katalon.core.main.TestCaseExecutor.runScript(TestCaseExecutor.java:442)
	at com.kms.katalon.core.main.TestCaseExecutor.doExecute(TestCaseExecutor.java:433)
	at com.kms.katalon.core.main.TestCaseExecutor.processExecutionPhase(TestCaseExecutor.java:412)
	at com.kms.katalon.core.main.TestCaseExecutor.accessMainPhase(TestCaseExecutor.java:404)
	at com.kms.katalon.core.main.TestCaseExecutor.execute(TestCaseExecutor.java:281)
	at com.kms.katalon.core.main.TestSuiteExecutor.accessTestCaseMainPhase(TestSuiteExecutor.java:202)
	at com.kms.katalon.core.main.TestSuiteExecutor.accessTestSuiteMainPhase(TestSuiteExecutor.java:164)
	at com.kms.katalon.core.main.TestSuiteExecutor.execute(TestSuiteExecutor.java:105)
	at com.kms.katalon.core.main.TestCaseMain.startTestSuite(TestCaseMain.java:181)
	at com.kms.katalon.core.main.TestCaseMain$startTestSuite$0.call(Unknown Source)
	at TempTestSuite1642210927934.run(TempTestSuite1642210927934.groovy:36)
Caused by: com.kms.katalon.core.webui.exception.WebElementNotFoundException: Web element with id: 'Object Repository/Page_TA Homework 1/button_Edit submission new' located by '//section[@id='region-main']/div[2]/div/div/div/div/form/button' not found
	at com.kms.katalon.core.webui.common.WebUiCommonHelper.findWebElement(WebUiCommonHelper.java:1368)
	at com.kms.katalon.core.webui.keyword.internal.WebUIAbstractKeyword.findWebElement(WebUIAbstractKeyword.groovy:27)
	at com.kms.katalon.core.webui.keyword.builtin.ClickKeyword$_click_closure1.doCall(ClickKeyword.groovy:65)
	at com.kms.katalon.core.webui.keyword.builtin.ClickKeyword$_click_closure1.call(ClickKeyword.groovy)
	at com.kms.katalon.core.webui.keyword.internal.WebUIKeywordMain.runKeyword(WebUIKeywordMain.groovy:20)
	at com.kms.katalon.core.webui.keyword.builtin.ClickKeyword.click(ClickKeyword.groovy:74)
	at com.kms.katalon.core.webui.keyword.builtin.ClickKeyword.execute(ClickKeyword.groovy:40)
	at com.kms.katalon.core.keyword.internal.KeywordExecutor.executeKeywordForPlatform(KeywordExecutor.groovy:74)
	at com.kms.katalon.core.webui.keyword.WebUiBuiltInKeywords.click(WebUiBuiltInKeywords.groovy:620)
	at com.kms.katalon.core.webui.keyword.WebUiBuiltInKeywords$click$1.call(Unknown Source)
	at Script1641984239081.run(Script1641984239081.groovy:38)
	... 13 more
)

2022-01-15 09:06:30 - [MESSAGE][INFO] - Unable to find the element located by 'By.xpath: //section[@id='region-main']/div[2]/div/div/div/div/form/button'. Please recheck the objects properties to make sure the desired element is located. 

2022-01-15 09:06:30 - [MESSAGE][FAILED] - Unable to click on object 'Object Repository/Page_TA Homework 1/button_Edit submission new' (Root cause: com.kms.katalon.core.exception.StepFailedException: Unable to click on object 'Object Repository/Page_TA Homework 1/button_Edit submission new'
	at com.kms.katalon.core.webui.keyword.internal.WebUIKeywordMain.stepFailed(WebUIKeywordMain.groovy:64)
	at com.kms.katalon.core.webui.keyword.internal.WebUIKeywordMain.runKeyword(WebUIKeywordMain.groovy:26)
	at com.kms.katalon.core.webui.keyword.builtin.ClickKeyword.click(ClickKeyword.groovy:74)
	at com.kms.katalon.core.webui.keyword.builtin.ClickKeyword.execute(ClickKeyword.groovy:40)
	at com.kms.katalon.core.keyword.internal.KeywordExecutor.executeKeywordForPlatform(KeywordExecutor.groovy:74)
	at com.kms.katalon.core.webui.keyword.WebUiBuiltInKeywords.click(WebUiBuiltInKeywords.groovy:620)
	at com.kms.katalon.core.webui.keyword.WebUiBuiltInKeywords$click$1.call(Unknown Source)
	at Submit with over limit words - Student.run(Submit with over limit words - Student:38)
	at com.kms.katalon.core.main.ScriptEngine.run(ScriptEngine.java:194)
	at com.kms.katalon.core.main.ScriptEngine.runScriptAsRawText(ScriptEngine.java:119)
	at com.kms.katalon.core.main.TestCaseExecutor.runScript(TestCaseExecutor.java:442)
	at com.kms.katalon.core.main.TestCaseExecutor.doExecute(TestCaseExecutor.java:433)
	at com.kms.katalon.core.main.TestCaseExecutor.processExecutionPhase(TestCaseExecutor.java:412)
	at com.kms.katalon.core.main.TestCaseExecutor.accessMainPhase(TestCaseExecutor.java:404)
	at com.kms.katalon.core.main.TestCaseExecutor.execute(TestCaseExecutor.java:281)
	at com.kms.katalon.core.main.TestSuiteExecutor.accessTestCaseMainPhase(TestSuiteExecutor.java:202)
	at com.kms.katalon.core.main.TestSuiteExecutor.accessTestSuiteMainPhase(TestSuiteExecutor.java:164)
	at com.kms.katalon.core.main.TestSuiteExecutor.execute(TestSuiteExecutor.java:105)
	at com.kms.katalon.core.main.TestCaseMain.startTestSuite(TestCaseMain.java:181)
	at com.kms.katalon.core.main.TestCaseMain$startTestSuite$0.call(Unknown Source)
	at TempTestSuite1642210927934.run(TempTestSuite1642210927934.groovy:36)
Caused by: com.kms.katalon.core.webui.exception.WebElementNotFoundException: Web element with id: 'Object Repository/Page_TA Homework 1/button_Edit submission new' located by '//section[@id='region-main']/div[2]/div/div/div/div/form/button' not found
	at com.kms.katalon.core.webui.common.WebUiCommonHelper.findWebElement(WebUiCommonHelper.java:1368)
	at com.kms.katalon.core.webui.keyword.internal.WebUIAbstractKeyword.findWebElement(WebUIAbstractKeyword.groovy:27)
	at com.kms.katalon.core.webui.keyword.builtin.ClickKeyword$_click_closure1.doCall(ClickKeyword.groovy:65)
	at com.kms.katalon.core.webui.keyword.builtin.ClickKeyword$_click_closure1.call(ClickKeyword.groovy)
	at com.kms.katalon.core.webui.keyword.internal.WebUIKeywordMain.runKeyword(WebUIKeywordMain.groovy:20)
	at com.kms.katalon.core.webui.keyword.builtin.ClickKeyword.click(ClickKeyword.groovy:74)
	at com.kms.katalon.core.webui.keyword.builtin.ClickKeyword.execute(ClickKeyword.groovy:40)
	at com.kms.katalon.core.keyword.internal.KeywordExecutor.executeKeywordForPlatform(KeywordExecutor.groovy:74)
	at com.kms.katalon.core.webui.keyword.WebUiBuiltInKeywords.click(WebUiBuiltInKeywords.groovy:620)
	at com.kms.katalon.core.webui.keyword.WebUiBuiltInKeywords$click$1.call(Unknown Source)
	at Script1641984239081.run(Script1641984239081.groovy:38)
	... 13 more
)
[[ATTACHMENT|D:\\TestAutomation-SEBonus-Group10\\Test Automation - SE Bonus\\Reports\\20220115_084207\\Run all test cases\\20220115_084207\\1642212390012.png]]]]></system-out>
         <system-err><![CDATA[2022-01-15 09:05:43 - [TEST_CASE][FAILED] - Test Cases/Submit with over limit words - Student: Test Cases/Submit with over limit words - Student FAILED.
Reason:
com.kms.katalon.core.exception.StepFailedException: Unable to click on object 'Object Repository/Page_TA Homework 1/button_Edit submission new'
	at com.kms.katalon.core.webui.keyword.internal.WebUIKeywordMain.stepFailed(WebUIKeywordMain.groovy:64)
	at com.kms.katalon.core.webui.keyword.internal.WebUIKeywordMain.runKeyword(WebUIKeywordMain.groovy:26)
	at com.kms.katalon.core.webui.keyword.builtin.ClickKeyword.click(ClickKeyword.groovy:74)
	at com.kms.katalon.core.webui.keyword.builtin.ClickKeyword.execute(ClickKeyword.groovy:40)
	at com.kms.katalon.core.keyword.internal.KeywordExecutor.executeKeywordForPlatform(KeywordExecutor.groovy:74)
	at com.kms.katalon.core.webui.keyword.WebUiBuiltInKeywords.click(WebUiBuiltInKeywords.groovy:620)
	at com.kms.katalon.core.webui.keyword.WebUiBuiltInKeywords$click$1.call(Unknown Source)
	at Submit with over limit words - Student.run(Submit with over limit words - Student:38)
	at com.kms.katalon.core.main.ScriptEngine.run(ScriptEngine.java:194)
	at com.kms.katalon.core.main.ScriptEngine.runScriptAsRawText(ScriptEngine.java:119)
	at com.kms.katalon.core.main.TestCaseExecutor.runScript(TestCaseExecutor.java:442)
	at com.kms.katalon.core.main.TestCaseExecutor.doExecute(TestCaseExecutor.java:433)
	at com.kms.katalon.core.main.TestCaseExecutor.processExecutionPhase(TestCaseExecutor.java:412)
	at com.kms.katalon.core.main.TestCaseExecutor.accessMainPhase(TestCaseExecutor.java:404)
	at com.kms.katalon.core.main.TestCaseExecutor.execute(TestCaseExecutor.java:281)
	at com.kms.katalon.core.main.TestSuiteExecutor.accessTestCaseMainPhase(TestSuiteExecutor.java:202)
	at com.kms.katalon.core.main.TestSuiteExecutor.accessTestSuiteMainPhase(TestSuiteExecutor.java:164)
	at com.kms.katalon.core.main.TestSuiteExecutor.execute(TestSuiteExecutor.java:105)
	at com.kms.katalon.core.main.TestCaseMain.startTestSuite(TestCaseMain.java:181)
	at com.kms.katalon.core.main.TestCaseMain$startTestSuite$0.call(Unknown Source)
	at TempTestSuite1642210927934.run(TempTestSuite1642210927934.groovy:36)
Caused by: com.kms.katalon.core.webui.exception.WebElementNotFoundException: Web element with id: 'Object Repository/Page_TA Homework 1/button_Edit submission new' located by '//section[@id='region-main']/div[2]/div/div/div/div/form/button' not found
	at com.kms.katalon.core.webui.common.WebUiCommonHelper.findWebElement(WebUiCommonHelper.java:1368)
	at com.kms.katalon.core.webui.keyword.internal.WebUIAbstractKeyword.findWebElement(WebUIAbstractKeyword.groovy:27)
	at com.kms.katalon.core.webui.keyword.builtin.ClickKeyword$_click_closure1.doCall(ClickKeyword.groovy:65)
	at com.kms.katalon.core.webui.keyword.builtin.ClickKeyword$_click_closure1.call(ClickKeyword.groovy)
	at com.kms.katalon.core.webui.keyword.internal.WebUIKeywordMain.runKeyword(WebUIKeywordMain.groovy:20)
	... 19 more]]></system-err>
      </testcase>
      <testcase name="Test Cases/Submit exercise late - Student" time="45.179" classname="Test Cases/Submit exercise late - Student" status="FAILED">
         <failure type="FAILED" message="Test Cases/Submit exercise late - Student FAILED.
Reason:
com.kms.katalon.core.exception.StepFailedException: Unable to click on object 'Object Repository/Page_TA Homework 1/button_Add submission'
	at com.kms.katalon.core.webui.keyword.internal.WebUIKeywordMain.stepFailed(WebUIKeywordMain.groovy:64)
	at com.kms.katalon.core.webui.keyword.internal.WebUIKeywordMain.runKeyword(WebUIKeywordMain.groovy:26)
	at com.kms.katalon.core.webui.keyword.builtin.ClickKeyword.click(ClickKeyword.groovy:74)
	at com.kms.katalon.core.webui.keyword.builtin.ClickKeyword.execute(ClickKeyword.groovy:40)
	at com.kms.katalon.core.keyword.internal.KeywordExecutor.executeKeywordForPlatform(KeywordExecutor.groovy:74)
	at com.kms.katalon.core.webui.keyword.WebUiBuiltInKeywords.click(WebUiBuiltInKeywords.groovy:620)
	at com.kms.katalon.core.webui.keyword.WebUiBuiltInKeywords$click$1.call(Unknown Source)
	at Submit exercise late - Student.run(Submit exercise late - Student:38)
	at com.kms.katalon.core.main.ScriptEngine.run(ScriptEngine.java:194)
	at com.kms.katalon.core.main.ScriptEngine.runScriptAsRawText(ScriptEngine.java:119)
	at com.kms.katalon.core.main.TestCaseExecutor.runScript(TestCaseExecutor.java:442)
	at com.kms.katalon.core.main.TestCaseExecutor.doExecute(TestCaseExecutor.java:433)
	at com.kms.katalon.core.main.TestCaseExecutor.processExecutionPhase(TestCaseExecutor.java:412)
	at com.kms.katalon.core.main.TestCaseExecutor.accessMainPhase(TestCaseExecutor.java:404)
	at com.kms.katalon.core.main.TestCaseExecutor.execute(TestCaseExecutor.java:281)
	at com.kms.katalon.core.main.TestSuiteExecutor.accessTestCaseMainPhase(TestSuiteExecutor.java:202)
	at com.kms.katalon.core.main.TestSuiteExecutor.accessTestSuiteMainPhase(TestSuiteExecutor.java:164)
	at com.kms.katalon.core.main.TestSuiteExecutor.execute(TestSuiteExecutor.java:105)
	at com.kms.katalon.core.main.TestCaseMain.startTestSuite(TestCaseMain.java:181)
	at com.kms.katalon.core.main.TestCaseMain$startTestSuite$0.call(Unknown Source)
	at TempTestSuite1642210927934.run(TempTestSuite1642210927934.groovy:36)
Caused by: com.kms.katalon.core.webui.exception.WebElementNotFoundException: Web element with id: 'Object Repository/Page_TA Homework 1/button_Add submission' located by '//section[@id='region-main']/div[2]/div[2]/div[2]/div/form/button' not found
	at com.kms.katalon.core.webui.common.WebUiCommonHelper.findWebElement(WebUiCommonHelper.java:1368)
	at com.kms.katalon.core.webui.keyword.internal.WebUIAbstractKeyword.findWebElement(WebUIAbstractKeyword.groovy:27)
	at com.kms.katalon.core.webui.keyword.builtin.ClickKeyword$_click_closure1.doCall(ClickKeyword.groovy:65)
	at com.kms.katalon.core.webui.keyword.builtin.ClickKeyword$_click_closure1.call(ClickKeyword.groovy)
	at com.kms.katalon.core.webui.keyword.internal.WebUIKeywordMain.runKeyword(WebUIKeywordMain.groovy:20)
	... 19 more
"/>
         <system-out><![CDATA[2022-01-15 09:06:30 - [TEST_CASE][FAILED] - Test Cases/Submit exercise late - Student: Test Cases/Submit exercise late - Student FAILED.
Reason:
com.kms.katalon.core.exception.StepFailedException: Unable to click on object 'Object Repository/Page_TA Homework 1/button_Add submission'
	at com.kms.katalon.core.webui.keyword.internal.WebUIKeywordMain.stepFailed(WebUIKeywordMain.groovy:64)
	at com.kms.katalon.core.webui.keyword.internal.WebUIKeywordMain.runKeyword(WebUIKeywordMain.groovy:26)
	at com.kms.katalon.core.webui.keyword.builtin.ClickKeyword.click(ClickKeyword.groovy:74)
	at com.kms.katalon.core.webui.keyword.builtin.ClickKeyword.execute(ClickKeyword.groovy:40)
	at com.kms.katalon.core.keyword.internal.KeywordExecutor.executeKeywordForPlatform(KeywordExecutor.groovy:74)
	at com.kms.katalon.core.webui.keyword.WebUiBuiltInKeywords.click(WebUiBuiltInKeywords.groovy:620)
	at com.kms.katalon.core.webui.keyword.WebUiBuiltInKeywords$click$1.call(Unknown Source)
	at Submit exercise late - Student.run(Submit exercise late - Student:38)
	at com.kms.katalon.core.main.ScriptEngine.run(ScriptEngine.java:194)
	at com.kms.katalon.core.main.ScriptEngine.runScriptAsRawText(ScriptEngine.java:119)
	at com.kms.katalon.core.main.TestCaseExecutor.runScript(TestCaseExecutor.java:442)
	at com.kms.katalon.core.main.TestCaseExecutor.doExecute(TestCaseExecutor.java:433)
	at com.kms.katalon.core.main.TestCaseExecutor.processExecutionPhase(TestCaseExecutor.java:412)
	at com.kms.katalon.core.main.TestCaseExecutor.accessMainPhase(TestCaseExecutor.java:404)
	at com.kms.katalon.core.main.TestCaseExecutor.execute(TestCaseExecutor.java:281)
	at com.kms.katalon.core.main.TestSuiteExecutor.accessTestCaseMainPhase(TestSuiteExecutor.java:202)
	at com.kms.katalon.core.main.TestSuiteExecutor.accessTestSuiteMainPhase(TestSuiteExecutor.java:164)
	at com.kms.katalon.core.main.TestSuiteExecutor.execute(TestSuiteExecutor.java:105)
	at com.kms.katalon.core.main.TestCaseMain.startTestSuite(TestCaseMain.java:181)
	at com.kms.katalon.core.main.TestCaseMain$startTestSuite$0.call(Unknown Source)
	at TempTestSuite1642210927934.run(TempTestSuite1642210927934.groovy:36)
Caused by: com.kms.katalon.core.webui.exception.WebElementNotFoundException: Web element with id: 'Object Repository/Page_TA Homework 1/button_Add submission' located by '//section[@id='region-main']/div[2]/div[2]/div[2]/div/form/button' not found
	at com.kms.katalon.core.webui.common.WebUiCommonHelper.findWebElement(WebUiCommonHelper.java:1368)
	at com.kms.katalon.core.webui.keyword.internal.WebUIAbstractKeyword.findWebElement(WebUIAbstractKeyword.groovy:27)
	at com.kms.katalon.core.webui.keyword.builtin.ClickKeyword$_click_closure1.doCall(ClickKeyword.groovy:65)
	at com.kms.katalon.core.webui.keyword.builtin.ClickKeyword$_click_closure1.call(ClickKeyword.groovy)
	at com.kms.katalon.core.webui.keyword.internal.WebUIKeywordMain.runKeyword(WebUIKeywordMain.groovy:20)
	... 19 more


2022-01-15 09:06:30 - [TEST_STEP][PASSED] - openBrowser(""): Browser is opened with url: ''

2022-01-15 09:06:30 - [MESSAGE][WARNING] - A browser is already opened. Closing browser and opening a new one

2022-01-15 09:06:31 - [MESSAGE][INFO] - Starting 'Edge Chromium' driver

2022-01-15 09:06:31 - [MESSAGE][INFO] - Action delay is set to 0 milliseconds

2022-01-15 09:06:32 - [MESSAGE][PASSED] - Browser is opened with url: ''

2022-01-15 09:06:32 - [TEST_STEP][PASSED] - navigateToUrl("http://localhost/"): Navigate to 'http://localhost/' successfully

2022-01-15 09:06:34 - [MESSAGE][PASSED] - Navigate to 'http://localhost/' successfully

2022-01-15 09:06:34 - [TEST_STEP][PASSED] - click(findTestObject("Object Repository/Page_Home page/a_Log in")): Object: 'Object Repository/Page_Home page/a_Log in' is clicked on

2022-01-15 09:06:35 - [MESSAGE][PASSED] - Object: 'Object Repository/Page_Home page/a_Log in' is clicked on

2022-01-15 09:06:35 - [TEST_STEP][PASSED] - setText(findTestObject("Object Repository/Page_Home page Log in to the site/input_Username_username"), "student1"): Text 'student1' is set on object 'Object Repository/Page_Home page Log in to the site/input_Username_username'

2022-01-15 09:06:35 - [MESSAGE][PASSED] - Text 'student1' is set on object 'Object Repository/Page_Home page Log in to the site/input_Username_username'

2022-01-15 09:06:35 - [TEST_STEP][PASSED] - setEncryptedText(findTestObject("Page_Home page Log in to the site/input_Password_password (1)"), "OFhcon1PzObx3ErJAwGfGA=="): Text ****** has been set on object 'Object Repository/Page_Home page Log in to the site/input_Password_password (1)'

2022-01-15 09:06:36 - [MESSAGE][PASSED] - Text ****** has been set on object 'Object Repository/Page_Home page Log in to the site/input_Password_password (1)'

2022-01-15 09:06:36 - [TEST_STEP][PASSED] - click(findTestObject("Object Repository/Page_Home page Log in to the site/button_Log in")): Object: 'Object Repository/Page_Home page Log in to the site/button_Log in' is clicked on

2022-01-15 09:06:38 - [MESSAGE][PASSED] - Object: 'Object Repository/Page_Home page Log in to the site/button_Log in' is clicked on

2022-01-15 09:06:38 - [TEST_STEP][PASSED] - click(findTestObject("Page_Group10 Administration Users Accounts _9567d5/a_My courses")): Object: 'Object Repository/Page_Group10 Administration Users Accounts _9567d5/a_My courses' is clicked on

2022-01-15 09:06:40 - [MESSAGE][PASSED] - Object: 'Object Repository/Page_Group10 Administration Users Accounts _9567d5/a_My courses' is clicked on

2022-01-15 09:06:40 - [TEST_STEP][PASSED] - click(findTestObject("Object Repository/Page_My courses/span_Test Automation")): Object: 'Object Repository/Page_My courses/span_Test Automation' is clicked on

2022-01-15 09:06:42 - [MESSAGE][PASSED] - Object: 'Object Repository/Page_My courses/span_Test Automation' is clicked on

2022-01-15 09:06:42 - [TEST_STEP][PASSED] - click(findTestObject("Object Repository/Page_Course Test Automation/a_Homework2  Assignment")): Object: 'Object Repository/Page_Course Test Automation/a_Homework2  Assignment' is clicked on

2022-01-15 09:06:43 - [MESSAGE][PASSED] - Object: 'Object Repository/Page_Course Test Automation/a_Homework2  Assignment' is clicked on

2022-01-15 09:06:43 - [TEST_STEP][FAILED] - click(findTestObject("Page_TA Homework 1/button_Add submission")): Unable to click on object 'Object Repository/Page_TA Homework 1/button_Add submission' (Root cause: com.kms.katalon.core.exception.StepFailedException: Unable to click on object 'Object Repository/Page_TA Homework 1/button_Add submission'
	at com.kms.katalon.core.webui.keyword.internal.WebUIKeywordMain.stepFailed(WebUIKeywordMain.groovy:64)
	at com.kms.katalon.core.webui.keyword.internal.WebUIKeywordMain.runKeyword(WebUIKeywordMain.groovy:26)
	at com.kms.katalon.core.webui.keyword.builtin.ClickKeyword.click(ClickKeyword.groovy:74)
	at com.kms.katalon.core.webui.keyword.builtin.ClickKeyword.execute(ClickKeyword.groovy:40)
	at com.kms.katalon.core.keyword.internal.KeywordExecutor.executeKeywordForPlatform(KeywordExecutor.groovy:74)
	at com.kms.katalon.core.webui.keyword.WebUiBuiltInKeywords.click(WebUiBuiltInKeywords.groovy:620)
	at com.kms.katalon.core.webui.keyword.WebUiBuiltInKeywords$click$1.call(Unknown Source)
	at Submit exercise late - Student.run(Submit exercise late - Student:38)
	at com.kms.katalon.core.main.ScriptEngine.run(ScriptEngine.java:194)
	at com.kms.katalon.core.main.ScriptEngine.runScriptAsRawText(ScriptEngine.java:119)
	at com.kms.katalon.core.main.TestCaseExecutor.runScript(TestCaseExecutor.java:442)
	at com.kms.katalon.core.main.TestCaseExecutor.doExecute(TestCaseExecutor.java:433)
	at com.kms.katalon.core.main.TestCaseExecutor.processExecutionPhase(TestCaseExecutor.java:412)
	at com.kms.katalon.core.main.TestCaseExecutor.accessMainPhase(TestCaseExecutor.java:404)
	at com.kms.katalon.core.main.TestCaseExecutor.execute(TestCaseExecutor.java:281)
	at com.kms.katalon.core.main.TestSuiteExecutor.accessTestCaseMainPhase(TestSuiteExecutor.java:202)
	at com.kms.katalon.core.main.TestSuiteExecutor.accessTestSuiteMainPhase(TestSuiteExecutor.java:164)
	at com.kms.katalon.core.main.TestSuiteExecutor.execute(TestSuiteExecutor.java:105)
	at com.kms.katalon.core.main.TestCaseMain.startTestSuite(TestCaseMain.java:181)
	at com.kms.katalon.core.main.TestCaseMain$startTestSuite$0.call(Unknown Source)
	at TempTestSuite1642210927934.run(TempTestSuite1642210927934.groovy:36)
Caused by: com.kms.katalon.core.webui.exception.WebElementNotFoundException: Web element with id: 'Object Repository/Page_TA Homework 1/button_Add submission' located by '//section[@id='region-main']/div[2]/div[2]/div[2]/div/form/button' not found
	at com.kms.katalon.core.webui.common.WebUiCommonHelper.findWebElement(WebUiCommonHelper.java:1368)
	at com.kms.katalon.core.webui.keyword.internal.WebUIAbstractKeyword.findWebElement(WebUIAbstractKeyword.groovy:27)
	at com.kms.katalon.core.webui.keyword.builtin.ClickKeyword$_click_closure1.doCall(ClickKeyword.groovy:65)
	at com.kms.katalon.core.webui.keyword.builtin.ClickKeyword$_click_closure1.call(ClickKeyword.groovy)
	at com.kms.katalon.core.webui.keyword.internal.WebUIKeywordMain.runKeyword(WebUIKeywordMain.groovy:20)
	at com.kms.katalon.core.webui.keyword.builtin.ClickKeyword.click(ClickKeyword.groovy:74)
	at com.kms.katalon.core.webui.keyword.builtin.ClickKeyword.execute(ClickKeyword.groovy:40)
	at com.kms.katalon.core.keyword.internal.KeywordExecutor.executeKeywordForPlatform(KeywordExecutor.groovy:74)
	at com.kms.katalon.core.webui.keyword.WebUiBuiltInKeywords.click(WebUiBuiltInKeywords.groovy:620)
	at com.kms.katalon.core.webui.keyword.WebUiBuiltInKeywords$click$1.call(Unknown Source)
	at Script1641996751607.run(Script1641996751607.groovy:38)
	... 13 more
)

2022-01-15 09:07:15 - [MESSAGE][INFO] - Unable to find the element located by 'By.xpath: //section[@id='region-main']/div[2]/div[2]/div[2]/div/form/button'. Please recheck the objects properties to make sure the desired element is located. 

2022-01-15 09:07:15 - [MESSAGE][FAILED] - Unable to click on object 'Object Repository/Page_TA Homework 1/button_Add submission' (Root cause: com.kms.katalon.core.exception.StepFailedException: Unable to click on object 'Object Repository/Page_TA Homework 1/button_Add submission'
	at com.kms.katalon.core.webui.keyword.internal.WebUIKeywordMain.stepFailed(WebUIKeywordMain.groovy:64)
	at com.kms.katalon.core.webui.keyword.internal.WebUIKeywordMain.runKeyword(WebUIKeywordMain.groovy:26)
	at com.kms.katalon.core.webui.keyword.builtin.ClickKeyword.click(ClickKeyword.groovy:74)
	at com.kms.katalon.core.webui.keyword.builtin.ClickKeyword.execute(ClickKeyword.groovy:40)
	at com.kms.katalon.core.keyword.internal.KeywordExecutor.executeKeywordForPlatform(KeywordExecutor.groovy:74)
	at com.kms.katalon.core.webui.keyword.WebUiBuiltInKeywords.click(WebUiBuiltInKeywords.groovy:620)
	at com.kms.katalon.core.webui.keyword.WebUiBuiltInKeywords$click$1.call(Unknown Source)
	at Submit exercise late - Student.run(Submit exercise late - Student:38)
	at com.kms.katalon.core.main.ScriptEngine.run(ScriptEngine.java:194)
	at com.kms.katalon.core.main.ScriptEngine.runScriptAsRawText(ScriptEngine.java:119)
	at com.kms.katalon.core.main.TestCaseExecutor.runScript(TestCaseExecutor.java:442)
	at com.kms.katalon.core.main.TestCaseExecutor.doExecute(TestCaseExecutor.java:433)
	at com.kms.katalon.core.main.TestCaseExecutor.processExecutionPhase(TestCaseExecutor.java:412)
	at com.kms.katalon.core.main.TestCaseExecutor.accessMainPhase(TestCaseExecutor.java:404)
	at com.kms.katalon.core.main.TestCaseExecutor.execute(TestCaseExecutor.java:281)
	at com.kms.katalon.core.main.TestSuiteExecutor.accessTestCaseMainPhase(TestSuiteExecutor.java:202)
	at com.kms.katalon.core.main.TestSuiteExecutor.accessTestSuiteMainPhase(TestSuiteExecutor.java:164)
	at com.kms.katalon.core.main.TestSuiteExecutor.execute(TestSuiteExecutor.java:105)
	at com.kms.katalon.core.main.TestCaseMain.startTestSuite(TestCaseMain.java:181)
	at com.kms.katalon.core.main.TestCaseMain$startTestSuite$0.call(Unknown Source)
	at TempTestSuite1642210927934.run(TempTestSuite1642210927934.groovy:36)
Caused by: com.kms.katalon.core.webui.exception.WebElementNotFoundException: Web element with id: 'Object Repository/Page_TA Homework 1/button_Add submission' located by '//section[@id='region-main']/div[2]/div[2]/div[2]/div/form/button' not found
	at com.kms.katalon.core.webui.common.WebUiCommonHelper.findWebElement(WebUiCommonHelper.java:1368)
	at com.kms.katalon.core.webui.keyword.internal.WebUIAbstractKeyword.findWebElement(WebUIAbstractKeyword.groovy:27)
	at com.kms.katalon.core.webui.keyword.builtin.ClickKeyword$_click_closure1.doCall(ClickKeyword.groovy:65)
	at com.kms.katalon.core.webui.keyword.builtin.ClickKeyword$_click_closure1.call(ClickKeyword.groovy)
	at com.kms.katalon.core.webui.keyword.internal.WebUIKeywordMain.runKeyword(WebUIKeywordMain.groovy:20)
	at com.kms.katalon.core.webui.keyword.builtin.ClickKeyword.click(ClickKeyword.groovy:74)
	at com.kms.katalon.core.webui.keyword.builtin.ClickKeyword.execute(ClickKeyword.groovy:40)
	at com.kms.katalon.core.keyword.internal.KeywordExecutor.executeKeywordForPlatform(KeywordExecutor.groovy:74)
	at com.kms.katalon.core.webui.keyword.WebUiBuiltInKeywords.click(WebUiBuiltInKeywords.groovy:620)
	at com.kms.katalon.core.webui.keyword.WebUiBuiltInKeywords$click$1.call(Unknown Source)
	at Script1641996751607.run(Script1641996751607.groovy:38)
	... 13 more
)
[[ATTACHMENT|D:\\TestAutomation-SEBonus-Group10\\Test Automation - SE Bonus\\Reports\\20220115_084207\\Run all test cases\\20220115_084207\\1642212435183.png]]]]></system-out>
         <system-err><![CDATA[2022-01-15 09:06:30 - [TEST_CASE][FAILED] - Test Cases/Submit exercise late - Student: Test Cases/Submit exercise late - Student FAILED.
Reason:
com.kms.katalon.core.exception.StepFailedException: Unable to click on object 'Object Repository/Page_TA Homework 1/button_Add submission'
	at com.kms.katalon.core.webui.keyword.internal.WebUIKeywordMain.stepFailed(WebUIKeywordMain.groovy:64)
	at com.kms.katalon.core.webui.keyword.internal.WebUIKeywordMain.runKeyword(WebUIKeywordMain.groovy:26)
	at com.kms.katalon.core.webui.keyword.builtin.ClickKeyword.click(ClickKeyword.groovy:74)
	at com.kms.katalon.core.webui.keyword.builtin.ClickKeyword.execute(ClickKeyword.groovy:40)
	at com.kms.katalon.core.keyword.internal.KeywordExecutor.executeKeywordForPlatform(KeywordExecutor.groovy:74)
	at com.kms.katalon.core.webui.keyword.WebUiBuiltInKeywords.click(WebUiBuiltInKeywords.groovy:620)
	at com.kms.katalon.core.webui.keyword.WebUiBuiltInKeywords$click$1.call(Unknown Source)
	at Submit exercise late - Student.run(Submit exercise late - Student:38)
	at com.kms.katalon.core.main.ScriptEngine.run(ScriptEngine.java:194)
	at com.kms.katalon.core.main.ScriptEngine.runScriptAsRawText(ScriptEngine.java:119)
	at com.kms.katalon.core.main.TestCaseExecutor.runScript(TestCaseExecutor.java:442)
	at com.kms.katalon.core.main.TestCaseExecutor.doExecute(TestCaseExecutor.java:433)
	at com.kms.katalon.core.main.TestCaseExecutor.processExecutionPhase(TestCaseExecutor.java:412)
	at com.kms.katalon.core.main.TestCaseExecutor.accessMainPhase(TestCaseExecutor.java:404)
	at com.kms.katalon.core.main.TestCaseExecutor.execute(TestCaseExecutor.java:281)
	at com.kms.katalon.core.main.TestSuiteExecutor.accessTestCaseMainPhase(TestSuiteExecutor.java:202)
	at com.kms.katalon.core.main.TestSuiteExecutor.accessTestSuiteMainPhase(TestSuiteExecutor.java:164)
	at com.kms.katalon.core.main.TestSuiteExecutor.execute(TestSuiteExecutor.java:105)
	at com.kms.katalon.core.main.TestCaseMain.startTestSuite(TestCaseMain.java:181)
	at com.kms.katalon.core.main.TestCaseMain$startTestSuite$0.call(Unknown Source)
	at TempTestSuite1642210927934.run(TempTestSuite1642210927934.groovy:36)
Caused by: com.kms.katalon.core.webui.exception.WebElementNotFoundException: Web element with id: 'Object Repository/Page_TA Homework 1/button_Add submission' located by '//section[@id='region-main']/div[2]/div[2]/div[2]/div/form/button' not found
	at com.kms.katalon.core.webui.common.WebUiCommonHelper.findWebElement(WebUiCommonHelper.java:1368)
	at com.kms.katalon.core.webui.keyword.internal.WebUIAbstractKeyword.findWebElement(WebUIAbstractKeyword.groovy:27)
	at com.kms.katalon.core.webui.keyword.builtin.ClickKeyword$_click_closure1.doCall(ClickKeyword.groovy:65)
	at com.kms.katalon.core.webui.keyword.builtin.ClickKeyword$_click_closure1.call(ClickKeyword.groovy)
	at com.kms.katalon.core.webui.keyword.internal.WebUIKeywordMain.runKeyword(WebUIKeywordMain.groovy:20)
	... 19 more]]></system-err>
      </testcase>
      <testcase name="Test Cases/View the result of all students in the quiz" time="17.928" classname="Test Cases/View the result of all students in the quiz" status="PASSED">
         <system-out><![CDATA[2022-01-15 09:07:15 - [TEST_CASE][PASSED] - Test Cases/View the result of all students in the quiz: Test Cases/View the result of all students in the quiz

2022-01-15 09:07:15 - [TEST_STEP][PASSED] - openBrowser(""): Browser is opened with url: ''

2022-01-15 09:07:15 - [MESSAGE][WARNING] - A browser is already opened. Closing browser and opening a new one

2022-01-15 09:07:16 - [MESSAGE][INFO] - Starting 'Edge Chromium' driver

2022-01-15 09:07:17 - [MESSAGE][INFO] - Action delay is set to 0 milliseconds

2022-01-15 09:07:17 - [MESSAGE][PASSED] - Browser is opened with url: ''

2022-01-15 09:07:17 - [TEST_STEP][PASSED] - navigateToUrl("localhost"): Navigate to 'http://localhost' successfully

2022-01-15 09:07:18 - [MESSAGE][PASSED] - Navigate to 'http://localhost' successfully

2022-01-15 09:07:18 - [TEST_STEP][PASSED] - click(findTestObject("Page_Home page/a_Log in")): Object: 'Object Repository/Page_Home page/a_Log in' is clicked on

2022-01-15 09:07:20 - [MESSAGE][PASSED] - Object: 'Object Repository/Page_Home page/a_Log in' is clicked on

2022-01-15 09:07:20 - [TEST_STEP][PASSED] - setText(findTestObject("Page_Home page Log in to the site/input_Username_username"), "teacher1"): Text 'teacher1' is set on object 'Object Repository/Page_Home page Log in to the site/input_Username_username'

2022-01-15 09:07:20 - [MESSAGE][PASSED] - Text 'teacher1' is set on object 'Object Repository/Page_Home page Log in to the site/input_Username_username'

2022-01-15 09:07:20 - [TEST_STEP][PASSED] - setText(findTestObject("Page_Home page Log in to the site/input_Password_password (1)"), "Group_10"): Text 'Group_10' is set on object 'Object Repository/Page_Home page Log in to the site/input_Password_password (1)'

2022-01-15 09:07:21 - [MESSAGE][PASSED] - Text 'Group_10' is set on object 'Object Repository/Page_Home page Log in to the site/input_Password_password (1)'

2022-01-15 09:07:21 - [TEST_STEP][PASSED] - click(findTestObject("Page_Home page Log in to the site/button_Log in")): Object: 'Object Repository/Page_Home page Log in to the site/button_Log in' is clicked on

2022-01-15 09:07:23 - [MESSAGE][PASSED] - Object: 'Object Repository/Page_Home page Log in to the site/button_Log in' is clicked on

2022-01-15 09:07:23 - [TEST_STEP][PASSED] - click(findTestObject("Page_Dashboard/a_My courses (1)")): Object: 'Object Repository/Page_Dashboard/a_My courses (1)' is clicked on

2022-01-15 09:07:24 - [MESSAGE][PASSED] - Object: 'Object Repository/Page_Dashboard/a_My courses (1)' is clicked on

2022-01-15 09:07:24 - [TEST_STEP][PASSED] - click(findTestObject("Page_My courses/span_Test Automation")): Object: 'Object Repository/Page_My courses/span_Test Automation' is clicked on

2022-01-15 09:07:26 - [MESSAGE][PASSED] - Object: 'Object Repository/Page_My courses/span_Test Automation' is clicked on

2022-01-15 09:07:26 - [TEST_STEP][PASSED] - click(findTestObject("Page_Course Test Automation/View result of quiz/a_Quiz1_new")): Object: 'Object Repository/Page_Course Test Automation/View result of quiz/a_Quiz1_new' is clicked on

2022-01-15 09:07:27 - [MESSAGE][PASSED] - Object: 'Object Repository/Page_Course Test Automation/View result of quiz/a_Quiz1_new' is clicked on

2022-01-15 09:07:27 - [TEST_STEP][PASSED] - click(findTestObject("Page_Course Test Automation/View result of quiz/a_Results")): Object: 'Object Repository/Page_Course Test Automation/View result of quiz/a_Results' is clicked on

2022-01-15 09:07:29 - [MESSAGE][PASSED] - Object: 'Object Repository/Page_Course Test Automation/View result of quiz/a_Results' is clicked on

2022-01-15 09:07:29 - [TEST_STEP][PASSED] - click(findTestObject("Page_Course Test Automation/View result of quiz/a_Nguyen Hoa")): Object: 'Object Repository/Page_Course Test Automation/View result of quiz/a_Nguyen Hoa' is clicked on

2022-01-15 09:07:30 - [MESSAGE][PASSED] - Object: 'Object Repository/Page_Course Test Automation/View result of quiz/a_Nguyen Hoa' is clicked on

2022-01-15 09:07:30 - [TEST_STEP][PASSED] - click(findTestObject("Page_Dashboard/a_NH")): Object: 'Object Repository/Page_Dashboard/a_NH' is clicked on

2022-01-15 09:07:31 - [MESSAGE][PASSED] - Object: 'Object Repository/Page_Dashboard/a_NH' is clicked on

2022-01-15 09:07:31 - [TEST_STEP][PASSED] - click(findTestObject("Page_Dashboard/a_Log out")): Object: 'Object Repository/Page_Dashboard/a_Log out' is clicked on

2022-01-15 09:07:32 - [MESSAGE][PASSED] - Object: 'Object Repository/Page_Dashboard/a_Log out' is clicked on

2022-01-15 09:07:32 - [TEST_STEP][PASSED] - closeBrowser(): Browser is closed

2022-01-15 09:07:33 - [MESSAGE][PASSED] - Browser is closed]]></system-out>
         <system-err><![CDATA[]]></system-err>
      </testcase>
      <testcase name="Test Cases/Send feedback of assignment" time="16.893" classname="Test Cases/Send feedback of assignment" status="FAILED">
         <failure type="FAILED" message="Test Cases/Send feedback of assignment FAILED.
Reason:
com.kms.katalon.core.exception.StepFailedException: Verify element text of test object 'Object Repository/Page_Course Test Automation/Page_TA Bonus assignment (Extend 1 week) - Grading/div_Submitted for grading' FAILED.
	at com.kms.katalon.core.webui.keyword.internal.WebUIKeywordMain.stepFailed(WebUIKeywordMain.groovy:64)
	at com.kms.katalon.core.webui.keyword.internal.WebUIKeywordMain.runKeyword(WebUIKeywordMain.groovy:26)
	at com.kms.katalon.core.webui.keyword.builtin.VerifyElementTextKeyword.verifyElementText(VerifyElementTextKeyword.groovy:72)
	at com.kms.katalon.core.webui.keyword.builtin.VerifyElementTextKeyword.execute(VerifyElementTextKeyword.groovy:40)
	at com.kms.katalon.core.keyword.internal.KeywordExecutor.executeKeywordForPlatform(KeywordExecutor.groovy:74)
	at com.kms.katalon.core.webui.keyword.WebUiBuiltInKeywords.verifyElementText(WebUiBuiltInKeywords.groovy:4749)
	at com.kms.katalon.core.webui.keyword.WebUiBuiltInKeywords$verifyElementText$9.call(Unknown Source)
	at Send feedback of assignment.run(Send feedback of assignment:42)
	at com.kms.katalon.core.main.ScriptEngine.run(ScriptEngine.java:194)
	at com.kms.katalon.core.main.ScriptEngine.runScriptAsRawText(ScriptEngine.java:119)
	at com.kms.katalon.core.main.TestCaseExecutor.runScript(TestCaseExecutor.java:442)
	at com.kms.katalon.core.main.TestCaseExecutor.doExecute(TestCaseExecutor.java:433)
	at com.kms.katalon.core.main.TestCaseExecutor.processExecutionPhase(TestCaseExecutor.java:412)
	at com.kms.katalon.core.main.TestCaseExecutor.accessMainPhase(TestCaseExecutor.java:404)
	at com.kms.katalon.core.main.TestCaseExecutor.execute(TestCaseExecutor.java:281)
	at com.kms.katalon.core.main.TestSuiteExecutor.accessTestCaseMainPhase(TestSuiteExecutor.java:202)
	at com.kms.katalon.core.main.TestSuiteExecutor.accessTestSuiteMainPhase(TestSuiteExecutor.java:164)
	at com.kms.katalon.core.main.TestSuiteExecutor.execute(TestSuiteExecutor.java:105)
	at com.kms.katalon.core.main.TestCaseMain.startTestSuite(TestCaseMain.java:181)
	at com.kms.katalon.core.main.TestCaseMain$startTestSuite$0.call(Unknown Source)
	at TempTestSuite1642210927934.run(TempTestSuite1642210927934.groovy:36)
Caused by: com.kms.katalon.core.exception.StepFailedException: Actual text 'No submission' and expected text 'Submitted for grading' of test object 'Object Repository/Page_Course Test Automation/Page_TA Bonus assignment (Extend 1 week) - Grading/div_Submitted for grading' are NOT matched.
	at com.kms.katalon.core.webui.keyword.internal.WebUIKeywordMain.stepFailed(WebUIKeywordMain.groovy:64)
	at com.kms.katalon.core.webui.keyword.builtin.VerifyElementTextKeyword$_verifyElementText_closure1.doCall(VerifyElementTextKeyword.groovy:57)
	at com.kms.katalon.core.webui.keyword.builtin.VerifyElementTextKeyword$_verifyElementText_closure1.call(VerifyElementTextKeyword.groovy)
	at com.kms.katalon.core.webui.keyword.internal.WebUIKeywordMain.runKeyword(WebUIKeywordMain.groovy:20)
	... 19 more
"/>
         <system-out><![CDATA[2022-01-15 09:07:33 - [TEST_CASE][FAILED] - Test Cases/Send feedback of assignment: Test Cases/Send feedback of assignment FAILED.
Reason:
com.kms.katalon.core.exception.StepFailedException: Verify element text of test object 'Object Repository/Page_Course Test Automation/Page_TA Bonus assignment (Extend 1 week) - Grading/div_Submitted for grading' FAILED.
	at com.kms.katalon.core.webui.keyword.internal.WebUIKeywordMain.stepFailed(WebUIKeywordMain.groovy:64)
	at com.kms.katalon.core.webui.keyword.internal.WebUIKeywordMain.runKeyword(WebUIKeywordMain.groovy:26)
	at com.kms.katalon.core.webui.keyword.builtin.VerifyElementTextKeyword.verifyElementText(VerifyElementTextKeyword.groovy:72)
	at com.kms.katalon.core.webui.keyword.builtin.VerifyElementTextKeyword.execute(VerifyElementTextKeyword.groovy:40)
	at com.kms.katalon.core.keyword.internal.KeywordExecutor.executeKeywordForPlatform(KeywordExecutor.groovy:74)
	at com.kms.katalon.core.webui.keyword.WebUiBuiltInKeywords.verifyElementText(WebUiBuiltInKeywords.groovy:4749)
	at com.kms.katalon.core.webui.keyword.WebUiBuiltInKeywords$verifyElementText$9.call(Unknown Source)
	at Send feedback of assignment.run(Send feedback of assignment:42)
	at com.kms.katalon.core.main.ScriptEngine.run(ScriptEngine.java:194)
	at com.kms.katalon.core.main.ScriptEngine.runScriptAsRawText(ScriptEngine.java:119)
	at com.kms.katalon.core.main.TestCaseExecutor.runScript(TestCaseExecutor.java:442)
	at com.kms.katalon.core.main.TestCaseExecutor.doExecute(TestCaseExecutor.java:433)
	at com.kms.katalon.core.main.TestCaseExecutor.processExecutionPhase(TestCaseExecutor.java:412)
	at com.kms.katalon.core.main.TestCaseExecutor.accessMainPhase(TestCaseExecutor.java:404)
	at com.kms.katalon.core.main.TestCaseExecutor.execute(TestCaseExecutor.java:281)
	at com.kms.katalon.core.main.TestSuiteExecutor.accessTestCaseMainPhase(TestSuiteExecutor.java:202)
	at com.kms.katalon.core.main.TestSuiteExecutor.accessTestSuiteMainPhase(TestSuiteExecutor.java:164)
	at com.kms.katalon.core.main.TestSuiteExecutor.execute(TestSuiteExecutor.java:105)
	at com.kms.katalon.core.main.TestCaseMain.startTestSuite(TestCaseMain.java:181)
	at com.kms.katalon.core.main.TestCaseMain$startTestSuite$0.call(Unknown Source)
	at TempTestSuite1642210927934.run(TempTestSuite1642210927934.groovy:36)
Caused by: com.kms.katalon.core.exception.StepFailedException: Actual text 'No submission' and expected text 'Submitted for grading' of test object 'Object Repository/Page_Course Test Automation/Page_TA Bonus assignment (Extend 1 week) - Grading/div_Submitted for grading' are NOT matched.
	at com.kms.katalon.core.webui.keyword.internal.WebUIKeywordMain.stepFailed(WebUIKeywordMain.groovy:64)
	at com.kms.katalon.core.webui.keyword.builtin.VerifyElementTextKeyword$_verifyElementText_closure1.doCall(VerifyElementTextKeyword.groovy:57)
	at com.kms.katalon.core.webui.keyword.builtin.VerifyElementTextKeyword$_verifyElementText_closure1.call(VerifyElementTextKeyword.groovy)
	at com.kms.katalon.core.webui.keyword.internal.WebUIKeywordMain.runKeyword(WebUIKeywordMain.groovy:20)
	... 19 more


2022-01-15 09:07:33 - [TEST_STEP][PASSED] - openBrowser(""): Browser is opened with url: ''

2022-01-15 09:07:33 - [MESSAGE][INFO] - Starting 'Edge Chromium' driver

2022-01-15 09:07:34 - [MESSAGE][INFO] - Action delay is set to 0 milliseconds

2022-01-15 09:07:34 - [MESSAGE][PASSED] - Browser is opened with url: ''

2022-01-15 09:07:34 - [TEST_STEP][PASSED] - navigateToUrl("localhost"): Navigate to 'http://localhost' successfully

2022-01-15 09:07:35 - [MESSAGE][PASSED] - Navigate to 'http://localhost' successfully

2022-01-15 09:07:35 - [TEST_STEP][PASSED] - click(findTestObject("Page_Home page/a_Log in")): Object: 'Object Repository/Page_Home page/a_Log in' is clicked on

2022-01-15 09:07:36 - [MESSAGE][PASSED] - Object: 'Object Repository/Page_Home page/a_Log in' is clicked on

2022-01-15 09:07:36 - [TEST_STEP][PASSED] - setText(findTestObject("Page_Home page Log in to the site/input_Username_username"), "teacher1"): Text 'teacher1' is set on object 'Object Repository/Page_Home page Log in to the site/input_Username_username'

2022-01-15 09:07:37 - [MESSAGE][PASSED] - Text 'teacher1' is set on object 'Object Repository/Page_Home page Log in to the site/input_Username_username'

2022-01-15 09:07:37 - [TEST_STEP][PASSED] - setText(findTestObject("Page_Home page Log in to the site/input_Password_password (1)"), "Group_10"): Text 'Group_10' is set on object 'Object Repository/Page_Home page Log in to the site/input_Password_password (1)'

2022-01-15 09:07:38 - [MESSAGE][PASSED] - Text 'Group_10' is set on object 'Object Repository/Page_Home page Log in to the site/input_Password_password (1)'

2022-01-15 09:07:38 - [TEST_STEP][PASSED] - click(findTestObject("Page_Home page Log in to the site/button_Log in")): Object: 'Object Repository/Page_Home page Log in to the site/button_Log in' is clicked on

2022-01-15 09:07:40 - [MESSAGE][PASSED] - Object: 'Object Repository/Page_Home page Log in to the site/button_Log in' is clicked on

2022-01-15 09:07:40 - [TEST_STEP][PASSED] - click(findTestObject("Page_Dashboard/a_My courses (1)")): Object: 'Object Repository/Page_Dashboard/a_My courses (1)' is clicked on

2022-01-15 09:07:41 - [MESSAGE][PASSED] - Object: 'Object Repository/Page_Dashboard/a_My courses (1)' is clicked on

2022-01-15 09:07:41 - [TEST_STEP][PASSED] - click(findTestObject("Page_My courses/span_Test Automation")): Object: 'Object Repository/Page_My courses/span_Test Automation' is clicked on

2022-01-15 09:07:43 - [MESSAGE][PASSED] - Object: 'Object Repository/Page_My courses/span_Test Automation' is clicked on

2022-01-15 09:07:43 - [TEST_STEP][PASSED] - click(findTestObject("Page_Course Test Automation/Homework 1  Assignment")): Object: 'Object Repository/Page_Course Test Automation/Homework 1  Assignment' is clicked on

2022-01-15 09:07:44 - [MESSAGE][PASSED] - Object: 'Object Repository/Page_Course Test Automation/Homework 1  Assignment' is clicked on

2022-01-15 09:07:44 - [TEST_STEP][PASSED] - click(findTestObject("Page_Course Test Automation/Page_TA Bonus assignment (Extend 1 week)/a_Grade")): Object: 'Object Repository/Page_Course Test Automation/Page_TA Bonus assignment (Extend 1 week)/a_Grade' is clicked on

2022-01-15 09:07:46 - [MESSAGE][PASSED] - Object: 'Object Repository/Page_Course Test Automation/Page_TA Bonus assignment (Extend 1 week)/a_Grade' is clicked on

2022-01-15 09:07:46 - [TEST_STEP][PASSED] - click(findTestObject("Page_Course Test Automation/Page_TA Bonus assignment (Extend 1 week) - Grading/a_View all submissions")): Object: 'Object Repository/Page_Course Test Automation/Page_TA Bonus assignment (Extend 1 week) - Grading/a_View all submissions' is clicked on

2022-01-15 09:07:49 - [MESSAGE][PASSED] - Object: 'Object Repository/Page_Course Test Automation/Page_TA Bonus assignment (Extend 1 week) - Grading/a_View all submissions' is clicked on

2022-01-15 09:07:49 - [TEST_STEP][FAILED] - verifyElementText(findTestObject("Page_Course Test Automation/Page_TA Bonus assignment (Extend 1 week) - Grading/div_Submitted for grading"), "Submitted for grading"): Verify element text of test object 'Object Repository/Page_Course Test Automation/Page_TA Bonus assignment (Extend 1 week) - Grading/div_Submitted for grading' FAILED. (Root cause: com.kms.katalon.core.exception.StepFailedException: Verify element text of test object 'Object Repository/Page_Course Test Automation/Page_TA Bonus assignment (Extend 1 week) - Grading/div_Submitted for grading' FAILED.
	at com.kms.katalon.core.webui.keyword.internal.WebUIKeywordMain.stepFailed(WebUIKeywordMain.groovy:64)
	at com.kms.katalon.core.webui.keyword.internal.WebUIKeywordMain.runKeyword(WebUIKeywordMain.groovy:26)
	at com.kms.katalon.core.webui.keyword.builtin.VerifyElementTextKeyword.verifyElementText(VerifyElementTextKeyword.groovy:72)
	at com.kms.katalon.core.webui.keyword.builtin.VerifyElementTextKeyword.execute(VerifyElementTextKeyword.groovy:40)
	at com.kms.katalon.core.keyword.internal.KeywordExecutor.executeKeywordForPlatform(KeywordExecutor.groovy:74)
	at com.kms.katalon.core.webui.keyword.WebUiBuiltInKeywords.verifyElementText(WebUiBuiltInKeywords.groovy:4749)
	at com.kms.katalon.core.webui.keyword.WebUiBuiltInKeywords$verifyElementText$9.call(Unknown Source)
	at Send feedback of assignment.run(Send feedback of assignment:42)
	at com.kms.katalon.core.main.ScriptEngine.run(ScriptEngine.java:194)
	at com.kms.katalon.core.main.ScriptEngine.runScriptAsRawText(ScriptEngine.java:119)
	at com.kms.katalon.core.main.TestCaseExecutor.runScript(TestCaseExecutor.java:442)
	at com.kms.katalon.core.main.TestCaseExecutor.doExecute(TestCaseExecutor.java:433)
	at com.kms.katalon.core.main.TestCaseExecutor.processExecutionPhase(TestCaseExecutor.java:412)
	at com.kms.katalon.core.main.TestCaseExecutor.accessMainPhase(TestCaseExecutor.java:404)
	at com.kms.katalon.core.main.TestCaseExecutor.execute(TestCaseExecutor.java:281)
	at com.kms.katalon.core.main.TestSuiteExecutor.accessTestCaseMainPhase(TestSuiteExecutor.java:202)
	at com.kms.katalon.core.main.TestSuiteExecutor.accessTestSuiteMainPhase(TestSuiteExecutor.java:164)
	at com.kms.katalon.core.main.TestSuiteExecutor.execute(TestSuiteExecutor.java:105)
	at com.kms.katalon.core.main.TestCaseMain.startTestSuite(TestCaseMain.java:181)
	at com.kms.katalon.core.main.TestCaseMain$startTestSuite$0.call(Unknown Source)
	at TempTestSuite1642210927934.run(TempTestSuite1642210927934.groovy:36)
Caused by: com.kms.katalon.core.exception.StepFailedException: Actual text 'No submission' and expected text 'Submitted for grading' of test object 'Object Repository/Page_Course Test Automation/Page_TA Bonus assignment (Extend 1 week) - Grading/div_Submitted for grading' are NOT matched.
	at com.kms.katalon.core.webui.keyword.internal.WebUIKeywordMain.stepFailed(WebUIKeywordMain.groovy:64)
	at com.kms.katalon.core.webui.keyword.builtin.VerifyElementTextKeyword$_verifyElementText_closure1.doCall(VerifyElementTextKeyword.groovy:57)
	at com.kms.katalon.core.webui.keyword.builtin.VerifyElementTextKeyword$_verifyElementText_closure1.call(VerifyElementTextKeyword.groovy)
	at com.kms.katalon.core.webui.keyword.internal.WebUIKeywordMain.runKeyword(WebUIKeywordMain.groovy:20)
	... 19 more
)

2022-01-15 09:07:50 - [MESSAGE][FAILED] - Actual text 'No submission' and expected text 'Submitted for grading' of test object 'Object Repository/Page_Course Test Automation/Page_TA Bonus assignment (Extend 1 week) - Grading/div_Submitted for grading' are NOT matched. (Root cause: com.kms.katalon.core.exception.StepFailedException: Actual text 'No submission' and expected text 'Submitted for grading' of test object 'Object Repository/Page_Course Test Automation/Page_TA Bonus assignment (Extend 1 week) - Grading/div_Submitted for grading' are NOT matched.
	at com.kms.katalon.core.webui.keyword.internal.WebUIKeywordMain.stepFailed(WebUIKeywordMain.groovy:64)
	at com.kms.katalon.core.webui.keyword.builtin.VerifyElementTextKeyword$_verifyElementText_closure1.doCall(VerifyElementTextKeyword.groovy:57)
	at com.kms.katalon.core.webui.keyword.builtin.VerifyElementTextKeyword$_verifyElementText_closure1.call(VerifyElementTextKeyword.groovy)
	at com.kms.katalon.core.webui.keyword.internal.WebUIKeywordMain.runKeyword(WebUIKeywordMain.groovy:20)
	at com.kms.katalon.core.webui.keyword.builtin.VerifyElementTextKeyword.verifyElementText(VerifyElementTextKeyword.groovy:72)
	at com.kms.katalon.core.webui.keyword.builtin.VerifyElementTextKeyword.execute(VerifyElementTextKeyword.groovy:40)
	at com.kms.katalon.core.keyword.internal.KeywordExecutor.executeKeywordForPlatform(KeywordExecutor.groovy:74)
	at com.kms.katalon.core.webui.keyword.WebUiBuiltInKeywords.verifyElementText(WebUiBuiltInKeywords.groovy:4749)
	at com.kms.katalon.core.webui.keyword.WebUiBuiltInKeywords$verifyElementText$9.call(Unknown Source)
	at Send feedback of assignment.run(Send feedback of assignment:42)
	at com.kms.katalon.core.main.ScriptEngine.run(ScriptEngine.java:194)
	at com.kms.katalon.core.main.ScriptEngine.runScriptAsRawText(ScriptEngine.java:119)
	at com.kms.katalon.core.main.TestCaseExecutor.runScript(TestCaseExecutor.java:442)
	at com.kms.katalon.core.main.TestCaseExecutor.doExecute(TestCaseExecutor.java:433)
	at com.kms.katalon.core.main.TestCaseExecutor.processExecutionPhase(TestCaseExecutor.java:412)
	at com.kms.katalon.core.main.TestCaseExecutor.accessMainPhase(TestCaseExecutor.java:404)
	at com.kms.katalon.core.main.TestCaseExecutor.execute(TestCaseExecutor.java:281)
	at com.kms.katalon.core.main.TestSuiteExecutor.accessTestCaseMainPhase(TestSuiteExecutor.java:202)
	at com.kms.katalon.core.main.TestSuiteExecutor.accessTestSuiteMainPhase(TestSuiteExecutor.java:164)
	at com.kms.katalon.core.main.TestSuiteExecutor.execute(TestSuiteExecutor.java:105)
	at com.kms.katalon.core.main.TestCaseMain.startTestSuite(TestCaseMain.java:181)
	at com.kms.katalon.core.main.TestCaseMain$startTestSuite$0.call(Unknown Source)
	at TempTestSuite1642210927934.run(TempTestSuite1642210927934.groovy:36)
)
[[ATTACHMENT|D:\\TestAutomation-SEBonus-Group10\\Test Automation - SE Bonus\\Reports\\20220115_084207\\Run all test cases\\20220115_084207\\1642212469832.png]]

2022-01-15 09:07:50 - [MESSAGE][FAILED] - Verify element text of test object 'Object Repository/Page_Course Test Automation/Page_TA Bonus assignment (Extend 1 week) - Grading/div_Submitted for grading' FAILED. (Root cause: com.kms.katalon.core.exception.StepFailedException: Verify element text of test object 'Object Repository/Page_Course Test Automation/Page_TA Bonus assignment (Extend 1 week) - Grading/div_Submitted for grading' FAILED.
	at com.kms.katalon.core.webui.keyword.internal.WebUIKeywordMain.stepFailed(WebUIKeywordMain.groovy:64)
	at com.kms.katalon.core.webui.keyword.internal.WebUIKeywordMain.runKeyword(WebUIKeywordMain.groovy:26)
	at com.kms.katalon.core.webui.keyword.builtin.VerifyElementTextKeyword.verifyElementText(VerifyElementTextKeyword.groovy:72)
	at com.kms.katalon.core.webui.keyword.builtin.VerifyElementTextKeyword.execute(VerifyElementTextKeyword.groovy:40)
	at com.kms.katalon.core.keyword.internal.KeywordExecutor.executeKeywordForPlatform(KeywordExecutor.groovy:74)
	at com.kms.katalon.core.webui.keyword.WebUiBuiltInKeywords.verifyElementText(WebUiBuiltInKeywords.groovy:4749)
	at com.kms.katalon.core.webui.keyword.WebUiBuiltInKeywords$verifyElementText$9.call(Unknown Source)
	at Send feedback of assignment.run(Send feedback of assignment:42)
	at com.kms.katalon.core.main.ScriptEngine.run(ScriptEngine.java:194)
	at com.kms.katalon.core.main.ScriptEngine.runScriptAsRawText(ScriptEngine.java:119)
	at com.kms.katalon.core.main.TestCaseExecutor.runScript(TestCaseExecutor.java:442)
	at com.kms.katalon.core.main.TestCaseExecutor.doExecute(TestCaseExecutor.java:433)
	at com.kms.katalon.core.main.TestCaseExecutor.processExecutionPhase(TestCaseExecutor.java:412)
	at com.kms.katalon.core.main.TestCaseExecutor.accessMainPhase(TestCaseExecutor.java:404)
	at com.kms.katalon.core.main.TestCaseExecutor.execute(TestCaseExecutor.java:281)
	at com.kms.katalon.core.main.TestSuiteExecutor.accessTestCaseMainPhase(TestSuiteExecutor.java:202)
	at com.kms.katalon.core.main.TestSuiteExecutor.accessTestSuiteMainPhase(TestSuiteExecutor.java:164)
	at com.kms.katalon.core.main.TestSuiteExecutor.execute(TestSuiteExecutor.java:105)
	at com.kms.katalon.core.main.TestCaseMain.startTestSuite(TestCaseMain.java:181)
	at com.kms.katalon.core.main.TestCaseMain$startTestSuite$0.call(Unknown Source)
	at TempTestSuite1642210927934.run(TempTestSuite1642210927934.groovy:36)
Caused by: com.kms.katalon.core.exception.StepFailedException: Actual text 'No submission' and expected text 'Submitted for grading' of test object 'Object Repository/Page_Course Test Automation/Page_TA Bonus assignment (Extend 1 week) - Grading/div_Submitted for grading' are NOT matched.
	at com.kms.katalon.core.webui.keyword.internal.WebUIKeywordMain.stepFailed(WebUIKeywordMain.groovy:64)
	at com.kms.katalon.core.webui.keyword.builtin.VerifyElementTextKeyword$_verifyElementText_closure1.doCall(VerifyElementTextKeyword.groovy:57)
	at com.kms.katalon.core.webui.keyword.builtin.VerifyElementTextKeyword$_verifyElementText_closure1.call(VerifyElementTextKeyword.groovy)
	at com.kms.katalon.core.webui.keyword.internal.WebUIKeywordMain.runKeyword(WebUIKeywordMain.groovy:20)
	... 19 more
)
[[ATTACHMENT|D:\\TestAutomation-SEBonus-Group10\\Test Automation - SE Bonus\\Reports\\20220115_084207\\Run all test cases\\20220115_084207\\1642212470028.png]]]]></system-out>
         <system-err><![CDATA[2022-01-15 09:07:33 - [TEST_CASE][FAILED] - Test Cases/Send feedback of assignment: Test Cases/Send feedback of assignment FAILED.
Reason:
com.kms.katalon.core.exception.StepFailedException: Verify element text of test object 'Object Repository/Page_Course Test Automation/Page_TA Bonus assignment (Extend 1 week) - Grading/div_Submitted for grading' FAILED.
	at com.kms.katalon.core.webui.keyword.internal.WebUIKeywordMain.stepFailed(WebUIKeywordMain.groovy:64)
	at com.kms.katalon.core.webui.keyword.internal.WebUIKeywordMain.runKeyword(WebUIKeywordMain.groovy:26)
	at com.kms.katalon.core.webui.keyword.builtin.VerifyElementTextKeyword.verifyElementText(VerifyElementTextKeyword.groovy:72)
	at com.kms.katalon.core.webui.keyword.builtin.VerifyElementTextKeyword.execute(VerifyElementTextKeyword.groovy:40)
	at com.kms.katalon.core.keyword.internal.KeywordExecutor.executeKeywordForPlatform(KeywordExecutor.groovy:74)
	at com.kms.katalon.core.webui.keyword.WebUiBuiltInKeywords.verifyElementText(WebUiBuiltInKeywords.groovy:4749)
	at com.kms.katalon.core.webui.keyword.WebUiBuiltInKeywords$verifyElementText$9.call(Unknown Source)
	at Send feedback of assignment.run(Send feedback of assignment:42)
	at com.kms.katalon.core.main.ScriptEngine.run(ScriptEngine.java:194)
	at com.kms.katalon.core.main.ScriptEngine.runScriptAsRawText(ScriptEngine.java:119)
	at com.kms.katalon.core.main.TestCaseExecutor.runScript(TestCaseExecutor.java:442)
	at com.kms.katalon.core.main.TestCaseExecutor.doExecute(TestCaseExecutor.java:433)
	at com.kms.katalon.core.main.TestCaseExecutor.processExecutionPhase(TestCaseExecutor.java:412)
	at com.kms.katalon.core.main.TestCaseExecutor.accessMainPhase(TestCaseExecutor.java:404)
	at com.kms.katalon.core.main.TestCaseExecutor.execute(TestCaseExecutor.java:281)
	at com.kms.katalon.core.main.TestSuiteExecutor.accessTestCaseMainPhase(TestSuiteExecutor.java:202)
	at com.kms.katalon.core.main.TestSuiteExecutor.accessTestSuiteMainPhase(TestSuiteExecutor.java:164)
	at com.kms.katalon.core.main.TestSuiteExecutor.execute(TestSuiteExecutor.java:105)
	at com.kms.katalon.core.main.TestCaseMain.startTestSuite(TestCaseMain.java:181)
	at com.kms.katalon.core.main.TestCaseMain$startTestSuite$0.call(Unknown Source)
	at TempTestSuite1642210927934.run(TempTestSuite1642210927934.groovy:36)
Caused by: com.kms.katalon.core.exception.StepFailedException: Actual text 'No submission' and expected text 'Submitted for grading' of test object 'Object Repository/Page_Course Test Automation/Page_TA Bonus assignment (Extend 1 week) - Grading/div_Submitted for grading' are NOT matched.
	at com.kms.katalon.core.webui.keyword.internal.WebUIKeywordMain.stepFailed(WebUIKeywordMain.groovy:64)
	at com.kms.katalon.core.webui.keyword.builtin.VerifyElementTextKeyword$_verifyElementText_closure1.doCall(VerifyElementTextKeyword.groovy:57)
	at com.kms.katalon.core.webui.keyword.builtin.VerifyElementTextKeyword$_verifyElementText_closure1.call(VerifyElementTextKeyword.groovy)
	at com.kms.katalon.core.webui.keyword.internal.WebUIKeywordMain.runKeyword(WebUIKeywordMain.groovy:20)
	... 19 more]]></system-err>
      </testcase>
      <testcase name="Test Cases/View courses - Guest" time="9.038" classname="Test Cases/View courses - Guest" status="PASSED">
         <system-out><![CDATA[2022-01-15 09:07:50 - [TEST_CASE][PASSED] - Test Cases/View courses - Guest: Test Cases/View courses - Guest

2022-01-15 09:07:50 - [TEST_STEP][PASSED] - openBrowser(""): Browser is opened with url: ''

2022-01-15 09:07:50 - [MESSAGE][WARNING] - A browser is already opened. Closing browser and opening a new one

2022-01-15 09:07:51 - [MESSAGE][INFO] - Starting 'Edge Chromium' driver

2022-01-15 09:07:52 - [MESSAGE][INFO] - Action delay is set to 0 milliseconds

2022-01-15 09:07:52 - [MESSAGE][PASSED] - Browser is opened with url: ''

2022-01-15 09:07:52 - [TEST_STEP][PASSED] - navigateToUrl("http://localhost/"): Navigate to 'http://localhost/' successfully

2022-01-15 09:07:53 - [MESSAGE][PASSED] - Navigate to 'http://localhost/' successfully

2022-01-15 09:07:53 - [TEST_STEP][PASSED] - setText(findTestObject("Page_Group10 Administration Users Permissio_fb4295/Page_Home page/input_search_course"), "Test automation"): Text 'Test automation' is set on object 'Object Repository/Page_Group10 Administration Users Permissio_fb4295/Page_Home page/input_search_course'

2022-01-15 09:07:54 - [MESSAGE][PASSED] - Text 'Test automation' is set on object 'Object Repository/Page_Group10 Administration Users Permissio_fb4295/Page_Home page/input_search_course'

2022-01-15 09:07:54 - [TEST_STEP][PASSED] - click(findTestObject("Page_Group10 Administration Users Permissio_fb4295/Page_Home page/button_Search courses")): Object: 'Object Repository/Page_Group10 Administration Users Permissio_fb4295/Page_Home page/button_Search courses' is clicked on

2022-01-15 09:07:55 - [MESSAGE][PASSED] - Object: 'Object Repository/Page_Group10 Administration Users Permissio_fb4295/Page_Home page/button_Search courses' is clicked on

2022-01-15 09:07:55 - [TEST_STEP][PASSED] - click(findTestObject("Object Repository/Page_Home page Log in to the site/button_Log in as a guest")): Object: 'Object Repository/Page_Home page Log in to the site/button_Log in as a guest' is clicked on

2022-01-15 09:07:56 - [MESSAGE][PASSED] - Object: 'Object Repository/Page_Home page Log in to the site/button_Log in as a guest' is clicked on

2022-01-15 09:07:56 - [TEST_STEP][PASSED] - click(findTestObject("Object Repository/Page_TA/a_Test Automation")): Object: 'Object Repository/Page_TA/a_Test Automation' is clicked on

2022-01-15 09:07:57 - [MESSAGE][PASSED] - Object: 'Object Repository/Page_TA/a_Test Automation' is clicked on

2022-01-15 09:07:57 - [TEST_STEP][PASSED] - click(findTestObject("Object Repository/Page_TA/button_Continue")): Object: 'Object Repository/Page_TA/button_Continue' is clicked on

2022-01-15 09:07:58 - [MESSAGE][PASSED] - Object: 'Object Repository/Page_TA/button_Continue' is clicked on

2022-01-15 09:07:58 - [TEST_STEP][PASSED] - closeBrowser(): Browser is closed

2022-01-15 09:07:59 - [MESSAGE][PASSED] - Browser is closed]]></system-out>
         <system-err><![CDATA[]]></system-err>
      </testcase>
      <system-out><![CDATA[2022-01-15 08:42:20 - [TEST_SUITE][FAILED] - Run all test cases: Test Cases/View notification - Student FAILED.
Reason:
com.kms.katalon.core.exception.StepFailedException: Unable to click on object 'Object Repository/Page_TA Homework 1/button_Edit submission'
	at com.kms.katalon.core.webui.keyword.internal.WebUIKeywordMain.stepFailed(WebUIKeywordMain.groovy:64)
	at com.kms.katalon.core.webui.keyword.internal.WebUIKeywordMain.runKeyword(WebUIKeywordMain.groovy:26)
	at com.kms.katalon.core.webui.keyword.builtin.ClickKeyword.click(ClickKeyword.groovy:74)
	at com.kms.katalon.core.webui.keyword.builtin.ClickKeyword.execute(ClickKeyword.groovy:40)
	at com.kms.katalon.core.keyword.internal.KeywordExecutor.executeKeywordForPlatform(KeywordExecutor.groovy:74)
	at com.kms.katalon.core.webui.keyword.WebUiBuiltInKeywords.click(WebUiBuiltInKeywords.groovy:620)
	at com.kms.katalon.core.webui.keyword.WebUiBuiltInKeywords$click$1.call(Unknown Source)
	at View notification - Student.run(View notification - Student:44)
	at com.kms.katalon.core.main.ScriptEngine.run(ScriptEngine.java:194)
	at com.kms.katalon.core.main.ScriptEngine.runScriptAsRawText(ScriptEngine.java:119)
	at com.kms.katalon.core.main.TestCaseExecutor.runScript(TestCaseExecutor.java:442)
	at com.kms.katalon.core.main.TestCaseExecutor.doExecute(TestCaseExecutor.java:433)
	at com.kms.katalon.core.main.TestCaseExecutor.processExecutionPhase(TestCaseExecutor.java:412)
	at com.kms.katalon.core.main.TestCaseExecutor.accessMainPhase(TestCaseExecutor.java:404)
	at com.kms.katalon.core.main.TestCaseExecutor.execute(TestCaseExecutor.java:281)
	at com.kms.katalon.core.main.TestSuiteExecutor.accessTestCaseMainPhase(TestSuiteExecutor.java:202)
	at com.kms.katalon.core.main.TestSuiteExecutor.accessTestSuiteMainPhase(TestSuiteExecutor.java:164)
	at com.kms.katalon.core.main.TestSuiteExecutor.execute(TestSuiteExecutor.java:105)
	at com.kms.katalon.core.main.TestCaseMain.startTestSuite(TestCaseMain.java:181)
	at com.kms.katalon.core.main.TestCaseMain$startTestSuite$0.call(Unknown Source)
	at TempTestSuite1642210927934.run(TempTestSuite1642210927934.groovy:36)
Caused by: com.kms.katalon.core.webui.exception.WebElementNotFoundException: Web element with id: 'Object Repository/Page_TA Homework 1/button_Edit submission' located by '//section[@id='region-main']/div[2]/div/div/div/div/form/button' not found
	at com.kms.katalon.core.webui.common.WebUiCommonHelper.findWebElement(WebUiCommonHelper.java:1368)
	at com.kms.katalon.core.webui.keyword.internal.WebUIAbstractKeyword.findWebElement(WebUIAbstractKeyword.groovy:27)
	at com.kms.katalon.core.webui.keyword.builtin.ClickKeyword$_click_closure1.doCall(ClickKeyword.groovy:65)
	at com.kms.katalon.core.webui.keyword.builtin.ClickKeyword$_click_closure1.call(ClickKeyword.groovy)
	at com.kms.katalon.core.webui.keyword.internal.WebUIKeywordMain.runKeyword(WebUIKeywordMain.groovy:20)
	... 19 more]]></system-out>
      <system-err><![CDATA[2022-01-15 08:42:20 - [TEST_SUITE][FAILED] - Run all test cases: Test Cases/View notification - Student FAILED.
Reason:
com.kms.katalon.core.exception.StepFailedException: Unable to click on object 'Object Repository/Page_TA Homework 1/button_Edit submission'
	at com.kms.katalon.core.webui.keyword.internal.WebUIKeywordMain.stepFailed(WebUIKeywordMain.groovy:64)
	at com.kms.katalon.core.webui.keyword.internal.WebUIKeywordMain.runKeyword(WebUIKeywordMain.groovy:26)
	at com.kms.katalon.core.webui.keyword.builtin.ClickKeyword.click(ClickKeyword.groovy:74)
	at com.kms.katalon.core.webui.keyword.builtin.ClickKeyword.execute(ClickKeyword.groovy:40)
	at com.kms.katalon.core.keyword.internal.KeywordExecutor.executeKeywordForPlatform(KeywordExecutor.groovy:74)
	at com.kms.katalon.core.webui.keyword.WebUiBuiltInKeywords.click(WebUiBuiltInKeywords.groovy:620)
	at com.kms.katalon.core.webui.keyword.WebUiBuiltInKeywords$click$1.call(Unknown Source)
	at View notification - Student.run(View notification - Student:44)
	at com.kms.katalon.core.main.ScriptEngine.run(ScriptEngine.java:194)
	at com.kms.katalon.core.main.ScriptEngine.runScriptAsRawText(ScriptEngine.java:119)
	at com.kms.katalon.core.main.TestCaseExecutor.runScript(TestCaseExecutor.java:442)
	at com.kms.katalon.core.main.TestCaseExecutor.doExecute(TestCaseExecutor.java:433)
	at com.kms.katalon.core.main.TestCaseExecutor.processExecutionPhase(TestCaseExecutor.java:412)
	at com.kms.katalon.core.main.TestCaseExecutor.accessMainPhase(TestCaseExecutor.java:404)
	at com.kms.katalon.core.main.TestCaseExecutor.execute(TestCaseExecutor.java:281)
	at com.kms.katalon.core.main.TestSuiteExecutor.accessTestCaseMainPhase(TestSuiteExecutor.java:202)
	at com.kms.katalon.core.main.TestSuiteExecutor.accessTestSuiteMainPhase(TestSuiteExecutor.java:164)
	at com.kms.katalon.core.main.TestSuiteExecutor.execute(TestSuiteExecutor.java:105)
	at com.kms.katalon.core.main.TestCaseMain.startTestSuite(TestCaseMain.java:181)
	at com.kms.katalon.core.main.TestCaseMain$startTestSuite$0.call(Unknown Source)
	at TempTestSuite1642210927934.run(TempTestSuite1642210927934.groovy:36)
Caused by: com.kms.katalon.core.webui.exception.WebElementNotFoundException: Web element with id: 'Object Repository/Page_TA Homework 1/button_Edit submission' located by '//section[@id='region-main']/div[2]/div/div/div/div/form/button' not found
	at com.kms.katalon.core.webui.common.WebUiCommonHelper.findWebElement(WebUiCommonHelper.java:1368)
	at com.kms.katalon.core.webui.keyword.internal.WebUIAbstractKeyword.findWebElement(WebUIAbstractKeyword.groovy:27)
	at com.kms.katalon.core.webui.keyword.builtin.ClickKeyword$_click_closure1.doCall(ClickKeyword.groovy:65)
	at com.kms.katalon.core.webui.keyword.builtin.ClickKeyword$_click_closure1.call(ClickKeyword.groovy)
	at com.kms.katalon.core.webui.keyword.internal.WebUIKeywordMain.runKeyword(WebUIKeywordMain.groovy:20)
	... 19 more]]></system-err>
   </testsuite>
</testsuites>
