<?xml version="1.0" encoding="UTF-8"?>
<testsuites name="Run all test cases" time="1332.734" tests="40" failures="4" errors="0">
   <testsuite name="Run all test cases" tests="40" failures="4" errors="0" time="1332.734" skipped="0" timestamp="2022-01-14 22:18:07" hostname="Minh Sĩ Lê - host.docker.internal" id="Test Suites/Run all test cases">
      <properties>
         <property name="deviceName" value=""/>
         <property name="devicePlatform" value=""/>
         <property name="logFolder" value="D:\\TestAutomation-SEBonus-Group10\\Test Automation - SE Bonus\\Reports\\20220114_221756\\Run all test cases\\20220114_221756"/>
         <property name="logFiles" value="D:\\TestAutomation-SEBonus-Group10\\Test Automation - SE Bonus\\Reports\\20220114_221756\\Run all test cases\\20220114_221756\\execution0.log"/>
         <property name="attachments" value="D:\\TestAutomation-SEBonus-Group10\\Test Automation - SE Bonus\\Reports\\20220114_221756\\Run all test cases\\20220114_221756\\1642174282744.png, D:\\TestAutomation-SEBonus-Group10\\Test Automation - SE Bonus\\Reports\\20220114_221756\\Run all test cases\\20220114_221756\\1642174406411.png, D:\\TestAutomation-SEBonus-Group10\\Test Automation - SE Bonus\\Reports\\20220114_221756\\Run all test cases\\20220114_221756\\1642174601544.png, D:\\TestAutomation-SEBonus-Group10\\Test Automation - SE Bonus\\Reports\\20220114_221756\\Run all test cases\\20220114_221756\\1642174643460.png"/>
         <property name="hostName" value="Minh Sĩ Lê - host.docker.internal"/>
         <property name="os" value="Windows 10 64bit"/>
         <property name="katalonVersion" value="8.2.0.208"/>
         <property name="browser" value="Edge Chromium 97"/>
         <property name="hostAddress" value="192.168.1.10"/>
         <property name="sessionId" value="59e2fa8cbcf4086334431402a2c3411c"/>
         <property name="seleniumVersion" value="3.141.59"/>
         <property name="proxyInformation" value="ProxyInformation { proxyOption=NO_PROXY, proxyServerType=HTTP, username=, password=********, proxyServerAddress=, proxyServerPort=0, executionList=&quot;&quot;, isApplyToDesiredCapabilities=true }"/>
         <property name="platform" value="Windows 10"/>
      </properties>
      <testcase name="Test Cases/Create Manager" time="36.074" classname="Test Cases/Create Manager" status="PASSED">
         <system-out><![CDATA[2022-01-14 22:18:07 - [TEST_CASE][PASSED] - Test Cases/Create Manager: Test Cases/Create Manager

2022-01-14 22:18:08 - [TEST_STEP][PASSED] - openBrowser(""): Browser is opened with url: ''

2022-01-14 22:18:08 - [MESSAGE][INFO] - Starting 'Edge Chromium' driver

2022-01-14 22:18:10 - [MESSAGE][INFO] - Action delay is set to 0 milliseconds

2022-01-14 22:18:12 - [MESSAGE][PASSED] - Browser is opened with url: ''

2022-01-14 22:18:12 - [TEST_STEP][PASSED] - navigateToUrl("http://localhost/"): Navigate to 'http://localhost/' successfully

2022-01-14 22:18:13 - [MESSAGE][PASSED] - Navigate to 'http://localhost/' successfully

2022-01-14 22:18:13 - [TEST_STEP][PASSED] - click(findTestObject("Object Repository/Page_Home page/a_Log in")): Object: 'Object Repository/Page_Home page/a_Log in' is clicked on

2022-01-14 22:18:14 - [MESSAGE][PASSED] - Object: 'Object Repository/Page_Home page/a_Log in' is clicked on

2022-01-14 22:18:14 - [TEST_STEP][PASSED] - setText(findTestObject("Object Repository/Page_Home page Log in to the site/input_Username_username"), "admin"): Text 'admin' is set on object 'Object Repository/Page_Home page Log in to the site/input_Username_username'

2022-01-14 22:18:15 - [MESSAGE][PASSED] - Text 'admin' is set on object 'Object Repository/Page_Home page Log in to the site/input_Username_username'

2022-01-14 22:18:15 - [TEST_STEP][PASSED] - setEncryptedText(findTestObject("Page_Home page Log in to the site/input_Password_password (1)"), "OFhcon1PzObx3ErJAwGfGA=="): Text ****** has been set on object 'Object Repository/Page_Home page Log in to the site/input_Password_password (1)'

2022-01-14 22:18:16 - [MESSAGE][PASSED] - Text ****** has been set on object 'Object Repository/Page_Home page Log in to the site/input_Password_password (1)'

2022-01-14 22:18:16 - [TEST_STEP][PASSED] - click(findTestObject("Object Repository/Page_Home page Log in to the site/button_Log in")): Object: 'Object Repository/Page_Home page Log in to the site/button_Log in' is clicked on

2022-01-14 22:18:17 - [MESSAGE][PASSED] - Object: 'Object Repository/Page_Home page Log in to the site/button_Log in' is clicked on

2022-01-14 22:18:17 - [TEST_STEP][PASSED] - click(findTestObject("Object Repository/Page_Dashboard/a_Site administration")): Object: 'Object Repository/Page_Dashboard/a_Site administration' is clicked on

2022-01-14 22:18:19 - [MESSAGE][PASSED] - Object: 'Object Repository/Page_Dashboard/a_Site administration' is clicked on

2022-01-14 22:18:19 - [TEST_STEP][PASSED] - scrollToPosition(0, 0): Browser is scrolled to position x = 0, y = 0

2022-01-14 22:18:19 - [MESSAGE][PASSED] - Browser is scrolled to position x = 0, y = 0

2022-01-14 22:18:19 - [TEST_STEP][PASSED] - click(findTestObject("Object Repository/Page_Group10 Administration Search/a_Users")): Object: 'Object Repository/Page_Group10 Administration Search/a_Users' is clicked on

2022-01-14 22:18:20 - [MESSAGE][PASSED] - Object: 'Object Repository/Page_Group10 Administration Search/a_Users' is clicked on

2022-01-14 22:18:20 - [TEST_STEP][PASSED] - click(findTestObject("Object Repository/Page_Group10 Administration Search/a_Add a new user")): Object: 'Object Repository/Page_Group10 Administration Search/a_Add a new user' is clicked on

2022-01-14 22:18:22 - [MESSAGE][PASSED] - Object: 'Object Repository/Page_Group10 Administration Search/a_Add a new user' is clicked on

2022-01-14 22:18:22 - [TEST_STEP][PASSED] - setText(findTestObject("Object Repository/Page_Group10 Administration Users Accounts _5007a8/input_Username_username"), "manager1"): Text 'manager1' is set on object 'Object Repository/Page_Group10 Administration Users Accounts _5007a8/input_Username_username'

2022-01-14 22:18:23 - [MESSAGE][PASSED] - Text 'manager1' is set on object 'Object Repository/Page_Group10 Administration Users Accounts _5007a8/input_Username_username'

2022-01-14 22:18:23 - [TEST_STEP][PASSED] - click(findTestObject("Object Repository/Page_Group10 Administration Users Accounts _5007a8/em_Click to enter text")): Object: 'Object Repository/Page_Group10 Administration Users Accounts _5007a8/em_Click to enter text' is clicked on

2022-01-14 22:18:24 - [MESSAGE][PASSED] - Object: 'Object Repository/Page_Group10 Administration Users Accounts _5007a8/em_Click to enter text' is clicked on

2022-01-14 22:18:24 - [TEST_STEP][PASSED] - setEncryptedText(findTestObject("Object Repository/Page_Group10 Administration Users Accounts _5007a8/input_New password_newpassword"), "OFhcon1PzObx3ErJAwGfGA=="): Text ****** has been set on object 'Object Repository/Page_Group10 Administration Users Accounts _5007a8/input_New password_newpassword'

2022-01-14 22:18:24 - [MESSAGE][PASSED] - Text ****** has been set on object 'Object Repository/Page_Group10 Administration Users Accounts _5007a8/input_New password_newpassword'

2022-01-14 22:18:24 - [TEST_STEP][PASSED] - click(findTestObject("Object Repository/Page_Group10 Administration Users Accounts _5007a8/i_Click to enter text_icon fa fa-eye fa-fw")): Object: 'Object Repository/Page_Group10 Administration Users Accounts _5007a8/i_Click to enter text_icon fa fa-eye fa-fw' is clicked on

2022-01-14 22:18:25 - [MESSAGE][PASSED] - Object: 'Object Repository/Page_Group10 Administration Users Accounts _5007a8/i_Click to enter text_icon fa fa-eye fa-fw' is clicked on

2022-01-14 22:18:25 - [TEST_STEP][PASSED] - setText(findTestObject("Object Repository/Page_Group10 Administration Users Accounts _5007a8/input_First name_firstname"), "Nguyen"): Text 'Nguyen' is set on object 'Object Repository/Page_Group10 Administration Users Accounts _5007a8/input_First name_firstname'

2022-01-14 22:18:26 - [MESSAGE][PASSED] - Text 'Nguyen' is set on object 'Object Repository/Page_Group10 Administration Users Accounts _5007a8/input_First name_firstname'

2022-01-14 22:18:26 - [TEST_STEP][PASSED] - setText(findTestObject("Object Repository/Page_Group10 Administration Users Accounts _5007a8/input_Surname_lastname"), "Vy"): Text 'Vy' is set on object 'Object Repository/Page_Group10 Administration Users Accounts _5007a8/input_Surname_lastname'

2022-01-14 22:18:27 - [MESSAGE][PASSED] - Text 'Vy' is set on object 'Object Repository/Page_Group10 Administration Users Accounts _5007a8/input_Surname_lastname'

2022-01-14 22:18:27 - [TEST_STEP][PASSED] - setText(findTestObject("Object Repository/Page_Group10 Administration Users Accounts _5007a8/input_Email address_email"), "manager1@email.com"): Text 'manager1@email.com' is set on object 'Object Repository/Page_Group10 Administration Users Accounts _5007a8/input_Email address_email'

2022-01-14 22:18:28 - [MESSAGE][PASSED] - Text 'manager1@email.com' is set on object 'Object Repository/Page_Group10 Administration Users Accounts _5007a8/input_Email address_email'

2022-01-14 22:18:28 - [TEST_STEP][PASSED] - click(findTestObject("Object Repository/Page_Group10 Administration Users Accounts _5007a8/input_Address_submitbutton")): Object: 'Object Repository/Page_Group10 Administration Users Accounts _5007a8/input_Address_submitbutton' is clicked on

2022-01-14 22:18:29 - [MESSAGE][PASSED] - Object: 'Object Repository/Page_Group10 Administration Users Accounts _5007a8/input_Address_submitbutton' is clicked on

2022-01-14 22:18:29 - [TEST_STEP][PASSED] - click(findTestObject("Object Repository/Page_Group10 Administration Users Permissio_4e74a7/a_Site administration")): Object: 'Object Repository/Page_Group10 Administration Users Permissio_4e74a7/a_Site administration' is clicked on

2022-01-14 22:18:31 - [MESSAGE][PASSED] - Object: 'Object Repository/Page_Group10 Administration Users Permissio_4e74a7/a_Site administration' is clicked on

2022-01-14 22:18:31 - [TEST_STEP][PASSED] - scrollToPosition(0, 0): Browser is scrolled to position x = 0, y = 0

2022-01-14 22:18:31 - [MESSAGE][PASSED] - Browser is scrolled to position x = 0, y = 0

2022-01-14 22:18:31 - [TEST_STEP][PASSED] - click(findTestObject("Object Repository/Page_Group10 Administration Search/a_Users")): Object: 'Object Repository/Page_Group10 Administration Search/a_Users' is clicked on

2022-01-14 22:18:31 - [MESSAGE][PASSED] - Object: 'Object Repository/Page_Group10 Administration Search/a_Users' is clicked on

2022-01-14 22:18:31 - [TEST_STEP][PASSED] - click(findTestObject("Object Repository/Page_Group10 Administration Search/a_Assign system roles")): Object: 'Object Repository/Page_Group10 Administration Search/a_Assign system roles' is clicked on

2022-01-14 22:18:33 - [MESSAGE][PASSED] - Object: 'Object Repository/Page_Group10 Administration Search/a_Assign system roles' is clicked on

2022-01-14 22:18:33 - [TEST_STEP][PASSED] - click(findTestObject("Object Repository/Page_Group10 Administration Users Permissio_fb4295/a_Manager")): Object: 'Object Repository/Page_Group10 Administration Users Permissio_fb4295/a_Manager' is clicked on

2022-01-14 22:18:34 - [MESSAGE][PASSED] - Object: 'Object Repository/Page_Group10 Administration Users Permissio_fb4295/a_Manager' is clicked on

2022-01-14 22:18:34 - [TEST_STEP][PASSED] - click(findTestObject("Page_Group10 Administration Users Permissions Assign system roles/option_Nguyen Vy (manager1email.com)")): Object: 'Object Repository/Page_Group10 Administration Users Permissions Assign system roles/option_Nguyen Vy (manager1email.com)' is clicked on

2022-01-14 22:18:34 - [MESSAGE][PASSED] - Object: 'Object Repository/Page_Group10 Administration Users Permissions Assign system roles/option_Nguyen Vy (manager1email.com)' is clicked on

2022-01-14 22:18:34 - [TEST_STEP][PASSED] - click(findTestObject("Object Repository/Page_Group10 Administration Users Permissio_fb4295/input_Match the search text anywhere in the_89f7b5")): Object: 'Object Repository/Page_Group10 Administration Users Permissio_fb4295/input_Match the search text anywhere in the_89f7b5' is clicked on

2022-01-14 22:18:36 - [MESSAGE][PASSED] - Object: 'Object Repository/Page_Group10 Administration Users Permissio_fb4295/input_Match the search text anywhere in the_89f7b5' is clicked on

2022-01-14 22:18:36 - [TEST_STEP][PASSED] - click(findTestObject("Object Repository/Page_Group10 Administration Users Accounts _9567d5/span_AU")): Object: 'Object Repository/Page_Group10 Administration Users Accounts _9567d5/span_AU' is clicked on

2022-01-14 22:18:36 - [MESSAGE][PASSED] - Object: 'Object Repository/Page_Group10 Administration Users Accounts _9567d5/span_AU' is clicked on

2022-01-14 22:18:36 - [TEST_STEP][PASSED] - click(findTestObject("Object Repository/Page_Group10 Administration Users Accounts _9567d5/a_Log out")): Object: 'Object Repository/Page_Group10 Administration Users Accounts _9567d5/a_Log out' is clicked on

2022-01-14 22:18:37 - [MESSAGE][PASSED] - Object: 'Object Repository/Page_Group10 Administration Users Accounts _9567d5/a_Log out' is clicked on

2022-01-14 22:18:37 - [TEST_STEP][PASSED] - click(findTestObject("Object Repository/Page_Home page/span_Log in")): Object: 'Object Repository/Page_Home page/span_Log in' is clicked on

2022-01-14 22:18:38 - [MESSAGE][PASSED] - Object: 'Object Repository/Page_Home page/span_Log in' is clicked on

2022-01-14 22:18:38 - [TEST_STEP][PASSED] - setText(findTestObject("Object Repository/Page_Home page Log in to the site/input_Username_username"), "manager1"): Text 'manager1' is set on object 'Object Repository/Page_Home page Log in to the site/input_Username_username'

2022-01-14 22:18:39 - [MESSAGE][PASSED] - Text 'manager1' is set on object 'Object Repository/Page_Home page Log in to the site/input_Username_username'

2022-01-14 22:18:39 - [TEST_STEP][PASSED] - setEncryptedText(findTestObject("Page_Home page Log in to the site/input_Password_password (1)"), "OFhcon1PzObx3ErJAwGfGA=="): Text ****** has been set on object 'Object Repository/Page_Home page Log in to the site/input_Password_password (1)'

2022-01-14 22:18:39 - [MESSAGE][PASSED] - Text ****** has been set on object 'Object Repository/Page_Home page Log in to the site/input_Password_password (1)'

2022-01-14 22:18:39 - [TEST_STEP][PASSED] - click(findTestObject("Object Repository/Page_Home page Log in to the site/button_Log in")): Object: 'Object Repository/Page_Home page Log in to the site/button_Log in' is clicked on

2022-01-14 22:18:41 - [MESSAGE][PASSED] - Object: 'Object Repository/Page_Home page Log in to the site/button_Log in' is clicked on

2022-01-14 22:18:41 - [TEST_STEP][PASSED] - click(findTestObject("Object Repository/Page_Dashboard/a_NV")): Object: 'Object Repository/Page_Dashboard/a_NV' is clicked on

2022-01-14 22:18:41 - [MESSAGE][PASSED] - Object: 'Object Repository/Page_Dashboard/a_NV' is clicked on

2022-01-14 22:18:41 - [TEST_STEP][PASSED] - click(findTestObject("Object Repository/Page_Dashboard/a_Log out")): Object: 'Object Repository/Page_Dashboard/a_Log out' is clicked on

2022-01-14 22:18:42 - [MESSAGE][PASSED] - Object: 'Object Repository/Page_Dashboard/a_Log out' is clicked on

2022-01-14 22:18:42 - [TEST_STEP][PASSED] - closeBrowser(): Browser is closed

2022-01-14 22:18:43 - [MESSAGE][PASSED] - Browser is closed]]></system-out>
         <system-err><![CDATA[]]></system-err>
      </testcase>
      <testcase name="Test Cases/Create Course creator" time="34.734" classname="Test Cases/Create Course creator" status="PASSED">
         <system-out><![CDATA[2022-01-14 22:18:43 - [TEST_CASE][PASSED] - Test Cases/Create Course creator: Test Cases/Create Course creator

2022-01-14 22:18:44 - [TEST_STEP][PASSED] - openBrowser(""): Browser is opened with url: ''

2022-01-14 22:18:44 - [MESSAGE][INFO] - Starting 'Edge Chromium' driver

2022-01-14 22:18:46 - [MESSAGE][INFO] - Action delay is set to 0 milliseconds

2022-01-14 22:18:47 - [MESSAGE][PASSED] - Browser is opened with url: ''

2022-01-14 22:18:47 - [TEST_STEP][PASSED] - navigateToUrl("http://localhost/"): Navigate to 'http://localhost/' successfully

2022-01-14 22:18:48 - [MESSAGE][PASSED] - Navigate to 'http://localhost/' successfully

2022-01-14 22:18:48 - [TEST_STEP][PASSED] - click(findTestObject("Object Repository/Page_Home page/a_Log in")): Object: 'Object Repository/Page_Home page/a_Log in' is clicked on

2022-01-14 22:18:49 - [MESSAGE][PASSED] - Object: 'Object Repository/Page_Home page/a_Log in' is clicked on

2022-01-14 22:18:49 - [TEST_STEP][PASSED] - setText(findTestObject("Object Repository/Page_Home page Log in to the site/input_Username_username"), "admin"): Text 'admin' is set on object 'Object Repository/Page_Home page Log in to the site/input_Username_username'

2022-01-14 22:18:49 - [MESSAGE][PASSED] - Text 'admin' is set on object 'Object Repository/Page_Home page Log in to the site/input_Username_username'

2022-01-14 22:18:49 - [TEST_STEP][PASSED] - setEncryptedText(findTestObject("Page_Home page Log in to the site/input_Password_password (1)"), "OFhcon1PzObx3ErJAwGfGA=="): Text ****** has been set on object 'Object Repository/Page_Home page Log in to the site/input_Password_password (1)'

2022-01-14 22:18:50 - [MESSAGE][PASSED] - Text ****** has been set on object 'Object Repository/Page_Home page Log in to the site/input_Password_password (1)'

2022-01-14 22:18:50 - [TEST_STEP][PASSED] - click(findTestObject("Object Repository/Page_Home page Log in to the site/button_Log in")): Object: 'Object Repository/Page_Home page Log in to the site/button_Log in' is clicked on

2022-01-14 22:18:51 - [MESSAGE][PASSED] - Object: 'Object Repository/Page_Home page Log in to the site/button_Log in' is clicked on

2022-01-14 22:18:51 - [TEST_STEP][PASSED] - click(findTestObject("Object Repository/Page_Dashboard/a_Site administration")): Object: 'Object Repository/Page_Dashboard/a_Site administration' is clicked on

2022-01-14 22:18:53 - [MESSAGE][PASSED] - Object: 'Object Repository/Page_Dashboard/a_Site administration' is clicked on

2022-01-14 22:18:53 - [TEST_STEP][PASSED] - scrollToPosition(0, 0): Browser is scrolled to position x = 0, y = 0

2022-01-14 22:18:53 - [MESSAGE][PASSED] - Browser is scrolled to position x = 0, y = 0

2022-01-14 22:18:53 - [TEST_STEP][PASSED] - click(findTestObject("Object Repository/Page_Group10 Administration Search/a_Users")): Object: 'Object Repository/Page_Group10 Administration Search/a_Users' is clicked on

2022-01-14 22:18:54 - [MESSAGE][PASSED] - Object: 'Object Repository/Page_Group10 Administration Search/a_Users' is clicked on

2022-01-14 22:18:54 - [TEST_STEP][PASSED] - click(findTestObject("Object Repository/Page_Group10 Administration Search/a_Add a new user")): Object: 'Object Repository/Page_Group10 Administration Search/a_Add a new user' is clicked on

2022-01-14 22:18:55 - [MESSAGE][PASSED] - Object: 'Object Repository/Page_Group10 Administration Search/a_Add a new user' is clicked on

2022-01-14 22:18:55 - [TEST_STEP][PASSED] - setText(findTestObject("Object Repository/Page_Group10 Administration Users Accounts _5007a8/input_Username_username"), "coursecreator1"): Text 'coursecreator1' is set on object 'Object Repository/Page_Group10 Administration Users Accounts _5007a8/input_Username_username'

2022-01-14 22:18:57 - [MESSAGE][PASSED] - Text 'coursecreator1' is set on object 'Object Repository/Page_Group10 Administration Users Accounts _5007a8/input_Username_username'

2022-01-14 22:18:57 - [TEST_STEP][PASSED] - click(findTestObject("Object Repository/Page_Group10 Administration Users Accounts _5007a8/em_Click to enter text")): Object: 'Object Repository/Page_Group10 Administration Users Accounts _5007a8/em_Click to enter text' is clicked on

2022-01-14 22:18:57 - [MESSAGE][PASSED] - Object: 'Object Repository/Page_Group10 Administration Users Accounts _5007a8/em_Click to enter text' is clicked on

2022-01-14 22:18:57 - [TEST_STEP][PASSED] - setEncryptedText(findTestObject("Object Repository/Page_Group10 Administration Users Accounts _5007a8/input_New password_newpassword"), "OFhcon1PzObx3ErJAwGfGA=="): Text ****** has been set on object 'Object Repository/Page_Group10 Administration Users Accounts _5007a8/input_New password_newpassword'

2022-01-14 22:18:58 - [MESSAGE][PASSED] - Text ****** has been set on object 'Object Repository/Page_Group10 Administration Users Accounts _5007a8/input_New password_newpassword'

2022-01-14 22:18:58 - [TEST_STEP][PASSED] - click(findTestObject("Object Repository/Page_Group10 Administration Users Accounts _5007a8/i_Click to enter text_icon fa fa-eye fa-fw")): Object: 'Object Repository/Page_Group10 Administration Users Accounts _5007a8/i_Click to enter text_icon fa fa-eye fa-fw' is clicked on

2022-01-14 22:18:59 - [MESSAGE][PASSED] - Object: 'Object Repository/Page_Group10 Administration Users Accounts _5007a8/i_Click to enter text_icon fa fa-eye fa-fw' is clicked on

2022-01-14 22:18:59 - [TEST_STEP][PASSED] - setText(findTestObject("Object Repository/Page_Group10 Administration Users Accounts _5007a8/input_First name_firstname"), "Nguyen"): Text 'Nguyen' is set on object 'Object Repository/Page_Group10 Administration Users Accounts _5007a8/input_First name_firstname'

2022-01-14 22:18:59 - [MESSAGE][PASSED] - Text 'Nguyen' is set on object 'Object Repository/Page_Group10 Administration Users Accounts _5007a8/input_First name_firstname'

2022-01-14 22:18:59 - [TEST_STEP][PASSED] - setText(findTestObject("Object Repository/Page_Group10 Administration Users Accounts _5007a8/input_Surname_lastname"), "Nga"): Text 'Nga' is set on object 'Object Repository/Page_Group10 Administration Users Accounts _5007a8/input_Surname_lastname'

2022-01-14 22:19:00 - [MESSAGE][PASSED] - Text 'Nga' is set on object 'Object Repository/Page_Group10 Administration Users Accounts _5007a8/input_Surname_lastname'

2022-01-14 22:19:00 - [TEST_STEP][PASSED] - setText(findTestObject("Object Repository/Page_Group10 Administration Users Accounts _5007a8/input_Email address_email"), "coursecreator1@email.com"): Text 'coursecreator1@email.com' is set on object 'Object Repository/Page_Group10 Administration Users Accounts _5007a8/input_Email address_email'

2022-01-14 22:19:01 - [MESSAGE][PASSED] - Text 'coursecreator1@email.com' is set on object 'Object Repository/Page_Group10 Administration Users Accounts _5007a8/input_Email address_email'

2022-01-14 22:19:01 - [TEST_STEP][PASSED] - click(findTestObject("Object Repository/Page_Group10 Administration Users Accounts _5007a8/input_Address_submitbutton")): Object: 'Object Repository/Page_Group10 Administration Users Accounts _5007a8/input_Address_submitbutton' is clicked on

2022-01-14 22:19:03 - [MESSAGE][PASSED] - Object: 'Object Repository/Page_Group10 Administration Users Accounts _5007a8/input_Address_submitbutton' is clicked on

2022-01-14 22:19:03 - [TEST_STEP][PASSED] - click(findTestObject("Object Repository/Page_Group10 Administration Users Permissio_4e74a7/a_Site administration")): Object: 'Object Repository/Page_Group10 Administration Users Permissio_4e74a7/a_Site administration' is clicked on

2022-01-14 22:19:05 - [MESSAGE][PASSED] - Object: 'Object Repository/Page_Group10 Administration Users Permissio_4e74a7/a_Site administration' is clicked on

2022-01-14 22:19:05 - [TEST_STEP][PASSED] - scrollToPosition(0, 0): Browser is scrolled to position x = 0, y = 0

2022-01-14 22:19:05 - [MESSAGE][PASSED] - Browser is scrolled to position x = 0, y = 0

2022-01-14 22:19:05 - [TEST_STEP][PASSED] - click(findTestObject("Object Repository/Page_Group10 Administration Search/a_Users")): Object: 'Object Repository/Page_Group10 Administration Search/a_Users' is clicked on

2022-01-14 22:19:05 - [MESSAGE][PASSED] - Object: 'Object Repository/Page_Group10 Administration Search/a_Users' is clicked on

2022-01-14 22:19:05 - [TEST_STEP][PASSED] - click(findTestObject("Object Repository/Page_Group10 Administration Search/a_Assign system roles")): Object: 'Object Repository/Page_Group10 Administration Search/a_Assign system roles' is clicked on

2022-01-14 22:19:07 - [MESSAGE][PASSED] - Object: 'Object Repository/Page_Group10 Administration Search/a_Assign system roles' is clicked on

2022-01-14 22:19:07 - [TEST_STEP][PASSED] - click(findTestObject("Page_Group10 Administration Users Permissions Assign system roles/a_Course creator")): Object: 'Object Repository/Page_Group10 Administration Users Permissions Assign system roles/a_Course creator' is clicked on

2022-01-14 22:19:08 - [MESSAGE][PASSED] - Object: 'Object Repository/Page_Group10 Administration Users Permissions Assign system roles/a_Course creator' is clicked on

2022-01-14 22:19:08 - [TEST_STEP][PASSED] - click(findTestObject("Page_Group10 Administration Users Permissions Assign system roles/option_Nguyen Nga (coursecreator1email.com)")): Object: 'Object Repository/Page_Group10 Administration Users Permissions Assign system roles/option_Nguyen Nga (coursecreator1email.com)' is clicked on

2022-01-14 22:19:09 - [MESSAGE][PASSED] - Object: 'Object Repository/Page_Group10 Administration Users Permissions Assign system roles/option_Nguyen Nga (coursecreator1email.com)' is clicked on

2022-01-14 22:19:09 - [TEST_STEP][PASSED] - click(findTestObject("Object Repository/Page_Group10 Administration Users Permissio_fb4295/input_Match the search text anywhere in the_89f7b5")): Object: 'Object Repository/Page_Group10 Administration Users Permissio_fb4295/input_Match the search text anywhere in the_89f7b5' is clicked on

2022-01-14 22:19:10 - [MESSAGE][PASSED] - Object: 'Object Repository/Page_Group10 Administration Users Permissio_fb4295/input_Match the search text anywhere in the_89f7b5' is clicked on

2022-01-14 22:19:10 - [TEST_STEP][PASSED] - click(findTestObject("Object Repository/Page_Group10 Administration Users Accounts _9567d5/span_AU")): Object: 'Object Repository/Page_Group10 Administration Users Accounts _9567d5/span_AU' is clicked on

2022-01-14 22:19:10 - [MESSAGE][PASSED] - Object: 'Object Repository/Page_Group10 Administration Users Accounts _9567d5/span_AU' is clicked on

2022-01-14 22:19:10 - [TEST_STEP][PASSED] - click(findTestObject("Object Repository/Page_Group10 Administration Users Accounts _9567d5/a_Log out")): Object: 'Object Repository/Page_Group10 Administration Users Accounts _9567d5/a_Log out' is clicked on

2022-01-14 22:19:11 - [MESSAGE][PASSED] - Object: 'Object Repository/Page_Group10 Administration Users Accounts _9567d5/a_Log out' is clicked on

2022-01-14 22:19:11 - [TEST_STEP][PASSED] - click(findTestObject("Object Repository/Page_Home page/span_Log in")): Object: 'Object Repository/Page_Home page/span_Log in' is clicked on

2022-01-14 22:19:12 - [MESSAGE][PASSED] - Object: 'Object Repository/Page_Home page/span_Log in' is clicked on

2022-01-14 22:19:12 - [TEST_STEP][PASSED] - setText(findTestObject("Object Repository/Page_Home page Log in to the site/input_Username_username"), "coursecreator1"): Text 'coursecreator1' is set on object 'Object Repository/Page_Home page Log in to the site/input_Username_username'

2022-01-14 22:19:13 - [MESSAGE][PASSED] - Text 'coursecreator1' is set on object 'Object Repository/Page_Home page Log in to the site/input_Username_username'

2022-01-14 22:19:13 - [TEST_STEP][PASSED] - setEncryptedText(findTestObject("Page_Home page Log in to the site/input_Password_password (1)"), "OFhcon1PzObx3ErJAwGfGA=="): Text ****** has been set on object 'Object Repository/Page_Home page Log in to the site/input_Password_password (1)'

2022-01-14 22:19:13 - [MESSAGE][PASSED] - Text ****** has been set on object 'Object Repository/Page_Home page Log in to the site/input_Password_password (1)'

2022-01-14 22:19:13 - [TEST_STEP][PASSED] - click(findTestObject("Object Repository/Page_Home page Log in to the site/button_Log in")): Object: 'Object Repository/Page_Home page Log in to the site/button_Log in' is clicked on

2022-01-14 22:19:15 - [MESSAGE][PASSED] - Object: 'Object Repository/Page_Home page Log in to the site/button_Log in' is clicked on

2022-01-14 22:19:15 - [TEST_STEP][PASSED] - click(findTestObject("Object Repository/Page_Dashboard/a_NV")): Object: 'Object Repository/Page_Dashboard/a_NV' is clicked on

2022-01-14 22:19:16 - [MESSAGE][PASSED] - Object: 'Object Repository/Page_Dashboard/a_NV' is clicked on

2022-01-14 22:19:16 - [TEST_STEP][PASSED] - click(findTestObject("Object Repository/Page_Dashboard/a_Log out")): Object: 'Object Repository/Page_Dashboard/a_Log out' is clicked on

2022-01-14 22:19:17 - [MESSAGE][PASSED] - Object: 'Object Repository/Page_Dashboard/a_Log out' is clicked on

2022-01-14 22:19:17 - [TEST_STEP][PASSED] - closeBrowser(): Browser is closed

2022-01-14 22:19:18 - [MESSAGE][PASSED] - Browser is closed]]></system-out>
         <system-err><![CDATA[]]></system-err>
      </testcase>
      <testcase name="Test Cases/Create Teacher" time="34.155" classname="Test Cases/Create Teacher" status="PASSED">
         <system-out><![CDATA[2022-01-14 22:19:18 - [TEST_CASE][PASSED] - Test Cases/Create Teacher: Test Cases/Create Teacher

2022-01-14 22:19:18 - [TEST_STEP][PASSED] - openBrowser(""): Browser is opened with url: ''

2022-01-14 22:19:18 - [MESSAGE][INFO] - Starting 'Edge Chromium' driver

2022-01-14 22:19:20 - [MESSAGE][INFO] - Action delay is set to 0 milliseconds

2022-01-14 22:19:21 - [MESSAGE][PASSED] - Browser is opened with url: ''

2022-01-14 22:19:21 - [TEST_STEP][PASSED] - navigateToUrl("http://localhost/"): Navigate to 'http://localhost/' successfully

2022-01-14 22:19:22 - [MESSAGE][PASSED] - Navigate to 'http://localhost/' successfully

2022-01-14 22:19:22 - [TEST_STEP][PASSED] - click(findTestObject("Object Repository/Page_Home page/a_Log in")): Object: 'Object Repository/Page_Home page/a_Log in' is clicked on

2022-01-14 22:19:23 - [MESSAGE][PASSED] - Object: 'Object Repository/Page_Home page/a_Log in' is clicked on

2022-01-14 22:19:23 - [TEST_STEP][PASSED] - setText(findTestObject("Object Repository/Page_Home page Log in to the site/input_Username_username"), "admin"): Text 'admin' is set on object 'Object Repository/Page_Home page Log in to the site/input_Username_username'

2022-01-14 22:19:24 - [MESSAGE][PASSED] - Text 'admin' is set on object 'Object Repository/Page_Home page Log in to the site/input_Username_username'

2022-01-14 22:19:24 - [TEST_STEP][PASSED] - setEncryptedText(findTestObject("Page_Home page Log in to the site/input_Password_password (1)"), "OFhcon1PzObx3ErJAwGfGA=="): Text ****** has been set on object 'Object Repository/Page_Home page Log in to the site/input_Password_password (1)'

2022-01-14 22:19:24 - [MESSAGE][PASSED] - Text ****** has been set on object 'Object Repository/Page_Home page Log in to the site/input_Password_password (1)'

2022-01-14 22:19:24 - [TEST_STEP][PASSED] - click(findTestObject("Object Repository/Page_Home page Log in to the site/button_Log in")): Object: 'Object Repository/Page_Home page Log in to the site/button_Log in' is clicked on

2022-01-14 22:19:26 - [MESSAGE][PASSED] - Object: 'Object Repository/Page_Home page Log in to the site/button_Log in' is clicked on

2022-01-14 22:19:26 - [TEST_STEP][PASSED] - click(findTestObject("Object Repository/Page_Dashboard/a_Site administration")): Object: 'Object Repository/Page_Dashboard/a_Site administration' is clicked on

2022-01-14 22:19:28 - [MESSAGE][PASSED] - Object: 'Object Repository/Page_Dashboard/a_Site administration' is clicked on

2022-01-14 22:19:28 - [TEST_STEP][PASSED] - click(findTestObject("Object Repository/Page_Group10 Administration Search/a_Users")): Object: 'Object Repository/Page_Group10 Administration Search/a_Users' is clicked on

2022-01-14 22:19:28 - [MESSAGE][PASSED] - Object: 'Object Repository/Page_Group10 Administration Search/a_Users' is clicked on

2022-01-14 22:19:28 - [TEST_STEP][PASSED] - click(findTestObject("Object Repository/Page_Group10 Administration Search/a_Add a new user")): Object: 'Object Repository/Page_Group10 Administration Search/a_Add a new user' is clicked on

2022-01-14 22:19:30 - [MESSAGE][PASSED] - Object: 'Object Repository/Page_Group10 Administration Search/a_Add a new user' is clicked on

2022-01-14 22:19:30 - [TEST_STEP][PASSED] - setText(findTestObject("Object Repository/Page_Group10 Administration Users Accounts _5007a8/input_Username_username"), "teacher1"): Text 'teacher1' is set on object 'Object Repository/Page_Group10 Administration Users Accounts _5007a8/input_Username_username'

2022-01-14 22:19:31 - [MESSAGE][PASSED] - Text 'teacher1' is set on object 'Object Repository/Page_Group10 Administration Users Accounts _5007a8/input_Username_username'

2022-01-14 22:19:31 - [TEST_STEP][PASSED] - click(findTestObject("Object Repository/Page_Group10 Administration Users Accounts _5007a8/em_Click to enter text")): Object: 'Object Repository/Page_Group10 Administration Users Accounts _5007a8/em_Click to enter text' is clicked on

2022-01-14 22:19:32 - [MESSAGE][PASSED] - Object: 'Object Repository/Page_Group10 Administration Users Accounts _5007a8/em_Click to enter text' is clicked on

2022-01-14 22:19:32 - [TEST_STEP][PASSED] - setEncryptedText(findTestObject("Object Repository/Page_Group10 Administration Users Accounts _5007a8/input_New password_newpassword"), "OFhcon1PzObx3ErJAwGfGA=="): Text ****** has been set on object 'Object Repository/Page_Group10 Administration Users Accounts _5007a8/input_New password_newpassword'

2022-01-14 22:19:33 - [MESSAGE][PASSED] - Text ****** has been set on object 'Object Repository/Page_Group10 Administration Users Accounts _5007a8/input_New password_newpassword'

2022-01-14 22:19:33 - [TEST_STEP][PASSED] - click(findTestObject("Object Repository/Page_Group10 Administration Users Accounts _5007a8/i_Click to enter text_icon fa fa-eye fa-fw")): Object: 'Object Repository/Page_Group10 Administration Users Accounts _5007a8/i_Click to enter text_icon fa fa-eye fa-fw' is clicked on

2022-01-14 22:19:33 - [MESSAGE][PASSED] - Object: 'Object Repository/Page_Group10 Administration Users Accounts _5007a8/i_Click to enter text_icon fa fa-eye fa-fw' is clicked on

2022-01-14 22:19:33 - [TEST_STEP][PASSED] - setText(findTestObject("Object Repository/Page_Group10 Administration Users Accounts _5007a8/input_First name_firstname"), "Nguyen"): Text 'Nguyen' is set on object 'Object Repository/Page_Group10 Administration Users Accounts _5007a8/input_First name_firstname'

2022-01-14 22:19:34 - [MESSAGE][PASSED] - Text 'Nguyen' is set on object 'Object Repository/Page_Group10 Administration Users Accounts _5007a8/input_First name_firstname'

2022-01-14 22:19:34 - [TEST_STEP][PASSED] - setText(findTestObject("Object Repository/Page_Group10 Administration Users Accounts _5007a8/input_Surname_lastname"), "Nga"): Text 'Nga' is set on object 'Object Repository/Page_Group10 Administration Users Accounts _5007a8/input_Surname_lastname'

2022-01-14 22:19:35 - [MESSAGE][PASSED] - Text 'Nga' is set on object 'Object Repository/Page_Group10 Administration Users Accounts _5007a8/input_Surname_lastname'

2022-01-14 22:19:35 - [TEST_STEP][PASSED] - setText(findTestObject("Object Repository/Page_Group10 Administration Users Accounts _5007a8/input_Email address_email"), "teacher1@email.com"): Text 'teacher1@email.com' is set on object 'Object Repository/Page_Group10 Administration Users Accounts _5007a8/input_Email address_email'

2022-01-14 22:19:36 - [MESSAGE][PASSED] - Text 'teacher1@email.com' is set on object 'Object Repository/Page_Group10 Administration Users Accounts _5007a8/input_Email address_email'

2022-01-14 22:19:36 - [TEST_STEP][PASSED] - click(findTestObject("Object Repository/Page_Group10 Administration Users Accounts _5007a8/input_Address_submitbutton")): Object: 'Object Repository/Page_Group10 Administration Users Accounts _5007a8/input_Address_submitbutton' is clicked on

2022-01-14 22:19:38 - [MESSAGE][PASSED] - Object: 'Object Repository/Page_Group10 Administration Users Accounts _5007a8/input_Address_submitbutton' is clicked on

2022-01-14 22:19:38 - [TEST_STEP][PASSED] - click(findTestObject("Object Repository/Page_Group10 Administration Users Permissio_4e74a7/a_Site administration")): Object: 'Object Repository/Page_Group10 Administration Users Permissio_4e74a7/a_Site administration' is clicked on

2022-01-14 22:19:39 - [MESSAGE][PASSED] - Object: 'Object Repository/Page_Group10 Administration Users Permissio_4e74a7/a_Site administration' is clicked on

2022-01-14 22:19:39 - [TEST_STEP][PASSED] - scrollToPosition(0, 0): Browser is scrolled to position x = 0, y = 0

2022-01-14 22:19:39 - [MESSAGE][PASSED] - Browser is scrolled to position x = 0, y = 0

2022-01-14 22:19:39 - [TEST_STEP][PASSED] - click(findTestObject("Object Repository/Page_Group10 Administration Search/a_Users")): Object: 'Object Repository/Page_Group10 Administration Search/a_Users' is clicked on

2022-01-14 22:19:40 - [MESSAGE][PASSED] - Object: 'Object Repository/Page_Group10 Administration Search/a_Users' is clicked on

2022-01-14 22:19:40 - [TEST_STEP][PASSED] - click(findTestObject("Object Repository/Page_Group10 Administration Search/a_Assign system roles")): Object: 'Object Repository/Page_Group10 Administration Search/a_Assign system roles' is clicked on

2022-01-14 22:19:41 - [MESSAGE][PASSED] - Object: 'Object Repository/Page_Group10 Administration Search/a_Assign system roles' is clicked on

2022-01-14 22:19:41 - [TEST_STEP][PASSED] - click(findTestObject("Page_Group10 Administration Users Permissions Assign system roles/a_Teacher")): Object: 'Object Repository/Page_Group10 Administration Users Permissions Assign system roles/a_Teacher' is clicked on

2022-01-14 22:19:42 - [MESSAGE][PASSED] - Object: 'Object Repository/Page_Group10 Administration Users Permissions Assign system roles/a_Teacher' is clicked on

2022-01-14 22:19:42 - [TEST_STEP][PASSED] - click(findTestObject("Page_Group10 Administration Users Permissions Assign system roles/option_Nguyen Nga (teacher1email.com)")): Object: 'Object Repository/Page_Group10 Administration Users Permissions Assign system roles/option_Nguyen Nga (teacher1email.com)' is clicked on

2022-01-14 22:19:43 - [MESSAGE][PASSED] - Object: 'Object Repository/Page_Group10 Administration Users Permissions Assign system roles/option_Nguyen Nga (teacher1email.com)' is clicked on

2022-01-14 22:19:43 - [TEST_STEP][PASSED] - click(findTestObject("Object Repository/Page_Group10 Administration Users Permissio_fb4295/input_Match the search text anywhere in the_89f7b5")): Object: 'Object Repository/Page_Group10 Administration Users Permissio_fb4295/input_Match the search text anywhere in the_89f7b5' is clicked on

2022-01-14 22:19:45 - [MESSAGE][PASSED] - Object: 'Object Repository/Page_Group10 Administration Users Permissio_fb4295/input_Match the search text anywhere in the_89f7b5' is clicked on

2022-01-14 22:19:45 - [TEST_STEP][PASSED] - click(findTestObject("Object Repository/Page_Group10 Administration Users Accounts _9567d5/span_AU")): Object: 'Object Repository/Page_Group10 Administration Users Accounts _9567d5/span_AU' is clicked on

2022-01-14 22:19:45 - [MESSAGE][PASSED] - Object: 'Object Repository/Page_Group10 Administration Users Accounts _9567d5/span_AU' is clicked on

2022-01-14 22:19:45 - [TEST_STEP][PASSED] - click(findTestObject("Object Repository/Page_Group10 Administration Users Accounts _9567d5/a_Log out")): Object: 'Object Repository/Page_Group10 Administration Users Accounts _9567d5/a_Log out' is clicked on

2022-01-14 22:19:46 - [MESSAGE][PASSED] - Object: 'Object Repository/Page_Group10 Administration Users Accounts _9567d5/a_Log out' is clicked on

2022-01-14 22:19:46 - [TEST_STEP][PASSED] - click(findTestObject("Object Repository/Page_Home page/span_Log in")): Object: 'Object Repository/Page_Home page/span_Log in' is clicked on

2022-01-14 22:19:47 - [MESSAGE][PASSED] - Object: 'Object Repository/Page_Home page/span_Log in' is clicked on

2022-01-14 22:19:47 - [TEST_STEP][PASSED] - setText(findTestObject("Object Repository/Page_Home page Log in to the site/input_Username_username"), "teacher1"): Text 'teacher1' is set on object 'Object Repository/Page_Home page Log in to the site/input_Username_username'

2022-01-14 22:19:48 - [MESSAGE][PASSED] - Text 'teacher1' is set on object 'Object Repository/Page_Home page Log in to the site/input_Username_username'

2022-01-14 22:19:48 - [TEST_STEP][PASSED] - setEncryptedText(findTestObject("Page_Home page Log in to the site/input_Password_password (1)"), "OFhcon1PzObx3ErJAwGfGA=="): Text ****** has been set on object 'Object Repository/Page_Home page Log in to the site/input_Password_password (1)'

2022-01-14 22:19:48 - [MESSAGE][PASSED] - Text ****** has been set on object 'Object Repository/Page_Home page Log in to the site/input_Password_password (1)'

2022-01-14 22:19:48 - [TEST_STEP][PASSED] - click(findTestObject("Object Repository/Page_Home page Log in to the site/button_Log in")): Object: 'Object Repository/Page_Home page Log in to the site/button_Log in' is clicked on

2022-01-14 22:19:49 - [MESSAGE][PASSED] - Object: 'Object Repository/Page_Home page Log in to the site/button_Log in' is clicked on

2022-01-14 22:19:49 - [TEST_STEP][PASSED] - click(findTestObject("Object Repository/Page_Dashboard/a_NV")): Object: 'Object Repository/Page_Dashboard/a_NV' is clicked on

2022-01-14 22:19:50 - [MESSAGE][PASSED] - Object: 'Object Repository/Page_Dashboard/a_NV' is clicked on

2022-01-14 22:19:50 - [TEST_STEP][PASSED] - click(findTestObject("Object Repository/Page_Dashboard/a_Log out")): Object: 'Object Repository/Page_Dashboard/a_Log out' is clicked on

2022-01-14 22:19:51 - [MESSAGE][PASSED] - Object: 'Object Repository/Page_Dashboard/a_Log out' is clicked on

2022-01-14 22:19:51 - [TEST_STEP][PASSED] - closeBrowser(): Browser is closed

2022-01-14 22:19:52 - [MESSAGE][PASSED] - Browser is closed]]></system-out>
         <system-err><![CDATA[]]></system-err>
      </testcase>
      <testcase name="Test Cases/Create nonediting teacher" time="34.774" classname="Test Cases/Create nonediting teacher" status="PASSED">
         <system-out><![CDATA[2022-01-14 22:19:52 - [TEST_CASE][PASSED] - Test Cases/Create nonediting teacher: Test Cases/Create nonediting teacher

2022-01-14 22:19:52 - [TEST_STEP][PASSED] - openBrowser(""): Browser is opened with url: ''

2022-01-14 22:19:52 - [MESSAGE][INFO] - Starting 'Edge Chromium' driver

2022-01-14 22:19:55 - [MESSAGE][INFO] - Action delay is set to 0 milliseconds

2022-01-14 22:19:56 - [MESSAGE][PASSED] - Browser is opened with url: ''

2022-01-14 22:19:56 - [TEST_STEP][PASSED] - navigateToUrl("http://localhost/"): Navigate to 'http://localhost/' successfully

2022-01-14 22:19:57 - [MESSAGE][PASSED] - Navigate to 'http://localhost/' successfully

2022-01-14 22:19:57 - [TEST_STEP][PASSED] - click(findTestObject("Object Repository/Page_Home page/a_Log in")): Object: 'Object Repository/Page_Home page/a_Log in' is clicked on

2022-01-14 22:19:58 - [MESSAGE][PASSED] - Object: 'Object Repository/Page_Home page/a_Log in' is clicked on

2022-01-14 22:19:58 - [TEST_STEP][PASSED] - setText(findTestObject("Object Repository/Page_Home page Log in to the site/input_Username_username"), "admin"): Text 'admin' is set on object 'Object Repository/Page_Home page Log in to the site/input_Username_username'

2022-01-14 22:19:58 - [MESSAGE][PASSED] - Text 'admin' is set on object 'Object Repository/Page_Home page Log in to the site/input_Username_username'

2022-01-14 22:19:58 - [TEST_STEP][PASSED] - setEncryptedText(findTestObject("Page_Home page Log in to the site/input_Password_password (1)"), "OFhcon1PzObx3ErJAwGfGA=="): Text ****** has been set on object 'Object Repository/Page_Home page Log in to the site/input_Password_password (1)'

2022-01-14 22:19:59 - [MESSAGE][PASSED] - Text ****** has been set on object 'Object Repository/Page_Home page Log in to the site/input_Password_password (1)'

2022-01-14 22:19:59 - [TEST_STEP][PASSED] - click(findTestObject("Object Repository/Page_Home page Log in to the site/button_Log in")): Object: 'Object Repository/Page_Home page Log in to the site/button_Log in' is clicked on

2022-01-14 22:20:00 - [MESSAGE][PASSED] - Object: 'Object Repository/Page_Home page Log in to the site/button_Log in' is clicked on

2022-01-14 22:20:00 - [TEST_STEP][PASSED] - click(findTestObject("Object Repository/Page_Dashboard/a_Site administration")): Object: 'Object Repository/Page_Dashboard/a_Site administration' is clicked on

2022-01-14 22:20:02 - [MESSAGE][PASSED] - Object: 'Object Repository/Page_Dashboard/a_Site administration' is clicked on

2022-01-14 22:20:02 - [TEST_STEP][PASSED] - click(findTestObject("Object Repository/Page_Group10 Administration Search/a_Users")): Object: 'Object Repository/Page_Group10 Administration Search/a_Users' is clicked on

2022-01-14 22:20:03 - [MESSAGE][PASSED] - Object: 'Object Repository/Page_Group10 Administration Search/a_Users' is clicked on

2022-01-14 22:20:03 - [TEST_STEP][PASSED] - click(findTestObject("Object Repository/Page_Group10 Administration Search/a_Add a new user")): Object: 'Object Repository/Page_Group10 Administration Search/a_Add a new user' is clicked on

2022-01-14 22:20:04 - [MESSAGE][PASSED] - Object: 'Object Repository/Page_Group10 Administration Search/a_Add a new user' is clicked on

2022-01-14 22:20:04 - [TEST_STEP][PASSED] - setText(findTestObject("Object Repository/Page_Group10 Administration Users Accounts _5007a8/input_Username_username"), "noneditingteacher1"): Text 'noneditingteacher1' is set on object 'Object Repository/Page_Group10 Administration Users Accounts _5007a8/input_Username_username'

2022-01-14 22:20:06 - [MESSAGE][PASSED] - Text 'noneditingteacher1' is set on object 'Object Repository/Page_Group10 Administration Users Accounts _5007a8/input_Username_username'

2022-01-14 22:20:06 - [TEST_STEP][PASSED] - click(findTestObject("Object Repository/Page_Group10 Administration Users Accounts _5007a8/em_Click to enter text")): Object: 'Object Repository/Page_Group10 Administration Users Accounts _5007a8/em_Click to enter text' is clicked on

2022-01-14 22:20:07 - [MESSAGE][PASSED] - Object: 'Object Repository/Page_Group10 Administration Users Accounts _5007a8/em_Click to enter text' is clicked on

2022-01-14 22:20:07 - [TEST_STEP][PASSED] - setEncryptedText(findTestObject("Object Repository/Page_Group10 Administration Users Accounts _5007a8/input_New password_newpassword"), "OFhcon1PzObx3ErJAwGfGA=="): Text ****** has been set on object 'Object Repository/Page_Group10 Administration Users Accounts _5007a8/input_New password_newpassword'

2022-01-14 22:20:07 - [MESSAGE][PASSED] - Text ****** has been set on object 'Object Repository/Page_Group10 Administration Users Accounts _5007a8/input_New password_newpassword'

2022-01-14 22:20:07 - [TEST_STEP][PASSED] - click(findTestObject("Object Repository/Page_Group10 Administration Users Accounts _5007a8/i_Click to enter text_icon fa fa-eye fa-fw")): Object: 'Object Repository/Page_Group10 Administration Users Accounts _5007a8/i_Click to enter text_icon fa fa-eye fa-fw' is clicked on

2022-01-14 22:20:08 - [MESSAGE][PASSED] - Object: 'Object Repository/Page_Group10 Administration Users Accounts _5007a8/i_Click to enter text_icon fa fa-eye fa-fw' is clicked on

2022-01-14 22:20:08 - [TEST_STEP][PASSED] - setText(findTestObject("Object Repository/Page_Group10 Administration Users Accounts _5007a8/input_First name_firstname"), "Tran"): Text 'Tran' is set on object 'Object Repository/Page_Group10 Administration Users Accounts _5007a8/input_First name_firstname'

2022-01-14 22:20:08 - [MESSAGE][PASSED] - Text 'Tran' is set on object 'Object Repository/Page_Group10 Administration Users Accounts _5007a8/input_First name_firstname'

2022-01-14 22:20:08 - [TEST_STEP][PASSED] - setText(findTestObject("Object Repository/Page_Group10 Administration Users Accounts _5007a8/input_Surname_lastname"), "Lam"): Text 'Lam' is set on object 'Object Repository/Page_Group10 Administration Users Accounts _5007a8/input_Surname_lastname'

2022-01-14 22:20:09 - [MESSAGE][PASSED] - Text 'Lam' is set on object 'Object Repository/Page_Group10 Administration Users Accounts _5007a8/input_Surname_lastname'

2022-01-14 22:20:09 - [TEST_STEP][PASSED] - setText(findTestObject("Object Repository/Page_Group10 Administration Users Accounts _5007a8/input_Email address_email"), "noneditingteacher1@email.com"): Text 'noneditingteacher1@email.com' is set on object 'Object Repository/Page_Group10 Administration Users Accounts _5007a8/input_Email address_email'

2022-01-14 22:20:10 - [MESSAGE][PASSED] - Text 'noneditingteacher1@email.com' is set on object 'Object Repository/Page_Group10 Administration Users Accounts _5007a8/input_Email address_email'

2022-01-14 22:20:10 - [TEST_STEP][PASSED] - click(findTestObject("Object Repository/Page_Group10 Administration Users Accounts _5007a8/input_Address_submitbutton")): Object: 'Object Repository/Page_Group10 Administration Users Accounts _5007a8/input_Address_submitbutton' is clicked on

2022-01-14 22:20:12 - [MESSAGE][PASSED] - Object: 'Object Repository/Page_Group10 Administration Users Accounts _5007a8/input_Address_submitbutton' is clicked on

2022-01-14 22:20:12 - [TEST_STEP][PASSED] - click(findTestObject("Object Repository/Page_Group10 Administration Users Permissio_4e74a7/a_Site administration")): Object: 'Object Repository/Page_Group10 Administration Users Permissio_4e74a7/a_Site administration' is clicked on

2022-01-14 22:20:14 - [MESSAGE][PASSED] - Object: 'Object Repository/Page_Group10 Administration Users Permissio_4e74a7/a_Site administration' is clicked on

2022-01-14 22:20:14 - [TEST_STEP][PASSED] - scrollToPosition(0, 0): Browser is scrolled to position x = 0, y = 0

2022-01-14 22:20:14 - [MESSAGE][PASSED] - Browser is scrolled to position x = 0, y = 0

2022-01-14 22:20:14 - [TEST_STEP][PASSED] - click(findTestObject("Object Repository/Page_Group10 Administration Search/a_Users")): Object: 'Object Repository/Page_Group10 Administration Search/a_Users' is clicked on

2022-01-14 22:20:15 - [MESSAGE][PASSED] - Object: 'Object Repository/Page_Group10 Administration Search/a_Users' is clicked on

2022-01-14 22:20:15 - [TEST_STEP][PASSED] - click(findTestObject("Object Repository/Page_Group10 Administration Search/a_Assign system roles")): Object: 'Object Repository/Page_Group10 Administration Search/a_Assign system roles' is clicked on

2022-01-14 22:20:16 - [MESSAGE][PASSED] - Object: 'Object Repository/Page_Group10 Administration Search/a_Assign system roles' is clicked on

2022-01-14 22:20:16 - [TEST_STEP][PASSED] - click(findTestObject("Page_Group10 Administration Users Permissions Assign system roles/a_Non-editing teacher")): Object: 'Object Repository/Page_Group10 Administration Users Permissions Assign system roles/a_Non-editing teacher' is clicked on

2022-01-14 22:20:17 - [MESSAGE][PASSED] - Object: 'Object Repository/Page_Group10 Administration Users Permissions Assign system roles/a_Non-editing teacher' is clicked on

2022-01-14 22:20:17 - [TEST_STEP][PASSED] - click(findTestObject("Page_Group10 Administration Users Permissions Assign system roles/option_Tran Lam (noneditingteacher1email.com)")): Object: 'Object Repository/Page_Group10 Administration Users Permissions Assign system roles/option_Tran Lam (noneditingteacher1email.com)' is clicked on

2022-01-14 22:20:18 - [MESSAGE][PASSED] - Object: 'Object Repository/Page_Group10 Administration Users Permissions Assign system roles/option_Tran Lam (noneditingteacher1email.com)' is clicked on

2022-01-14 22:20:18 - [TEST_STEP][PASSED] - click(findTestObject("Object Repository/Page_Group10 Administration Users Permissio_fb4295/input_Match the search text anywhere in the_89f7b5")): Object: 'Object Repository/Page_Group10 Administration Users Permissio_fb4295/input_Match the search text anywhere in the_89f7b5' is clicked on

2022-01-14 22:20:19 - [MESSAGE][PASSED] - Object: 'Object Repository/Page_Group10 Administration Users Permissio_fb4295/input_Match the search text anywhere in the_89f7b5' is clicked on

2022-01-14 22:20:19 - [TEST_STEP][PASSED] - click(findTestObject("Object Repository/Page_Group10 Administration Users Accounts _9567d5/span_AU")): Object: 'Object Repository/Page_Group10 Administration Users Accounts _9567d5/span_AU' is clicked on

2022-01-14 22:20:20 - [MESSAGE][PASSED] - Object: 'Object Repository/Page_Group10 Administration Users Accounts _9567d5/span_AU' is clicked on

2022-01-14 22:20:20 - [TEST_STEP][PASSED] - click(findTestObject("Object Repository/Page_Group10 Administration Users Accounts _9567d5/a_Log out")): Object: 'Object Repository/Page_Group10 Administration Users Accounts _9567d5/a_Log out' is clicked on

2022-01-14 22:20:21 - [MESSAGE][PASSED] - Object: 'Object Repository/Page_Group10 Administration Users Accounts _9567d5/a_Log out' is clicked on

2022-01-14 22:20:21 - [TEST_STEP][PASSED] - click(findTestObject("Object Repository/Page_Home page/span_Log in")): Object: 'Object Repository/Page_Home page/span_Log in' is clicked on

2022-01-14 22:20:22 - [MESSAGE][PASSED] - Object: 'Object Repository/Page_Home page/span_Log in' is clicked on

2022-01-14 22:20:22 - [TEST_STEP][PASSED] - setText(findTestObject("Object Repository/Page_Home page Log in to the site/input_Username_username"), "noneditingteacher1"): Text 'noneditingteacher1' is set on object 'Object Repository/Page_Home page Log in to the site/input_Username_username'

2022-01-14 22:20:22 - [MESSAGE][PASSED] - Text 'noneditingteacher1' is set on object 'Object Repository/Page_Home page Log in to the site/input_Username_username'

2022-01-14 22:20:22 - [TEST_STEP][PASSED] - setEncryptedText(findTestObject("Page_Home page Log in to the site/input_Password_password (1)"), "OFhcon1PzObx3ErJAwGfGA=="): Text ****** has been set on object 'Object Repository/Page_Home page Log in to the site/input_Password_password (1)'

2022-01-14 22:20:23 - [MESSAGE][PASSED] - Text ****** has been set on object 'Object Repository/Page_Home page Log in to the site/input_Password_password (1)'

2022-01-14 22:20:23 - [TEST_STEP][PASSED] - click(findTestObject("Object Repository/Page_Home page Log in to the site/button_Log in")): Object: 'Object Repository/Page_Home page Log in to the site/button_Log in' is clicked on

2022-01-14 22:20:24 - [MESSAGE][PASSED] - Object: 'Object Repository/Page_Home page Log in to the site/button_Log in' is clicked on

2022-01-14 22:20:24 - [TEST_STEP][PASSED] - click(findTestObject("Object Repository/Page_Dashboard/a_NV")): Object: 'Object Repository/Page_Dashboard/a_NV' is clicked on

2022-01-14 22:20:25 - [MESSAGE][PASSED] - Object: 'Object Repository/Page_Dashboard/a_NV' is clicked on

2022-01-14 22:20:25 - [TEST_STEP][PASSED] - click(findTestObject("Object Repository/Page_Dashboard/a_Log out")): Object: 'Object Repository/Page_Dashboard/a_Log out' is clicked on

2022-01-14 22:20:26 - [MESSAGE][PASSED] - Object: 'Object Repository/Page_Dashboard/a_Log out' is clicked on

2022-01-14 22:20:26 - [TEST_STEP][PASSED] - closeBrowser(): Browser is closed

2022-01-14 22:20:27 - [MESSAGE][PASSED] - Browser is closed]]></system-out>
         <system-err><![CDATA[]]></system-err>
      </testcase>
      <testcase name="Test Cases/Create Student" time="35.973" classname="Test Cases/Create Student" status="PASSED">
         <system-out><![CDATA[2022-01-14 22:20:27 - [TEST_CASE][PASSED] - Test Cases/Create Student: Test Cases/Create Student

2022-01-14 22:20:27 - [TEST_STEP][PASSED] - openBrowser(""): Browser is opened with url: ''

2022-01-14 22:20:27 - [MESSAGE][INFO] - Starting 'Edge Chromium' driver

2022-01-14 22:20:29 - [MESSAGE][INFO] - Action delay is set to 0 milliseconds

2022-01-14 22:20:30 - [MESSAGE][PASSED] - Browser is opened with url: ''

2022-01-14 22:20:30 - [TEST_STEP][PASSED] - navigateToUrl("http://localhost/"): Navigate to 'http://localhost/' successfully

2022-01-14 22:20:31 - [MESSAGE][PASSED] - Navigate to 'http://localhost/' successfully

2022-01-14 22:20:31 - [TEST_STEP][PASSED] - click(findTestObject("Object Repository/Page_Home page/a_Log in")): Object: 'Object Repository/Page_Home page/a_Log in' is clicked on

2022-01-14 22:20:32 - [MESSAGE][PASSED] - Object: 'Object Repository/Page_Home page/a_Log in' is clicked on

2022-01-14 22:20:32 - [TEST_STEP][PASSED] - setText(findTestObject("Object Repository/Page_Home page Log in to the site/input_Username_username"), "admin"): Text 'admin' is set on object 'Object Repository/Page_Home page Log in to the site/input_Username_username'

2022-01-14 22:20:33 - [MESSAGE][PASSED] - Text 'admin' is set on object 'Object Repository/Page_Home page Log in to the site/input_Username_username'

2022-01-14 22:20:33 - [TEST_STEP][PASSED] - setEncryptedText(findTestObject("Page_Home page Log in to the site/input_Password_password (1)"), "OFhcon1PzObx3ErJAwGfGA=="): Text ****** has been set on object 'Object Repository/Page_Home page Log in to the site/input_Password_password (1)'

2022-01-14 22:20:33 - [MESSAGE][PASSED] - Text ****** has been set on object 'Object Repository/Page_Home page Log in to the site/input_Password_password (1)'

2022-01-14 22:20:33 - [TEST_STEP][PASSED] - click(findTestObject("Object Repository/Page_Home page Log in to the site/button_Log in")): Object: 'Object Repository/Page_Home page Log in to the site/button_Log in' is clicked on

2022-01-14 22:20:35 - [MESSAGE][PASSED] - Object: 'Object Repository/Page_Home page Log in to the site/button_Log in' is clicked on

2022-01-14 22:20:35 - [TEST_STEP][PASSED] - click(findTestObject("Object Repository/Page_Dashboard/a_Site administration")): Object: 'Object Repository/Page_Dashboard/a_Site administration' is clicked on

2022-01-14 22:20:37 - [MESSAGE][PASSED] - Object: 'Object Repository/Page_Dashboard/a_Site administration' is clicked on

2022-01-14 22:20:37 - [TEST_STEP][PASSED] - scrollToPosition(0, 0): Browser is scrolled to position x = 0, y = 0

2022-01-14 22:20:37 - [MESSAGE][PASSED] - Browser is scrolled to position x = 0, y = 0

2022-01-14 22:20:37 - [TEST_STEP][PASSED] - click(findTestObject("Object Repository/Page_Group10 Administration Search/a_Users")): Object: 'Object Repository/Page_Group10 Administration Search/a_Users' is clicked on

2022-01-14 22:20:37 - [MESSAGE][PASSED] - Object: 'Object Repository/Page_Group10 Administration Search/a_Users' is clicked on

2022-01-14 22:20:37 - [TEST_STEP][PASSED] - click(findTestObject("Object Repository/Page_Group10 Administration Search/a_Add a new user")): Object: 'Object Repository/Page_Group10 Administration Search/a_Add a new user' is clicked on

2022-01-14 22:20:39 - [MESSAGE][PASSED] - Object: 'Object Repository/Page_Group10 Administration Search/a_Add a new user' is clicked on

2022-01-14 22:20:39 - [TEST_STEP][PASSED] - setText(findTestObject("Object Repository/Page_Group10 Administration Users Accounts _5007a8/input_Username_username"), "student1"): Text 'student1' is set on object 'Object Repository/Page_Group10 Administration Users Accounts _5007a8/input_Username_username'

2022-01-14 22:20:40 - [MESSAGE][PASSED] - Text 'student1' is set on object 'Object Repository/Page_Group10 Administration Users Accounts _5007a8/input_Username_username'

2022-01-14 22:20:40 - [TEST_STEP][PASSED] - click(findTestObject("Object Repository/Page_Group10 Administration Users Accounts _5007a8/em_Click to enter text")): Object: 'Object Repository/Page_Group10 Administration Users Accounts _5007a8/em_Click to enter text' is clicked on

2022-01-14 22:20:41 - [MESSAGE][PASSED] - Object: 'Object Repository/Page_Group10 Administration Users Accounts _5007a8/em_Click to enter text' is clicked on

2022-01-14 22:20:41 - [TEST_STEP][PASSED] - setEncryptedText(findTestObject("Object Repository/Page_Group10 Administration Users Accounts _5007a8/input_New password_newpassword"), "9ExR24d8uBTe5Y0Xu9Ji6w=="): Text ****** has been set on object 'Object Repository/Page_Group10 Administration Users Accounts _5007a8/input_New password_newpassword'

2022-01-14 22:20:41 - [MESSAGE][PASSED] - Text ****** has been set on object 'Object Repository/Page_Group10 Administration Users Accounts _5007a8/input_New password_newpassword'

2022-01-14 22:20:41 - [TEST_STEP][PASSED] - click(findTestObject("Object Repository/Page_Group10 Administration Users Accounts _5007a8/i_Click to enter text_icon fa fa-eye fa-fw")): Object: 'Object Repository/Page_Group10 Administration Users Accounts _5007a8/i_Click to enter text_icon fa fa-eye fa-fw' is clicked on

2022-01-14 22:20:42 - [MESSAGE][PASSED] - Object: 'Object Repository/Page_Group10 Administration Users Accounts _5007a8/i_Click to enter text_icon fa fa-eye fa-fw' is clicked on

2022-01-14 22:20:42 - [TEST_STEP][PASSED] - setText(findTestObject("Object Repository/Page_Group10 Administration Users Accounts _5007a8/input_First name_firstname"), "Nguyen"): Text 'Nguyen' is set on object 'Object Repository/Page_Group10 Administration Users Accounts _5007a8/input_First name_firstname'

2022-01-14 22:20:43 - [MESSAGE][PASSED] - Text 'Nguyen' is set on object 'Object Repository/Page_Group10 Administration Users Accounts _5007a8/input_First name_firstname'

2022-01-14 22:20:43 - [TEST_STEP][PASSED] - setText(findTestObject("Object Repository/Page_Group10 Administration Users Accounts _5007a8/input_Surname_lastname"), "Hoa"): Text 'Hoa' is set on object 'Object Repository/Page_Group10 Administration Users Accounts _5007a8/input_Surname_lastname'

2022-01-14 22:20:44 - [MESSAGE][PASSED] - Text 'Hoa' is set on object 'Object Repository/Page_Group10 Administration Users Accounts _5007a8/input_Surname_lastname'

2022-01-14 22:20:44 - [TEST_STEP][PASSED] - setText(findTestObject("Object Repository/Page_Group10 Administration Users Accounts _5007a8/input_Email address_email"), "student1@email.com"): Text 'student1@email.com' is set on object 'Object Repository/Page_Group10 Administration Users Accounts _5007a8/input_Email address_email'

2022-01-14 22:20:44 - [MESSAGE][PASSED] - Text 'student1@email.com' is set on object 'Object Repository/Page_Group10 Administration Users Accounts _5007a8/input_Email address_email'

2022-01-14 22:20:44 - [TEST_STEP][PASSED] - click(findTestObject("Object Repository/Page_Group10 Administration Users Accounts _5007a8/input_Address_submitbutton")): Object: 'Object Repository/Page_Group10 Administration Users Accounts _5007a8/input_Address_submitbutton' is clicked on

2022-01-14 22:20:46 - [MESSAGE][PASSED] - Object: 'Object Repository/Page_Group10 Administration Users Accounts _5007a8/input_Address_submitbutton' is clicked on

2022-01-14 22:20:46 - [TEST_STEP][PASSED] - click(findTestObject("Object Repository/Page_Group10 Administration Users Accounts _9567d5/span_AU")): Object: 'Object Repository/Page_Group10 Administration Users Accounts _9567d5/span_AU' is clicked on

2022-01-14 22:20:47 - [MESSAGE][PASSED] - Object: 'Object Repository/Page_Group10 Administration Users Accounts _9567d5/span_AU' is clicked on

2022-01-14 22:20:47 - [TEST_STEP][PASSED] - click(findTestObject("Object Repository/Page_Group10 Administration Users Permissio_4e74a7/a_Site administration")): Object: 'Object Repository/Page_Group10 Administration Users Permissio_4e74a7/a_Site administration' is clicked on

2022-01-14 22:20:49 - [MESSAGE][PASSED] - Object: 'Object Repository/Page_Group10 Administration Users Permissio_4e74a7/a_Site administration' is clicked on

2022-01-14 22:20:49 - [TEST_STEP][PASSED] - scrollToPosition(0, 0): Browser is scrolled to position x = 0, y = 0

2022-01-14 22:20:49 - [MESSAGE][PASSED] - Browser is scrolled to position x = 0, y = 0

2022-01-14 22:20:49 - [TEST_STEP][PASSED] - click(findTestObject("Object Repository/Page_Group10 Administration Search/a_Users")): Object: 'Object Repository/Page_Group10 Administration Search/a_Users' is clicked on

2022-01-14 22:20:49 - [MESSAGE][PASSED] - Object: 'Object Repository/Page_Group10 Administration Search/a_Users' is clicked on

2022-01-14 22:20:49 - [TEST_STEP][PASSED] - click(findTestObject("Object Repository/Page_Group10 Administration Search/a_Assign system roles")): Object: 'Object Repository/Page_Group10 Administration Search/a_Assign system roles' is clicked on

2022-01-14 22:20:50 - [MESSAGE][PASSED] - Object: 'Object Repository/Page_Group10 Administration Search/a_Assign system roles' is clicked on

2022-01-14 22:20:50 - [TEST_STEP][PASSED] - click(findTestObject("Page_Group10 Administration Users Permissions Assign system roles/a_Student")): Object: 'Object Repository/Page_Group10 Administration Users Permissions Assign system roles/a_Student' is clicked on

2022-01-14 22:20:52 - [MESSAGE][PASSED] - Object: 'Object Repository/Page_Group10 Administration Users Permissions Assign system roles/a_Student' is clicked on

2022-01-14 22:20:52 - [TEST_STEP][PASSED] - click(findTestObject("Page_Group10 Administration Users Permissions Assign system roles/option_Nguyen Hoa (student1email.com)")): Object: 'Object Repository/Page_Group10 Administration Users Permissions Assign system roles/option_Nguyen Hoa (student1email.com)' is clicked on

2022-01-14 22:20:52 - [MESSAGE][PASSED] - Object: 'Object Repository/Page_Group10 Administration Users Permissions Assign system roles/option_Nguyen Hoa (student1email.com)' is clicked on

2022-01-14 22:20:52 - [TEST_STEP][PASSED] - click(findTestObject("Object Repository/Page_Group10 Administration Users Permissio_fb4295/input_Match the search text anywhere in the_89f7b5")): Object: 'Object Repository/Page_Group10 Administration Users Permissio_fb4295/input_Match the search text anywhere in the_89f7b5' is clicked on

2022-01-14 22:20:54 - [MESSAGE][PASSED] - Object: 'Object Repository/Page_Group10 Administration Users Permissio_fb4295/input_Match the search text anywhere in the_89f7b5' is clicked on

2022-01-14 22:20:54 - [TEST_STEP][PASSED] - click(findTestObject("Object Repository/Page_Group10 Administration Users Accounts _9567d5/span_AU")): Object: 'Object Repository/Page_Group10 Administration Users Accounts _9567d5/span_AU' is clicked on

2022-01-14 22:20:55 - [MESSAGE][PASSED] - Object: 'Object Repository/Page_Group10 Administration Users Accounts _9567d5/span_AU' is clicked on

2022-01-14 22:20:55 - [TEST_STEP][PASSED] - click(findTestObject("Object Repository/Page_Group10 Administration Users Accounts _9567d5/a_Log out")): Object: 'Object Repository/Page_Group10 Administration Users Accounts _9567d5/a_Log out' is clicked on

2022-01-14 22:20:56 - [MESSAGE][PASSED] - Object: 'Object Repository/Page_Group10 Administration Users Accounts _9567d5/a_Log out' is clicked on

2022-01-14 22:20:56 - [TEST_STEP][PASSED] - click(findTestObject("Object Repository/Page_Home page/span_Log in")): Object: 'Object Repository/Page_Home page/span_Log in' is clicked on

2022-01-14 22:20:57 - [MESSAGE][PASSED] - Object: 'Object Repository/Page_Home page/span_Log in' is clicked on

2022-01-14 22:20:57 - [TEST_STEP][PASSED] - setText(findTestObject("Object Repository/Page_Home page Log in to the site/input_Username_username"), "student1"): Text 'student1' is set on object 'Object Repository/Page_Home page Log in to the site/input_Username_username'

2022-01-14 22:20:58 - [MESSAGE][PASSED] - Text 'student1' is set on object 'Object Repository/Page_Home page Log in to the site/input_Username_username'

2022-01-14 22:20:58 - [TEST_STEP][PASSED] - setEncryptedText(findTestObject("Page_Home page Log in to the site/input_Password_password (1)"), "9ExR24d8uBTe5Y0Xu9Ji6w=="): Text ****** has been set on object 'Object Repository/Page_Home page Log in to the site/input_Password_password (1)'

2022-01-14 22:20:58 - [MESSAGE][PASSED] - Text ****** has been set on object 'Object Repository/Page_Home page Log in to the site/input_Password_password (1)'

2022-01-14 22:20:58 - [TEST_STEP][PASSED] - click(findTestObject("Object Repository/Page_Home page Log in to the site/button_Log in")): Object: 'Object Repository/Page_Home page Log in to the site/button_Log in' is clicked on

2022-01-14 22:21:00 - [MESSAGE][PASSED] - Object: 'Object Repository/Page_Home page Log in to the site/button_Log in' is clicked on

2022-01-14 22:21:00 - [TEST_STEP][PASSED] - click(findTestObject("Object Repository/Page_Dashboard/a_NV")): Object: 'Object Repository/Page_Dashboard/a_NV' is clicked on

2022-01-14 22:21:01 - [MESSAGE][PASSED] - Object: 'Object Repository/Page_Dashboard/a_NV' is clicked on

2022-01-14 22:21:01 - [TEST_STEP][PASSED] - click(findTestObject("Object Repository/Page_Dashboard/a_Log out")): Object: 'Object Repository/Page_Dashboard/a_Log out' is clicked on

2022-01-14 22:21:02 - [MESSAGE][PASSED] - Object: 'Object Repository/Page_Dashboard/a_Log out' is clicked on

2022-01-14 22:21:02 - [TEST_STEP][PASSED] - closeBrowser(): Browser is closed

2022-01-14 22:21:03 - [MESSAGE][PASSED] - Browser is closed]]></system-out>
         <system-err><![CDATA[]]></system-err>
      </testcase>
      <testcase name="Test Cases/Create student by upload file" time="25.463" classname="Test Cases/Create student by upload file" status="PASSED">
         <system-out><![CDATA[2022-01-14 22:21:03 - [TEST_CASE][PASSED] - Test Cases/Create student by upload file: Test Cases/Create student by upload file

2022-01-14 22:21:03 - [TEST_STEP][PASSED] - openBrowser(""): Browser is opened with url: ''

2022-01-14 22:21:03 - [MESSAGE][INFO] - Starting 'Edge Chromium' driver

2022-01-14 22:21:05 - [MESSAGE][INFO] - Action delay is set to 0 milliseconds

2022-01-14 22:21:06 - [MESSAGE][PASSED] - Browser is opened with url: ''

2022-01-14 22:21:06 - [TEST_STEP][PASSED] - navigateToUrl("http://localhost/"): Navigate to 'http://localhost/' successfully

2022-01-14 22:21:07 - [MESSAGE][PASSED] - Navigate to 'http://localhost/' successfully

2022-01-14 22:21:07 - [TEST_STEP][PASSED] - click(findTestObject("Object Repository/Page_Home page/a_Log in")): Object: 'Object Repository/Page_Home page/a_Log in' is clicked on

2022-01-14 22:21:08 - [MESSAGE][PASSED] - Object: 'Object Repository/Page_Home page/a_Log in' is clicked on

2022-01-14 22:21:08 - [TEST_STEP][PASSED] - setText(findTestObject("Object Repository/Page_Home page Log in to the site/input_Username_username"), "admin"): Text 'admin' is set on object 'Object Repository/Page_Home page Log in to the site/input_Username_username'

2022-01-14 22:21:09 - [MESSAGE][PASSED] - Text 'admin' is set on object 'Object Repository/Page_Home page Log in to the site/input_Username_username'

2022-01-14 22:21:09 - [TEST_STEP][PASSED] - setEncryptedText(findTestObject("Page_Home page Log in to the site/input_Password_password (1)"), "OFhcon1PzObx3ErJAwGfGA=="): Text ****** has been set on object 'Object Repository/Page_Home page Log in to the site/input_Password_password (1)'

2022-01-14 22:21:10 - [MESSAGE][PASSED] - Text ****** has been set on object 'Object Repository/Page_Home page Log in to the site/input_Password_password (1)'

2022-01-14 22:21:10 - [TEST_STEP][PASSED] - click(findTestObject("Object Repository/Page_Home page Log in to the site/button_Log in")): Object: 'Object Repository/Page_Home page Log in to the site/button_Log in' is clicked on

2022-01-14 22:21:11 - [MESSAGE][PASSED] - Object: 'Object Repository/Page_Home page Log in to the site/button_Log in' is clicked on

2022-01-14 22:21:11 - [TEST_STEP][PASSED] - click(findTestObject("Object Repository/Page_Dashboard/a_Site administration")): Object: 'Object Repository/Page_Dashboard/a_Site administration' is clicked on

2022-01-14 22:21:13 - [MESSAGE][PASSED] - Object: 'Object Repository/Page_Dashboard/a_Site administration' is clicked on

2022-01-14 22:21:13 - [TEST_STEP][PASSED] - click(findTestObject("Object Repository/Page_Group10 Administration Search/a_Users")): Object: 'Object Repository/Page_Group10 Administration Search/a_Users' is clicked on

2022-01-14 22:21:14 - [MESSAGE][PASSED] - Object: 'Object Repository/Page_Group10 Administration Search/a_Users' is clicked on

2022-01-14 22:21:14 - [TEST_STEP][PASSED] - click(findTestObject("Object Repository/Page_Group10 Administration Search/a_Upload users")): Object: 'Object Repository/Page_Group10 Administration Search/a_Upload users' is clicked on

2022-01-14 22:21:15 - [MESSAGE][PASSED] - Object: 'Object Repository/Page_Group10 Administration Search/a_Upload users' is clicked on

2022-01-14 22:21:15 - [TEST_STEP][PASSED] - click(findTestObject("Object Repository/Page_Group10 Administration Users Accounts _c9beb9/input_File_userfilechoose")): Object: 'Object Repository/Page_Group10 Administration Users Accounts _c9beb9/input_File_userfilechoose' is clicked on

2022-01-14 22:21:15 - [MESSAGE][PASSED] - Object: 'Object Repository/Page_Group10 Administration Users Accounts _c9beb9/input_File_userfilechoose' is clicked on

2022-01-14 22:21:15 - [TEST_STEP][PASSED] - uploadFile(findTestObject("Object Repository/Page_Group10 Administration Users Accounts _c9beb9/input_Attachment_repo_upload_file"), "D:\TestAutomation-SEBonus-Group10\student.csv"): File 'D:\TestAutomation-SEBonus-Group10\student.csv' sent to object: 'Object Repository/Page_Group10 Administration Users Accounts _c9beb9/input_Attachment_repo_upload_file'

2022-01-14 22:21:16 - [MESSAGE][PASSED] - File 'D:\TestAutomation-SEBonus-Group10\student.csv' sent to object: 'Object Repository/Page_Group10 Administration Users Accounts _c9beb9/input_Attachment_repo_upload_file'

2022-01-14 22:21:16 - [TEST_STEP][PASSED] - click(findTestObject("Object Repository/Page_Group10 Administration Users Accounts _c9beb9/button_Upload this file")): Object: 'Object Repository/Page_Group10 Administration Users Accounts _c9beb9/button_Upload this file' is clicked on

2022-01-14 22:21:16 - [MESSAGE][PASSED] - Object: 'Object Repository/Page_Group10 Administration Users Accounts _c9beb9/button_Upload this file' is clicked on

2022-01-14 22:21:16 - [TEST_STEP][PASSED] - click(findTestObject("Object Repository/Page_Group10 Administration Users Accounts _c9beb9/input_Preview rows_submitbutton")): Object: 'Object Repository/Page_Group10 Administration Users Accounts _c9beb9/input_Preview rows_submitbutton' is clicked on

2022-01-14 22:21:18 - [MESSAGE][PASSED] - Object: 'Object Repository/Page_Group10 Administration Users Accounts _c9beb9/input_Preview rows_submitbutton' is clicked on

2022-01-14 22:21:18 - [TEST_STEP][PASSED] - click(findTestObject("Page_Group10 Administration Users Accounts Upload users/input_Department_submitbutton")): Object: 'Object Repository/Page_Group10 Administration Users Accounts Upload users/input_Department_submitbutton' is clicked on

2022-01-14 22:21:20 - [MESSAGE][PASSED] - Object: 'Object Repository/Page_Group10 Administration Users Accounts Upload users/input_Department_submitbutton' is clicked on

2022-01-14 22:21:20 - [TEST_STEP][PASSED] - click(findTestObject("Object Repository/Page_Group10 Administration Users Accounts _c9beb9/a_Site administration")): Object: 'Object Repository/Page_Group10 Administration Users Accounts _c9beb9/a_Site administration' is clicked on

2022-01-14 22:21:21 - [MESSAGE][PASSED] - Object: 'Object Repository/Page_Group10 Administration Users Accounts _c9beb9/a_Site administration' is clicked on

2022-01-14 22:21:21 - [TEST_STEP][PASSED] - click(findTestObject("Object Repository/Page_Group10 Administration Search/a_Users")): Object: 'Object Repository/Page_Group10 Administration Search/a_Users' is clicked on

2022-01-14 22:21:22 - [MESSAGE][PASSED] - Object: 'Object Repository/Page_Group10 Administration Search/a_Users' is clicked on

2022-01-14 22:21:22 - [TEST_STEP][PASSED] - click(findTestObject("Object Repository/Page_Group10 Administration Search/a_Assign system roles")): Object: 'Object Repository/Page_Group10 Administration Search/a_Assign system roles' is clicked on

2022-01-14 22:21:23 - [MESSAGE][PASSED] - Object: 'Object Repository/Page_Group10 Administration Search/a_Assign system roles' is clicked on

2022-01-14 22:21:23 - [TEST_STEP][PASSED] - click(findTestObject("Object Repository/Page_Group10 Administration Users Permissio_fb4295/a_Student_1")): Object: 'Object Repository/Page_Group10 Administration Users Permissio_fb4295/a_Student_1' is clicked on

2022-01-14 22:21:24 - [MESSAGE][PASSED] - Object: 'Object Repository/Page_Group10 Administration Users Permissio_fb4295/a_Student_1' is clicked on

2022-01-14 22:21:24 - [TEST_STEP][PASSED] - click(findTestObject("Page_Group10 Administration Users Permissions Assign system roles/option_Le Minh Si (19127064student.hcmus.edu.vn)")): Object: 'Object Repository/Page_Group10 Administration Users Permissions Assign system roles/option_Le Minh Si (19127064student.hcmus.edu.vn)' is clicked on

2022-01-14 22:21:25 - [MESSAGE][PASSED] - Object: 'Object Repository/Page_Group10 Administration Users Permissions Assign system roles/option_Le Minh Si (19127064student.hcmus.edu.vn)' is clicked on

2022-01-14 22:21:25 - [TEST_STEP][PASSED] - click(findTestObject("Page_Group10 Administration Users Permissions Assign system roles/option_Nguyen Kim Thi To Nga (19127219student.hcmus.edu.vn)")): Object: 'Object Repository/Page_Group10 Administration Users Permissions Assign system roles/option_Nguyen Kim Thi To Nga (19127219student.hcmus.edu.vn)' is clicked on

2022-01-14 22:21:25 - [MESSAGE][PASSED] - Object: 'Object Repository/Page_Group10 Administration Users Permissions Assign system roles/option_Nguyen Kim Thi To Nga (19127219student.hcmus.edu.vn)' is clicked on

2022-01-14 22:21:25 - [TEST_STEP][PASSED] - click(findTestObject("Page_Group10 Administration Users Permissions Assign system roles/option_Nguyen Phuong Vy (19127088student.hcmus.edu.vn)")): Object: 'Object Repository/Page_Group10 Administration Users Permissions Assign system roles/option_Nguyen Phuong Vy (19127088student.hcmus.edu.vn)' is clicked on

2022-01-14 22:21:26 - [MESSAGE][PASSED] - Object: 'Object Repository/Page_Group10 Administration Users Permissions Assign system roles/option_Nguyen Phuong Vy (19127088student.hcmus.edu.vn)' is clicked on

2022-01-14 22:21:26 - [TEST_STEP][PASSED] - click(findTestObject("Page_Group10 Administration Users Permissions Assign system roles/option_Tran Ngoc Lam (19127040student.hcmus.edu.vn)")): Object: 'Object Repository/Page_Group10 Administration Users Permissions Assign system roles/option_Tran Ngoc Lam (19127040student.hcmus.edu.vn)' is clicked on

2022-01-14 22:21:26 - [MESSAGE][PASSED] - Object: 'Object Repository/Page_Group10 Administration Users Permissions Assign system roles/option_Tran Ngoc Lam (19127040student.hcmus.edu.vn)' is clicked on

2022-01-14 22:21:26 - [TEST_STEP][PASSED] - click(findTestObject("Object Repository/Page_Group10 Administration Users Permissio_fb4295/input_Match the search text anywhere in the_89f7b5_1")): Object: 'Object Repository/Page_Group10 Administration Users Permissio_fb4295/input_Match the search text anywhere in the_89f7b5_1' is clicked on

2022-01-14 22:21:27 - [MESSAGE][PASSED] - Object: 'Object Repository/Page_Group10 Administration Users Permissio_fb4295/input_Match the search text anywhere in the_89f7b5_1' is clicked on

2022-01-14 22:21:27 - [TEST_STEP][PASSED] - closeBrowser(): Browser is closed

2022-01-14 22:21:28 - [MESSAGE][PASSED] - Browser is closed]]></system-out>
         <system-err><![CDATA[]]></system-err>
      </testcase>
      <testcase name="Test Cases/Create teacher by upload file" time="23.954" classname="Test Cases/Create teacher by upload file" status="PASSED">
         <system-out><![CDATA[2022-01-14 22:21:28 - [TEST_CASE][PASSED] - Test Cases/Create teacher by upload file: Test Cases/Create teacher by upload file

2022-01-14 22:21:29 - [TEST_STEP][PASSED] - openBrowser(""): Browser is opened with url: ''

2022-01-14 22:21:29 - [MESSAGE][INFO] - Starting 'Edge Chromium' driver

2022-01-14 22:21:31 - [MESSAGE][INFO] - Action delay is set to 0 milliseconds

2022-01-14 22:21:32 - [MESSAGE][PASSED] - Browser is opened with url: ''

2022-01-14 22:21:32 - [TEST_STEP][PASSED] - navigateToUrl("http://localhost/"): Navigate to 'http://localhost/' successfully

2022-01-14 22:21:32 - [MESSAGE][PASSED] - Navigate to 'http://localhost/' successfully

2022-01-14 22:21:32 - [TEST_STEP][PASSED] - click(findTestObject("Object Repository/Page_Home page/a_Log in")): Object: 'Object Repository/Page_Home page/a_Log in' is clicked on

2022-01-14 22:21:33 - [MESSAGE][PASSED] - Object: 'Object Repository/Page_Home page/a_Log in' is clicked on

2022-01-14 22:21:33 - [TEST_STEP][PASSED] - setText(findTestObject("Object Repository/Page_Home page Log in to the site/input_Username_username"), "admin"): Text 'admin' is set on object 'Object Repository/Page_Home page Log in to the site/input_Username_username'

2022-01-14 22:21:34 - [MESSAGE][PASSED] - Text 'admin' is set on object 'Object Repository/Page_Home page Log in to the site/input_Username_username'

2022-01-14 22:21:34 - [TEST_STEP][PASSED] - setEncryptedText(findTestObject("Page_Home page Log in to the site/input_Password_password (1)"), "OFhcon1PzObx3ErJAwGfGA=="): Text ****** has been set on object 'Object Repository/Page_Home page Log in to the site/input_Password_password (1)'

2022-01-14 22:21:35 - [MESSAGE][PASSED] - Text ****** has been set on object 'Object Repository/Page_Home page Log in to the site/input_Password_password (1)'

2022-01-14 22:21:35 - [TEST_STEP][PASSED] - click(findTestObject("Object Repository/Page_Home page Log in to the site/button_Log in")): Object: 'Object Repository/Page_Home page Log in to the site/button_Log in' is clicked on

2022-01-14 22:21:36 - [MESSAGE][PASSED] - Object: 'Object Repository/Page_Home page Log in to the site/button_Log in' is clicked on

2022-01-14 22:21:36 - [TEST_STEP][PASSED] - click(findTestObject("Object Repository/Page_Dashboard/a_Site administration")): Object: 'Object Repository/Page_Dashboard/a_Site administration' is clicked on

2022-01-14 22:21:38 - [MESSAGE][PASSED] - Object: 'Object Repository/Page_Dashboard/a_Site administration' is clicked on

2022-01-14 22:21:38 - [TEST_STEP][PASSED] - click(findTestObject("Object Repository/Page_Group10 Administration Search/a_Users")): Object: 'Object Repository/Page_Group10 Administration Search/a_Users' is clicked on

2022-01-14 22:21:38 - [MESSAGE][PASSED] - Object: 'Object Repository/Page_Group10 Administration Search/a_Users' is clicked on

2022-01-14 22:21:38 - [TEST_STEP][PASSED] - click(findTestObject("Object Repository/Page_Group10 Administration Search/a_Upload users")): Object: 'Object Repository/Page_Group10 Administration Search/a_Upload users' is clicked on

2022-01-14 22:21:40 - [MESSAGE][PASSED] - Object: 'Object Repository/Page_Group10 Administration Search/a_Upload users' is clicked on

2022-01-14 22:21:40 - [TEST_STEP][PASSED] - click(findTestObject("Object Repository/Page_Group10 Administration Users Accounts _c9beb9/input_File_userfilechoose")): Object: 'Object Repository/Page_Group10 Administration Users Accounts _c9beb9/input_File_userfilechoose' is clicked on

2022-01-14 22:21:40 - [MESSAGE][PASSED] - Object: 'Object Repository/Page_Group10 Administration Users Accounts _c9beb9/input_File_userfilechoose' is clicked on

2022-01-14 22:21:40 - [TEST_STEP][PASSED] - uploadFile(findTestObject("Object Repository/Page_Group10 Administration Users Accounts _c9beb9/input_Attachment_repo_upload_file"), "D:\TestAutomation-SEBonus-Group10\teacher.csv"): File 'D:\TestAutomation-SEBonus-Group10\teacher.csv' sent to object: 'Object Repository/Page_Group10 Administration Users Accounts _c9beb9/input_Attachment_repo_upload_file'

2022-01-14 22:21:41 - [MESSAGE][PASSED] - File 'D:\TestAutomation-SEBonus-Group10\teacher.csv' sent to object: 'Object Repository/Page_Group10 Administration Users Accounts _c9beb9/input_Attachment_repo_upload_file'

2022-01-14 22:21:41 - [TEST_STEP][PASSED] - click(findTestObject("Object Repository/Page_Group10 Administration Users Accounts _c9beb9/button_Upload this file")): Object: 'Object Repository/Page_Group10 Administration Users Accounts _c9beb9/button_Upload this file' is clicked on

2022-01-14 22:21:41 - [MESSAGE][PASSED] - Object: 'Object Repository/Page_Group10 Administration Users Accounts _c9beb9/button_Upload this file' is clicked on

2022-01-14 22:21:41 - [TEST_STEP][PASSED] - click(findTestObject("Object Repository/Page_Group10 Administration Users Accounts _c9beb9/input_Preview rows_submitbutton")): Object: 'Object Repository/Page_Group10 Administration Users Accounts _c9beb9/input_Preview rows_submitbutton' is clicked on

2022-01-14 22:21:43 - [MESSAGE][PASSED] - Object: 'Object Repository/Page_Group10 Administration Users Accounts _c9beb9/input_Preview rows_submitbutton' is clicked on

2022-01-14 22:21:43 - [TEST_STEP][PASSED] - click(findTestObject("Page_Group10 Administration Users Accounts Upload users/input_Department_submitbutton")): Object: 'Object Repository/Page_Group10 Administration Users Accounts Upload users/input_Department_submitbutton' is clicked on

2022-01-14 22:21:44 - [MESSAGE][PASSED] - Object: 'Object Repository/Page_Group10 Administration Users Accounts Upload users/input_Department_submitbutton' is clicked on

2022-01-14 22:21:44 - [TEST_STEP][PASSED] - click(findTestObject("Object Repository/Page_Group10 Administration Users Accounts _c9beb9/a_Site administration")): Object: 'Object Repository/Page_Group10 Administration Users Accounts _c9beb9/a_Site administration' is clicked on

2022-01-14 22:21:45 - [MESSAGE][PASSED] - Object: 'Object Repository/Page_Group10 Administration Users Accounts _c9beb9/a_Site administration' is clicked on

2022-01-14 22:21:45 - [TEST_STEP][PASSED] - click(findTestObject("Object Repository/Page_Group10 Administration Search/a_Users")): Object: 'Object Repository/Page_Group10 Administration Search/a_Users' is clicked on

2022-01-14 22:21:46 - [MESSAGE][PASSED] - Object: 'Object Repository/Page_Group10 Administration Search/a_Users' is clicked on

2022-01-14 22:21:46 - [TEST_STEP][PASSED] - click(findTestObject("Object Repository/Page_Group10 Administration Search/a_Assign system roles")): Object: 'Object Repository/Page_Group10 Administration Search/a_Assign system roles' is clicked on

2022-01-14 22:21:47 - [MESSAGE][PASSED] - Object: 'Object Repository/Page_Group10 Administration Search/a_Assign system roles' is clicked on

2022-01-14 22:21:47 - [TEST_STEP][PASSED] - click(findTestObject("Object Repository/Page_Group10 Administration Users Permissio_fb4295/a_Teacher")): Object: 'Object Repository/Page_Group10 Administration Users Permissio_fb4295/a_Teacher' is clicked on

2022-01-14 22:21:48 - [MESSAGE][PASSED] - Object: 'Object Repository/Page_Group10 Administration Users Permissio_fb4295/a_Teacher' is clicked on

2022-01-14 22:21:48 - [TEST_STEP][PASSED] - click(findTestObject("Page_Group10 Administration Users Permissions Assign system roles/option_Ho Thi Hoang Vy (hthvfit.us.edu.vn)")): Object: 'Object Repository/Page_Group10 Administration Users Permissions Assign system roles/option_Ho Thi Hoang Vy (hthvfit.us.edu.vn)' is clicked on

2022-01-14 22:21:49 - [MESSAGE][PASSED] - Object: 'Object Repository/Page_Group10 Administration Users Permissions Assign system roles/option_Ho Thi Hoang Vy (hthvfit.us.edu.vn)' is clicked on

2022-01-14 22:21:49 - [TEST_STEP][PASSED] - click(findTestObject("Page_Group10 Administration Users Permissions Assign system roles/option_Luong Vi Minh (lvmfit.us.edu.vn)")): Object: 'Object Repository/Page_Group10 Administration Users Permissions Assign system roles/option_Luong Vi Minh (lvmfit.us.edu.vn)' is clicked on

2022-01-14 22:21:49 - [MESSAGE][PASSED] - Object: 'Object Repository/Page_Group10 Administration Users Permissions Assign system roles/option_Luong Vi Minh (lvmfit.us.edu.vn)' is clicked on

2022-01-14 22:21:49 - [TEST_STEP][PASSED] - click(findTestObject("Page_Group10 Administration Users Permissions Assign system roles/option_Nguyen Le Hoang Dung (nlhdfit.us.edu.vn)")): Object: 'Object Repository/Page_Group10 Administration Users Permissions Assign system roles/option_Nguyen Le Hoang Dung (nlhdfit.us.edu.vn)' is clicked on

2022-01-14 22:21:50 - [MESSAGE][PASSED] - Object: 'Object Repository/Page_Group10 Administration Users Permissions Assign system roles/option_Nguyen Le Hoang Dung (nlhdfit.us.edu.vn)' is clicked on

2022-01-14 22:21:50 - [TEST_STEP][PASSED] - click(findTestObject("Page_Group10 Administration Users Permissions Assign system roles/option_Pham Thi Bach Hue (ptbhfit.us.edu.vn)")): Object: 'Object Repository/Page_Group10 Administration Users Permissions Assign system roles/option_Pham Thi Bach Hue (ptbhfit.us.edu.vn)' is clicked on

2022-01-14 22:21:50 - [MESSAGE][PASSED] - Object: 'Object Repository/Page_Group10 Administration Users Permissions Assign system roles/option_Pham Thi Bach Hue (ptbhfit.us.edu.vn)' is clicked on

2022-01-14 22:21:50 - [TEST_STEP][PASSED] - click(findTestObject("Object Repository/Page_Group10 Administration Users Permissio_fb4295/input_Match the search text anywhere in the_89f7b5_1")): Object: 'Object Repository/Page_Group10 Administration Users Permissio_fb4295/input_Match the search text anywhere in the_89f7b5_1' is clicked on

2022-01-14 22:21:52 - [MESSAGE][PASSED] - Object: 'Object Repository/Page_Group10 Administration Users Permissio_fb4295/input_Match the search text anywhere in the_89f7b5_1' is clicked on

2022-01-14 22:21:52 - [TEST_STEP][PASSED] - closeBrowser(): Browser is closed

2022-01-14 22:21:52 - [MESSAGE][PASSED] - Browser is closed]]></system-out>
         <system-err><![CDATA[]]></system-err>
      </testcase>
      <testcase name="Test Cases/Create manager by upload file" time="24.18" classname="Test Cases/Create manager by upload file" status="PASSED">
         <system-out><![CDATA[2022-01-14 22:21:52 - [TEST_CASE][PASSED] - Test Cases/Create manager by upload file: Test Cases/Create manager by upload file

2022-01-14 22:21:53 - [TEST_STEP][PASSED] - openBrowser(""): Browser is opened with url: ''

2022-01-14 22:21:53 - [MESSAGE][INFO] - Starting 'Edge Chromium' driver

2022-01-14 22:21:55 - [MESSAGE][INFO] - Action delay is set to 0 milliseconds

2022-01-14 22:21:56 - [MESSAGE][PASSED] - Browser is opened with url: ''

2022-01-14 22:21:56 - [TEST_STEP][PASSED] - navigateToUrl("http://localhost/"): Navigate to 'http://localhost/' successfully

2022-01-14 22:21:56 - [MESSAGE][PASSED] - Navigate to 'http://localhost/' successfully

2022-01-14 22:21:56 - [TEST_STEP][PASSED] - click(findTestObject("Object Repository/Page_Home page/a_Log in")): Object: 'Object Repository/Page_Home page/a_Log in' is clicked on

2022-01-14 22:21:57 - [MESSAGE][PASSED] - Object: 'Object Repository/Page_Home page/a_Log in' is clicked on

2022-01-14 22:21:57 - [TEST_STEP][PASSED] - setText(findTestObject("Object Repository/Page_Home page Log in to the site/input_Username_username"), "admin"): Text 'admin' is set on object 'Object Repository/Page_Home page Log in to the site/input_Username_username'

2022-01-14 22:21:58 - [MESSAGE][PASSED] - Text 'admin' is set on object 'Object Repository/Page_Home page Log in to the site/input_Username_username'

2022-01-14 22:21:58 - [TEST_STEP][PASSED] - setEncryptedText(findTestObject("Page_Home page Log in to the site/input_Password_password (1)"), "OFhcon1PzObx3ErJAwGfGA=="): Text ****** has been set on object 'Object Repository/Page_Home page Log in to the site/input_Password_password (1)'

2022-01-14 22:21:59 - [MESSAGE][PASSED] - Text ****** has been set on object 'Object Repository/Page_Home page Log in to the site/input_Password_password (1)'

2022-01-14 22:21:59 - [TEST_STEP][PASSED] - click(findTestObject("Object Repository/Page_Home page Log in to the site/button_Log in")): Object: 'Object Repository/Page_Home page Log in to the site/button_Log in' is clicked on

2022-01-14 22:22:00 - [MESSAGE][PASSED] - Object: 'Object Repository/Page_Home page Log in to the site/button_Log in' is clicked on

2022-01-14 22:22:00 - [TEST_STEP][PASSED] - click(findTestObject("Object Repository/Page_Dashboard/a_Site administration")): Object: 'Object Repository/Page_Dashboard/a_Site administration' is clicked on

2022-01-14 22:22:02 - [MESSAGE][PASSED] - Object: 'Object Repository/Page_Dashboard/a_Site administration' is clicked on

2022-01-14 22:22:02 - [TEST_STEP][PASSED] - click(findTestObject("Object Repository/Page_Group10 Administration Search/a_Users")): Object: 'Object Repository/Page_Group10 Administration Search/a_Users' is clicked on

2022-01-14 22:22:03 - [MESSAGE][PASSED] - Object: 'Object Repository/Page_Group10 Administration Search/a_Users' is clicked on

2022-01-14 22:22:03 - [TEST_STEP][PASSED] - click(findTestObject("Object Repository/Page_Group10 Administration Search/a_Upload users")): Object: 'Object Repository/Page_Group10 Administration Search/a_Upload users' is clicked on

2022-01-14 22:22:04 - [MESSAGE][PASSED] - Object: 'Object Repository/Page_Group10 Administration Search/a_Upload users' is clicked on

2022-01-14 22:22:04 - [TEST_STEP][PASSED] - click(findTestObject("Object Repository/Page_Group10 Administration Users Accounts _c9beb9/input_File_userfilechoose")): Object: 'Object Repository/Page_Group10 Administration Users Accounts _c9beb9/input_File_userfilechoose' is clicked on

2022-01-14 22:22:04 - [MESSAGE][PASSED] - Object: 'Object Repository/Page_Group10 Administration Users Accounts _c9beb9/input_File_userfilechoose' is clicked on

2022-01-14 22:22:04 - [TEST_STEP][PASSED] - uploadFile(findTestObject("Object Repository/Page_Group10 Administration Users Accounts _c9beb9/input_Attachment_repo_upload_file"), "D:\TestAutomation-SEBonus-Group10\manager.csv"): File 'D:\TestAutomation-SEBonus-Group10\manager.csv' sent to object: 'Object Repository/Page_Group10 Administration Users Accounts _c9beb9/input_Attachment_repo_upload_file'

2022-01-14 22:22:05 - [MESSAGE][PASSED] - File 'D:\TestAutomation-SEBonus-Group10\manager.csv' sent to object: 'Object Repository/Page_Group10 Administration Users Accounts _c9beb9/input_Attachment_repo_upload_file'

2022-01-14 22:22:05 - [TEST_STEP][PASSED] - click(findTestObject("Object Repository/Page_Group10 Administration Users Accounts _c9beb9/button_Upload this file")): Object: 'Object Repository/Page_Group10 Administration Users Accounts _c9beb9/button_Upload this file' is clicked on

2022-01-14 22:22:05 - [MESSAGE][PASSED] - Object: 'Object Repository/Page_Group10 Administration Users Accounts _c9beb9/button_Upload this file' is clicked on

2022-01-14 22:22:05 - [TEST_STEP][PASSED] - click(findTestObject("Object Repository/Page_Group10 Administration Users Accounts _c9beb9/input_Preview rows_submitbutton")): Object: 'Object Repository/Page_Group10 Administration Users Accounts _c9beb9/input_Preview rows_submitbutton' is clicked on

2022-01-14 22:22:07 - [MESSAGE][PASSED] - Object: 'Object Repository/Page_Group10 Administration Users Accounts _c9beb9/input_Preview rows_submitbutton' is clicked on

2022-01-14 22:22:07 - [TEST_STEP][PASSED] - click(findTestObject("Page_Group10 Administration Users Accounts Upload users/input_Department_submitbutton")): Object: 'Object Repository/Page_Group10 Administration Users Accounts Upload users/input_Department_submitbutton' is clicked on

2022-01-14 22:22:08 - [MESSAGE][PASSED] - Object: 'Object Repository/Page_Group10 Administration Users Accounts Upload users/input_Department_submitbutton' is clicked on

2022-01-14 22:22:08 - [TEST_STEP][PASSED] - click(findTestObject("Object Repository/Page_Group10 Administration Users Accounts _c9beb9/a_Site administration")): Object: 'Object Repository/Page_Group10 Administration Users Accounts _c9beb9/a_Site administration' is clicked on

2022-01-14 22:22:09 - [MESSAGE][PASSED] - Object: 'Object Repository/Page_Group10 Administration Users Accounts _c9beb9/a_Site administration' is clicked on

2022-01-14 22:22:09 - [TEST_STEP][PASSED] - click(findTestObject("Object Repository/Page_Group10 Administration Search/a_Users")): Object: 'Object Repository/Page_Group10 Administration Search/a_Users' is clicked on

2022-01-14 22:22:10 - [MESSAGE][PASSED] - Object: 'Object Repository/Page_Group10 Administration Search/a_Users' is clicked on

2022-01-14 22:22:10 - [TEST_STEP][PASSED] - click(findTestObject("Object Repository/Page_Group10 Administration Search/a_Assign system roles")): Object: 'Object Repository/Page_Group10 Administration Search/a_Assign system roles' is clicked on

2022-01-14 22:22:11 - [MESSAGE][PASSED] - Object: 'Object Repository/Page_Group10 Administration Search/a_Assign system roles' is clicked on

2022-01-14 22:22:11 - [TEST_STEP][PASSED] - click(findTestObject("Page_Group10 Administration Users Permissio_fb4295/a_Manager")): Object: 'Object Repository/Page_Group10 Administration Users Permissio_fb4295/a_Manager' is clicked on

2022-01-14 22:22:12 - [MESSAGE][PASSED] - Object: 'Object Repository/Page_Group10 Administration Users Permissio_fb4295/a_Manager' is clicked on

2022-01-14 22:22:12 - [TEST_STEP][PASSED] - click(findTestObject("Page_Group10 Administration Users Permissions Assign system roles/option_Le Thu Thao (lttfitus.edu.vn)")): Object: 'Object Repository/Page_Group10 Administration Users Permissions Assign system roles/option_Le Thu Thao (lttfitus.edu.vn)' is clicked on

2022-01-14 22:22:13 - [MESSAGE][PASSED] - Object: 'Object Repository/Page_Group10 Administration Users Permissions Assign system roles/option_Le Thu Thao (lttfitus.edu.vn)' is clicked on

2022-01-14 22:22:13 - [TEST_STEP][PASSED] - click(findTestObject("Page_Group10 Administration Users Permissions Assign system roles/option_Nguyen Hoang Dung (nhdfitus.edu.vn)")): Object: 'Object Repository/Page_Group10 Administration Users Permissions Assign system roles/option_Nguyen Hoang Dung (nhdfitus.edu.vn)' is clicked on

2022-01-14 22:22:13 - [MESSAGE][PASSED] - Object: 'Object Repository/Page_Group10 Administration Users Permissions Assign system roles/option_Nguyen Hoang Dung (nhdfitus.edu.vn)' is clicked on

2022-01-14 22:22:13 - [TEST_STEP][PASSED] - click(findTestObject("Page_Group10 Administration Users Permissions Assign system roles/option_Nguyen Thi Thu Hang (ntthfitus.edu.vn)")): Object: 'Object Repository/Page_Group10 Administration Users Permissions Assign system roles/option_Nguyen Thi Thu Hang (ntthfitus.edu.vn)' is clicked on

2022-01-14 22:22:14 - [MESSAGE][PASSED] - Object: 'Object Repository/Page_Group10 Administration Users Permissions Assign system roles/option_Nguyen Thi Thu Hang (ntthfitus.edu.vn)' is clicked on

2022-01-14 22:22:14 - [TEST_STEP][PASSED] - click(findTestObject("Page_Group10 Administration Users Permissions Assign system roles/option_Pham Thi Bach Hue (ptbhfit.us.edu.vn)")): Object: 'Object Repository/Page_Group10 Administration Users Permissions Assign system roles/option_Pham Thi Bach Hue (ptbhfit.us.edu.vn)' is clicked on

2022-01-14 22:22:14 - [MESSAGE][PASSED] - Object: 'Object Repository/Page_Group10 Administration Users Permissions Assign system roles/option_Pham Thi Bach Hue (ptbhfit.us.edu.vn)' is clicked on

2022-01-14 22:22:14 - [TEST_STEP][PASSED] - click(findTestObject("Object Repository/Page_Group10 Administration Users Permissio_fb4295/input_Match the search text anywhere in the_89f7b5_1")): Object: 'Object Repository/Page_Group10 Administration Users Permissio_fb4295/input_Match the search text anywhere in the_89f7b5_1' is clicked on

2022-01-14 22:22:16 - [MESSAGE][PASSED] - Object: 'Object Repository/Page_Group10 Administration Users Permissio_fb4295/input_Match the search text anywhere in the_89f7b5_1' is clicked on

2022-01-14 22:22:16 - [TEST_STEP][PASSED] - closeBrowser(): Browser is closed

2022-01-14 22:22:16 - [MESSAGE][PASSED] - Browser is closed]]></system-out>
         <system-err><![CDATA[]]></system-err>
      </testcase>
      <testcase name="Test Cases/Change pass" time="21.601" classname="Test Cases/Change pass" status="PASSED">
         <system-out><![CDATA[2022-01-14 22:22:16 - [TEST_CASE][PASSED] - Test Cases/Change pass: Test Cases/Change pass

2022-01-14 22:22:17 - [TEST_STEP][PASSED] - openBrowser(""): Browser is opened with url: ''

2022-01-14 22:22:17 - [MESSAGE][INFO] - Starting 'Edge Chromium' driver

2022-01-14 22:22:19 - [MESSAGE][INFO] - Action delay is set to 0 milliseconds

2022-01-14 22:22:20 - [MESSAGE][PASSED] - Browser is opened with url: ''

2022-01-14 22:22:20 - [TEST_STEP][PASSED] - navigateToUrl("http://localhost/"): Navigate to 'http://localhost/' successfully

2022-01-14 22:22:20 - [MESSAGE][PASSED] - Navigate to 'http://localhost/' successfully

2022-01-14 22:22:20 - [TEST_STEP][PASSED] - click(findTestObject("Object Repository/changepass/Page_Home page/a_Log in")): Object: 'Object Repository/changepass/Page_Home page/a_Log in' is clicked on

2022-01-14 22:22:21 - [MESSAGE][PASSED] - Object: 'Object Repository/changepass/Page_Home page/a_Log in' is clicked on

2022-01-14 22:22:21 - [TEST_STEP][PASSED] - setText(findTestObject("Object Repository/changepass/Page_Home page Log in to the site/input_Username_username"), "student1"): Text 'student1' is set on object 'Object Repository/changepass/Page_Home page Log in to the site/input_Username_username'

2022-01-14 22:22:22 - [MESSAGE][PASSED] - Text 'student1' is set on object 'Object Repository/changepass/Page_Home page Log in to the site/input_Username_username'

2022-01-14 22:22:22 - [TEST_STEP][PASSED] - setEncryptedText(findTestObject("Object Repository/changepass/Page_Home page Log in to the site/input_Password_password"), "9ExR24d8uBTe5Y0Xu9Ji6w=="): Text ****** has been set on object 'Object Repository/changepass/Page_Home page Log in to the site/input_Password_password'

2022-01-14 22:22:23 - [MESSAGE][PASSED] - Text ****** has been set on object 'Object Repository/changepass/Page_Home page Log in to the site/input_Password_password'

2022-01-14 22:22:23 - [TEST_STEP][PASSED] - click(findTestObject("Object Repository/changepass/Page_Home page Log in to the site/button_Log in")): Object: 'Object Repository/changepass/Page_Home page Log in to the site/button_Log in' is clicked on

2022-01-14 22:22:24 - [MESSAGE][PASSED] - Object: 'Object Repository/changepass/Page_Home page Log in to the site/button_Log in' is clicked on

2022-01-14 22:22:24 - [TEST_STEP][PASSED] - click(findTestObject("Object Repository/changepass/Page_Dashboard/a_NH")): Object: 'Object Repository/changepass/Page_Dashboard/a_NH' is clicked on

2022-01-14 22:22:25 - [MESSAGE][PASSED] - Object: 'Object Repository/changepass/Page_Dashboard/a_NH' is clicked on

2022-01-14 22:22:25 - [TEST_STEP][PASSED] - click(findTestObject("Object Repository/changepass/Page_Dashboard/a_Profile")): Object: 'Object Repository/changepass/Page_Dashboard/a_Profile' is clicked on

2022-01-14 22:22:26 - [MESSAGE][PASSED] - Object: 'Object Repository/changepass/Page_Dashboard/a_Profile' is clicked on

2022-01-14 22:22:26 - [TEST_STEP][PASSED] - click(findTestObject("Object Repository/changepass/Page_Nguyen Hoa Public profile/a_Edit profile")): Object: 'Object Repository/changepass/Page_Nguyen Hoa Public profile/a_Edit profile' is clicked on

2022-01-14 22:22:27 - [MESSAGE][PASSED] - Object: 'Object Repository/changepass/Page_Nguyen Hoa Public profile/a_Edit profile' is clicked on

2022-01-14 22:22:27 - [TEST_STEP][PASSED] - click(findTestObject("Object Repository/changepass/Page_Group10 Edit profile/a_Preferences")): Object: 'Object Repository/changepass/Page_Group10 Edit profile/a_Preferences' is clicked on

2022-01-14 22:22:28 - [MESSAGE][PASSED] - Object: 'Object Repository/changepass/Page_Group10 Edit profile/a_Preferences' is clicked on

2022-01-14 22:22:28 - [TEST_STEP][PASSED] - click(findTestObject("Object Repository/changepass/Page_Preferences/a_Change password")): Object: 'Object Repository/changepass/Page_Preferences/a_Change password' is clicked on

2022-01-14 22:22:29 - [MESSAGE][PASSED] - Object: 'Object Repository/changepass/Page_Preferences/a_Change password' is clicked on

2022-01-14 22:22:29 - [TEST_STEP][PASSED] - setEncryptedText(findTestObject("Object Repository/changepass/Page_Change password/input_Current password_password"), "9ExR24d8uBTe5Y0Xu9Ji6w=="): Text ****** has been set on object 'Object Repository/changepass/Page_Change password/input_Current password_password'

2022-01-14 22:22:30 - [MESSAGE][PASSED] - Text ****** has been set on object 'Object Repository/changepass/Page_Change password/input_Current password_password'

2022-01-14 22:22:30 - [TEST_STEP][PASSED] - setEncryptedText(findTestObject("Object Repository/changepass/Page_Change password/input_New password_newpassword1"), "OFhcon1PzObx3ErJAwGfGA=="): Text ****** has been set on object 'Object Repository/changepass/Page_Change password/input_New password_newpassword1'

2022-01-14 22:22:31 - [MESSAGE][PASSED] - Text ****** has been set on object 'Object Repository/changepass/Page_Change password/input_New password_newpassword1'

2022-01-14 22:22:31 - [TEST_STEP][PASSED] - setEncryptedText(findTestObject("Object Repository/changepass/Page_Change password/input_New password (again)_newpassword2"), "OFhcon1PzObx3ErJAwGfGA=="): Text ****** has been set on object 'Object Repository/changepass/Page_Change password/input_New password (again)_newpassword2'

2022-01-14 22:22:31 - [MESSAGE][PASSED] - Text ****** has been set on object 'Object Repository/changepass/Page_Change password/input_New password (again)_newpassword2'

2022-01-14 22:22:31 - [TEST_STEP][PASSED] - click(findTestObject("Object Repository/changepass/Page_Change password/input_New password (again)_submitbutton")): Object: 'Object Repository/changepass/Page_Change password/input_New password (again)_submitbutton' is clicked on

2022-01-14 22:22:33 - [MESSAGE][PASSED] - Object: 'Object Repository/changepass/Page_Change password/input_New password (again)_submitbutton' is clicked on

2022-01-14 22:22:33 - [TEST_STEP][PASSED] - click(findTestObject("Object Repository/changepass/Page_Preferences/a_NH")): Object: 'Object Repository/changepass/Page_Preferences/a_NH' is clicked on

2022-01-14 22:22:33 - [MESSAGE][PASSED] - Object: 'Object Repository/changepass/Page_Preferences/a_NH' is clicked on

2022-01-14 22:22:33 - [TEST_STEP][PASSED] - click(findTestObject("Object Repository/changepass/Page_Preferences/a_Log out")): Object: 'Object Repository/changepass/Page_Preferences/a_Log out' is clicked on

2022-01-14 22:22:34 - [MESSAGE][PASSED] - Object: 'Object Repository/changepass/Page_Preferences/a_Log out' is clicked on

2022-01-14 22:22:34 - [TEST_STEP][PASSED] - click(findTestObject("Object Repository/changepass/Page_Home page/a_Log in")): Object: 'Object Repository/changepass/Page_Home page/a_Log in' is clicked on

2022-01-14 22:22:35 - [MESSAGE][PASSED] - Object: 'Object Repository/changepass/Page_Home page/a_Log in' is clicked on

2022-01-14 22:22:35 - [TEST_STEP][PASSED] - setText(findTestObject("Object Repository/changepass/Page_Home page Log in to the site/input_Username_username"), "student1"): Text 'student1' is set on object 'Object Repository/changepass/Page_Home page Log in to the site/input_Username_username'

2022-01-14 22:22:36 - [MESSAGE][PASSED] - Text 'student1' is set on object 'Object Repository/changepass/Page_Home page Log in to the site/input_Username_username'

2022-01-14 22:22:36 - [TEST_STEP][PASSED] - setEncryptedText(findTestObject("Object Repository/changepass/Page_Home page Log in to the site/input_Password_password"), "OFhcon1PzObx3ErJAwGfGA=="): Text ****** has been set on object 'Object Repository/changepass/Page_Home page Log in to the site/input_Password_password'

2022-01-14 22:22:36 - [MESSAGE][PASSED] - Text ****** has been set on object 'Object Repository/changepass/Page_Home page Log in to the site/input_Password_password'

2022-01-14 22:22:36 - [TEST_STEP][PASSED] - click(findTestObject("Object Repository/changepass/Page_Home page Log in to the site/button_Log in")): Object: 'Object Repository/changepass/Page_Home page Log in to the site/button_Log in' is clicked on

2022-01-14 22:22:37 - [MESSAGE][PASSED] - Object: 'Object Repository/changepass/Page_Home page Log in to the site/button_Log in' is clicked on

2022-01-14 22:22:37 - [TEST_STEP][PASSED] - closeBrowser(): Browser is closed

2022-01-14 22:22:38 - [MESSAGE][PASSED] - Browser is closed]]></system-out>
         <system-err><![CDATA[]]></system-err>
      </testcase>
      <testcase name="Test Cases/Login with incorrect username" time="38.986" classname="Test Cases/Login with incorrect username" status="PASSED">
         <system-out><![CDATA[2022-01-14 22:22:38 - [TEST_CASE][PASSED] - Test Cases/Login with incorrect username: Test Cases/Login with incorrect username

2022-01-14 22:22:38 - [TEST_STEP][PASSED] - openBrowser(""): Browser is opened with url: ''

2022-01-14 22:22:38 - [MESSAGE][INFO] - Starting 'Edge Chromium' driver

2022-01-14 22:22:41 - [MESSAGE][INFO] - Action delay is set to 0 milliseconds

2022-01-14 22:22:41 - [MESSAGE][PASSED] - Browser is opened with url: ''

2022-01-14 22:22:41 - [TEST_STEP][PASSED] - navigateToUrl("http://localhost/"): Navigate to 'http://localhost/' successfully

2022-01-14 22:22:42 - [MESSAGE][PASSED] - Navigate to 'http://localhost/' successfully

2022-01-14 22:22:42 - [TEST_STEP][PASSED] - click(findTestObject("Object Repository/Page_Home page/a_Log in")): Object: 'Object Repository/Page_Home page/a_Log in' is clicked on

2022-01-14 22:22:43 - [MESSAGE][PASSED] - Object: 'Object Repository/Page_Home page/a_Log in' is clicked on

2022-01-14 22:22:43 - [TEST_STEP][PASSED] - setText(findTestObject("Object Repository/Page_Home page Log in to the site/input_Username_username"), "student"): Text 'student' is set on object 'Object Repository/Page_Home page Log in to the site/input_Username_username'

2022-01-14 22:22:44 - [MESSAGE][PASSED] - Text 'student' is set on object 'Object Repository/Page_Home page Log in to the site/input_Username_username'

2022-01-14 22:22:44 - [TEST_STEP][PASSED] - setEncryptedText(findTestObject("Page_Home page Log in to the site/input_Password_password (1)"), "OFhcon1PzObx3ErJAwGfGA=="): Text ****** has been set on object 'Object Repository/Page_Home page Log in to the site/input_Password_password (1)'

2022-01-14 22:22:44 - [MESSAGE][PASSED] - Text ****** has been set on object 'Object Repository/Page_Home page Log in to the site/input_Password_password (1)'

2022-01-14 22:22:44 - [TEST_STEP][PASSED] - click(findTestObject("Object Repository/Page_Home page Log in to the site/button_Log in")): Object: 'Object Repository/Page_Home page Log in to the site/button_Log in' is clicked on

2022-01-14 22:22:45 - [MESSAGE][PASSED] - Object: 'Object Repository/Page_Home page Log in to the site/button_Log in' is clicked on

2022-01-14 22:22:45 - [TEST_STEP][PASSED] - verifyElementNotVisibleInViewport(findTestObject("Object Repository/Page_Dashboard/a_Site administration"), 0): Object 'Object Repository/Page_Dashboard/a_Site administration' is not present

2022-01-14 22:22:45 - [MESSAGE][WARNING] - Timeout '0' is invalid. Using default page load timeout: '30'

2022-01-14 22:23:16 - [MESSAGE][INFO] - Unable to find the element located by 'By.xpath: //a[contains(text(),'Site administration')]'. Please recheck the objects properties to make sure the desired element is located. 

2022-01-14 22:23:16 - [MESSAGE][WARNING] - Object 'Object Repository/Page_Dashboard/a_Site administration' is not present

2022-01-14 22:23:16 - [TEST_STEP][PASSED] - closeBrowser(): Browser is closed

2022-01-14 22:23:17 - [MESSAGE][PASSED] - Browser is closed]]></system-out>
         <system-err><![CDATA[]]></system-err>
      </testcase>
      <testcase name="Test Cases/Login with incorrect password" time="38.876" classname="Test Cases/Login with incorrect password" status="PASSED">
         <system-out><![CDATA[2022-01-14 22:23:17 - [TEST_CASE][PASSED] - Test Cases/Login with incorrect password: Test Cases/Login with incorrect password

2022-01-14 22:23:17 - [TEST_STEP][PASSED] - openBrowser(""): Browser is opened with url: ''

2022-01-14 22:23:17 - [MESSAGE][INFO] - Starting 'Edge Chromium' driver

2022-01-14 22:23:20 - [MESSAGE][INFO] - Action delay is set to 0 milliseconds

2022-01-14 22:23:20 - [MESSAGE][PASSED] - Browser is opened with url: ''

2022-01-14 22:23:20 - [TEST_STEP][PASSED] - navigateToUrl("http://localhost/"): Navigate to 'http://localhost/' successfully

2022-01-14 22:23:21 - [MESSAGE][PASSED] - Navigate to 'http://localhost/' successfully

2022-01-14 22:23:21 - [TEST_STEP][PASSED] - click(findTestObject("Object Repository/Page_Home page/a_Log in")): Object: 'Object Repository/Page_Home page/a_Log in' is clicked on

2022-01-14 22:23:22 - [MESSAGE][PASSED] - Object: 'Object Repository/Page_Home page/a_Log in' is clicked on

2022-01-14 22:23:22 - [TEST_STEP][PASSED] - setText(findTestObject("Object Repository/Page_Home page Log in to the site/input_Username_username"), "student1"): Text 'student1' is set on object 'Object Repository/Page_Home page Log in to the site/input_Username_username'

2022-01-14 22:23:23 - [MESSAGE][PASSED] - Text 'student1' is set on object 'Object Repository/Page_Home page Log in to the site/input_Username_username'

2022-01-14 22:23:23 - [TEST_STEP][PASSED] - setEncryptedText(findTestObject("Page_Home page Log in to the site/input_Password_password (1)"), "suoVCwEpf9Y="): Text ****** has been set on object 'Object Repository/Page_Home page Log in to the site/input_Password_password (1)'

2022-01-14 22:23:23 - [MESSAGE][PASSED] - Text ****** has been set on object 'Object Repository/Page_Home page Log in to the site/input_Password_password (1)'

2022-01-14 22:23:23 - [TEST_STEP][PASSED] - click(findTestObject("Object Repository/Page_Home page Log in to the site/button_Log in")): Object: 'Object Repository/Page_Home page Log in to the site/button_Log in' is clicked on

2022-01-14 22:23:24 - [MESSAGE][PASSED] - Object: 'Object Repository/Page_Home page Log in to the site/button_Log in' is clicked on

2022-01-14 22:23:24 - [TEST_STEP][PASSED] - verifyElementNotVisibleInViewport(findTestObject("Object Repository/Page_Dashboard/a_Site administration"), 0): Object 'Object Repository/Page_Dashboard/a_Site administration' is not present

2022-01-14 22:23:24 - [MESSAGE][WARNING] - Timeout '0' is invalid. Using default page load timeout: '30'

2022-01-14 22:23:55 - [MESSAGE][INFO] - Unable to find the element located by 'By.xpath: //a[contains(text(),'Site administration')]'. Please recheck the objects properties to make sure the desired element is located. 

2022-01-14 22:23:55 - [MESSAGE][WARNING] - Object 'Object Repository/Page_Dashboard/a_Site administration' is not present

2022-01-14 22:23:55 - [TEST_STEP][PASSED] - closeBrowser(): Browser is closed

2022-01-14 22:23:56 - [MESSAGE][PASSED] - Browser is closed]]></system-out>
         <system-err><![CDATA[]]></system-err>
      </testcase>
      <testcase name="Test Cases/Login with valid account" time="10.1" classname="Test Cases/Login with valid account" status="PASSED">
         <system-out><![CDATA[2022-01-14 22:23:56 - [TEST_CASE][PASSED] - Test Cases/Login with valid account: Test Cases/Login with valid account

2022-01-14 22:23:56 - [TEST_STEP][PASSED] - openBrowser(""): Browser is opened with url: ''

2022-01-14 22:23:56 - [MESSAGE][INFO] - Starting 'Edge Chromium' driver

2022-01-14 22:23:58 - [MESSAGE][INFO] - Action delay is set to 0 milliseconds

2022-01-14 22:23:59 - [MESSAGE][PASSED] - Browser is opened with url: ''

2022-01-14 22:23:59 - [TEST_STEP][PASSED] - navigateToUrl("http://localhost/"): Navigate to 'http://localhost/' successfully

2022-01-14 22:24:00 - [MESSAGE][PASSED] - Navigate to 'http://localhost/' successfully

2022-01-14 22:24:00 - [TEST_STEP][PASSED] - click(findTestObject("Object Repository/Page_Home page/a_Log in")): Object: 'Object Repository/Page_Home page/a_Log in' is clicked on

2022-01-14 22:24:01 - [MESSAGE][PASSED] - Object: 'Object Repository/Page_Home page/a_Log in' is clicked on

2022-01-14 22:24:01 - [TEST_STEP][PASSED] - setText(findTestObject("Object Repository/Page_Home page Log in to the site/input_Username_username"), "student1"): Text 'student1' is set on object 'Object Repository/Page_Home page Log in to the site/input_Username_username'

2022-01-14 22:24:02 - [MESSAGE][PASSED] - Text 'student1' is set on object 'Object Repository/Page_Home page Log in to the site/input_Username_username'

2022-01-14 22:24:02 - [TEST_STEP][PASSED] - setEncryptedText(findTestObject("Page_Home page Log in to the site/input_Password_password (1)"), "OFhcon1PzObx3ErJAwGfGA=="): Text ****** has been set on object 'Object Repository/Page_Home page Log in to the site/input_Password_password (1)'

2022-01-14 22:24:02 - [MESSAGE][PASSED] - Text ****** has been set on object 'Object Repository/Page_Home page Log in to the site/input_Password_password (1)'

2022-01-14 22:24:02 - [TEST_STEP][PASSED] - click(findTestObject("Object Repository/Page_Home page Log in to the site/button_Log in")): Object: 'Object Repository/Page_Home page Log in to the site/button_Log in' is clicked on

2022-01-14 22:24:04 - [MESSAGE][PASSED] - Object: 'Object Repository/Page_Home page Log in to the site/button_Log in' is clicked on

2022-01-14 22:24:04 - [TEST_STEP][PASSED] - click(findTestObject("Object Repository/Page_Dashboard/a_NV")): Object: 'Object Repository/Page_Dashboard/a_NV' is clicked on

2022-01-14 22:24:04 - [MESSAGE][PASSED] - Object: 'Object Repository/Page_Dashboard/a_NV' is clicked on

2022-01-14 22:24:04 - [TEST_STEP][PASSED] - click(findTestObject("Object Repository/Page_Dashboard/a_Log out")): Object: 'Object Repository/Page_Dashboard/a_Log out' is clicked on

2022-01-14 22:24:05 - [MESSAGE][PASSED] - Object: 'Object Repository/Page_Dashboard/a_Log out' is clicked on

2022-01-14 22:24:05 - [TEST_STEP][PASSED] - closeBrowser(): Browser is closed

2022-01-14 22:24:06 - [MESSAGE][PASSED] - Browser is closed]]></system-out>
         <system-err><![CDATA[]]></system-err>
      </testcase>
      <testcase name="Test Cases/Edit Profile" time="32.136" classname="Test Cases/Edit Profile" status="PASSED">
         <system-out><![CDATA[2022-01-14 22:24:06 - [TEST_CASE][PASSED] - Test Cases/Edit Profile: Test Cases/Edit Profile

2022-01-14 22:24:06 - [TEST_STEP][PASSED] - openBrowser(""): Browser is opened with url: ''

2022-01-14 22:24:06 - [MESSAGE][INFO] - Starting 'Edge Chromium' driver

2022-01-14 22:24:09 - [MESSAGE][INFO] - Action delay is set to 0 milliseconds

2022-01-14 22:24:09 - [MESSAGE][PASSED] - Browser is opened with url: ''

2022-01-14 22:24:09 - [TEST_STEP][PASSED] - navigateToUrl("http://localhost/"): Navigate to 'http://localhost/' successfully

2022-01-14 22:24:10 - [MESSAGE][PASSED] - Navigate to 'http://localhost/' successfully

2022-01-14 22:24:10 - [TEST_STEP][PASSED] - click(findTestObject("Object Repository/edit profile/Page_Home page/a_Log in")): Object: 'Object Repository/edit profile/Page_Home page/a_Log in' is clicked on

2022-01-14 22:24:11 - [MESSAGE][PASSED] - Object: 'Object Repository/edit profile/Page_Home page/a_Log in' is clicked on

2022-01-14 22:24:11 - [TEST_STEP][PASSED] - setText(findTestObject("Object Repository/edit profile/Page_Home page Log in to the site/input_Username_username"), "student1"): Text 'student1' is set on object 'Object Repository/edit profile/Page_Home page Log in to the site/input_Username_username'

2022-01-14 22:24:12 - [MESSAGE][PASSED] - Text 'student1' is set on object 'Object Repository/edit profile/Page_Home page Log in to the site/input_Username_username'

2022-01-14 22:24:12 - [TEST_STEP][PASSED] - setEncryptedText(findTestObject("Object Repository/edit profile/Page_Home page Log in to the site/input_Password_password"), "OFhcon1PzObx3ErJAwGfGA=="): Text ****** has been set on object 'Object Repository/edit profile/Page_Home page Log in to the site/input_Password_password'

2022-01-14 22:24:12 - [MESSAGE][PASSED] - Text ****** has been set on object 'Object Repository/edit profile/Page_Home page Log in to the site/input_Password_password'

2022-01-14 22:24:12 - [TEST_STEP][PASSED] - click(findTestObject("Object Repository/edit profile/Page_Home page Log in to the site/button_Log in")): Object: 'Object Repository/edit profile/Page_Home page Log in to the site/button_Log in' is clicked on

2022-01-14 22:24:14 - [MESSAGE][PASSED] - Object: 'Object Repository/edit profile/Page_Home page Log in to the site/button_Log in' is clicked on

2022-01-14 22:24:14 - [TEST_STEP][PASSED] - click(findTestObject("Object Repository/edit profile/Page_Dashboard/a_NH")): Object: 'Object Repository/edit profile/Page_Dashboard/a_NH' is clicked on

2022-01-14 22:24:14 - [MESSAGE][PASSED] - Object: 'Object Repository/edit profile/Page_Dashboard/a_NH' is clicked on

2022-01-14 22:24:14 - [TEST_STEP][PASSED] - click(findTestObject("Page_Preferences/a_Preferences")): Object: 'Object Repository/Page_Preferences/a_Preferences' is clicked on

2022-01-14 22:24:15 - [MESSAGE][PASSED] - Object: 'Object Repository/Page_Preferences/a_Preferences' is clicked on

2022-01-14 22:24:15 - [TEST_STEP][PASSED] - click(findTestObject("Object Repository/edit profile/Page_Nguyen Hoa Public profile/a_Edit profile")): Object: 'Object Repository/edit profile/Page_Nguyen Hoa Public profile/a_Edit profile' is clicked on

2022-01-14 22:24:17 - [MESSAGE][PASSED] - Object: 'Object Repository/edit profile/Page_Nguyen Hoa Public profile/a_Edit profile' is clicked on

2022-01-14 22:24:17 - [TEST_STEP][PASSED] - selectOptionByValue(findTestObject("Object Repository/edit profile/Page_Group10 Edit profile/select_Select a country.            Afghani_160506"), "VN", true): All options with value 'VN' are selected in object 'Object Repository/edit profile/Page_Group10 Edit profile/select_Select a country.            Afghani_160506'  using regular expression

2022-01-14 22:24:26 - [MESSAGE][PASSED] - All options with value 'VN' are selected in object 'Object Repository/edit profile/Page_Group10 Edit profile/select_Select a country.            Afghani_160506'  using regular expression

2022-01-14 22:24:26 - [TEST_STEP][PASSED] - setText(findTestObject("Object Repository/edit profile/Page_Group10 Edit profile/input_Citytown_city"), "HCM"): Text 'HCM' is set on object 'Object Repository/edit profile/Page_Group10 Edit profile/input_Citytown_city'

2022-01-14 22:24:27 - [MESSAGE][PASSED] - Text 'HCM' is set on object 'Object Repository/edit profile/Page_Group10 Edit profile/input_Citytown_city'

2022-01-14 22:24:27 - [TEST_STEP][PASSED] - click(findTestObject("Object Repository/edit profile/Page_Group10 Edit profile/input_Address_submitbutton")): Object: 'Object Repository/edit profile/Page_Group10 Edit profile/input_Address_submitbutton' is clicked on

2022-01-14 22:24:28 - [MESSAGE][PASSED] - Object: 'Object Repository/edit profile/Page_Group10 Edit profile/input_Address_submitbutton' is clicked on

2022-01-14 22:24:28 - [TEST_STEP][PASSED] - click(findTestObject("Object Repository/edit profile/Page_Nguyen Hoa Public profile/a_NH")): Object: 'Object Repository/edit profile/Page_Nguyen Hoa Public profile/a_NH' is clicked on

2022-01-14 22:24:29 - [MESSAGE][PASSED] - Object: 'Object Repository/edit profile/Page_Nguyen Hoa Public profile/a_NH' is clicked on

2022-01-14 22:24:29 - [TEST_STEP][PASSED] - click(findTestObject("Object Repository/edit profile/Page_Nguyen Hoa Public profile/a_Log out")): Object: 'Object Repository/edit profile/Page_Nguyen Hoa Public profile/a_Log out' is clicked on

2022-01-14 22:24:30 - [MESSAGE][PASSED] - Object: 'Object Repository/edit profile/Page_Nguyen Hoa Public profile/a_Log out' is clicked on

2022-01-14 22:24:30 - [TEST_STEP][PASSED] - click(findTestObject("Object Repository/edit profile/Page_Home page/a_Log in")): Object: 'Object Repository/edit profile/Page_Home page/a_Log in' is clicked on

2022-01-14 22:24:31 - [MESSAGE][PASSED] - Object: 'Object Repository/edit profile/Page_Home page/a_Log in' is clicked on

2022-01-14 22:24:31 - [TEST_STEP][PASSED] - setText(findTestObject("Object Repository/edit profile/Page_Home page Log in to the site/input_Username_username"), "admin"): Text 'admin' is set on object 'Object Repository/edit profile/Page_Home page Log in to the site/input_Username_username'

2022-01-14 22:24:31 - [MESSAGE][PASSED] - Text 'admin' is set on object 'Object Repository/edit profile/Page_Home page Log in to the site/input_Username_username'

2022-01-14 22:24:31 - [TEST_STEP][PASSED] - setEncryptedText(findTestObject("Object Repository/edit profile/Page_Home page Log in to the site/input_Password_password"), "OFhcon1PzObx3ErJAwGfGA=="): Text ****** has been set on object 'Object Repository/edit profile/Page_Home page Log in to the site/input_Password_password'

2022-01-14 22:24:32 - [MESSAGE][PASSED] - Text ****** has been set on object 'Object Repository/edit profile/Page_Home page Log in to the site/input_Password_password'

2022-01-14 22:24:32 - [TEST_STEP][PASSED] - click(findTestObject("Object Repository/edit profile/Page_Home page Log in to the site/button_Log in")): Object: 'Object Repository/edit profile/Page_Home page Log in to the site/button_Log in' is clicked on

2022-01-14 22:24:33 - [MESSAGE][PASSED] - Object: 'Object Repository/edit profile/Page_Home page Log in to the site/button_Log in' is clicked on

2022-01-14 22:24:33 - [TEST_STEP][PASSED] - click(findTestObject("Object Repository/edit profile/Page_Dashboard/a_Site administration")): Object: 'Object Repository/edit profile/Page_Dashboard/a_Site administration' is clicked on

2022-01-14 22:24:35 - [MESSAGE][PASSED] - Object: 'Object Repository/edit profile/Page_Dashboard/a_Site administration' is clicked on

2022-01-14 22:24:35 - [TEST_STEP][PASSED] - click(findTestObject("Object Repository/edit profile/Page_Group10 Administration Search/a_Users")): Object: 'Object Repository/edit profile/Page_Group10 Administration Search/a_Users' is clicked on

2022-01-14 22:24:35 - [MESSAGE][PASSED] - Object: 'Object Repository/edit profile/Page_Group10 Administration Search/a_Users' is clicked on

2022-01-14 22:24:35 - [TEST_STEP][PASSED] - click(findTestObject("Object Repository/edit profile/Page_Group10 Administration Search/a_Browse list of users")): Object: 'Object Repository/edit profile/Page_Group10 Administration Search/a_Browse list of users' is clicked on

2022-01-14 22:24:37 - [MESSAGE][PASSED] - Object: 'Object Repository/edit profile/Page_Group10 Administration Search/a_Browse list of users' is clicked on

2022-01-14 22:24:37 - [TEST_STEP][PASSED] - verifyElementText(findTestObject("Page_Group10 Administration Users Accounts Browse list of users/td_HCM"), "HCM"): Actual text and expected text of test object 'Object Repository/Page_Group10 Administration Users Accounts Browse list of users/td_HCM' are matched.

2022-01-14 22:24:37 - [MESSAGE][PASSED] - Actual text and expected text of test object 'Object Repository/Page_Group10 Administration Users Accounts Browse list of users/td_HCM' are matched.

2022-01-14 22:24:37 - [TEST_STEP][PASSED] - closeBrowser(): Browser is closed

2022-01-14 22:24:38 - [MESSAGE][PASSED] - Browser is closed]]></system-out>
         <system-err><![CDATA[]]></system-err>
      </testcase>
      <testcase name="Test Cases/Search Course" time="12.07" classname="Test Cases/Search Course" status="PASSED">
         <system-out><![CDATA[2022-01-14 22:24:38 - [TEST_CASE][PASSED] - Test Cases/Search Course: Test Cases/Search Course

2022-01-14 22:24:38 - [TEST_STEP][PASSED] - openBrowser(""): Browser is opened with url: ''

2022-01-14 22:24:38 - [MESSAGE][INFO] - Starting 'Edge Chromium' driver

2022-01-14 22:24:41 - [MESSAGE][INFO] - Action delay is set to 0 milliseconds

2022-01-14 22:24:41 - [MESSAGE][PASSED] - Browser is opened with url: ''

2022-01-14 22:24:41 - [TEST_STEP][PASSED] - navigateToUrl("http://localhost/"): Navigate to 'http://localhost/' successfully

2022-01-14 22:24:42 - [MESSAGE][PASSED] - Navigate to 'http://localhost/' successfully

2022-01-14 22:24:42 - [TEST_STEP][PASSED] - click(findTestObject("Object Repository/search/Page_Home page/a_Log in")): Object: 'Object Repository/search/Page_Home page/a_Log in' is clicked on

2022-01-14 22:24:43 - [MESSAGE][PASSED] - Object: 'Object Repository/search/Page_Home page/a_Log in' is clicked on

2022-01-14 22:24:43 - [TEST_STEP][PASSED] - setText(findTestObject("Object Repository/search/Page_Home page Log in to the site/input_Username_username"), "student1"): Text 'student1' is set on object 'Object Repository/search/Page_Home page Log in to the site/input_Username_username'

2022-01-14 22:24:44 - [MESSAGE][PASSED] - Text 'student1' is set on object 'Object Repository/search/Page_Home page Log in to the site/input_Username_username'

2022-01-14 22:24:44 - [TEST_STEP][PASSED] - setEncryptedText(findTestObject("Page_Home page Log in to the site/input_Password_password (1)"), "OFhcon1PzObx3ErJAwGfGA=="): Text ****** has been set on object 'Object Repository/Page_Home page Log in to the site/input_Password_password (1)'

2022-01-14 22:24:45 - [MESSAGE][PASSED] - Text ****** has been set on object 'Object Repository/Page_Home page Log in to the site/input_Password_password (1)'

2022-01-14 22:24:45 - [TEST_STEP][PASSED] - click(findTestObject("Object Repository/search/Page_Home page Log in to the site/button_Log in")): Object: 'Object Repository/search/Page_Home page Log in to the site/button_Log in' is clicked on

2022-01-14 22:24:46 - [MESSAGE][PASSED] - Object: 'Object Repository/search/Page_Home page Log in to the site/button_Log in' is clicked on

2022-01-14 22:24:46 - [TEST_STEP][PASSED] - click(findTestObject("Object Repository/search/Page_Dashboard/a_Home")): Object: 'Object Repository/search/Page_Dashboard/a_Home' is clicked on

2022-01-14 22:24:47 - [MESSAGE][PASSED] - Object: 'Object Repository/search/Page_Dashboard/a_Home' is clicked on

2022-01-14 22:24:47 - [TEST_STEP][PASSED] - setText(findTestObject("Object Repository/search/Page_Home page/input_Search courses_q"), "SE"): Text 'SE' is set on object 'Object Repository/search/Page_Home page/input_Search courses_q'

2022-01-14 22:24:48 - [MESSAGE][PASSED] - Text 'SE' is set on object 'Object Repository/search/Page_Home page/input_Search courses_q'

2022-01-14 22:24:48 - [TEST_STEP][PASSED] - click(findTestObject("Object Repository/search/Page_Home page/i_Search courses_icon fa fa-search fa-fw")): Object: 'Object Repository/search/Page_Home page/i_Search courses_icon fa fa-search fa-fw' is clicked on

2022-01-14 22:24:49 - [MESSAGE][PASSED] - Object: 'Object Repository/search/Page_Home page/i_Search courses_icon fa fa-search fa-fw' is clicked on

2022-01-14 22:24:49 - [TEST_STEP][PASSED] - verifyElementClickable(findTestObject("Object Repository/search/Page_Home page  Search results/a_Software Engineering")): Object 'Object Repository/search/Page_Home page  Search results/a_Software Engineering' is clickable

2022-01-14 22:24:49 - [MESSAGE][PASSED] - Object 'Object Repository/search/Page_Home page  Search results/a_Software Engineering' is clickable

2022-01-14 22:24:49 - [TEST_STEP][PASSED] - closeBrowser(): Browser is closed

2022-01-14 22:24:50 - [MESSAGE][PASSED] - Browser is closed]]></system-out>
         <system-err><![CDATA[]]></system-err>
      </testcase>
      <testcase name="Test Cases/Add a category - ADMIN" time="22.711" classname="Test Cases/Add a category - ADMIN" status="PASSED">
         <system-out><![CDATA[2022-01-14 22:24:50 - [TEST_CASE][PASSED] - Test Cases/Add a category - ADMIN: Test Cases/Add a category - ADMIN

2022-01-14 22:24:51 - [TEST_STEP][PASSED] - openBrowser(""): Browser is opened with url: ''

2022-01-14 22:24:51 - [MESSAGE][INFO] - Starting 'Edge Chromium' driver

2022-01-14 22:24:53 - [MESSAGE][INFO] - Action delay is set to 0 milliseconds

2022-01-14 22:24:54 - [MESSAGE][PASSED] - Browser is opened with url: ''

2022-01-14 22:24:54 - [TEST_STEP][PASSED] - navigateToUrl("http://localhost/"): Navigate to 'http://localhost/' successfully

2022-01-14 22:24:55 - [MESSAGE][PASSED] - Navigate to 'http://localhost/' successfully

2022-01-14 22:24:55 - [TEST_STEP][PASSED] - click(findTestObject("Object Repository/Page_Home page/a_Log in")): Object: 'Object Repository/Page_Home page/a_Log in' is clicked on

2022-01-14 22:24:56 - [MESSAGE][PASSED] - Object: 'Object Repository/Page_Home page/a_Log in' is clicked on

2022-01-14 22:24:56 - [TEST_STEP][PASSED] - setText(findTestObject("Object Repository/Page_Home page Log in to the site/input_Username_username"), "admin"): Text 'admin' is set on object 'Object Repository/Page_Home page Log in to the site/input_Username_username'

2022-01-14 22:24:57 - [MESSAGE][PASSED] - Text 'admin' is set on object 'Object Repository/Page_Home page Log in to the site/input_Username_username'

2022-01-14 22:24:57 - [TEST_STEP][PASSED] - setEncryptedText(findTestObject("Object Repository/Page_Home page Log in to the site/input_Password_password"), "OFhcon1PzObx3ErJAwGfGA=="): Text ****** has been set on object 'Object Repository/Page_Home page Log in to the site/input_Password_password'

2022-01-14 22:24:57 - [MESSAGE][PASSED] - Text ****** has been set on object 'Object Repository/Page_Home page Log in to the site/input_Password_password'

2022-01-14 22:24:57 - [TEST_STEP][PASSED] - click(findTestObject("Object Repository/Page_Home page Log in to the site/button_Log in")): Object: 'Object Repository/Page_Home page Log in to the site/button_Log in' is clicked on

2022-01-14 22:24:58 - [MESSAGE][PASSED] - Object: 'Object Repository/Page_Home page Log in to the site/button_Log in' is clicked on

2022-01-14 22:24:58 - [TEST_STEP][PASSED] - click(findTestObject("Object Repository/Page_Dashboard/a_Site administration")): Object: 'Object Repository/Page_Dashboard/a_Site administration' is clicked on

2022-01-14 22:25:00 - [MESSAGE][PASSED] - Object: 'Object Repository/Page_Dashboard/a_Site administration' is clicked on

2022-01-14 22:25:00 - [TEST_STEP][PASSED] - click(findTestObject("Object Repository/Page_Group10 Administration Search/a_Courses")): Object: 'Object Repository/Page_Group10 Administration Search/a_Courses' is clicked on

2022-01-14 22:25:01 - [MESSAGE][PASSED] - Object: 'Object Repository/Page_Group10 Administration Search/a_Courses' is clicked on

2022-01-14 22:25:01 - [TEST_STEP][PASSED] - click(findTestObject("Object Repository/Page_Group10 Administration Search/a_Add a category")): Object: 'Object Repository/Page_Group10 Administration Search/a_Add a category' is clicked on

2022-01-14 22:25:02 - [MESSAGE][PASSED] - Object: 'Object Repository/Page_Group10 Administration Search/a_Add a category' is clicked on

2022-01-14 22:25:02 - [TEST_STEP][PASSED] - setText(findTestObject("Object Repository/Page_Group10 Add new category/input_Category name_name"), "CHƯƠNG TRÌNH CHẤT LƯỢNG CAO (CLC)"): Text 'CHƯƠNG TRÌNH CHẤT LƯỢNG CAO (CLC)' is set on object 'Object Repository/Page_Group10 Add new category/input_Category name_name'

2022-01-14 22:25:04 - [MESSAGE][PASSED] - Text 'CHƯƠNG TRÌNH CHẤT LƯỢNG CAO (CLC)' is set on object 'Object Repository/Page_Group10 Add new category/input_Category name_name'

2022-01-14 22:25:04 - [TEST_STEP][PASSED] - click(findTestObject("Object Repository/Page_Group10 Add new category/input_Rich text editor_submitbutton")): Object: 'Object Repository/Page_Group10 Add new category/input_Rich text editor_submitbutton' is clicked on

2022-01-14 22:25:05 - [MESSAGE][PASSED] - Object: 'Object Repository/Page_Group10 Add new category/input_Rich text editor_submitbutton' is clicked on

2022-01-14 22:25:05 - [TEST_STEP][PASSED] - click(findTestObject("Object Repository/Page_Course and category management/a_CHNG TRNH CHT LNG CAO (CLC)_action-menu-toggle-3")): Object: 'Object Repository/Page_Course and category management/a_CHNG TRNH CHT LNG CAO (CLC)_action-menu-toggle-3' is clicked on

2022-01-14 22:25:06 - [MESSAGE][PASSED] - Object: 'Object Repository/Page_Course and category management/a_CHNG TRNH CHT LNG CAO (CLC)_action-menu-toggle-3' is clicked on

2022-01-14 22:25:06 - [TEST_STEP][PASSED] - click(findTestObject("Object Repository/Page_Course and category management/span_Delete")): Object: 'Object Repository/Page_Course and category management/span_Delete' is clicked on

2022-01-14 22:25:07 - [MESSAGE][PASSED] - Object: 'Object Repository/Page_Course and category management/span_Delete' is clicked on

2022-01-14 22:25:07 - [TEST_STEP][PASSED] - click(findTestObject("Object Repository/Page_Course and category management/input_Delete all - cannot be undone_submitbutton")): Object: 'Object Repository/Page_Course and category management/input_Delete all - cannot be undone_submitbutton' is clicked on

2022-01-14 22:25:09 - [MESSAGE][PASSED] - Object: 'Object Repository/Page_Course and category management/input_Delete all - cannot be undone_submitbutton' is clicked on

2022-01-14 22:25:09 - [TEST_STEP][PASSED] - click(findTestObject("Object Repository/Page_Course and category management/button_Continue")): Object: 'Object Repository/Page_Course and category management/button_Continue' is clicked on

2022-01-14 22:25:10 - [MESSAGE][PASSED] - Object: 'Object Repository/Page_Course and category management/button_Continue' is clicked on

2022-01-14 22:25:10 - [TEST_STEP][PASSED] - click(findTestObject("Object Repository/Page_Course and category management/a_AU")): Object: 'Object Repository/Page_Course and category management/a_AU' is clicked on

2022-01-14 22:25:11 - [MESSAGE][PASSED] - Object: 'Object Repository/Page_Course and category management/a_AU' is clicked on

2022-01-14 22:25:11 - [TEST_STEP][PASSED] - click(findTestObject("Object Repository/Page_Course and category management/a_Log out")): Object: 'Object Repository/Page_Course and category management/a_Log out' is clicked on

2022-01-14 22:25:12 - [MESSAGE][PASSED] - Object: 'Object Repository/Page_Course and category management/a_Log out' is clicked on

2022-01-14 22:25:12 - [TEST_STEP][PASSED] - closeBrowser(): Browser is closed

2022-01-14 22:25:13 - [MESSAGE][PASSED] - Browser is closed]]></system-out>
         <system-err><![CDATA[]]></system-err>
      </testcase>
      <testcase name="Test Cases/Add a new course - ADMIN" time="30.198" classname="Test Cases/Add a new course - ADMIN" status="PASSED">
         <system-out><![CDATA[2022-01-14 22:25:13 - [TEST_CASE][PASSED] - Test Cases/Add a new course - ADMIN: Test Cases/Add a new course - ADMIN

2022-01-14 22:25:13 - [TEST_STEP][PASSED] - openBrowser(""): Browser is opened with url: ''

2022-01-14 22:25:13 - [MESSAGE][INFO] - Starting 'Edge Chromium' driver

2022-01-14 22:25:16 - [MESSAGE][INFO] - Action delay is set to 0 milliseconds

2022-01-14 22:25:16 - [MESSAGE][PASSED] - Browser is opened with url: ''

2022-01-14 22:25:16 - [TEST_STEP][PASSED] - navigateToUrl("http://localhost/"): Navigate to 'http://localhost/' successfully

2022-01-14 22:25:17 - [MESSAGE][PASSED] - Navigate to 'http://localhost/' successfully

2022-01-14 22:25:17 - [TEST_STEP][PASSED] - click(findTestObject("Object Repository/Page_Home page/a_Log in")): Object: 'Object Repository/Page_Home page/a_Log in' is clicked on

2022-01-14 22:25:18 - [MESSAGE][PASSED] - Object: 'Object Repository/Page_Home page/a_Log in' is clicked on

2022-01-14 22:25:18 - [TEST_STEP][PASSED] - setText(findTestObject("Object Repository/Page_Home page Log in to the site/input_Username_username"), "admin"): Text 'admin' is set on object 'Object Repository/Page_Home page Log in to the site/input_Username_username'

2022-01-14 22:25:19 - [MESSAGE][PASSED] - Text 'admin' is set on object 'Object Repository/Page_Home page Log in to the site/input_Username_username'

2022-01-14 22:25:19 - [TEST_STEP][PASSED] - setEncryptedText(findTestObject("Object Repository/Page_Home page Log in to the site/input_Password_password"), "OFhcon1PzObx3ErJAwGfGA=="): Text ****** has been set on object 'Object Repository/Page_Home page Log in to the site/input_Password_password'

2022-01-14 22:25:20 - [MESSAGE][PASSED] - Text ****** has been set on object 'Object Repository/Page_Home page Log in to the site/input_Password_password'

2022-01-14 22:25:20 - [TEST_STEP][PASSED] - click(findTestObject("Object Repository/Page_Home page Log in to the site/button_Log in")): Object: 'Object Repository/Page_Home page Log in to the site/button_Log in' is clicked on

2022-01-14 22:25:21 - [MESSAGE][PASSED] - Object: 'Object Repository/Page_Home page Log in to the site/button_Log in' is clicked on

2022-01-14 22:25:21 - [TEST_STEP][PASSED] - click(findTestObject("Object Repository/Page_Dashboard/a_Site administration")): Object: 'Object Repository/Page_Dashboard/a_Site administration' is clicked on

2022-01-14 22:25:23 - [MESSAGE][PASSED] - Object: 'Object Repository/Page_Dashboard/a_Site administration' is clicked on

2022-01-14 22:25:23 - [TEST_STEP][PASSED] - click(findTestObject("Object Repository/Page_Group10 Administration Search/a_Courses")): Object: 'Object Repository/Page_Group10 Administration Search/a_Courses' is clicked on

2022-01-14 22:25:23 - [MESSAGE][PASSED] - Object: 'Object Repository/Page_Group10 Administration Search/a_Courses' is clicked on

2022-01-14 22:25:23 - [TEST_STEP][PASSED] - click(findTestObject("Object Repository/Page_Group10 Administration Search/a_Add a new course")): Object: 'Object Repository/Page_Group10 Administration Search/a_Add a new course' is clicked on

2022-01-14 22:25:25 - [MESSAGE][PASSED] - Object: 'Object Repository/Page_Group10 Administration Search/a_Add a new course' is clicked on

2022-01-14 22:25:25 - [TEST_STEP][PASSED] - setText(findTestObject("Object Repository/Page_Group10 Add a new course/input_Course full name_fullname"), "System Engineering Test Automation"): Text 'System Engineering Test Automation' is set on object 'Object Repository/Page_Group10 Add a new course/input_Course full name_fullname'

2022-01-14 22:25:27 - [MESSAGE][PASSED] - Text 'System Engineering Test Automation' is set on object 'Object Repository/Page_Group10 Add a new course/input_Course full name_fullname'

2022-01-14 22:25:27 - [TEST_STEP][PASSED] - setText(findTestObject("Object Repository/Page_Group10 Add a new course/input_Course short name_shortname"), "SE TA"): Text 'SE TA' is set on object 'Object Repository/Page_Group10 Add a new course/input_Course short name_shortname'

2022-01-14 22:25:27 - [MESSAGE][PASSED] - Text 'SE TA' is set on object 'Object Repository/Page_Group10 Add a new course/input_Course short name_shortname'

2022-01-14 22:25:27 - [TEST_STEP][PASSED] - click(findTestObject("Object Repository/Page_Group10 Add a new course/input_Enable_enddateenabled")): Object: 'Object Repository/Page_Group10 Add a new course/input_Enable_enddateenabled' is clicked on

2022-01-14 22:25:28 - [MESSAGE][PASSED] - Object: 'Object Repository/Page_Group10 Add a new course/input_Enable_enddateenabled' is clicked on

2022-01-14 22:25:28 - [TEST_STEP][PASSED] - click(findTestObject("Object Repository/Page_Group10 Add a new course/input__saveanddisplay")): Object: 'Object Repository/Page_Group10 Add a new course/input__saveanddisplay' is clicked on

2022-01-14 22:25:30 - [MESSAGE][PASSED] - Object: 'Object Repository/Page_Group10 Add a new course/input__saveanddisplay' is clicked on

2022-01-14 22:25:30 - [TEST_STEP][PASSED] - click(findTestObject("Object Repository/Page_Course System Engineering Test Automation/a_My courses")): Object: 'Object Repository/Page_Course System Engineering Test Automation/a_My courses' is clicked on

2022-01-14 22:25:31 - [MESSAGE][PASSED] - Object: 'Object Repository/Page_Course System Engineering Test Automation/a_My courses' is clicked on

2022-01-14 22:25:31 - [TEST_STEP][PASSED] - click(findTestObject("Object Repository/Page_My courses/span_System Engineering Test Automation")): Object: 'Object Repository/Page_My courses/span_System Engineering Test Automation' is clicked on

2022-01-14 22:25:33 - [MESSAGE][PASSED] - Object: 'Object Repository/Page_My courses/span_System Engineering Test Automation' is clicked on

2022-01-14 22:25:33 - [TEST_STEP][PASSED] - click(findTestObject("Object Repository/Page_Course System Engineering Test Automation/a_Site administration")): Object: 'Object Repository/Page_Course System Engineering Test Automation/a_Site administration' is clicked on

2022-01-14 22:25:34 - [MESSAGE][PASSED] - Object: 'Object Repository/Page_Course System Engineering Test Automation/a_Site administration' is clicked on

2022-01-14 22:25:34 - [TEST_STEP][PASSED] - click(findTestObject("Object Repository/Page_Group10 Administration Search/a_Courses")): Object: 'Object Repository/Page_Group10 Administration Search/a_Courses' is clicked on

2022-01-14 22:25:35 - [MESSAGE][PASSED] - Object: 'Object Repository/Page_Group10 Administration Search/a_Courses' is clicked on

2022-01-14 22:25:35 - [TEST_STEP][PASSED] - click(findTestObject("Object Repository/Page_Group10 Administration Search/a_Manage courses and categories")): Object: 'Object Repository/Page_Group10 Administration Search/a_Manage courses and categories' is clicked on

2022-01-14 22:25:36 - [MESSAGE][PASSED] - Object: 'Object Repository/Page_Group10 Administration Search/a_Manage courses and categories' is clicked on

2022-01-14 22:25:36 - [TEST_STEP][PASSED] - click(findTestObject("Object Repository/Page_Course and category management/i_System Engineering Test Automation_yui_3__c80082")): Object: 'Object Repository/Page_Course and category management/i_System Engineering Test Automation_yui_3__c80082' is clicked on

2022-01-14 22:25:38 - [MESSAGE][PASSED] - Object: 'Object Repository/Page_Course and category management/i_System Engineering Test Automation_yui_3__c80082' is clicked on

2022-01-14 22:25:38 - [TEST_STEP][PASSED] - click(findTestObject("Object Repository/Page_Group10 Delete SE TA/button_Delete")): Object: 'Object Repository/Page_Group10 Delete SE TA/button_Delete' is clicked on

2022-01-14 22:25:39 - [MESSAGE][PASSED] - Object: 'Object Repository/Page_Group10 Delete SE TA/button_Delete' is clicked on

2022-01-14 22:25:39 - [TEST_STEP][PASSED] - click(findTestObject("Page_Group10 Delete SE TA/button_Continue")): Object: 'Object Repository/Page_Group10 Delete SE TA/button_Continue' is clicked on

2022-01-14 22:25:41 - [MESSAGE][PASSED] - Object: 'Object Repository/Page_Group10 Delete SE TA/button_Continue' is clicked on

2022-01-14 22:25:41 - [TEST_STEP][PASSED] - click(findTestObject("Object Repository/Page_Course and category management/a_AU")): Object: 'Object Repository/Page_Course and category management/a_AU' is clicked on

2022-01-14 22:25:41 - [MESSAGE][PASSED] - Object: 'Object Repository/Page_Course and category management/a_AU' is clicked on

2022-01-14 22:25:41 - [TEST_STEP][PASSED] - click(findTestObject("Object Repository/Page_Course and category management/a_Log out")): Object: 'Object Repository/Page_Course and category management/a_Log out' is clicked on

2022-01-14 22:25:42 - [MESSAGE][PASSED] - Object: 'Object Repository/Page_Course and category management/a_Log out' is clicked on

2022-01-14 22:25:42 - [TEST_STEP][PASSED] - closeBrowser(): Browser is closed

2022-01-14 22:25:43 - [MESSAGE][PASSED] - Browser is closed]]></system-out>
         <system-err><![CDATA[]]></system-err>
      </testcase>
      <testcase name="Test Cases/Add course by file - ADMIN" time="42.724" classname="Test Cases/Add course by file - ADMIN" status="PASSED">
         <system-out><![CDATA[2022-01-14 22:25:43 - [TEST_CASE][PASSED] - Test Cases/Add course by file - ADMIN: Test Cases/Add course by file - ADMIN

2022-01-14 22:25:43 - [TEST_STEP][PASSED] - openBrowser(""): Browser is opened with url: ''

2022-01-14 22:25:43 - [MESSAGE][INFO] - Starting 'Edge Chromium' driver

2022-01-14 22:25:46 - [MESSAGE][INFO] - Action delay is set to 0 milliseconds

2022-01-14 22:25:46 - [MESSAGE][PASSED] - Browser is opened with url: ''

2022-01-14 22:25:46 - [TEST_STEP][PASSED] - navigateToUrl("http://localhost/"): Navigate to 'http://localhost/' successfully

2022-01-14 22:25:47 - [MESSAGE][PASSED] - Navigate to 'http://localhost/' successfully

2022-01-14 22:25:47 - [TEST_STEP][PASSED] - click(findTestObject("Object Repository/Page_Home page/a_Log in")): Object: 'Object Repository/Page_Home page/a_Log in' is clicked on

2022-01-14 22:25:48 - [MESSAGE][PASSED] - Object: 'Object Repository/Page_Home page/a_Log in' is clicked on

2022-01-14 22:25:48 - [TEST_STEP][PASSED] - setText(findTestObject("Object Repository/Page_Home page Log in to the site/input_Username_username"), "admin"): Text 'admin' is set on object 'Object Repository/Page_Home page Log in to the site/input_Username_username'

2022-01-14 22:25:49 - [MESSAGE][PASSED] - Text 'admin' is set on object 'Object Repository/Page_Home page Log in to the site/input_Username_username'

2022-01-14 22:25:49 - [TEST_STEP][PASSED] - setEncryptedText(findTestObject("Object Repository/Page_Home page Log in to the site/input_Password_password"), "OFhcon1PzObx3ErJAwGfGA=="): Text ****** has been set on object 'Object Repository/Page_Home page Log in to the site/input_Password_password'

2022-01-14 22:25:49 - [MESSAGE][PASSED] - Text ****** has been set on object 'Object Repository/Page_Home page Log in to the site/input_Password_password'

2022-01-14 22:25:49 - [TEST_STEP][PASSED] - click(findTestObject("Object Repository/Page_Home page Log in to the site/button_Log in")): Object: 'Object Repository/Page_Home page Log in to the site/button_Log in' is clicked on

2022-01-14 22:25:51 - [MESSAGE][PASSED] - Object: 'Object Repository/Page_Home page Log in to the site/button_Log in' is clicked on

2022-01-14 22:25:51 - [TEST_STEP][PASSED] - click(findTestObject("Object Repository/Page_Dashboard/a_Site administration")): Object: 'Object Repository/Page_Dashboard/a_Site administration' is clicked on

2022-01-14 22:25:53 - [MESSAGE][PASSED] - Object: 'Object Repository/Page_Dashboard/a_Site administration' is clicked on

2022-01-14 22:25:53 - [TEST_STEP][PASSED] - click(findTestObject("Object Repository/Page_Group10 Administration Search/a_Courses")): Object: 'Object Repository/Page_Group10 Administration Search/a_Courses' is clicked on

2022-01-14 22:25:53 - [MESSAGE][PASSED] - Object: 'Object Repository/Page_Group10 Administration Search/a_Courses' is clicked on

2022-01-14 22:25:53 - [TEST_STEP][PASSED] - click(findTestObject("Object Repository/Page_Group10 Administration Search/a_Upload courses")): Object: 'Object Repository/Page_Group10 Administration Search/a_Upload courses' is clicked on

2022-01-14 22:25:55 - [MESSAGE][PASSED] - Object: 'Object Repository/Page_Group10 Administration Search/a_Upload courses' is clicked on

2022-01-14 22:25:55 - [TEST_STEP][PASSED] - click(findTestObject("Object Repository/Page_Group10 Administration Courses Upload courses/input_File_coursefilechoose")): Object: 'Object Repository/Page_Group10 Administration Courses Upload courses/input_File_coursefilechoose' is clicked on

2022-01-14 22:25:55 - [MESSAGE][PASSED] - Object: 'Object Repository/Page_Group10 Administration Courses Upload courses/input_File_coursefilechoose' is clicked on

2022-01-14 22:25:55 - [TEST_STEP][PASSED] - uploadFile(findTestObject("Object Repository/Page_Group10 Administration Courses Upload courses/input_Attachment_repo_upload_file"), "D:\TestAutomation-SEBonus-Group10\course.csv"): File 'D:\TestAutomation-SEBonus-Group10\course.csv' sent to object: 'Object Repository/Page_Group10 Administration Courses Upload courses/input_Attachment_repo_upload_file'

2022-01-14 22:25:56 - [MESSAGE][PASSED] - File 'D:\TestAutomation-SEBonus-Group10\course.csv' sent to object: 'Object Repository/Page_Group10 Administration Courses Upload courses/input_Attachment_repo_upload_file'

2022-01-14 22:25:56 - [TEST_STEP][PASSED] - click(findTestObject("Object Repository/Page_Group10 Administration Courses Upload courses/button_Upload this file")): Object: 'Object Repository/Page_Group10 Administration Courses Upload courses/button_Upload this file' is clicked on

2022-01-14 22:25:56 - [MESSAGE][PASSED] - Object: 'Object Repository/Page_Group10 Administration Courses Upload courses/button_Upload this file' is clicked on

2022-01-14 22:25:56 - [TEST_STEP][PASSED] - click(findTestObject("Object Repository/Page_Group10 Administration Courses Upload courses/input_Allow resets_submitbutton")): Object: 'Object Repository/Page_Group10 Administration Courses Upload courses/input_Allow resets_submitbutton' is clicked on

2022-01-14 22:25:58 - [MESSAGE][PASSED] - Object: 'Object Repository/Page_Group10 Administration Courses Upload courses/input_Allow resets_submitbutton' is clicked on

2022-01-14 22:25:58 - [TEST_STEP][PASSED] - click(findTestObject("Object Repository/Page_Group10 Administration Courses Upload courses/input_Enable_defaultsenddateenabled")): Object: 'Object Repository/Page_Group10 Administration Courses Upload courses/input_Enable_defaultsenddateenabled' is clicked on

2022-01-14 22:25:59 - [MESSAGE][PASSED] - Object: 'Object Repository/Page_Group10 Administration Courses Upload courses/input_Enable_defaultsenddateenabled' is clicked on

2022-01-14 22:25:59 - [TEST_STEP][PASSED] - click(findTestObject("Object Repository/Page_Group10 Administration Courses Upload courses/input_Allow resets_submitbutton")): Object: 'Object Repository/Page_Group10 Administration Courses Upload courses/input_Allow resets_submitbutton' is clicked on

2022-01-14 22:26:00 - [MESSAGE][PASSED] - Object: 'Object Repository/Page_Group10 Administration Courses Upload courses/input_Allow resets_submitbutton' is clicked on

2022-01-14 22:26:00 - [TEST_STEP][PASSED] - click(findTestObject("Object Repository/Page_Group10 Administration Courses Upload courses/button_Continue")): Object: 'Object Repository/Page_Group10 Administration Courses Upload courses/button_Continue' is clicked on

2022-01-14 22:26:01 - [MESSAGE][PASSED] - Object: 'Object Repository/Page_Group10 Administration Courses Upload courses/button_Continue' is clicked on

2022-01-14 22:26:01 - [TEST_STEP][PASSED] - click(findTestObject("Object Repository/Page_Group10 Administration Courses Upload courses/a_Courses")): Object: 'Object Repository/Page_Group10 Administration Courses Upload courses/a_Courses' is clicked on

2022-01-14 22:26:03 - [MESSAGE][PASSED] - Object: 'Object Repository/Page_Group10 Administration Courses Upload courses/a_Courses' is clicked on

2022-01-14 22:26:03 - [TEST_STEP][PASSED] - click(findTestObject("Object Repository/Page_Group10 Administration Search/a_Manage courses and categories")): Object: 'Object Repository/Page_Group10 Administration Search/a_Manage courses and categories' is clicked on

2022-01-14 22:26:04 - [MESSAGE][PASSED] - Object: 'Object Repository/Page_Group10 Administration Search/a_Manage courses and categories' is clicked on

2022-01-14 22:26:04 - [TEST_STEP][PASSED] - click(findTestObject("Object Repository/Page_Course and category management/a_Sort courses")): Object: 'Object Repository/Page_Course and category management/a_Sort courses' is clicked on

2022-01-14 22:26:05 - [MESSAGE][PASSED] - Object: 'Object Repository/Page_Course and category management/a_Sort courses' is clicked on

2022-01-14 22:26:05 - [TEST_STEP][PASSED] - click(findTestObject("Object Repository/Page_Course and category management/span_Sort by Course time created descending")): Object: 'Object Repository/Page_Course and category management/span_Sort by Course time created descending' is clicked on

2022-01-14 22:26:07 - [MESSAGE][PASSED] - Object: 'Object Repository/Page_Course and category management/span_Sort by Course time created descending' is clicked on

2022-01-14 22:26:07 - [TEST_STEP][PASSED] - click(findTestObject("Object Repository/Page_Course and category management/i_Course restored 4_yui_3_17_2_1_1642036973057_625")): Object: 'Object Repository/Page_Course and category management/i_Course restored 4_yui_3_17_2_1_1642036973057_625' is clicked on

2022-01-14 22:26:08 - [MESSAGE][PASSED] - Object: 'Object Repository/Page_Course and category management/i_Course restored 4_yui_3_17_2_1_1642036973057_625' is clicked on

2022-01-14 22:26:08 - [TEST_STEP][PASSED] - click(findTestObject("Object Repository/Page_Group10 Delete courserestored4/button_Delete")): Object: 'Object Repository/Page_Group10 Delete courserestored4/button_Delete' is clicked on

2022-01-14 22:26:10 - [MESSAGE][PASSED] - Object: 'Object Repository/Page_Group10 Delete courserestored4/button_Delete' is clicked on

2022-01-14 22:26:10 - [TEST_STEP][PASSED] - click(findTestObject("Object Repository/Page_Group10 Deleting courserestored4/button_Continue")): Object: 'Object Repository/Page_Group10 Deleting courserestored4/button_Continue' is clicked on

2022-01-14 22:26:11 - [MESSAGE][PASSED] - Object: 'Object Repository/Page_Group10 Deleting courserestored4/button_Continue' is clicked on

2022-01-14 22:26:11 - [TEST_STEP][PASSED] - click(findTestObject("Object Repository/Page_Course and category management/i_Course restored 3_yui_3_17_2_1_1642037030374_504")): Object: 'Object Repository/Page_Course and category management/i_Course restored 3_yui_3_17_2_1_1642037030374_504' is clicked on

2022-01-14 22:26:12 - [MESSAGE][PASSED] - Object: 'Object Repository/Page_Course and category management/i_Course restored 3_yui_3_17_2_1_1642037030374_504' is clicked on

2022-01-14 22:26:12 - [TEST_STEP][PASSED] - click(findTestObject("Object Repository/Page_Group10 Delete courserestored3/button_Delete")): Object: 'Object Repository/Page_Group10 Delete courserestored3/button_Delete' is clicked on

2022-01-14 22:26:14 - [MESSAGE][PASSED] - Object: 'Object Repository/Page_Group10 Delete courserestored3/button_Delete' is clicked on

2022-01-14 22:26:14 - [TEST_STEP][PASSED] - click(findTestObject("Object Repository/Page_Group10 Deleting courserestored3/button_Continue")): Object: 'Object Repository/Page_Group10 Deleting courserestored3/button_Continue' is clicked on

2022-01-14 22:26:15 - [MESSAGE][PASSED] - Object: 'Object Repository/Page_Group10 Deleting courserestored3/button_Continue' is clicked on

2022-01-14 22:26:15 - [TEST_STEP][PASSED] - click(findTestObject("Object Repository/Page_Course and category management/i_Course restored 2_yui_3_17_2_1_1642037037091_442")): Object: 'Object Repository/Page_Course and category management/i_Course restored 2_yui_3_17_2_1_1642037037091_442' is clicked on

2022-01-14 22:26:16 - [MESSAGE][PASSED] - Object: 'Object Repository/Page_Course and category management/i_Course restored 2_yui_3_17_2_1_1642037037091_442' is clicked on

2022-01-14 22:26:16 - [TEST_STEP][PASSED] - click(findTestObject("Object Repository/Page_Group10 Delete courserestored2/button_Delete")): Object: 'Object Repository/Page_Group10 Delete courserestored2/button_Delete' is clicked on

2022-01-14 22:26:18 - [MESSAGE][PASSED] - Object: 'Object Repository/Page_Group10 Delete courserestored2/button_Delete' is clicked on

2022-01-14 22:26:18 - [TEST_STEP][PASSED] - click(findTestObject("Object Repository/Page_Group10 Deleting courserestored2/button_Continue")): Object: 'Object Repository/Page_Group10 Deleting courserestored2/button_Continue' is clicked on

2022-01-14 22:26:19 - [MESSAGE][PASSED] - Object: 'Object Repository/Page_Group10 Deleting courserestored2/button_Continue' is clicked on

2022-01-14 22:26:19 - [TEST_STEP][PASSED] - click(findTestObject("Object Repository/Page_Course and category management/i_Course restored_yui_3_17_2_1_1642037043486_382")): Object: 'Object Repository/Page_Course and category management/i_Course restored_yui_3_17_2_1_1642037043486_382' is clicked on

2022-01-14 22:26:21 - [MESSAGE][PASSED] - Object: 'Object Repository/Page_Course and category management/i_Course restored_yui_3_17_2_1_1642037043486_382' is clicked on

2022-01-14 22:26:21 - [TEST_STEP][PASSED] - click(findTestObject("Object Repository/Page_Group10 Delete courserestored/button_Delete")): Object: 'Object Repository/Page_Group10 Delete courserestored/button_Delete' is clicked on

2022-01-14 22:26:22 - [MESSAGE][PASSED] - Object: 'Object Repository/Page_Group10 Delete courserestored/button_Delete' is clicked on

2022-01-14 22:26:22 - [TEST_STEP][PASSED] - click(findTestObject("Object Repository/Page_Group10 Deleting courserestored/button_Continue")): Object: 'Object Repository/Page_Group10 Deleting courserestored/button_Continue' is clicked on

2022-01-14 22:26:23 - [MESSAGE][PASSED] - Object: 'Object Repository/Page_Group10 Deleting courserestored/button_Continue' is clicked on

2022-01-14 22:26:23 - [TEST_STEP][PASSED] - click(findTestObject("Object Repository/Page_Course and category management/a_AU")): Object: 'Object Repository/Page_Course and category management/a_AU' is clicked on

2022-01-14 22:26:24 - [MESSAGE][PASSED] - Object: 'Object Repository/Page_Course and category management/a_AU' is clicked on

2022-01-14 22:26:24 - [TEST_STEP][PASSED] - click(findTestObject("Object Repository/Page_Course and category management/a_Log out")): Object: 'Object Repository/Page_Course and category management/a_Log out' is clicked on

2022-01-14 22:26:25 - [MESSAGE][PASSED] - Object: 'Object Repository/Page_Course and category management/a_Log out' is clicked on

2022-01-14 22:26:25 - [TEST_STEP][PASSED] - closeBrowser(): Browser is closed

2022-01-14 22:26:26 - [MESSAGE][PASSED] - Browser is closed]]></system-out>
         <system-err><![CDATA[]]></system-err>
      </testcase>
      <testcase name="Test Cases/Edit course - ADMIN" time="29.12" classname="Test Cases/Edit course - ADMIN" status="PASSED">
         <system-out><![CDATA[2022-01-14 22:26:26 - [TEST_CASE][PASSED] - Test Cases/Edit course - ADMIN: Test Cases/Edit course - ADMIN

2022-01-14 22:26:26 - [TEST_STEP][PASSED] - openBrowser(""): Browser is opened with url: ''

2022-01-14 22:26:26 - [MESSAGE][INFO] - Starting 'Edge Chromium' driver

2022-01-14 22:26:28 - [MESSAGE][INFO] - Action delay is set to 0 milliseconds

2022-01-14 22:26:29 - [MESSAGE][PASSED] - Browser is opened with url: ''

2022-01-14 22:26:29 - [TEST_STEP][PASSED] - navigateToUrl("http://localhost/"): Navigate to 'http://localhost/' successfully

2022-01-14 22:26:30 - [MESSAGE][PASSED] - Navigate to 'http://localhost/' successfully

2022-01-14 22:26:30 - [TEST_STEP][PASSED] - click(findTestObject("Object Repository/Page_Home page/a_Log in")): Object: 'Object Repository/Page_Home page/a_Log in' is clicked on

2022-01-14 22:26:31 - [MESSAGE][PASSED] - Object: 'Object Repository/Page_Home page/a_Log in' is clicked on

2022-01-14 22:26:31 - [TEST_STEP][PASSED] - setText(findTestObject("Object Repository/Page_Home page Log in to the site/input_Username_username"), "admin"): Text 'admin' is set on object 'Object Repository/Page_Home page Log in to the site/input_Username_username'

2022-01-14 22:26:32 - [MESSAGE][PASSED] - Text 'admin' is set on object 'Object Repository/Page_Home page Log in to the site/input_Username_username'

2022-01-14 22:26:32 - [TEST_STEP][PASSED] - setEncryptedText(findTestObject("Object Repository/Page_Home page Log in to the site/input_Password_password"), "OFhcon1PzObx3ErJAwGfGA=="): Text ****** has been set on object 'Object Repository/Page_Home page Log in to the site/input_Password_password'

2022-01-14 22:26:32 - [MESSAGE][PASSED] - Text ****** has been set on object 'Object Repository/Page_Home page Log in to the site/input_Password_password'

2022-01-14 22:26:32 - [TEST_STEP][PASSED] - click(findTestObject("Object Repository/Page_Home page Log in to the site/button_Log in")): Object: 'Object Repository/Page_Home page Log in to the site/button_Log in' is clicked on

2022-01-14 22:26:34 - [MESSAGE][PASSED] - Object: 'Object Repository/Page_Home page Log in to the site/button_Log in' is clicked on

2022-01-14 22:26:34 - [TEST_STEP][PASSED] - click(findTestObject("Object Repository/Page_My courses/a_Site administration")): Object: 'Object Repository/Page_My courses/a_Site administration' is clicked on

2022-01-14 22:26:36 - [MESSAGE][PASSED] - Object: 'Object Repository/Page_My courses/a_Site administration' is clicked on

2022-01-14 22:26:36 - [TEST_STEP][PASSED] - click(findTestObject("Object Repository/Page_Group10 Administration Search/a_Courses")): Object: 'Object Repository/Page_Group10 Administration Search/a_Courses' is clicked on

2022-01-14 22:26:36 - [MESSAGE][PASSED] - Object: 'Object Repository/Page_Group10 Administration Search/a_Courses' is clicked on

2022-01-14 22:26:36 - [TEST_STEP][PASSED] - click(findTestObject("Object Repository/Page_Group10 Administration Search/a_Manage courses and categories")): Object: 'Object Repository/Page_Group10 Administration Search/a_Manage courses and categories' is clicked on

2022-01-14 22:26:37 - [MESSAGE][PASSED] - Object: 'Object Repository/Page_Group10 Administration Search/a_Manage courses and categories' is clicked on

2022-01-14 22:26:37 - [TEST_STEP][PASSED] - click(findTestObject("Object Repository/Page_Course and category management/i_H quan tri c s d liu_yui_3_17_2_1_1642039_4632b5")): Object: 'Object Repository/Page_Course and category management/i_H quan tri c s d liu_yui_3_17_2_1_1642039_4632b5' is clicked on

2022-01-14 22:26:39 - [MESSAGE][PASSED] - Object: 'Object Repository/Page_Course and category management/i_H quan tri c s d liu_yui_3_17_2_1_1642039_4632b5' is clicked on

2022-01-14 22:26:39 - [TEST_STEP][PASSED] - setText(findTestObject("Object Repository/Page_Edit course settings/input_Course full name_fullname"), "Hệ quản trị cơ sở dữ liệu (edited)"): Text 'Hệ quản trị cơ sở dữ liệu (edited)' is set on object 'Object Repository/Page_Edit course settings/input_Course full name_fullname'

2022-01-14 22:26:41 - [MESSAGE][PASSED] - Text 'Hệ quản trị cơ sở dữ liệu (edited)' is set on object 'Object Repository/Page_Edit course settings/input_Course full name_fullname'

2022-01-14 22:26:41 - [TEST_STEP][PASSED] - click(findTestObject("Object Repository/Page_Edit course settings/input_Enable_enddateenabled")): Object: 'Object Repository/Page_Edit course settings/input_Enable_enddateenabled' is clicked on

2022-01-14 22:26:41 - [MESSAGE][PASSED] - Object: 'Object Repository/Page_Edit course settings/input_Enable_enddateenabled' is clicked on

2022-01-14 22:26:41 - [TEST_STEP][PASSED] - setText(findTestObject("Object Repository/Page_Edit course settings/div_this is summary"), "this is summary"): Text 'this is summary' is set on object 'Object Repository/Page_Edit course settings/div_this is summary'

2022-01-14 22:26:42 - [MESSAGE][PASSED] - Text 'this is summary' is set on object 'Object Repository/Page_Edit course settings/div_this is summary'

2022-01-14 22:26:42 - [TEST_STEP][PASSED] - click(findTestObject("Object Repository/Page_Edit course settings/input__saveanddisplay")): Object: 'Object Repository/Page_Edit course settings/input__saveanddisplay' is clicked on

2022-01-14 22:26:44 - [MESSAGE][PASSED] - Object: 'Object Repository/Page_Edit course settings/input__saveanddisplay' is clicked on

2022-01-14 22:26:44 - [TEST_STEP][PASSED] - click(findTestObject("Object Repository/Page_Edit course settings/a_Site administration")): Object: 'Object Repository/Page_Edit course settings/a_Site administration' is clicked on

2022-01-14 22:26:45 - [MESSAGE][PASSED] - Object: 'Object Repository/Page_Edit course settings/a_Site administration' is clicked on

2022-01-14 22:26:45 - [TEST_STEP][PASSED] - click(findTestObject("Object Repository/Page_Group10 Administration Search/a_Courses")): Object: 'Object Repository/Page_Group10 Administration Search/a_Courses' is clicked on

2022-01-14 22:26:46 - [MESSAGE][PASSED] - Object: 'Object Repository/Page_Group10 Administration Search/a_Courses' is clicked on

2022-01-14 22:26:46 - [TEST_STEP][PASSED] - click(findTestObject("Object Repository/Page_Group10 Administration Search/a_Manage courses and categories")): Object: 'Object Repository/Page_Group10 Administration Search/a_Manage courses and categories' is clicked on

2022-01-14 22:26:47 - [MESSAGE][PASSED] - Object: 'Object Repository/Page_Group10 Administration Search/a_Manage courses and categories' is clicked on

2022-01-14 22:26:47 - [TEST_STEP][PASSED] - click(findTestObject("Object Repository/Page_Course and category management/i_H quan tri c s d liu (edited)_yui_3_17_2__de8f09")): Object: 'Object Repository/Page_Course and category management/i_H quan tri c s d liu (edited)_yui_3_17_2__de8f09' is clicked on

2022-01-14 22:26:49 - [MESSAGE][PASSED] - Object: 'Object Repository/Page_Course and category management/i_H quan tri c s d liu (edited)_yui_3_17_2__de8f09' is clicked on

2022-01-14 22:26:49 - [TEST_STEP][PASSED] - setText(findTestObject("Object Repository/Page_Edit course settings/input_Course full name_fullname"), "Hệ quản trị cơ sở dữ liệu"): Text 'Hệ quản trị cơ sở dữ liệu' is set on object 'Object Repository/Page_Edit course settings/input_Course full name_fullname'

2022-01-14 22:26:51 - [MESSAGE][PASSED] - Text 'Hệ quản trị cơ sở dữ liệu' is set on object 'Object Repository/Page_Edit course settings/input_Course full name_fullname'

2022-01-14 22:26:51 - [TEST_STEP][PASSED] - click(findTestObject("Object Repository/Page_Edit course settings/input_Enable_enddateenabled")): Object: 'Object Repository/Page_Edit course settings/input_Enable_enddateenabled' is clicked on

2022-01-14 22:26:51 - [MESSAGE][PASSED] - Object: 'Object Repository/Page_Edit course settings/input_Enable_enddateenabled' is clicked on

2022-01-14 22:26:51 - [TEST_STEP][PASSED] - click(findTestObject("Object Repository/Page_Edit course settings/input__saveandreturn")): Object: 'Object Repository/Page_Edit course settings/input__saveandreturn' is clicked on

2022-01-14 22:26:52 - [MESSAGE][PASSED] - Object: 'Object Repository/Page_Edit course settings/input__saveandreturn' is clicked on

2022-01-14 22:26:52 - [TEST_STEP][PASSED] - click(findTestObject("Object Repository/Page_Course and category management/a_AU")): Object: 'Object Repository/Page_Course and category management/a_AU' is clicked on

2022-01-14 22:26:53 - [MESSAGE][PASSED] - Object: 'Object Repository/Page_Course and category management/a_AU' is clicked on

2022-01-14 22:26:53 - [TEST_STEP][PASSED] - click(findTestObject("Object Repository/Page_Course and category management/a_Log out")): Object: 'Object Repository/Page_Course and category management/a_Log out' is clicked on

2022-01-14 22:26:54 - [MESSAGE][PASSED] - Object: 'Object Repository/Page_Course and category management/a_Log out' is clicked on

2022-01-14 22:26:54 - [TEST_STEP][PASSED] - closeBrowser(): Browser is closed

2022-01-14 22:26:55 - [MESSAGE][PASSED] - Browser is closed]]></system-out>
         <system-err><![CDATA[]]></system-err>
      </testcase>
      <testcase name="Test Cases/Delete a course - ADMIN" time="28.487" classname="Test Cases/Delete a course - ADMIN" status="PASSED">
         <system-out><![CDATA[2022-01-14 22:26:55 - [TEST_CASE][PASSED] - Test Cases/Delete a course - ADMIN: Test Cases/Delete a course - ADMIN

2022-01-14 22:26:55 - [TEST_STEP][PASSED] - openBrowser(""): Browser is opened with url: ''

2022-01-14 22:26:55 - [MESSAGE][INFO] - Starting 'Edge Chromium' driver

2022-01-14 22:26:58 - [MESSAGE][INFO] - Action delay is set to 0 milliseconds

2022-01-14 22:26:58 - [MESSAGE][PASSED] - Browser is opened with url: ''

2022-01-14 22:26:58 - [TEST_STEP][PASSED] - navigateToUrl("http://localhost/"): Navigate to 'http://localhost/' successfully

2022-01-14 22:26:59 - [MESSAGE][PASSED] - Navigate to 'http://localhost/' successfully

2022-01-14 22:26:59 - [TEST_STEP][PASSED] - click(findTestObject("Page_Home page/a_Log in")): Object: 'Object Repository/Page_Home page/a_Log in' is clicked on

2022-01-14 22:27:00 - [MESSAGE][PASSED] - Object: 'Object Repository/Page_Home page/a_Log in' is clicked on

2022-01-14 22:27:00 - [TEST_STEP][PASSED] - setText(findTestObject("Page_Home page Log in to the site/input_Username_username"), "admin"): Text 'admin' is set on object 'Object Repository/Page_Home page Log in to the site/input_Username_username'

2022-01-14 22:27:01 - [MESSAGE][PASSED] - Text 'admin' is set on object 'Object Repository/Page_Home page Log in to the site/input_Username_username'

2022-01-14 22:27:01 - [TEST_STEP][PASSED] - setEncryptedText(findTestObject("Page_Home page Log in to the site/input_Password_password"), "OFhcon1PzObx3ErJAwGfGA=="): Text ****** has been set on object 'Object Repository/Page_Home page Log in to the site/input_Password_password'

2022-01-14 22:27:01 - [MESSAGE][PASSED] - Text ****** has been set on object 'Object Repository/Page_Home page Log in to the site/input_Password_password'

2022-01-14 22:27:01 - [TEST_STEP][PASSED] - click(findTestObject("Page_Home page Log in to the site/button_Log in")): Object: 'Object Repository/Page_Home page Log in to the site/button_Log in' is clicked on

2022-01-14 22:27:02 - [MESSAGE][PASSED] - Object: 'Object Repository/Page_Home page Log in to the site/button_Log in' is clicked on

2022-01-14 22:27:02 - [TEST_STEP][PASSED] - click(findTestObject("Page_Dashboard/a_Site administration")): Object: 'Object Repository/Page_Dashboard/a_Site administration' is clicked on

2022-01-14 22:27:04 - [MESSAGE][PASSED] - Object: 'Object Repository/Page_Dashboard/a_Site administration' is clicked on

2022-01-14 22:27:04 - [TEST_STEP][PASSED] - click(findTestObject("Page_Group10 Administration Search/a_Courses")): Object: 'Object Repository/Page_Group10 Administration Search/a_Courses' is clicked on

2022-01-14 22:27:05 - [MESSAGE][PASSED] - Object: 'Object Repository/Page_Group10 Administration Search/a_Courses' is clicked on

2022-01-14 22:27:05 - [TEST_STEP][PASSED] - click(findTestObject("Page_Group10 Administration Search/a_Add a new course")): Object: 'Object Repository/Page_Group10 Administration Search/a_Add a new course' is clicked on

2022-01-14 22:27:07 - [MESSAGE][PASSED] - Object: 'Object Repository/Page_Group10 Administration Search/a_Add a new course' is clicked on

2022-01-14 22:27:07 - [TEST_STEP][PASSED] - click(findTestObject("Object Repository/Page_Group10 Add a new course/input_Course full name_fullname")): Object: 'Object Repository/Page_Group10 Add a new course/input_Course full name_fullname' is clicked on

2022-01-14 22:27:08 - [MESSAGE][PASSED] - Object: 'Object Repository/Page_Group10 Add a new course/input_Course full name_fullname' is clicked on

2022-01-14 22:27:08 - [TEST_STEP][PASSED] - setText(findTestObject("Object Repository/Page_Group10 Add a new course/input_Course full name_fullname"), "Course test for delete"): Text 'Course test for delete' is set on object 'Object Repository/Page_Group10 Add a new course/input_Course full name_fullname'

2022-01-14 22:27:09 - [MESSAGE][PASSED] - Text 'Course test for delete' is set on object 'Object Repository/Page_Group10 Add a new course/input_Course full name_fullname'

2022-01-14 22:27:09 - [TEST_STEP][PASSED] - setText(findTestObject("Object Repository/Page_Group10 Add a new course/input_Course short name_shortname"), "testdelete"): Text 'testdelete' is set on object 'Object Repository/Page_Group10 Add a new course/input_Course short name_shortname'

2022-01-14 22:27:09 - [MESSAGE][PASSED] - Text 'testdelete' is set on object 'Object Repository/Page_Group10 Add a new course/input_Course short name_shortname'

2022-01-14 22:27:09 - [TEST_STEP][PASSED] - click(findTestObject("Object Repository/Page_Group10 Add a new course/label_Enable")): Object: 'Object Repository/Page_Group10 Add a new course/label_Enable' is clicked on

2022-01-14 22:27:10 - [MESSAGE][PASSED] - Object: 'Object Repository/Page_Group10 Add a new course/label_Enable' is clicked on

2022-01-14 22:27:10 - [TEST_STEP][PASSED] - click(findTestObject("Object Repository/Page_Group10 Add a new course/input__saveanddisplay")): Object: 'Object Repository/Page_Group10 Add a new course/input__saveanddisplay' is clicked on

2022-01-14 22:27:11 - [MESSAGE][PASSED] - Object: 'Object Repository/Page_Group10 Add a new course/input__saveanddisplay' is clicked on

2022-01-14 22:27:11 - [TEST_STEP][PASSED] - click(findTestObject("Object Repository/Page_Course Course test for delete/a_Site administration")): Object: 'Object Repository/Page_Course Course test for delete/a_Site administration' is clicked on

2022-01-14 22:27:13 - [MESSAGE][PASSED] - Object: 'Object Repository/Page_Course Course test for delete/a_Site administration' is clicked on

2022-01-14 22:27:13 - [TEST_STEP][PASSED] - click(findTestObject("Page_Group10 Administration Search/a_Courses")): Object: 'Object Repository/Page_Group10 Administration Search/a_Courses' is clicked on

2022-01-14 22:27:14 - [MESSAGE][PASSED] - Object: 'Object Repository/Page_Group10 Administration Search/a_Courses' is clicked on

2022-01-14 22:27:14 - [TEST_STEP][PASSED] - click(findTestObject("Page_Group10 Administration Search/a_Manage courses and categories")): Object: 'Object Repository/Page_Group10 Administration Search/a_Manage courses and categories' is clicked on

2022-01-14 22:27:15 - [MESSAGE][PASSED] - Object: 'Object Repository/Page_Group10 Administration Search/a_Manage courses and categories' is clicked on

2022-01-14 22:27:15 - [TEST_STEP][PASSED] - click(findTestObject("Page_Course and category management/a_Sort courses")): Object: 'Object Repository/Page_Course and category management/a_Sort courses' is clicked on

2022-01-14 22:27:16 - [MESSAGE][PASSED] - Object: 'Object Repository/Page_Course and category management/a_Sort courses' is clicked on

2022-01-14 22:27:16 - [TEST_STEP][PASSED] - click(findTestObject("Page_Course and category management/span_Sort by Course time created descending")): Object: 'Object Repository/Page_Course and category management/span_Sort by Course time created descending' is clicked on

2022-01-14 22:27:17 - [MESSAGE][PASSED] - Object: 'Object Repository/Page_Course and category management/span_Sort by Course time created descending' is clicked on

2022-01-14 22:27:17 - [TEST_STEP][PASSED] - click(findTestObject("Object Repository/Page_Course and category management/i_Course test for delete_yui_3_17_2_1_16420_0ef4d4")): Object: 'Object Repository/Page_Course and category management/i_Course test for delete_yui_3_17_2_1_16420_0ef4d4' is clicked on

2022-01-14 22:27:18 - [MESSAGE][PASSED] - Object: 'Object Repository/Page_Course and category management/i_Course test for delete_yui_3_17_2_1_16420_0ef4d4' is clicked on

2022-01-14 22:27:18 - [TEST_STEP][PASSED] - click(findTestObject("Object Repository/Page_Group10 Delete testdelete/button_Delete")): Object: 'Object Repository/Page_Group10 Delete testdelete/button_Delete' is clicked on

2022-01-14 22:27:20 - [MESSAGE][PASSED] - Object: 'Object Repository/Page_Group10 Delete testdelete/button_Delete' is clicked on

2022-01-14 22:27:20 - [TEST_STEP][PASSED] - click(findTestObject("Object Repository/Page_Group10 Deleting testdelete/button_Continue")): Object: 'Object Repository/Page_Group10 Deleting testdelete/button_Continue' is clicked on

2022-01-14 22:27:21 - [MESSAGE][PASSED] - Object: 'Object Repository/Page_Group10 Deleting testdelete/button_Continue' is clicked on

2022-01-14 22:27:21 - [TEST_STEP][PASSED] - click(findTestObject("Object Repository/Page_Course and category management/span_AU")): Object: 'Object Repository/Page_Course and category management/span_AU' is clicked on

2022-01-14 22:27:22 - [MESSAGE][PASSED] - Object: 'Object Repository/Page_Course and category management/span_AU' is clicked on

2022-01-14 22:27:22 - [TEST_STEP][PASSED] - click(findTestObject("Page_Course and category management/a_Log out")): Object: 'Object Repository/Page_Course and category management/a_Log out' is clicked on

2022-01-14 22:27:23 - [MESSAGE][PASSED] - Object: 'Object Repository/Page_Course and category management/a_Log out' is clicked on

2022-01-14 22:27:23 - [TEST_STEP][PASSED] - closeBrowser(): Browser is closed

2022-01-14 22:27:24 - [MESSAGE][PASSED] - Browser is closed]]></system-out>
         <system-err><![CDATA[]]></system-err>
      </testcase>
      <testcase name="Test Cases/Edit role - ADMIN" time="27.909" classname="Test Cases/Edit role - ADMIN" status="PASSED">
         <system-out><![CDATA[2022-01-14 22:27:24 - [TEST_CASE][PASSED] - Test Cases/Edit role - ADMIN: Test Cases/Edit role - ADMIN

2022-01-14 22:27:24 - [TEST_STEP][PASSED] - openBrowser(""): Browser is opened with url: ''

2022-01-14 22:27:24 - [MESSAGE][INFO] - Starting 'Edge Chromium' driver

2022-01-14 22:27:26 - [MESSAGE][INFO] - Action delay is set to 0 milliseconds

2022-01-14 22:27:27 - [MESSAGE][PASSED] - Browser is opened with url: ''

2022-01-14 22:27:27 - [TEST_STEP][PASSED] - navigateToUrl("http://localhost/"): Navigate to 'http://localhost/' successfully

2022-01-14 22:27:27 - [MESSAGE][PASSED] - Navigate to 'http://localhost/' successfully

2022-01-14 22:27:27 - [TEST_STEP][PASSED] - click(findTestObject("Page_Home page/a_Log in")): Object: 'Object Repository/Page_Home page/a_Log in' is clicked on

2022-01-14 22:27:28 - [MESSAGE][PASSED] - Object: 'Object Repository/Page_Home page/a_Log in' is clicked on

2022-01-14 22:27:28 - [TEST_STEP][PASSED] - setText(findTestObject("Page_Home page Log in to the site/input_Username_username"), "admin"): Text 'admin' is set on object 'Object Repository/Page_Home page Log in to the site/input_Username_username'

2022-01-14 22:27:29 - [MESSAGE][PASSED] - Text 'admin' is set on object 'Object Repository/Page_Home page Log in to the site/input_Username_username'

2022-01-14 22:27:29 - [TEST_STEP][PASSED] - setEncryptedText(findTestObject("Page_Home page Log in to the site/input_Password_password"), "OFhcon1PzObx3ErJAwGfGA=="): Text ****** has been set on object 'Object Repository/Page_Home page Log in to the site/input_Password_password'

2022-01-14 22:27:30 - [MESSAGE][PASSED] - Text ****** has been set on object 'Object Repository/Page_Home page Log in to the site/input_Password_password'

2022-01-14 22:27:30 - [TEST_STEP][PASSED] - click(findTestObject("Page_Home page Log in to the site/button_Log in")): Object: 'Object Repository/Page_Home page Log in to the site/button_Log in' is clicked on

2022-01-14 22:27:31 - [MESSAGE][PASSED] - Object: 'Object Repository/Page_Home page Log in to the site/button_Log in' is clicked on

2022-01-14 22:27:31 - [TEST_STEP][PASSED] - click(findTestObject("Page_Dashboard/a_Site administration")): Object: 'Object Repository/Page_Dashboard/a_Site administration' is clicked on

2022-01-14 22:27:33 - [MESSAGE][PASSED] - Object: 'Object Repository/Page_Dashboard/a_Site administration' is clicked on

2022-01-14 22:27:33 - [TEST_STEP][PASSED] - click(findTestObject("Page_Group10 Administration Search/a_Users")): Object: 'Object Repository/Page_Group10 Administration Search/a_Users' is clicked on

2022-01-14 22:27:34 - [MESSAGE][PASSED] - Object: 'Object Repository/Page_Group10 Administration Search/a_Users' is clicked on

2022-01-14 22:27:34 - [TEST_STEP][PASSED] - click(findTestObject("Page_Group10 Administration Search/a_Define roles")): Object: 'Object Repository/Page_Group10 Administration Search/a_Define roles' is clicked on

2022-01-14 22:27:35 - [MESSAGE][PASSED] - Object: 'Object Repository/Page_Group10 Administration Search/a_Define roles' is clicked on

2022-01-14 22:27:35 - [TEST_STEP][PASSED] - click(findTestObject("Object Repository/Page_Group10 Administration Users Permissio_4e74a7/i_guest_icon fa fa-cog fa-fw")): Object: 'Object Repository/Page_Group10 Administration Users Permissio_4e74a7/i_guest_icon fa fa-cog fa-fw' is clicked on

2022-01-14 22:27:36 - [MESSAGE][PASSED] - Object: 'Object Repository/Page_Group10 Administration Users Permissio_4e74a7/i_guest_icon fa fa-cog fa-fw' is clicked on

2022-01-14 22:27:36 - [TEST_STEP][PASSED] - click(findTestObject("Object Repository/Page_Group10 Administration Users Permissio_4e74a7/input_Short name_shortname")): Object: 'Object Repository/Page_Group10 Administration Users Permissio_4e74a7/input_Short name_shortname' is clicked on

2022-01-14 22:27:37 - [MESSAGE][PASSED] - Object: 'Object Repository/Page_Group10 Administration Users Permissio_4e74a7/input_Short name_shortname' is clicked on

2022-01-14 22:27:37 - [TEST_STEP][PASSED] - setText(findTestObject("Object Repository/Page_Group10 Administration Users Permissio_4e74a7/input_Custom full name_name"), "Guest of Site"): Text 'Guest of Site' is set on object 'Object Repository/Page_Group10 Administration Users Permissio_4e74a7/input_Custom full name_name'

2022-01-14 22:27:38 - [MESSAGE][PASSED] - Text 'Guest of Site' is set on object 'Object Repository/Page_Group10 Administration Users Permissio_4e74a7/input_Custom full name_name'

2022-01-14 22:27:38 - [TEST_STEP][PASSED] - setText(findTestObject("Object Repository/Page_Group10 Administration Users Permissio_4e74a7/textarea_Custom description_description"), "this is the guest"): Text 'this is the guest' is set on object 'Object Repository/Page_Group10 Administration Users Permissio_4e74a7/textarea_Custom description_description'

2022-01-14 22:27:39 - [MESSAGE][PASSED] - Text 'this is the guest' is set on object 'Object Repository/Page_Group10 Administration Users Permissio_4e74a7/textarea_Custom description_description'

2022-01-14 22:27:39 - [TEST_STEP][PASSED] - click(findTestObject("Object Repository/Page_Group10 Administration Users Permissio_4e74a7/input_Context types where this role may be _9568cf")): Object: 'Object Repository/Page_Group10 Administration Users Permissio_4e74a7/input_Context types where this role may be _9568cf' is clicked on

2022-01-14 22:27:39 - [MESSAGE][PASSED] - Object: 'Object Repository/Page_Group10 Administration Users Permissio_4e74a7/input_Context types where this role may be _9568cf' is clicked on

2022-01-14 22:27:39 - [TEST_STEP][PASSED] - click(findTestObject("Object Repository/Page_Group10 Administration Users Permissio_4e74a7/input_concat(Editing role , , Guest, , )_sa_01291b")): Object: 'Object Repository/Page_Group10 Administration Users Permissio_4e74a7/input_concat(Editing role , , Guest, , )_sa_01291b' is clicked on

2022-01-14 22:27:41 - [MESSAGE][PASSED] - Object: 'Object Repository/Page_Group10 Administration Users Permissio_4e74a7/input_concat(Editing role , , Guest, , )_sa_01291b' is clicked on

2022-01-14 22:27:41 - [TEST_STEP][PASSED] - click(findTestObject("Page_Dashboard/a_Site administration")): Object: 'Object Repository/Page_Dashboard/a_Site administration' is clicked on

2022-01-14 22:27:42 - [MESSAGE][PASSED] - Object: 'Object Repository/Page_Dashboard/a_Site administration' is clicked on

2022-01-14 22:27:42 - [TEST_STEP][PASSED] - click(findTestObject("Page_Group10 Administration Search/a_Users")): Object: 'Object Repository/Page_Group10 Administration Search/a_Users' is clicked on

2022-01-14 22:27:43 - [MESSAGE][PASSED] - Object: 'Object Repository/Page_Group10 Administration Search/a_Users' is clicked on

2022-01-14 22:27:43 - [TEST_STEP][PASSED] - click(findTestObject("Page_Group10 Administration Search/a_Define roles")): Object: 'Object Repository/Page_Group10 Administration Search/a_Define roles' is clicked on

2022-01-14 22:27:44 - [MESSAGE][PASSED] - Object: 'Object Repository/Page_Group10 Administration Search/a_Define roles' is clicked on

2022-01-14 22:27:44 - [TEST_STEP][PASSED] - click(findTestObject("Object Repository/Page_Group10 Administration Users Permissio_4e74a7/i_guest_icon fa fa-cog fa-fw")): Object: 'Object Repository/Page_Group10 Administration Users Permissio_4e74a7/i_guest_icon fa fa-cog fa-fw' is clicked on

2022-01-14 22:27:45 - [MESSAGE][PASSED] - Object: 'Object Repository/Page_Group10 Administration Users Permissio_4e74a7/i_guest_icon fa fa-cog fa-fw' is clicked on

2022-01-14 22:27:45 - [TEST_STEP][PASSED] - click(findTestObject("Object Repository/Page_Group10 Administration Users Permissio_4e74a7/div_Custom full name")): Object: 'Object Repository/Page_Group10 Administration Users Permissio_4e74a7/div_Custom full name' is clicked on

2022-01-14 22:27:46 - [MESSAGE][PASSED] - Object: 'Object Repository/Page_Group10 Administration Users Permissio_4e74a7/div_Custom full name' is clicked on

2022-01-14 22:27:46 - [TEST_STEP][PASSED] - setText(findTestObject("Object Repository/Page_Group10 Administration Users Permissio_4e74a7/input_Custom full name_name"), ""): Text '' is set on object 'Object Repository/Page_Group10 Administration Users Permissio_4e74a7/input_Custom full name_name'

2022-01-14 22:27:47 - [MESSAGE][PASSED] - Text '' is set on object 'Object Repository/Page_Group10 Administration Users Permissio_4e74a7/input_Custom full name_name'

2022-01-14 22:27:47 - [TEST_STEP][PASSED] - setText(findTestObject("Object Repository/Page_Group10 Administration Users Permissio_4e74a7/textarea_this is the guest"), ""): Text '' is set on object 'Object Repository/Page_Group10 Administration Users Permissio_4e74a7/textarea_this is the guest'

2022-01-14 22:27:48 - [MESSAGE][PASSED] - Text '' is set on object 'Object Repository/Page_Group10 Administration Users Permissio_4e74a7/textarea_this is the guest'

2022-01-14 22:27:48 - [TEST_STEP][PASSED] - click(findTestObject("Object Repository/Page_Group10 Administration Users Permissio_4e74a7/input_concat(Editing role , , Guest, , )_sa_01291b")): Object: 'Object Repository/Page_Group10 Administration Users Permissio_4e74a7/input_concat(Editing role , , Guest, , )_sa_01291b' is clicked on

2022-01-14 22:27:49 - [MESSAGE][PASSED] - Object: 'Object Repository/Page_Group10 Administration Users Permissio_4e74a7/input_concat(Editing role , , Guest, , )_sa_01291b' is clicked on

2022-01-14 22:27:49 - [TEST_STEP][PASSED] - click(findTestObject("Object Repository/Page_Group10 Administration Users Permissio_4e74a7/a_AU")): Object: 'Object Repository/Page_Group10 Administration Users Permissio_4e74a7/a_AU' is clicked on

2022-01-14 22:27:50 - [MESSAGE][PASSED] - Object: 'Object Repository/Page_Group10 Administration Users Permissio_4e74a7/a_AU' is clicked on

2022-01-14 22:27:50 - [TEST_STEP][PASSED] - click(findTestObject("Object Repository/Page_Group10 Administration Users Permissio_4e74a7/a_Log out")): Object: 'Object Repository/Page_Group10 Administration Users Permissio_4e74a7/a_Log out' is clicked on

2022-01-14 22:27:51 - [MESSAGE][PASSED] - Object: 'Object Repository/Page_Group10 Administration Users Permissio_4e74a7/a_Log out' is clicked on

2022-01-14 22:27:51 - [TEST_STEP][PASSED] - closeBrowser(): Browser is closed

2022-01-14 22:27:51 - [MESSAGE][PASSED] - Browser is closed]]></system-out>
         <system-err><![CDATA[]]></system-err>
      </testcase>
      <testcase name="Test Cases/Add a new role - ADMIN" time="27.133" classname="Test Cases/Add a new role - ADMIN" status="PASSED">
         <system-out><![CDATA[2022-01-14 22:27:51 - [TEST_CASE][PASSED] - Test Cases/Add a new role - ADMIN: Test Cases/Add a new role - ADMIN

2022-01-14 22:27:52 - [TEST_STEP][PASSED] - openBrowser(""): Browser is opened with url: ''

2022-01-14 22:27:52 - [MESSAGE][INFO] - Starting 'Edge Chromium' driver

2022-01-14 22:27:54 - [MESSAGE][INFO] - Action delay is set to 0 milliseconds

2022-01-14 22:27:55 - [MESSAGE][PASSED] - Browser is opened with url: ''

2022-01-14 22:27:55 - [TEST_STEP][PASSED] - navigateToUrl("http://localhost/"): Navigate to 'http://localhost/' successfully

2022-01-14 22:27:56 - [MESSAGE][PASSED] - Navigate to 'http://localhost/' successfully

2022-01-14 22:27:56 - [TEST_STEP][PASSED] - click(findTestObject("Page_Home page/a_Log in")): Object: 'Object Repository/Page_Home page/a_Log in' is clicked on

2022-01-14 22:27:56 - [MESSAGE][PASSED] - Object: 'Object Repository/Page_Home page/a_Log in' is clicked on

2022-01-14 22:27:56 - [TEST_STEP][PASSED] - setText(findTestObject("Page_Home page Log in to the site/input_Username_username"), "admin"): Text 'admin' is set on object 'Object Repository/Page_Home page Log in to the site/input_Username_username'

2022-01-14 22:27:57 - [MESSAGE][PASSED] - Text 'admin' is set on object 'Object Repository/Page_Home page Log in to the site/input_Username_username'

2022-01-14 22:27:57 - [TEST_STEP][PASSED] - setEncryptedText(findTestObject("Page_Home page Log in to the site/input_Password_password"), "OFhcon1PzObx3ErJAwGfGA=="): Text ****** has been set on object 'Object Repository/Page_Home page Log in to the site/input_Password_password'

2022-01-14 22:27:58 - [MESSAGE][PASSED] - Text ****** has been set on object 'Object Repository/Page_Home page Log in to the site/input_Password_password'

2022-01-14 22:27:58 - [TEST_STEP][PASSED] - click(findTestObject("Page_Home page Log in to the site/button_Log in")): Object: 'Object Repository/Page_Home page Log in to the site/button_Log in' is clicked on

2022-01-14 22:27:59 - [MESSAGE][PASSED] - Object: 'Object Repository/Page_Home page Log in to the site/button_Log in' is clicked on

2022-01-14 22:27:59 - [TEST_STEP][PASSED] - click(findTestObject("Page_Dashboard/a_Site administration")): Object: 'Object Repository/Page_Dashboard/a_Site administration' is clicked on

2022-01-14 22:28:02 - [MESSAGE][PASSED] - Object: 'Object Repository/Page_Dashboard/a_Site administration' is clicked on

2022-01-14 22:28:02 - [TEST_STEP][PASSED] - click(findTestObject("Page_Group10 Administration Search/a_Users")): Object: 'Object Repository/Page_Group10 Administration Search/a_Users' is clicked on

2022-01-14 22:28:02 - [MESSAGE][PASSED] - Object: 'Object Repository/Page_Group10 Administration Search/a_Users' is clicked on

2022-01-14 22:28:02 - [TEST_STEP][PASSED] - click(findTestObject("Page_Group10 Administration Search/a_Define roles")): Object: 'Object Repository/Page_Group10 Administration Search/a_Define roles' is clicked on

2022-01-14 22:28:04 - [MESSAGE][PASSED] - Object: 'Object Repository/Page_Group10 Administration Search/a_Define roles' is clicked on

2022-01-14 22:28:04 - [TEST_STEP][PASSED] - click(findTestObject("Object Repository/Page_Group10 Administration Users Permissio_4e74a7/button_Add a new role")): Object: 'Object Repository/Page_Group10 Administration Users Permissio_4e74a7/button_Add a new role' is clicked on

2022-01-14 22:28:05 - [MESSAGE][PASSED] - Object: 'Object Repository/Page_Group10 Administration Users Permissio_4e74a7/button_Add a new role' is clicked on

2022-01-14 22:28:05 - [TEST_STEP][PASSED] - selectOptionByValue(findTestObject("Object Repository/Page_Group10 Administration Users Permissio_4e74a7/select_No role                        Manag_ae1fc0"), "guest", true): All options with value 'guest' are selected in object 'Object Repository/Page_Group10 Administration Users Permissio_4e74a7/select_No role                        Manag_ae1fc0'  using regular expression

2022-01-14 22:28:07 - [MESSAGE][PASSED] - All options with value 'guest' are selected in object 'Object Repository/Page_Group10 Administration Users Permissio_4e74a7/select_No role                        Manag_ae1fc0'  using regular expression

2022-01-14 22:28:07 - [TEST_STEP][PASSED] - click(findTestObject("Object Repository/Page_Group10 Administration Users Permissio_4e74a7/input_Drop files here to upload_submitbutton")): Object: 'Object Repository/Page_Group10 Administration Users Permissio_4e74a7/input_Drop files here to upload_submitbutton' is clicked on

2022-01-14 22:28:08 - [MESSAGE][PASSED] - Object: 'Object Repository/Page_Group10 Administration Users Permissio_4e74a7/input_Drop files here to upload_submitbutton' is clicked on

2022-01-14 22:28:08 - [TEST_STEP][PASSED] - setText(findTestObject("Page_Group10 Administration Users Permissio_4e74a7/input_Short name_shortname"), "guesttest"): Text 'guesttest' is set on object 'Object Repository/Page_Group10 Administration Users Permissio_4e74a7/input_Short name_shortname'

2022-01-14 22:28:09 - [MESSAGE][PASSED] - Text 'guesttest' is set on object 'Object Repository/Page_Group10 Administration Users Permissio_4e74a7/input_Short name_shortname'

2022-01-14 22:28:09 - [TEST_STEP][PASSED] - setText(findTestObject("Page_Group10 Administration Users Permissio_4e74a7/input_Custom full name_name"), "Guest For Test"): Text 'Guest For Test' is set on object 'Object Repository/Page_Group10 Administration Users Permissio_4e74a7/input_Custom full name_name'

2022-01-14 22:28:10 - [MESSAGE][PASSED] - Text 'Guest For Test' is set on object 'Object Repository/Page_Group10 Administration Users Permissio_4e74a7/input_Custom full name_name'

2022-01-14 22:28:10 - [TEST_STEP][PASSED] - setText(findTestObject("Page_Group10 Administration Users Permissio_4e74a7/textarea_Custom description_description"), "This is role for testing automation"): Text 'This is role for testing automation' is set on object 'Object Repository/Page_Group10 Administration Users Permissio_4e74a7/textarea_Custom description_description'

2022-01-14 22:28:11 - [MESSAGE][PASSED] - Text 'This is role for testing automation' is set on object 'Object Repository/Page_Group10 Administration Users Permissio_4e74a7/textarea_Custom description_description'

2022-01-14 22:28:11 - [TEST_STEP][PASSED] - click(findTestObject("Page_Group10 Administration Users Permissio_4e74a7/input_Context types where this role may be _9568cf")): Object: 'Object Repository/Page_Group10 Administration Users Permissio_4e74a7/input_Context types where this role may be _9568cf' is clicked on

2022-01-14 22:28:11 - [MESSAGE][PASSED] - Object: 'Object Repository/Page_Group10 Administration Users Permissio_4e74a7/input_Context types where this role may be _9568cf' is clicked on

2022-01-14 22:28:11 - [TEST_STEP][PASSED] - click(findTestObject("Object Repository/Page_Group10 Administration Users Permissio_4e74a7/input_Adding a new role_savechanges")): Object: 'Object Repository/Page_Group10 Administration Users Permissio_4e74a7/input_Adding a new role_savechanges' is clicked on

2022-01-14 22:28:13 - [MESSAGE][PASSED] - Object: 'Object Repository/Page_Group10 Administration Users Permissio_4e74a7/input_Adding a new role_savechanges' is clicked on

2022-01-14 22:28:13 - [TEST_STEP][PASSED] - click(findTestObject("Object Repository/Page_Group10 Administration Users Permissio_4e74a7/button_List all roles")): Object: 'Object Repository/Page_Group10 Administration Users Permissio_4e74a7/button_List all roles' is clicked on

2022-01-14 22:28:14 - [MESSAGE][PASSED] - Object: 'Object Repository/Page_Group10 Administration Users Permissio_4e74a7/button_List all roles' is clicked on

2022-01-14 22:28:14 - [TEST_STEP][PASSED] - click(findTestObject("Object Repository/Page_Group10 Administration Users Permissio_4e74a7/i_guesttest_icon fa fa-trash fa-fw")): Object: 'Object Repository/Page_Group10 Administration Users Permissio_4e74a7/i_guesttest_icon fa fa-trash fa-fw' is clicked on

2022-01-14 22:28:15 - [MESSAGE][PASSED] - Object: 'Object Repository/Page_Group10 Administration Users Permissio_4e74a7/i_guesttest_icon fa fa-trash fa-fw' is clicked on

2022-01-14 22:28:15 - [TEST_STEP][PASSED] - click(findTestObject("Object Repository/Page_Group10 Administration Users Permissio_4e74a7/button_Yes")): Object: 'Object Repository/Page_Group10 Administration Users Permissio_4e74a7/button_Yes' is clicked on

2022-01-14 22:28:16 - [MESSAGE][PASSED] - Object: 'Object Repository/Page_Group10 Administration Users Permissio_4e74a7/button_Yes' is clicked on

2022-01-14 22:28:16 - [TEST_STEP][PASSED] - click(findTestObject("Page_Group10 Administration Users Permissio_4e74a7/a_AU")): Object: 'Object Repository/Page_Group10 Administration Users Permissio_4e74a7/a_AU' is clicked on

2022-01-14 22:28:17 - [MESSAGE][PASSED] - Object: 'Object Repository/Page_Group10 Administration Users Permissio_4e74a7/a_AU' is clicked on

2022-01-14 22:28:17 - [TEST_STEP][PASSED] - click(findTestObject("Page_Group10 Administration Users Permissio_4e74a7/a_Log out")): Object: 'Object Repository/Page_Group10 Administration Users Permissio_4e74a7/a_Log out' is clicked on

2022-01-14 22:28:18 - [MESSAGE][PASSED] - Object: 'Object Repository/Page_Group10 Administration Users Permissio_4e74a7/a_Log out' is clicked on

2022-01-14 22:28:18 - [TEST_STEP][PASSED] - closeBrowser(): Browser is closed

2022-01-14 22:28:19 - [MESSAGE][PASSED] - Browser is closed]]></system-out>
         <system-err><![CDATA[]]></system-err>
      </testcase>
      <testcase name="Test Cases/Add a discussion topic - ADMIN" time="23.823" classname="Test Cases/Add a discussion topic - ADMIN" status="PASSED">
         <system-out><![CDATA[2022-01-14 22:28:19 - [TEST_CASE][PASSED] - Test Cases/Add a discussion topic - ADMIN: Test Cases/Add a discussion topic - ADMIN

2022-01-14 22:28:19 - [TEST_STEP][PASSED] - openBrowser(""): Browser is opened with url: ''

2022-01-14 22:28:19 - [MESSAGE][INFO] - Starting 'Edge Chromium' driver

2022-01-14 22:28:21 - [MESSAGE][INFO] - Action delay is set to 0 milliseconds

2022-01-14 22:28:22 - [MESSAGE][PASSED] - Browser is opened with url: ''

2022-01-14 22:28:22 - [TEST_STEP][PASSED] - navigateToUrl("http://localhost/"): Navigate to 'http://localhost/' successfully

2022-01-14 22:28:23 - [MESSAGE][PASSED] - Navigate to 'http://localhost/' successfully

2022-01-14 22:28:23 - [TEST_STEP][PASSED] - click(findTestObject("Page_Home page/a_Log in")): Object: 'Object Repository/Page_Home page/a_Log in' is clicked on

2022-01-14 22:28:24 - [MESSAGE][PASSED] - Object: 'Object Repository/Page_Home page/a_Log in' is clicked on

2022-01-14 22:28:24 - [TEST_STEP][PASSED] - setText(findTestObject("Page_Home page Log in to the site/input_Username_username"), "admin"): Text 'admin' is set on object 'Object Repository/Page_Home page Log in to the site/input_Username_username'

2022-01-14 22:28:25 - [MESSAGE][PASSED] - Text 'admin' is set on object 'Object Repository/Page_Home page Log in to the site/input_Username_username'

2022-01-14 22:28:25 - [TEST_STEP][PASSED] - setEncryptedText(findTestObject("Page_Home page Log in to the site/input_Password_password"), "OFhcon1PzObx3ErJAwGfGA=="): Text ****** has been set on object 'Object Repository/Page_Home page Log in to the site/input_Password_password'

2022-01-14 22:28:25 - [MESSAGE][PASSED] - Text ****** has been set on object 'Object Repository/Page_Home page Log in to the site/input_Password_password'

2022-01-14 22:28:25 - [TEST_STEP][PASSED] - click(findTestObject("Page_Home page Log in to the site/button_Log in")): Object: 'Object Repository/Page_Home page Log in to the site/button_Log in' is clicked on

2022-01-14 22:28:26 - [MESSAGE][PASSED] - Object: 'Object Repository/Page_Home page Log in to the site/button_Log in' is clicked on

2022-01-14 22:28:26 - [TEST_STEP][PASSED] - click(findTestObject("forum/Page_Dashboard/a_Home")): Object: 'Object Repository/forum/Page_Dashboard/a_Home' is clicked on

2022-01-14 22:28:29 - [MESSAGE][PASSED] - Object: 'Object Repository/forum/Page_Dashboard/a_Home' is clicked on

2022-01-14 22:28:29 - [TEST_STEP][PASSED] - click(findTestObject("Object Repository/forum/Page_Home page/a_Add a new topic")): Object: 'Object Repository/forum/Page_Home page/a_Add a new topic' is clicked on

2022-01-14 22:28:30 - [MESSAGE][PASSED] - Object: 'Object Repository/forum/Page_Home page/a_Add a new topic' is clicked on

2022-01-14 22:28:30 - [TEST_STEP][PASSED] - setText(findTestObject("Object Repository/forum/Page_Home page/input_Subject_subject"), "Testing add new topic"): Text 'Testing add new topic' is set on object 'Object Repository/forum/Page_Home page/input_Subject_subject'

2022-01-14 22:28:31 - [MESSAGE][PASSED] - Text 'Testing add new topic' is set on object 'Object Repository/forum/Page_Home page/input_Subject_subject'

2022-01-14 22:28:31 - [TEST_STEP][PASSED] - click(findTestObject("Object Repository/forum/Page_Home page/p")): Object: 'Object Repository/forum/Page_Home page/p' is clicked on

2022-01-14 22:28:31 - [MESSAGE][PASSED] - Object: 'Object Repository/forum/Page_Home page/p' is clicked on

2022-01-14 22:28:31 - [TEST_STEP][PASSED] - setText(findTestObject("Object Repository/forum/Page_Home page/div_Hello this is a new topic"), "Hello this is a new topic"): Text 'Hello this is a new topic' is set on object 'Object Repository/forum/Page_Home page/div_Hello this is a new topic'

2022-01-14 22:28:32 - [MESSAGE][PASSED] - Text 'Hello this is a new topic' is set on object 'Object Repository/forum/Page_Home page/div_Hello this is a new topic'

2022-01-14 22:28:32 - [TEST_STEP][PASSED] - click(findTestObject("Object Repository/forum/Page_Home page/input_Rich text editor_submitbutton")): Object: 'Object Repository/forum/Page_Home page/input_Rich text editor_submitbutton' is clicked on

2022-01-14 22:28:34 - [MESSAGE][PASSED] - Object: 'Object Repository/forum/Page_Home page/input_Rich text editor_submitbutton' is clicked on

2022-01-14 22:28:34 - [TEST_STEP][PASSED] - click(findTestObject("Object Repository/forum/Page_Site announcements/a_Testing add new topic")): Object: 'Object Repository/forum/Page_Site announcements/a_Testing add new topic' is clicked on

2022-01-14 22:28:35 - [MESSAGE][PASSED] - Object: 'Object Repository/forum/Page_Site announcements/a_Testing add new topic' is clicked on

2022-01-14 22:28:35 - [TEST_STEP][PASSED] - click(findTestObject("Object Repository/forum/Page_Group10 Testing add new topic/a_Home")): Object: 'Object Repository/forum/Page_Group10 Testing add new topic/a_Home' is clicked on

2022-01-14 22:28:36 - [MESSAGE][PASSED] - Object: 'Object Repository/forum/Page_Group10 Testing add new topic/a_Home' is clicked on

2022-01-14 22:28:36 - [TEST_STEP][PASSED] - click(findTestObject("Object Repository/forum/Page_Home page/a_Discuss this topic")): Object: 'Object Repository/forum/Page_Home page/a_Discuss this topic' is clicked on

2022-01-14 22:28:38 - [MESSAGE][PASSED] - Object: 'Object Repository/forum/Page_Home page/a_Discuss this topic' is clicked on

2022-01-14 22:28:38 - [TEST_STEP][PASSED] - click(findTestObject("Object Repository/forum/Page_Group10 Testing add new topic/a_Delete")): Object: 'Object Repository/forum/Page_Group10 Testing add new topic/a_Delete' is clicked on

2022-01-14 22:28:39 - [MESSAGE][PASSED] - Object: 'Object Repository/forum/Page_Group10 Testing add new topic/a_Delete' is clicked on

2022-01-14 22:28:39 - [TEST_STEP][PASSED] - click(findTestObject("Object Repository/forum/Page_Group10/button_Continue")): Object: 'Object Repository/forum/Page_Group10/button_Continue' is clicked on

2022-01-14 22:28:40 - [MESSAGE][PASSED] - Object: 'Object Repository/forum/Page_Group10/button_Continue' is clicked on

2022-01-14 22:28:40 - [TEST_STEP][PASSED] - click(findTestObject("Object Repository/forum/Page_Site announcements/a_AU")): Object: 'Object Repository/forum/Page_Site announcements/a_AU' is clicked on

2022-01-14 22:28:41 - [MESSAGE][PASSED] - Object: 'Object Repository/forum/Page_Site announcements/a_AU' is clicked on

2022-01-14 22:28:41 - [TEST_STEP][PASSED] - click(findTestObject("Object Repository/forum/Page_Site announcements/a_Log out")): Object: 'Object Repository/forum/Page_Site announcements/a_Log out' is clicked on

2022-01-14 22:28:42 - [MESSAGE][PASSED] - Object: 'Object Repository/forum/Page_Site announcements/a_Log out' is clicked on

2022-01-14 22:28:42 - [TEST_STEP][PASSED] - closeBrowser(): Browser is closed

2022-01-14 22:28:42 - [MESSAGE][PASSED] - Browser is closed]]></system-out>
         <system-err><![CDATA[]]></system-err>
      </testcase>
      <testcase name="Test Cases/Subscribe to forum - ADMIN" time="19.337" classname="Test Cases/Subscribe to forum - ADMIN" status="PASSED">
         <system-out><![CDATA[2022-01-14 22:28:42 - [TEST_CASE][PASSED] - Test Cases/Subscribe to forum - ADMIN: Test Cases/Subscribe to forum - ADMIN

2022-01-14 22:28:43 - [TEST_STEP][PASSED] - openBrowser(""): Browser is opened with url: ''

2022-01-14 22:28:43 - [MESSAGE][INFO] - Starting 'Edge Chromium' driver

2022-01-14 22:28:45 - [MESSAGE][INFO] - Action delay is set to 0 milliseconds

2022-01-14 22:28:46 - [MESSAGE][PASSED] - Browser is opened with url: ''

2022-01-14 22:28:46 - [TEST_STEP][PASSED] - navigateToUrl("http://localhost/"): Navigate to 'http://localhost/' successfully

2022-01-14 22:28:46 - [MESSAGE][PASSED] - Navigate to 'http://localhost/' successfully

2022-01-14 22:28:46 - [TEST_STEP][PASSED] - click(findTestObject("Object Repository/forum/Page_Home page/a_Log in")): Object: 'Object Repository/forum/Page_Home page/a_Log in' is clicked on

2022-01-14 22:28:48 - [MESSAGE][PASSED] - Object: 'Object Repository/forum/Page_Home page/a_Log in' is clicked on

2022-01-14 22:28:48 - [TEST_STEP][PASSED] - setText(findTestObject("Object Repository/forum/Page_Home page Log in to the site/input_Username_username"), "admin"): Text 'admin' is set on object 'Object Repository/forum/Page_Home page Log in to the site/input_Username_username'

2022-01-14 22:28:49 - [MESSAGE][PASSED] - Text 'admin' is set on object 'Object Repository/forum/Page_Home page Log in to the site/input_Username_username'

2022-01-14 22:28:49 - [TEST_STEP][PASSED] - setEncryptedText(findTestObject("Object Repository/forum/Page_Home page Log in to the site/input_Password_password"), "OFhcon1PzObx3ErJAwGfGA=="): Text ****** has been set on object 'Object Repository/forum/Page_Home page Log in to the site/input_Password_password'

2022-01-14 22:28:49 - [MESSAGE][PASSED] - Text ****** has been set on object 'Object Repository/forum/Page_Home page Log in to the site/input_Password_password'

2022-01-14 22:28:49 - [TEST_STEP][PASSED] - click(findTestObject("Object Repository/forum/Page_Home page Log in to the site/button_Log in")): Object: 'Object Repository/forum/Page_Home page Log in to the site/button_Log in' is clicked on

2022-01-14 22:28:51 - [MESSAGE][PASSED] - Object: 'Object Repository/forum/Page_Home page Log in to the site/button_Log in' is clicked on

2022-01-14 22:28:51 - [TEST_STEP][PASSED] - click(findTestObject("Object Repository/forum/Page_Dashboard/a_Home")): Object: 'Object Repository/forum/Page_Dashboard/a_Home' is clicked on

2022-01-14 22:28:53 - [MESSAGE][PASSED] - Object: 'Object Repository/forum/Page_Dashboard/a_Home' is clicked on

2022-01-14 22:28:53 - [TEST_STEP][PASSED] - click(findTestObject("Object Repository/forum/Page_Home page/a_Subscribe to forum")): Object: 'Object Repository/forum/Page_Home page/a_Subscribe to forum' is clicked on

2022-01-14 22:28:55 - [MESSAGE][PASSED] - Object: 'Object Repository/forum/Page_Home page/a_Subscribe to forum' is clicked on

2022-01-14 22:28:55 - [TEST_STEP][PASSED] - click(findTestObject("Object Repository/forum/Page_Site announcements/a_Subscriptions")): Object: 'Object Repository/forum/Page_Site announcements/a_Subscriptions' is clicked on

2022-01-14 22:28:56 - [MESSAGE][PASSED] - Object: 'Object Repository/forum/Page_Site announcements/a_Subscriptions' is clicked on

2022-01-14 22:28:56 - [TEST_STEP][PASSED] - click(findTestObject("Object Repository/forum/Page_Subscribers/a_Forum")): Object: 'Object Repository/forum/Page_Subscribers/a_Forum' is clicked on

2022-01-14 22:28:57 - [MESSAGE][PASSED] - Object: 'Object Repository/forum/Page_Subscribers/a_Forum' is clicked on

2022-01-14 22:28:57 - [TEST_STEP][PASSED] - click(findTestObject("Object Repository/forum/Page_Site announcements/a_Unsubscribe from forum")): Object: 'Object Repository/forum/Page_Site announcements/a_Unsubscribe from forum' is clicked on

2022-01-14 22:28:58 - [MESSAGE][PASSED] - Object: 'Object Repository/forum/Page_Site announcements/a_Unsubscribe from forum' is clicked on

2022-01-14 22:28:58 - [TEST_STEP][PASSED] - click(findTestObject("Object Repository/forum/Page_Site announcements/a_Subscriptions_1")): Object: 'Object Repository/forum/Page_Site announcements/a_Subscriptions_1' is clicked on

2022-01-14 22:28:59 - [MESSAGE][PASSED] - Object: 'Object Repository/forum/Page_Site announcements/a_Subscriptions_1' is clicked on

2022-01-14 22:28:59 - [TEST_STEP][PASSED] - click(findTestObject("Object Repository/forum/Page_Subscribers/a_AU")): Object: 'Object Repository/forum/Page_Subscribers/a_AU' is clicked on

2022-01-14 22:29:00 - [MESSAGE][PASSED] - Object: 'Object Repository/forum/Page_Subscribers/a_AU' is clicked on

2022-01-14 22:29:00 - [TEST_STEP][PASSED] - click(findTestObject("Object Repository/forum/Page_Subscribers/a_Log out")): Object: 'Object Repository/forum/Page_Subscribers/a_Log out' is clicked on

2022-01-14 22:29:01 - [MESSAGE][PASSED] - Object: 'Object Repository/forum/Page_Subscribers/a_Log out' is clicked on

2022-01-14 22:29:01 - [TEST_STEP][PASSED] - closeBrowser(): Browser is closed

2022-01-14 22:29:02 - [MESSAGE][PASSED] - Browser is closed]]></system-out>
         <system-err><![CDATA[]]></system-err>
      </testcase>
      <testcase name="Test Cases/Enroll teacher into course" time="56.908" classname="Test Cases/Enroll teacher into course" status="PASSED">
         <system-out><![CDATA[2022-01-14 22:29:02 - [TEST_CASE][PASSED] - Test Cases/Enroll teacher into course: Test Cases/Enroll teacher into course

2022-01-14 22:29:02 - [TEST_STEP][PASSED] - openBrowser(""): Browser is opened with url: ''

2022-01-14 22:29:02 - [MESSAGE][INFO] - Starting 'Edge Chromium' driver

2022-01-14 22:29:04 - [MESSAGE][INFO] - Action delay is set to 0 milliseconds

2022-01-14 22:29:05 - [MESSAGE][PASSED] - Browser is opened with url: ''

2022-01-14 22:29:05 - [TEST_STEP][PASSED] - navigateToUrl("http://localhost/"): Navigate to 'http://localhost/' successfully

2022-01-14 22:29:06 - [MESSAGE][PASSED] - Navigate to 'http://localhost/' successfully

2022-01-14 22:29:06 - [TEST_STEP][PASSED] - click(findTestObject("Page_Home page/a_Log in")): Object: 'Object Repository/Page_Home page/a_Log in' is clicked on

2022-01-14 22:29:07 - [MESSAGE][PASSED] - Object: 'Object Repository/Page_Home page/a_Log in' is clicked on

2022-01-14 22:29:07 - [TEST_STEP][PASSED] - setText(findTestObject("Page_Home page Log in to the site/input_Username_username"), "admin"): Text 'admin' is set on object 'Object Repository/Page_Home page Log in to the site/input_Username_username'

2022-01-14 22:29:08 - [MESSAGE][PASSED] - Text 'admin' is set on object 'Object Repository/Page_Home page Log in to the site/input_Username_username'

2022-01-14 22:29:08 - [TEST_STEP][PASSED] - setEncryptedText(findTestObject("Page_Home page Log in to the site/input_Password_password"), "OFhcon1PzObx3ErJAwGfGA=="): Text ****** has been set on object 'Object Repository/Page_Home page Log in to the site/input_Password_password'

2022-01-14 22:29:09 - [MESSAGE][PASSED] - Text ****** has been set on object 'Object Repository/Page_Home page Log in to the site/input_Password_password'

2022-01-14 22:29:09 - [TEST_STEP][PASSED] - click(findTestObject("Page_Home page Log in to the site/button_Log in")): Object: 'Object Repository/Page_Home page Log in to the site/button_Log in' is clicked on

2022-01-14 22:29:10 - [MESSAGE][PASSED] - Object: 'Object Repository/Page_Home page Log in to the site/button_Log in' is clicked on

2022-01-14 22:29:10 - [TEST_STEP][PASSED] - click(findTestObject("Object Repository/Page_TA Participants/a_My courses")): Object: 'Object Repository/Page_TA Participants/a_My courses' is clicked on

2022-01-14 22:29:12 - [MESSAGE][PASSED] - Object: 'Object Repository/Page_TA Participants/a_My courses' is clicked on

2022-01-14 22:29:12 - [TEST_STEP][PASSED] - click(findTestObject("Object Repository/Page_My courses/span_H quan tri c s d liu")): Object: 'Object Repository/Page_My courses/span_H quan tri c s d liu' is clicked on

2022-01-14 22:29:14 - [MESSAGE][PASSED] - Object: 'Object Repository/Page_My courses/span_H quan tri c s d liu' is clicked on

2022-01-14 22:29:14 - [TEST_STEP][PASSED] - click(findTestObject("Object Repository/Page_Course H quan tri c s d liu/a_Participants")): Object: 'Object Repository/Page_Course H quan tri c s d liu/a_Participants' is clicked on

2022-01-14 22:29:16 - [MESSAGE][PASSED] - Object: 'Object Repository/Page_Course H quan tri c s d liu/a_Participants' is clicked on

2022-01-14 22:29:16 - [TEST_STEP][PASSED] - click(findTestObject("Page_HQTCSDL Participants/input_Participants tertiary navigation_btn btn-primary")): Object: 'Object Repository/Page_HQTCSDL Participants/input_Participants tertiary navigation_btn btn-primary' is clicked on

2022-01-14 22:29:16 - [MESSAGE][PASSED] - Object: 'Object Repository/Page_HQTCSDL Participants/input_Participants tertiary navigation_btn btn-primary' is clicked on

2022-01-14 22:29:16 - [TEST_STEP][PASSED] - click(findTestObject("Page_HQTCSDL Participants/span_")): Object: 'Object Repository/Page_HQTCSDL Participants/span_' is clicked on

2022-01-14 22:29:18 - [MESSAGE][PASSED] - Object: 'Object Repository/Page_HQTCSDL Participants/span_' is clicked on

2022-01-14 22:29:18 - [TEST_STEP][PASSED] - click(findTestObject("Page_HQTCSDL Participants/li_Nguyen Nga    teacher1email.com")): Object: 'Object Repository/Page_HQTCSDL Participants/li_Nguyen Nga    teacher1email.com' is clicked on

2022-01-14 22:29:19 - [MESSAGE][PASSED] - Object: 'Object Repository/Page_HQTCSDL Participants/li_Nguyen Nga    teacher1email.com' is clicked on

2022-01-14 22:29:19 - [TEST_STEP][PASSED] - click(findTestObject("Object Repository/Page_HQTCSDL Participants/div_Assign role")): Object: 'Object Repository/Page_HQTCSDL Participants/div_Assign role' is clicked on

2022-01-14 22:29:20 - [MESSAGE][PASSED] - Object: 'Object Repository/Page_HQTCSDL Participants/div_Assign role' is clicked on

2022-01-14 22:29:20 - [TEST_STEP][PASSED] - selectOptionByLabel(findTestObject("Page_HQTCSDL Participants/select_Manager            Teacher          _ffc00f"), "Teacher", false): All options with label 'Teacher' are selected in object 'Object Repository/Page_HQTCSDL Participants/select_Manager            Teacher          _ffc00f' 

2022-01-14 22:29:21 - [MESSAGE][PASSED] - All options with label 'Teacher' are selected in object 'Object Repository/Page_HQTCSDL Participants/select_Manager            Teacher          _ffc00f' 

2022-01-14 22:29:21 - [TEST_STEP][PASSED] - click(findTestObject("Object Repository/Page_HQTCSDL Participants/button_Enrol users")): Object: 'Object Repository/Page_HQTCSDL Participants/button_Enrol users' is clicked on

2022-01-14 22:29:21 - [MESSAGE][PASSED] - Object: 'Object Repository/Page_HQTCSDL Participants/button_Enrol users' is clicked on

2022-01-14 22:29:21 - [TEST_STEP][PASSED] - click(findTestObject("Object Repository/Page_TA Participants/a_My courses")): Object: 'Object Repository/Page_TA Participants/a_My courses' is clicked on

2022-01-14 22:29:27 - [MESSAGE][PASSED] - Object: 'Object Repository/Page_TA Participants/a_My courses' is clicked on

2022-01-14 22:29:27 - [TEST_STEP][PASSED] - click(findTestObject("Page_My courses/span_Test Automation")): Object: 'Object Repository/Page_My courses/span_Test Automation' is clicked on

2022-01-14 22:29:29 - [MESSAGE][PASSED] - Object: 'Object Repository/Page_My courses/span_Test Automation' is clicked on

2022-01-14 22:29:29 - [TEST_STEP][PASSED] - click(findTestObject("Object Repository/Page_Course H quan tri c s d liu/a_Participants")): Object: 'Object Repository/Page_Course H quan tri c s d liu/a_Participants' is clicked on

2022-01-14 22:29:31 - [MESSAGE][PASSED] - Object: 'Object Repository/Page_Course H quan tri c s d liu/a_Participants' is clicked on

2022-01-14 22:29:31 - [TEST_STEP][PASSED] - click(findTestObject("Page_HQTCSDL Participants/input_Participants tertiary navigation_btn btn-primary")): Object: 'Object Repository/Page_HQTCSDL Participants/input_Participants tertiary navigation_btn btn-primary' is clicked on

2022-01-14 22:29:31 - [MESSAGE][PASSED] - Object: 'Object Repository/Page_HQTCSDL Participants/input_Participants tertiary navigation_btn btn-primary' is clicked on

2022-01-14 22:29:31 - [TEST_STEP][PASSED] - click(findTestObject("Page_HQTCSDL Participants/span_")): Object: 'Object Repository/Page_HQTCSDL Participants/span_' is clicked on

2022-01-14 22:29:33 - [MESSAGE][PASSED] - Object: 'Object Repository/Page_HQTCSDL Participants/span_' is clicked on

2022-01-14 22:29:33 - [TEST_STEP][PASSED] - click(findTestObject("Page_HQTCSDL Participants/li_Nguyen Nga    teacher1email.com")): Object: 'Object Repository/Page_HQTCSDL Participants/li_Nguyen Nga    teacher1email.com' is clicked on

2022-01-14 22:29:34 - [MESSAGE][PASSED] - Object: 'Object Repository/Page_HQTCSDL Participants/li_Nguyen Nga    teacher1email.com' is clicked on

2022-01-14 22:29:34 - [TEST_STEP][PASSED] - click(findTestObject("Object Repository/Page_HQTCSDL Participants/div_Assign role")): Object: 'Object Repository/Page_HQTCSDL Participants/div_Assign role' is clicked on

2022-01-14 22:29:34 - [MESSAGE][PASSED] - Object: 'Object Repository/Page_HQTCSDL Participants/div_Assign role' is clicked on

2022-01-14 22:29:34 - [TEST_STEP][PASSED] - selectOptionByLabel(findTestObject("Page_HQTCSDL Participants/select_Manager            Teacher            Non-editing teacher            Student"), "Teacher", false): All options with label 'Teacher' are selected in object 'Object Repository/Page_HQTCSDL Participants/select_Manager            Teacher            Non-editing teacher            Student' 

2022-01-14 22:29:35 - [MESSAGE][PASSED] - All options with label 'Teacher' are selected in object 'Object Repository/Page_HQTCSDL Participants/select_Manager            Teacher            Non-editing teacher            Student' 

2022-01-14 22:29:35 - [TEST_STEP][PASSED] - click(findTestObject("Object Repository/Page_HQTCSDL Participants/button_Enrol users")): Object: 'Object Repository/Page_HQTCSDL Participants/button_Enrol users' is clicked on

2022-01-14 22:29:36 - [MESSAGE][PASSED] - Object: 'Object Repository/Page_HQTCSDL Participants/button_Enrol users' is clicked on

2022-01-14 22:29:36 - [TEST_STEP][PASSED] - click(findTestObject("Object Repository/Page_HQTCSDL Participants/a_AU")): Object: 'Object Repository/Page_HQTCSDL Participants/a_AU' is clicked on

2022-01-14 22:29:37 - [MESSAGE][PASSED] - Object: 'Object Repository/Page_HQTCSDL Participants/a_AU' is clicked on

2022-01-14 22:29:37 - [TEST_STEP][PASSED] - click(findTestObject("Object Repository/Page_HQTCSDL Participants/a_Log out")): Object: 'Object Repository/Page_HQTCSDL Participants/a_Log out' is clicked on

2022-01-14 22:29:38 - [MESSAGE][PASSED] - Object: 'Object Repository/Page_HQTCSDL Participants/a_Log out' is clicked on

2022-01-14 22:29:38 - [TEST_STEP][PASSED] - click(findTestObject("Page_Home page/a_Log in")): Object: 'Object Repository/Page_Home page/a_Log in' is clicked on

2022-01-14 22:29:38 - [MESSAGE][PASSED] - Object: 'Object Repository/Page_Home page/a_Log in' is clicked on

2022-01-14 22:29:38 - [TEST_STEP][PASSED] - setText(findTestObject("Page_Home page Log in to the site/input_Username_username"), "teacher1"): Text 'teacher1' is set on object 'Object Repository/Page_Home page Log in to the site/input_Username_username'

2022-01-14 22:29:39 - [MESSAGE][PASSED] - Text 'teacher1' is set on object 'Object Repository/Page_Home page Log in to the site/input_Username_username'

2022-01-14 22:29:39 - [TEST_STEP][PASSED] - setEncryptedText(findTestObject("Page_Home page Log in to the site/input_Password_password"), "OFhcon1PzObx3ErJAwGfGA=="): Text ****** has been set on object 'Object Repository/Page_Home page Log in to the site/input_Password_password'

2022-01-14 22:29:40 - [MESSAGE][PASSED] - Text ****** has been set on object 'Object Repository/Page_Home page Log in to the site/input_Password_password'

2022-01-14 22:29:40 - [TEST_STEP][PASSED] - click(findTestObject("Page_Home page Log in to the site/button_Log in")): Object: 'Object Repository/Page_Home page Log in to the site/button_Log in' is clicked on

2022-01-14 22:29:41 - [MESSAGE][PASSED] - Object: 'Object Repository/Page_Home page Log in to the site/button_Log in' is clicked on

2022-01-14 22:29:41 - [TEST_STEP][PASSED] - click(findTestObject("Page_TA Participants/a_My courses")): Object: 'Object Repository/Page_TA Participants/a_My courses' is clicked on

2022-01-14 22:29:42 - [MESSAGE][PASSED] - Object: 'Object Repository/Page_TA Participants/a_My courses' is clicked on

2022-01-14 22:29:42 - [TEST_STEP][PASSED] - click(findTestObject("Object Repository/Page_My courses/span_H quan tri c s d liu")): Object: 'Object Repository/Page_My courses/span_H quan tri c s d liu' is clicked on

2022-01-14 22:29:44 - [MESSAGE][PASSED] - Object: 'Object Repository/Page_My courses/span_H quan tri c s d liu' is clicked on

2022-01-14 22:29:44 - [TEST_STEP][PASSED] - click(findTestObject("Object Repository/Page_Course H quan tri c s d liu/a_Participants")): Object: 'Object Repository/Page_Course H quan tri c s d liu/a_Participants' is clicked on

2022-01-14 22:29:45 - [MESSAGE][PASSED] - Object: 'Object Repository/Page_Course H quan tri c s d liu/a_Participants' is clicked on

2022-01-14 22:29:45 - [TEST_STEP][PASSED] - click(findTestObject("Object Repository/Page_HQTCSDL Participants/a_NN")): Object: 'Object Repository/Page_HQTCSDL Participants/a_NN' is clicked on

2022-01-14 22:29:46 - [MESSAGE][PASSED] - Object: 'Object Repository/Page_HQTCSDL Participants/a_NN' is clicked on

2022-01-14 22:29:46 - [TEST_STEP][PASSED] - click(findTestObject("Object Repository/Page_HQTCSDL Participants/a_Log out")): Object: 'Object Repository/Page_HQTCSDL Participants/a_Log out' is clicked on

2022-01-14 22:29:47 - [MESSAGE][PASSED] - Object: 'Object Repository/Page_HQTCSDL Participants/a_Log out' is clicked on

2022-01-14 22:29:47 - [TEST_STEP][PASSED] - click(findTestObject("Page_Home page/a_Log in")): Object: 'Object Repository/Page_Home page/a_Log in' is clicked on

2022-01-14 22:29:48 - [MESSAGE][PASSED] - Object: 'Object Repository/Page_Home page/a_Log in' is clicked on

2022-01-14 22:29:48 - [TEST_STEP][PASSED] - setText(findTestObject("Page_Home page Log in to the site/input_Username_username"), "admin"): Text 'admin' is set on object 'Object Repository/Page_Home page Log in to the site/input_Username_username'

2022-01-14 22:29:48 - [MESSAGE][PASSED] - Text 'admin' is set on object 'Object Repository/Page_Home page Log in to the site/input_Username_username'

2022-01-14 22:29:48 - [TEST_STEP][PASSED] - setEncryptedText(findTestObject("Page_Home page Log in to the site/input_Password_password"), "OFhcon1PzObx3ErJAwGfGA=="): Text ****** has been set on object 'Object Repository/Page_Home page Log in to the site/input_Password_password'

2022-01-14 22:29:49 - [MESSAGE][PASSED] - Text ****** has been set on object 'Object Repository/Page_Home page Log in to the site/input_Password_password'

2022-01-14 22:29:49 - [TEST_STEP][PASSED] - click(findTestObject("Page_Home page Log in to the site/button_Log in")): Object: 'Object Repository/Page_Home page Log in to the site/button_Log in' is clicked on

2022-01-14 22:29:50 - [MESSAGE][PASSED] - Object: 'Object Repository/Page_Home page Log in to the site/button_Log in' is clicked on

2022-01-14 22:29:50 - [TEST_STEP][PASSED] - click(findTestObject("Page_TA Participants/a_My courses")): Object: 'Object Repository/Page_TA Participants/a_My courses' is clicked on

2022-01-14 22:29:51 - [MESSAGE][PASSED] - Object: 'Object Repository/Page_TA Participants/a_My courses' is clicked on

2022-01-14 22:29:51 - [TEST_STEP][PASSED] - click(findTestObject("Object Repository/Page_My courses/span_H quan tri c s d liu")): Object: 'Object Repository/Page_My courses/span_H quan tri c s d liu' is clicked on

2022-01-14 22:29:53 - [MESSAGE][PASSED] - Object: 'Object Repository/Page_My courses/span_H quan tri c s d liu' is clicked on

2022-01-14 22:29:53 - [TEST_STEP][PASSED] - click(findTestObject("Object Repository/Page_Course H quan tri c s d liu/a_Participants")): Object: 'Object Repository/Page_Course H quan tri c s d liu/a_Participants' is clicked on

2022-01-14 22:29:55 - [MESSAGE][PASSED] - Object: 'Object Repository/Page_Course H quan tri c s d liu/a_Participants' is clicked on

2022-01-14 22:29:55 - [TEST_STEP][PASSED] - click(findTestObject("Object Repository/Page_HQTCSDL Participants/i_Active_icon fa fa-trash fa-fw")): Object: 'Object Repository/Page_HQTCSDL Participants/i_Active_icon fa fa-trash fa-fw' is clicked on

2022-01-14 22:29:55 - [MESSAGE][PASSED] - Object: 'Object Repository/Page_HQTCSDL Participants/i_Active_icon fa fa-trash fa-fw' is clicked on

2022-01-14 22:29:55 - [TEST_STEP][PASSED] - click(findTestObject("Object Repository/Page_HQTCSDL Participants/button_Unenrol")): Object: 'Object Repository/Page_HQTCSDL Participants/button_Unenrol' is clicked on

2022-01-14 22:29:56 - [MESSAGE][PASSED] - Object: 'Object Repository/Page_HQTCSDL Participants/button_Unenrol' is clicked on

2022-01-14 22:29:56 - [TEST_STEP][PASSED] - click(findTestObject("Object Repository/Page_HQTCSDL Participants/a_AU")): Object: 'Object Repository/Page_HQTCSDL Participants/a_AU' is clicked on

2022-01-14 22:29:57 - [MESSAGE][PASSED] - Object: 'Object Repository/Page_HQTCSDL Participants/a_AU' is clicked on

2022-01-14 22:29:57 - [TEST_STEP][PASSED] - click(findTestObject("Object Repository/Page_HQTCSDL Participants/a_Log out")): Object: 'Object Repository/Page_HQTCSDL Participants/a_Log out' is clicked on

2022-01-14 22:29:58 - [MESSAGE][PASSED] - Object: 'Object Repository/Page_HQTCSDL Participants/a_Log out' is clicked on

2022-01-14 22:29:58 - [TEST_STEP][PASSED] - closeBrowser(): Browser is closed

2022-01-14 22:29:59 - [MESSAGE][PASSED] - Browser is closed]]></system-out>
         <system-err><![CDATA[]]></system-err>
      </testcase>
      <testcase name="Test Cases/Edit Mode Home - ADMIN" time="39.454" classname="Test Cases/Edit Mode Home - ADMIN" status="PASSED">
         <system-out><![CDATA[2022-01-14 22:29:59 - [TEST_CASE][PASSED] - Test Cases/Edit Mode Home - ADMIN: Test Cases/Edit Mode Home - ADMIN

2022-01-14 22:29:59 - [TEST_STEP][PASSED] - openBrowser(""): Browser is opened with url: ''

2022-01-14 22:29:59 - [MESSAGE][INFO] - Starting 'Edge Chromium' driver

2022-01-14 22:30:01 - [MESSAGE][INFO] - Action delay is set to 0 milliseconds

2022-01-14 22:30:02 - [MESSAGE][PASSED] - Browser is opened with url: ''

2022-01-14 22:30:02 - [TEST_STEP][PASSED] - navigateToUrl("http://localhost/"): Navigate to 'http://localhost/' successfully

2022-01-14 22:30:04 - [MESSAGE][PASSED] - Navigate to 'http://localhost/' successfully

2022-01-14 22:30:04 - [TEST_STEP][PASSED] - click(findTestObject("Page_Home page/a_Log in")): Object: 'Object Repository/Page_Home page/a_Log in' is clicked on

2022-01-14 22:30:05 - [MESSAGE][PASSED] - Object: 'Object Repository/Page_Home page/a_Log in' is clicked on

2022-01-14 22:30:05 - [TEST_STEP][PASSED] - setText(findTestObject("Page_Home page Log in to the site/input_Username_username"), "admin"): Text 'admin' is set on object 'Object Repository/Page_Home page Log in to the site/input_Username_username'

2022-01-14 22:30:05 - [MESSAGE][PASSED] - Text 'admin' is set on object 'Object Repository/Page_Home page Log in to the site/input_Username_username'

2022-01-14 22:30:05 - [TEST_STEP][PASSED] - setEncryptedText(findTestObject("Page_Home page Log in to the site/input_Password_password"), "OFhcon1PzObx3ErJAwGfGA=="): Text ****** has been set on object 'Object Repository/Page_Home page Log in to the site/input_Password_password'

2022-01-14 22:30:06 - [MESSAGE][PASSED] - Text ****** has been set on object 'Object Repository/Page_Home page Log in to the site/input_Password_password'

2022-01-14 22:30:06 - [TEST_STEP][PASSED] - click(findTestObject("Page_Home page Log in to the site/button_Log in")): Object: 'Object Repository/Page_Home page Log in to the site/button_Log in' is clicked on

2022-01-14 22:30:07 - [MESSAGE][PASSED] - Object: 'Object Repository/Page_Home page Log in to the site/button_Log in' is clicked on

2022-01-14 22:30:07 - [TEST_STEP][PASSED] - click(findTestObject("forum/Page_Dashboard/a_Home")): Object: 'Object Repository/forum/Page_Dashboard/a_Home' is clicked on

2022-01-14 22:30:09 - [MESSAGE][PASSED] - Object: 'Object Repository/forum/Page_Dashboard/a_Home' is clicked on

2022-01-14 22:30:09 - [TEST_STEP][PASSED] - click(findTestObject("Object Repository/forum/Page_Home page/input_Edit mode_setmode")): Object: 'Object Repository/forum/Page_Home page/input_Edit mode_setmode' is clicked on

2022-01-14 22:30:10 - [MESSAGE][PASSED] - Object: 'Object Repository/forum/Page_Home page/input_Edit mode_setmode' is clicked on

2022-01-14 22:30:10 - [TEST_STEP][PASSED] - click(findTestObject("Object Repository/forum/Page_Home page/span_Add an activity or resource")): Object: 'Object Repository/forum/Page_Home page/span_Add an activity or resource' is clicked on

2022-01-14 22:30:12 - [MESSAGE][PASSED] - Object: 'Object Repository/forum/Page_Home page/span_Add an activity or resource' is clicked on

2022-01-14 22:30:12 - [TEST_STEP][PASSED] - click(findTestObject("Object Repository/forum/Page_Home page/div_Forum")): Object: 'Object Repository/forum/Page_Home page/div_Forum' is clicked on

2022-01-14 22:30:15 - [MESSAGE][PASSED] - Object: 'Object Repository/forum/Page_Home page/div_Forum' is clicked on

2022-01-14 22:30:15 - [TEST_STEP][PASSED] - setText(findTestObject("Object Repository/forum/Page_Editing Forum/input_Forum name_name"), "Forum test"): Text 'Forum test' is set on object 'Object Repository/forum/Page_Editing Forum/input_Forum name_name'

2022-01-14 22:30:16 - [MESSAGE][PASSED] - Text 'Forum test' is set on object 'Object Repository/forum/Page_Editing Forum/input_Forum name_name'

2022-01-14 22:30:16 - [TEST_STEP][PASSED] - click(findTestObject("Object Repository/forum/Page_Editing Forum/input_Send content change notification_subm_37cbed")): Object: 'Object Repository/forum/Page_Editing Forum/input_Send content change notification_subm_37cbed' is clicked on

2022-01-14 22:30:18 - [MESSAGE][PASSED] - Object: 'Object Repository/forum/Page_Editing Forum/input_Send content change notification_subm_37cbed' is clicked on

2022-01-14 22:30:18 - [TEST_STEP][PASSED] - click(findTestObject("Object Repository/forum/Page_Forum test/a_Home")): Object: 'Object Repository/forum/Page_Forum test/a_Home' is clicked on

2022-01-14 22:30:19 - [MESSAGE][PASSED] - Object: 'Object Repository/forum/Page_Forum test/a_Home' is clicked on

2022-01-14 22:30:19 - [TEST_STEP][PASSED] - click(findTestObject("Object Repository/forum/Page_Home page/a_Forum test")): Object: 'Object Repository/forum/Page_Home page/a_Forum test' is clicked on

2022-01-14 22:30:21 - [MESSAGE][PASSED] - Object: 'Object Repository/forum/Page_Home page/a_Forum test' is clicked on

2022-01-14 22:30:21 - [TEST_STEP][PASSED] - click(findTestObject("Object Repository/forum/Page_Forum test/a_Add discussion topic")): Object: 'Object Repository/forum/Page_Forum test/a_Add discussion topic' is clicked on

2022-01-14 22:30:22 - [MESSAGE][PASSED] - Object: 'Object Repository/forum/Page_Forum test/a_Add discussion topic' is clicked on

2022-01-14 22:30:22 - [TEST_STEP][PASSED] - setText(findTestObject("Object Repository/forum/Page_Forum test/input_Subject_subject"), "hello"): Text 'hello' is set on object 'Object Repository/forum/Page_Forum test/input_Subject_subject'

2022-01-14 22:30:23 - [MESSAGE][PASSED] - Text 'hello' is set on object 'Object Repository/forum/Page_Forum test/input_Subject_subject'

2022-01-14 22:30:23 - [TEST_STEP][PASSED] - click(findTestObject("Object Repository/forum/Page_Forum test/p")): Object: 'Object Repository/forum/Page_Forum test/p' is clicked on

2022-01-14 22:30:23 - [MESSAGE][PASSED] - Object: 'Object Repository/forum/Page_Forum test/p' is clicked on

2022-01-14 22:30:23 - [TEST_STEP][PASSED] - setText(findTestObject("forum/Page_Forum test/div_Rich text editor_id_messageeditable"), "hello"): Text 'hello' is set on object 'Object Repository/forum/Page_Forum test/div_Rich text editor_id_messageeditable'

2022-01-14 22:30:24 - [MESSAGE][PASSED] - Text 'hello' is set on object 'Object Repository/forum/Page_Forum test/div_Rich text editor_id_messageeditable'

2022-01-14 22:30:24 - [TEST_STEP][PASSED] - click(findTestObject("Object Repository/forum/Page_Forum test/input_Rich text editor_submitbutton")): Object: 'Object Repository/forum/Page_Forum test/input_Rich text editor_submitbutton' is clicked on

2022-01-14 22:30:26 - [MESSAGE][PASSED] - Object: 'Object Repository/forum/Page_Forum test/input_Rich text editor_submitbutton' is clicked on

2022-01-14 22:30:26 - [TEST_STEP][PASSED] - click(findTestObject("Object Repository/forum/Page_Forum test/a_Home_1")): Object: 'Object Repository/forum/Page_Forum test/a_Home_1' is clicked on

2022-01-14 22:30:27 - [MESSAGE][PASSED] - Object: 'Object Repository/forum/Page_Forum test/a_Home_1' is clicked on

2022-01-14 22:30:27 - [TEST_STEP][PASSED] - click(findTestObject("Object Repository/forum/Page_Home page/a_Forum test_1")): Object: 'Object Repository/forum/Page_Home page/a_Forum test_1' is clicked on

2022-01-14 22:30:29 - [MESSAGE][PASSED] - Object: 'Object Repository/forum/Page_Home page/a_Forum test_1' is clicked on

2022-01-14 22:30:29 - [TEST_STEP][PASSED] - click(findTestObject("Object Repository/forum/Page_Forum test/a_Site announcements")): Object: 'Object Repository/forum/Page_Forum test/a_Site announcements' is clicked on

2022-01-14 22:30:31 - [MESSAGE][PASSED] - Object: 'Object Repository/forum/Page_Forum test/a_Site announcements' is clicked on

2022-01-14 22:30:31 - [TEST_STEP][PASSED] - click(findTestObject("Object Repository/forum/Page_Site announcements/a_Home")): Object: 'Object Repository/forum/Page_Site announcements/a_Home' is clicked on

2022-01-14 22:30:33 - [MESSAGE][PASSED] - Object: 'Object Repository/forum/Page_Site announcements/a_Home' is clicked on

2022-01-14 22:30:33 - [TEST_STEP][PASSED] - click(findTestObject("Object Repository/forum/Page_Home page/i_Forum test_icon fa fa-ellipsis-v fa-fw")): Object: 'Object Repository/forum/Page_Home page/i_Forum test_icon fa fa-ellipsis-v fa-fw' is clicked on

2022-01-14 22:30:34 - [MESSAGE][PASSED] - Object: 'Object Repository/forum/Page_Home page/i_Forum test_icon fa fa-ellipsis-v fa-fw' is clicked on

2022-01-14 22:30:34 - [TEST_STEP][PASSED] - click(findTestObject("Object Repository/forum/Page_Home page/span_Delete")): Object: 'Object Repository/forum/Page_Home page/span_Delete' is clicked on

2022-01-14 22:30:34 - [MESSAGE][PASSED] - Object: 'Object Repository/forum/Page_Home page/span_Delete' is clicked on

2022-01-14 22:30:34 - [TEST_STEP][PASSED] - click(findTestObject("Object Repository/forum/Page_Home page/button_Yes")): Object: 'Object Repository/forum/Page_Home page/button_Yes' is clicked on

2022-01-14 22:30:35 - [MESSAGE][PASSED] - Object: 'Object Repository/forum/Page_Home page/button_Yes' is clicked on

2022-01-14 22:30:35 - [TEST_STEP][PASSED] - click(findTestObject("Object Repository/forum/Page_Home page/a_AU")): Object: 'Object Repository/forum/Page_Home page/a_AU' is clicked on

2022-01-14 22:30:36 - [MESSAGE][PASSED] - Object: 'Object Repository/forum/Page_Home page/a_AU' is clicked on

2022-01-14 22:30:36 - [TEST_STEP][PASSED] - click(findTestObject("Object Repository/forum/Page_Home page/a_Log out")): Object: 'Object Repository/forum/Page_Home page/a_Log out' is clicked on

2022-01-14 22:30:37 - [MESSAGE][PASSED] - Object: 'Object Repository/forum/Page_Home page/a_Log out' is clicked on

2022-01-14 22:30:37 - [TEST_STEP][PASSED] - closeBrowser(): Browser is closed

2022-01-14 22:30:38 - [MESSAGE][PASSED] - Browser is closed]]></system-out>
         <system-err><![CDATA[]]></system-err>
      </testcase>
      <testcase name="Test Cases/Edit Mode on Dashboard - ADMIN" time="45.023" classname="Test Cases/Edit Mode on Dashboard - ADMIN" status="FAILED">
         <failure type="FAILED" message="Test Cases/Edit Mode on Dashboard - ADMIN FAILED.
Reason:
com.kms.katalon.core.exception.StepFailedException: Unable to click on object 'Object Repository/forum/Page_Dashboard/i_Online users_yui_3_17_2_1_1642063098227_327'
	at com.kms.katalon.core.webui.keyword.internal.WebUIKeywordMain.stepFailed(WebUIKeywordMain.groovy:64)
	at com.kms.katalon.core.webui.keyword.internal.WebUIKeywordMain.runKeyword(WebUIKeywordMain.groovy:26)
	at com.kms.katalon.core.webui.keyword.builtin.ClickKeyword.click(ClickKeyword.groovy:74)
	at com.kms.katalon.core.webui.keyword.builtin.ClickKeyword.execute(ClickKeyword.groovy:40)
	at com.kms.katalon.core.keyword.internal.KeywordExecutor.executeKeywordForPlatform(KeywordExecutor.groovy:74)
	at com.kms.katalon.core.webui.keyword.WebUiBuiltInKeywords.click(WebUiBuiltInKeywords.groovy:620)
	at com.kms.katalon.core.webui.keyword.WebUiBuiltInKeywords$click$1.call(Unknown Source)
	at Edit Mode on Dashboard - ADMIN.run(Edit Mode on Dashboard - ADMIN:40)
	at com.kms.katalon.core.main.ScriptEngine.run(ScriptEngine.java:194)
	at com.kms.katalon.core.main.ScriptEngine.runScriptAsRawText(ScriptEngine.java:119)
	at com.kms.katalon.core.main.TestCaseExecutor.runScript(TestCaseExecutor.java:442)
	at com.kms.katalon.core.main.TestCaseExecutor.doExecute(TestCaseExecutor.java:433)
	at com.kms.katalon.core.main.TestCaseExecutor.processExecutionPhase(TestCaseExecutor.java:412)
	at com.kms.katalon.core.main.TestCaseExecutor.accessMainPhase(TestCaseExecutor.java:404)
	at com.kms.katalon.core.main.TestCaseExecutor.execute(TestCaseExecutor.java:281)
	at com.kms.katalon.core.main.TestSuiteExecutor.accessTestCaseMainPhase(TestSuiteExecutor.java:202)
	at com.kms.katalon.core.main.TestSuiteExecutor.accessTestSuiteMainPhase(TestSuiteExecutor.java:164)
	at com.kms.katalon.core.main.TestSuiteExecutor.execute(TestSuiteExecutor.java:105)
	at com.kms.katalon.core.main.TestCaseMain.startTestSuite(TestCaseMain.java:181)
	at com.kms.katalon.core.main.TestCaseMain$startTestSuite$0.call(Unknown Source)
	at TempTestSuite1642173476753.run(TempTestSuite1642173476753.groovy:36)
Caused by: com.kms.katalon.core.webui.exception.WebElementNotFoundException: Web element with id: 'Object Repository/forum/Page_Dashboard/i_Online users_yui_3_17_2_1_1642063098227_327' located by '//section[3]/div/div/div/div/div/span/i' not found
	at com.kms.katalon.core.webui.common.WebUiCommonHelper.findWebElement(WebUiCommonHelper.java:1368)
	at com.kms.katalon.core.webui.keyword.internal.WebUIAbstractKeyword.findWebElement(WebUIAbstractKeyword.groovy:27)
	at com.kms.katalon.core.webui.keyword.builtin.ClickKeyword$_click_closure1.doCall(ClickKeyword.groovy:65)
	at com.kms.katalon.core.webui.keyword.builtin.ClickKeyword$_click_closure1.call(ClickKeyword.groovy)
	at com.kms.katalon.core.webui.keyword.internal.WebUIKeywordMain.runKeyword(WebUIKeywordMain.groovy:20)
	... 19 more
"/>
         <system-out><![CDATA[2022-01-14 22:30:38 - [TEST_CASE][FAILED] - Test Cases/Edit Mode on Dashboard - ADMIN: Test Cases/Edit Mode on Dashboard - ADMIN FAILED.
Reason:
com.kms.katalon.core.exception.StepFailedException: Unable to click on object 'Object Repository/forum/Page_Dashboard/i_Online users_yui_3_17_2_1_1642063098227_327'
	at com.kms.katalon.core.webui.keyword.internal.WebUIKeywordMain.stepFailed(WebUIKeywordMain.groovy:64)
	at com.kms.katalon.core.webui.keyword.internal.WebUIKeywordMain.runKeyword(WebUIKeywordMain.groovy:26)
	at com.kms.katalon.core.webui.keyword.builtin.ClickKeyword.click(ClickKeyword.groovy:74)
	at com.kms.katalon.core.webui.keyword.builtin.ClickKeyword.execute(ClickKeyword.groovy:40)
	at com.kms.katalon.core.keyword.internal.KeywordExecutor.executeKeywordForPlatform(KeywordExecutor.groovy:74)
	at com.kms.katalon.core.webui.keyword.WebUiBuiltInKeywords.click(WebUiBuiltInKeywords.groovy:620)
	at com.kms.katalon.core.webui.keyword.WebUiBuiltInKeywords$click$1.call(Unknown Source)
	at Edit Mode on Dashboard - ADMIN.run(Edit Mode on Dashboard - ADMIN:40)
	at com.kms.katalon.core.main.ScriptEngine.run(ScriptEngine.java:194)
	at com.kms.katalon.core.main.ScriptEngine.runScriptAsRawText(ScriptEngine.java:119)
	at com.kms.katalon.core.main.TestCaseExecutor.runScript(TestCaseExecutor.java:442)
	at com.kms.katalon.core.main.TestCaseExecutor.doExecute(TestCaseExecutor.java:433)
	at com.kms.katalon.core.main.TestCaseExecutor.processExecutionPhase(TestCaseExecutor.java:412)
	at com.kms.katalon.core.main.TestCaseExecutor.accessMainPhase(TestCaseExecutor.java:404)
	at com.kms.katalon.core.main.TestCaseExecutor.execute(TestCaseExecutor.java:281)
	at com.kms.katalon.core.main.TestSuiteExecutor.accessTestCaseMainPhase(TestSuiteExecutor.java:202)
	at com.kms.katalon.core.main.TestSuiteExecutor.accessTestSuiteMainPhase(TestSuiteExecutor.java:164)
	at com.kms.katalon.core.main.TestSuiteExecutor.execute(TestSuiteExecutor.java:105)
	at com.kms.katalon.core.main.TestCaseMain.startTestSuite(TestCaseMain.java:181)
	at com.kms.katalon.core.main.TestCaseMain$startTestSuite$0.call(Unknown Source)
	at TempTestSuite1642173476753.run(TempTestSuite1642173476753.groovy:36)
Caused by: com.kms.katalon.core.webui.exception.WebElementNotFoundException: Web element with id: 'Object Repository/forum/Page_Dashboard/i_Online users_yui_3_17_2_1_1642063098227_327' located by '//section[3]/div/div/div/div/div/span/i' not found
	at com.kms.katalon.core.webui.common.WebUiCommonHelper.findWebElement(WebUiCommonHelper.java:1368)
	at com.kms.katalon.core.webui.keyword.internal.WebUIAbstractKeyword.findWebElement(WebUIAbstractKeyword.groovy:27)
	at com.kms.katalon.core.webui.keyword.builtin.ClickKeyword$_click_closure1.doCall(ClickKeyword.groovy:65)
	at com.kms.katalon.core.webui.keyword.builtin.ClickKeyword$_click_closure1.call(ClickKeyword.groovy)
	at com.kms.katalon.core.webui.keyword.internal.WebUIKeywordMain.runKeyword(WebUIKeywordMain.groovy:20)
	... 19 more


2022-01-14 22:30:38 - [TEST_STEP][PASSED] - openBrowser(""): Browser is opened with url: ''

2022-01-14 22:30:38 - [MESSAGE][INFO] - Starting 'Edge Chromium' driver

2022-01-14 22:30:41 - [MESSAGE][INFO] - Action delay is set to 0 milliseconds

2022-01-14 22:30:41 - [MESSAGE][PASSED] - Browser is opened with url: ''

2022-01-14 22:30:41 - [TEST_STEP][PASSED] - maximizeWindow(): Current window maximized

2022-01-14 22:30:42 - [MESSAGE][PASSED] - Current window maximized

2022-01-14 22:30:42 - [TEST_STEP][PASSED] - navigateToUrl("http://localhost/"): Navigate to 'http://localhost/' successfully

2022-01-14 22:30:42 - [MESSAGE][PASSED] - Navigate to 'http://localhost/' successfully

2022-01-14 22:30:42 - [TEST_STEP][PASSED] - click(findTestObject("Page_Home page/a_Log in")): Object: 'Object Repository/Page_Home page/a_Log in' is clicked on

2022-01-14 22:30:43 - [MESSAGE][PASSED] - Object: 'Object Repository/Page_Home page/a_Log in' is clicked on

2022-01-14 22:30:43 - [TEST_STEP][PASSED] - setText(findTestObject("Page_Home page Log in to the site/input_Username_username"), "admin"): Text 'admin' is set on object 'Object Repository/Page_Home page Log in to the site/input_Username_username'

2022-01-14 22:30:44 - [MESSAGE][PASSED] - Text 'admin' is set on object 'Object Repository/Page_Home page Log in to the site/input_Username_username'

2022-01-14 22:30:44 - [TEST_STEP][PASSED] - setEncryptedText(findTestObject("Page_Home page Log in to the site/input_Password_password"), "OFhcon1PzObx3ErJAwGfGA=="): Text ****** has been set on object 'Object Repository/Page_Home page Log in to the site/input_Password_password'

2022-01-14 22:30:45 - [MESSAGE][PASSED] - Text ****** has been set on object 'Object Repository/Page_Home page Log in to the site/input_Password_password'

2022-01-14 22:30:45 - [TEST_STEP][PASSED] - click(findTestObject("Page_Home page Log in to the site/button_Log in")): Object: 'Object Repository/Page_Home page Log in to the site/button_Log in' is clicked on

2022-01-14 22:30:46 - [MESSAGE][PASSED] - Object: 'Object Repository/Page_Home page Log in to the site/button_Log in' is clicked on

2022-01-14 22:30:46 - [TEST_STEP][PASSED] - click(findTestObject("Object Repository/forum/Page_Dashboard/input_Edit mode_setmode")): Object: 'Object Repository/forum/Page_Dashboard/input_Edit mode_setmode' is clicked on

2022-01-14 22:30:47 - [MESSAGE][PASSED] - Object: 'Object Repository/forum/Page_Dashboard/input_Edit mode_setmode' is clicked on

2022-01-14 22:30:47 - [TEST_STEP][PASSED] - click(findTestObject("Object Repository/forum/Page_Dashboard/a_Add a block")): Object: 'Object Repository/forum/Page_Dashboard/a_Add a block' is clicked on

2022-01-14 22:30:49 - [MESSAGE][PASSED] - Object: 'Object Repository/forum/Page_Dashboard/a_Add a block' is clicked on

2022-01-14 22:30:49 - [TEST_STEP][PASSED] - click(findTestObject("Object Repository/forum/Page_Dashboard/a_Online users")): Object: 'Object Repository/forum/Page_Dashboard/a_Online users' is clicked on

2022-01-14 22:30:51 - [MESSAGE][PASSED] - Object: 'Object Repository/forum/Page_Dashboard/a_Online users' is clicked on

2022-01-14 22:30:51 - [TEST_STEP][FAILED] - click(findTestObject("Object Repository/forum/Page_Dashboard/i_Online users_yui_3_17_2_1_1642063098227_327")): Unable to click on object 'Object Repository/forum/Page_Dashboard/i_Online users_yui_3_17_2_1_1642063098227_327' (Root cause: com.kms.katalon.core.exception.StepFailedException: Unable to click on object 'Object Repository/forum/Page_Dashboard/i_Online users_yui_3_17_2_1_1642063098227_327'
	at com.kms.katalon.core.webui.keyword.internal.WebUIKeywordMain.stepFailed(WebUIKeywordMain.groovy:64)
	at com.kms.katalon.core.webui.keyword.internal.WebUIKeywordMain.runKeyword(WebUIKeywordMain.groovy:26)
	at com.kms.katalon.core.webui.keyword.builtin.ClickKeyword.click(ClickKeyword.groovy:74)
	at com.kms.katalon.core.webui.keyword.builtin.ClickKeyword.execute(ClickKeyword.groovy:40)
	at com.kms.katalon.core.keyword.internal.KeywordExecutor.executeKeywordForPlatform(KeywordExecutor.groovy:74)
	at com.kms.katalon.core.webui.keyword.WebUiBuiltInKeywords.click(WebUiBuiltInKeywords.groovy:620)
	at com.kms.katalon.core.webui.keyword.WebUiBuiltInKeywords$click$1.call(Unknown Source)
	at Edit Mode on Dashboard - ADMIN.run(Edit Mode on Dashboard - ADMIN:40)
	at com.kms.katalon.core.main.ScriptEngine.run(ScriptEngine.java:194)
	at com.kms.katalon.core.main.ScriptEngine.runScriptAsRawText(ScriptEngine.java:119)
	at com.kms.katalon.core.main.TestCaseExecutor.runScript(TestCaseExecutor.java:442)
	at com.kms.katalon.core.main.TestCaseExecutor.doExecute(TestCaseExecutor.java:433)
	at com.kms.katalon.core.main.TestCaseExecutor.processExecutionPhase(TestCaseExecutor.java:412)
	at com.kms.katalon.core.main.TestCaseExecutor.accessMainPhase(TestCaseExecutor.java:404)
	at com.kms.katalon.core.main.TestCaseExecutor.execute(TestCaseExecutor.java:281)
	at com.kms.katalon.core.main.TestSuiteExecutor.accessTestCaseMainPhase(TestSuiteExecutor.java:202)
	at com.kms.katalon.core.main.TestSuiteExecutor.accessTestSuiteMainPhase(TestSuiteExecutor.java:164)
	at com.kms.katalon.core.main.TestSuiteExecutor.execute(TestSuiteExecutor.java:105)
	at com.kms.katalon.core.main.TestCaseMain.startTestSuite(TestCaseMain.java:181)
	at com.kms.katalon.core.main.TestCaseMain$startTestSuite$0.call(Unknown Source)
	at TempTestSuite1642173476753.run(TempTestSuite1642173476753.groovy:36)
Caused by: com.kms.katalon.core.webui.exception.WebElementNotFoundException: Web element with id: 'Object Repository/forum/Page_Dashboard/i_Online users_yui_3_17_2_1_1642063098227_327' located by '//section[3]/div/div/div/div/div/span/i' not found
	at com.kms.katalon.core.webui.common.WebUiCommonHelper.findWebElement(WebUiCommonHelper.java:1368)
	at com.kms.katalon.core.webui.keyword.internal.WebUIAbstractKeyword.findWebElement(WebUIAbstractKeyword.groovy:27)
	at com.kms.katalon.core.webui.keyword.builtin.ClickKeyword$_click_closure1.doCall(ClickKeyword.groovy:65)
	at com.kms.katalon.core.webui.keyword.builtin.ClickKeyword$_click_closure1.call(ClickKeyword.groovy)
	at com.kms.katalon.core.webui.keyword.internal.WebUIKeywordMain.runKeyword(WebUIKeywordMain.groovy:20)
	at com.kms.katalon.core.webui.keyword.builtin.ClickKeyword.click(ClickKeyword.groovy:74)
	at com.kms.katalon.core.webui.keyword.builtin.ClickKeyword.execute(ClickKeyword.groovy:40)
	at com.kms.katalon.core.keyword.internal.KeywordExecutor.executeKeywordForPlatform(KeywordExecutor.groovy:74)
	at com.kms.katalon.core.webui.keyword.WebUiBuiltInKeywords.click(WebUiBuiltInKeywords.groovy:620)
	at com.kms.katalon.core.webui.keyword.WebUiBuiltInKeywords$click$1.call(Unknown Source)
	at Script1642063263421.run(Script1642063263421.groovy:40)
	... 13 more
)

2022-01-14 22:31:22 - [MESSAGE][INFO] - Unable to find the element located by 'By.xpath: //section[3]/div/div/div/div/div/span/i'. Please recheck the objects properties to make sure the desired element is located. 

2022-01-14 22:31:23 - [MESSAGE][FAILED] - Unable to click on object 'Object Repository/forum/Page_Dashboard/i_Online users_yui_3_17_2_1_1642063098227_327' (Root cause: com.kms.katalon.core.exception.StepFailedException: Unable to click on object 'Object Repository/forum/Page_Dashboard/i_Online users_yui_3_17_2_1_1642063098227_327'
	at com.kms.katalon.core.webui.keyword.internal.WebUIKeywordMain.stepFailed(WebUIKeywordMain.groovy:64)
	at com.kms.katalon.core.webui.keyword.internal.WebUIKeywordMain.runKeyword(WebUIKeywordMain.groovy:26)
	at com.kms.katalon.core.webui.keyword.builtin.ClickKeyword.click(ClickKeyword.groovy:74)
	at com.kms.katalon.core.webui.keyword.builtin.ClickKeyword.execute(ClickKeyword.groovy:40)
	at com.kms.katalon.core.keyword.internal.KeywordExecutor.executeKeywordForPlatform(KeywordExecutor.groovy:74)
	at com.kms.katalon.core.webui.keyword.WebUiBuiltInKeywords.click(WebUiBuiltInKeywords.groovy:620)
	at com.kms.katalon.core.webui.keyword.WebUiBuiltInKeywords$click$1.call(Unknown Source)
	at Edit Mode on Dashboard - ADMIN.run(Edit Mode on Dashboard - ADMIN:40)
	at com.kms.katalon.core.main.ScriptEngine.run(ScriptEngine.java:194)
	at com.kms.katalon.core.main.ScriptEngine.runScriptAsRawText(ScriptEngine.java:119)
	at com.kms.katalon.core.main.TestCaseExecutor.runScript(TestCaseExecutor.java:442)
	at com.kms.katalon.core.main.TestCaseExecutor.doExecute(TestCaseExecutor.java:433)
	at com.kms.katalon.core.main.TestCaseExecutor.processExecutionPhase(TestCaseExecutor.java:412)
	at com.kms.katalon.core.main.TestCaseExecutor.accessMainPhase(TestCaseExecutor.java:404)
	at com.kms.katalon.core.main.TestCaseExecutor.execute(TestCaseExecutor.java:281)
	at com.kms.katalon.core.main.TestSuiteExecutor.accessTestCaseMainPhase(TestSuiteExecutor.java:202)
	at com.kms.katalon.core.main.TestSuiteExecutor.accessTestSuiteMainPhase(TestSuiteExecutor.java:164)
	at com.kms.katalon.core.main.TestSuiteExecutor.execute(TestSuiteExecutor.java:105)
	at com.kms.katalon.core.main.TestCaseMain.startTestSuite(TestCaseMain.java:181)
	at com.kms.katalon.core.main.TestCaseMain$startTestSuite$0.call(Unknown Source)
	at TempTestSuite1642173476753.run(TempTestSuite1642173476753.groovy:36)
Caused by: com.kms.katalon.core.webui.exception.WebElementNotFoundException: Web element with id: 'Object Repository/forum/Page_Dashboard/i_Online users_yui_3_17_2_1_1642063098227_327' located by '//section[3]/div/div/div/div/div/span/i' not found
	at com.kms.katalon.core.webui.common.WebUiCommonHelper.findWebElement(WebUiCommonHelper.java:1368)
	at com.kms.katalon.core.webui.keyword.internal.WebUIAbstractKeyword.findWebElement(WebUIAbstractKeyword.groovy:27)
	at com.kms.katalon.core.webui.keyword.builtin.ClickKeyword$_click_closure1.doCall(ClickKeyword.groovy:65)
	at com.kms.katalon.core.webui.keyword.builtin.ClickKeyword$_click_closure1.call(ClickKeyword.groovy)
	at com.kms.katalon.core.webui.keyword.internal.WebUIKeywordMain.runKeyword(WebUIKeywordMain.groovy:20)
	at com.kms.katalon.core.webui.keyword.builtin.ClickKeyword.click(ClickKeyword.groovy:74)
	at com.kms.katalon.core.webui.keyword.builtin.ClickKeyword.execute(ClickKeyword.groovy:40)
	at com.kms.katalon.core.keyword.internal.KeywordExecutor.executeKeywordForPlatform(KeywordExecutor.groovy:74)
	at com.kms.katalon.core.webui.keyword.WebUiBuiltInKeywords.click(WebUiBuiltInKeywords.groovy:620)
	at com.kms.katalon.core.webui.keyword.WebUiBuiltInKeywords$click$1.call(Unknown Source)
	at Script1642063263421.run(Script1642063263421.groovy:40)
	... 13 more
)
[[ATTACHMENT|D:\\TestAutomation-SEBonus-Group10\\Test Automation - SE Bonus\\Reports\\20220114_221756\\Run all test cases\\20220114_221756\\1642174282744.png]]]]></system-out>
         <system-err><![CDATA[2022-01-14 22:30:38 - [TEST_CASE][FAILED] - Test Cases/Edit Mode on Dashboard - ADMIN: Test Cases/Edit Mode on Dashboard - ADMIN FAILED.
Reason:
com.kms.katalon.core.exception.StepFailedException: Unable to click on object 'Object Repository/forum/Page_Dashboard/i_Online users_yui_3_17_2_1_1642063098227_327'
	at com.kms.katalon.core.webui.keyword.internal.WebUIKeywordMain.stepFailed(WebUIKeywordMain.groovy:64)
	at com.kms.katalon.core.webui.keyword.internal.WebUIKeywordMain.runKeyword(WebUIKeywordMain.groovy:26)
	at com.kms.katalon.core.webui.keyword.builtin.ClickKeyword.click(ClickKeyword.groovy:74)
	at com.kms.katalon.core.webui.keyword.builtin.ClickKeyword.execute(ClickKeyword.groovy:40)
	at com.kms.katalon.core.keyword.internal.KeywordExecutor.executeKeywordForPlatform(KeywordExecutor.groovy:74)
	at com.kms.katalon.core.webui.keyword.WebUiBuiltInKeywords.click(WebUiBuiltInKeywords.groovy:620)
	at com.kms.katalon.core.webui.keyword.WebUiBuiltInKeywords$click$1.call(Unknown Source)
	at Edit Mode on Dashboard - ADMIN.run(Edit Mode on Dashboard - ADMIN:40)
	at com.kms.katalon.core.main.ScriptEngine.run(ScriptEngine.java:194)
	at com.kms.katalon.core.main.ScriptEngine.runScriptAsRawText(ScriptEngine.java:119)
	at com.kms.katalon.core.main.TestCaseExecutor.runScript(TestCaseExecutor.java:442)
	at com.kms.katalon.core.main.TestCaseExecutor.doExecute(TestCaseExecutor.java:433)
	at com.kms.katalon.core.main.TestCaseExecutor.processExecutionPhase(TestCaseExecutor.java:412)
	at com.kms.katalon.core.main.TestCaseExecutor.accessMainPhase(TestCaseExecutor.java:404)
	at com.kms.katalon.core.main.TestCaseExecutor.execute(TestCaseExecutor.java:281)
	at com.kms.katalon.core.main.TestSuiteExecutor.accessTestCaseMainPhase(TestSuiteExecutor.java:202)
	at com.kms.katalon.core.main.TestSuiteExecutor.accessTestSuiteMainPhase(TestSuiteExecutor.java:164)
	at com.kms.katalon.core.main.TestSuiteExecutor.execute(TestSuiteExecutor.java:105)
	at com.kms.katalon.core.main.TestCaseMain.startTestSuite(TestCaseMain.java:181)
	at com.kms.katalon.core.main.TestCaseMain$startTestSuite$0.call(Unknown Source)
	at TempTestSuite1642173476753.run(TempTestSuite1642173476753.groovy:36)
Caused by: com.kms.katalon.core.webui.exception.WebElementNotFoundException: Web element with id: 'Object Repository/forum/Page_Dashboard/i_Online users_yui_3_17_2_1_1642063098227_327' located by '//section[3]/div/div/div/div/div/span/i' not found
	at com.kms.katalon.core.webui.common.WebUiCommonHelper.findWebElement(WebUiCommonHelper.java:1368)
	at com.kms.katalon.core.webui.keyword.internal.WebUIAbstractKeyword.findWebElement(WebUIAbstractKeyword.groovy:27)
	at com.kms.katalon.core.webui.keyword.builtin.ClickKeyword$_click_closure1.doCall(ClickKeyword.groovy:65)
	at com.kms.katalon.core.webui.keyword.builtin.ClickKeyword$_click_closure1.call(ClickKeyword.groovy)
	at com.kms.katalon.core.webui.keyword.internal.WebUIKeywordMain.runKeyword(WebUIKeywordMain.groovy:20)
	... 19 more]]></system-err>
      </testcase>
      <testcase name="Test Cases/Make an announcement" time="20.746" classname="Test Cases/Make an announcement" status="PASSED">
         <system-out><![CDATA[2022-01-14 22:31:23 - [TEST_CASE][PASSED] - Test Cases/Make an announcement: Test Cases/Make an announcement

2022-01-14 22:31:23 - [TEST_STEP][PASSED] - openBrowser(""): Browser is opened with url: ''

2022-01-14 22:31:23 - [MESSAGE][WARNING] - A browser is already opened. Closing browser and opening a new one

2022-01-14 22:31:24 - [MESSAGE][INFO] - Starting 'Edge Chromium' driver

2022-01-14 22:31:26 - [MESSAGE][INFO] - Action delay is set to 0 milliseconds

2022-01-14 22:31:27 - [MESSAGE][PASSED] - Browser is opened with url: ''

2022-01-14 22:31:27 - [TEST_STEP][PASSED] - navigateToUrl("localhost"): Navigate to 'http://localhost' successfully

2022-01-14 22:31:28 - [MESSAGE][PASSED] - Navigate to 'http://localhost' successfully

2022-01-14 22:31:28 - [TEST_STEP][PASSED] - click(findTestObject("Page_Home page/a_Log in")): Object: 'Object Repository/Page_Home page/a_Log in' is clicked on

2022-01-14 22:31:29 - [MESSAGE][PASSED] - Object: 'Object Repository/Page_Home page/a_Log in' is clicked on

2022-01-14 22:31:29 - [TEST_STEP][PASSED] - setText(findTestObject("Page_Home page Log in to the site/input_Username_username"), "teacher1"): Text 'teacher1' is set on object 'Object Repository/Page_Home page Log in to the site/input_Username_username'

2022-01-14 22:31:30 - [MESSAGE][PASSED] - Text 'teacher1' is set on object 'Object Repository/Page_Home page Log in to the site/input_Username_username'

2022-01-14 22:31:30 - [TEST_STEP][PASSED] - setText(findTestObject("Page_Home page Log in to the site/input_Password_password (1)"), "Group_10"): Text 'Group_10' is set on object 'Object Repository/Page_Home page Log in to the site/input_Password_password (1)'

2022-01-14 22:31:31 - [MESSAGE][PASSED] - Text 'Group_10' is set on object 'Object Repository/Page_Home page Log in to the site/input_Password_password (1)'

2022-01-14 22:31:31 - [TEST_STEP][PASSED] - click(findTestObject("Page_Home page Log in to the site/button_Log in")): Object: 'Object Repository/Page_Home page Log in to the site/button_Log in' is clicked on

2022-01-14 22:31:32 - [MESSAGE][PASSED] - Object: 'Object Repository/Page_Home page Log in to the site/button_Log in' is clicked on

2022-01-14 22:31:32 - [TEST_STEP][PASSED] - click(findTestObject("Page_Dashboard/a_My courses (1)")): Object: 'Object Repository/Page_Dashboard/a_My courses (1)' is clicked on

2022-01-14 22:31:34 - [MESSAGE][PASSED] - Object: 'Object Repository/Page_Dashboard/a_My courses (1)' is clicked on

2022-01-14 22:31:34 - [TEST_STEP][PASSED] - click(findTestObject("Page_My courses/span_Test Automation")): Object: 'Object Repository/Page_My courses/span_Test Automation' is clicked on

2022-01-14 22:31:35 - [MESSAGE][PASSED] - Object: 'Object Repository/Page_My courses/span_Test Automation' is clicked on

2022-01-14 22:31:35 - [TEST_STEP][PASSED] - click(findTestObject("Page_Course Test Automation/a_Announcements  Forum")): Object: 'Object Repository/Page_Course Test Automation/a_Announcements  Forum' is clicked on

2022-01-14 22:31:37 - [MESSAGE][PASSED] - Object: 'Object Repository/Page_Course Test Automation/a_Announcements  Forum' is clicked on

2022-01-14 22:31:37 - [TEST_STEP][PASSED] - click(findTestObject("Page_Course Test Automation/Page_Announcements/a_Add discussion topic")): Object: 'Object Repository/Page_Course Test Automation/Page_Announcements/a_Add discussion topic' is clicked on

2022-01-14 22:31:38 - [MESSAGE][PASSED] - Object: 'Object Repository/Page_Course Test Automation/Page_Announcements/a_Add discussion topic' is clicked on

2022-01-14 22:31:38 - [TEST_STEP][PASSED] - setText(findTestObject("Page_Course Test Automation/Page_Announcements/input_Subject_subject"), "Off next week"): Text 'Off next week' is set on object 'Object Repository/Page_Course Test Automation/Page_Announcements/input_Subject_subject'

2022-01-14 22:31:39 - [MESSAGE][PASSED] - Text 'Off next week' is set on object 'Object Repository/Page_Course Test Automation/Page_Announcements/input_Subject_subject'

2022-01-14 22:31:39 - [TEST_STEP][PASSED] - setText(findTestObject("Page_Course Test Automation/Page_Announcements/input_Message"), "Lecturer has a meeting next week"): Text 'Lecturer has a meeting next week' is set on object 'Object Repository/Page_Course Test Automation/Page_Announcements/input_Message'

2022-01-14 22:31:40 - [MESSAGE][PASSED] - Text 'Lecturer has a meeting next week' is set on object 'Object Repository/Page_Course Test Automation/Page_Announcements/input_Message'

2022-01-14 22:31:40 - [TEST_STEP][PASSED] - click(findTestObject("Page_Course Test Automation/Page_Announcements/submitbutton")): Object: 'Object Repository/Page_Course Test Automation/Page_Announcements/submitbutton' is clicked on

2022-01-14 22:31:41 - [MESSAGE][PASSED] - Object: 'Object Repository/Page_Course Test Automation/Page_Announcements/submitbutton' is clicked on

2022-01-14 22:31:41 - [TEST_STEP][PASSED] - click(findTestObject("Page_Dashboard/a_NH")): Object: 'Object Repository/Page_Dashboard/a_NH' is clicked on

2022-01-14 22:31:42 - [MESSAGE][PASSED] - Object: 'Object Repository/Page_Dashboard/a_NH' is clicked on

2022-01-14 22:31:42 - [TEST_STEP][PASSED] - click(findTestObject("Page_Dashboard/a_Log out")): Object: 'Object Repository/Page_Dashboard/a_Log out' is clicked on

2022-01-14 22:31:43 - [MESSAGE][PASSED] - Object: 'Object Repository/Page_Dashboard/a_Log out' is clicked on

2022-01-14 22:31:43 - [TEST_STEP][PASSED] - closeBrowser(): Browser is closed

2022-01-14 22:31:44 - [MESSAGE][PASSED] - Browser is closed]]></system-out>
         <system-err><![CDATA[]]></system-err>
      </testcase>
      <testcase name="Test Cases/Add assignment to course" time="22.712" classname="Test Cases/Add assignment to course" status="PASSED">
         <system-out><![CDATA[2022-01-14 22:31:44 - [TEST_CASE][PASSED] - Test Cases/Add assignment to course: Test Cases/Add assignment to course

2022-01-14 22:31:44 - [TEST_STEP][PASSED] - openBrowser(""): Browser is opened with url: ''

2022-01-14 22:31:44 - [MESSAGE][INFO] - Starting 'Edge Chromium' driver

2022-01-14 22:31:46 - [MESSAGE][INFO] - Action delay is set to 0 milliseconds

2022-01-14 22:31:47 - [MESSAGE][PASSED] - Browser is opened with url: ''

2022-01-14 22:31:47 - [TEST_STEP][PASSED] - navigateToUrl("localhost"): Navigate to 'http://localhost' successfully

2022-01-14 22:31:48 - [MESSAGE][PASSED] - Navigate to 'http://localhost' successfully

2022-01-14 22:31:48 - [TEST_STEP][PASSED] - click(findTestObject("Page_Home page/a_Log in")): Object: 'Object Repository/Page_Home page/a_Log in' is clicked on

2022-01-14 22:31:49 - [MESSAGE][PASSED] - Object: 'Object Repository/Page_Home page/a_Log in' is clicked on

2022-01-14 22:31:49 - [TEST_STEP][PASSED] - setText(findTestObject("Page_Home page Log in to the site/input_Username_username"), "teacher1"): Text 'teacher1' is set on object 'Object Repository/Page_Home page Log in to the site/input_Username_username'

2022-01-14 22:31:50 - [MESSAGE][PASSED] - Text 'teacher1' is set on object 'Object Repository/Page_Home page Log in to the site/input_Username_username'

2022-01-14 22:31:50 - [TEST_STEP][PASSED] - setText(findTestObject("Page_Home page Log in to the site/input_Password_password (1)"), "Group_10"): Text 'Group_10' is set on object 'Object Repository/Page_Home page Log in to the site/input_Password_password (1)'

2022-01-14 22:31:50 - [MESSAGE][PASSED] - Text 'Group_10' is set on object 'Object Repository/Page_Home page Log in to the site/input_Password_password (1)'

2022-01-14 22:31:50 - [TEST_STEP][PASSED] - click(findTestObject("Page_Home page Log in to the site/button_Log in")): Object: 'Object Repository/Page_Home page Log in to the site/button_Log in' is clicked on

2022-01-14 22:31:52 - [MESSAGE][PASSED] - Object: 'Object Repository/Page_Home page Log in to the site/button_Log in' is clicked on

2022-01-14 22:31:52 - [TEST_STEP][PASSED] - click(findTestObject("Page_Dashboard/a_My courses (1)")): Object: 'Object Repository/Page_Dashboard/a_My courses (1)' is clicked on

2022-01-14 22:31:53 - [MESSAGE][PASSED] - Object: 'Object Repository/Page_Dashboard/a_My courses (1)' is clicked on

2022-01-14 22:31:53 - [TEST_STEP][PASSED] - click(findTestObject("Page_My courses/span_Test Automation")): Object: 'Object Repository/Page_My courses/span_Test Automation' is clicked on

2022-01-14 22:31:55 - [MESSAGE][PASSED] - Object: 'Object Repository/Page_My courses/span_Test Automation' is clicked on

2022-01-14 22:31:55 - [TEST_STEP][PASSED] - click(findTestObject("Page_Course Test Automation/input_Edit mode_setmode")): Object: 'Object Repository/Page_Course Test Automation/input_Edit mode_setmode' is clicked on

2022-01-14 22:31:55 - [MESSAGE][PASSED] - Object: 'Object Repository/Page_Course Test Automation/input_Edit mode_setmode' is clicked on

2022-01-14 22:31:55 - [TEST_STEP][PASSED] - click(findTestObject("Page_Course Test Automation/span_Add an activity or resource")): Object: 'Object Repository/Page_Course Test Automation/span_Add an activity or resource' is clicked on

2022-01-14 22:31:57 - [MESSAGE][PASSED] - Object: 'Object Repository/Page_Course Test Automation/span_Add an activity or resource' is clicked on

2022-01-14 22:31:57 - [TEST_STEP][PASSED] - click(findTestObject("Page_Course Test Automation/img_Recommended_icon icon activityicon")): Object: 'Object Repository/Page_Course Test Automation/img_Recommended_icon icon activityicon' is clicked on

2022-01-14 22:31:59 - [MESSAGE][PASSED] - Object: 'Object Repository/Page_Course Test Automation/img_Recommended_icon icon activityicon' is clicked on

2022-01-14 22:31:59 - [TEST_STEP][PASSED] - setText(findTestObject("Page_Course Test Automation/Page_Editing Assignment/input_name-assignment"), "Bonus assignment"): Text 'Bonus assignment' is set on object 'Object Repository/Page_Course Test Automation/Page_Editing Assignment/input_name-assignment'

2022-01-14 22:32:01 - [MESSAGE][PASSED] - Text 'Bonus assignment' is set on object 'Object Repository/Page_Course Test Automation/Page_Editing Assignment/input_name-assignment'

2022-01-14 22:32:01 - [TEST_STEP][PASSED] - setText(findTestObject("Page_Course Test Automation/Page_Editing Assignment/input_description_assignment"), "MSSV.zip/rar"): Text 'MSSV.zip/rar' is set on object 'Object Repository/Page_Course Test Automation/Page_Editing Assignment/input_description_assignment'

2022-01-14 22:32:02 - [MESSAGE][PASSED] - Text 'MSSV.zip/rar' is set on object 'Object Repository/Page_Course Test Automation/Page_Editing Assignment/input_description_assignment'

2022-01-14 22:32:02 - [TEST_STEP][PASSED] - click(findTestObject("Page_Course Test Automation/Page_Editing Assignment/submitbutton-assignment")): Object: 'Object Repository/Page_Course Test Automation/Page_Editing Assignment/submitbutton-assignment' is clicked on

2022-01-14 22:32:04 - [MESSAGE][PASSED] - Object: 'Object Repository/Page_Course Test Automation/Page_Editing Assignment/submitbutton-assignment' is clicked on

2022-01-14 22:32:04 - [TEST_STEP][PASSED] - click(findTestObject("Page_Dashboard/a_NH")): Object: 'Object Repository/Page_Dashboard/a_NH' is clicked on

2022-01-14 22:32:04 - [MESSAGE][PASSED] - Object: 'Object Repository/Page_Dashboard/a_NH' is clicked on

2022-01-14 22:32:04 - [TEST_STEP][PASSED] - click(findTestObject("Page_Dashboard/a_Log out")): Object: 'Object Repository/Page_Dashboard/a_Log out' is clicked on

2022-01-14 22:32:06 - [MESSAGE][PASSED] - Object: 'Object Repository/Page_Dashboard/a_Log out' is clicked on

2022-01-14 22:32:06 - [TEST_STEP][PASSED] - closeBrowser(): Browser is closed

2022-01-14 22:32:07 - [MESSAGE][PASSED] - Browser is closed]]></system-out>
         <system-err><![CDATA[]]></system-err>
      </testcase>
      <testcase name="Test Cases/Edit assignment" time="22.542" classname="Test Cases/Edit assignment" status="PASSED">
         <system-out><![CDATA[2022-01-14 22:32:07 - [TEST_CASE][PASSED] - Test Cases/Edit assignment: Test Cases/Edit assignment

2022-01-14 22:32:07 - [TEST_STEP][PASSED] - openBrowser(""): Browser is opened with url: ''

2022-01-14 22:32:07 - [MESSAGE][INFO] - Starting 'Edge Chromium' driver

2022-01-14 22:32:09 - [MESSAGE][INFO] - Action delay is set to 0 milliseconds

2022-01-14 22:32:10 - [MESSAGE][PASSED] - Browser is opened with url: ''

2022-01-14 22:32:10 - [TEST_STEP][PASSED] - navigateToUrl("localhost"): Navigate to 'http://localhost' successfully

2022-01-14 22:32:11 - [MESSAGE][PASSED] - Navigate to 'http://localhost' successfully

2022-01-14 22:32:11 - [TEST_STEP][PASSED] - click(findTestObject("Page_Home page/a_Log in")): Object: 'Object Repository/Page_Home page/a_Log in' is clicked on

2022-01-14 22:32:12 - [MESSAGE][PASSED] - Object: 'Object Repository/Page_Home page/a_Log in' is clicked on

2022-01-14 22:32:12 - [TEST_STEP][PASSED] - setText(findTestObject("Page_Home page Log in to the site/input_Username_username"), "teacher1"): Text 'teacher1' is set on object 'Object Repository/Page_Home page Log in to the site/input_Username_username'

2022-01-14 22:32:13 - [MESSAGE][PASSED] - Text 'teacher1' is set on object 'Object Repository/Page_Home page Log in to the site/input_Username_username'

2022-01-14 22:32:13 - [TEST_STEP][PASSED] - setText(findTestObject("Page_Home page Log in to the site/input_Password_password (1)"), "Group_10"): Text 'Group_10' is set on object 'Object Repository/Page_Home page Log in to the site/input_Password_password (1)'

2022-01-14 22:32:14 - [MESSAGE][PASSED] - Text 'Group_10' is set on object 'Object Repository/Page_Home page Log in to the site/input_Password_password (1)'

2022-01-14 22:32:14 - [TEST_STEP][PASSED] - click(findTestObject("Page_Home page Log in to the site/button_Log in")): Object: 'Object Repository/Page_Home page Log in to the site/button_Log in' is clicked on

2022-01-14 22:32:15 - [MESSAGE][PASSED] - Object: 'Object Repository/Page_Home page Log in to the site/button_Log in' is clicked on

2022-01-14 22:32:15 - [TEST_STEP][PASSED] - click(findTestObject("Page_Dashboard/a_My courses (1)")): Object: 'Object Repository/Page_Dashboard/a_My courses (1)' is clicked on

2022-01-14 22:32:16 - [MESSAGE][PASSED] - Object: 'Object Repository/Page_Dashboard/a_My courses (1)' is clicked on

2022-01-14 22:32:16 - [TEST_STEP][PASSED] - click(findTestObject("Page_My courses/span_Test Automation")): Object: 'Object Repository/Page_My courses/span_Test Automation' is clicked on

2022-01-14 22:32:18 - [MESSAGE][PASSED] - Object: 'Object Repository/Page_My courses/span_Test Automation' is clicked on

2022-01-14 22:32:18 - [TEST_STEP][PASSED] - click(findTestObject("Page_Course Test Automation/input_Edit mode_setmode")): Object: 'Object Repository/Page_Course Test Automation/input_Edit mode_setmode' is clicked on

2022-01-14 22:32:19 - [MESSAGE][PASSED] - Object: 'Object Repository/Page_Course Test Automation/input_Edit mode_setmode' is clicked on

2022-01-14 22:32:19 - [TEST_STEP][PASSED] - click(findTestObject("Page_Course Test Automation/btn-setting-assignment")): Object: 'Object Repository/Page_Course Test Automation/btn-setting-assignment' is clicked on

2022-01-14 22:32:20 - [MESSAGE][PASSED] - Object: 'Object Repository/Page_Course Test Automation/btn-setting-assignment' is clicked on

2022-01-14 22:32:20 - [TEST_STEP][PASSED] - click(findTestObject("Page_Course Test Automation/span_Edit settings")): Object: 'Object Repository/Page_Course Test Automation/span_Edit settings' is clicked on

2022-01-14 22:32:22 - [MESSAGE][PASSED] - Object: 'Object Repository/Page_Course Test Automation/span_Edit settings' is clicked on

2022-01-14 22:32:22 - [TEST_STEP][PASSED] - setText(findTestObject("Page_Course Test Automation/Page_Editing Assignment/input_name-assignment"), "Bonus assignment (Extend 1 week)"): Text 'Bonus assignment (Extend 1 week)' is set on object 'Object Repository/Page_Course Test Automation/Page_Editing Assignment/input_name-assignment'

2022-01-14 22:32:24 - [MESSAGE][PASSED] - Text 'Bonus assignment (Extend 1 week)' is set on object 'Object Repository/Page_Course Test Automation/Page_Editing Assignment/input_name-assignment'

2022-01-14 22:32:24 - [TEST_STEP][PASSED] - selectOptionByValue(findTestObject("Page_Course Test Automation/Page_Editing Assignment/set-deadline"), "27", false): All options with value '27' are selected in object 'Object Repository/Page_Course Test Automation/Page_Editing Assignment/set-deadline' 

2022-01-14 22:32:25 - [MESSAGE][PASSED] - All options with value '27' are selected in object 'Object Repository/Page_Course Test Automation/Page_Editing Assignment/set-deadline' 

2022-01-14 22:32:25 - [TEST_STEP][PASSED] - click(findTestObject("Page_Course Test Automation/Page_Editing Assignment/submitbutton-assignment")): Object: 'Object Repository/Page_Course Test Automation/Page_Editing Assignment/submitbutton-assignment' is clicked on

2022-01-14 22:32:26 - [MESSAGE][PASSED] - Object: 'Object Repository/Page_Course Test Automation/Page_Editing Assignment/submitbutton-assignment' is clicked on

2022-01-14 22:32:26 - [TEST_STEP][PASSED] - click(findTestObject("Page_Dashboard/a_NH")): Object: 'Object Repository/Page_Dashboard/a_NH' is clicked on

2022-01-14 22:32:27 - [MESSAGE][PASSED] - Object: 'Object Repository/Page_Dashboard/a_NH' is clicked on

2022-01-14 22:32:27 - [TEST_STEP][PASSED] - click(findTestObject("Page_Dashboard/a_Log out")): Object: 'Object Repository/Page_Dashboard/a_Log out' is clicked on

2022-01-14 22:32:28 - [MESSAGE][PASSED] - Object: 'Object Repository/Page_Dashboard/a_Log out' is clicked on

2022-01-14 22:32:28 - [TEST_STEP][PASSED] - closeBrowser(): Browser is closed

2022-01-14 22:32:29 - [MESSAGE][PASSED] - Browser is closed]]></system-out>
         <system-err><![CDATA[]]></system-err>
      </testcase>
      <testcase name="Test Cases/Add event to calendar" time="56.985" classname="Test Cases/Add event to calendar" status="FAILED">
         <failure type="FAILED" message="Test Cases/Add event to calendar FAILED.
Reason:
com.kms.katalon.core.exception.StepFailedException: Unable to click on object 'Object Repository/Page_Course Test Automation/view_event'
	at com.kms.katalon.core.webui.keyword.internal.WebUIKeywordMain.stepFailed(WebUIKeywordMain.groovy:64)
	at com.kms.katalon.core.webui.keyword.internal.WebUIKeywordMain.runKeyword(WebUIKeywordMain.groovy:26)
	at com.kms.katalon.core.webui.keyword.builtin.ClickKeyword.click(ClickKeyword.groovy:74)
	at com.kms.katalon.core.webui.keyword.builtin.ClickKeyword.execute(ClickKeyword.groovy:40)
	at com.kms.katalon.core.keyword.internal.KeywordExecutor.executeKeywordForPlatform(KeywordExecutor.groovy:74)
	at com.kms.katalon.core.webui.keyword.WebUiBuiltInKeywords.click(WebUiBuiltInKeywords.groovy:620)
	at com.kms.katalon.core.webui.keyword.WebUiBuiltInKeywords$click$1.call(Unknown Source)
	at Add event to calendar.run(Add event to calendar:64)
	at com.kms.katalon.core.main.ScriptEngine.run(ScriptEngine.java:194)
	at com.kms.katalon.core.main.ScriptEngine.runScriptAsRawText(ScriptEngine.java:119)
	at com.kms.katalon.core.main.TestCaseExecutor.runScript(TestCaseExecutor.java:442)
	at com.kms.katalon.core.main.TestCaseExecutor.doExecute(TestCaseExecutor.java:433)
	at com.kms.katalon.core.main.TestCaseExecutor.processExecutionPhase(TestCaseExecutor.java:412)
	at com.kms.katalon.core.main.TestCaseExecutor.accessMainPhase(TestCaseExecutor.java:404)
	at com.kms.katalon.core.main.TestCaseExecutor.execute(TestCaseExecutor.java:281)
	at com.kms.katalon.core.main.TestSuiteExecutor.accessTestCaseMainPhase(TestSuiteExecutor.java:202)
	at com.kms.katalon.core.main.TestSuiteExecutor.accessTestSuiteMainPhase(TestSuiteExecutor.java:164)
	at com.kms.katalon.core.main.TestSuiteExecutor.execute(TestSuiteExecutor.java:105)
	at com.kms.katalon.core.main.TestCaseMain.startTestSuite(TestCaseMain.java:181)
	at com.kms.katalon.core.main.TestCaseMain$startTestSuite$0.call(Unknown Source)
	at TempTestSuite1642173476753.run(TempTestSuite1642173476753.groovy:36)
Caused by: com.kms.katalon.core.webui.exception.WebElementNotFoundException: Web element with id: 'Object Repository/Page_Course Test Automation/view_event' located by '//td[4]/div/a/span/span' not found
	at com.kms.katalon.core.webui.common.WebUiCommonHelper.findWebElement(WebUiCommonHelper.java:1368)
	at com.kms.katalon.core.webui.keyword.internal.WebUIAbstractKeyword.findWebElement(WebUIAbstractKeyword.groovy:27)
	at com.kms.katalon.core.webui.keyword.builtin.ClickKeyword$_click_closure1.doCall(ClickKeyword.groovy:65)
	at com.kms.katalon.core.webui.keyword.builtin.ClickKeyword$_click_closure1.call(ClickKeyword.groovy)
	at com.kms.katalon.core.webui.keyword.internal.WebUIKeywordMain.runKeyword(WebUIKeywordMain.groovy:20)
	... 19 more
"/>
         <system-out><![CDATA[2022-01-14 22:32:29 - [TEST_CASE][FAILED] - Test Cases/Add event to calendar: Test Cases/Add event to calendar FAILED.
Reason:
com.kms.katalon.core.exception.StepFailedException: Unable to click on object 'Object Repository/Page_Course Test Automation/view_event'
	at com.kms.katalon.core.webui.keyword.internal.WebUIKeywordMain.stepFailed(WebUIKeywordMain.groovy:64)
	at com.kms.katalon.core.webui.keyword.internal.WebUIKeywordMain.runKeyword(WebUIKeywordMain.groovy:26)
	at com.kms.katalon.core.webui.keyword.builtin.ClickKeyword.click(ClickKeyword.groovy:74)
	at com.kms.katalon.core.webui.keyword.builtin.ClickKeyword.execute(ClickKeyword.groovy:40)
	at com.kms.katalon.core.keyword.internal.KeywordExecutor.executeKeywordForPlatform(KeywordExecutor.groovy:74)
	at com.kms.katalon.core.webui.keyword.WebUiBuiltInKeywords.click(WebUiBuiltInKeywords.groovy:620)
	at com.kms.katalon.core.webui.keyword.WebUiBuiltInKeywords$click$1.call(Unknown Source)
	at Add event to calendar.run(Add event to calendar:64)
	at com.kms.katalon.core.main.ScriptEngine.run(ScriptEngine.java:194)
	at com.kms.katalon.core.main.ScriptEngine.runScriptAsRawText(ScriptEngine.java:119)
	at com.kms.katalon.core.main.TestCaseExecutor.runScript(TestCaseExecutor.java:442)
	at com.kms.katalon.core.main.TestCaseExecutor.doExecute(TestCaseExecutor.java:433)
	at com.kms.katalon.core.main.TestCaseExecutor.processExecutionPhase(TestCaseExecutor.java:412)
	at com.kms.katalon.core.main.TestCaseExecutor.accessMainPhase(TestCaseExecutor.java:404)
	at com.kms.katalon.core.main.TestCaseExecutor.execute(TestCaseExecutor.java:281)
	at com.kms.katalon.core.main.TestSuiteExecutor.accessTestCaseMainPhase(TestSuiteExecutor.java:202)
	at com.kms.katalon.core.main.TestSuiteExecutor.accessTestSuiteMainPhase(TestSuiteExecutor.java:164)
	at com.kms.katalon.core.main.TestSuiteExecutor.execute(TestSuiteExecutor.java:105)
	at com.kms.katalon.core.main.TestCaseMain.startTestSuite(TestCaseMain.java:181)
	at com.kms.katalon.core.main.TestCaseMain$startTestSuite$0.call(Unknown Source)
	at TempTestSuite1642173476753.run(TempTestSuite1642173476753.groovy:36)
Caused by: com.kms.katalon.core.webui.exception.WebElementNotFoundException: Web element with id: 'Object Repository/Page_Course Test Automation/view_event' located by '//td[4]/div/a/span/span' not found
	at com.kms.katalon.core.webui.common.WebUiCommonHelper.findWebElement(WebUiCommonHelper.java:1368)
	at com.kms.katalon.core.webui.keyword.internal.WebUIAbstractKeyword.findWebElement(WebUIAbstractKeyword.groovy:27)
	at com.kms.katalon.core.webui.keyword.builtin.ClickKeyword$_click_closure1.doCall(ClickKeyword.groovy:65)
	at com.kms.katalon.core.webui.keyword.builtin.ClickKeyword$_click_closure1.call(ClickKeyword.groovy)
	at com.kms.katalon.core.webui.keyword.internal.WebUIKeywordMain.runKeyword(WebUIKeywordMain.groovy:20)
	... 19 more


2022-01-14 22:32:29 - [TEST_STEP][PASSED] - openBrowser(""): Browser is opened with url: ''

2022-01-14 22:32:29 - [MESSAGE][INFO] - Starting 'Edge Chromium' driver

2022-01-14 22:32:32 - [MESSAGE][INFO] - Action delay is set to 0 milliseconds

2022-01-14 22:32:32 - [MESSAGE][PASSED] - Browser is opened with url: ''

2022-01-14 22:32:32 - [TEST_STEP][PASSED] - navigateToUrl("localhost"): Navigate to 'http://localhost' successfully

2022-01-14 22:32:33 - [MESSAGE][PASSED] - Navigate to 'http://localhost' successfully

2022-01-14 22:32:33 - [TEST_STEP][PASSED] - click(findTestObject("Page_Home page/a_Log in")): Object: 'Object Repository/Page_Home page/a_Log in' is clicked on

2022-01-14 22:32:34 - [MESSAGE][PASSED] - Object: 'Object Repository/Page_Home page/a_Log in' is clicked on

2022-01-14 22:32:34 - [TEST_STEP][PASSED] - setText(findTestObject("Page_Home page Log in to the site/input_Username_username"), "teacher1"): Text 'teacher1' is set on object 'Object Repository/Page_Home page Log in to the site/input_Username_username'

2022-01-14 22:32:35 - [MESSAGE][PASSED] - Text 'teacher1' is set on object 'Object Repository/Page_Home page Log in to the site/input_Username_username'

2022-01-14 22:32:35 - [TEST_STEP][PASSED] - setText(findTestObject("Page_Home page Log in to the site/input_Password_password (1)"), "Group_10"): Text 'Group_10' is set on object 'Object Repository/Page_Home page Log in to the site/input_Password_password (1)'

2022-01-14 22:32:36 - [MESSAGE][PASSED] - Text 'Group_10' is set on object 'Object Repository/Page_Home page Log in to the site/input_Password_password (1)'

2022-01-14 22:32:36 - [TEST_STEP][PASSED] - click(findTestObject("Page_Home page Log in to the site/button_Log in")): Object: 'Object Repository/Page_Home page Log in to the site/button_Log in' is clicked on

2022-01-14 22:32:37 - [MESSAGE][PASSED] - Object: 'Object Repository/Page_Home page Log in to the site/button_Log in' is clicked on

2022-01-14 22:32:37 - [TEST_STEP][PASSED] - click(findTestObject("Page_Dashboard/a_My courses (1)")): Object: 'Object Repository/Page_Dashboard/a_My courses (1)' is clicked on

2022-01-14 22:32:38 - [MESSAGE][PASSED] - Object: 'Object Repository/Page_Dashboard/a_My courses (1)' is clicked on

2022-01-14 22:32:38 - [TEST_STEP][PASSED] - click(findTestObject("Page_My courses/span_Test Automation")): Object: 'Object Repository/Page_My courses/span_Test Automation' is clicked on

2022-01-14 22:32:40 - [MESSAGE][PASSED] - Object: 'Object Repository/Page_My courses/span_Test Automation' is clicked on

2022-01-14 22:32:40 - [TEST_STEP][PASSED] - click(findTestObject("Page_Course Test Automation/input_Edit mode_setmode")): Object: 'Object Repository/Page_Course Test Automation/input_Edit mode_setmode' is clicked on

2022-01-14 22:32:41 - [MESSAGE][PASSED] - Object: 'Object Repository/Page_Course Test Automation/input_Edit mode_setmode' is clicked on

2022-01-14 22:32:41 - [TEST_STEP][PASSED] - click(findTestObject("Page_Course Test Automation/span_Add an activity or resource_2")): Object: 'Object Repository/Page_Course Test Automation/span_Add an activity or resource_2' is clicked on

2022-01-14 22:32:42 - [MESSAGE][PASSED] - Object: 'Object Repository/Page_Course Test Automation/span_Add an activity or resource_2' is clicked on

2022-01-14 22:32:42 - [TEST_STEP][PASSED] - click(findTestObject("Page_Course Test Automation/img_Recommended_icon icon activityicon")): Object: 'Object Repository/Page_Course Test Automation/img_Recommended_icon icon activityicon' is clicked on

2022-01-14 22:32:45 - [MESSAGE][PASSED] - Object: 'Object Repository/Page_Course Test Automation/img_Recommended_icon icon activityicon' is clicked on

2022-01-14 22:32:45 - [TEST_STEP][PASSED] - setText(findTestObject("Page_Course Test Automation/Page_Editing Assignment/input_name-assignment"), "Midterm"): Text 'Midterm' is set on object 'Object Repository/Page_Course Test Automation/Page_Editing Assignment/input_name-assignment'

2022-01-14 22:32:46 - [MESSAGE][PASSED] - Text 'Midterm' is set on object 'Object Repository/Page_Course Test Automation/Page_Editing Assignment/input_name-assignment'

2022-01-14 22:32:46 - [TEST_STEP][PASSED] - setText(findTestObject("Page_Course Test Automation/Page_Editing Assignment/input_description_assignment"), "MSSV.pdf"): Text 'MSSV.pdf' is set on object 'Object Repository/Page_Course Test Automation/Page_Editing Assignment/input_description_assignment'

2022-01-14 22:32:47 - [MESSAGE][PASSED] - Text 'MSSV.pdf' is set on object 'Object Repository/Page_Course Test Automation/Page_Editing Assignment/input_description_assignment'

2022-01-14 22:32:47 - [TEST_STEP][PASSED] - selectOptionByValue(findTestObject("Page_Course Test Automation/Page_Editing Assignment/select_allow_submit_day"), "20", false): All options with value '20' are selected in object 'Object Repository/Page_Course Test Automation/Page_Editing Assignment/select_allow_submit_day' 

2022-01-14 22:32:48 - [MESSAGE][PASSED] - All options with value '20' are selected in object 'Object Repository/Page_Course Test Automation/Page_Editing Assignment/select_allow_submit_day' 

2022-01-14 22:32:48 - [TEST_STEP][PASSED] - selectOptionByValue(findTestObject("Page_Course Test Automation/Page_Editing Assignment/select_allow_submit_time"), "13", false): All options with value '13' are selected in object 'Object Repository/Page_Course Test Automation/Page_Editing Assignment/select_allow_submit_time' 

2022-01-14 22:32:49 - [MESSAGE][PASSED] - All options with value '13' are selected in object 'Object Repository/Page_Course Test Automation/Page_Editing Assignment/select_allow_submit_time' 

2022-01-14 22:32:49 - [TEST_STEP][PASSED] - selectOptionByValue(findTestObject("Page_Course Test Automation/Page_Editing Assignment/select_due_date_day"), "20", false): All options with value '20' are selected in object 'Object Repository/Page_Course Test Automation/Page_Editing Assignment/select_due_date_day' 

2022-01-14 22:32:50 - [MESSAGE][PASSED] - All options with value '20' are selected in object 'Object Repository/Page_Course Test Automation/Page_Editing Assignment/select_due_date_day' 

2022-01-14 22:32:50 - [TEST_STEP][PASSED] - selectOptionByValue(findTestObject("Page_Course Test Automation/Page_Editing Assignment/select_due_date_time"), "15", false): All options with value '15' are selected in object 'Object Repository/Page_Course Test Automation/Page_Editing Assignment/select_due_date_time' 

2022-01-14 22:32:51 - [MESSAGE][PASSED] - All options with value '15' are selected in object 'Object Repository/Page_Course Test Automation/Page_Editing Assignment/select_due_date_time' 

2022-01-14 22:32:51 - [TEST_STEP][PASSED] - click(findTestObject("Page_Course Test Automation/Page_Editing Assignment/submitbutton-assignment")): Object: 'Object Repository/Page_Course Test Automation/Page_Editing Assignment/submitbutton-assignment' is clicked on

2022-01-14 22:32:53 - [MESSAGE][PASSED] - Object: 'Object Repository/Page_Course Test Automation/Page_Editing Assignment/submitbutton-assignment' is clicked on

2022-01-14 22:32:53 - [TEST_STEP][PASSED] - click(findTestObject("Page_My courses/a_Dashboard")): Object: 'Object Repository/Page_My courses/a_Dashboard' is clicked on

2022-01-14 22:32:54 - [MESSAGE][PASSED] - Object: 'Object Repository/Page_My courses/a_Dashboard' is clicked on

2022-01-14 22:32:54 - [TEST_STEP][PASSED] - click(findTestObject("Page_Course Test Automation/input_Edit mode_setmode")): Object: 'Object Repository/Page_Course Test Automation/input_Edit mode_setmode' is clicked on

2022-01-14 22:32:55 - [MESSAGE][PASSED] - Object: 'Object Repository/Page_Course Test Automation/input_Edit mode_setmode' is clicked on

2022-01-14 22:32:55 - [TEST_STEP][FAILED] - click(findTestObject("Page_Course Test Automation/view_event")): Unable to click on object 'Object Repository/Page_Course Test Automation/view_event' (Root cause: com.kms.katalon.core.exception.StepFailedException: Unable to click on object 'Object Repository/Page_Course Test Automation/view_event'
	at com.kms.katalon.core.webui.keyword.internal.WebUIKeywordMain.stepFailed(WebUIKeywordMain.groovy:64)
	at com.kms.katalon.core.webui.keyword.internal.WebUIKeywordMain.runKeyword(WebUIKeywordMain.groovy:26)
	at com.kms.katalon.core.webui.keyword.builtin.ClickKeyword.click(ClickKeyword.groovy:74)
	at com.kms.katalon.core.webui.keyword.builtin.ClickKeyword.execute(ClickKeyword.groovy:40)
	at com.kms.katalon.core.keyword.internal.KeywordExecutor.executeKeywordForPlatform(KeywordExecutor.groovy:74)
	at com.kms.katalon.core.webui.keyword.WebUiBuiltInKeywords.click(WebUiBuiltInKeywords.groovy:620)
	at com.kms.katalon.core.webui.keyword.WebUiBuiltInKeywords$click$1.call(Unknown Source)
	at Add event to calendar.run(Add event to calendar:64)
	at com.kms.katalon.core.main.ScriptEngine.run(ScriptEngine.java:194)
	at com.kms.katalon.core.main.ScriptEngine.runScriptAsRawText(ScriptEngine.java:119)
	at com.kms.katalon.core.main.TestCaseExecutor.runScript(TestCaseExecutor.java:442)
	at com.kms.katalon.core.main.TestCaseExecutor.doExecute(TestCaseExecutor.java:433)
	at com.kms.katalon.core.main.TestCaseExecutor.processExecutionPhase(TestCaseExecutor.java:412)
	at com.kms.katalon.core.main.TestCaseExecutor.accessMainPhase(TestCaseExecutor.java:404)
	at com.kms.katalon.core.main.TestCaseExecutor.execute(TestCaseExecutor.java:281)
	at com.kms.katalon.core.main.TestSuiteExecutor.accessTestCaseMainPhase(TestSuiteExecutor.java:202)
	at com.kms.katalon.core.main.TestSuiteExecutor.accessTestSuiteMainPhase(TestSuiteExecutor.java:164)
	at com.kms.katalon.core.main.TestSuiteExecutor.execute(TestSuiteExecutor.java:105)
	at com.kms.katalon.core.main.TestCaseMain.startTestSuite(TestCaseMain.java:181)
	at com.kms.katalon.core.main.TestCaseMain$startTestSuite$0.call(Unknown Source)
	at TempTestSuite1642173476753.run(TempTestSuite1642173476753.groovy:36)
Caused by: com.kms.katalon.core.webui.exception.WebElementNotFoundException: Web element with id: 'Object Repository/Page_Course Test Automation/view_event' located by '//td[4]/div/a/span/span' not found
	at com.kms.katalon.core.webui.common.WebUiCommonHelper.findWebElement(WebUiCommonHelper.java:1368)
	at com.kms.katalon.core.webui.keyword.internal.WebUIAbstractKeyword.findWebElement(WebUIAbstractKeyword.groovy:27)
	at com.kms.katalon.core.webui.keyword.builtin.ClickKeyword$_click_closure1.doCall(ClickKeyword.groovy:65)
	at com.kms.katalon.core.webui.keyword.builtin.ClickKeyword$_click_closure1.call(ClickKeyword.groovy)
	at com.kms.katalon.core.webui.keyword.internal.WebUIKeywordMain.runKeyword(WebUIKeywordMain.groovy:20)
	at com.kms.katalon.core.webui.keyword.builtin.ClickKeyword.click(ClickKeyword.groovy:74)
	at com.kms.katalon.core.webui.keyword.builtin.ClickKeyword.execute(ClickKeyword.groovy:40)
	at com.kms.katalon.core.keyword.internal.KeywordExecutor.executeKeywordForPlatform(KeywordExecutor.groovy:74)
	at com.kms.katalon.core.webui.keyword.WebUiBuiltInKeywords.click(WebUiBuiltInKeywords.groovy:620)
	at com.kms.katalon.core.webui.keyword.WebUiBuiltInKeywords$click$1.call(Unknown Source)
	at Script1642047087227.run(Script1642047087227.groovy:64)
	... 13 more
)

2022-01-14 22:33:26 - [MESSAGE][INFO] - Unable to find the element located by 'By.xpath: //td[4]/div/a/span/span'. Please recheck the objects properties to make sure the desired element is located. 

2022-01-14 22:33:26 - [MESSAGE][FAILED] - Unable to click on object 'Object Repository/Page_Course Test Automation/view_event' (Root cause: com.kms.katalon.core.exception.StepFailedException: Unable to click on object 'Object Repository/Page_Course Test Automation/view_event'
	at com.kms.katalon.core.webui.keyword.internal.WebUIKeywordMain.stepFailed(WebUIKeywordMain.groovy:64)
	at com.kms.katalon.core.webui.keyword.internal.WebUIKeywordMain.runKeyword(WebUIKeywordMain.groovy:26)
	at com.kms.katalon.core.webui.keyword.builtin.ClickKeyword.click(ClickKeyword.groovy:74)
	at com.kms.katalon.core.webui.keyword.builtin.ClickKeyword.execute(ClickKeyword.groovy:40)
	at com.kms.katalon.core.keyword.internal.KeywordExecutor.executeKeywordForPlatform(KeywordExecutor.groovy:74)
	at com.kms.katalon.core.webui.keyword.WebUiBuiltInKeywords.click(WebUiBuiltInKeywords.groovy:620)
	at com.kms.katalon.core.webui.keyword.WebUiBuiltInKeywords$click$1.call(Unknown Source)
	at Add event to calendar.run(Add event to calendar:64)
	at com.kms.katalon.core.main.ScriptEngine.run(ScriptEngine.java:194)
	at com.kms.katalon.core.main.ScriptEngine.runScriptAsRawText(ScriptEngine.java:119)
	at com.kms.katalon.core.main.TestCaseExecutor.runScript(TestCaseExecutor.java:442)
	at com.kms.katalon.core.main.TestCaseExecutor.doExecute(TestCaseExecutor.java:433)
	at com.kms.katalon.core.main.TestCaseExecutor.processExecutionPhase(TestCaseExecutor.java:412)
	at com.kms.katalon.core.main.TestCaseExecutor.accessMainPhase(TestCaseExecutor.java:404)
	at com.kms.katalon.core.main.TestCaseExecutor.execute(TestCaseExecutor.java:281)
	at com.kms.katalon.core.main.TestSuiteExecutor.accessTestCaseMainPhase(TestSuiteExecutor.java:202)
	at com.kms.katalon.core.main.TestSuiteExecutor.accessTestSuiteMainPhase(TestSuiteExecutor.java:164)
	at com.kms.katalon.core.main.TestSuiteExecutor.execute(TestSuiteExecutor.java:105)
	at com.kms.katalon.core.main.TestCaseMain.startTestSuite(TestCaseMain.java:181)
	at com.kms.katalon.core.main.TestCaseMain$startTestSuite$0.call(Unknown Source)
	at TempTestSuite1642173476753.run(TempTestSuite1642173476753.groovy:36)
Caused by: com.kms.katalon.core.webui.exception.WebElementNotFoundException: Web element with id: 'Object Repository/Page_Course Test Automation/view_event' located by '//td[4]/div/a/span/span' not found
	at com.kms.katalon.core.webui.common.WebUiCommonHelper.findWebElement(WebUiCommonHelper.java:1368)
	at com.kms.katalon.core.webui.keyword.internal.WebUIAbstractKeyword.findWebElement(WebUIAbstractKeyword.groovy:27)
	at com.kms.katalon.core.webui.keyword.builtin.ClickKeyword$_click_closure1.doCall(ClickKeyword.groovy:65)
	at com.kms.katalon.core.webui.keyword.builtin.ClickKeyword$_click_closure1.call(ClickKeyword.groovy)
	at com.kms.katalon.core.webui.keyword.internal.WebUIKeywordMain.runKeyword(WebUIKeywordMain.groovy:20)
	at com.kms.katalon.core.webui.keyword.builtin.ClickKeyword.click(ClickKeyword.groovy:74)
	at com.kms.katalon.core.webui.keyword.builtin.ClickKeyword.execute(ClickKeyword.groovy:40)
	at com.kms.katalon.core.keyword.internal.KeywordExecutor.executeKeywordForPlatform(KeywordExecutor.groovy:74)
	at com.kms.katalon.core.webui.keyword.WebUiBuiltInKeywords.click(WebUiBuiltInKeywords.groovy:620)
	at com.kms.katalon.core.webui.keyword.WebUiBuiltInKeywords$click$1.call(Unknown Source)
	at Script1642047087227.run(Script1642047087227.groovy:64)
	... 13 more
)
[[ATTACHMENT|D:\\TestAutomation-SEBonus-Group10\\Test Automation - SE Bonus\\Reports\\20220114_221756\\Run all test cases\\20220114_221756\\1642174406411.png]]]]></system-out>
         <system-err><![CDATA[2022-01-14 22:32:29 - [TEST_CASE][FAILED] - Test Cases/Add event to calendar: Test Cases/Add event to calendar FAILED.
Reason:
com.kms.katalon.core.exception.StepFailedException: Unable to click on object 'Object Repository/Page_Course Test Automation/view_event'
	at com.kms.katalon.core.webui.keyword.internal.WebUIKeywordMain.stepFailed(WebUIKeywordMain.groovy:64)
	at com.kms.katalon.core.webui.keyword.internal.WebUIKeywordMain.runKeyword(WebUIKeywordMain.groovy:26)
	at com.kms.katalon.core.webui.keyword.builtin.ClickKeyword.click(ClickKeyword.groovy:74)
	at com.kms.katalon.core.webui.keyword.builtin.ClickKeyword.execute(ClickKeyword.groovy:40)
	at com.kms.katalon.core.keyword.internal.KeywordExecutor.executeKeywordForPlatform(KeywordExecutor.groovy:74)
	at com.kms.katalon.core.webui.keyword.WebUiBuiltInKeywords.click(WebUiBuiltInKeywords.groovy:620)
	at com.kms.katalon.core.webui.keyword.WebUiBuiltInKeywords$click$1.call(Unknown Source)
	at Add event to calendar.run(Add event to calendar:64)
	at com.kms.katalon.core.main.ScriptEngine.run(ScriptEngine.java:194)
	at com.kms.katalon.core.main.ScriptEngine.runScriptAsRawText(ScriptEngine.java:119)
	at com.kms.katalon.core.main.TestCaseExecutor.runScript(TestCaseExecutor.java:442)
	at com.kms.katalon.core.main.TestCaseExecutor.doExecute(TestCaseExecutor.java:433)
	at com.kms.katalon.core.main.TestCaseExecutor.processExecutionPhase(TestCaseExecutor.java:412)
	at com.kms.katalon.core.main.TestCaseExecutor.accessMainPhase(TestCaseExecutor.java:404)
	at com.kms.katalon.core.main.TestCaseExecutor.execute(TestCaseExecutor.java:281)
	at com.kms.katalon.core.main.TestSuiteExecutor.accessTestCaseMainPhase(TestSuiteExecutor.java:202)
	at com.kms.katalon.core.main.TestSuiteExecutor.accessTestSuiteMainPhase(TestSuiteExecutor.java:164)
	at com.kms.katalon.core.main.TestSuiteExecutor.execute(TestSuiteExecutor.java:105)
	at com.kms.katalon.core.main.TestCaseMain.startTestSuite(TestCaseMain.java:181)
	at com.kms.katalon.core.main.TestCaseMain$startTestSuite$0.call(Unknown Source)
	at TempTestSuite1642173476753.run(TempTestSuite1642173476753.groovy:36)
Caused by: com.kms.katalon.core.webui.exception.WebElementNotFoundException: Web element with id: 'Object Repository/Page_Course Test Automation/view_event' located by '//td[4]/div/a/span/span' not found
	at com.kms.katalon.core.webui.common.WebUiCommonHelper.findWebElement(WebUiCommonHelper.java:1368)
	at com.kms.katalon.core.webui.keyword.internal.WebUIAbstractKeyword.findWebElement(WebUIAbstractKeyword.groovy:27)
	at com.kms.katalon.core.webui.keyword.builtin.ClickKeyword$_click_closure1.doCall(ClickKeyword.groovy:65)
	at com.kms.katalon.core.webui.keyword.builtin.ClickKeyword$_click_closure1.call(ClickKeyword.groovy)
	at com.kms.katalon.core.webui.keyword.internal.WebUIKeywordMain.runKeyword(WebUIKeywordMain.groovy:20)
	... 19 more]]></system-err>
      </testcase>
      <testcase name="Test Cases/Add a lesson note" time="24.822" classname="Test Cases/Add a lesson note" status="PASSED">
         <system-out><![CDATA[2022-01-14 22:33:26 - [TEST_CASE][PASSED] - Test Cases/Add a lesson note: Test Cases/Add a lesson note

2022-01-14 22:33:26 - [TEST_STEP][PASSED] - openBrowser(""): Browser is opened with url: ''

2022-01-14 22:33:26 - [MESSAGE][WARNING] - A browser is already opened. Closing browser and opening a new one

2022-01-14 22:33:27 - [MESSAGE][INFO] - Starting 'Edge Chromium' driver

2022-01-14 22:33:29 - [MESSAGE][INFO] - Action delay is set to 0 milliseconds

2022-01-14 22:33:30 - [MESSAGE][PASSED] - Browser is opened with url: ''

2022-01-14 22:33:30 - [TEST_STEP][PASSED] - navigateToUrl("localhost"): Navigate to 'http://localhost' successfully

2022-01-14 22:33:31 - [MESSAGE][PASSED] - Navigate to 'http://localhost' successfully

2022-01-14 22:33:31 - [TEST_STEP][PASSED] - click(findTestObject("Page_Home page/a_Log in")): Object: 'Object Repository/Page_Home page/a_Log in' is clicked on

2022-01-14 22:33:32 - [MESSAGE][PASSED] - Object: 'Object Repository/Page_Home page/a_Log in' is clicked on

2022-01-14 22:33:32 - [TEST_STEP][PASSED] - setText(findTestObject("Page_Home page Log in to the site/input_Username_username"), "teacher1"): Text 'teacher1' is set on object 'Object Repository/Page_Home page Log in to the site/input_Username_username'

2022-01-14 22:33:33 - [MESSAGE][PASSED] - Text 'teacher1' is set on object 'Object Repository/Page_Home page Log in to the site/input_Username_username'

2022-01-14 22:33:33 - [TEST_STEP][PASSED] - setText(findTestObject("Page_Home page Log in to the site/input_Password_password (1)"), "Group_10"): Text 'Group_10' is set on object 'Object Repository/Page_Home page Log in to the site/input_Password_password (1)'

2022-01-14 22:33:34 - [MESSAGE][PASSED] - Text 'Group_10' is set on object 'Object Repository/Page_Home page Log in to the site/input_Password_password (1)'

2022-01-14 22:33:34 - [TEST_STEP][PASSED] - click(findTestObject("Page_Home page Log in to the site/button_Log in")): Object: 'Object Repository/Page_Home page Log in to the site/button_Log in' is clicked on

2022-01-14 22:33:35 - [MESSAGE][PASSED] - Object: 'Object Repository/Page_Home page Log in to the site/button_Log in' is clicked on

2022-01-14 22:33:35 - [TEST_STEP][PASSED] - click(findTestObject("Page_Dashboard/a_My courses (1)")): Object: 'Object Repository/Page_Dashboard/a_My courses (1)' is clicked on

2022-01-14 22:33:36 - [MESSAGE][PASSED] - Object: 'Object Repository/Page_Dashboard/a_My courses (1)' is clicked on

2022-01-14 22:33:36 - [TEST_STEP][PASSED] - click(findTestObject("Page_My courses/span_Test Automation")): Object: 'Object Repository/Page_My courses/span_Test Automation' is clicked on

2022-01-14 22:33:38 - [MESSAGE][PASSED] - Object: 'Object Repository/Page_My courses/span_Test Automation' is clicked on

2022-01-14 22:33:38 - [TEST_STEP][PASSED] - click(findTestObject("Page_Course Test Automation/input_Edit mode_setmode")): Object: 'Object Repository/Page_Course Test Automation/input_Edit mode_setmode' is clicked on

2022-01-14 22:33:39 - [MESSAGE][PASSED] - Object: 'Object Repository/Page_Course Test Automation/input_Edit mode_setmode' is clicked on

2022-01-14 22:33:39 - [TEST_STEP][PASSED] - click(findTestObject("Page_Course Test Automation/Add lesson note/button_Add an activity or resource")): Object: 'Object Repository/Page_Course Test Automation/Add lesson note/button_Add an activity or resource' is clicked on

2022-01-14 22:33:41 - [MESSAGE][PASSED] - Object: 'Object Repository/Page_Course Test Automation/Add lesson note/button_Add an activity or resource' is clicked on

2022-01-14 22:33:41 - [TEST_STEP][PASSED] - click(findTestObject("Page_Course Test Automation/Add lesson note/icon file")): Object: 'Object Repository/Page_Course Test Automation/Add lesson note/icon file' is clicked on

2022-01-14 22:33:43 - [MESSAGE][PASSED] - Object: 'Object Repository/Page_Course Test Automation/Add lesson note/icon file' is clicked on

2022-01-14 22:33:43 - [TEST_STEP][PASSED] - setText(findTestObject("Page_Course Test Automation/Add lesson note/input_Name_name"), "Lesson note - Week 01"): Text 'Lesson note - Week 01' is set on object 'Object Repository/Page_Course Test Automation/Add lesson note/input_Name_name'

2022-01-14 22:33:44 - [MESSAGE][PASSED] - Text 'Lesson note - Week 01' is set on object 'Object Repository/Page_Course Test Automation/Add lesson note/input_Name_name'

2022-01-14 22:33:44 - [TEST_STEP][PASSED] - click(findTestObject("Page_Course Test Automation/Add lesson note/Select file in general")): Object: 'Object Repository/Page_Course Test Automation/Add lesson note/Select file in general' is clicked on

2022-01-14 22:33:45 - [MESSAGE][PASSED] - Object: 'Object Repository/Page_Course Test Automation/Add lesson note/Select file in general' is clicked on

2022-01-14 22:33:45 - [TEST_STEP][PASSED] - click(findTestObject("Page_Course Test Automation/Add lesson note/select upload file method")): Object: 'Object Repository/Page_Course Test Automation/Add lesson note/select upload file method' is clicked on

2022-01-14 22:33:46 - [MESSAGE][PASSED] - Object: 'Object Repository/Page_Course Test Automation/Add lesson note/select upload file method' is clicked on

2022-01-14 22:33:46 - [TEST_STEP][PASSED] - uploadFile(findTestObject("Page_Course Test Automation/Add lesson note/choose file upload"), "D:\TestAutomation-SEBonus-Group10\Note-Week01.docx"): File 'D:\TestAutomation-SEBonus-Group10\Note-Week01.docx' sent to object: 'Object Repository/Page_Course Test Automation/Add lesson note/choose file upload'

2022-01-14 22:33:46 - [MESSAGE][PASSED] - File 'D:\TestAutomation-SEBonus-Group10\Note-Week01.docx' sent to object: 'Object Repository/Page_Course Test Automation/Add lesson note/choose file upload'

2022-01-14 22:33:46 - [TEST_STEP][PASSED] - click(findTestObject("Page_Course Test Automation/Add lesson note/button_Upload this file")): Object: 'Object Repository/Page_Course Test Automation/Add lesson note/button_Upload this file' is clicked on

2022-01-14 22:33:47 - [MESSAGE][PASSED] - Object: 'Object Repository/Page_Course Test Automation/Add lesson note/button_Upload this file' is clicked on

2022-01-14 22:33:47 - [TEST_STEP][PASSED] - click(findTestObject("Page_Course Test Automation/Add lesson note/submitbutton")): Object: 'Object Repository/Page_Course Test Automation/Add lesson note/submitbutton' is clicked on

2022-01-14 22:33:48 - [MESSAGE][PASSED] - Object: 'Object Repository/Page_Course Test Automation/Add lesson note/submitbutton' is clicked on

2022-01-14 22:33:48 - [TEST_STEP][PASSED] - click(findTestObject("Page_Dashboard/a_NH")): Object: 'Object Repository/Page_Dashboard/a_NH' is clicked on

2022-01-14 22:33:49 - [MESSAGE][PASSED] - Object: 'Object Repository/Page_Dashboard/a_NH' is clicked on

2022-01-14 22:33:49 - [TEST_STEP][PASSED] - click(findTestObject("Page_Dashboard/a_Log out")): Object: 'Object Repository/Page_Dashboard/a_Log out' is clicked on

2022-01-14 22:33:50 - [MESSAGE][PASSED] - Object: 'Object Repository/Page_Dashboard/a_Log out' is clicked on

2022-01-14 22:33:50 - [TEST_STEP][PASSED] - closeBrowser(): Browser is closed

2022-01-14 22:33:51 - [MESSAGE][PASSED] - Browser is closed]]></system-out>
         <system-err><![CDATA[]]></system-err>
      </testcase>
      <testcase name="Test Cases/Delete a lesson note" time="25.806" classname="Test Cases/Delete a lesson note" status="PASSED">
         <system-out><![CDATA[2022-01-14 22:33:51 - [TEST_CASE][PASSED] - Test Cases/Delete a lesson note: Test Cases/Delete a lesson note

2022-01-14 22:33:51 - [TEST_STEP][PASSED] - openBrowser(""): Browser is opened with url: ''

2022-01-14 22:33:51 - [MESSAGE][INFO] - Starting 'Edge Chromium' driver

2022-01-14 22:33:53 - [MESSAGE][INFO] - Action delay is set to 0 milliseconds

2022-01-14 22:33:54 - [MESSAGE][PASSED] - Browser is opened with url: ''

2022-01-14 22:33:54 - [TEST_STEP][PASSED] - navigateToUrl("localhost"): Navigate to 'http://localhost' successfully

2022-01-14 22:33:55 - [MESSAGE][PASSED] - Navigate to 'http://localhost' successfully

2022-01-14 22:33:55 - [TEST_STEP][PASSED] - click(findTestObject("Page_Home page/a_Log in")): Object: 'Object Repository/Page_Home page/a_Log in' is clicked on

2022-01-14 22:33:56 - [MESSAGE][PASSED] - Object: 'Object Repository/Page_Home page/a_Log in' is clicked on

2022-01-14 22:33:56 - [TEST_STEP][PASSED] - setText(findTestObject("Page_Home page Log in to the site/input_Username_username"), "teacher1"): Text 'teacher1' is set on object 'Object Repository/Page_Home page Log in to the site/input_Username_username'

2022-01-14 22:33:57 - [MESSAGE][PASSED] - Text 'teacher1' is set on object 'Object Repository/Page_Home page Log in to the site/input_Username_username'

2022-01-14 22:33:57 - [TEST_STEP][PASSED] - setText(findTestObject("Page_Home page Log in to the site/input_Password_password (1)"), "Group_10"): Text 'Group_10' is set on object 'Object Repository/Page_Home page Log in to the site/input_Password_password (1)'

2022-01-14 22:33:58 - [MESSAGE][PASSED] - Text 'Group_10' is set on object 'Object Repository/Page_Home page Log in to the site/input_Password_password (1)'

2022-01-14 22:33:58 - [TEST_STEP][PASSED] - click(findTestObject("Page_Home page Log in to the site/button_Log in")): Object: 'Object Repository/Page_Home page Log in to the site/button_Log in' is clicked on

2022-01-14 22:33:59 - [MESSAGE][PASSED] - Object: 'Object Repository/Page_Home page Log in to the site/button_Log in' is clicked on

2022-01-14 22:33:59 - [TEST_STEP][PASSED] - click(findTestObject("Page_Dashboard/a_My courses (1)")): Object: 'Object Repository/Page_Dashboard/a_My courses (1)' is clicked on

2022-01-14 22:34:00 - [MESSAGE][PASSED] - Object: 'Object Repository/Page_Dashboard/a_My courses (1)' is clicked on

2022-01-14 22:34:00 - [TEST_STEP][PASSED] - click(findTestObject("Page_My courses/span_Test Automation")): Object: 'Object Repository/Page_My courses/span_Test Automation' is clicked on

2022-01-14 22:34:02 - [MESSAGE][PASSED] - Object: 'Object Repository/Page_My courses/span_Test Automation' is clicked on

2022-01-14 22:34:02 - [TEST_STEP][PASSED] - click(findTestObject("Page_Course Test Automation/input_Edit mode_setmode")): Object: 'Object Repository/Page_Course Test Automation/input_Edit mode_setmode' is clicked on

2022-01-14 22:34:03 - [MESSAGE][PASSED] - Object: 'Object Repository/Page_Course Test Automation/input_Edit mode_setmode' is clicked on

2022-01-14 22:34:03 - [TEST_STEP][PASSED] - click(findTestObject("Page_Course Test Automation/Add lesson note/button_Add an activity or resource")): Object: 'Object Repository/Page_Course Test Automation/Add lesson note/button_Add an activity or resource' is clicked on

2022-01-14 22:34:04 - [MESSAGE][PASSED] - Object: 'Object Repository/Page_Course Test Automation/Add lesson note/button_Add an activity or resource' is clicked on

2022-01-14 22:34:04 - [TEST_STEP][PASSED] - click(findTestObject("Page_Course Test Automation/Add lesson note/icon file")): Object: 'Object Repository/Page_Course Test Automation/Add lesson note/icon file' is clicked on

2022-01-14 22:34:06 - [MESSAGE][PASSED] - Object: 'Object Repository/Page_Course Test Automation/Add lesson note/icon file' is clicked on

2022-01-14 22:34:06 - [TEST_STEP][PASSED] - setText(findTestObject("Page_Course Test Automation/Add lesson note/input_Name_name"), "Lesson note - Week 02"): Text 'Lesson note - Week 02' is set on object 'Object Repository/Page_Course Test Automation/Add lesson note/input_Name_name'

2022-01-14 22:34:08 - [MESSAGE][PASSED] - Text 'Lesson note - Week 02' is set on object 'Object Repository/Page_Course Test Automation/Add lesson note/input_Name_name'

2022-01-14 22:34:08 - [TEST_STEP][PASSED] - click(findTestObject("Page_Course Test Automation/Add lesson note/Select file in general")): Object: 'Object Repository/Page_Course Test Automation/Add lesson note/Select file in general' is clicked on

2022-01-14 22:34:09 - [MESSAGE][PASSED] - Object: 'Object Repository/Page_Course Test Automation/Add lesson note/Select file in general' is clicked on

2022-01-14 22:34:09 - [TEST_STEP][PASSED] - click(findTestObject("Page_Course Test Automation/Add lesson note/select upload file method")): Object: 'Object Repository/Page_Course Test Automation/Add lesson note/select upload file method' is clicked on

2022-01-14 22:34:09 - [MESSAGE][PASSED] - Object: 'Object Repository/Page_Course Test Automation/Add lesson note/select upload file method' is clicked on

2022-01-14 22:34:09 - [TEST_STEP][PASSED] - uploadFile(findTestObject("Page_Course Test Automation/Add lesson note/choose file upload"), "D:\TestAutomation-SEBonus-Group10\Note-Week02.docx"): File 'D:\TestAutomation-SEBonus-Group10\Note-Week02.docx' sent to object: 'Object Repository/Page_Course Test Automation/Add lesson note/choose file upload'

2022-01-14 22:34:10 - [MESSAGE][PASSED] - File 'D:\TestAutomation-SEBonus-Group10\Note-Week02.docx' sent to object: 'Object Repository/Page_Course Test Automation/Add lesson note/choose file upload'

2022-01-14 22:34:10 - [TEST_STEP][PASSED] - click(findTestObject("Page_Course Test Automation/Add lesson note/button_Upload this file")): Object: 'Object Repository/Page_Course Test Automation/Add lesson note/button_Upload this file' is clicked on

2022-01-14 22:34:10 - [MESSAGE][PASSED] - Object: 'Object Repository/Page_Course Test Automation/Add lesson note/button_Upload this file' is clicked on

2022-01-14 22:34:10 - [TEST_STEP][PASSED] - click(findTestObject("Page_Course Test Automation/Add lesson note/submitbutton")): Object: 'Object Repository/Page_Course Test Automation/Add lesson note/submitbutton' is clicked on

2022-01-14 22:34:12 - [MESSAGE][PASSED] - Object: 'Object Repository/Page_Course Test Automation/Add lesson note/submitbutton' is clicked on

2022-01-14 22:34:12 - [TEST_STEP][PASSED] - click(findTestObject("Page_Course Test Automation/Edit lesson note/i_Mark as done_icon fa fa-ellipsis-v fa-fw")): Object: 'Object Repository/Page_Course Test Automation/Edit lesson note/i_Mark as done_icon fa fa-ellipsis-v fa-fw' is clicked on

2022-01-14 22:34:13 - [MESSAGE][PASSED] - Object: 'Object Repository/Page_Course Test Automation/Edit lesson note/i_Mark as done_icon fa fa-ellipsis-v fa-fw' is clicked on

2022-01-14 22:34:13 - [TEST_STEP][PASSED] - click(findTestObject("Page_Course Test Automation/Edit lesson note/span_Delete")): Object: 'Object Repository/Page_Course Test Automation/Edit lesson note/span_Delete' is clicked on

2022-01-14 22:34:13 - [MESSAGE][PASSED] - Object: 'Object Repository/Page_Course Test Automation/Edit lesson note/span_Delete' is clicked on

2022-01-14 22:34:13 - [TEST_STEP][PASSED] - click(findTestObject("Page_Course Test Automation/Edit lesson note/button_Yes")): Object: 'Object Repository/Page_Course Test Automation/Edit lesson note/button_Yes' is clicked on

2022-01-14 22:34:14 - [MESSAGE][PASSED] - Object: 'Object Repository/Page_Course Test Automation/Edit lesson note/button_Yes' is clicked on

2022-01-14 22:34:14 - [TEST_STEP][PASSED] - click(findTestObject("Page_Dashboard/a_NH")): Object: 'Object Repository/Page_Dashboard/a_NH' is clicked on

2022-01-14 22:34:15 - [MESSAGE][PASSED] - Object: 'Object Repository/Page_Dashboard/a_NH' is clicked on

2022-01-14 22:34:15 - [TEST_STEP][PASSED] - click(findTestObject("Page_Dashboard/a_Log out")): Object: 'Object Repository/Page_Dashboard/a_Log out' is clicked on

2022-01-14 22:34:16 - [MESSAGE][PASSED] - Object: 'Object Repository/Page_Dashboard/a_Log out' is clicked on

2022-01-14 22:34:16 - [TEST_STEP][PASSED] - closeBrowser(): Browser is closed

2022-01-14 22:34:17 - [MESSAGE][PASSED] - Browser is closed]]></system-out>
         <system-err><![CDATA[]]></system-err>
      </testcase>
      <testcase name="Test Cases/Add a URL" time="30.359" classname="Test Cases/Add a URL" status="PASSED">
         <system-out><![CDATA[2022-01-14 22:34:17 - [TEST_CASE][PASSED] - Test Cases/Add a URL: Test Cases/Add a URL

2022-01-14 22:34:17 - [TEST_STEP][PASSED] - openBrowser(""): Browser is opened with url: ''

2022-01-14 22:34:17 - [MESSAGE][INFO] - Starting 'Edge Chromium' driver

2022-01-14 22:34:19 - [MESSAGE][INFO] - Action delay is set to 0 milliseconds

2022-01-14 22:34:20 - [MESSAGE][PASSED] - Browser is opened with url: ''

2022-01-14 22:34:20 - [TEST_STEP][PASSED] - navigateToUrl("localhost"): Navigate to 'http://localhost' successfully

2022-01-14 22:34:21 - [MESSAGE][PASSED] - Navigate to 'http://localhost' successfully

2022-01-14 22:34:21 - [TEST_STEP][PASSED] - click(findTestObject("Page_Home page/a_Log in")): Object: 'Object Repository/Page_Home page/a_Log in' is clicked on

2022-01-14 22:34:22 - [MESSAGE][PASSED] - Object: 'Object Repository/Page_Home page/a_Log in' is clicked on

2022-01-14 22:34:22 - [TEST_STEP][PASSED] - setText(findTestObject("Page_Home page Log in to the site/input_Username_username"), "teacher1"): Text 'teacher1' is set on object 'Object Repository/Page_Home page Log in to the site/input_Username_username'

2022-01-14 22:34:23 - [MESSAGE][PASSED] - Text 'teacher1' is set on object 'Object Repository/Page_Home page Log in to the site/input_Username_username'

2022-01-14 22:34:23 - [TEST_STEP][PASSED] - setText(findTestObject("Page_Home page Log in to the site/input_Password_password (1)"), "Group_10"): Text 'Group_10' is set on object 'Object Repository/Page_Home page Log in to the site/input_Password_password (1)'

2022-01-14 22:34:24 - [MESSAGE][PASSED] - Text 'Group_10' is set on object 'Object Repository/Page_Home page Log in to the site/input_Password_password (1)'

2022-01-14 22:34:24 - [TEST_STEP][PASSED] - click(findTestObject("Page_Home page Log in to the site/button_Log in")): Object: 'Object Repository/Page_Home page Log in to the site/button_Log in' is clicked on

2022-01-14 22:34:26 - [MESSAGE][PASSED] - Object: 'Object Repository/Page_Home page Log in to the site/button_Log in' is clicked on

2022-01-14 22:34:26 - [TEST_STEP][PASSED] - click(findTestObject("Page_Dashboard/a_My courses (1)")): Object: 'Object Repository/Page_Dashboard/a_My courses (1)' is clicked on

2022-01-14 22:34:27 - [MESSAGE][PASSED] - Object: 'Object Repository/Page_Dashboard/a_My courses (1)' is clicked on

2022-01-14 22:34:27 - [TEST_STEP][PASSED] - click(findTestObject("Page_My courses/span_Test Automation")): Object: 'Object Repository/Page_My courses/span_Test Automation' is clicked on

2022-01-14 22:34:29 - [MESSAGE][PASSED] - Object: 'Object Repository/Page_My courses/span_Test Automation' is clicked on

2022-01-14 22:34:29 - [TEST_STEP][PASSED] - click(findTestObject("Page_Course Test Automation/input_Edit mode_setmode")): Object: 'Object Repository/Page_Course Test Automation/input_Edit mode_setmode' is clicked on

2022-01-14 22:34:30 - [MESSAGE][PASSED] - Object: 'Object Repository/Page_Course Test Automation/input_Edit mode_setmode' is clicked on

2022-01-14 22:34:30 - [TEST_STEP][PASSED] - click(findTestObject("Page_Course Test Automation/Add lesson note/button_Add an activity or resource")): Object: 'Object Repository/Page_Course Test Automation/Add lesson note/button_Add an activity or resource' is clicked on

2022-01-14 22:34:31 - [MESSAGE][PASSED] - Object: 'Object Repository/Page_Course Test Automation/Add lesson note/button_Add an activity or resource' is clicked on

2022-01-14 22:34:31 - [TEST_STEP][PASSED] - click(findTestObject("Page_Course Test Automation/Add a URL/icon URL")): Object: 'Object Repository/Page_Course Test Automation/Add a URL/icon URL' is clicked on

2022-01-14 22:34:34 - [MESSAGE][PASSED] - Object: 'Object Repository/Page_Course Test Automation/Add a URL/icon URL' is clicked on

2022-01-14 22:34:34 - [TEST_STEP][PASSED] - setText(findTestObject("Page_Course Test Automation/Add a URL/input_Name_name"), "Introduce course"): Text 'Introduce course' is set on object 'Object Repository/Page_Course Test Automation/Add a URL/input_Name_name'

2022-01-14 22:34:35 - [MESSAGE][PASSED] - Text 'Introduce course' is set on object 'Object Repository/Page_Course Test Automation/Add a URL/input_Name_name'

2022-01-14 22:34:35 - [TEST_STEP][PASSED] - setText(findTestObject("Page_Course Test Automation/Add a URL/input_External URL_externalurl"), "https://www.youtube.com/watch?v=jNxUnXahFcg&ab_channel=FITHCMUS"): Text 'https://www.youtube.com/watch?v=jNxUnXahFcg&ab_channel=FITHCMUS' is set on object 'Object Repository/Page_Course Test Automation/Add a URL/input_External URL_externalurl'

2022-01-14 22:34:36 - [MESSAGE][PASSED] - Text 'https://www.youtube.com/watch?v=jNxUnXahFcg&ab_channel=FITHCMUS' is set on object 'Object Repository/Page_Course Test Automation/Add a URL/input_External URL_externalurl'

2022-01-14 22:34:36 - [TEST_STEP][PASSED] - click(findTestObject("Page_Course Test Automation/Add a URL/submitbutton")): Object: 'Object Repository/Page_Course Test Automation/Add a URL/submitbutton' is clicked on

2022-01-14 22:34:37 - [MESSAGE][PASSED] - Object: 'Object Repository/Page_Course Test Automation/Add a URL/submitbutton' is clicked on

2022-01-14 22:34:37 - [TEST_STEP][PASSED] - click(findTestObject("Page_Course Test Automation/Add a URL/a_Introduce course  URL")): Object: 'Object Repository/Page_Course Test Automation/Add a URL/a_Introduce course  URL' is clicked on

2022-01-14 22:34:39 - [MESSAGE][PASSED] - Object: 'Object Repository/Page_Course Test Automation/Add a URL/a_Introduce course  URL' is clicked on

2022-01-14 22:34:39 - [TEST_STEP][PASSED] - click(findTestObject("Page_Course Test Automation/Add a URL/a_httpswww.youtube.comwatchvjNxUnXahFcgab_channelFITHCMUS")): Object: 'Object Repository/Page_Course Test Automation/Add a URL/a_httpswww.youtube.comwatchvjNxUnXahFcgab_channelFITHCMUS' is clicked on

2022-01-14 22:34:43 - [MESSAGE][PASSED] - Object: 'Object Repository/Page_Course Test Automation/Add a URL/a_httpswww.youtube.comwatchvjNxUnXahFcgab_channelFITHCMUS' is clicked on

2022-01-14 22:34:43 - [TEST_STEP][PASSED] - back(): Navigate back successfully

2022-01-14 22:34:44 - [MESSAGE][PASSED] - Navigate back successfully

2022-01-14 22:34:44 - [TEST_STEP][PASSED] - click(findTestObject("Page_Dashboard/a_NH")): Object: 'Object Repository/Page_Dashboard/a_NH' is clicked on

2022-01-14 22:34:45 - [MESSAGE][PASSED] - Object: 'Object Repository/Page_Dashboard/a_NH' is clicked on

2022-01-14 22:34:45 - [TEST_STEP][PASSED] - click(findTestObject("Page_Dashboard/a_Log out")): Object: 'Object Repository/Page_Dashboard/a_Log out' is clicked on

2022-01-14 22:34:46 - [MESSAGE][PASSED] - Object: 'Object Repository/Page_Dashboard/a_Log out' is clicked on

2022-01-14 22:34:46 - [TEST_STEP][PASSED] - closeBrowser(): Browser is closed

2022-01-14 22:34:47 - [MESSAGE][PASSED] - Browser is closed]]></system-out>
         <system-err><![CDATA[]]></system-err>
      </testcase>
      <testcase name="Test Cases/Enroll student in a course" time="19.518" classname="Test Cases/Enroll student in a course" status="PASSED">
         <system-out><![CDATA[2022-01-14 22:34:47 - [TEST_CASE][PASSED] - Test Cases/Enroll student in a course: Test Cases/Enroll student in a course

2022-01-14 22:34:48 - [TEST_STEP][PASSED] - openBrowser(""): Browser is opened with url: ''

2022-01-14 22:34:48 - [MESSAGE][INFO] - Starting 'Edge Chromium' driver

2022-01-14 22:34:50 - [MESSAGE][INFO] - Action delay is set to 0 milliseconds

2022-01-14 22:34:51 - [MESSAGE][PASSED] - Browser is opened with url: ''

2022-01-14 22:34:51 - [TEST_STEP][PASSED] - navigateToUrl("localhost"): Navigate to 'http://localhost' successfully

2022-01-14 22:34:51 - [MESSAGE][PASSED] - Navigate to 'http://localhost' successfully

2022-01-14 22:34:51 - [TEST_STEP][PASSED] - click(findTestObject("Page_Home page/a_Log in")): Object: 'Object Repository/Page_Home page/a_Log in' is clicked on

2022-01-14 22:34:52 - [MESSAGE][PASSED] - Object: 'Object Repository/Page_Home page/a_Log in' is clicked on

2022-01-14 22:34:52 - [TEST_STEP][PASSED] - setText(findTestObject("Page_Home page Log in to the site/input_Username_username"), "teacher1"): Text 'teacher1' is set on object 'Object Repository/Page_Home page Log in to the site/input_Username_username'

2022-01-14 22:34:53 - [MESSAGE][PASSED] - Text 'teacher1' is set on object 'Object Repository/Page_Home page Log in to the site/input_Username_username'

2022-01-14 22:34:53 - [TEST_STEP][PASSED] - setText(findTestObject("Page_Home page Log in to the site/input_Password_password (1)"), "Group_10"): Text 'Group_10' is set on object 'Object Repository/Page_Home page Log in to the site/input_Password_password (1)'

2022-01-14 22:34:54 - [MESSAGE][PASSED] - Text 'Group_10' is set on object 'Object Repository/Page_Home page Log in to the site/input_Password_password (1)'

2022-01-14 22:34:54 - [TEST_STEP][PASSED] - click(findTestObject("Page_Home page Log in to the site/button_Log in")): Object: 'Object Repository/Page_Home page Log in to the site/button_Log in' is clicked on

2022-01-14 22:34:55 - [MESSAGE][PASSED] - Object: 'Object Repository/Page_Home page Log in to the site/button_Log in' is clicked on

2022-01-14 22:34:55 - [TEST_STEP][PASSED] - click(findTestObject("Page_Dashboard/a_My courses (1)")): Object: 'Object Repository/Page_Dashboard/a_My courses (1)' is clicked on

2022-01-14 22:34:56 - [MESSAGE][PASSED] - Object: 'Object Repository/Page_Dashboard/a_My courses (1)' is clicked on

2022-01-14 22:34:56 - [TEST_STEP][PASSED] - click(findTestObject("Page_My courses/span_Test Automation")): Object: 'Object Repository/Page_My courses/span_Test Automation' is clicked on

2022-01-14 22:34:58 - [MESSAGE][PASSED] - Object: 'Object Repository/Page_My courses/span_Test Automation' is clicked on

2022-01-14 22:34:58 - [TEST_STEP][PASSED] - click(findTestObject("Page_Course Test Automation/Enroll student/a_Participants")): Object: 'Object Repository/Page_Course Test Automation/Enroll student/a_Participants' is clicked on

2022-01-14 22:34:59 - [MESSAGE][PASSED] - Object: 'Object Repository/Page_Course Test Automation/Enroll student/a_Participants' is clicked on

2022-01-14 22:34:59 - [TEST_STEP][PASSED] - click(findTestObject("Page_Course Test Automation/Enroll student/input_With selected users_btn btn-primary")): Object: 'Object Repository/Page_Course Test Automation/Enroll student/input_With selected users_btn btn-primary' is clicked on

2022-01-14 22:35:00 - [MESSAGE][PASSED] - Object: 'Object Repository/Page_Course Test Automation/Enroll student/input_With selected users_btn btn-primary' is clicked on

2022-01-14 22:35:00 - [TEST_STEP][PASSED] - setText(findTestObject("Page_Course Test Automation/Enroll student/input_name_user"), "Nguyen Hoa"): Text 'Nguyen Hoa' is set on object 'Object Repository/Page_Course Test Automation/Enroll student/input_name_user'

2022-01-14 22:35:02 - [MESSAGE][PASSED] - Text 'Nguyen Hoa' is set on object 'Object Repository/Page_Course Test Automation/Enroll student/input_name_user'

2022-01-14 22:35:02 - [TEST_STEP][PASSED] - click(findTestObject("Page_Course Test Automation/Enroll student/span_Si Minh")): Object: 'Object Repository/Page_Course Test Automation/Enroll student/span_Si Minh' is clicked on

2022-01-14 22:35:03 - [MESSAGE][PASSED] - Object: 'Object Repository/Page_Course Test Automation/Enroll student/span_Si Minh' is clicked on

2022-01-14 22:35:03 - [TEST_STEP][PASSED] - click(findTestObject("Page_Course Test Automation/Enroll student/button_Enrol users")): Object: 'Object Repository/Page_Course Test Automation/Enroll student/button_Enrol users' is clicked on

2022-01-14 22:35:04 - [MESSAGE][PASSED] - Object: 'Object Repository/Page_Course Test Automation/Enroll student/button_Enrol users' is clicked on

2022-01-14 22:35:04 - [TEST_STEP][PASSED] - click(findTestObject("Page_Dashboard/a_NH")): Object: 'Object Repository/Page_Dashboard/a_NH' is clicked on

2022-01-14 22:35:05 - [MESSAGE][PASSED] - Object: 'Object Repository/Page_Dashboard/a_NH' is clicked on

2022-01-14 22:35:05 - [TEST_STEP][PASSED] - click(findTestObject("Page_Dashboard/a_Log out")): Object: 'Object Repository/Page_Dashboard/a_Log out' is clicked on

2022-01-14 22:35:06 - [MESSAGE][PASSED] - Object: 'Object Repository/Page_Dashboard/a_Log out' is clicked on

2022-01-14 22:35:06 - [TEST_STEP][PASSED] - closeBrowser(): Browser is closed

2022-01-14 22:35:07 - [MESSAGE][PASSED] - Browser is closed]]></system-out>
         <system-err><![CDATA[]]></system-err>
      </testcase>
      <testcase name="Test Cases/Enroll in a course with incorrect key" time="16.593" classname="Test Cases/Enroll in a course with incorrect key" status="PASSED">
         <system-out><![CDATA[2022-01-14 22:35:07 - [TEST_CASE][PASSED] - Test Cases/Enroll in a course with incorrect key: Test Cases/Enroll in a course with incorrect key

2022-01-14 22:35:07 - [TEST_STEP][PASSED] - openBrowser(""): Browser is opened with url: ''

2022-01-14 22:35:07 - [MESSAGE][INFO] - Starting 'Edge Chromium' driver

2022-01-14 22:35:09 - [MESSAGE][INFO] - Action delay is set to 0 milliseconds

2022-01-14 22:35:10 - [MESSAGE][PASSED] - Browser is opened with url: ''

2022-01-14 22:35:10 - [TEST_STEP][PASSED] - navigateToUrl("localhost"): Navigate to 'http://localhost' successfully

2022-01-14 22:35:11 - [MESSAGE][PASSED] - Navigate to 'http://localhost' successfully

2022-01-14 22:35:11 - [TEST_STEP][PASSED] - click(findTestObject("Page_Home page/a_Log in")): Object: 'Object Repository/Page_Home page/a_Log in' is clicked on

2022-01-14 22:35:12 - [MESSAGE][PASSED] - Object: 'Object Repository/Page_Home page/a_Log in' is clicked on

2022-01-14 22:35:12 - [TEST_STEP][PASSED] - setText(findTestObject("Page_Home page Log in to the site/input_Username_username"), "student2"): Text 'student2' is set on object 'Object Repository/Page_Home page Log in to the site/input_Username_username'

2022-01-14 22:35:12 - [MESSAGE][PASSED] - Text 'student2' is set on object 'Object Repository/Page_Home page Log in to the site/input_Username_username'

2022-01-14 22:35:12 - [TEST_STEP][PASSED] - setText(findTestObject("Page_Home page Log in to the site/input_Password_password (1)"), "Group_10"): Text 'Group_10' is set on object 'Object Repository/Page_Home page Log in to the site/input_Password_password (1)'

2022-01-14 22:35:13 - [MESSAGE][PASSED] - Text 'Group_10' is set on object 'Object Repository/Page_Home page Log in to the site/input_Password_password (1)'

2022-01-14 22:35:13 - [TEST_STEP][PASSED] - click(findTestObject("Page_Home page Log in to the site/button_Log in")): Object: 'Object Repository/Page_Home page Log in to the site/button_Log in' is clicked on

2022-01-14 22:35:14 - [MESSAGE][PASSED] - Object: 'Object Repository/Page_Home page Log in to the site/button_Log in' is clicked on

2022-01-14 22:35:14 - [TEST_STEP][PASSED] - click(findTestObject("Self enroll course/a_Home")): Object: 'Object Repository/Self enroll course/a_Home' is clicked on

2022-01-14 22:35:16 - [MESSAGE][PASSED] - Object: 'Object Repository/Self enroll course/a_Home' is clicked on

2022-01-14 22:35:16 - [TEST_STEP][PASSED] - setText(findTestObject("Self enroll course/input_Search courses_q"), "Test automation"): Text 'Test automation' is set on object 'Object Repository/Self enroll course/input_Search courses_q'

2022-01-14 22:35:17 - [MESSAGE][PASSED] - Text 'Test automation' is set on object 'Object Repository/Self enroll course/input_Search courses_q'

2022-01-14 22:35:17 - [TEST_STEP][PASSED] - click(findTestObject("Self enroll course/icon search")): Object: 'Object Repository/Self enroll course/icon search' is clicked on

2022-01-14 22:35:17 - [MESSAGE][PASSED] - Object: 'Object Repository/Self enroll course/icon search' is clicked on

2022-01-14 22:35:17 - [TEST_STEP][PASSED] - click(findTestObject("Self enroll course/a_Test Automation")): Object: 'Object Repository/Self enroll course/a_Test Automation' is clicked on

2022-01-14 22:35:18 - [MESSAGE][PASSED] - Object: 'Object Repository/Self enroll course/a_Test Automation' is clicked on

2022-01-14 22:35:18 - [TEST_STEP][PASSED] - setText(findTestObject("Self enroll course/input_Enrolment key_enrolpassword"), "12345"): Text '12345' is set on object 'Object Repository/Self enroll course/input_Enrolment key_enrolpassword'

2022-01-14 22:35:19 - [MESSAGE][PASSED] - Text '12345' is set on object 'Object Repository/Self enroll course/input_Enrolment key_enrolpassword'

2022-01-14 22:35:19 - [TEST_STEP][PASSED] - click(findTestObject("Self enroll course/input_Enrolment key_submitbutton")): Object: 'Object Repository/Self enroll course/input_Enrolment key_submitbutton' is clicked on

2022-01-14 22:35:20 - [MESSAGE][PASSED] - Object: 'Object Repository/Self enroll course/input_Enrolment key_submitbutton' is clicked on

2022-01-14 22:35:20 - [TEST_STEP][PASSED] - verifyTextPresent("Incorrect enrolment key, please try again", false): Text 'Incorrect enrolment key, please try again' is present on page 

2022-01-14 22:35:21 - [MESSAGE][PASSED] - Text 'Incorrect enrolment key, please try again' is present on page 

2022-01-14 22:35:21 - [TEST_STEP][PASSED] - click(findTestObject("Page_Dashboard/a_NH")): Object: 'Object Repository/Page_Dashboard/a_NH' is clicked on

2022-01-14 22:35:21 - [MESSAGE][PASSED] - Object: 'Object Repository/Page_Dashboard/a_NH' is clicked on

2022-01-14 22:35:21 - [TEST_STEP][PASSED] - click(findTestObject("Page_Dashboard/a_Log out")): Object: 'Object Repository/Page_Dashboard/a_Log out' is clicked on

2022-01-14 22:35:22 - [MESSAGE][PASSED] - Object: 'Object Repository/Page_Dashboard/a_Log out' is clicked on

2022-01-14 22:35:22 - [TEST_STEP][PASSED] - closeBrowser(): Browser is closed

2022-01-14 22:35:23 - [MESSAGE][PASSED] - Browser is closed]]></system-out>
         <system-err><![CDATA[]]></system-err>
      </testcase>
      <testcase name="Test Cases/Enroll in a course with valid key" time="20.344" classname="Test Cases/Enroll in a course with valid key" status="PASSED">
         <system-out><![CDATA[2022-01-14 22:35:23 - [TEST_CASE][PASSED] - Test Cases/Enroll in a course with valid key: Test Cases/Enroll in a course with valid key

2022-01-14 22:35:24 - [TEST_STEP][PASSED] - openBrowser(""): Browser is opened with url: ''

2022-01-14 22:35:24 - [MESSAGE][INFO] - Starting 'Edge Chromium' driver

2022-01-14 22:35:26 - [MESSAGE][INFO] - Action delay is set to 0 milliseconds

2022-01-14 22:35:27 - [MESSAGE][PASSED] - Browser is opened with url: ''

2022-01-14 22:35:27 - [TEST_STEP][PASSED] - navigateToUrl("localhost"): Navigate to 'http://localhost' successfully

2022-01-14 22:35:28 - [MESSAGE][PASSED] - Navigate to 'http://localhost' successfully

2022-01-14 22:35:28 - [TEST_STEP][PASSED] - click(findTestObject("Page_Home page/a_Log in")): Object: 'Object Repository/Page_Home page/a_Log in' is clicked on

2022-01-14 22:35:29 - [MESSAGE][PASSED] - Object: 'Object Repository/Page_Home page/a_Log in' is clicked on

2022-01-14 22:35:29 - [TEST_STEP][PASSED] - setText(findTestObject("Page_Home page Log in to the site/input_Username_username"), "student2"): Text 'student2' is set on object 'Object Repository/Page_Home page Log in to the site/input_Username_username'

2022-01-14 22:35:29 - [MESSAGE][PASSED] - Text 'student2' is set on object 'Object Repository/Page_Home page Log in to the site/input_Username_username'

2022-01-14 22:35:29 - [TEST_STEP][PASSED] - setText(findTestObject("Page_Home page Log in to the site/input_Password_password (1)"), "Group_10"): Text 'Group_10' is set on object 'Object Repository/Page_Home page Log in to the site/input_Password_password (1)'

2022-01-14 22:35:30 - [MESSAGE][PASSED] - Text 'Group_10' is set on object 'Object Repository/Page_Home page Log in to the site/input_Password_password (1)'

2022-01-14 22:35:30 - [TEST_STEP][PASSED] - click(findTestObject("Page_Home page Log in to the site/button_Log in")): Object: 'Object Repository/Page_Home page Log in to the site/button_Log in' is clicked on

2022-01-14 22:35:32 - [MESSAGE][PASSED] - Object: 'Object Repository/Page_Home page Log in to the site/button_Log in' is clicked on

2022-01-14 22:35:32 - [TEST_STEP][PASSED] - click(findTestObject("Self enroll course/a_Home")): Object: 'Object Repository/Self enroll course/a_Home' is clicked on

2022-01-14 22:35:33 - [MESSAGE][PASSED] - Object: 'Object Repository/Self enroll course/a_Home' is clicked on

2022-01-14 22:35:33 - [TEST_STEP][PASSED] - setText(findTestObject("Self enroll course/input_Search courses_q"), "Test automation"): Text 'Test automation' is set on object 'Object Repository/Self enroll course/input_Search courses_q'

2022-01-14 22:35:34 - [MESSAGE][PASSED] - Text 'Test automation' is set on object 'Object Repository/Self enroll course/input_Search courses_q'

2022-01-14 22:35:34 - [TEST_STEP][PASSED] - click(findTestObject("Self enroll course/icon search")): Object: 'Object Repository/Self enroll course/icon search' is clicked on

2022-01-14 22:35:35 - [MESSAGE][PASSED] - Object: 'Object Repository/Self enroll course/icon search' is clicked on

2022-01-14 22:35:35 - [TEST_STEP][PASSED] - click(findTestObject("Self enroll course/a_Test Automation")): Object: 'Object Repository/Self enroll course/a_Test Automation' is clicked on

2022-01-14 22:35:36 - [MESSAGE][PASSED] - Object: 'Object Repository/Self enroll course/a_Test Automation' is clicked on

2022-01-14 22:35:36 - [TEST_STEP][PASSED] - setText(findTestObject("Self enroll course/input_Enrolment key_enrolpassword"), "Group_10"): Text 'Group_10' is set on object 'Object Repository/Self enroll course/input_Enrolment key_enrolpassword'

2022-01-14 22:35:37 - [MESSAGE][PASSED] - Text 'Group_10' is set on object 'Object Repository/Self enroll course/input_Enrolment key_enrolpassword'

2022-01-14 22:35:37 - [TEST_STEP][PASSED] - click(findTestObject("Self enroll course/input_Enrolment key_submitbutton")): Object: 'Object Repository/Self enroll course/input_Enrolment key_submitbutton' is clicked on

2022-01-14 22:35:40 - [MESSAGE][PASSED] - Object: 'Object Repository/Self enroll course/input_Enrolment key_submitbutton' is clicked on

2022-01-14 22:35:40 - [TEST_STEP][PASSED] - verifyTextPresent("You are enrolled in the course.", false): Text 'You are enrolled in the course.' is present on page 

2022-01-14 22:35:41 - [MESSAGE][PASSED] - Text 'You are enrolled in the course.' is present on page 

2022-01-14 22:35:41 - [TEST_STEP][PASSED] - click(findTestObject("Page_Dashboard/a_NH")): Object: 'Object Repository/Page_Dashboard/a_NH' is clicked on

2022-01-14 22:35:42 - [MESSAGE][PASSED] - Object: 'Object Repository/Page_Dashboard/a_NH' is clicked on

2022-01-14 22:35:42 - [TEST_STEP][PASSED] - click(findTestObject("Page_Dashboard/a_Log out")): Object: 'Object Repository/Page_Dashboard/a_Log out' is clicked on

2022-01-14 22:35:43 - [MESSAGE][PASSED] - Object: 'Object Repository/Page_Dashboard/a_Log out' is clicked on

2022-01-14 22:35:43 - [TEST_STEP][PASSED] - closeBrowser(): Browser is closed

2022-01-14 22:35:44 - [MESSAGE][PASSED] - Browser is closed]]></system-out>
         <system-err><![CDATA[]]></system-err>
      </testcase>
      <testcase name="Test Cases/View notification - Student" time="57.67" classname="Test Cases/View notification - Student" status="FAILED">
         <failure type="FAILED" message="Test Cases/View notification - Student FAILED.
Reason:
com.kms.katalon.core.exception.StepFailedException: Unable to click on object 'Object Repository/Page_TA Homework 1/div_You have submitted your assignment subm_a37a40'
	at com.kms.katalon.core.webui.keyword.internal.WebUIKeywordMain.stepFailed(WebUIKeywordMain.groovy:64)
	at com.kms.katalon.core.webui.keyword.internal.WebUIKeywordMain.runKeyword(WebUIKeywordMain.groovy:26)
	at com.kms.katalon.core.webui.keyword.builtin.ClickKeyword.click(ClickKeyword.groovy:74)
	at com.kms.katalon.core.webui.keyword.builtin.ClickKeyword.execute(ClickKeyword.groovy:40)
	at com.kms.katalon.core.keyword.internal.KeywordExecutor.executeKeywordForPlatform(KeywordExecutor.groovy:74)
	at com.kms.katalon.core.webui.keyword.WebUiBuiltInKeywords.click(WebUiBuiltInKeywords.groovy:620)
	at com.kms.katalon.core.webui.keyword.WebUiBuiltInKeywords$click$1.call(Unknown Source)
	at View notification - Student.run(View notification - Student:47)
	at com.kms.katalon.core.main.ScriptEngine.run(ScriptEngine.java:194)
	at com.kms.katalon.core.main.ScriptEngine.runScriptAsRawText(ScriptEngine.java:119)
	at com.kms.katalon.core.main.TestCaseExecutor.runScript(TestCaseExecutor.java:442)
	at com.kms.katalon.core.main.TestCaseExecutor.doExecute(TestCaseExecutor.java:433)
	at com.kms.katalon.core.main.TestCaseExecutor.processExecutionPhase(TestCaseExecutor.java:412)
	at com.kms.katalon.core.main.TestCaseExecutor.accessMainPhase(TestCaseExecutor.java:404)
	at com.kms.katalon.core.main.TestCaseExecutor.execute(TestCaseExecutor.java:281)
	at com.kms.katalon.core.main.TestSuiteExecutor.accessTestCaseMainPhase(TestSuiteExecutor.java:202)
	at com.kms.katalon.core.main.TestSuiteExecutor.accessTestSuiteMainPhase(TestSuiteExecutor.java:164)
	at com.kms.katalon.core.main.TestSuiteExecutor.execute(TestSuiteExecutor.java:105)
	at com.kms.katalon.core.main.TestCaseMain.startTestSuite(TestCaseMain.java:181)
	at com.kms.katalon.core.main.TestCaseMain$startTestSuite$0.call(Unknown Source)
	at TempTestSuite1642173476753.run(TempTestSuite1642173476753.groovy:36)
Caused by: com.kms.katalon.core.webui.exception.WebElementNotFoundException: Web element with id: 'Object Repository/Page_TA Homework 1/div_You have submitted your assignment subm_a37a40' located by '//*[(text() = 'You have submitted your assignment submission for Homework 1' or . = 'You have submitted your assignment submission for Homework 1')]' not found
	at com.kms.katalon.core.webui.common.WebUiCommonHelper.findWebElement(WebUiCommonHelper.java:1368)
	at com.kms.katalon.core.webui.keyword.internal.WebUIAbstractKeyword.findWebElement(WebUIAbstractKeyword.groovy:27)
	at com.kms.katalon.core.webui.keyword.builtin.ClickKeyword$_click_closure1.doCall(ClickKeyword.groovy:65)
	at com.kms.katalon.core.webui.keyword.builtin.ClickKeyword$_click_closure1.call(ClickKeyword.groovy)
	at com.kms.katalon.core.webui.keyword.internal.WebUIKeywordMain.runKeyword(WebUIKeywordMain.groovy:20)
	... 19 more
"/>
         <system-out><![CDATA[2022-01-14 22:35:44 - [TEST_CASE][FAILED] - Test Cases/View notification - Student: Test Cases/View notification - Student FAILED.
Reason:
com.kms.katalon.core.exception.StepFailedException: Unable to click on object 'Object Repository/Page_TA Homework 1/div_You have submitted your assignment subm_a37a40'
	at com.kms.katalon.core.webui.keyword.internal.WebUIKeywordMain.stepFailed(WebUIKeywordMain.groovy:64)
	at com.kms.katalon.core.webui.keyword.internal.WebUIKeywordMain.runKeyword(WebUIKeywordMain.groovy:26)
	at com.kms.katalon.core.webui.keyword.builtin.ClickKeyword.click(ClickKeyword.groovy:74)
	at com.kms.katalon.core.webui.keyword.builtin.ClickKeyword.execute(ClickKeyword.groovy:40)
	at com.kms.katalon.core.keyword.internal.KeywordExecutor.executeKeywordForPlatform(KeywordExecutor.groovy:74)
	at com.kms.katalon.core.webui.keyword.WebUiBuiltInKeywords.click(WebUiBuiltInKeywords.groovy:620)
	at com.kms.katalon.core.webui.keyword.WebUiBuiltInKeywords$click$1.call(Unknown Source)
	at View notification - Student.run(View notification - Student:47)
	at com.kms.katalon.core.main.ScriptEngine.run(ScriptEngine.java:194)
	at com.kms.katalon.core.main.ScriptEngine.runScriptAsRawText(ScriptEngine.java:119)
	at com.kms.katalon.core.main.TestCaseExecutor.runScript(TestCaseExecutor.java:442)
	at com.kms.katalon.core.main.TestCaseExecutor.doExecute(TestCaseExecutor.java:433)
	at com.kms.katalon.core.main.TestCaseExecutor.processExecutionPhase(TestCaseExecutor.java:412)
	at com.kms.katalon.core.main.TestCaseExecutor.accessMainPhase(TestCaseExecutor.java:404)
	at com.kms.katalon.core.main.TestCaseExecutor.execute(TestCaseExecutor.java:281)
	at com.kms.katalon.core.main.TestSuiteExecutor.accessTestCaseMainPhase(TestSuiteExecutor.java:202)
	at com.kms.katalon.core.main.TestSuiteExecutor.accessTestSuiteMainPhase(TestSuiteExecutor.java:164)
	at com.kms.katalon.core.main.TestSuiteExecutor.execute(TestSuiteExecutor.java:105)
	at com.kms.katalon.core.main.TestCaseMain.startTestSuite(TestCaseMain.java:181)
	at com.kms.katalon.core.main.TestCaseMain$startTestSuite$0.call(Unknown Source)
	at TempTestSuite1642173476753.run(TempTestSuite1642173476753.groovy:36)
Caused by: com.kms.katalon.core.webui.exception.WebElementNotFoundException: Web element with id: 'Object Repository/Page_TA Homework 1/div_You have submitted your assignment subm_a37a40' located by '//*[(text() = 'You have submitted your assignment submission for Homework 1' or . = 'You have submitted your assignment submission for Homework 1')]' not found
	at com.kms.katalon.core.webui.common.WebUiCommonHelper.findWebElement(WebUiCommonHelper.java:1368)
	at com.kms.katalon.core.webui.keyword.internal.WebUIAbstractKeyword.findWebElement(WebUIAbstractKeyword.groovy:27)
	at com.kms.katalon.core.webui.keyword.builtin.ClickKeyword$_click_closure1.doCall(ClickKeyword.groovy:65)
	at com.kms.katalon.core.webui.keyword.builtin.ClickKeyword$_click_closure1.call(ClickKeyword.groovy)
	at com.kms.katalon.core.webui.keyword.internal.WebUIKeywordMain.runKeyword(WebUIKeywordMain.groovy:20)
	... 19 more


2022-01-14 22:35:44 - [TEST_STEP][PASSED] - openBrowser(""): Browser is opened with url: ''

2022-01-14 22:35:44 - [MESSAGE][INFO] - Starting 'Edge Chromium' driver

2022-01-14 22:35:46 - [MESSAGE][INFO] - Action delay is set to 0 milliseconds

2022-01-14 22:35:47 - [MESSAGE][PASSED] - Browser is opened with url: ''

2022-01-14 22:35:47 - [TEST_STEP][PASSED] - navigateToUrl("http://localhost/"): Navigate to 'http://localhost/' successfully

2022-01-14 22:35:48 - [MESSAGE][PASSED] - Navigate to 'http://localhost/' successfully

2022-01-14 22:35:48 - [TEST_STEP][PASSED] - click(findTestObject("Page_Home page/a_Log in")): Object: 'Object Repository/Page_Home page/a_Log in' is clicked on

2022-01-14 22:35:49 - [MESSAGE][PASSED] - Object: 'Object Repository/Page_Home page/a_Log in' is clicked on

2022-01-14 22:35:49 - [TEST_STEP][PASSED] - setText(findTestObject("Page_Home page Log in to the site/input_Username_username"), "student1"): Text 'student1' is set on object 'Object Repository/Page_Home page Log in to the site/input_Username_username'

2022-01-14 22:35:50 - [MESSAGE][PASSED] - Text 'student1' is set on object 'Object Repository/Page_Home page Log in to the site/input_Username_username'

2022-01-14 22:35:50 - [TEST_STEP][PASSED] - setEncryptedText(findTestObject("Page_Home page Log in to the site/input_Password_password (1)"), "OFhcon1PzObx3ErJAwGfGA=="): Text ****** has been set on object 'Object Repository/Page_Home page Log in to the site/input_Password_password (1)'

2022-01-14 22:35:50 - [MESSAGE][PASSED] - Text ****** has been set on object 'Object Repository/Page_Home page Log in to the site/input_Password_password (1)'

2022-01-14 22:35:50 - [TEST_STEP][PASSED] - click(findTestObject("Page_Home page Log in to the site/button_Log in")): Object: 'Object Repository/Page_Home page Log in to the site/button_Log in' is clicked on

2022-01-14 22:35:52 - [MESSAGE][PASSED] - Object: 'Object Repository/Page_Home page Log in to the site/button_Log in' is clicked on

2022-01-14 22:35:52 - [TEST_STEP][PASSED] - click(findTestObject("Page_Dashboard/a_My courses (1)")): Object: 'Object Repository/Page_Dashboard/a_My courses (1)' is clicked on

2022-01-14 22:35:54 - [MESSAGE][PASSED] - Object: 'Object Repository/Page_Dashboard/a_My courses (1)' is clicked on

2022-01-14 22:35:54 - [TEST_STEP][PASSED] - click(findTestObject("Object Repository/Page_My courses/span_Test Automation")): Object: 'Object Repository/Page_My courses/span_Test Automation' is clicked on

2022-01-14 22:35:56 - [MESSAGE][PASSED] - Object: 'Object Repository/Page_My courses/span_Test Automation' is clicked on

2022-01-14 22:35:56 - [TEST_STEP][PASSED] - click(findTestObject("Object Repository/Page_Course Test Automation/a_Homework 1  Assignment")): Object: 'Object Repository/Page_Course Test Automation/a_Homework 1  Assignment' is clicked on

2022-01-14 22:35:58 - [MESSAGE][PASSED] - Object: 'Object Repository/Page_Course Test Automation/a_Homework 1  Assignment' is clicked on

2022-01-14 22:35:58 - [TEST_STEP][PASSED] - click(findTestObject("Object Repository/Page_TA Homework 1/button_Edit submission")): Object: 'Object Repository/Page_TA Homework 1/button_Edit submission' is clicked on

2022-01-14 22:35:59 - [MESSAGE][PASSED] - Object: 'Object Repository/Page_TA Homework 1/button_Edit submission' is clicked on

2022-01-14 22:35:59 - [TEST_STEP][PASSED] - setText(findTestObject("Object Repository/Page_TA Homework 1 - Edit submission/div_Test homework1"), "Test homework1"): Text 'Test homework1' is set on object 'Object Repository/Page_TA Homework 1 - Edit submission/div_Test homework1'

2022-01-14 22:36:01 - [MESSAGE][PASSED] - Text 'Test homework1' is set on object 'Object Repository/Page_TA Homework 1 - Edit submission/div_Test homework1'

2022-01-14 22:36:01 - [TEST_STEP][PASSED] - click(findTestObject("Object Repository/Page_TA Homework 1 - Edit submission/input_Loading_submitbutton")): Object: 'Object Repository/Page_TA Homework 1 - Edit submission/input_Loading_submitbutton' is clicked on

2022-01-14 22:36:09 - [MESSAGE][PASSED] - Object: 'Object Repository/Page_TA Homework 1 - Edit submission/input_Loading_submitbutton' is clicked on

2022-01-14 22:36:09 - [TEST_STEP][PASSED] - click(findTestObject("Object Repository/Page_TA Homework 1/i_My courses_icon fa fa-bell-o fa-fw")): Object: 'Object Repository/Page_TA Homework 1/i_My courses_icon fa fa-bell-o fa-fw' is clicked on

2022-01-14 22:36:10 - [MESSAGE][PASSED] - Object: 'Object Repository/Page_TA Homework 1/i_My courses_icon fa fa-bell-o fa-fw' is clicked on

2022-01-14 22:36:10 - [TEST_STEP][FAILED] - click(findTestObject("Object Repository/Page_TA Homework 1/div_You have submitted your assignment subm_a37a40")): Unable to click on object 'Object Repository/Page_TA Homework 1/div_You have submitted your assignment subm_a37a40' (Root cause: com.kms.katalon.core.exception.StepFailedException: Unable to click on object 'Object Repository/Page_TA Homework 1/div_You have submitted your assignment subm_a37a40'
	at com.kms.katalon.core.webui.keyword.internal.WebUIKeywordMain.stepFailed(WebUIKeywordMain.groovy:64)
	at com.kms.katalon.core.webui.keyword.internal.WebUIKeywordMain.runKeyword(WebUIKeywordMain.groovy:26)
	at com.kms.katalon.core.webui.keyword.builtin.ClickKeyword.click(ClickKeyword.groovy:74)
	at com.kms.katalon.core.webui.keyword.builtin.ClickKeyword.execute(ClickKeyword.groovy:40)
	at com.kms.katalon.core.keyword.internal.KeywordExecutor.executeKeywordForPlatform(KeywordExecutor.groovy:74)
	at com.kms.katalon.core.webui.keyword.WebUiBuiltInKeywords.click(WebUiBuiltInKeywords.groovy:620)
	at com.kms.katalon.core.webui.keyword.WebUiBuiltInKeywords$click$1.call(Unknown Source)
	at View notification - Student.run(View notification - Student:47)
	at com.kms.katalon.core.main.ScriptEngine.run(ScriptEngine.java:194)
	at com.kms.katalon.core.main.ScriptEngine.runScriptAsRawText(ScriptEngine.java:119)
	at com.kms.katalon.core.main.TestCaseExecutor.runScript(TestCaseExecutor.java:442)
	at com.kms.katalon.core.main.TestCaseExecutor.doExecute(TestCaseExecutor.java:433)
	at com.kms.katalon.core.main.TestCaseExecutor.processExecutionPhase(TestCaseExecutor.java:412)
	at com.kms.katalon.core.main.TestCaseExecutor.accessMainPhase(TestCaseExecutor.java:404)
	at com.kms.katalon.core.main.TestCaseExecutor.execute(TestCaseExecutor.java:281)
	at com.kms.katalon.core.main.TestSuiteExecutor.accessTestCaseMainPhase(TestSuiteExecutor.java:202)
	at com.kms.katalon.core.main.TestSuiteExecutor.accessTestSuiteMainPhase(TestSuiteExecutor.java:164)
	at com.kms.katalon.core.main.TestSuiteExecutor.execute(TestSuiteExecutor.java:105)
	at com.kms.katalon.core.main.TestCaseMain.startTestSuite(TestCaseMain.java:181)
	at com.kms.katalon.core.main.TestCaseMain$startTestSuite$0.call(Unknown Source)
	at TempTestSuite1642173476753.run(TempTestSuite1642173476753.groovy:36)
Caused by: com.kms.katalon.core.webui.exception.WebElementNotFoundException: Web element with id: 'Object Repository/Page_TA Homework 1/div_You have submitted your assignment subm_a37a40' located by '//*[(text() = 'You have submitted your assignment submission for Homework 1' or . = 'You have submitted your assignment submission for Homework 1')]' not found
	at com.kms.katalon.core.webui.common.WebUiCommonHelper.findWebElement(WebUiCommonHelper.java:1368)
	at com.kms.katalon.core.webui.keyword.internal.WebUIAbstractKeyword.findWebElement(WebUIAbstractKeyword.groovy:27)
	at com.kms.katalon.core.webui.keyword.builtin.ClickKeyword$_click_closure1.doCall(ClickKeyword.groovy:65)
	at com.kms.katalon.core.webui.keyword.builtin.ClickKeyword$_click_closure1.call(ClickKeyword.groovy)
	at com.kms.katalon.core.webui.keyword.internal.WebUIKeywordMain.runKeyword(WebUIKeywordMain.groovy:20)
	at com.kms.katalon.core.webui.keyword.builtin.ClickKeyword.click(ClickKeyword.groovy:74)
	at com.kms.katalon.core.webui.keyword.builtin.ClickKeyword.execute(ClickKeyword.groovy:40)
	at com.kms.katalon.core.keyword.internal.KeywordExecutor.executeKeywordForPlatform(KeywordExecutor.groovy:74)
	at com.kms.katalon.core.webui.keyword.WebUiBuiltInKeywords.click(WebUiBuiltInKeywords.groovy:620)
	at com.kms.katalon.core.webui.keyword.WebUiBuiltInKeywords$click$1.call(Unknown Source)
	at Script1641977242511.run(Script1641977242511.groovy:47)
	... 13 more
)

2022-01-14 22:36:41 - [MESSAGE][INFO] - Unable to find the element located by 'By.xpath: //*[(text() = 'You have submitted your assignment submission for Homework 1' or . = 'You have submitted your assignment submission for Homework 1')]'. Please recheck the objects properties to make sure the desired element is located. 

2022-01-14 22:36:41 - [MESSAGE][FAILED] - Unable to click on object 'Object Repository/Page_TA Homework 1/div_You have submitted your assignment subm_a37a40' (Root cause: com.kms.katalon.core.exception.StepFailedException: Unable to click on object 'Object Repository/Page_TA Homework 1/div_You have submitted your assignment subm_a37a40'
	at com.kms.katalon.core.webui.keyword.internal.WebUIKeywordMain.stepFailed(WebUIKeywordMain.groovy:64)
	at com.kms.katalon.core.webui.keyword.internal.WebUIKeywordMain.runKeyword(WebUIKeywordMain.groovy:26)
	at com.kms.katalon.core.webui.keyword.builtin.ClickKeyword.click(ClickKeyword.groovy:74)
	at com.kms.katalon.core.webui.keyword.builtin.ClickKeyword.execute(ClickKeyword.groovy:40)
	at com.kms.katalon.core.keyword.internal.KeywordExecutor.executeKeywordForPlatform(KeywordExecutor.groovy:74)
	at com.kms.katalon.core.webui.keyword.WebUiBuiltInKeywords.click(WebUiBuiltInKeywords.groovy:620)
	at com.kms.katalon.core.webui.keyword.WebUiBuiltInKeywords$click$1.call(Unknown Source)
	at View notification - Student.run(View notification - Student:47)
	at com.kms.katalon.core.main.ScriptEngine.run(ScriptEngine.java:194)
	at com.kms.katalon.core.main.ScriptEngine.runScriptAsRawText(ScriptEngine.java:119)
	at com.kms.katalon.core.main.TestCaseExecutor.runScript(TestCaseExecutor.java:442)
	at com.kms.katalon.core.main.TestCaseExecutor.doExecute(TestCaseExecutor.java:433)
	at com.kms.katalon.core.main.TestCaseExecutor.processExecutionPhase(TestCaseExecutor.java:412)
	at com.kms.katalon.core.main.TestCaseExecutor.accessMainPhase(TestCaseExecutor.java:404)
	at com.kms.katalon.core.main.TestCaseExecutor.execute(TestCaseExecutor.java:281)
	at com.kms.katalon.core.main.TestSuiteExecutor.accessTestCaseMainPhase(TestSuiteExecutor.java:202)
	at com.kms.katalon.core.main.TestSuiteExecutor.accessTestSuiteMainPhase(TestSuiteExecutor.java:164)
	at com.kms.katalon.core.main.TestSuiteExecutor.execute(TestSuiteExecutor.java:105)
	at com.kms.katalon.core.main.TestCaseMain.startTestSuite(TestCaseMain.java:181)
	at com.kms.katalon.core.main.TestCaseMain$startTestSuite$0.call(Unknown Source)
	at TempTestSuite1642173476753.run(TempTestSuite1642173476753.groovy:36)
Caused by: com.kms.katalon.core.webui.exception.WebElementNotFoundException: Web element with id: 'Object Repository/Page_TA Homework 1/div_You have submitted your assignment subm_a37a40' located by '//*[(text() = 'You have submitted your assignment submission for Homework 1' or . = 'You have submitted your assignment submission for Homework 1')]' not found
	at com.kms.katalon.core.webui.common.WebUiCommonHelper.findWebElement(WebUiCommonHelper.java:1368)
	at com.kms.katalon.core.webui.keyword.internal.WebUIAbstractKeyword.findWebElement(WebUIAbstractKeyword.groovy:27)
	at com.kms.katalon.core.webui.keyword.builtin.ClickKeyword$_click_closure1.doCall(ClickKeyword.groovy:65)
	at com.kms.katalon.core.webui.keyword.builtin.ClickKeyword$_click_closure1.call(ClickKeyword.groovy)
	at com.kms.katalon.core.webui.keyword.internal.WebUIKeywordMain.runKeyword(WebUIKeywordMain.groovy:20)
	at com.kms.katalon.core.webui.keyword.builtin.ClickKeyword.click(ClickKeyword.groovy:74)
	at com.kms.katalon.core.webui.keyword.builtin.ClickKeyword.execute(ClickKeyword.groovy:40)
	at com.kms.katalon.core.keyword.internal.KeywordExecutor.executeKeywordForPlatform(KeywordExecutor.groovy:74)
	at com.kms.katalon.core.webui.keyword.WebUiBuiltInKeywords.click(WebUiBuiltInKeywords.groovy:620)
	at com.kms.katalon.core.webui.keyword.WebUiBuiltInKeywords$click$1.call(Unknown Source)
	at Script1641977242511.run(Script1641977242511.groovy:47)
	... 13 more
)
[[ATTACHMENT|D:\\TestAutomation-SEBonus-Group10\\Test Automation - SE Bonus\\Reports\\20220114_221756\\Run all test cases\\20220114_221756\\1642174601544.png]]]]></system-out>
         <system-err><![CDATA[2022-01-14 22:35:44 - [TEST_CASE][FAILED] - Test Cases/View notification - Student: Test Cases/View notification - Student FAILED.
Reason:
com.kms.katalon.core.exception.StepFailedException: Unable to click on object 'Object Repository/Page_TA Homework 1/div_You have submitted your assignment subm_a37a40'
	at com.kms.katalon.core.webui.keyword.internal.WebUIKeywordMain.stepFailed(WebUIKeywordMain.groovy:64)
	at com.kms.katalon.core.webui.keyword.internal.WebUIKeywordMain.runKeyword(WebUIKeywordMain.groovy:26)
	at com.kms.katalon.core.webui.keyword.builtin.ClickKeyword.click(ClickKeyword.groovy:74)
	at com.kms.katalon.core.webui.keyword.builtin.ClickKeyword.execute(ClickKeyword.groovy:40)
	at com.kms.katalon.core.keyword.internal.KeywordExecutor.executeKeywordForPlatform(KeywordExecutor.groovy:74)
	at com.kms.katalon.core.webui.keyword.WebUiBuiltInKeywords.click(WebUiBuiltInKeywords.groovy:620)
	at com.kms.katalon.core.webui.keyword.WebUiBuiltInKeywords$click$1.call(Unknown Source)
	at View notification - Student.run(View notification - Student:47)
	at com.kms.katalon.core.main.ScriptEngine.run(ScriptEngine.java:194)
	at com.kms.katalon.core.main.ScriptEngine.runScriptAsRawText(ScriptEngine.java:119)
	at com.kms.katalon.core.main.TestCaseExecutor.runScript(TestCaseExecutor.java:442)
	at com.kms.katalon.core.main.TestCaseExecutor.doExecute(TestCaseExecutor.java:433)
	at com.kms.katalon.core.main.TestCaseExecutor.processExecutionPhase(TestCaseExecutor.java:412)
	at com.kms.katalon.core.main.TestCaseExecutor.accessMainPhase(TestCaseExecutor.java:404)
	at com.kms.katalon.core.main.TestCaseExecutor.execute(TestCaseExecutor.java:281)
	at com.kms.katalon.core.main.TestSuiteExecutor.accessTestCaseMainPhase(TestSuiteExecutor.java:202)
	at com.kms.katalon.core.main.TestSuiteExecutor.accessTestSuiteMainPhase(TestSuiteExecutor.java:164)
	at com.kms.katalon.core.main.TestSuiteExecutor.execute(TestSuiteExecutor.java:105)
	at com.kms.katalon.core.main.TestCaseMain.startTestSuite(TestCaseMain.java:181)
	at com.kms.katalon.core.main.TestCaseMain$startTestSuite$0.call(Unknown Source)
	at TempTestSuite1642173476753.run(TempTestSuite1642173476753.groovy:36)
Caused by: com.kms.katalon.core.webui.exception.WebElementNotFoundException: Web element with id: 'Object Repository/Page_TA Homework 1/div_You have submitted your assignment subm_a37a40' located by '//*[(text() = 'You have submitted your assignment submission for Homework 1' or . = 'You have submitted your assignment submission for Homework 1')]' not found
	at com.kms.katalon.core.webui.common.WebUiCommonHelper.findWebElement(WebUiCommonHelper.java:1368)
	at com.kms.katalon.core.webui.keyword.internal.WebUIAbstractKeyword.findWebElement(WebUIAbstractKeyword.groovy:27)
	at com.kms.katalon.core.webui.keyword.builtin.ClickKeyword$_click_closure1.doCall(ClickKeyword.groovy:65)
	at com.kms.katalon.core.webui.keyword.builtin.ClickKeyword$_click_closure1.call(ClickKeyword.groovy)
	at com.kms.katalon.core.webui.keyword.internal.WebUIKeywordMain.runKeyword(WebUIKeywordMain.groovy:20)
	... 19 more]]></system-err>
      </testcase>
      <testcase name="Test Cases/View event on calendar - Student" time="41.906" classname="Test Cases/View event on calendar - Student" status="FAILED">
         <failure type="FAILED" message="Test Cases/View event on calendar - Student FAILED.
Reason:
com.kms.katalon.core.exception.StepFailedException: Unable to click on object 'Object Repository/Page_Dashboard/span_19'
	at com.kms.katalon.core.webui.keyword.internal.WebUIKeywordMain.stepFailed(WebUIKeywordMain.groovy:64)
	at com.kms.katalon.core.webui.keyword.internal.WebUIKeywordMain.runKeyword(WebUIKeywordMain.groovy:26)
	at com.kms.katalon.core.webui.keyword.builtin.ClickKeyword.click(ClickKeyword.groovy:74)
	at com.kms.katalon.core.webui.keyword.builtin.ClickKeyword.execute(ClickKeyword.groovy:40)
	at com.kms.katalon.core.keyword.internal.KeywordExecutor.executeKeywordForPlatform(KeywordExecutor.groovy:74)
	at com.kms.katalon.core.webui.keyword.WebUiBuiltInKeywords.click(WebUiBuiltInKeywords.groovy:620)
	at com.kms.katalon.core.webui.keyword.WebUiBuiltInKeywords$click$1.call(Unknown Source)
	at View event on calendar - Student.run(View event on calendar - Student:32)
	at com.kms.katalon.core.main.ScriptEngine.run(ScriptEngine.java:194)
	at com.kms.katalon.core.main.ScriptEngine.runScriptAsRawText(ScriptEngine.java:119)
	at com.kms.katalon.core.main.TestCaseExecutor.runScript(TestCaseExecutor.java:442)
	at com.kms.katalon.core.main.TestCaseExecutor.doExecute(TestCaseExecutor.java:433)
	at com.kms.katalon.core.main.TestCaseExecutor.processExecutionPhase(TestCaseExecutor.java:412)
	at com.kms.katalon.core.main.TestCaseExecutor.accessMainPhase(TestCaseExecutor.java:404)
	at com.kms.katalon.core.main.TestCaseExecutor.execute(TestCaseExecutor.java:281)
	at com.kms.katalon.core.main.TestSuiteExecutor.accessTestCaseMainPhase(TestSuiteExecutor.java:202)
	at com.kms.katalon.core.main.TestSuiteExecutor.accessTestSuiteMainPhase(TestSuiteExecutor.java:164)
	at com.kms.katalon.core.main.TestSuiteExecutor.execute(TestSuiteExecutor.java:105)
	at com.kms.katalon.core.main.TestCaseMain.startTestSuite(TestCaseMain.java:181)
	at com.kms.katalon.core.main.TestCaseMain$startTestSuite$0.call(Unknown Source)
	at TempTestSuite1642173476753.run(TempTestSuite1642173476753.groovy:36)
Caused by: com.kms.katalon.core.webui.exception.WebElementNotFoundException: Web element with id: 'Object Repository/Page_Dashboard/span_19' located by '//*/text()[normalize-space(.)='19']/parent::*' not found
	at com.kms.katalon.core.webui.common.WebUiCommonHelper.findWebElement(WebUiCommonHelper.java:1368)
	at com.kms.katalon.core.webui.keyword.internal.WebUIAbstractKeyword.findWebElement(WebUIAbstractKeyword.groovy:27)
	at com.kms.katalon.core.webui.keyword.builtin.ClickKeyword$_click_closure1.doCall(ClickKeyword.groovy:65)
	at com.kms.katalon.core.webui.keyword.builtin.ClickKeyword$_click_closure1.call(ClickKeyword.groovy)
	at com.kms.katalon.core.webui.keyword.internal.WebUIKeywordMain.runKeyword(WebUIKeywordMain.groovy:20)
	... 19 more
"/>
         <system-out><![CDATA[2022-01-14 22:36:41 - [TEST_CASE][FAILED] - Test Cases/View event on calendar - Student: Test Cases/View event on calendar - Student FAILED.
Reason:
com.kms.katalon.core.exception.StepFailedException: Unable to click on object 'Object Repository/Page_Dashboard/span_19'
	at com.kms.katalon.core.webui.keyword.internal.WebUIKeywordMain.stepFailed(WebUIKeywordMain.groovy:64)
	at com.kms.katalon.core.webui.keyword.internal.WebUIKeywordMain.runKeyword(WebUIKeywordMain.groovy:26)
	at com.kms.katalon.core.webui.keyword.builtin.ClickKeyword.click(ClickKeyword.groovy:74)
	at com.kms.katalon.core.webui.keyword.builtin.ClickKeyword.execute(ClickKeyword.groovy:40)
	at com.kms.katalon.core.keyword.internal.KeywordExecutor.executeKeywordForPlatform(KeywordExecutor.groovy:74)
	at com.kms.katalon.core.webui.keyword.WebUiBuiltInKeywords.click(WebUiBuiltInKeywords.groovy:620)
	at com.kms.katalon.core.webui.keyword.WebUiBuiltInKeywords$click$1.call(Unknown Source)
	at View event on calendar - Student.run(View event on calendar - Student:32)
	at com.kms.katalon.core.main.ScriptEngine.run(ScriptEngine.java:194)
	at com.kms.katalon.core.main.ScriptEngine.runScriptAsRawText(ScriptEngine.java:119)
	at com.kms.katalon.core.main.TestCaseExecutor.runScript(TestCaseExecutor.java:442)
	at com.kms.katalon.core.main.TestCaseExecutor.doExecute(TestCaseExecutor.java:433)
	at com.kms.katalon.core.main.TestCaseExecutor.processExecutionPhase(TestCaseExecutor.java:412)
	at com.kms.katalon.core.main.TestCaseExecutor.accessMainPhase(TestCaseExecutor.java:404)
	at com.kms.katalon.core.main.TestCaseExecutor.execute(TestCaseExecutor.java:281)
	at com.kms.katalon.core.main.TestSuiteExecutor.accessTestCaseMainPhase(TestSuiteExecutor.java:202)
	at com.kms.katalon.core.main.TestSuiteExecutor.accessTestSuiteMainPhase(TestSuiteExecutor.java:164)
	at com.kms.katalon.core.main.TestSuiteExecutor.execute(TestSuiteExecutor.java:105)
	at com.kms.katalon.core.main.TestCaseMain.startTestSuite(TestCaseMain.java:181)
	at com.kms.katalon.core.main.TestCaseMain$startTestSuite$0.call(Unknown Source)
	at TempTestSuite1642173476753.run(TempTestSuite1642173476753.groovy:36)
Caused by: com.kms.katalon.core.webui.exception.WebElementNotFoundException: Web element with id: 'Object Repository/Page_Dashboard/span_19' located by '//*/text()[normalize-space(.)='19']/parent::*' not found
	at com.kms.katalon.core.webui.common.WebUiCommonHelper.findWebElement(WebUiCommonHelper.java:1368)
	at com.kms.katalon.core.webui.keyword.internal.WebUIAbstractKeyword.findWebElement(WebUIAbstractKeyword.groovy:27)
	at com.kms.katalon.core.webui.keyword.builtin.ClickKeyword$_click_closure1.doCall(ClickKeyword.groovy:65)
	at com.kms.katalon.core.webui.keyword.builtin.ClickKeyword$_click_closure1.call(ClickKeyword.groovy)
	at com.kms.katalon.core.webui.keyword.internal.WebUIKeywordMain.runKeyword(WebUIKeywordMain.groovy:20)
	... 19 more


2022-01-14 22:36:42 - [TEST_STEP][PASSED] - openBrowser(""): Browser is opened with url: ''

2022-01-14 22:36:42 - [MESSAGE][WARNING] - A browser is already opened. Closing browser and opening a new one

2022-01-14 22:36:43 - [MESSAGE][INFO] - Starting 'Edge Chromium' driver

2022-01-14 22:36:45 - [MESSAGE][INFO] - Action delay is set to 0 milliseconds

2022-01-14 22:36:46 - [MESSAGE][PASSED] - Browser is opened with url: ''

2022-01-14 22:36:46 - [TEST_STEP][PASSED] - navigateToUrl("http://localhost/"): Navigate to 'http://localhost/' successfully

2022-01-14 22:36:47 - [MESSAGE][PASSED] - Navigate to 'http://localhost/' successfully

2022-01-14 22:36:47 - [TEST_STEP][PASSED] - click(findTestObject("Object Repository/Page_Home page/a_Log in")): Object: 'Object Repository/Page_Home page/a_Log in' is clicked on

2022-01-14 22:36:48 - [MESSAGE][PASSED] - Object: 'Object Repository/Page_Home page/a_Log in' is clicked on

2022-01-14 22:36:48 - [TEST_STEP][PASSED] - setText(findTestObject("Object Repository/Page_Home page Log in to the site/input_Username_username"), "student1"): Text 'student1' is set on object 'Object Repository/Page_Home page Log in to the site/input_Username_username'

2022-01-14 22:36:49 - [MESSAGE][PASSED] - Text 'student1' is set on object 'Object Repository/Page_Home page Log in to the site/input_Username_username'

2022-01-14 22:36:49 - [TEST_STEP][PASSED] - setEncryptedText(findTestObject("Page_Home page Log in to the site/input_Password_password (1)"), "OFhcon1PzObx3ErJAwGfGA=="): Text ****** has been set on object 'Object Repository/Page_Home page Log in to the site/input_Password_password (1)'

2022-01-14 22:36:50 - [MESSAGE][PASSED] - Text ****** has been set on object 'Object Repository/Page_Home page Log in to the site/input_Password_password (1)'

2022-01-14 22:36:50 - [TEST_STEP][PASSED] - click(findTestObject("Object Repository/Page_Home page Log in to the site/button_Log in")): Object: 'Object Repository/Page_Home page Log in to the site/button_Log in' is clicked on

2022-01-14 22:36:52 - [MESSAGE][PASSED] - Object: 'Object Repository/Page_Home page Log in to the site/button_Log in' is clicked on

2022-01-14 22:36:52 - [TEST_STEP][FAILED] - click(findTestObject("Object Repository/Page_Dashboard/span_19")): Unable to click on object 'Object Repository/Page_Dashboard/span_19' (Root cause: com.kms.katalon.core.exception.StepFailedException: Unable to click on object 'Object Repository/Page_Dashboard/span_19'
	at com.kms.katalon.core.webui.keyword.internal.WebUIKeywordMain.stepFailed(WebUIKeywordMain.groovy:64)
	at com.kms.katalon.core.webui.keyword.internal.WebUIKeywordMain.runKeyword(WebUIKeywordMain.groovy:26)
	at com.kms.katalon.core.webui.keyword.builtin.ClickKeyword.click(ClickKeyword.groovy:74)
	at com.kms.katalon.core.webui.keyword.builtin.ClickKeyword.execute(ClickKeyword.groovy:40)
	at com.kms.katalon.core.keyword.internal.KeywordExecutor.executeKeywordForPlatform(KeywordExecutor.groovy:74)
	at com.kms.katalon.core.webui.keyword.WebUiBuiltInKeywords.click(WebUiBuiltInKeywords.groovy:620)
	at com.kms.katalon.core.webui.keyword.WebUiBuiltInKeywords$click$1.call(Unknown Source)
	at View event on calendar - Student.run(View event on calendar - Student:32)
	at com.kms.katalon.core.main.ScriptEngine.run(ScriptEngine.java:194)
	at com.kms.katalon.core.main.ScriptEngine.runScriptAsRawText(ScriptEngine.java:119)
	at com.kms.katalon.core.main.TestCaseExecutor.runScript(TestCaseExecutor.java:442)
	at com.kms.katalon.core.main.TestCaseExecutor.doExecute(TestCaseExecutor.java:433)
	at com.kms.katalon.core.main.TestCaseExecutor.processExecutionPhase(TestCaseExecutor.java:412)
	at com.kms.katalon.core.main.TestCaseExecutor.accessMainPhase(TestCaseExecutor.java:404)
	at com.kms.katalon.core.main.TestCaseExecutor.execute(TestCaseExecutor.java:281)
	at com.kms.katalon.core.main.TestSuiteExecutor.accessTestCaseMainPhase(TestSuiteExecutor.java:202)
	at com.kms.katalon.core.main.TestSuiteExecutor.accessTestSuiteMainPhase(TestSuiteExecutor.java:164)
	at com.kms.katalon.core.main.TestSuiteExecutor.execute(TestSuiteExecutor.java:105)
	at com.kms.katalon.core.main.TestCaseMain.startTestSuite(TestCaseMain.java:181)
	at com.kms.katalon.core.main.TestCaseMain$startTestSuite$0.call(Unknown Source)
	at TempTestSuite1642173476753.run(TempTestSuite1642173476753.groovy:36)
Caused by: com.kms.katalon.core.webui.exception.WebElementNotFoundException: Web element with id: 'Object Repository/Page_Dashboard/span_19' located by '//*/text()[normalize-space(.)='19']/parent::*' not found
	at com.kms.katalon.core.webui.common.WebUiCommonHelper.findWebElement(WebUiCommonHelper.java:1368)
	at com.kms.katalon.core.webui.keyword.internal.WebUIAbstractKeyword.findWebElement(WebUIAbstractKeyword.groovy:27)
	at com.kms.katalon.core.webui.keyword.builtin.ClickKeyword$_click_closure1.doCall(ClickKeyword.groovy:65)
	at com.kms.katalon.core.webui.keyword.builtin.ClickKeyword$_click_closure1.call(ClickKeyword.groovy)
	at com.kms.katalon.core.webui.keyword.internal.WebUIKeywordMain.runKeyword(WebUIKeywordMain.groovy:20)
	at com.kms.katalon.core.webui.keyword.builtin.ClickKeyword.click(ClickKeyword.groovy:74)
	at com.kms.katalon.core.webui.keyword.builtin.ClickKeyword.execute(ClickKeyword.groovy:40)
	at com.kms.katalon.core.keyword.internal.KeywordExecutor.executeKeywordForPlatform(KeywordExecutor.groovy:74)
	at com.kms.katalon.core.webui.keyword.WebUiBuiltInKeywords.click(WebUiBuiltInKeywords.groovy:620)
	at com.kms.katalon.core.webui.keyword.WebUiBuiltInKeywords$click$1.call(Unknown Source)
	at Script1641978653596.run(Script1641978653596.groovy:32)
	... 13 more
)

2022-01-14 22:37:23 - [MESSAGE][INFO] - Unable to find the element located by 'By.xpath: //*/text()[normalize-space(.)='19']/parent::*'. Please recheck the objects properties to make sure the desired element is located. 

2022-01-14 22:37:23 - [MESSAGE][FAILED] - Unable to click on object 'Object Repository/Page_Dashboard/span_19' (Root cause: com.kms.katalon.core.exception.StepFailedException: Unable to click on object 'Object Repository/Page_Dashboard/span_19'
	at com.kms.katalon.core.webui.keyword.internal.WebUIKeywordMain.stepFailed(WebUIKeywordMain.groovy:64)
	at com.kms.katalon.core.webui.keyword.internal.WebUIKeywordMain.runKeyword(WebUIKeywordMain.groovy:26)
	at com.kms.katalon.core.webui.keyword.builtin.ClickKeyword.click(ClickKeyword.groovy:74)
	at com.kms.katalon.core.webui.keyword.builtin.ClickKeyword.execute(ClickKeyword.groovy:40)
	at com.kms.katalon.core.keyword.internal.KeywordExecutor.executeKeywordForPlatform(KeywordExecutor.groovy:74)
	at com.kms.katalon.core.webui.keyword.WebUiBuiltInKeywords.click(WebUiBuiltInKeywords.groovy:620)
	at com.kms.katalon.core.webui.keyword.WebUiBuiltInKeywords$click$1.call(Unknown Source)
	at View event on calendar - Student.run(View event on calendar - Student:32)
	at com.kms.katalon.core.main.ScriptEngine.run(ScriptEngine.java:194)
	at com.kms.katalon.core.main.ScriptEngine.runScriptAsRawText(ScriptEngine.java:119)
	at com.kms.katalon.core.main.TestCaseExecutor.runScript(TestCaseExecutor.java:442)
	at com.kms.katalon.core.main.TestCaseExecutor.doExecute(TestCaseExecutor.java:433)
	at com.kms.katalon.core.main.TestCaseExecutor.processExecutionPhase(TestCaseExecutor.java:412)
	at com.kms.katalon.core.main.TestCaseExecutor.accessMainPhase(TestCaseExecutor.java:404)
	at com.kms.katalon.core.main.TestCaseExecutor.execute(TestCaseExecutor.java:281)
	at com.kms.katalon.core.main.TestSuiteExecutor.accessTestCaseMainPhase(TestSuiteExecutor.java:202)
	at com.kms.katalon.core.main.TestSuiteExecutor.accessTestSuiteMainPhase(TestSuiteExecutor.java:164)
	at com.kms.katalon.core.main.TestSuiteExecutor.execute(TestSuiteExecutor.java:105)
	at com.kms.katalon.core.main.TestCaseMain.startTestSuite(TestCaseMain.java:181)
	at com.kms.katalon.core.main.TestCaseMain$startTestSuite$0.call(Unknown Source)
	at TempTestSuite1642173476753.run(TempTestSuite1642173476753.groovy:36)
Caused by: com.kms.katalon.core.webui.exception.WebElementNotFoundException: Web element with id: 'Object Repository/Page_Dashboard/span_19' located by '//*/text()[normalize-space(.)='19']/parent::*' not found
	at com.kms.katalon.core.webui.common.WebUiCommonHelper.findWebElement(WebUiCommonHelper.java:1368)
	at com.kms.katalon.core.webui.keyword.internal.WebUIAbstractKeyword.findWebElement(WebUIAbstractKeyword.groovy:27)
	at com.kms.katalon.core.webui.keyword.builtin.ClickKeyword$_click_closure1.doCall(ClickKeyword.groovy:65)
	at com.kms.katalon.core.webui.keyword.builtin.ClickKeyword$_click_closure1.call(ClickKeyword.groovy)
	at com.kms.katalon.core.webui.keyword.internal.WebUIKeywordMain.runKeyword(WebUIKeywordMain.groovy:20)
	at com.kms.katalon.core.webui.keyword.builtin.ClickKeyword.click(ClickKeyword.groovy:74)
	at com.kms.katalon.core.webui.keyword.builtin.ClickKeyword.execute(ClickKeyword.groovy:40)
	at com.kms.katalon.core.keyword.internal.KeywordExecutor.executeKeywordForPlatform(KeywordExecutor.groovy:74)
	at com.kms.katalon.core.webui.keyword.WebUiBuiltInKeywords.click(WebUiBuiltInKeywords.groovy:620)
	at com.kms.katalon.core.webui.keyword.WebUiBuiltInKeywords$click$1.call(Unknown Source)
	at Script1641978653596.run(Script1641978653596.groovy:32)
	... 13 more
)
[[ATTACHMENT|D:\\TestAutomation-SEBonus-Group10\\Test Automation - SE Bonus\\Reports\\20220114_221756\\Run all test cases\\20220114_221756\\1642174643460.png]]]]></system-out>
         <system-err><![CDATA[2022-01-14 22:36:41 - [TEST_CASE][FAILED] - Test Cases/View event on calendar - Student: Test Cases/View event on calendar - Student FAILED.
Reason:
com.kms.katalon.core.exception.StepFailedException: Unable to click on object 'Object Repository/Page_Dashboard/span_19'
	at com.kms.katalon.core.webui.keyword.internal.WebUIKeywordMain.stepFailed(WebUIKeywordMain.groovy:64)
	at com.kms.katalon.core.webui.keyword.internal.WebUIKeywordMain.runKeyword(WebUIKeywordMain.groovy:26)
	at com.kms.katalon.core.webui.keyword.builtin.ClickKeyword.click(ClickKeyword.groovy:74)
	at com.kms.katalon.core.webui.keyword.builtin.ClickKeyword.execute(ClickKeyword.groovy:40)
	at com.kms.katalon.core.keyword.internal.KeywordExecutor.executeKeywordForPlatform(KeywordExecutor.groovy:74)
	at com.kms.katalon.core.webui.keyword.WebUiBuiltInKeywords.click(WebUiBuiltInKeywords.groovy:620)
	at com.kms.katalon.core.webui.keyword.WebUiBuiltInKeywords$click$1.call(Unknown Source)
	at View event on calendar - Student.run(View event on calendar - Student:32)
	at com.kms.katalon.core.main.ScriptEngine.run(ScriptEngine.java:194)
	at com.kms.katalon.core.main.ScriptEngine.runScriptAsRawText(ScriptEngine.java:119)
	at com.kms.katalon.core.main.TestCaseExecutor.runScript(TestCaseExecutor.java:442)
	at com.kms.katalon.core.main.TestCaseExecutor.doExecute(TestCaseExecutor.java:433)
	at com.kms.katalon.core.main.TestCaseExecutor.processExecutionPhase(TestCaseExecutor.java:412)
	at com.kms.katalon.core.main.TestCaseExecutor.accessMainPhase(TestCaseExecutor.java:404)
	at com.kms.katalon.core.main.TestCaseExecutor.execute(TestCaseExecutor.java:281)
	at com.kms.katalon.core.main.TestSuiteExecutor.accessTestCaseMainPhase(TestSuiteExecutor.java:202)
	at com.kms.katalon.core.main.TestSuiteExecutor.accessTestSuiteMainPhase(TestSuiteExecutor.java:164)
	at com.kms.katalon.core.main.TestSuiteExecutor.execute(TestSuiteExecutor.java:105)
	at com.kms.katalon.core.main.TestCaseMain.startTestSuite(TestCaseMain.java:181)
	at com.kms.katalon.core.main.TestCaseMain$startTestSuite$0.call(Unknown Source)
	at TempTestSuite1642173476753.run(TempTestSuite1642173476753.groovy:36)
Caused by: com.kms.katalon.core.webui.exception.WebElementNotFoundException: Web element with id: 'Object Repository/Page_Dashboard/span_19' located by '//*/text()[normalize-space(.)='19']/parent::*' not found
	at com.kms.katalon.core.webui.common.WebUiCommonHelper.findWebElement(WebUiCommonHelper.java:1368)
	at com.kms.katalon.core.webui.keyword.internal.WebUIAbstractKeyword.findWebElement(WebUIAbstractKeyword.groovy:27)
	at com.kms.katalon.core.webui.keyword.builtin.ClickKeyword$_click_closure1.doCall(ClickKeyword.groovy:65)
	at com.kms.katalon.core.webui.keyword.builtin.ClickKeyword$_click_closure1.call(ClickKeyword.groovy)
	at com.kms.katalon.core.webui.keyword.internal.WebUIKeywordMain.runKeyword(WebUIKeywordMain.groovy:20)
	... 19 more]]></system-err>
      </testcase>
      <testcase name="Test Cases/Chatting - Student" time="28.059" classname="Test Cases/Chatting - Student" status="PASSED">
         <system-out><![CDATA[2022-01-14 22:37:23 - [TEST_CASE][PASSED] - Test Cases/Chatting - Student: Test Cases/Chatting - Student

2022-01-14 22:37:24 - [TEST_STEP][PASSED] - openBrowser(""): Browser is opened with url: ''

2022-01-14 22:37:24 - [MESSAGE][WARNING] - A browser is already opened. Closing browser and opening a new one

2022-01-14 22:37:24 - [MESSAGE][INFO] - Starting 'Edge Chromium' driver

2022-01-14 22:37:27 - [MESSAGE][INFO] - Action delay is set to 0 milliseconds

2022-01-14 22:37:28 - [MESSAGE][PASSED] - Browser is opened with url: ''

2022-01-14 22:37:28 - [TEST_STEP][PASSED] - navigateToUrl("http://localhost/"): Navigate to 'http://localhost/' successfully

2022-01-14 22:37:29 - [MESSAGE][PASSED] - Navigate to 'http://localhost/' successfully

2022-01-14 22:37:29 - [TEST_STEP][PASSED] - click(findTestObject("Object Repository/Page_Home page/a_Log in")): Object: 'Object Repository/Page_Home page/a_Log in' is clicked on

2022-01-14 22:37:30 - [MESSAGE][PASSED] - Object: 'Object Repository/Page_Home page/a_Log in' is clicked on

2022-01-14 22:37:30 - [TEST_STEP][PASSED] - setText(findTestObject("Object Repository/Page_Home page Log in to the site/input_Username_username"), "student1"): Text 'student1' is set on object 'Object Repository/Page_Home page Log in to the site/input_Username_username'

2022-01-14 22:37:31 - [MESSAGE][PASSED] - Text 'student1' is set on object 'Object Repository/Page_Home page Log in to the site/input_Username_username'

2022-01-14 22:37:31 - [TEST_STEP][PASSED] - setEncryptedText(findTestObject("Page_Home page Log in to the site/input_Password_password (1)"), "OFhcon1PzObx3ErJAwGfGA=="): Text ****** has been set on object 'Object Repository/Page_Home page Log in to the site/input_Password_password (1)'

2022-01-14 22:37:31 - [MESSAGE][PASSED] - Text ****** has been set on object 'Object Repository/Page_Home page Log in to the site/input_Password_password (1)'

2022-01-14 22:37:31 - [TEST_STEP][PASSED] - click(findTestObject("Object Repository/Page_Home page Log in to the site/button_Log in")): Object: 'Object Repository/Page_Home page Log in to the site/button_Log in' is clicked on

2022-01-14 22:37:33 - [MESSAGE][PASSED] - Object: 'Object Repository/Page_Home page Log in to the site/button_Log in' is clicked on

2022-01-14 22:37:33 - [TEST_STEP][PASSED] - click(findTestObject("Page_Dashboard/i_See all_icon fa fa-comment-o fa-fw")): Object: 'Object Repository/Page_Dashboard/i_See all_icon fa fa-comment-o fa-fw' is clicked on

2022-01-14 22:37:34 - [MESSAGE][PASSED] - Object: 'Object Repository/Page_Dashboard/i_See all_icon fa fa-comment-o fa-fw' is clicked on

2022-01-14 22:37:34 - [TEST_STEP][PASSED] - setText(findTestObject("Object Repository/Page_Dashboard/input_Messages selected_form-control"), "Nguyen Nga"): Text 'Nguyen Nga' is set on object 'Object Repository/Page_Dashboard/input_Messages selected_form-control'

2022-01-14 22:37:35 - [MESSAGE][PASSED] - Text 'Nguyen Nga' is set on object 'Object Repository/Page_Dashboard/input_Messages selected_form-control'

2022-01-14 22:37:35 - [TEST_STEP][PASSED] - click(findTestObject("Object Repository/Page_Dashboard/i_Messages selected_icon fa fa-search fa-fw")): Object: 'Object Repository/Page_Dashboard/i_Messages selected_icon fa fa-search fa-fw' is clicked on

2022-01-14 22:37:36 - [MESSAGE][PASSED] - Object: 'Object Repository/Page_Dashboard/i_Messages selected_icon fa fa-search fa-fw' is clicked on

2022-01-14 22:37:36 - [TEST_STEP][PASSED] - click(findTestObject("Object Repository/Page_Dashboard/span_Nguyen Nga")): Object: 'Object Repository/Page_Dashboard/span_Nguyen Nga' is clicked on

2022-01-14 22:37:37 - [MESSAGE][PASSED] - Object: 'Object Repository/Page_Dashboard/span_Nguyen Nga' is clicked on

2022-01-14 22:37:37 - [TEST_STEP][PASSED] - setText(findTestObject("Object Repository/Page_Dashboard/textarea_Use enter to send_yui_3_17_2_1_164_f666ba"), "Em chào cô ạ"): Text 'Em chào cô ạ' is set on object 'Object Repository/Page_Dashboard/textarea_Use enter to send_yui_3_17_2_1_164_f666ba'

2022-01-14 22:37:38 - [MESSAGE][PASSED] - Text 'Em chào cô ạ' is set on object 'Object Repository/Page_Dashboard/textarea_Use enter to send_yui_3_17_2_1_164_f666ba'

2022-01-14 22:37:38 - [TEST_STEP][PASSED] - click(findTestObject("Object Repository/Page_Dashboard/i__icon fa fa-paper-plane fa-fw")): Object: 'Object Repository/Page_Dashboard/i__icon fa fa-paper-plane fa-fw' is clicked on

2022-01-14 22:37:39 - [MESSAGE][PASSED] - Object: 'Object Repository/Page_Dashboard/i__icon fa fa-paper-plane fa-fw' is clicked on

2022-01-14 22:37:39 - [TEST_STEP][PASSED] - click(findTestObject("Object Repository/Page_Dashboard/a_NH")): Object: 'Object Repository/Page_Dashboard/a_NH' is clicked on

2022-01-14 22:37:40 - [MESSAGE][PASSED] - Object: 'Object Repository/Page_Dashboard/a_NH' is clicked on

2022-01-14 22:37:40 - [TEST_STEP][PASSED] - click(findTestObject("Page_Dashboard/a_Log out")): Object: 'Object Repository/Page_Dashboard/a_Log out' is clicked on

2022-01-14 22:37:41 - [MESSAGE][PASSED] - Object: 'Object Repository/Page_Dashboard/a_Log out' is clicked on

2022-01-14 22:37:41 - [TEST_STEP][PASSED] - click(findTestObject("Object Repository/Page_Home page/a_Log in")): Object: 'Object Repository/Page_Home page/a_Log in' is clicked on

2022-01-14 22:37:42 - [MESSAGE][PASSED] - Object: 'Object Repository/Page_Home page/a_Log in' is clicked on

2022-01-14 22:37:42 - [TEST_STEP][PASSED] - setText(findTestObject("Object Repository/Page_Home page Log in to the site/input_Username_username"), "coursecreator1"): Text 'coursecreator1' is set on object 'Object Repository/Page_Home page Log in to the site/input_Username_username'

2022-01-14 22:37:42 - [MESSAGE][PASSED] - Text 'coursecreator1' is set on object 'Object Repository/Page_Home page Log in to the site/input_Username_username'

2022-01-14 22:37:42 - [TEST_STEP][PASSED] - setEncryptedText(findTestObject("Page_Home page Log in to the site/input_Password_password (1)"), "OFhcon1PzObx3ErJAwGfGA=="): Text ****** has been set on object 'Object Repository/Page_Home page Log in to the site/input_Password_password (1)'

2022-01-14 22:37:43 - [MESSAGE][PASSED] - Text ****** has been set on object 'Object Repository/Page_Home page Log in to the site/input_Password_password (1)'

2022-01-14 22:37:43 - [TEST_STEP][PASSED] - click(findTestObject("Object Repository/Page_Home page Log in to the site/button_Log in")): Object: 'Object Repository/Page_Home page Log in to the site/button_Log in' is clicked on

2022-01-14 22:37:45 - [MESSAGE][PASSED] - Object: 'Object Repository/Page_Home page Log in to the site/button_Log in' is clicked on

2022-01-14 22:37:45 - [TEST_STEP][PASSED] - click(findTestObject("Object Repository/Page_Dashboard/i_See all_icon fa fa-comment-o fa-fw")): Object: 'Object Repository/Page_Dashboard/i_See all_icon fa fa-comment-o fa-fw' is clicked on

2022-01-14 22:37:45 - [MESSAGE][PASSED] - Object: 'Object Repository/Page_Dashboard/i_See all_icon fa fa-comment-o fa-fw' is clicked on

2022-01-14 22:37:45 - [TEST_STEP][PASSED] - click(findTestObject("Object Repository/Page_Dashboard/strong_Nguyen Hoa")): Object: 'Object Repository/Page_Dashboard/strong_Nguyen Hoa' is clicked on

2022-01-14 22:37:46 - [MESSAGE][PASSED] - Object: 'Object Repository/Page_Dashboard/strong_Nguyen Hoa' is clicked on

2022-01-14 22:37:46 - [TEST_STEP][PASSED] - setText(findTestObject("Object Repository/Page_Dashboard/textarea_Use enter to send_yui_3_17_2_1_164_f0879e"), "Cô chào em"): Text 'Cô chào em' is set on object 'Object Repository/Page_Dashboard/textarea_Use enter to send_yui_3_17_2_1_164_f0879e'

2022-01-14 22:37:48 - [MESSAGE][PASSED] - Text 'Cô chào em' is set on object 'Object Repository/Page_Dashboard/textarea_Use enter to send_yui_3_17_2_1_164_f0879e'

2022-01-14 22:37:48 - [TEST_STEP][PASSED] - click(findTestObject("Object Repository/Page_Dashboard/i__icon fa fa-paper-plane fa-fw_1")): Object: 'Object Repository/Page_Dashboard/i__icon fa fa-paper-plane fa-fw_1' is clicked on

2022-01-14 22:37:48 - [MESSAGE][PASSED] - Object: 'Object Repository/Page_Dashboard/i__icon fa fa-paper-plane fa-fw_1' is clicked on

2022-01-14 22:37:48 - [TEST_STEP][PASSED] - click(findTestObject("Object Repository/Page_Dashboard/a_NN")): Object: 'Object Repository/Page_Dashboard/a_NN' is clicked on

2022-01-14 22:37:49 - [MESSAGE][PASSED] - Object: 'Object Repository/Page_Dashboard/a_NN' is clicked on

2022-01-14 22:37:49 - [TEST_STEP][PASSED] - click(findTestObject("Page_Dashboard/a_Log out")): Object: 'Object Repository/Page_Dashboard/a_Log out' is clicked on

2022-01-14 22:37:50 - [MESSAGE][PASSED] - Object: 'Object Repository/Page_Dashboard/a_Log out' is clicked on

2022-01-14 22:37:50 - [TEST_STEP][PASSED] - closeBrowser(): Browser is closed

2022-01-14 22:37:51 - [MESSAGE][PASSED] - Browser is closed]]></system-out>
         <system-err><![CDATA[]]></system-err>
      </testcase>
      <testcase name="Test Cases/Take the quiz on time - Student" time="148.278" classname="Test Cases/Take the quiz on time - Student" status="PASSED">
         <system-out><![CDATA[2022-01-14 22:37:51 - [TEST_CASE][PASSED] - Test Cases/Take the quiz on time - Student: Test Cases/Take the quiz on time - Student

2022-01-14 22:37:52 - [TEST_STEP][PASSED] - openBrowser(""): Browser is opened with url: ''

2022-01-14 22:37:52 - [MESSAGE][INFO] - Starting 'Edge Chromium' driver

2022-01-14 22:37:54 - [MESSAGE][INFO] - Action delay is set to 0 milliseconds

2022-01-14 22:37:55 - [MESSAGE][PASSED] - Browser is opened with url: ''

2022-01-14 22:37:55 - [TEST_STEP][PASSED] - navigateToUrl("http://localhost/"): Navigate to 'http://localhost/' successfully

2022-01-14 22:37:56 - [MESSAGE][PASSED] - Navigate to 'http://localhost/' successfully

2022-01-14 22:37:56 - [TEST_STEP][PASSED] - click(findTestObject("Object Repository/Page_Home page/a_Log in")): Object: 'Object Repository/Page_Home page/a_Log in' is clicked on

2022-01-14 22:37:58 - [MESSAGE][PASSED] - Object: 'Object Repository/Page_Home page/a_Log in' is clicked on

2022-01-14 22:37:58 - [TEST_STEP][PASSED] - setText(findTestObject("Object Repository/Page_Home page Log in to the site/input_Username_username"), "student1"): Text 'student1' is set on object 'Object Repository/Page_Home page Log in to the site/input_Username_username'

2022-01-14 22:37:58 - [MESSAGE][PASSED] - Text 'student1' is set on object 'Object Repository/Page_Home page Log in to the site/input_Username_username'

2022-01-14 22:37:58 - [TEST_STEP][PASSED] - setEncryptedText(findTestObject("Page_Home page Log in to the site/input_Password_password (1)"), "OFhcon1PzObx3ErJAwGfGA=="): Text ****** has been set on object 'Object Repository/Page_Home page Log in to the site/input_Password_password (1)'

2022-01-14 22:37:59 - [MESSAGE][PASSED] - Text ****** has been set on object 'Object Repository/Page_Home page Log in to the site/input_Password_password (1)'

2022-01-14 22:37:59 - [TEST_STEP][PASSED] - click(findTestObject("Object Repository/Page_Home page Log in to the site/button_Log in")): Object: 'Object Repository/Page_Home page Log in to the site/button_Log in' is clicked on

2022-01-14 22:38:01 - [MESSAGE][PASSED] - Object: 'Object Repository/Page_Home page Log in to the site/button_Log in' is clicked on

2022-01-14 22:38:01 - [TEST_STEP][PASSED] - click(findTestObject("Page_Group10 Administration Users Accounts _c9beb9/a_My courses")): Object: 'Object Repository/Page_Group10 Administration Users Accounts _c9beb9/a_My courses' is clicked on

2022-01-14 22:38:03 - [MESSAGE][PASSED] - Object: 'Object Repository/Page_Group10 Administration Users Accounts _c9beb9/a_My courses' is clicked on

2022-01-14 22:38:03 - [TEST_STEP][PASSED] - click(findTestObject("Object Repository/Page_My courses/span_Test Automation")): Object: 'Object Repository/Page_My courses/span_Test Automation' is clicked on

2022-01-14 22:38:06 - [MESSAGE][PASSED] - Object: 'Object Repository/Page_My courses/span_Test Automation' is clicked on

2022-01-14 22:38:06 - [TEST_STEP][PASSED] - click(findTestObject("Object Repository/Page_Course Test Automation/a_Quiz1")): Object: 'Object Repository/Page_Course Test Automation/a_Quiz1' is clicked on

2022-01-14 22:38:08 - [MESSAGE][PASSED] - Object: 'Object Repository/Page_Course Test Automation/a_Quiz1' is clicked on

2022-01-14 22:38:08 - [TEST_STEP][PASSED] - click(findTestObject("Object Repository/Page_TA Quiz1/a_Attempt quiz")): Object: 'Object Repository/Page_TA Quiz1/a_Attempt quiz' is clicked on

2022-01-14 22:38:09 - [MESSAGE][PASSED] - Object: 'Object Repository/Page_TA Quiz1/a_Attempt quiz' is clicked on

2022-01-14 22:38:09 - [TEST_STEP][PASSED] - click(findTestObject("Object Repository/Page_Quiz1/input_Time limit_submitbutton")): Object: 'Object Repository/Page_Quiz1/input_Time limit_submitbutton' is clicked on

2022-01-14 22:38:11 - [MESSAGE][PASSED] - Object: 'Object Repository/Page_Quiz1/input_Time limit_submitbutton' is clicked on

2022-01-14 22:38:11 - [TEST_STEP][PASSED] - click(findTestObject("Object Repository/Page_Quiz1/label_True")): Object: 'Object Repository/Page_Quiz1/label_True' is clicked on

2022-01-14 22:38:42 - [MESSAGE][PASSED] - Object: 'Object Repository/Page_Quiz1/label_True' is clicked on

2022-01-14 22:38:42 - [TEST_STEP][PASSED] - click(findTestObject("Page_TA Quiz1/finish attempt new")): Object: 'Object Repository/Page_TA Quiz1/finish attempt new' is clicked on

2022-01-14 22:39:13 - [MESSAGE][PASSED] - Object: 'Object Repository/Page_TA Quiz1/finish attempt new' is clicked on

2022-01-14 22:39:13 - [TEST_STEP][PASSED] - click(findTestObject("Object Repository/Page_Quiz1 Attempt summary/button_Submit all and finish")): Object: 'Object Repository/Page_Quiz1 Attempt summary/button_Submit all and finish' is clicked on

2022-01-14 22:39:43 - [MESSAGE][PASSED] - Object: 'Object Repository/Page_Quiz1 Attempt summary/button_Submit all and finish' is clicked on

2022-01-14 22:39:43 - [TEST_STEP][PASSED] - click(findTestObject("Object Repository/Page_Quiz1 Attempt summary/input_Once you submit, you will no longer b_5f1420")): Object: 'Object Repository/Page_Quiz1 Attempt summary/input_Once you submit, you will no longer b_5f1420' is clicked on

2022-01-14 22:40:15 - [MESSAGE][PASSED] - Object: 'Object Repository/Page_Quiz1 Attempt summary/input_Once you submit, you will no longer b_5f1420' is clicked on

2022-01-14 22:40:15 - [TEST_STEP][PASSED] - click(findTestObject("Object Repository/Page_Quiz1 Attempt review/a_Finish review")): Object: 'Object Repository/Page_Quiz1 Attempt review/a_Finish review' is clicked on

2022-01-14 22:40:16 - [MESSAGE][PASSED] - Object: 'Object Repository/Page_Quiz1 Attempt review/a_Finish review' is clicked on

2022-01-14 22:40:16 - [TEST_STEP][PASSED] - click(findTestObject("Object Repository/Page_TA Quiz1/a_NH")): Object: 'Object Repository/Page_TA Quiz1/a_NH' is clicked on

2022-01-14 22:40:17 - [MESSAGE][PASSED] - Object: 'Object Repository/Page_TA Quiz1/a_NH' is clicked on

2022-01-14 22:40:17 - [TEST_STEP][PASSED] - click(findTestObject("Object Repository/Page_TA Quiz1/a_Log out")): Object: 'Object Repository/Page_TA Quiz1/a_Log out' is clicked on

2022-01-14 22:40:18 - [MESSAGE][PASSED] - Object: 'Object Repository/Page_TA Quiz1/a_Log out' is clicked on

2022-01-14 22:40:18 - [TEST_STEP][PASSED] - closeBrowser(): Browser is closed

2022-01-14 22:40:20 - [MESSAGE][PASSED] - Browser is closed]]></system-out>
         <system-err><![CDATA[]]></system-err>
      </testcase>
      <system-out><![CDATA[2022-01-14 22:18:07 - [TEST_SUITE][FAILED] - Run all test cases: Test Cases/Edit Mode on Dashboard - ADMIN FAILED.
Reason:
com.kms.katalon.core.exception.StepFailedException: Unable to click on object 'Object Repository/forum/Page_Dashboard/i_Online users_yui_3_17_2_1_1642063098227_327'
	at com.kms.katalon.core.webui.keyword.internal.WebUIKeywordMain.stepFailed(WebUIKeywordMain.groovy:64)
	at com.kms.katalon.core.webui.keyword.internal.WebUIKeywordMain.runKeyword(WebUIKeywordMain.groovy:26)
	at com.kms.katalon.core.webui.keyword.builtin.ClickKeyword.click(ClickKeyword.groovy:74)
	at com.kms.katalon.core.webui.keyword.builtin.ClickKeyword.execute(ClickKeyword.groovy:40)
	at com.kms.katalon.core.keyword.internal.KeywordExecutor.executeKeywordForPlatform(KeywordExecutor.groovy:74)
	at com.kms.katalon.core.webui.keyword.WebUiBuiltInKeywords.click(WebUiBuiltInKeywords.groovy:620)
	at com.kms.katalon.core.webui.keyword.WebUiBuiltInKeywords$click$1.call(Unknown Source)
	at Edit Mode on Dashboard - ADMIN.run(Edit Mode on Dashboard - ADMIN:40)
	at com.kms.katalon.core.main.ScriptEngine.run(ScriptEngine.java:194)
	at com.kms.katalon.core.main.ScriptEngine.runScriptAsRawText(ScriptEngine.java:119)
	at com.kms.katalon.core.main.TestCaseExecutor.runScript(TestCaseExecutor.java:442)
	at com.kms.katalon.core.main.TestCaseExecutor.doExecute(TestCaseExecutor.java:433)
	at com.kms.katalon.core.main.TestCaseExecutor.processExecutionPhase(TestCaseExecutor.java:412)
	at com.kms.katalon.core.main.TestCaseExecutor.accessMainPhase(TestCaseExecutor.java:404)
	at com.kms.katalon.core.main.TestCaseExecutor.execute(TestCaseExecutor.java:281)
	at com.kms.katalon.core.main.TestSuiteExecutor.accessTestCaseMainPhase(TestSuiteExecutor.java:202)
	at com.kms.katalon.core.main.TestSuiteExecutor.accessTestSuiteMainPhase(TestSuiteExecutor.java:164)
	at com.kms.katalon.core.main.TestSuiteExecutor.execute(TestSuiteExecutor.java:105)
	at com.kms.katalon.core.main.TestCaseMain.startTestSuite(TestCaseMain.java:181)
	at com.kms.katalon.core.main.TestCaseMain$startTestSuite$0.call(Unknown Source)
	at TempTestSuite1642173476753.run(TempTestSuite1642173476753.groovy:36)
Caused by: com.kms.katalon.core.webui.exception.WebElementNotFoundException: Web element with id: 'Object Repository/forum/Page_Dashboard/i_Online users_yui_3_17_2_1_1642063098227_327' located by '//section[3]/div/div/div/div/div/span/i' not found
	at com.kms.katalon.core.webui.common.WebUiCommonHelper.findWebElement(WebUiCommonHelper.java:1368)
	at com.kms.katalon.core.webui.keyword.internal.WebUIAbstractKeyword.findWebElement(WebUIAbstractKeyword.groovy:27)
	at com.kms.katalon.core.webui.keyword.builtin.ClickKeyword$_click_closure1.doCall(ClickKeyword.groovy:65)
	at com.kms.katalon.core.webui.keyword.builtin.ClickKeyword$_click_closure1.call(ClickKeyword.groovy)
	at com.kms.katalon.core.webui.keyword.internal.WebUIKeywordMain.runKeyword(WebUIKeywordMain.groovy:20)
	... 19 more]]></system-out>
      <system-err><![CDATA[2022-01-14 22:18:07 - [TEST_SUITE][FAILED] - Run all test cases: Test Cases/Edit Mode on Dashboard - ADMIN FAILED.
Reason:
com.kms.katalon.core.exception.StepFailedException: Unable to click on object 'Object Repository/forum/Page_Dashboard/i_Online users_yui_3_17_2_1_1642063098227_327'
	at com.kms.katalon.core.webui.keyword.internal.WebUIKeywordMain.stepFailed(WebUIKeywordMain.groovy:64)
	at com.kms.katalon.core.webui.keyword.internal.WebUIKeywordMain.runKeyword(WebUIKeywordMain.groovy:26)
	at com.kms.katalon.core.webui.keyword.builtin.ClickKeyword.click(ClickKeyword.groovy:74)
	at com.kms.katalon.core.webui.keyword.builtin.ClickKeyword.execute(ClickKeyword.groovy:40)
	at com.kms.katalon.core.keyword.internal.KeywordExecutor.executeKeywordForPlatform(KeywordExecutor.groovy:74)
	at com.kms.katalon.core.webui.keyword.WebUiBuiltInKeywords.click(WebUiBuiltInKeywords.groovy:620)
	at com.kms.katalon.core.webui.keyword.WebUiBuiltInKeywords$click$1.call(Unknown Source)
	at Edit Mode on Dashboard - ADMIN.run(Edit Mode on Dashboard - ADMIN:40)
	at com.kms.katalon.core.main.ScriptEngine.run(ScriptEngine.java:194)
	at com.kms.katalon.core.main.ScriptEngine.runScriptAsRawText(ScriptEngine.java:119)
	at com.kms.katalon.core.main.TestCaseExecutor.runScript(TestCaseExecutor.java:442)
	at com.kms.katalon.core.main.TestCaseExecutor.doExecute(TestCaseExecutor.java:433)
	at com.kms.katalon.core.main.TestCaseExecutor.processExecutionPhase(TestCaseExecutor.java:412)
	at com.kms.katalon.core.main.TestCaseExecutor.accessMainPhase(TestCaseExecutor.java:404)
	at com.kms.katalon.core.main.TestCaseExecutor.execute(TestCaseExecutor.java:281)
	at com.kms.katalon.core.main.TestSuiteExecutor.accessTestCaseMainPhase(TestSuiteExecutor.java:202)
	at com.kms.katalon.core.main.TestSuiteExecutor.accessTestSuiteMainPhase(TestSuiteExecutor.java:164)
	at com.kms.katalon.core.main.TestSuiteExecutor.execute(TestSuiteExecutor.java:105)
	at com.kms.katalon.core.main.TestCaseMain.startTestSuite(TestCaseMain.java:181)
	at com.kms.katalon.core.main.TestCaseMain$startTestSuite$0.call(Unknown Source)
	at TempTestSuite1642173476753.run(TempTestSuite1642173476753.groovy:36)
Caused by: com.kms.katalon.core.webui.exception.WebElementNotFoundException: Web element with id: 'Object Repository/forum/Page_Dashboard/i_Online users_yui_3_17_2_1_1642063098227_327' located by '//section[3]/div/div/div/div/div/span/i' not found
	at com.kms.katalon.core.webui.common.WebUiCommonHelper.findWebElement(WebUiCommonHelper.java:1368)
	at com.kms.katalon.core.webui.keyword.internal.WebUIAbstractKeyword.findWebElement(WebUIAbstractKeyword.groovy:27)
	at com.kms.katalon.core.webui.keyword.builtin.ClickKeyword$_click_closure1.doCall(ClickKeyword.groovy:65)
	at com.kms.katalon.core.webui.keyword.builtin.ClickKeyword$_click_closure1.call(ClickKeyword.groovy)
	at com.kms.katalon.core.webui.keyword.internal.WebUIKeywordMain.runKeyword(WebUIKeywordMain.groovy:20)
	... 19 more]]></system-err>
   </testsuite>
</testsuites>
