<?xml version="1.0" encoding="UTF-8"?>
<testsuites name="Run all test cases" time="1686.631" tests="50" failures="7" errors="0">
   <testsuite name="Run all test cases" tests="50" failures="7" errors="0" time="1686.631" skipped="0" timestamp="2022-01-16 13:22:54" hostname="Minh Sĩ Lê - host.docker.internal" id="Test Suites/Run all test cases">
      <properties>
         <property name="deviceName" value=""/>
         <property name="devicePlatform" value=""/>
         <property name="logFolder" value="D:\\TestAutomation-SEBonus-Group10\\Test Automation - SE Bonus\\Reports\\20220116_132244\\Run all test cases\\20220116_132244"/>
         <property name="logFiles" value="D:\\TestAutomation-SEBonus-Group10\\Test Automation - SE Bonus\\Reports\\20220116_132244\\Run all test cases\\20220116_132244\\execution0.log"/>
         <property name="attachments" value="D:\\TestAutomation-SEBonus-Group10\\Test Automation - SE Bonus\\Reports\\20220116_132244\\Run all test cases\\20220116_132244\\1642314930854.png, D:\\TestAutomation-SEBonus-Group10\\Test Automation - SE Bonus\\Reports\\20220116_132244\\Run all test cases\\20220116_132244\\1642314980961.png, D:\\TestAutomation-SEBonus-Group10\\Test Automation - SE Bonus\\Reports\\20220116_132244\\Run all test cases\\20220116_132244\\1642315138521.png, D:\\TestAutomation-SEBonus-Group10\\Test Automation - SE Bonus\\Reports\\20220116_132244\\Run all test cases\\20220116_132244\\1642315555552.png, D:\\TestAutomation-SEBonus-Group10\\Test Automation - SE Bonus\\Reports\\20220116_132244\\Run all test cases\\20220116_132244\\1642315602927.png, D:\\TestAutomation-SEBonus-Group10\\Test Automation - SE Bonus\\Reports\\20220116_132244\\Run all test cases\\20220116_132244\\1642315650329.png, D:\\TestAutomation-SEBonus-Group10\\Test Automation - SE Bonus\\Reports\\20220116_132244\\Run all test cases\\20220116_132244\\1642315820226.png"/>
         <property name="hostName" value="Minh Sĩ Lê - host.docker.internal"/>
         <property name="os" value="Windows 10 64bit"/>
         <property name="katalonVersion" value="8.2.0.208"/>
         <property name="browser" value="Edge Chromium 97"/>
         <property name="hostAddress" value="192.168.1.10"/>
         <property name="sessionId" value="bc760969c486cd9c0752ef823cad6501"/>
         <property name="seleniumVersion" value="3.141.59"/>
         <property name="proxyInformation" value="ProxyInformation { proxyOption=NO_PROXY, proxyServerType=HTTP, username=, password=********, proxyServerAddress=, proxyServerPort=0, executionList=&quot;&quot;, isApplyToDesiredCapabilities=true }"/>
         <property name="platform" value="Windows 10"/>
      </properties>
      <testcase name="Test Cases/Create Manager" time="41.904" classname="Test Cases/Create Manager" status="PASSED">
         <system-out><![CDATA[2022-01-16 13:22:54 - [TEST_CASE][PASSED] - Test Cases/Create Manager: Test Cases/Create Manager

2022-01-16 13:22:55 - [TEST_STEP][PASSED] - openBrowser(""): Browser is opened with url: ''

2022-01-16 13:22:55 - [MESSAGE][INFO] - Starting 'Edge Chromium' driver

2022-01-16 13:22:57 - [MESSAGE][INFO] - Action delay is set to 0 milliseconds

2022-01-16 13:22:59 - [MESSAGE][PASSED] - Browser is opened with url: ''

2022-01-16 13:22:59 - [TEST_STEP][PASSED] - navigateToUrl("http://localhost/"): Navigate to 'http://localhost/' successfully

2022-01-16 13:23:00 - [MESSAGE][PASSED] - Navigate to 'http://localhost/' successfully

2022-01-16 13:23:00 - [TEST_STEP][PASSED] - click(findTestObject("Object Repository/Page_Home page/a_Log in")): Object: 'Object Repository/Page_Home page/a_Log in' is clicked on

2022-01-16 13:23:01 - [MESSAGE][PASSED] - Object: 'Object Repository/Page_Home page/a_Log in' is clicked on

2022-01-16 13:23:01 - [TEST_STEP][PASSED] - setText(findTestObject("Object Repository/Page_Home page Log in to the site/input_Username_username"), "admin"): Text 'admin' is set on object 'Object Repository/Page_Home page Log in to the site/input_Username_username'

2022-01-16 13:23:02 - [MESSAGE][PASSED] - Text 'admin' is set on object 'Object Repository/Page_Home page Log in to the site/input_Username_username'

2022-01-16 13:23:02 - [TEST_STEP][PASSED] - setEncryptedText(findTestObject("Page_Home page Log in to the site/input_Password_password (1)"), "OFhcon1PzObx3ErJAwGfGA=="): Text ****** has been set on object 'Object Repository/Page_Home page Log in to the site/input_Password_password (1)'

2022-01-16 13:23:02 - [MESSAGE][PASSED] - Text ****** has been set on object 'Object Repository/Page_Home page Log in to the site/input_Password_password (1)'

2022-01-16 13:23:02 - [TEST_STEP][PASSED] - click(findTestObject("Object Repository/Page_Home page Log in to the site/button_Log in")): Object: 'Object Repository/Page_Home page Log in to the site/button_Log in' is clicked on

2022-01-16 13:23:04 - [MESSAGE][PASSED] - Object: 'Object Repository/Page_Home page Log in to the site/button_Log in' is clicked on

2022-01-16 13:23:04 - [TEST_STEP][PASSED] - click(findTestObject("Object Repository/Page_Dashboard/a_Site administration")): Object: 'Object Repository/Page_Dashboard/a_Site administration' is clicked on

2022-01-16 13:23:07 - [MESSAGE][PASSED] - Object: 'Object Repository/Page_Dashboard/a_Site administration' is clicked on

2022-01-16 13:23:07 - [TEST_STEP][PASSED] - scrollToPosition(0, 0): Browser is scrolled to position x = 0, y = 0

2022-01-16 13:23:07 - [MESSAGE][PASSED] - Browser is scrolled to position x = 0, y = 0

2022-01-16 13:23:07 - [TEST_STEP][PASSED] - click(findTestObject("Object Repository/Page_Group10 Administration Search/a_Users")): Object: 'Object Repository/Page_Group10 Administration Search/a_Users' is clicked on

2022-01-16 13:23:07 - [MESSAGE][PASSED] - Object: 'Object Repository/Page_Group10 Administration Search/a_Users' is clicked on

2022-01-16 13:23:07 - [TEST_STEP][PASSED] - click(findTestObject("Object Repository/Page_Group10 Administration Search/a_Add a new user")): Object: 'Object Repository/Page_Group10 Administration Search/a_Add a new user' is clicked on

2022-01-16 13:23:10 - [MESSAGE][PASSED] - Object: 'Object Repository/Page_Group10 Administration Search/a_Add a new user' is clicked on

2022-01-16 13:23:10 - [TEST_STEP][PASSED] - setText(findTestObject("Object Repository/Page_Group10 Administration Users Accounts _5007a8/input_Username_username"), "manager1"): Text 'manager1' is set on object 'Object Repository/Page_Group10 Administration Users Accounts _5007a8/input_Username_username'

2022-01-16 13:23:12 - [MESSAGE][PASSED] - Text 'manager1' is set on object 'Object Repository/Page_Group10 Administration Users Accounts _5007a8/input_Username_username'

2022-01-16 13:23:12 - [TEST_STEP][PASSED] - click(findTestObject("Object Repository/Page_Group10 Administration Users Accounts _5007a8/em_Click to enter text")): Object: 'Object Repository/Page_Group10 Administration Users Accounts _5007a8/em_Click to enter text' is clicked on

2022-01-16 13:23:12 - [MESSAGE][PASSED] - Object: 'Object Repository/Page_Group10 Administration Users Accounts _5007a8/em_Click to enter text' is clicked on

2022-01-16 13:23:12 - [TEST_STEP][PASSED] - setEncryptedText(findTestObject("Object Repository/Page_Group10 Administration Users Accounts _5007a8/input_New password_newpassword"), "OFhcon1PzObx3ErJAwGfGA=="): Text ****** has been set on object 'Object Repository/Page_Group10 Administration Users Accounts _5007a8/input_New password_newpassword'

2022-01-16 13:23:13 - [MESSAGE][PASSED] - Text ****** has been set on object 'Object Repository/Page_Group10 Administration Users Accounts _5007a8/input_New password_newpassword'

2022-01-16 13:23:13 - [TEST_STEP][PASSED] - click(findTestObject("Object Repository/Page_Group10 Administration Users Accounts _5007a8/i_Click to enter text_icon fa fa-eye fa-fw")): Object: 'Object Repository/Page_Group10 Administration Users Accounts _5007a8/i_Click to enter text_icon fa fa-eye fa-fw' is clicked on

2022-01-16 13:23:13 - [MESSAGE][PASSED] - Object: 'Object Repository/Page_Group10 Administration Users Accounts _5007a8/i_Click to enter text_icon fa fa-eye fa-fw' is clicked on

2022-01-16 13:23:13 - [TEST_STEP][PASSED] - setText(findTestObject("Object Repository/Page_Group10 Administration Users Accounts _5007a8/input_First name_firstname"), "Nguyen"): Text 'Nguyen' is set on object 'Object Repository/Page_Group10 Administration Users Accounts _5007a8/input_First name_firstname'

2022-01-16 13:23:14 - [MESSAGE][PASSED] - Text 'Nguyen' is set on object 'Object Repository/Page_Group10 Administration Users Accounts _5007a8/input_First name_firstname'

2022-01-16 13:23:14 - [TEST_STEP][PASSED] - setText(findTestObject("Object Repository/Page_Group10 Administration Users Accounts _5007a8/input_Surname_lastname"), "Vy"): Text 'Vy' is set on object 'Object Repository/Page_Group10 Administration Users Accounts _5007a8/input_Surname_lastname'

2022-01-16 13:23:15 - [MESSAGE][PASSED] - Text 'Vy' is set on object 'Object Repository/Page_Group10 Administration Users Accounts _5007a8/input_Surname_lastname'

2022-01-16 13:23:15 - [TEST_STEP][PASSED] - setText(findTestObject("Object Repository/Page_Group10 Administration Users Accounts _5007a8/input_Email address_email"), "manager1@email.com"): Text 'manager1@email.com' is set on object 'Object Repository/Page_Group10 Administration Users Accounts _5007a8/input_Email address_email'

2022-01-16 13:23:16 - [MESSAGE][PASSED] - Text 'manager1@email.com' is set on object 'Object Repository/Page_Group10 Administration Users Accounts _5007a8/input_Email address_email'

2022-01-16 13:23:16 - [TEST_STEP][PASSED] - click(findTestObject("Object Repository/Page_Group10 Administration Users Accounts _5007a8/input_Address_submitbutton")): Object: 'Object Repository/Page_Group10 Administration Users Accounts _5007a8/input_Address_submitbutton' is clicked on

2022-01-16 13:23:18 - [MESSAGE][PASSED] - Object: 'Object Repository/Page_Group10 Administration Users Accounts _5007a8/input_Address_submitbutton' is clicked on

2022-01-16 13:23:18 - [TEST_STEP][PASSED] - click(findTestObject("Object Repository/Page_Group10 Administration Users Permissio_4e74a7/a_Site administration")): Object: 'Object Repository/Page_Group10 Administration Users Permissio_4e74a7/a_Site administration' is clicked on

2022-01-16 13:23:20 - [MESSAGE][PASSED] - Object: 'Object Repository/Page_Group10 Administration Users Permissio_4e74a7/a_Site administration' is clicked on

2022-01-16 13:23:20 - [TEST_STEP][PASSED] - scrollToPosition(0, 0): Browser is scrolled to position x = 0, y = 0

2022-01-16 13:23:20 - [MESSAGE][PASSED] - Browser is scrolled to position x = 0, y = 0

2022-01-16 13:23:20 - [TEST_STEP][PASSED] - click(findTestObject("Object Repository/Page_Group10 Administration Search/a_Users")): Object: 'Object Repository/Page_Group10 Administration Search/a_Users' is clicked on

2022-01-16 13:23:20 - [MESSAGE][PASSED] - Object: 'Object Repository/Page_Group10 Administration Search/a_Users' is clicked on

2022-01-16 13:23:20 - [TEST_STEP][PASSED] - click(findTestObject("Object Repository/Page_Group10 Administration Search/a_Assign system roles")): Object: 'Object Repository/Page_Group10 Administration Search/a_Assign system roles' is clicked on

2022-01-16 13:23:22 - [MESSAGE][PASSED] - Object: 'Object Repository/Page_Group10 Administration Search/a_Assign system roles' is clicked on

2022-01-16 13:23:22 - [TEST_STEP][PASSED] - click(findTestObject("Object Repository/Page_Group10 Administration Users Permissio_fb4295/a_Manager")): Object: 'Object Repository/Page_Group10 Administration Users Permissio_fb4295/a_Manager' is clicked on

2022-01-16 13:23:23 - [MESSAGE][PASSED] - Object: 'Object Repository/Page_Group10 Administration Users Permissio_fb4295/a_Manager' is clicked on

2022-01-16 13:23:23 - [TEST_STEP][PASSED] - click(findTestObject("Page_Group10 Administration Users Permissions Assign system roles/option_Nguyen Vy (manager1email.com)")): Object: 'Object Repository/Page_Group10 Administration Users Permissions Assign system roles/option_Nguyen Vy (manager1email.com)' is clicked on

2022-01-16 13:23:24 - [MESSAGE][PASSED] - Object: 'Object Repository/Page_Group10 Administration Users Permissions Assign system roles/option_Nguyen Vy (manager1email.com)' is clicked on

2022-01-16 13:23:24 - [TEST_STEP][PASSED] - click(findTestObject("Object Repository/Page_Group10 Administration Users Permissio_fb4295/input_Match the search text anywhere in the_89f7b5")): Object: 'Object Repository/Page_Group10 Administration Users Permissio_fb4295/input_Match the search text anywhere in the_89f7b5' is clicked on

2022-01-16 13:23:25 - [MESSAGE][PASSED] - Object: 'Object Repository/Page_Group10 Administration Users Permissio_fb4295/input_Match the search text anywhere in the_89f7b5' is clicked on

2022-01-16 13:23:25 - [TEST_STEP][PASSED] - click(findTestObject("Object Repository/Page_Group10 Administration Users Accounts _9567d5/span_AU")): Object: 'Object Repository/Page_Group10 Administration Users Accounts _9567d5/span_AU' is clicked on

2022-01-16 13:23:26 - [MESSAGE][PASSED] - Object: 'Object Repository/Page_Group10 Administration Users Accounts _9567d5/span_AU' is clicked on

2022-01-16 13:23:26 - [TEST_STEP][PASSED] - click(findTestObject("Object Repository/Page_Group10 Administration Users Accounts _9567d5/a_Log out")): Object: 'Object Repository/Page_Group10 Administration Users Accounts _9567d5/a_Log out' is clicked on

2022-01-16 13:23:26 - [MESSAGE][PASSED] - Object: 'Object Repository/Page_Group10 Administration Users Accounts _9567d5/a_Log out' is clicked on

2022-01-16 13:23:26 - [TEST_STEP][PASSED] - click(findTestObject("Object Repository/Page_Home page/span_Log in")): Object: 'Object Repository/Page_Home page/span_Log in' is clicked on

2022-01-16 13:23:27 - [MESSAGE][PASSED] - Object: 'Object Repository/Page_Home page/span_Log in' is clicked on

2022-01-16 13:23:27 - [TEST_STEP][PASSED] - setText(findTestObject("Object Repository/Page_Home page Log in to the site/input_Username_username"), "manager1"): Text 'manager1' is set on object 'Object Repository/Page_Home page Log in to the site/input_Username_username'

2022-01-16 13:23:28 - [MESSAGE][PASSED] - Text 'manager1' is set on object 'Object Repository/Page_Home page Log in to the site/input_Username_username'

2022-01-16 13:23:28 - [TEST_STEP][PASSED] - setEncryptedText(findTestObject("Page_Home page Log in to the site/input_Password_password (1)"), "OFhcon1PzObx3ErJAwGfGA=="): Text ****** has been set on object 'Object Repository/Page_Home page Log in to the site/input_Password_password (1)'

2022-01-16 13:23:28 - [MESSAGE][PASSED] - Text ****** has been set on object 'Object Repository/Page_Home page Log in to the site/input_Password_password (1)'

2022-01-16 13:23:28 - [TEST_STEP][PASSED] - click(findTestObject("Object Repository/Page_Home page Log in to the site/button_Log in")): Object: 'Object Repository/Page_Home page Log in to the site/button_Log in' is clicked on

2022-01-16 13:23:34 - [MESSAGE][PASSED] - Object: 'Object Repository/Page_Home page Log in to the site/button_Log in' is clicked on

2022-01-16 13:23:34 - [TEST_STEP][PASSED] - click(findTestObject("Object Repository/Page_Dashboard/a_NV")): Object: 'Object Repository/Page_Dashboard/a_NV' is clicked on

2022-01-16 13:23:34 - [MESSAGE][PASSED] - Object: 'Object Repository/Page_Dashboard/a_NV' is clicked on

2022-01-16 13:23:34 - [TEST_STEP][PASSED] - click(findTestObject("Object Repository/Page_Dashboard/a_Log out")): Object: 'Object Repository/Page_Dashboard/a_Log out' is clicked on

2022-01-16 13:23:35 - [MESSAGE][PASSED] - Object: 'Object Repository/Page_Dashboard/a_Log out' is clicked on

2022-01-16 13:23:35 - [TEST_STEP][PASSED] - closeBrowser(): Browser is closed

2022-01-16 13:23:36 - [MESSAGE][PASSED] - Browser is closed]]></system-out>
         <system-err><![CDATA[]]></system-err>
      </testcase>
      <testcase name="Test Cases/Create Course creator" time="33.168" classname="Test Cases/Create Course creator" status="PASSED">
         <system-out><![CDATA[2022-01-16 13:23:36 - [TEST_CASE][PASSED] - Test Cases/Create Course creator: Test Cases/Create Course creator

2022-01-16 13:23:36 - [TEST_STEP][PASSED] - openBrowser(""): Browser is opened with url: ''

2022-01-16 13:23:37 - [MESSAGE][INFO] - Starting 'Edge Chromium' driver

2022-01-16 13:23:39 - [MESSAGE][INFO] - Action delay is set to 0 milliseconds

2022-01-16 13:23:40 - [MESSAGE][PASSED] - Browser is opened with url: ''

2022-01-16 13:23:40 - [TEST_STEP][PASSED] - navigateToUrl("http://localhost/"): Navigate to 'http://localhost/' successfully

2022-01-16 13:23:40 - [MESSAGE][PASSED] - Navigate to 'http://localhost/' successfully

2022-01-16 13:23:40 - [TEST_STEP][PASSED] - click(findTestObject("Object Repository/Page_Home page/a_Log in")): Object: 'Object Repository/Page_Home page/a_Log in' is clicked on

2022-01-16 13:23:41 - [MESSAGE][PASSED] - Object: 'Object Repository/Page_Home page/a_Log in' is clicked on

2022-01-16 13:23:41 - [TEST_STEP][PASSED] - setText(findTestObject("Object Repository/Page_Home page Log in to the site/input_Username_username"), "admin"): Text 'admin' is set on object 'Object Repository/Page_Home page Log in to the site/input_Username_username'

2022-01-16 13:23:42 - [MESSAGE][PASSED] - Text 'admin' is set on object 'Object Repository/Page_Home page Log in to the site/input_Username_username'

2022-01-16 13:23:42 - [TEST_STEP][PASSED] - setEncryptedText(findTestObject("Page_Home page Log in to the site/input_Password_password (1)"), "OFhcon1PzObx3ErJAwGfGA=="): Text ****** has been set on object 'Object Repository/Page_Home page Log in to the site/input_Password_password (1)'

2022-01-16 13:23:43 - [MESSAGE][PASSED] - Text ****** has been set on object 'Object Repository/Page_Home page Log in to the site/input_Password_password (1)'

2022-01-16 13:23:43 - [TEST_STEP][PASSED] - click(findTestObject("Object Repository/Page_Home page Log in to the site/button_Log in")): Object: 'Object Repository/Page_Home page Log in to the site/button_Log in' is clicked on

2022-01-16 13:23:44 - [MESSAGE][PASSED] - Object: 'Object Repository/Page_Home page Log in to the site/button_Log in' is clicked on

2022-01-16 13:23:44 - [TEST_STEP][PASSED] - click(findTestObject("Object Repository/Page_Dashboard/a_Site administration")): Object: 'Object Repository/Page_Dashboard/a_Site administration' is clicked on

2022-01-16 13:23:46 - [MESSAGE][PASSED] - Object: 'Object Repository/Page_Dashboard/a_Site administration' is clicked on

2022-01-16 13:23:46 - [TEST_STEP][PASSED] - scrollToPosition(0, 0): Browser is scrolled to position x = 0, y = 0

2022-01-16 13:23:46 - [MESSAGE][PASSED] - Browser is scrolled to position x = 0, y = 0

2022-01-16 13:23:46 - [TEST_STEP][PASSED] - click(findTestObject("Object Repository/Page_Group10 Administration Search/a_Users")): Object: 'Object Repository/Page_Group10 Administration Search/a_Users' is clicked on

2022-01-16 13:23:47 - [MESSAGE][PASSED] - Object: 'Object Repository/Page_Group10 Administration Search/a_Users' is clicked on

2022-01-16 13:23:47 - [TEST_STEP][PASSED] - click(findTestObject("Object Repository/Page_Group10 Administration Search/a_Add a new user")): Object: 'Object Repository/Page_Group10 Administration Search/a_Add a new user' is clicked on

2022-01-16 13:23:48 - [MESSAGE][PASSED] - Object: 'Object Repository/Page_Group10 Administration Search/a_Add a new user' is clicked on

2022-01-16 13:23:48 - [TEST_STEP][PASSED] - setText(findTestObject("Object Repository/Page_Group10 Administration Users Accounts _5007a8/input_Username_username"), "coursecreator1"): Text 'coursecreator1' is set on object 'Object Repository/Page_Group10 Administration Users Accounts _5007a8/input_Username_username'

2022-01-16 13:23:50 - [MESSAGE][PASSED] - Text 'coursecreator1' is set on object 'Object Repository/Page_Group10 Administration Users Accounts _5007a8/input_Username_username'

2022-01-16 13:23:50 - [TEST_STEP][PASSED] - click(findTestObject("Object Repository/Page_Group10 Administration Users Accounts _5007a8/em_Click to enter text")): Object: 'Object Repository/Page_Group10 Administration Users Accounts _5007a8/em_Click to enter text' is clicked on

2022-01-16 13:23:50 - [MESSAGE][PASSED] - Object: 'Object Repository/Page_Group10 Administration Users Accounts _5007a8/em_Click to enter text' is clicked on

2022-01-16 13:23:50 - [TEST_STEP][PASSED] - setEncryptedText(findTestObject("Object Repository/Page_Group10 Administration Users Accounts _5007a8/input_New password_newpassword"), "OFhcon1PzObx3ErJAwGfGA=="): Text ****** has been set on object 'Object Repository/Page_Group10 Administration Users Accounts _5007a8/input_New password_newpassword'

2022-01-16 13:23:51 - [MESSAGE][PASSED] - Text ****** has been set on object 'Object Repository/Page_Group10 Administration Users Accounts _5007a8/input_New password_newpassword'

2022-01-16 13:23:51 - [TEST_STEP][PASSED] - click(findTestObject("Object Repository/Page_Group10 Administration Users Accounts _5007a8/i_Click to enter text_icon fa fa-eye fa-fw")): Object: 'Object Repository/Page_Group10 Administration Users Accounts _5007a8/i_Click to enter text_icon fa fa-eye fa-fw' is clicked on

2022-01-16 13:23:51 - [MESSAGE][PASSED] - Object: 'Object Repository/Page_Group10 Administration Users Accounts _5007a8/i_Click to enter text_icon fa fa-eye fa-fw' is clicked on

2022-01-16 13:23:51 - [TEST_STEP][PASSED] - setText(findTestObject("Object Repository/Page_Group10 Administration Users Accounts _5007a8/input_First name_firstname"), "Nguyen"): Text 'Nguyen' is set on object 'Object Repository/Page_Group10 Administration Users Accounts _5007a8/input_First name_firstname'

2022-01-16 13:23:52 - [MESSAGE][PASSED] - Text 'Nguyen' is set on object 'Object Repository/Page_Group10 Administration Users Accounts _5007a8/input_First name_firstname'

2022-01-16 13:23:52 - [TEST_STEP][PASSED] - setText(findTestObject("Object Repository/Page_Group10 Administration Users Accounts _5007a8/input_Surname_lastname"), "Nga"): Text 'Nga' is set on object 'Object Repository/Page_Group10 Administration Users Accounts _5007a8/input_Surname_lastname'

2022-01-16 13:23:53 - [MESSAGE][PASSED] - Text 'Nga' is set on object 'Object Repository/Page_Group10 Administration Users Accounts _5007a8/input_Surname_lastname'

2022-01-16 13:23:53 - [TEST_STEP][PASSED] - setText(findTestObject("Object Repository/Page_Group10 Administration Users Accounts _5007a8/input_Email address_email"), "coursecreator1@email.com"): Text 'coursecreator1@email.com' is set on object 'Object Repository/Page_Group10 Administration Users Accounts _5007a8/input_Email address_email'

2022-01-16 13:23:54 - [MESSAGE][PASSED] - Text 'coursecreator1@email.com' is set on object 'Object Repository/Page_Group10 Administration Users Accounts _5007a8/input_Email address_email'

2022-01-16 13:23:54 - [TEST_STEP][PASSED] - click(findTestObject("Object Repository/Page_Group10 Administration Users Accounts _5007a8/input_Address_submitbutton")): Object: 'Object Repository/Page_Group10 Administration Users Accounts _5007a8/input_Address_submitbutton' is clicked on

2022-01-16 13:23:56 - [MESSAGE][PASSED] - Object: 'Object Repository/Page_Group10 Administration Users Accounts _5007a8/input_Address_submitbutton' is clicked on

2022-01-16 13:23:56 - [TEST_STEP][PASSED] - click(findTestObject("Object Repository/Page_Group10 Administration Users Permissio_4e74a7/a_Site administration")): Object: 'Object Repository/Page_Group10 Administration Users Permissio_4e74a7/a_Site administration' is clicked on

2022-01-16 13:23:57 - [MESSAGE][PASSED] - Object: 'Object Repository/Page_Group10 Administration Users Permissio_4e74a7/a_Site administration' is clicked on

2022-01-16 13:23:57 - [TEST_STEP][PASSED] - scrollToPosition(0, 0): Browser is scrolled to position x = 0, y = 0

2022-01-16 13:23:57 - [MESSAGE][PASSED] - Browser is scrolled to position x = 0, y = 0

2022-01-16 13:23:57 - [TEST_STEP][PASSED] - click(findTestObject("Object Repository/Page_Group10 Administration Search/a_Users")): Object: 'Object Repository/Page_Group10 Administration Search/a_Users' is clicked on

2022-01-16 13:23:58 - [MESSAGE][PASSED] - Object: 'Object Repository/Page_Group10 Administration Search/a_Users' is clicked on

2022-01-16 13:23:58 - [TEST_STEP][PASSED] - click(findTestObject("Object Repository/Page_Group10 Administration Search/a_Assign system roles")): Object: 'Object Repository/Page_Group10 Administration Search/a_Assign system roles' is clicked on

2022-01-16 13:23:59 - [MESSAGE][PASSED] - Object: 'Object Repository/Page_Group10 Administration Search/a_Assign system roles' is clicked on

2022-01-16 13:23:59 - [TEST_STEP][PASSED] - click(findTestObject("Page_Group10 Administration Users Permissions Assign system roles/a_Course creator")): Object: 'Object Repository/Page_Group10 Administration Users Permissions Assign system roles/a_Course creator' is clicked on

2022-01-16 13:24:00 - [MESSAGE][PASSED] - Object: 'Object Repository/Page_Group10 Administration Users Permissions Assign system roles/a_Course creator' is clicked on

2022-01-16 13:24:00 - [TEST_STEP][PASSED] - click(findTestObject("Page_Group10 Administration Users Permissions Assign system roles/option_Nguyen Nga (coursecreator1email.com)")): Object: 'Object Repository/Page_Group10 Administration Users Permissions Assign system roles/option_Nguyen Nga (coursecreator1email.com)' is clicked on

2022-01-16 13:24:01 - [MESSAGE][PASSED] - Object: 'Object Repository/Page_Group10 Administration Users Permissions Assign system roles/option_Nguyen Nga (coursecreator1email.com)' is clicked on

2022-01-16 13:24:01 - [TEST_STEP][PASSED] - click(findTestObject("Object Repository/Page_Group10 Administration Users Permissio_fb4295/input_Match the search text anywhere in the_89f7b5")): Object: 'Object Repository/Page_Group10 Administration Users Permissio_fb4295/input_Match the search text anywhere in the_89f7b5' is clicked on

2022-01-16 13:24:02 - [MESSAGE][PASSED] - Object: 'Object Repository/Page_Group10 Administration Users Permissio_fb4295/input_Match the search text anywhere in the_89f7b5' is clicked on

2022-01-16 13:24:02 - [TEST_STEP][PASSED] - click(findTestObject("Object Repository/Page_Group10 Administration Users Accounts _9567d5/span_AU")): Object: 'Object Repository/Page_Group10 Administration Users Accounts _9567d5/span_AU' is clicked on

2022-01-16 13:24:03 - [MESSAGE][PASSED] - Object: 'Object Repository/Page_Group10 Administration Users Accounts _9567d5/span_AU' is clicked on

2022-01-16 13:24:03 - [TEST_STEP][PASSED] - click(findTestObject("Object Repository/Page_Group10 Administration Users Accounts _9567d5/a_Log out")): Object: 'Object Repository/Page_Group10 Administration Users Accounts _9567d5/a_Log out' is clicked on

2022-01-16 13:24:03 - [MESSAGE][PASSED] - Object: 'Object Repository/Page_Group10 Administration Users Accounts _9567d5/a_Log out' is clicked on

2022-01-16 13:24:03 - [TEST_STEP][PASSED] - click(findTestObject("Object Repository/Page_Home page/span_Log in")): Object: 'Object Repository/Page_Home page/span_Log in' is clicked on

2022-01-16 13:24:04 - [MESSAGE][PASSED] - Object: 'Object Repository/Page_Home page/span_Log in' is clicked on

2022-01-16 13:24:04 - [TEST_STEP][PASSED] - setText(findTestObject("Object Repository/Page_Home page Log in to the site/input_Username_username"), "coursecreator1"): Text 'coursecreator1' is set on object 'Object Repository/Page_Home page Log in to the site/input_Username_username'

2022-01-16 13:24:05 - [MESSAGE][PASSED] - Text 'coursecreator1' is set on object 'Object Repository/Page_Home page Log in to the site/input_Username_username'

2022-01-16 13:24:05 - [TEST_STEP][PASSED] - setEncryptedText(findTestObject("Page_Home page Log in to the site/input_Password_password (1)"), "OFhcon1PzObx3ErJAwGfGA=="): Text ****** has been set on object 'Object Repository/Page_Home page Log in to the site/input_Password_password (1)'

2022-01-16 13:24:05 - [MESSAGE][PASSED] - Text ****** has been set on object 'Object Repository/Page_Home page Log in to the site/input_Password_password (1)'

2022-01-16 13:24:05 - [TEST_STEP][PASSED] - click(findTestObject("Object Repository/Page_Home page Log in to the site/button_Log in")): Object: 'Object Repository/Page_Home page Log in to the site/button_Log in' is clicked on

2022-01-16 13:24:07 - [MESSAGE][PASSED] - Object: 'Object Repository/Page_Home page Log in to the site/button_Log in' is clicked on

2022-01-16 13:24:07 - [TEST_STEP][PASSED] - click(findTestObject("Object Repository/Page_Dashboard/a_NV")): Object: 'Object Repository/Page_Dashboard/a_NV' is clicked on

2022-01-16 13:24:08 - [MESSAGE][PASSED] - Object: 'Object Repository/Page_Dashboard/a_NV' is clicked on

2022-01-16 13:24:08 - [TEST_STEP][PASSED] - click(findTestObject("Object Repository/Page_Dashboard/a_Log out")): Object: 'Object Repository/Page_Dashboard/a_Log out' is clicked on

2022-01-16 13:24:09 - [MESSAGE][PASSED] - Object: 'Object Repository/Page_Dashboard/a_Log out' is clicked on

2022-01-16 13:24:09 - [TEST_STEP][PASSED] - closeBrowser(): Browser is closed

2022-01-16 13:24:09 - [MESSAGE][PASSED] - Browser is closed]]></system-out>
         <system-err><![CDATA[]]></system-err>
      </testcase>
      <testcase name="Test Cases/Create Teacher" time="36.49" classname="Test Cases/Create Teacher" status="PASSED">
         <system-out><![CDATA[2022-01-16 13:24:09 - [TEST_CASE][PASSED] - Test Cases/Create Teacher: Test Cases/Create Teacher

2022-01-16 13:24:10 - [TEST_STEP][PASSED] - openBrowser(""): Browser is opened with url: ''

2022-01-16 13:24:10 - [MESSAGE][INFO] - Starting 'Edge Chromium' driver

2022-01-16 13:24:12 - [MESSAGE][INFO] - Action delay is set to 0 milliseconds

2022-01-16 13:24:13 - [MESSAGE][PASSED] - Browser is opened with url: ''

2022-01-16 13:24:13 - [TEST_STEP][PASSED] - navigateToUrl("http://localhost/"): Navigate to 'http://localhost/' successfully

2022-01-16 13:24:14 - [MESSAGE][PASSED] - Navigate to 'http://localhost/' successfully

2022-01-16 13:24:14 - [TEST_STEP][PASSED] - click(findTestObject("Object Repository/Page_Home page/a_Log in")): Object: 'Object Repository/Page_Home page/a_Log in' is clicked on

2022-01-16 13:24:15 - [MESSAGE][PASSED] - Object: 'Object Repository/Page_Home page/a_Log in' is clicked on

2022-01-16 13:24:15 - [TEST_STEP][PASSED] - setText(findTestObject("Object Repository/Page_Home page Log in to the site/input_Username_username"), "admin"): Text 'admin' is set on object 'Object Repository/Page_Home page Log in to the site/input_Username_username'

2022-01-16 13:24:15 - [MESSAGE][PASSED] - Text 'admin' is set on object 'Object Repository/Page_Home page Log in to the site/input_Username_username'

2022-01-16 13:24:15 - [TEST_STEP][PASSED] - setEncryptedText(findTestObject("Page_Home page Log in to the site/input_Password_password (1)"), "OFhcon1PzObx3ErJAwGfGA=="): Text ****** has been set on object 'Object Repository/Page_Home page Log in to the site/input_Password_password (1)'

2022-01-16 13:24:16 - [MESSAGE][PASSED] - Text ****** has been set on object 'Object Repository/Page_Home page Log in to the site/input_Password_password (1)'

2022-01-16 13:24:16 - [TEST_STEP][PASSED] - click(findTestObject("Object Repository/Page_Home page Log in to the site/button_Log in")): Object: 'Object Repository/Page_Home page Log in to the site/button_Log in' is clicked on

2022-01-16 13:24:17 - [MESSAGE][PASSED] - Object: 'Object Repository/Page_Home page Log in to the site/button_Log in' is clicked on

2022-01-16 13:24:17 - [TEST_STEP][PASSED] - click(findTestObject("Object Repository/Page_Dashboard/a_Site administration")): Object: 'Object Repository/Page_Dashboard/a_Site administration' is clicked on

2022-01-16 13:24:20 - [MESSAGE][PASSED] - Object: 'Object Repository/Page_Dashboard/a_Site administration' is clicked on

2022-01-16 13:24:20 - [TEST_STEP][PASSED] - click(findTestObject("Object Repository/Page_Group10 Administration Search/a_Users")): Object: 'Object Repository/Page_Group10 Administration Search/a_Users' is clicked on

2022-01-16 13:24:20 - [MESSAGE][PASSED] - Object: 'Object Repository/Page_Group10 Administration Search/a_Users' is clicked on

2022-01-16 13:24:20 - [TEST_STEP][PASSED] - click(findTestObject("Object Repository/Page_Group10 Administration Search/a_Add a new user")): Object: 'Object Repository/Page_Group10 Administration Search/a_Add a new user' is clicked on

2022-01-16 13:24:22 - [MESSAGE][PASSED] - Object: 'Object Repository/Page_Group10 Administration Search/a_Add a new user' is clicked on

2022-01-16 13:24:22 - [TEST_STEP][PASSED] - setText(findTestObject("Object Repository/Page_Group10 Administration Users Accounts _5007a8/input_Username_username"), "teacher1"): Text 'teacher1' is set on object 'Object Repository/Page_Group10 Administration Users Accounts _5007a8/input_Username_username'

2022-01-16 13:24:23 - [MESSAGE][PASSED] - Text 'teacher1' is set on object 'Object Repository/Page_Group10 Administration Users Accounts _5007a8/input_Username_username'

2022-01-16 13:24:23 - [TEST_STEP][PASSED] - click(findTestObject("Object Repository/Page_Group10 Administration Users Accounts _5007a8/em_Click to enter text")): Object: 'Object Repository/Page_Group10 Administration Users Accounts _5007a8/em_Click to enter text' is clicked on

2022-01-16 13:24:24 - [MESSAGE][PASSED] - Object: 'Object Repository/Page_Group10 Administration Users Accounts _5007a8/em_Click to enter text' is clicked on

2022-01-16 13:24:24 - [TEST_STEP][PASSED] - setEncryptedText(findTestObject("Object Repository/Page_Group10 Administration Users Accounts _5007a8/input_New password_newpassword"), "OFhcon1PzObx3ErJAwGfGA=="): Text ****** has been set on object 'Object Repository/Page_Group10 Administration Users Accounts _5007a8/input_New password_newpassword'

2022-01-16 13:24:24 - [MESSAGE][PASSED] - Text ****** has been set on object 'Object Repository/Page_Group10 Administration Users Accounts _5007a8/input_New password_newpassword'

2022-01-16 13:24:24 - [TEST_STEP][PASSED] - click(findTestObject("Object Repository/Page_Group10 Administration Users Accounts _5007a8/i_Click to enter text_icon fa fa-eye fa-fw")): Object: 'Object Repository/Page_Group10 Administration Users Accounts _5007a8/i_Click to enter text_icon fa fa-eye fa-fw' is clicked on

2022-01-16 13:24:25 - [MESSAGE][PASSED] - Object: 'Object Repository/Page_Group10 Administration Users Accounts _5007a8/i_Click to enter text_icon fa fa-eye fa-fw' is clicked on

2022-01-16 13:24:25 - [TEST_STEP][PASSED] - setText(findTestObject("Object Repository/Page_Group10 Administration Users Accounts _5007a8/input_First name_firstname"), "Nguyen"): Text 'Nguyen' is set on object 'Object Repository/Page_Group10 Administration Users Accounts _5007a8/input_First name_firstname'

2022-01-16 13:24:26 - [MESSAGE][PASSED] - Text 'Nguyen' is set on object 'Object Repository/Page_Group10 Administration Users Accounts _5007a8/input_First name_firstname'

2022-01-16 13:24:26 - [TEST_STEP][PASSED] - setText(findTestObject("Object Repository/Page_Group10 Administration Users Accounts _5007a8/input_Surname_lastname"), "Nga"): Text 'Nga' is set on object 'Object Repository/Page_Group10 Administration Users Accounts _5007a8/input_Surname_lastname'

2022-01-16 13:24:27 - [MESSAGE][PASSED] - Text 'Nga' is set on object 'Object Repository/Page_Group10 Administration Users Accounts _5007a8/input_Surname_lastname'

2022-01-16 13:24:27 - [TEST_STEP][PASSED] - setText(findTestObject("Object Repository/Page_Group10 Administration Users Accounts _5007a8/input_Email address_email"), "teacher1@email.com"): Text 'teacher1@email.com' is set on object 'Object Repository/Page_Group10 Administration Users Accounts _5007a8/input_Email address_email'

2022-01-16 13:24:28 - [MESSAGE][PASSED] - Text 'teacher1@email.com' is set on object 'Object Repository/Page_Group10 Administration Users Accounts _5007a8/input_Email address_email'

2022-01-16 13:24:28 - [TEST_STEP][PASSED] - click(findTestObject("Object Repository/Page_Group10 Administration Users Accounts _5007a8/input_Address_submitbutton")): Object: 'Object Repository/Page_Group10 Administration Users Accounts _5007a8/input_Address_submitbutton' is clicked on

2022-01-16 13:24:30 - [MESSAGE][PASSED] - Object: 'Object Repository/Page_Group10 Administration Users Accounts _5007a8/input_Address_submitbutton' is clicked on

2022-01-16 13:24:30 - [TEST_STEP][PASSED] - click(findTestObject("Object Repository/Page_Group10 Administration Users Permissio_4e74a7/a_Site administration")): Object: 'Object Repository/Page_Group10 Administration Users Permissio_4e74a7/a_Site administration' is clicked on

2022-01-16 13:24:32 - [MESSAGE][PASSED] - Object: 'Object Repository/Page_Group10 Administration Users Permissio_4e74a7/a_Site administration' is clicked on

2022-01-16 13:24:32 - [TEST_STEP][PASSED] - scrollToPosition(0, 0): Browser is scrolled to position x = 0, y = 0

2022-01-16 13:24:32 - [MESSAGE][PASSED] - Browser is scrolled to position x = 0, y = 0

2022-01-16 13:24:32 - [TEST_STEP][PASSED] - click(findTestObject("Object Repository/Page_Group10 Administration Search/a_Users")): Object: 'Object Repository/Page_Group10 Administration Search/a_Users' is clicked on

2022-01-16 13:24:32 - [MESSAGE][PASSED] - Object: 'Object Repository/Page_Group10 Administration Search/a_Users' is clicked on

2022-01-16 13:24:32 - [TEST_STEP][PASSED] - click(findTestObject("Object Repository/Page_Group10 Administration Search/a_Assign system roles")): Object: 'Object Repository/Page_Group10 Administration Search/a_Assign system roles' is clicked on

2022-01-16 13:24:34 - [MESSAGE][PASSED] - Object: 'Object Repository/Page_Group10 Administration Search/a_Assign system roles' is clicked on

2022-01-16 13:24:34 - [TEST_STEP][PASSED] - click(findTestObject("Page_Group10 Administration Users Permissions Assign system roles/a_Teacher")): Object: 'Object Repository/Page_Group10 Administration Users Permissions Assign system roles/a_Teacher' is clicked on

2022-01-16 13:24:35 - [MESSAGE][PASSED] - Object: 'Object Repository/Page_Group10 Administration Users Permissions Assign system roles/a_Teacher' is clicked on

2022-01-16 13:24:35 - [TEST_STEP][PASSED] - click(findTestObject("Page_Group10 Administration Users Permissions Assign system roles/option_Nguyen Nga (teacher1email.com)")): Object: 'Object Repository/Page_Group10 Administration Users Permissions Assign system roles/option_Nguyen Nga (teacher1email.com)' is clicked on

2022-01-16 13:24:36 - [MESSAGE][PASSED] - Object: 'Object Repository/Page_Group10 Administration Users Permissions Assign system roles/option_Nguyen Nga (teacher1email.com)' is clicked on

2022-01-16 13:24:36 - [TEST_STEP][PASSED] - click(findTestObject("Object Repository/Page_Group10 Administration Users Permissio_fb4295/input_Match the search text anywhere in the_89f7b5")): Object: 'Object Repository/Page_Group10 Administration Users Permissio_fb4295/input_Match the search text anywhere in the_89f7b5' is clicked on

2022-01-16 13:24:37 - [MESSAGE][PASSED] - Object: 'Object Repository/Page_Group10 Administration Users Permissio_fb4295/input_Match the search text anywhere in the_89f7b5' is clicked on

2022-01-16 13:24:37 - [TEST_STEP][PASSED] - click(findTestObject("Object Repository/Page_Group10 Administration Users Accounts _9567d5/span_AU")): Object: 'Object Repository/Page_Group10 Administration Users Accounts _9567d5/span_AU' is clicked on

2022-01-16 13:24:38 - [MESSAGE][PASSED] - Object: 'Object Repository/Page_Group10 Administration Users Accounts _9567d5/span_AU' is clicked on

2022-01-16 13:24:38 - [TEST_STEP][PASSED] - click(findTestObject("Object Repository/Page_Group10 Administration Users Accounts _9567d5/a_Log out")): Object: 'Object Repository/Page_Group10 Administration Users Accounts _9567d5/a_Log out' is clicked on

2022-01-16 13:24:39 - [MESSAGE][PASSED] - Object: 'Object Repository/Page_Group10 Administration Users Accounts _9567d5/a_Log out' is clicked on

2022-01-16 13:24:39 - [TEST_STEP][PASSED] - click(findTestObject("Object Repository/Page_Home page/span_Log in")): Object: 'Object Repository/Page_Home page/span_Log in' is clicked on

2022-01-16 13:24:40 - [MESSAGE][PASSED] - Object: 'Object Repository/Page_Home page/span_Log in' is clicked on

2022-01-16 13:24:40 - [TEST_STEP][PASSED] - setText(findTestObject("Object Repository/Page_Home page Log in to the site/input_Username_username"), "teacher1"): Text 'teacher1' is set on object 'Object Repository/Page_Home page Log in to the site/input_Username_username'

2022-01-16 13:24:41 - [MESSAGE][PASSED] - Text 'teacher1' is set on object 'Object Repository/Page_Home page Log in to the site/input_Username_username'

2022-01-16 13:24:41 - [TEST_STEP][PASSED] - setEncryptedText(findTestObject("Page_Home page Log in to the site/input_Password_password (1)"), "OFhcon1PzObx3ErJAwGfGA=="): Text ****** has been set on object 'Object Repository/Page_Home page Log in to the site/input_Password_password (1)'

2022-01-16 13:24:41 - [MESSAGE][PASSED] - Text ****** has been set on object 'Object Repository/Page_Home page Log in to the site/input_Password_password (1)'

2022-01-16 13:24:41 - [TEST_STEP][PASSED] - click(findTestObject("Object Repository/Page_Home page Log in to the site/button_Log in")): Object: 'Object Repository/Page_Home page Log in to the site/button_Log in' is clicked on

2022-01-16 13:24:43 - [MESSAGE][PASSED] - Object: 'Object Repository/Page_Home page Log in to the site/button_Log in' is clicked on

2022-01-16 13:24:43 - [TEST_STEP][PASSED] - click(findTestObject("Object Repository/Page_Dashboard/a_NV")): Object: 'Object Repository/Page_Dashboard/a_NV' is clicked on

2022-01-16 13:24:44 - [MESSAGE][PASSED] - Object: 'Object Repository/Page_Dashboard/a_NV' is clicked on

2022-01-16 13:24:44 - [TEST_STEP][PASSED] - click(findTestObject("Object Repository/Page_Dashboard/a_Log out")): Object: 'Object Repository/Page_Dashboard/a_Log out' is clicked on

2022-01-16 13:24:45 - [MESSAGE][PASSED] - Object: 'Object Repository/Page_Dashboard/a_Log out' is clicked on

2022-01-16 13:24:45 - [TEST_STEP][PASSED] - closeBrowser(): Browser is closed

2022-01-16 13:24:46 - [MESSAGE][PASSED] - Browser is closed]]></system-out>
         <system-err><![CDATA[]]></system-err>
      </testcase>
      <testcase name="Test Cases/Create nonediting teacher" time="39.301" classname="Test Cases/Create nonediting teacher" status="PASSED">
         <system-out><![CDATA[2022-01-16 13:24:46 - [TEST_CASE][PASSED] - Test Cases/Create nonediting teacher: Test Cases/Create nonediting teacher

2022-01-16 13:24:46 - [TEST_STEP][PASSED] - openBrowser(""): Browser is opened with url: ''

2022-01-16 13:24:46 - [MESSAGE][INFO] - Starting 'Edge Chromium' driver

2022-01-16 13:24:49 - [MESSAGE][INFO] - Action delay is set to 0 milliseconds

2022-01-16 13:24:49 - [MESSAGE][PASSED] - Browser is opened with url: ''

2022-01-16 13:24:49 - [TEST_STEP][PASSED] - navigateToUrl("http://localhost/"): Navigate to 'http://localhost/' successfully

2022-01-16 13:24:51 - [MESSAGE][PASSED] - Navigate to 'http://localhost/' successfully

2022-01-16 13:24:51 - [TEST_STEP][PASSED] - click(findTestObject("Object Repository/Page_Home page/a_Log in")): Object: 'Object Repository/Page_Home page/a_Log in' is clicked on

2022-01-16 13:24:52 - [MESSAGE][PASSED] - Object: 'Object Repository/Page_Home page/a_Log in' is clicked on

2022-01-16 13:24:52 - [TEST_STEP][PASSED] - setText(findTestObject("Object Repository/Page_Home page Log in to the site/input_Username_username"), "admin"): Text 'admin' is set on object 'Object Repository/Page_Home page Log in to the site/input_Username_username'

2022-01-16 13:24:53 - [MESSAGE][PASSED] - Text 'admin' is set on object 'Object Repository/Page_Home page Log in to the site/input_Username_username'

2022-01-16 13:24:53 - [TEST_STEP][PASSED] - setEncryptedText(findTestObject("Page_Home page Log in to the site/input_Password_password (1)"), "OFhcon1PzObx3ErJAwGfGA=="): Text ****** has been set on object 'Object Repository/Page_Home page Log in to the site/input_Password_password (1)'

2022-01-16 13:24:54 - [MESSAGE][PASSED] - Text ****** has been set on object 'Object Repository/Page_Home page Log in to the site/input_Password_password (1)'

2022-01-16 13:24:54 - [TEST_STEP][PASSED] - click(findTestObject("Object Repository/Page_Home page Log in to the site/button_Log in")): Object: 'Object Repository/Page_Home page Log in to the site/button_Log in' is clicked on

2022-01-16 13:24:57 - [MESSAGE][PASSED] - Object: 'Object Repository/Page_Home page Log in to the site/button_Log in' is clicked on

2022-01-16 13:24:57 - [TEST_STEP][PASSED] - click(findTestObject("Object Repository/Page_Dashboard/a_Site administration")): Object: 'Object Repository/Page_Dashboard/a_Site administration' is clicked on

2022-01-16 13:24:59 - [MESSAGE][PASSED] - Object: 'Object Repository/Page_Dashboard/a_Site administration' is clicked on

2022-01-16 13:24:59 - [TEST_STEP][PASSED] - click(findTestObject("Object Repository/Page_Group10 Administration Search/a_Users")): Object: 'Object Repository/Page_Group10 Administration Search/a_Users' is clicked on

2022-01-16 13:25:00 - [MESSAGE][PASSED] - Object: 'Object Repository/Page_Group10 Administration Search/a_Users' is clicked on

2022-01-16 13:25:00 - [TEST_STEP][PASSED] - click(findTestObject("Object Repository/Page_Group10 Administration Search/a_Add a new user")): Object: 'Object Repository/Page_Group10 Administration Search/a_Add a new user' is clicked on

2022-01-16 13:25:02 - [MESSAGE][PASSED] - Object: 'Object Repository/Page_Group10 Administration Search/a_Add a new user' is clicked on

2022-01-16 13:25:02 - [TEST_STEP][PASSED] - setText(findTestObject("Object Repository/Page_Group10 Administration Users Accounts _5007a8/input_Username_username"), "noneditingteacher1"): Text 'noneditingteacher1' is set on object 'Object Repository/Page_Group10 Administration Users Accounts _5007a8/input_Username_username'

2022-01-16 13:25:04 - [MESSAGE][PASSED] - Text 'noneditingteacher1' is set on object 'Object Repository/Page_Group10 Administration Users Accounts _5007a8/input_Username_username'

2022-01-16 13:25:04 - [TEST_STEP][PASSED] - click(findTestObject("Object Repository/Page_Group10 Administration Users Accounts _5007a8/em_Click to enter text")): Object: 'Object Repository/Page_Group10 Administration Users Accounts _5007a8/em_Click to enter text' is clicked on

2022-01-16 13:25:04 - [MESSAGE][PASSED] - Object: 'Object Repository/Page_Group10 Administration Users Accounts _5007a8/em_Click to enter text' is clicked on

2022-01-16 13:25:04 - [TEST_STEP][PASSED] - setEncryptedText(findTestObject("Object Repository/Page_Group10 Administration Users Accounts _5007a8/input_New password_newpassword"), "OFhcon1PzObx3ErJAwGfGA=="): Text ****** has been set on object 'Object Repository/Page_Group10 Administration Users Accounts _5007a8/input_New password_newpassword'

2022-01-16 13:25:05 - [MESSAGE][PASSED] - Text ****** has been set on object 'Object Repository/Page_Group10 Administration Users Accounts _5007a8/input_New password_newpassword'

2022-01-16 13:25:05 - [TEST_STEP][PASSED] - click(findTestObject("Object Repository/Page_Group10 Administration Users Accounts _5007a8/i_Click to enter text_icon fa fa-eye fa-fw")): Object: 'Object Repository/Page_Group10 Administration Users Accounts _5007a8/i_Click to enter text_icon fa fa-eye fa-fw' is clicked on

2022-01-16 13:25:05 - [MESSAGE][PASSED] - Object: 'Object Repository/Page_Group10 Administration Users Accounts _5007a8/i_Click to enter text_icon fa fa-eye fa-fw' is clicked on

2022-01-16 13:25:05 - [TEST_STEP][PASSED] - setText(findTestObject("Object Repository/Page_Group10 Administration Users Accounts _5007a8/input_First name_firstname"), "Tran"): Text 'Tran' is set on object 'Object Repository/Page_Group10 Administration Users Accounts _5007a8/input_First name_firstname'

2022-01-16 13:25:06 - [MESSAGE][PASSED] - Text 'Tran' is set on object 'Object Repository/Page_Group10 Administration Users Accounts _5007a8/input_First name_firstname'

2022-01-16 13:25:06 - [TEST_STEP][PASSED] - setText(findTestObject("Object Repository/Page_Group10 Administration Users Accounts _5007a8/input_Surname_lastname"), "Lam"): Text 'Lam' is set on object 'Object Repository/Page_Group10 Administration Users Accounts _5007a8/input_Surname_lastname'

2022-01-16 13:25:07 - [MESSAGE][PASSED] - Text 'Lam' is set on object 'Object Repository/Page_Group10 Administration Users Accounts _5007a8/input_Surname_lastname'

2022-01-16 13:25:07 - [TEST_STEP][PASSED] - setText(findTestObject("Object Repository/Page_Group10 Administration Users Accounts _5007a8/input_Email address_email"), "noneditingteacher1@email.com"): Text 'noneditingteacher1@email.com' is set on object 'Object Repository/Page_Group10 Administration Users Accounts _5007a8/input_Email address_email'

2022-01-16 13:25:08 - [MESSAGE][PASSED] - Text 'noneditingteacher1@email.com' is set on object 'Object Repository/Page_Group10 Administration Users Accounts _5007a8/input_Email address_email'

2022-01-16 13:25:08 - [TEST_STEP][PASSED] - click(findTestObject("Object Repository/Page_Group10 Administration Users Accounts _5007a8/input_Address_submitbutton")): Object: 'Object Repository/Page_Group10 Administration Users Accounts _5007a8/input_Address_submitbutton' is clicked on

2022-01-16 13:25:10 - [MESSAGE][PASSED] - Object: 'Object Repository/Page_Group10 Administration Users Accounts _5007a8/input_Address_submitbutton' is clicked on

2022-01-16 13:25:10 - [TEST_STEP][PASSED] - click(findTestObject("Object Repository/Page_Group10 Administration Users Permissio_4e74a7/a_Site administration")): Object: 'Object Repository/Page_Group10 Administration Users Permissio_4e74a7/a_Site administration' is clicked on

2022-01-16 13:25:12 - [MESSAGE][PASSED] - Object: 'Object Repository/Page_Group10 Administration Users Permissio_4e74a7/a_Site administration' is clicked on

2022-01-16 13:25:12 - [TEST_STEP][PASSED] - scrollToPosition(0, 0): Browser is scrolled to position x = 0, y = 0

2022-01-16 13:25:12 - [MESSAGE][PASSED] - Browser is scrolled to position x = 0, y = 0

2022-01-16 13:25:12 - [TEST_STEP][PASSED] - click(findTestObject("Object Repository/Page_Group10 Administration Search/a_Users")): Object: 'Object Repository/Page_Group10 Administration Search/a_Users' is clicked on

2022-01-16 13:25:12 - [MESSAGE][PASSED] - Object: 'Object Repository/Page_Group10 Administration Search/a_Users' is clicked on

2022-01-16 13:25:12 - [TEST_STEP][PASSED] - click(findTestObject("Object Repository/Page_Group10 Administration Search/a_Assign system roles")): Object: 'Object Repository/Page_Group10 Administration Search/a_Assign system roles' is clicked on

2022-01-16 13:25:14 - [MESSAGE][PASSED] - Object: 'Object Repository/Page_Group10 Administration Search/a_Assign system roles' is clicked on

2022-01-16 13:25:14 - [TEST_STEP][PASSED] - click(findTestObject("Page_Group10 Administration Users Permissions Assign system roles/a_Non-editing teacher")): Object: 'Object Repository/Page_Group10 Administration Users Permissions Assign system roles/a_Non-editing teacher' is clicked on

2022-01-16 13:25:15 - [MESSAGE][PASSED] - Object: 'Object Repository/Page_Group10 Administration Users Permissions Assign system roles/a_Non-editing teacher' is clicked on

2022-01-16 13:25:15 - [TEST_STEP][PASSED] - click(findTestObject("Page_Group10 Administration Users Permissions Assign system roles/option_Tran Lam (noneditingteacher1email.com)")): Object: 'Object Repository/Page_Group10 Administration Users Permissions Assign system roles/option_Tran Lam (noneditingteacher1email.com)' is clicked on

2022-01-16 13:25:16 - [MESSAGE][PASSED] - Object: 'Object Repository/Page_Group10 Administration Users Permissions Assign system roles/option_Tran Lam (noneditingteacher1email.com)' is clicked on

2022-01-16 13:25:16 - [TEST_STEP][PASSED] - click(findTestObject("Object Repository/Page_Group10 Administration Users Permissio_fb4295/input_Match the search text anywhere in the_89f7b5")): Object: 'Object Repository/Page_Group10 Administration Users Permissio_fb4295/input_Match the search text anywhere in the_89f7b5' is clicked on

2022-01-16 13:25:17 - [MESSAGE][PASSED] - Object: 'Object Repository/Page_Group10 Administration Users Permissio_fb4295/input_Match the search text anywhere in the_89f7b5' is clicked on

2022-01-16 13:25:17 - [TEST_STEP][PASSED] - click(findTestObject("Object Repository/Page_Group10 Administration Users Accounts _9567d5/span_AU")): Object: 'Object Repository/Page_Group10 Administration Users Accounts _9567d5/span_AU' is clicked on

2022-01-16 13:25:18 - [MESSAGE][PASSED] - Object: 'Object Repository/Page_Group10 Administration Users Accounts _9567d5/span_AU' is clicked on

2022-01-16 13:25:18 - [TEST_STEP][PASSED] - click(findTestObject("Object Repository/Page_Group10 Administration Users Accounts _9567d5/a_Log out")): Object: 'Object Repository/Page_Group10 Administration Users Accounts _9567d5/a_Log out' is clicked on

2022-01-16 13:25:19 - [MESSAGE][PASSED] - Object: 'Object Repository/Page_Group10 Administration Users Accounts _9567d5/a_Log out' is clicked on

2022-01-16 13:25:19 - [TEST_STEP][PASSED] - click(findTestObject("Object Repository/Page_Home page/span_Log in")): Object: 'Object Repository/Page_Home page/span_Log in' is clicked on

2022-01-16 13:25:20 - [MESSAGE][PASSED] - Object: 'Object Repository/Page_Home page/span_Log in' is clicked on

2022-01-16 13:25:20 - [TEST_STEP][PASSED] - setText(findTestObject("Object Repository/Page_Home page Log in to the site/input_Username_username"), "noneditingteacher1"): Text 'noneditingteacher1' is set on object 'Object Repository/Page_Home page Log in to the site/input_Username_username'

2022-01-16 13:25:20 - [MESSAGE][PASSED] - Text 'noneditingteacher1' is set on object 'Object Repository/Page_Home page Log in to the site/input_Username_username'

2022-01-16 13:25:20 - [TEST_STEP][PASSED] - setEncryptedText(findTestObject("Page_Home page Log in to the site/input_Password_password (1)"), "OFhcon1PzObx3ErJAwGfGA=="): Text ****** has been set on object 'Object Repository/Page_Home page Log in to the site/input_Password_password (1)'

2022-01-16 13:25:21 - [MESSAGE][PASSED] - Text ****** has been set on object 'Object Repository/Page_Home page Log in to the site/input_Password_password (1)'

2022-01-16 13:25:21 - [TEST_STEP][PASSED] - click(findTestObject("Object Repository/Page_Home page Log in to the site/button_Log in")): Object: 'Object Repository/Page_Home page Log in to the site/button_Log in' is clicked on

2022-01-16 13:25:23 - [MESSAGE][PASSED] - Object: 'Object Repository/Page_Home page Log in to the site/button_Log in' is clicked on

2022-01-16 13:25:23 - [TEST_STEP][PASSED] - click(findTestObject("Object Repository/Page_Dashboard/a_NV")): Object: 'Object Repository/Page_Dashboard/a_NV' is clicked on

2022-01-16 13:25:23 - [MESSAGE][PASSED] - Object: 'Object Repository/Page_Dashboard/a_NV' is clicked on

2022-01-16 13:25:23 - [TEST_STEP][PASSED] - click(findTestObject("Object Repository/Page_Dashboard/a_Log out")): Object: 'Object Repository/Page_Dashboard/a_Log out' is clicked on

2022-01-16 13:25:24 - [MESSAGE][PASSED] - Object: 'Object Repository/Page_Dashboard/a_Log out' is clicked on

2022-01-16 13:25:24 - [TEST_STEP][PASSED] - closeBrowser(): Browser is closed

2022-01-16 13:25:25 - [MESSAGE][PASSED] - Browser is closed]]></system-out>
         <system-err><![CDATA[]]></system-err>
      </testcase>
      <testcase name="Test Cases/Create Student" time="38.889" classname="Test Cases/Create Student" status="PASSED">
         <system-out><![CDATA[2022-01-16 13:25:25 - [TEST_CASE][PASSED] - Test Cases/Create Student: Test Cases/Create Student

2022-01-16 13:25:25 - [TEST_STEP][PASSED] - openBrowser(""): Browser is opened with url: ''

2022-01-16 13:25:25 - [MESSAGE][INFO] - Starting 'Edge Chromium' driver

2022-01-16 13:25:28 - [MESSAGE][INFO] - Action delay is set to 0 milliseconds

2022-01-16 13:25:29 - [MESSAGE][PASSED] - Browser is opened with url: ''

2022-01-16 13:25:29 - [TEST_STEP][PASSED] - navigateToUrl("http://localhost/"): Navigate to 'http://localhost/' successfully

2022-01-16 13:25:30 - [MESSAGE][PASSED] - Navigate to 'http://localhost/' successfully

2022-01-16 13:25:30 - [TEST_STEP][PASSED] - click(findTestObject("Object Repository/Page_Home page/a_Log in")): Object: 'Object Repository/Page_Home page/a_Log in' is clicked on

2022-01-16 13:25:31 - [MESSAGE][PASSED] - Object: 'Object Repository/Page_Home page/a_Log in' is clicked on

2022-01-16 13:25:31 - [TEST_STEP][PASSED] - setText(findTestObject("Object Repository/Page_Home page Log in to the site/input_Username_username"), "admin"): Text 'admin' is set on object 'Object Repository/Page_Home page Log in to the site/input_Username_username'

2022-01-16 13:25:32 - [MESSAGE][PASSED] - Text 'admin' is set on object 'Object Repository/Page_Home page Log in to the site/input_Username_username'

2022-01-16 13:25:32 - [TEST_STEP][PASSED] - setEncryptedText(findTestObject("Page_Home page Log in to the site/input_Password_password (1)"), "OFhcon1PzObx3ErJAwGfGA=="): Text ****** has been set on object 'Object Repository/Page_Home page Log in to the site/input_Password_password (1)'

2022-01-16 13:25:33 - [MESSAGE][PASSED] - Text ****** has been set on object 'Object Repository/Page_Home page Log in to the site/input_Password_password (1)'

2022-01-16 13:25:33 - [TEST_STEP][PASSED] - click(findTestObject("Object Repository/Page_Home page Log in to the site/button_Log in")): Object: 'Object Repository/Page_Home page Log in to the site/button_Log in' is clicked on

2022-01-16 13:25:34 - [MESSAGE][PASSED] - Object: 'Object Repository/Page_Home page Log in to the site/button_Log in' is clicked on

2022-01-16 13:25:34 - [TEST_STEP][PASSED] - click(findTestObject("Object Repository/Page_Dashboard/a_Site administration")): Object: 'Object Repository/Page_Dashboard/a_Site administration' is clicked on

2022-01-16 13:25:37 - [MESSAGE][PASSED] - Object: 'Object Repository/Page_Dashboard/a_Site administration' is clicked on

2022-01-16 13:25:37 - [TEST_STEP][PASSED] - scrollToPosition(0, 0): Browser is scrolled to position x = 0, y = 0

2022-01-16 13:25:37 - [MESSAGE][PASSED] - Browser is scrolled to position x = 0, y = 0

2022-01-16 13:25:37 - [TEST_STEP][PASSED] - click(findTestObject("Object Repository/Page_Group10 Administration Search/a_Users")): Object: 'Object Repository/Page_Group10 Administration Search/a_Users' is clicked on

2022-01-16 13:25:38 - [MESSAGE][PASSED] - Object: 'Object Repository/Page_Group10 Administration Search/a_Users' is clicked on

2022-01-16 13:25:38 - [TEST_STEP][PASSED] - click(findTestObject("Object Repository/Page_Group10 Administration Search/a_Add a new user")): Object: 'Object Repository/Page_Group10 Administration Search/a_Add a new user' is clicked on

2022-01-16 13:25:39 - [MESSAGE][PASSED] - Object: 'Object Repository/Page_Group10 Administration Search/a_Add a new user' is clicked on

2022-01-16 13:25:39 - [TEST_STEP][PASSED] - setText(findTestObject("Object Repository/Page_Group10 Administration Users Accounts _5007a8/input_Username_username"), "student1"): Text 'student1' is set on object 'Object Repository/Page_Group10 Administration Users Accounts _5007a8/input_Username_username'

2022-01-16 13:25:41 - [MESSAGE][PASSED] - Text 'student1' is set on object 'Object Repository/Page_Group10 Administration Users Accounts _5007a8/input_Username_username'

2022-01-16 13:25:41 - [TEST_STEP][PASSED] - click(findTestObject("Object Repository/Page_Group10 Administration Users Accounts _5007a8/em_Click to enter text")): Object: 'Object Repository/Page_Group10 Administration Users Accounts _5007a8/em_Click to enter text' is clicked on

2022-01-16 13:25:42 - [MESSAGE][PASSED] - Object: 'Object Repository/Page_Group10 Administration Users Accounts _5007a8/em_Click to enter text' is clicked on

2022-01-16 13:25:42 - [TEST_STEP][PASSED] - setEncryptedText(findTestObject("Object Repository/Page_Group10 Administration Users Accounts _5007a8/input_New password_newpassword"), "9ExR24d8uBTe5Y0Xu9Ji6w=="): Text ****** has been set on object 'Object Repository/Page_Group10 Administration Users Accounts _5007a8/input_New password_newpassword'

2022-01-16 13:25:42 - [MESSAGE][PASSED] - Text ****** has been set on object 'Object Repository/Page_Group10 Administration Users Accounts _5007a8/input_New password_newpassword'

2022-01-16 13:25:42 - [TEST_STEP][PASSED] - click(findTestObject("Object Repository/Page_Group10 Administration Users Accounts _5007a8/i_Click to enter text_icon fa fa-eye fa-fw")): Object: 'Object Repository/Page_Group10 Administration Users Accounts _5007a8/i_Click to enter text_icon fa fa-eye fa-fw' is clicked on

2022-01-16 13:25:43 - [MESSAGE][PASSED] - Object: 'Object Repository/Page_Group10 Administration Users Accounts _5007a8/i_Click to enter text_icon fa fa-eye fa-fw' is clicked on

2022-01-16 13:25:43 - [TEST_STEP][PASSED] - setText(findTestObject("Object Repository/Page_Group10 Administration Users Accounts _5007a8/input_First name_firstname"), "Nguyen"): Text 'Nguyen' is set on object 'Object Repository/Page_Group10 Administration Users Accounts _5007a8/input_First name_firstname'

2022-01-16 13:25:44 - [MESSAGE][PASSED] - Text 'Nguyen' is set on object 'Object Repository/Page_Group10 Administration Users Accounts _5007a8/input_First name_firstname'

2022-01-16 13:25:44 - [TEST_STEP][PASSED] - setText(findTestObject("Object Repository/Page_Group10 Administration Users Accounts _5007a8/input_Surname_lastname"), "Hoa"): Text 'Hoa' is set on object 'Object Repository/Page_Group10 Administration Users Accounts _5007a8/input_Surname_lastname'

2022-01-16 13:25:45 - [MESSAGE][PASSED] - Text 'Hoa' is set on object 'Object Repository/Page_Group10 Administration Users Accounts _5007a8/input_Surname_lastname'

2022-01-16 13:25:45 - [TEST_STEP][PASSED] - setText(findTestObject("Object Repository/Page_Group10 Administration Users Accounts _5007a8/input_Email address_email"), "student1@email.com"): Text 'student1@email.com' is set on object 'Object Repository/Page_Group10 Administration Users Accounts _5007a8/input_Email address_email'

2022-01-16 13:25:46 - [MESSAGE][PASSED] - Text 'student1@email.com' is set on object 'Object Repository/Page_Group10 Administration Users Accounts _5007a8/input_Email address_email'

2022-01-16 13:25:46 - [TEST_STEP][PASSED] - click(findTestObject("Object Repository/Page_Group10 Administration Users Accounts _5007a8/input_Address_submitbutton")): Object: 'Object Repository/Page_Group10 Administration Users Accounts _5007a8/input_Address_submitbutton' is clicked on

2022-01-16 13:25:48 - [MESSAGE][PASSED] - Object: 'Object Repository/Page_Group10 Administration Users Accounts _5007a8/input_Address_submitbutton' is clicked on

2022-01-16 13:25:48 - [TEST_STEP][PASSED] - click(findTestObject("Object Repository/Page_Group10 Administration Users Accounts _9567d5/span_AU")): Object: 'Object Repository/Page_Group10 Administration Users Accounts _9567d5/span_AU' is clicked on

2022-01-16 13:25:48 - [MESSAGE][PASSED] - Object: 'Object Repository/Page_Group10 Administration Users Accounts _9567d5/span_AU' is clicked on

2022-01-16 13:25:48 - [TEST_STEP][PASSED] - click(findTestObject("Object Repository/Page_Group10 Administration Users Permissio_4e74a7/a_Site administration")): Object: 'Object Repository/Page_Group10 Administration Users Permissio_4e74a7/a_Site administration' is clicked on

2022-01-16 13:25:50 - [MESSAGE][PASSED] - Object: 'Object Repository/Page_Group10 Administration Users Permissio_4e74a7/a_Site administration' is clicked on

2022-01-16 13:25:50 - [TEST_STEP][PASSED] - scrollToPosition(0, 0): Browser is scrolled to position x = 0, y = 0

2022-01-16 13:25:50 - [MESSAGE][PASSED] - Browser is scrolled to position x = 0, y = 0

2022-01-16 13:25:50 - [TEST_STEP][PASSED] - click(findTestObject("Object Repository/Page_Group10 Administration Search/a_Users")): Object: 'Object Repository/Page_Group10 Administration Search/a_Users' is clicked on

2022-01-16 13:25:51 - [MESSAGE][PASSED] - Object: 'Object Repository/Page_Group10 Administration Search/a_Users' is clicked on

2022-01-16 13:25:51 - [TEST_STEP][PASSED] - click(findTestObject("Object Repository/Page_Group10 Administration Search/a_Assign system roles")): Object: 'Object Repository/Page_Group10 Administration Search/a_Assign system roles' is clicked on

2022-01-16 13:25:52 - [MESSAGE][PASSED] - Object: 'Object Repository/Page_Group10 Administration Search/a_Assign system roles' is clicked on

2022-01-16 13:25:52 - [TEST_STEP][PASSED] - click(findTestObject("Page_Group10 Administration Users Permissions Assign system roles/a_Student")): Object: 'Object Repository/Page_Group10 Administration Users Permissions Assign system roles/a_Student' is clicked on

2022-01-16 13:25:53 - [MESSAGE][PASSED] - Object: 'Object Repository/Page_Group10 Administration Users Permissions Assign system roles/a_Student' is clicked on

2022-01-16 13:25:53 - [TEST_STEP][PASSED] - click(findTestObject("Page_Group10 Administration Users Permissions Assign system roles/option_Nguyen Hoa (student1email.com)")): Object: 'Object Repository/Page_Group10 Administration Users Permissions Assign system roles/option_Nguyen Hoa (student1email.com)' is clicked on

2022-01-16 13:25:54 - [MESSAGE][PASSED] - Object: 'Object Repository/Page_Group10 Administration Users Permissions Assign system roles/option_Nguyen Hoa (student1email.com)' is clicked on

2022-01-16 13:25:54 - [TEST_STEP][PASSED] - click(findTestObject("Object Repository/Page_Group10 Administration Users Permissio_fb4295/input_Match the search text anywhere in the_89f7b5")): Object: 'Object Repository/Page_Group10 Administration Users Permissio_fb4295/input_Match the search text anywhere in the_89f7b5' is clicked on

2022-01-16 13:25:56 - [MESSAGE][PASSED] - Object: 'Object Repository/Page_Group10 Administration Users Permissio_fb4295/input_Match the search text anywhere in the_89f7b5' is clicked on

2022-01-16 13:25:56 - [TEST_STEP][PASSED] - click(findTestObject("Object Repository/Page_Group10 Administration Users Accounts _9567d5/span_AU")): Object: 'Object Repository/Page_Group10 Administration Users Accounts _9567d5/span_AU' is clicked on

2022-01-16 13:25:56 - [MESSAGE][PASSED] - Object: 'Object Repository/Page_Group10 Administration Users Accounts _9567d5/span_AU' is clicked on

2022-01-16 13:25:56 - [TEST_STEP][PASSED] - click(findTestObject("Object Repository/Page_Group10 Administration Users Accounts _9567d5/a_Log out")): Object: 'Object Repository/Page_Group10 Administration Users Accounts _9567d5/a_Log out' is clicked on

2022-01-16 13:25:57 - [MESSAGE][PASSED] - Object: 'Object Repository/Page_Group10 Administration Users Accounts _9567d5/a_Log out' is clicked on

2022-01-16 13:25:57 - [TEST_STEP][PASSED] - click(findTestObject("Object Repository/Page_Home page/span_Log in")): Object: 'Object Repository/Page_Home page/span_Log in' is clicked on

2022-01-16 13:25:58 - [MESSAGE][PASSED] - Object: 'Object Repository/Page_Home page/span_Log in' is clicked on

2022-01-16 13:25:58 - [TEST_STEP][PASSED] - setText(findTestObject("Object Repository/Page_Home page Log in to the site/input_Username_username"), "student1"): Text 'student1' is set on object 'Object Repository/Page_Home page Log in to the site/input_Username_username'

2022-01-16 13:25:59 - [MESSAGE][PASSED] - Text 'student1' is set on object 'Object Repository/Page_Home page Log in to the site/input_Username_username'

2022-01-16 13:25:59 - [TEST_STEP][PASSED] - setEncryptedText(findTestObject("Page_Home page Log in to the site/input_Password_password (1)"), "9ExR24d8uBTe5Y0Xu9Ji6w=="): Text ****** has been set on object 'Object Repository/Page_Home page Log in to the site/input_Password_password (1)'

2022-01-16 13:25:59 - [MESSAGE][PASSED] - Text ****** has been set on object 'Object Repository/Page_Home page Log in to the site/input_Password_password (1)'

2022-01-16 13:25:59 - [TEST_STEP][PASSED] - click(findTestObject("Object Repository/Page_Home page Log in to the site/button_Log in")): Object: 'Object Repository/Page_Home page Log in to the site/button_Log in' is clicked on

2022-01-16 13:26:01 - [MESSAGE][PASSED] - Object: 'Object Repository/Page_Home page Log in to the site/button_Log in' is clicked on

2022-01-16 13:26:01 - [TEST_STEP][PASSED] - click(findTestObject("Object Repository/Page_Dashboard/a_NV")): Object: 'Object Repository/Page_Dashboard/a_NV' is clicked on

2022-01-16 13:26:02 - [MESSAGE][PASSED] - Object: 'Object Repository/Page_Dashboard/a_NV' is clicked on

2022-01-16 13:26:02 - [TEST_STEP][PASSED] - click(findTestObject("Object Repository/Page_Dashboard/a_Log out")): Object: 'Object Repository/Page_Dashboard/a_Log out' is clicked on

2022-01-16 13:26:03 - [MESSAGE][PASSED] - Object: 'Object Repository/Page_Dashboard/a_Log out' is clicked on

2022-01-16 13:26:03 - [TEST_STEP][PASSED] - closeBrowser(): Browser is closed

2022-01-16 13:26:04 - [MESSAGE][PASSED] - Browser is closed]]></system-out>
         <system-err><![CDATA[]]></system-err>
      </testcase>
      <testcase name="Test Cases/Create student by upload file" time="29.529" classname="Test Cases/Create student by upload file" status="PASSED">
         <system-out><![CDATA[2022-01-16 13:26:04 - [TEST_CASE][PASSED] - Test Cases/Create student by upload file: Test Cases/Create student by upload file

2022-01-16 13:26:04 - [TEST_STEP][PASSED] - openBrowser(""): Browser is opened with url: ''

2022-01-16 13:26:04 - [MESSAGE][INFO] - Starting 'Edge Chromium' driver

2022-01-16 13:26:07 - [MESSAGE][INFO] - Action delay is set to 0 milliseconds

2022-01-16 13:26:08 - [MESSAGE][PASSED] - Browser is opened with url: ''

2022-01-16 13:26:08 - [TEST_STEP][PASSED] - navigateToUrl("http://localhost/"): Navigate to 'http://localhost/' successfully

2022-01-16 13:26:09 - [MESSAGE][PASSED] - Navigate to 'http://localhost/' successfully

2022-01-16 13:26:09 - [TEST_STEP][PASSED] - click(findTestObject("Object Repository/Page_Home page/a_Log in")): Object: 'Object Repository/Page_Home page/a_Log in' is clicked on

2022-01-16 13:26:10 - [MESSAGE][PASSED] - Object: 'Object Repository/Page_Home page/a_Log in' is clicked on

2022-01-16 13:26:10 - [TEST_STEP][PASSED] - setText(findTestObject("Object Repository/Page_Home page Log in to the site/input_Username_username"), "admin"): Text 'admin' is set on object 'Object Repository/Page_Home page Log in to the site/input_Username_username'

2022-01-16 13:26:11 - [MESSAGE][PASSED] - Text 'admin' is set on object 'Object Repository/Page_Home page Log in to the site/input_Username_username'

2022-01-16 13:26:11 - [TEST_STEP][PASSED] - setEncryptedText(findTestObject("Page_Home page Log in to the site/input_Password_password (1)"), "OFhcon1PzObx3ErJAwGfGA=="): Text ****** has been set on object 'Object Repository/Page_Home page Log in to the site/input_Password_password (1)'

2022-01-16 13:26:11 - [MESSAGE][PASSED] - Text ****** has been set on object 'Object Repository/Page_Home page Log in to the site/input_Password_password (1)'

2022-01-16 13:26:11 - [TEST_STEP][PASSED] - click(findTestObject("Object Repository/Page_Home page Log in to the site/button_Log in")): Object: 'Object Repository/Page_Home page Log in to the site/button_Log in' is clicked on

2022-01-16 13:26:13 - [MESSAGE][PASSED] - Object: 'Object Repository/Page_Home page Log in to the site/button_Log in' is clicked on

2022-01-16 13:26:13 - [TEST_STEP][PASSED] - click(findTestObject("Object Repository/Page_Dashboard/a_Site administration")): Object: 'Object Repository/Page_Dashboard/a_Site administration' is clicked on

2022-01-16 13:26:15 - [MESSAGE][PASSED] - Object: 'Object Repository/Page_Dashboard/a_Site administration' is clicked on

2022-01-16 13:26:15 - [TEST_STEP][PASSED] - click(findTestObject("Object Repository/Page_Group10 Administration Search/a_Users")): Object: 'Object Repository/Page_Group10 Administration Search/a_Users' is clicked on

2022-01-16 13:26:16 - [MESSAGE][PASSED] - Object: 'Object Repository/Page_Group10 Administration Search/a_Users' is clicked on

2022-01-16 13:26:16 - [TEST_STEP][PASSED] - click(findTestObject("Object Repository/Page_Group10 Administration Search/a_Upload users")): Object: 'Object Repository/Page_Group10 Administration Search/a_Upload users' is clicked on

2022-01-16 13:26:18 - [MESSAGE][PASSED] - Object: 'Object Repository/Page_Group10 Administration Search/a_Upload users' is clicked on

2022-01-16 13:26:18 - [TEST_STEP][PASSED] - click(findTestObject("Object Repository/Page_Group10 Administration Users Accounts _c9beb9/input_File_userfilechoose")): Object: 'Object Repository/Page_Group10 Administration Users Accounts _c9beb9/input_File_userfilechoose' is clicked on

2022-01-16 13:26:18 - [MESSAGE][PASSED] - Object: 'Object Repository/Page_Group10 Administration Users Accounts _c9beb9/input_File_userfilechoose' is clicked on

2022-01-16 13:26:18 - [TEST_STEP][PASSED] - uploadFile(findTestObject("Object Repository/Page_Group10 Administration Users Accounts _c9beb9/input_Attachment_repo_upload_file"), "D:\TestAutomation-SEBonus-Group10\student.csv"): File 'D:\TestAutomation-SEBonus-Group10\student.csv' sent to object: 'Object Repository/Page_Group10 Administration Users Accounts _c9beb9/input_Attachment_repo_upload_file'

2022-01-16 13:26:19 - [MESSAGE][PASSED] - File 'D:\TestAutomation-SEBonus-Group10\student.csv' sent to object: 'Object Repository/Page_Group10 Administration Users Accounts _c9beb9/input_Attachment_repo_upload_file'

2022-01-16 13:26:19 - [TEST_STEP][PASSED] - click(findTestObject("Object Repository/Page_Group10 Administration Users Accounts _c9beb9/button_Upload this file")): Object: 'Object Repository/Page_Group10 Administration Users Accounts _c9beb9/button_Upload this file' is clicked on

2022-01-16 13:26:20 - [MESSAGE][PASSED] - Object: 'Object Repository/Page_Group10 Administration Users Accounts _c9beb9/button_Upload this file' is clicked on

2022-01-16 13:26:20 - [TEST_STEP][PASSED] - click(findTestObject("Object Repository/Page_Group10 Administration Users Accounts _c9beb9/input_Preview rows_submitbutton")): Object: 'Object Repository/Page_Group10 Administration Users Accounts _c9beb9/input_Preview rows_submitbutton' is clicked on

2022-01-16 13:26:22 - [MESSAGE][PASSED] - Object: 'Object Repository/Page_Group10 Administration Users Accounts _c9beb9/input_Preview rows_submitbutton' is clicked on

2022-01-16 13:26:22 - [TEST_STEP][PASSED] - click(findTestObject("Page_Group10 Administration Users Accounts Upload users/input_Department_submitbutton")): Object: 'Object Repository/Page_Group10 Administration Users Accounts Upload users/input_Department_submitbutton' is clicked on

2022-01-16 13:26:24 - [MESSAGE][PASSED] - Object: 'Object Repository/Page_Group10 Administration Users Accounts Upload users/input_Department_submitbutton' is clicked on

2022-01-16 13:26:24 - [TEST_STEP][PASSED] - click(findTestObject("Object Repository/Page_Group10 Administration Users Accounts _c9beb9/a_Site administration")): Object: 'Object Repository/Page_Group10 Administration Users Accounts _c9beb9/a_Site administration' is clicked on

2022-01-16 13:26:25 - [MESSAGE][PASSED] - Object: 'Object Repository/Page_Group10 Administration Users Accounts _c9beb9/a_Site administration' is clicked on

2022-01-16 13:26:25 - [TEST_STEP][PASSED] - click(findTestObject("Object Repository/Page_Group10 Administration Search/a_Users")): Object: 'Object Repository/Page_Group10 Administration Search/a_Users' is clicked on

2022-01-16 13:26:26 - [MESSAGE][PASSED] - Object: 'Object Repository/Page_Group10 Administration Search/a_Users' is clicked on

2022-01-16 13:26:26 - [TEST_STEP][PASSED] - click(findTestObject("Object Repository/Page_Group10 Administration Search/a_Assign system roles")): Object: 'Object Repository/Page_Group10 Administration Search/a_Assign system roles' is clicked on

2022-01-16 13:26:27 - [MESSAGE][PASSED] - Object: 'Object Repository/Page_Group10 Administration Search/a_Assign system roles' is clicked on

2022-01-16 13:26:27 - [TEST_STEP][PASSED] - click(findTestObject("Object Repository/Page_Group10 Administration Users Permissio_fb4295/a_Student_1")): Object: 'Object Repository/Page_Group10 Administration Users Permissio_fb4295/a_Student_1' is clicked on

2022-01-16 13:26:29 - [MESSAGE][PASSED] - Object: 'Object Repository/Page_Group10 Administration Users Permissio_fb4295/a_Student_1' is clicked on

2022-01-16 13:26:29 - [TEST_STEP][PASSED] - click(findTestObject("Page_Group10 Administration Users Permissions Assign system roles/option_Le Minh Si (19127064student.hcmus.edu.vn)")): Object: 'Object Repository/Page_Group10 Administration Users Permissions Assign system roles/option_Le Minh Si (19127064student.hcmus.edu.vn)' is clicked on

2022-01-16 13:26:29 - [MESSAGE][PASSED] - Object: 'Object Repository/Page_Group10 Administration Users Permissions Assign system roles/option_Le Minh Si (19127064student.hcmus.edu.vn)' is clicked on

2022-01-16 13:26:29 - [TEST_STEP][PASSED] - click(findTestObject("Page_Group10 Administration Users Permissions Assign system roles/option_Nguyen Kim Thi To Nga (19127219student.hcmus.edu.vn)")): Object: 'Object Repository/Page_Group10 Administration Users Permissions Assign system roles/option_Nguyen Kim Thi To Nga (19127219student.hcmus.edu.vn)' is clicked on

2022-01-16 13:26:30 - [MESSAGE][PASSED] - Object: 'Object Repository/Page_Group10 Administration Users Permissions Assign system roles/option_Nguyen Kim Thi To Nga (19127219student.hcmus.edu.vn)' is clicked on

2022-01-16 13:26:30 - [TEST_STEP][PASSED] - click(findTestObject("Page_Group10 Administration Users Permissions Assign system roles/option_Nguyen Phuong Vy (19127088student.hcmus.edu.vn)")): Object: 'Object Repository/Page_Group10 Administration Users Permissions Assign system roles/option_Nguyen Phuong Vy (19127088student.hcmus.edu.vn)' is clicked on

2022-01-16 13:26:30 - [MESSAGE][PASSED] - Object: 'Object Repository/Page_Group10 Administration Users Permissions Assign system roles/option_Nguyen Phuong Vy (19127088student.hcmus.edu.vn)' is clicked on

2022-01-16 13:26:30 - [TEST_STEP][PASSED] - click(findTestObject("Page_Group10 Administration Users Permissions Assign system roles/option_Tran Ngoc Lam (19127040student.hcmus.edu.vn)")): Object: 'Object Repository/Page_Group10 Administration Users Permissions Assign system roles/option_Tran Ngoc Lam (19127040student.hcmus.edu.vn)' is clicked on

2022-01-16 13:26:31 - [MESSAGE][PASSED] - Object: 'Object Repository/Page_Group10 Administration Users Permissions Assign system roles/option_Tran Ngoc Lam (19127040student.hcmus.edu.vn)' is clicked on

2022-01-16 13:26:31 - [TEST_STEP][PASSED] - click(findTestObject("Object Repository/Page_Group10 Administration Users Permissio_fb4295/input_Match the search text anywhere in the_89f7b5_1")): Object: 'Object Repository/Page_Group10 Administration Users Permissio_fb4295/input_Match the search text anywhere in the_89f7b5_1' is clicked on

2022-01-16 13:26:33 - [MESSAGE][PASSED] - Object: 'Object Repository/Page_Group10 Administration Users Permissio_fb4295/input_Match the search text anywhere in the_89f7b5_1' is clicked on

2022-01-16 13:26:33 - [TEST_STEP][PASSED] - closeBrowser(): Browser is closed

2022-01-16 13:26:34 - [MESSAGE][PASSED] - Browser is closed]]></system-out>
         <system-err><![CDATA[]]></system-err>
      </testcase>
      <testcase name="Test Cases/Create teacher by upload file" time="27.803" classname="Test Cases/Create teacher by upload file" status="PASSED">
         <system-out><![CDATA[2022-01-16 13:26:34 - [TEST_CASE][PASSED] - Test Cases/Create teacher by upload file: Test Cases/Create teacher by upload file

2022-01-16 13:26:34 - [TEST_STEP][PASSED] - openBrowser(""): Browser is opened with url: ''

2022-01-16 13:26:34 - [MESSAGE][INFO] - Starting 'Edge Chromium' driver

2022-01-16 13:26:36 - [MESSAGE][INFO] - Action delay is set to 0 milliseconds

2022-01-16 13:26:37 - [MESSAGE][PASSED] - Browser is opened with url: ''

2022-01-16 13:26:37 - [TEST_STEP][PASSED] - navigateToUrl("http://localhost/"): Navigate to 'http://localhost/' successfully

2022-01-16 13:26:38 - [MESSAGE][PASSED] - Navigate to 'http://localhost/' successfully

2022-01-16 13:26:38 - [TEST_STEP][PASSED] - click(findTestObject("Object Repository/Page_Home page/a_Log in")): Object: 'Object Repository/Page_Home page/a_Log in' is clicked on

2022-01-16 13:26:39 - [MESSAGE][PASSED] - Object: 'Object Repository/Page_Home page/a_Log in' is clicked on

2022-01-16 13:26:39 - [TEST_STEP][PASSED] - setText(findTestObject("Object Repository/Page_Home page Log in to the site/input_Username_username"), "admin"): Text 'admin' is set on object 'Object Repository/Page_Home page Log in to the site/input_Username_username'

2022-01-16 13:26:40 - [MESSAGE][PASSED] - Text 'admin' is set on object 'Object Repository/Page_Home page Log in to the site/input_Username_username'

2022-01-16 13:26:40 - [TEST_STEP][PASSED] - setEncryptedText(findTestObject("Page_Home page Log in to the site/input_Password_password (1)"), "OFhcon1PzObx3ErJAwGfGA=="): Text ****** has been set on object 'Object Repository/Page_Home page Log in to the site/input_Password_password (1)'

2022-01-16 13:26:41 - [MESSAGE][PASSED] - Text ****** has been set on object 'Object Repository/Page_Home page Log in to the site/input_Password_password (1)'

2022-01-16 13:26:41 - [TEST_STEP][PASSED] - click(findTestObject("Object Repository/Page_Home page Log in to the site/button_Log in")): Object: 'Object Repository/Page_Home page Log in to the site/button_Log in' is clicked on

2022-01-16 13:26:42 - [MESSAGE][PASSED] - Object: 'Object Repository/Page_Home page Log in to the site/button_Log in' is clicked on

2022-01-16 13:26:42 - [TEST_STEP][PASSED] - click(findTestObject("Object Repository/Page_Dashboard/a_Site administration")): Object: 'Object Repository/Page_Dashboard/a_Site administration' is clicked on

2022-01-16 13:26:45 - [MESSAGE][PASSED] - Object: 'Object Repository/Page_Dashboard/a_Site administration' is clicked on

2022-01-16 13:26:45 - [TEST_STEP][PASSED] - click(findTestObject("Object Repository/Page_Group10 Administration Search/a_Users")): Object: 'Object Repository/Page_Group10 Administration Search/a_Users' is clicked on

2022-01-16 13:26:45 - [MESSAGE][PASSED] - Object: 'Object Repository/Page_Group10 Administration Search/a_Users' is clicked on

2022-01-16 13:26:45 - [TEST_STEP][PASSED] - click(findTestObject("Object Repository/Page_Group10 Administration Search/a_Upload users")): Object: 'Object Repository/Page_Group10 Administration Search/a_Upload users' is clicked on

2022-01-16 13:26:47 - [MESSAGE][PASSED] - Object: 'Object Repository/Page_Group10 Administration Search/a_Upload users' is clicked on

2022-01-16 13:26:47 - [TEST_STEP][PASSED] - click(findTestObject("Object Repository/Page_Group10 Administration Users Accounts _c9beb9/input_File_userfilechoose")): Object: 'Object Repository/Page_Group10 Administration Users Accounts _c9beb9/input_File_userfilechoose' is clicked on

2022-01-16 13:26:47 - [MESSAGE][PASSED] - Object: 'Object Repository/Page_Group10 Administration Users Accounts _c9beb9/input_File_userfilechoose' is clicked on

2022-01-16 13:26:47 - [TEST_STEP][PASSED] - uploadFile(findTestObject("Object Repository/Page_Group10 Administration Users Accounts _c9beb9/input_Attachment_repo_upload_file"), "D:\TestAutomation-SEBonus-Group10\teacher.csv"): File 'D:\TestAutomation-SEBonus-Group10\teacher.csv' sent to object: 'Object Repository/Page_Group10 Administration Users Accounts _c9beb9/input_Attachment_repo_upload_file'

2022-01-16 13:26:48 - [MESSAGE][PASSED] - File 'D:\TestAutomation-SEBonus-Group10\teacher.csv' sent to object: 'Object Repository/Page_Group10 Administration Users Accounts _c9beb9/input_Attachment_repo_upload_file'

2022-01-16 13:26:48 - [TEST_STEP][PASSED] - click(findTestObject("Object Repository/Page_Group10 Administration Users Accounts _c9beb9/button_Upload this file")): Object: 'Object Repository/Page_Group10 Administration Users Accounts _c9beb9/button_Upload this file' is clicked on

2022-01-16 13:26:49 - [MESSAGE][PASSED] - Object: 'Object Repository/Page_Group10 Administration Users Accounts _c9beb9/button_Upload this file' is clicked on

2022-01-16 13:26:49 - [TEST_STEP][PASSED] - click(findTestObject("Object Repository/Page_Group10 Administration Users Accounts _c9beb9/input_Preview rows_submitbutton")): Object: 'Object Repository/Page_Group10 Administration Users Accounts _c9beb9/input_Preview rows_submitbutton' is clicked on

2022-01-16 13:26:50 - [MESSAGE][PASSED] - Object: 'Object Repository/Page_Group10 Administration Users Accounts _c9beb9/input_Preview rows_submitbutton' is clicked on

2022-01-16 13:26:50 - [TEST_STEP][PASSED] - click(findTestObject("Page_Group10 Administration Users Accounts Upload users/input_Department_submitbutton")): Object: 'Object Repository/Page_Group10 Administration Users Accounts Upload users/input_Department_submitbutton' is clicked on

2022-01-16 13:26:52 - [MESSAGE][PASSED] - Object: 'Object Repository/Page_Group10 Administration Users Accounts Upload users/input_Department_submitbutton' is clicked on

2022-01-16 13:26:52 - [TEST_STEP][PASSED] - click(findTestObject("Object Repository/Page_Group10 Administration Users Accounts _c9beb9/a_Site administration")): Object: 'Object Repository/Page_Group10 Administration Users Accounts _c9beb9/a_Site administration' is clicked on

2022-01-16 13:26:54 - [MESSAGE][PASSED] - Object: 'Object Repository/Page_Group10 Administration Users Accounts _c9beb9/a_Site administration' is clicked on

2022-01-16 13:26:54 - [TEST_STEP][PASSED] - click(findTestObject("Object Repository/Page_Group10 Administration Search/a_Users")): Object: 'Object Repository/Page_Group10 Administration Search/a_Users' is clicked on

2022-01-16 13:26:54 - [MESSAGE][PASSED] - Object: 'Object Repository/Page_Group10 Administration Search/a_Users' is clicked on

2022-01-16 13:26:54 - [TEST_STEP][PASSED] - click(findTestObject("Object Repository/Page_Group10 Administration Search/a_Assign system roles")): Object: 'Object Repository/Page_Group10 Administration Search/a_Assign system roles' is clicked on

2022-01-16 13:26:55 - [MESSAGE][PASSED] - Object: 'Object Repository/Page_Group10 Administration Search/a_Assign system roles' is clicked on

2022-01-16 13:26:55 - [TEST_STEP][PASSED] - click(findTestObject("Object Repository/Page_Group10 Administration Users Permissio_fb4295/a_Teacher")): Object: 'Object Repository/Page_Group10 Administration Users Permissio_fb4295/a_Teacher' is clicked on

2022-01-16 13:26:57 - [MESSAGE][PASSED] - Object: 'Object Repository/Page_Group10 Administration Users Permissio_fb4295/a_Teacher' is clicked on

2022-01-16 13:26:57 - [TEST_STEP][PASSED] - click(findTestObject("Page_Group10 Administration Users Permissions Assign system roles/option_Ho Thi Hoang Vy (hthvfit.us.edu.vn)")): Object: 'Object Repository/Page_Group10 Administration Users Permissions Assign system roles/option_Ho Thi Hoang Vy (hthvfit.us.edu.vn)' is clicked on

2022-01-16 13:26:57 - [MESSAGE][PASSED] - Object: 'Object Repository/Page_Group10 Administration Users Permissions Assign system roles/option_Ho Thi Hoang Vy (hthvfit.us.edu.vn)' is clicked on

2022-01-16 13:26:57 - [TEST_STEP][PASSED] - click(findTestObject("Page_Group10 Administration Users Permissions Assign system roles/option_Luong Vi Minh (lvmfit.us.edu.vn)")): Object: 'Object Repository/Page_Group10 Administration Users Permissions Assign system roles/option_Luong Vi Minh (lvmfit.us.edu.vn)' is clicked on

2022-01-16 13:26:58 - [MESSAGE][PASSED] - Object: 'Object Repository/Page_Group10 Administration Users Permissions Assign system roles/option_Luong Vi Minh (lvmfit.us.edu.vn)' is clicked on

2022-01-16 13:26:58 - [TEST_STEP][PASSED] - click(findTestObject("Page_Group10 Administration Users Permissions Assign system roles/option_Nguyen Le Hoang Dung (nlhdfit.us.edu.vn)")): Object: 'Object Repository/Page_Group10 Administration Users Permissions Assign system roles/option_Nguyen Le Hoang Dung (nlhdfit.us.edu.vn)' is clicked on

2022-01-16 13:26:58 - [MESSAGE][PASSED] - Object: 'Object Repository/Page_Group10 Administration Users Permissions Assign system roles/option_Nguyen Le Hoang Dung (nlhdfit.us.edu.vn)' is clicked on

2022-01-16 13:26:58 - [TEST_STEP][PASSED] - click(findTestObject("Page_Group10 Administration Users Permissions Assign system roles/option_Pham Thi Bach Hue (ptbhfit.us.edu.vn)")): Object: 'Object Repository/Page_Group10 Administration Users Permissions Assign system roles/option_Pham Thi Bach Hue (ptbhfit.us.edu.vn)' is clicked on

2022-01-16 13:26:59 - [MESSAGE][PASSED] - Object: 'Object Repository/Page_Group10 Administration Users Permissions Assign system roles/option_Pham Thi Bach Hue (ptbhfit.us.edu.vn)' is clicked on

2022-01-16 13:26:59 - [TEST_STEP][PASSED] - click(findTestObject("Object Repository/Page_Group10 Administration Users Permissio_fb4295/input_Match the search text anywhere in the_89f7b5_1")): Object: 'Object Repository/Page_Group10 Administration Users Permissio_fb4295/input_Match the search text anywhere in the_89f7b5_1' is clicked on

2022-01-16 13:27:01 - [MESSAGE][PASSED] - Object: 'Object Repository/Page_Group10 Administration Users Permissio_fb4295/input_Match the search text anywhere in the_89f7b5_1' is clicked on

2022-01-16 13:27:01 - [TEST_STEP][PASSED] - closeBrowser(): Browser is closed

2022-01-16 13:27:01 - [MESSAGE][PASSED] - Browser is closed]]></system-out>
         <system-err><![CDATA[]]></system-err>
      </testcase>
      <testcase name="Test Cases/Create manager by upload file" time="32.222" classname="Test Cases/Create manager by upload file" status="PASSED">
         <system-out><![CDATA[2022-01-16 13:27:01 - [TEST_CASE][PASSED] - Test Cases/Create manager by upload file: Test Cases/Create manager by upload file

2022-01-16 13:27:02 - [TEST_STEP][PASSED] - openBrowser(""): Browser is opened with url: ''

2022-01-16 13:27:02 - [MESSAGE][INFO] - Starting 'Edge Chromium' driver

2022-01-16 13:27:04 - [MESSAGE][INFO] - Action delay is set to 0 milliseconds

2022-01-16 13:27:05 - [MESSAGE][PASSED] - Browser is opened with url: ''

2022-01-16 13:27:05 - [TEST_STEP][PASSED] - navigateToUrl("http://localhost/"): Navigate to 'http://localhost/' successfully

2022-01-16 13:27:06 - [MESSAGE][PASSED] - Navigate to 'http://localhost/' successfully

2022-01-16 13:27:06 - [TEST_STEP][PASSED] - click(findTestObject("Object Repository/Page_Home page/a_Log in")): Object: 'Object Repository/Page_Home page/a_Log in' is clicked on

2022-01-16 13:27:07 - [MESSAGE][PASSED] - Object: 'Object Repository/Page_Home page/a_Log in' is clicked on

2022-01-16 13:27:07 - [TEST_STEP][PASSED] - setText(findTestObject("Object Repository/Page_Home page Log in to the site/input_Username_username"), "admin"): Text 'admin' is set on object 'Object Repository/Page_Home page Log in to the site/input_Username_username'

2022-01-16 13:27:08 - [MESSAGE][PASSED] - Text 'admin' is set on object 'Object Repository/Page_Home page Log in to the site/input_Username_username'

2022-01-16 13:27:08 - [TEST_STEP][PASSED] - setEncryptedText(findTestObject("Page_Home page Log in to the site/input_Password_password (1)"), "OFhcon1PzObx3ErJAwGfGA=="): Text ****** has been set on object 'Object Repository/Page_Home page Log in to the site/input_Password_password (1)'

2022-01-16 13:27:08 - [MESSAGE][PASSED] - Text ****** has been set on object 'Object Repository/Page_Home page Log in to the site/input_Password_password (1)'

2022-01-16 13:27:08 - [TEST_STEP][PASSED] - click(findTestObject("Object Repository/Page_Home page Log in to the site/button_Log in")): Object: 'Object Repository/Page_Home page Log in to the site/button_Log in' is clicked on

2022-01-16 13:27:10 - [MESSAGE][PASSED] - Object: 'Object Repository/Page_Home page Log in to the site/button_Log in' is clicked on

2022-01-16 13:27:10 - [TEST_STEP][PASSED] - click(findTestObject("Object Repository/Page_Dashboard/a_Site administration")): Object: 'Object Repository/Page_Dashboard/a_Site administration' is clicked on

2022-01-16 13:27:13 - [MESSAGE][PASSED] - Object: 'Object Repository/Page_Dashboard/a_Site administration' is clicked on

2022-01-16 13:27:13 - [TEST_STEP][PASSED] - click(findTestObject("Object Repository/Page_Group10 Administration Search/a_Users")): Object: 'Object Repository/Page_Group10 Administration Search/a_Users' is clicked on

2022-01-16 13:27:13 - [MESSAGE][PASSED] - Object: 'Object Repository/Page_Group10 Administration Search/a_Users' is clicked on

2022-01-16 13:27:13 - [TEST_STEP][PASSED] - click(findTestObject("Object Repository/Page_Group10 Administration Search/a_Upload users")): Object: 'Object Repository/Page_Group10 Administration Search/a_Upload users' is clicked on

2022-01-16 13:27:15 - [MESSAGE][PASSED] - Object: 'Object Repository/Page_Group10 Administration Search/a_Upload users' is clicked on

2022-01-16 13:27:15 - [TEST_STEP][PASSED] - click(findTestObject("Object Repository/Page_Group10 Administration Users Accounts _c9beb9/input_File_userfilechoose")): Object: 'Object Repository/Page_Group10 Administration Users Accounts _c9beb9/input_File_userfilechoose' is clicked on

2022-01-16 13:27:16 - [MESSAGE][PASSED] - Object: 'Object Repository/Page_Group10 Administration Users Accounts _c9beb9/input_File_userfilechoose' is clicked on

2022-01-16 13:27:16 - [TEST_STEP][PASSED] - uploadFile(findTestObject("Object Repository/Page_Group10 Administration Users Accounts _c9beb9/input_Attachment_repo_upload_file"), "D:\TestAutomation-SEBonus-Group10\manager.csv"): File 'D:\TestAutomation-SEBonus-Group10\manager.csv' sent to object: 'Object Repository/Page_Group10 Administration Users Accounts _c9beb9/input_Attachment_repo_upload_file'

2022-01-16 13:27:17 - [MESSAGE][PASSED] - File 'D:\TestAutomation-SEBonus-Group10\manager.csv' sent to object: 'Object Repository/Page_Group10 Administration Users Accounts _c9beb9/input_Attachment_repo_upload_file'

2022-01-16 13:27:17 - [TEST_STEP][PASSED] - click(findTestObject("Object Repository/Page_Group10 Administration Users Accounts _c9beb9/button_Upload this file")): Object: 'Object Repository/Page_Group10 Administration Users Accounts _c9beb9/button_Upload this file' is clicked on

2022-01-16 13:27:17 - [MESSAGE][PASSED] - Object: 'Object Repository/Page_Group10 Administration Users Accounts _c9beb9/button_Upload this file' is clicked on

2022-01-16 13:27:17 - [TEST_STEP][PASSED] - click(findTestObject("Object Repository/Page_Group10 Administration Users Accounts _c9beb9/input_Preview rows_submitbutton")): Object: 'Object Repository/Page_Group10 Administration Users Accounts _c9beb9/input_Preview rows_submitbutton' is clicked on

2022-01-16 13:27:20 - [MESSAGE][PASSED] - Object: 'Object Repository/Page_Group10 Administration Users Accounts _c9beb9/input_Preview rows_submitbutton' is clicked on

2022-01-16 13:27:20 - [TEST_STEP][PASSED] - click(findTestObject("Page_Group10 Administration Users Accounts Upload users/input_Department_submitbutton")): Object: 'Object Repository/Page_Group10 Administration Users Accounts Upload users/input_Department_submitbutton' is clicked on

2022-01-16 13:27:22 - [MESSAGE][PASSED] - Object: 'Object Repository/Page_Group10 Administration Users Accounts Upload users/input_Department_submitbutton' is clicked on

2022-01-16 13:27:22 - [TEST_STEP][PASSED] - click(findTestObject("Object Repository/Page_Group10 Administration Users Accounts _c9beb9/a_Site administration")): Object: 'Object Repository/Page_Group10 Administration Users Accounts _c9beb9/a_Site administration' is clicked on

2022-01-16 13:27:24 - [MESSAGE][PASSED] - Object: 'Object Repository/Page_Group10 Administration Users Accounts _c9beb9/a_Site administration' is clicked on

2022-01-16 13:27:24 - [TEST_STEP][PASSED] - click(findTestObject("Object Repository/Page_Group10 Administration Search/a_Users")): Object: 'Object Repository/Page_Group10 Administration Search/a_Users' is clicked on

2022-01-16 13:27:25 - [MESSAGE][PASSED] - Object: 'Object Repository/Page_Group10 Administration Search/a_Users' is clicked on

2022-01-16 13:27:25 - [TEST_STEP][PASSED] - click(findTestObject("Object Repository/Page_Group10 Administration Search/a_Assign system roles")): Object: 'Object Repository/Page_Group10 Administration Search/a_Assign system roles' is clicked on

2022-01-16 13:27:27 - [MESSAGE][PASSED] - Object: 'Object Repository/Page_Group10 Administration Search/a_Assign system roles' is clicked on

2022-01-16 13:27:27 - [TEST_STEP][PASSED] - click(findTestObject("Page_Group10 Administration Users Permissio_fb4295/a_Manager")): Object: 'Object Repository/Page_Group10 Administration Users Permissio_fb4295/a_Manager' is clicked on

2022-01-16 13:27:28 - [MESSAGE][PASSED] - Object: 'Object Repository/Page_Group10 Administration Users Permissio_fb4295/a_Manager' is clicked on

2022-01-16 13:27:28 - [TEST_STEP][PASSED] - click(findTestObject("Page_Group10 Administration Users Permissions Assign system roles/option_Le Thu Thao (lttfitus.edu.vn)")): Object: 'Object Repository/Page_Group10 Administration Users Permissions Assign system roles/option_Le Thu Thao (lttfitus.edu.vn)' is clicked on

2022-01-16 13:27:29 - [MESSAGE][PASSED] - Object: 'Object Repository/Page_Group10 Administration Users Permissions Assign system roles/option_Le Thu Thao (lttfitus.edu.vn)' is clicked on

2022-01-16 13:27:29 - [TEST_STEP][PASSED] - click(findTestObject("Page_Group10 Administration Users Permissions Assign system roles/option_Nguyen Hoang Dung (nhdfitus.edu.vn)")): Object: 'Object Repository/Page_Group10 Administration Users Permissions Assign system roles/option_Nguyen Hoang Dung (nhdfitus.edu.vn)' is clicked on

2022-01-16 13:27:29 - [MESSAGE][PASSED] - Object: 'Object Repository/Page_Group10 Administration Users Permissions Assign system roles/option_Nguyen Hoang Dung (nhdfitus.edu.vn)' is clicked on

2022-01-16 13:27:29 - [TEST_STEP][PASSED] - click(findTestObject("Page_Group10 Administration Users Permissions Assign system roles/option_Nguyen Thi Thu Hang (ntthfitus.edu.vn)")): Object: 'Object Repository/Page_Group10 Administration Users Permissions Assign system roles/option_Nguyen Thi Thu Hang (ntthfitus.edu.vn)' is clicked on

2022-01-16 13:27:30 - [MESSAGE][PASSED] - Object: 'Object Repository/Page_Group10 Administration Users Permissions Assign system roles/option_Nguyen Thi Thu Hang (ntthfitus.edu.vn)' is clicked on

2022-01-16 13:27:30 - [TEST_STEP][PASSED] - click(findTestObject("Page_Group10 Administration Users Permissions Assign system roles/option_Pham Thi Bach Hue (ptbhfit.us.edu.vn)")): Object: 'Object Repository/Page_Group10 Administration Users Permissions Assign system roles/option_Pham Thi Bach Hue (ptbhfit.us.edu.vn)' is clicked on

2022-01-16 13:27:31 - [MESSAGE][PASSED] - Object: 'Object Repository/Page_Group10 Administration Users Permissions Assign system roles/option_Pham Thi Bach Hue (ptbhfit.us.edu.vn)' is clicked on

2022-01-16 13:27:31 - [TEST_STEP][PASSED] - click(findTestObject("Object Repository/Page_Group10 Administration Users Permissio_fb4295/input_Match the search text anywhere in the_89f7b5_1")): Object: 'Object Repository/Page_Group10 Administration Users Permissio_fb4295/input_Match the search text anywhere in the_89f7b5_1' is clicked on

2022-01-16 13:27:33 - [MESSAGE][PASSED] - Object: 'Object Repository/Page_Group10 Administration Users Permissio_fb4295/input_Match the search text anywhere in the_89f7b5_1' is clicked on

2022-01-16 13:27:33 - [TEST_STEP][PASSED] - closeBrowser(): Browser is closed

2022-01-16 13:27:34 - [MESSAGE][PASSED] - Browser is closed]]></system-out>
         <system-err><![CDATA[]]></system-err>
      </testcase>
      <testcase name="Test Cases/Change pass" time="28.851" classname="Test Cases/Change pass" status="PASSED">
         <system-out><![CDATA[2022-01-16 13:27:34 - [TEST_CASE][PASSED] - Test Cases/Change pass: Test Cases/Change pass

2022-01-16 13:27:34 - [TEST_STEP][PASSED] - openBrowser(""): Browser is opened with url: ''

2022-01-16 13:27:34 - [MESSAGE][INFO] - Starting 'Edge Chromium' driver

2022-01-16 13:27:36 - [MESSAGE][INFO] - Action delay is set to 0 milliseconds

2022-01-16 13:27:37 - [MESSAGE][PASSED] - Browser is opened with url: ''

2022-01-16 13:27:37 - [TEST_STEP][PASSED] - navigateToUrl("http://localhost/"): Navigate to 'http://localhost/' successfully

2022-01-16 13:27:38 - [MESSAGE][PASSED] - Navigate to 'http://localhost/' successfully

2022-01-16 13:27:38 - [TEST_STEP][PASSED] - click(findTestObject("Object Repository/changepass/Page_Home page/a_Log in")): Object: 'Object Repository/changepass/Page_Home page/a_Log in' is clicked on

2022-01-16 13:27:40 - [MESSAGE][PASSED] - Object: 'Object Repository/changepass/Page_Home page/a_Log in' is clicked on

2022-01-16 13:27:40 - [TEST_STEP][PASSED] - setText(findTestObject("Object Repository/changepass/Page_Home page Log in to the site/input_Username_username"), "student1"): Text 'student1' is set on object 'Object Repository/changepass/Page_Home page Log in to the site/input_Username_username'

2022-01-16 13:27:41 - [MESSAGE][PASSED] - Text 'student1' is set on object 'Object Repository/changepass/Page_Home page Log in to the site/input_Username_username'

2022-01-16 13:27:41 - [TEST_STEP][PASSED] - setEncryptedText(findTestObject("Object Repository/changepass/Page_Home page Log in to the site/input_Password_password"), "9ExR24d8uBTe5Y0Xu9Ji6w=="): Text ****** has been set on object 'Object Repository/changepass/Page_Home page Log in to the site/input_Password_password'

2022-01-16 13:27:41 - [MESSAGE][PASSED] - Text ****** has been set on object 'Object Repository/changepass/Page_Home page Log in to the site/input_Password_password'

2022-01-16 13:27:41 - [TEST_STEP][PASSED] - click(findTestObject("Object Repository/changepass/Page_Home page Log in to the site/button_Log in")): Object: 'Object Repository/changepass/Page_Home page Log in to the site/button_Log in' is clicked on

2022-01-16 13:27:43 - [MESSAGE][PASSED] - Object: 'Object Repository/changepass/Page_Home page Log in to the site/button_Log in' is clicked on

2022-01-16 13:27:43 - [TEST_STEP][PASSED] - click(findTestObject("Object Repository/changepass/Page_Dashboard/a_NH")): Object: 'Object Repository/changepass/Page_Dashboard/a_NH' is clicked on

2022-01-16 13:27:44 - [MESSAGE][PASSED] - Object: 'Object Repository/changepass/Page_Dashboard/a_NH' is clicked on

2022-01-16 13:27:44 - [TEST_STEP][PASSED] - click(findTestObject("Object Repository/changepass/Page_Dashboard/a_Profile")): Object: 'Object Repository/changepass/Page_Dashboard/a_Profile' is clicked on

2022-01-16 13:27:46 - [MESSAGE][PASSED] - Object: 'Object Repository/changepass/Page_Dashboard/a_Profile' is clicked on

2022-01-16 13:27:46 - [TEST_STEP][PASSED] - click(findTestObject("Object Repository/changepass/Page_Nguyen Hoa Public profile/a_Edit profile")): Object: 'Object Repository/changepass/Page_Nguyen Hoa Public profile/a_Edit profile' is clicked on

2022-01-16 13:27:48 - [MESSAGE][PASSED] - Object: 'Object Repository/changepass/Page_Nguyen Hoa Public profile/a_Edit profile' is clicked on

2022-01-16 13:27:48 - [TEST_STEP][PASSED] - click(findTestObject("Object Repository/changepass/Page_Group10 Edit profile/a_Preferences")): Object: 'Object Repository/changepass/Page_Group10 Edit profile/a_Preferences' is clicked on

2022-01-16 13:27:50 - [MESSAGE][PASSED] - Object: 'Object Repository/changepass/Page_Group10 Edit profile/a_Preferences' is clicked on

2022-01-16 13:27:50 - [TEST_STEP][PASSED] - click(findTestObject("Object Repository/changepass/Page_Preferences/a_Change password")): Object: 'Object Repository/changepass/Page_Preferences/a_Change password' is clicked on

2022-01-16 13:27:51 - [MESSAGE][PASSED] - Object: 'Object Repository/changepass/Page_Preferences/a_Change password' is clicked on

2022-01-16 13:27:51 - [TEST_STEP][PASSED] - setEncryptedText(findTestObject("Object Repository/changepass/Page_Change password/input_Current password_password"), "9ExR24d8uBTe5Y0Xu9Ji6w=="): Text ****** has been set on object 'Object Repository/changepass/Page_Change password/input_Current password_password'

2022-01-16 13:27:52 - [MESSAGE][PASSED] - Text ****** has been set on object 'Object Repository/changepass/Page_Change password/input_Current password_password'

2022-01-16 13:27:52 - [TEST_STEP][PASSED] - setEncryptedText(findTestObject("Object Repository/changepass/Page_Change password/input_New password_newpassword1"), "OFhcon1PzObx3ErJAwGfGA=="): Text ****** has been set on object 'Object Repository/changepass/Page_Change password/input_New password_newpassword1'

2022-01-16 13:27:53 - [MESSAGE][PASSED] - Text ****** has been set on object 'Object Repository/changepass/Page_Change password/input_New password_newpassword1'

2022-01-16 13:27:53 - [TEST_STEP][PASSED] - setEncryptedText(findTestObject("Object Repository/changepass/Page_Change password/input_New password (again)_newpassword2"), "OFhcon1PzObx3ErJAwGfGA=="): Text ****** has been set on object 'Object Repository/changepass/Page_Change password/input_New password (again)_newpassword2'

2022-01-16 13:27:53 - [MESSAGE][PASSED] - Text ****** has been set on object 'Object Repository/changepass/Page_Change password/input_New password (again)_newpassword2'

2022-01-16 13:27:53 - [TEST_STEP][PASSED] - click(findTestObject("Object Repository/changepass/Page_Change password/input_New password (again)_submitbutton")): Object: 'Object Repository/changepass/Page_Change password/input_New password (again)_submitbutton' is clicked on

2022-01-16 13:27:55 - [MESSAGE][PASSED] - Object: 'Object Repository/changepass/Page_Change password/input_New password (again)_submitbutton' is clicked on

2022-01-16 13:27:55 - [TEST_STEP][PASSED] - click(findTestObject("Object Repository/changepass/Page_Preferences/a_NH")): Object: 'Object Repository/changepass/Page_Preferences/a_NH' is clicked on

2022-01-16 13:27:56 - [MESSAGE][PASSED] - Object: 'Object Repository/changepass/Page_Preferences/a_NH' is clicked on

2022-01-16 13:27:56 - [TEST_STEP][PASSED] - click(findTestObject("Object Repository/changepass/Page_Preferences/a_Log out")): Object: 'Object Repository/changepass/Page_Preferences/a_Log out' is clicked on

2022-01-16 13:27:57 - [MESSAGE][PASSED] - Object: 'Object Repository/changepass/Page_Preferences/a_Log out' is clicked on

2022-01-16 13:27:57 - [TEST_STEP][PASSED] - click(findTestObject("Object Repository/changepass/Page_Home page/a_Log in")): Object: 'Object Repository/changepass/Page_Home page/a_Log in' is clicked on

2022-01-16 13:27:58 - [MESSAGE][PASSED] - Object: 'Object Repository/changepass/Page_Home page/a_Log in' is clicked on

2022-01-16 13:27:58 - [TEST_STEP][PASSED] - setText(findTestObject("Object Repository/changepass/Page_Home page Log in to the site/input_Username_username"), "student1"): Text 'student1' is set on object 'Object Repository/changepass/Page_Home page Log in to the site/input_Username_username'

2022-01-16 13:27:59 - [MESSAGE][PASSED] - Text 'student1' is set on object 'Object Repository/changepass/Page_Home page Log in to the site/input_Username_username'

2022-01-16 13:27:59 - [TEST_STEP][PASSED] - setEncryptedText(findTestObject("Object Repository/changepass/Page_Home page Log in to the site/input_Password_password"), "OFhcon1PzObx3ErJAwGfGA=="): Text ****** has been set on object 'Object Repository/changepass/Page_Home page Log in to the site/input_Password_password'

2022-01-16 13:27:59 - [MESSAGE][PASSED] - Text ****** has been set on object 'Object Repository/changepass/Page_Home page Log in to the site/input_Password_password'

2022-01-16 13:27:59 - [TEST_STEP][PASSED] - click(findTestObject("Object Repository/changepass/Page_Home page Log in to the site/button_Log in")): Object: 'Object Repository/changepass/Page_Home page Log in to the site/button_Log in' is clicked on

2022-01-16 13:28:02 - [MESSAGE][PASSED] - Object: 'Object Repository/changepass/Page_Home page Log in to the site/button_Log in' is clicked on

2022-01-16 13:28:02 - [TEST_STEP][PASSED] - closeBrowser(): Browser is closed

2022-01-16 13:28:02 - [MESSAGE][PASSED] - Browser is closed]]></system-out>
         <system-err><![CDATA[]]></system-err>
      </testcase>
      <testcase name="Test Cases/Login with incorrect username" time="41.581" classname="Test Cases/Login with incorrect username" status="PASSED">
         <system-out><![CDATA[2022-01-16 13:28:02 - [TEST_CASE][PASSED] - Test Cases/Login with incorrect username: Test Cases/Login with incorrect username

2022-01-16 13:28:03 - [TEST_STEP][PASSED] - openBrowser(""): Browser is opened with url: ''

2022-01-16 13:28:03 - [MESSAGE][INFO] - Starting 'Edge Chromium' driver

2022-01-16 13:28:05 - [MESSAGE][INFO] - Action delay is set to 0 milliseconds

2022-01-16 13:28:06 - [MESSAGE][PASSED] - Browser is opened with url: ''

2022-01-16 13:28:06 - [TEST_STEP][PASSED] - navigateToUrl("http://localhost/"): Navigate to 'http://localhost/' successfully

2022-01-16 13:28:07 - [MESSAGE][PASSED] - Navigate to 'http://localhost/' successfully

2022-01-16 13:28:07 - [TEST_STEP][PASSED] - click(findTestObject("Object Repository/Page_Home page/a_Log in")): Object: 'Object Repository/Page_Home page/a_Log in' is clicked on

2022-01-16 13:28:09 - [MESSAGE][PASSED] - Object: 'Object Repository/Page_Home page/a_Log in' is clicked on

2022-01-16 13:28:09 - [TEST_STEP][PASSED] - setText(findTestObject("Object Repository/Page_Home page Log in to the site/input_Username_username"), "student"): Text 'student' is set on object 'Object Repository/Page_Home page Log in to the site/input_Username_username'

2022-01-16 13:28:10 - [MESSAGE][PASSED] - Text 'student' is set on object 'Object Repository/Page_Home page Log in to the site/input_Username_username'

2022-01-16 13:28:10 - [TEST_STEP][PASSED] - setEncryptedText(findTestObject("Page_Home page Log in to the site/input_Password_password (1)"), "OFhcon1PzObx3ErJAwGfGA=="): Text ****** has been set on object 'Object Repository/Page_Home page Log in to the site/input_Password_password (1)'

2022-01-16 13:28:11 - [MESSAGE][PASSED] - Text ****** has been set on object 'Object Repository/Page_Home page Log in to the site/input_Password_password (1)'

2022-01-16 13:28:11 - [TEST_STEP][PASSED] - click(findTestObject("Object Repository/Page_Home page Log in to the site/button_Log in")): Object: 'Object Repository/Page_Home page Log in to the site/button_Log in' is clicked on

2022-01-16 13:28:11 - [MESSAGE][PASSED] - Object: 'Object Repository/Page_Home page Log in to the site/button_Log in' is clicked on

2022-01-16 13:28:11 - [TEST_STEP][PASSED] - verifyElementNotVisibleInViewport(findTestObject("Object Repository/Page_Dashboard/a_Site administration"), 0): Object 'Object Repository/Page_Dashboard/a_Site administration' is not present

2022-01-16 13:28:12 - [MESSAGE][WARNING] - Timeout '0' is invalid. Using default page load timeout: '30'

2022-01-16 13:28:43 - [MESSAGE][INFO] - Unable to find the element located by 'By.xpath: //a[contains(text(),'Site administration')]'. Please recheck the objects properties to make sure the desired element is located. 

2022-01-16 13:28:43 - [MESSAGE][WARNING] - Object 'Object Repository/Page_Dashboard/a_Site administration' is not present

2022-01-16 13:28:43 - [TEST_STEP][PASSED] - closeBrowser(): Browser is closed

2022-01-16 13:28:44 - [MESSAGE][PASSED] - Browser is closed]]></system-out>
         <system-err><![CDATA[]]></system-err>
      </testcase>
      <testcase name="Test Cases/Login with incorrect password" time="41.157" classname="Test Cases/Login with incorrect password" status="PASSED">
         <system-out><![CDATA[2022-01-16 13:28:44 - [TEST_CASE][PASSED] - Test Cases/Login with incorrect password: Test Cases/Login with incorrect password

2022-01-16 13:28:44 - [TEST_STEP][PASSED] - openBrowser(""): Browser is opened with url: ''

2022-01-16 13:28:44 - [MESSAGE][INFO] - Starting 'Edge Chromium' driver

2022-01-16 13:28:47 - [MESSAGE][INFO] - Action delay is set to 0 milliseconds

2022-01-16 13:28:48 - [MESSAGE][PASSED] - Browser is opened with url: ''

2022-01-16 13:28:48 - [TEST_STEP][PASSED] - navigateToUrl("http://localhost/"): Navigate to 'http://localhost/' successfully

2022-01-16 13:28:49 - [MESSAGE][PASSED] - Navigate to 'http://localhost/' successfully

2022-01-16 13:28:49 - [TEST_STEP][PASSED] - click(findTestObject("Object Repository/Page_Home page/a_Log in")): Object: 'Object Repository/Page_Home page/a_Log in' is clicked on

2022-01-16 13:28:50 - [MESSAGE][PASSED] - Object: 'Object Repository/Page_Home page/a_Log in' is clicked on

2022-01-16 13:28:50 - [TEST_STEP][PASSED] - setText(findTestObject("Object Repository/Page_Home page Log in to the site/input_Username_username"), "student1"): Text 'student1' is set on object 'Object Repository/Page_Home page Log in to the site/input_Username_username'

2022-01-16 13:28:51 - [MESSAGE][PASSED] - Text 'student1' is set on object 'Object Repository/Page_Home page Log in to the site/input_Username_username'

2022-01-16 13:28:51 - [TEST_STEP][PASSED] - setEncryptedText(findTestObject("Page_Home page Log in to the site/input_Password_password (1)"), "suoVCwEpf9Y="): Text ****** has been set on object 'Object Repository/Page_Home page Log in to the site/input_Password_password (1)'

2022-01-16 13:28:52 - [MESSAGE][PASSED] - Text ****** has been set on object 'Object Repository/Page_Home page Log in to the site/input_Password_password (1)'

2022-01-16 13:28:52 - [TEST_STEP][PASSED] - click(findTestObject("Object Repository/Page_Home page Log in to the site/button_Log in")): Object: 'Object Repository/Page_Home page Log in to the site/button_Log in' is clicked on

2022-01-16 13:28:53 - [MESSAGE][PASSED] - Object: 'Object Repository/Page_Home page Log in to the site/button_Log in' is clicked on

2022-01-16 13:28:53 - [TEST_STEP][PASSED] - verifyElementNotVisibleInViewport(findTestObject("Object Repository/Page_Dashboard/a_Site administration"), 0): Object 'Object Repository/Page_Dashboard/a_Site administration' is not present

2022-01-16 13:28:53 - [MESSAGE][WARNING] - Timeout '0' is invalid. Using default page load timeout: '30'

2022-01-16 13:29:24 - [MESSAGE][INFO] - Unable to find the element located by 'By.xpath: //a[contains(text(),'Site administration')]'. Please recheck the objects properties to make sure the desired element is located. 

2022-01-16 13:29:24 - [MESSAGE][WARNING] - Object 'Object Repository/Page_Dashboard/a_Site administration' is not present

2022-01-16 13:29:24 - [TEST_STEP][PASSED] - closeBrowser(): Browser is closed

2022-01-16 13:29:25 - [MESSAGE][PASSED] - Browser is closed]]></system-out>
         <system-err><![CDATA[]]></system-err>
      </testcase>
      <testcase name="Test Cases/Login with valid account" time="12.148" classname="Test Cases/Login with valid account" status="PASSED">
         <system-out><![CDATA[2022-01-16 13:29:25 - [TEST_CASE][PASSED] - Test Cases/Login with valid account: Test Cases/Login with valid account

2022-01-16 13:29:26 - [TEST_STEP][PASSED] - openBrowser(""): Browser is opened with url: ''

2022-01-16 13:29:26 - [MESSAGE][INFO] - Starting 'Edge Chromium' driver

2022-01-16 13:29:28 - [MESSAGE][INFO] - Action delay is set to 0 milliseconds

2022-01-16 13:29:29 - [MESSAGE][PASSED] - Browser is opened with url: ''

2022-01-16 13:29:29 - [TEST_STEP][PASSED] - navigateToUrl("http://localhost/"): Navigate to 'http://localhost/' successfully

2022-01-16 13:29:30 - [MESSAGE][PASSED] - Navigate to 'http://localhost/' successfully

2022-01-16 13:29:30 - [TEST_STEP][PASSED] - click(findTestObject("Object Repository/Page_Home page/a_Log in")): Object: 'Object Repository/Page_Home page/a_Log in' is clicked on

2022-01-16 13:29:31 - [MESSAGE][PASSED] - Object: 'Object Repository/Page_Home page/a_Log in' is clicked on

2022-01-16 13:29:31 - [TEST_STEP][PASSED] - setText(findTestObject("Object Repository/Page_Home page Log in to the site/input_Username_username"), "student1"): Text 'student1' is set on object 'Object Repository/Page_Home page Log in to the site/input_Username_username'

2022-01-16 13:29:32 - [MESSAGE][PASSED] - Text 'student1' is set on object 'Object Repository/Page_Home page Log in to the site/input_Username_username'

2022-01-16 13:29:32 - [TEST_STEP][PASSED] - setEncryptedText(findTestObject("Page_Home page Log in to the site/input_Password_password (1)"), "OFhcon1PzObx3ErJAwGfGA=="): Text ****** has been set on object 'Object Repository/Page_Home page Log in to the site/input_Password_password (1)'

2022-01-16 13:29:33 - [MESSAGE][PASSED] - Text ****** has been set on object 'Object Repository/Page_Home page Log in to the site/input_Password_password (1)'

2022-01-16 13:29:33 - [TEST_STEP][PASSED] - click(findTestObject("Object Repository/Page_Home page Log in to the site/button_Log in")): Object: 'Object Repository/Page_Home page Log in to the site/button_Log in' is clicked on

2022-01-16 13:29:35 - [MESSAGE][PASSED] - Object: 'Object Repository/Page_Home page Log in to the site/button_Log in' is clicked on

2022-01-16 13:29:35 - [TEST_STEP][PASSED] - click(findTestObject("Object Repository/Page_Dashboard/a_NV")): Object: 'Object Repository/Page_Dashboard/a_NV' is clicked on

2022-01-16 13:29:35 - [MESSAGE][PASSED] - Object: 'Object Repository/Page_Dashboard/a_NV' is clicked on

2022-01-16 13:29:35 - [TEST_STEP][PASSED] - click(findTestObject("Object Repository/Page_Dashboard/a_Log out")): Object: 'Object Repository/Page_Dashboard/a_Log out' is clicked on

2022-01-16 13:29:36 - [MESSAGE][PASSED] - Object: 'Object Repository/Page_Dashboard/a_Log out' is clicked on

2022-01-16 13:29:36 - [TEST_STEP][PASSED] - closeBrowser(): Browser is closed

2022-01-16 13:29:37 - [MESSAGE][PASSED] - Browser is closed]]></system-out>
         <system-err><![CDATA[]]></system-err>
      </testcase>
      <testcase name="Test Cases/Edit Profile" time="40.203" classname="Test Cases/Edit Profile" status="PASSED">
         <system-out><![CDATA[2022-01-16 13:29:37 - [TEST_CASE][PASSED] - Test Cases/Edit Profile: Test Cases/Edit Profile

2022-01-16 13:29:38 - [TEST_STEP][PASSED] - openBrowser(""): Browser is opened with url: ''

2022-01-16 13:29:38 - [MESSAGE][INFO] - Starting 'Edge Chromium' driver

2022-01-16 13:29:40 - [MESSAGE][INFO] - Action delay is set to 0 milliseconds

2022-01-16 13:29:41 - [MESSAGE][PASSED] - Browser is opened with url: ''

2022-01-16 13:29:41 - [TEST_STEP][PASSED] - navigateToUrl("http://localhost/"): Navigate to 'http://localhost/' successfully

2022-01-16 13:29:43 - [MESSAGE][PASSED] - Navigate to 'http://localhost/' successfully

2022-01-16 13:29:43 - [TEST_STEP][PASSED] - click(findTestObject("Object Repository/edit profile/Page_Home page/a_Log in")): Object: 'Object Repository/edit profile/Page_Home page/a_Log in' is clicked on

2022-01-16 13:29:44 - [MESSAGE][PASSED] - Object: 'Object Repository/edit profile/Page_Home page/a_Log in' is clicked on

2022-01-16 13:29:44 - [TEST_STEP][PASSED] - setText(findTestObject("Object Repository/edit profile/Page_Home page Log in to the site/input_Username_username"), "student1"): Text 'student1' is set on object 'Object Repository/edit profile/Page_Home page Log in to the site/input_Username_username'

2022-01-16 13:29:45 - [MESSAGE][PASSED] - Text 'student1' is set on object 'Object Repository/edit profile/Page_Home page Log in to the site/input_Username_username'

2022-01-16 13:29:45 - [TEST_STEP][PASSED] - setEncryptedText(findTestObject("Object Repository/edit profile/Page_Home page Log in to the site/input_Password_password"), "OFhcon1PzObx3ErJAwGfGA=="): Text ****** has been set on object 'Object Repository/edit profile/Page_Home page Log in to the site/input_Password_password'

2022-01-16 13:29:46 - [MESSAGE][PASSED] - Text ****** has been set on object 'Object Repository/edit profile/Page_Home page Log in to the site/input_Password_password'

2022-01-16 13:29:46 - [TEST_STEP][PASSED] - click(findTestObject("Object Repository/edit profile/Page_Home page Log in to the site/button_Log in")): Object: 'Object Repository/edit profile/Page_Home page Log in to the site/button_Log in' is clicked on

2022-01-16 13:29:47 - [MESSAGE][PASSED] - Object: 'Object Repository/edit profile/Page_Home page Log in to the site/button_Log in' is clicked on

2022-01-16 13:29:47 - [TEST_STEP][PASSED] - click(findTestObject("Object Repository/edit profile/Page_Dashboard/a_NH")): Object: 'Object Repository/edit profile/Page_Dashboard/a_NH' is clicked on

2022-01-16 13:29:48 - [MESSAGE][PASSED] - Object: 'Object Repository/edit profile/Page_Dashboard/a_NH' is clicked on

2022-01-16 13:29:48 - [TEST_STEP][PASSED] - click(findTestObject("Page_Preferences/a_Preferences")): Object: 'Object Repository/Page_Preferences/a_Preferences' is clicked on

2022-01-16 13:29:49 - [MESSAGE][PASSED] - Object: 'Object Repository/Page_Preferences/a_Preferences' is clicked on

2022-01-16 13:29:49 - [TEST_STEP][PASSED] - click(findTestObject("Object Repository/edit profile/Page_Nguyen Hoa Public profile/a_Edit profile")): Object: 'Object Repository/edit profile/Page_Nguyen Hoa Public profile/a_Edit profile' is clicked on

2022-01-16 13:29:52 - [MESSAGE][PASSED] - Object: 'Object Repository/edit profile/Page_Nguyen Hoa Public profile/a_Edit profile' is clicked on

2022-01-16 13:29:52 - [TEST_STEP][PASSED] - selectOptionByValue(findTestObject("Object Repository/edit profile/Page_Group10 Edit profile/select_Select a country.            Afghani_160506"), "VN", true): All options with value 'VN' are selected in object 'Object Repository/edit profile/Page_Group10 Edit profile/select_Select a country.            Afghani_160506'  using regular expression

2022-01-16 13:30:03 - [MESSAGE][PASSED] - All options with value 'VN' are selected in object 'Object Repository/edit profile/Page_Group10 Edit profile/select_Select a country.            Afghani_160506'  using regular expression

2022-01-16 13:30:03 - [TEST_STEP][PASSED] - setText(findTestObject("Object Repository/edit profile/Page_Group10 Edit profile/input_Citytown_city"), "HCM"): Text 'HCM' is set on object 'Object Repository/edit profile/Page_Group10 Edit profile/input_Citytown_city'

2022-01-16 13:30:03 - [MESSAGE][PASSED] - Text 'HCM' is set on object 'Object Repository/edit profile/Page_Group10 Edit profile/input_Citytown_city'

2022-01-16 13:30:03 - [TEST_STEP][PASSED] - click(findTestObject("Object Repository/edit profile/Page_Group10 Edit profile/input_Address_submitbutton")): Object: 'Object Repository/edit profile/Page_Group10 Edit profile/input_Address_submitbutton' is clicked on

2022-01-16 13:30:05 - [MESSAGE][PASSED] - Object: 'Object Repository/edit profile/Page_Group10 Edit profile/input_Address_submitbutton' is clicked on

2022-01-16 13:30:05 - [TEST_STEP][PASSED] - click(findTestObject("Object Repository/edit profile/Page_Nguyen Hoa Public profile/a_NH")): Object: 'Object Repository/edit profile/Page_Nguyen Hoa Public profile/a_NH' is clicked on

2022-01-16 13:30:06 - [MESSAGE][PASSED] - Object: 'Object Repository/edit profile/Page_Nguyen Hoa Public profile/a_NH' is clicked on

2022-01-16 13:30:06 - [TEST_STEP][PASSED] - click(findTestObject("Object Repository/edit profile/Page_Nguyen Hoa Public profile/a_Log out")): Object: 'Object Repository/edit profile/Page_Nguyen Hoa Public profile/a_Log out' is clicked on

2022-01-16 13:30:07 - [MESSAGE][PASSED] - Object: 'Object Repository/edit profile/Page_Nguyen Hoa Public profile/a_Log out' is clicked on

2022-01-16 13:30:07 - [TEST_STEP][PASSED] - click(findTestObject("Object Repository/edit profile/Page_Home page/a_Log in")): Object: 'Object Repository/edit profile/Page_Home page/a_Log in' is clicked on

2022-01-16 13:30:08 - [MESSAGE][PASSED] - Object: 'Object Repository/edit profile/Page_Home page/a_Log in' is clicked on

2022-01-16 13:30:08 - [TEST_STEP][PASSED] - setText(findTestObject("Object Repository/edit profile/Page_Home page Log in to the site/input_Username_username"), "admin"): Text 'admin' is set on object 'Object Repository/edit profile/Page_Home page Log in to the site/input_Username_username'

2022-01-16 13:30:09 - [MESSAGE][PASSED] - Text 'admin' is set on object 'Object Repository/edit profile/Page_Home page Log in to the site/input_Username_username'

2022-01-16 13:30:09 - [TEST_STEP][PASSED] - setEncryptedText(findTestObject("Object Repository/edit profile/Page_Home page Log in to the site/input_Password_password"), "OFhcon1PzObx3ErJAwGfGA=="): Text ****** has been set on object 'Object Repository/edit profile/Page_Home page Log in to the site/input_Password_password'

2022-01-16 13:30:09 - [MESSAGE][PASSED] - Text ****** has been set on object 'Object Repository/edit profile/Page_Home page Log in to the site/input_Password_password'

2022-01-16 13:30:09 - [TEST_STEP][PASSED] - click(findTestObject("Object Repository/edit profile/Page_Home page Log in to the site/button_Log in")): Object: 'Object Repository/edit profile/Page_Home page Log in to the site/button_Log in' is clicked on

2022-01-16 13:30:12 - [MESSAGE][PASSED] - Object: 'Object Repository/edit profile/Page_Home page Log in to the site/button_Log in' is clicked on

2022-01-16 13:30:12 - [TEST_STEP][PASSED] - click(findTestObject("Object Repository/edit profile/Page_Dashboard/a_Site administration")): Object: 'Object Repository/edit profile/Page_Dashboard/a_Site administration' is clicked on

2022-01-16 13:30:14 - [MESSAGE][PASSED] - Object: 'Object Repository/edit profile/Page_Dashboard/a_Site administration' is clicked on

2022-01-16 13:30:14 - [TEST_STEP][PASSED] - click(findTestObject("Object Repository/edit profile/Page_Group10 Administration Search/a_Users")): Object: 'Object Repository/edit profile/Page_Group10 Administration Search/a_Users' is clicked on

2022-01-16 13:30:14 - [MESSAGE][PASSED] - Object: 'Object Repository/edit profile/Page_Group10 Administration Search/a_Users' is clicked on

2022-01-16 13:30:14 - [TEST_STEP][PASSED] - click(findTestObject("Object Repository/edit profile/Page_Group10 Administration Search/a_Browse list of users")): Object: 'Object Repository/edit profile/Page_Group10 Administration Search/a_Browse list of users' is clicked on

2022-01-16 13:30:16 - [MESSAGE][PASSED] - Object: 'Object Repository/edit profile/Page_Group10 Administration Search/a_Browse list of users' is clicked on

2022-01-16 13:30:16 - [TEST_STEP][PASSED] - verifyElementText(findTestObject("Page_Group10 Administration Users Accounts Browse list of users/td_HCM"), "HCM"): Actual text and expected text of test object 'Object Repository/Page_Group10 Administration Users Accounts Browse list of users/td_HCM' are matched.

2022-01-16 13:30:17 - [MESSAGE][PASSED] - Actual text and expected text of test object 'Object Repository/Page_Group10 Administration Users Accounts Browse list of users/td_HCM' are matched.

2022-01-16 13:30:17 - [TEST_STEP][PASSED] - closeBrowser(): Browser is closed

2022-01-16 13:30:18 - [MESSAGE][PASSED] - Browser is closed]]></system-out>
         <system-err><![CDATA[]]></system-err>
      </testcase>
      <testcase name="Test Cases/Search Course" time="14.245" classname="Test Cases/Search Course" status="PASSED">
         <system-out><![CDATA[2022-01-16 13:30:18 - [TEST_CASE][PASSED] - Test Cases/Search Course: Test Cases/Search Course

2022-01-16 13:30:18 - [TEST_STEP][PASSED] - openBrowser(""): Browser is opened with url: ''

2022-01-16 13:30:18 - [MESSAGE][INFO] - Starting 'Edge Chromium' driver

2022-01-16 13:30:20 - [MESSAGE][INFO] - Action delay is set to 0 milliseconds

2022-01-16 13:30:21 - [MESSAGE][PASSED] - Browser is opened with url: ''

2022-01-16 13:30:21 - [TEST_STEP][PASSED] - navigateToUrl("http://localhost/"): Navigate to 'http://localhost/' successfully

2022-01-16 13:30:22 - [MESSAGE][PASSED] - Navigate to 'http://localhost/' successfully

2022-01-16 13:30:22 - [TEST_STEP][PASSED] - click(findTestObject("Object Repository/search/Page_Home page/a_Log in")): Object: 'Object Repository/search/Page_Home page/a_Log in' is clicked on

2022-01-16 13:30:24 - [MESSAGE][PASSED] - Object: 'Object Repository/search/Page_Home page/a_Log in' is clicked on

2022-01-16 13:30:24 - [TEST_STEP][PASSED] - setText(findTestObject("Object Repository/search/Page_Home page Log in to the site/input_Username_username"), "student1"): Text 'student1' is set on object 'Object Repository/search/Page_Home page Log in to the site/input_Username_username'

2022-01-16 13:30:25 - [MESSAGE][PASSED] - Text 'student1' is set on object 'Object Repository/search/Page_Home page Log in to the site/input_Username_username'

2022-01-16 13:30:25 - [TEST_STEP][PASSED] - setEncryptedText(findTestObject("Page_Home page Log in to the site/input_Password_password (1)"), "OFhcon1PzObx3ErJAwGfGA=="): Text ****** has been set on object 'Object Repository/Page_Home page Log in to the site/input_Password_password (1)'

2022-01-16 13:30:25 - [MESSAGE][PASSED] - Text ****** has been set on object 'Object Repository/Page_Home page Log in to the site/input_Password_password (1)'

2022-01-16 13:30:25 - [TEST_STEP][PASSED] - click(findTestObject("Object Repository/search/Page_Home page Log in to the site/button_Log in")): Object: 'Object Repository/search/Page_Home page Log in to the site/button_Log in' is clicked on

2022-01-16 13:30:27 - [MESSAGE][PASSED] - Object: 'Object Repository/search/Page_Home page Log in to the site/button_Log in' is clicked on

2022-01-16 13:30:27 - [TEST_STEP][PASSED] - click(findTestObject("Object Repository/search/Page_Dashboard/a_Home")): Object: 'Object Repository/search/Page_Dashboard/a_Home' is clicked on

2022-01-16 13:30:28 - [MESSAGE][PASSED] - Object: 'Object Repository/search/Page_Dashboard/a_Home' is clicked on

2022-01-16 13:30:28 - [TEST_STEP][PASSED] - setText(findTestObject("Object Repository/search/Page_Home page/input_Search courses_q"), "SE"): Text 'SE' is set on object 'Object Repository/search/Page_Home page/input_Search courses_q'

2022-01-16 13:30:29 - [MESSAGE][PASSED] - Text 'SE' is set on object 'Object Repository/search/Page_Home page/input_Search courses_q'

2022-01-16 13:30:29 - [TEST_STEP][PASSED] - click(findTestObject("Object Repository/search/Page_Home page/i_Search courses_icon fa fa-search fa-fw")): Object: 'Object Repository/search/Page_Home page/i_Search courses_icon fa fa-search fa-fw' is clicked on

2022-01-16 13:30:31 - [MESSAGE][PASSED] - Object: 'Object Repository/search/Page_Home page/i_Search courses_icon fa fa-search fa-fw' is clicked on

2022-01-16 13:30:31 - [TEST_STEP][PASSED] - verifyElementClickable(findTestObject("Object Repository/search/Page_Home page  Search results/a_Software Engineering")): Object 'Object Repository/search/Page_Home page  Search results/a_Software Engineering' is clickable

2022-01-16 13:30:31 - [MESSAGE][PASSED] - Object 'Object Repository/search/Page_Home page  Search results/a_Software Engineering' is clickable

2022-01-16 13:30:31 - [TEST_STEP][PASSED] - closeBrowser(): Browser is closed

2022-01-16 13:30:32 - [MESSAGE][PASSED] - Browser is closed]]></system-out>
         <system-err><![CDATA[]]></system-err>
      </testcase>
      <testcase name="Test Cases/Add a category - ADMIN" time="27.055" classname="Test Cases/Add a category - ADMIN" status="PASSED">
         <system-out><![CDATA[2022-01-16 13:30:32 - [TEST_CASE][PASSED] - Test Cases/Add a category - ADMIN: Test Cases/Add a category - ADMIN

2022-01-16 13:30:32 - [TEST_STEP][PASSED] - openBrowser(""): Browser is opened with url: ''

2022-01-16 13:30:32 - [MESSAGE][INFO] - Starting 'Edge Chromium' driver

2022-01-16 13:30:34 - [MESSAGE][INFO] - Action delay is set to 0 milliseconds

2022-01-16 13:30:35 - [MESSAGE][PASSED] - Browser is opened with url: ''

2022-01-16 13:30:35 - [TEST_STEP][PASSED] - navigateToUrl("http://localhost/"): Navigate to 'http://localhost/' successfully

2022-01-16 13:30:37 - [MESSAGE][PASSED] - Navigate to 'http://localhost/' successfully

2022-01-16 13:30:37 - [TEST_STEP][PASSED] - click(findTestObject("Object Repository/Page_Home page/a_Log in")): Object: 'Object Repository/Page_Home page/a_Log in' is clicked on

2022-01-16 13:30:38 - [MESSAGE][PASSED] - Object: 'Object Repository/Page_Home page/a_Log in' is clicked on

2022-01-16 13:30:38 - [TEST_STEP][PASSED] - setText(findTestObject("Object Repository/Page_Home page Log in to the site/input_Username_username"), "admin"): Text 'admin' is set on object 'Object Repository/Page_Home page Log in to the site/input_Username_username'

2022-01-16 13:30:39 - [MESSAGE][PASSED] - Text 'admin' is set on object 'Object Repository/Page_Home page Log in to the site/input_Username_username'

2022-01-16 13:30:39 - [TEST_STEP][PASSED] - setEncryptedText(findTestObject("Object Repository/Page_Home page Log in to the site/input_Password_password"), "OFhcon1PzObx3ErJAwGfGA=="): Text ****** has been set on object 'Object Repository/Page_Home page Log in to the site/input_Password_password'

2022-01-16 13:30:39 - [MESSAGE][PASSED] - Text ****** has been set on object 'Object Repository/Page_Home page Log in to the site/input_Password_password'

2022-01-16 13:30:39 - [TEST_STEP][PASSED] - click(findTestObject("Object Repository/Page_Home page Log in to the site/button_Log in")): Object: 'Object Repository/Page_Home page Log in to the site/button_Log in' is clicked on

2022-01-16 13:30:42 - [MESSAGE][PASSED] - Object: 'Object Repository/Page_Home page Log in to the site/button_Log in' is clicked on

2022-01-16 13:30:42 - [TEST_STEP][PASSED] - click(findTestObject("Object Repository/Page_Dashboard/a_Site administration")): Object: 'Object Repository/Page_Dashboard/a_Site administration' is clicked on

2022-01-16 13:30:44 - [MESSAGE][PASSED] - Object: 'Object Repository/Page_Dashboard/a_Site administration' is clicked on

2022-01-16 13:30:44 - [TEST_STEP][PASSED] - click(findTestObject("Object Repository/Page_Group10 Administration Search/a_Courses")): Object: 'Object Repository/Page_Group10 Administration Search/a_Courses' is clicked on

2022-01-16 13:30:45 - [MESSAGE][PASSED] - Object: 'Object Repository/Page_Group10 Administration Search/a_Courses' is clicked on

2022-01-16 13:30:45 - [TEST_STEP][PASSED] - click(findTestObject("Object Repository/Page_Group10 Administration Search/a_Add a category")): Object: 'Object Repository/Page_Group10 Administration Search/a_Add a category' is clicked on

2022-01-16 13:30:47 - [MESSAGE][PASSED] - Object: 'Object Repository/Page_Group10 Administration Search/a_Add a category' is clicked on

2022-01-16 13:30:47 - [TEST_STEP][PASSED] - setText(findTestObject("Object Repository/Page_Group10 Add new category/input_Category name_name"), "CHƯƠNG TRÌNH CHẤT LƯỢNG CAO (CLC)"): Text 'CHƯƠNG TRÌNH CHẤT LƯỢNG CAO (CLC)' is set on object 'Object Repository/Page_Group10 Add new category/input_Category name_name'

2022-01-16 13:30:48 - [MESSAGE][PASSED] - Text 'CHƯƠNG TRÌNH CHẤT LƯỢNG CAO (CLC)' is set on object 'Object Repository/Page_Group10 Add new category/input_Category name_name'

2022-01-16 13:30:48 - [TEST_STEP][PASSED] - click(findTestObject("Object Repository/Page_Group10 Add new category/input_Rich text editor_submitbutton")): Object: 'Object Repository/Page_Group10 Add new category/input_Rich text editor_submitbutton' is clicked on

2022-01-16 13:30:50 - [MESSAGE][PASSED] - Object: 'Object Repository/Page_Group10 Add new category/input_Rich text editor_submitbutton' is clicked on

2022-01-16 13:30:50 - [TEST_STEP][PASSED] - click(findTestObject("Object Repository/Page_Course and category management/a_CHNG TRNH CHT LNG CAO (CLC)_action-menu-toggle-3")): Object: 'Object Repository/Page_Course and category management/a_CHNG TRNH CHT LNG CAO (CLC)_action-menu-toggle-3' is clicked on

2022-01-16 13:30:51 - [MESSAGE][PASSED] - Object: 'Object Repository/Page_Course and category management/a_CHNG TRNH CHT LNG CAO (CLC)_action-menu-toggle-3' is clicked on

2022-01-16 13:30:51 - [TEST_STEP][PASSED] - click(findTestObject("Object Repository/Page_Course and category management/span_Delete")): Object: 'Object Repository/Page_Course and category management/span_Delete' is clicked on

2022-01-16 13:30:52 - [MESSAGE][PASSED] - Object: 'Object Repository/Page_Course and category management/span_Delete' is clicked on

2022-01-16 13:30:52 - [TEST_STEP][PASSED] - click(findTestObject("Object Repository/Page_Course and category management/input_Delete all - cannot be undone_submitbutton")): Object: 'Object Repository/Page_Course and category management/input_Delete all - cannot be undone_submitbutton' is clicked on

2022-01-16 13:30:54 - [MESSAGE][PASSED] - Object: 'Object Repository/Page_Course and category management/input_Delete all - cannot be undone_submitbutton' is clicked on

2022-01-16 13:30:54 - [TEST_STEP][PASSED] - click(findTestObject("Object Repository/Page_Course and category management/button_Continue")): Object: 'Object Repository/Page_Course and category management/button_Continue' is clicked on

2022-01-16 13:30:56 - [MESSAGE][PASSED] - Object: 'Object Repository/Page_Course and category management/button_Continue' is clicked on

2022-01-16 13:30:56 - [TEST_STEP][PASSED] - click(findTestObject("Object Repository/Page_Course and category management/a_AU")): Object: 'Object Repository/Page_Course and category management/a_AU' is clicked on

2022-01-16 13:30:57 - [MESSAGE][PASSED] - Object: 'Object Repository/Page_Course and category management/a_AU' is clicked on

2022-01-16 13:30:57 - [TEST_STEP][PASSED] - click(findTestObject("Object Repository/Page_Course and category management/a_Log out")): Object: 'Object Repository/Page_Course and category management/a_Log out' is clicked on

2022-01-16 13:30:58 - [MESSAGE][PASSED] - Object: 'Object Repository/Page_Course and category management/a_Log out' is clicked on

2022-01-16 13:30:58 - [TEST_STEP][PASSED] - closeBrowser(): Browser is closed

2022-01-16 13:30:59 - [MESSAGE][PASSED] - Browser is closed]]></system-out>
         <system-err><![CDATA[]]></system-err>
      </testcase>
      <testcase name="Test Cases/Add a new course - ADMIN" time="38.131" classname="Test Cases/Add a new course - ADMIN" status="PASSED">
         <system-out><![CDATA[2022-01-16 13:30:59 - [TEST_CASE][PASSED] - Test Cases/Add a new course - ADMIN: Test Cases/Add a new course - ADMIN

2022-01-16 13:30:59 - [TEST_STEP][PASSED] - openBrowser(""): Browser is opened with url: ''

2022-01-16 13:30:59 - [MESSAGE][INFO] - Starting 'Edge Chromium' driver

2022-01-16 13:31:02 - [MESSAGE][INFO] - Action delay is set to 0 milliseconds

2022-01-16 13:31:03 - [MESSAGE][PASSED] - Browser is opened with url: ''

2022-01-16 13:31:03 - [TEST_STEP][PASSED] - navigateToUrl("http://localhost/"): Navigate to 'http://localhost/' successfully

2022-01-16 13:31:04 - [MESSAGE][PASSED] - Navigate to 'http://localhost/' successfully

2022-01-16 13:31:04 - [TEST_STEP][PASSED] - click(findTestObject("Object Repository/Page_Home page/a_Log in")): Object: 'Object Repository/Page_Home page/a_Log in' is clicked on

2022-01-16 13:31:06 - [MESSAGE][PASSED] - Object: 'Object Repository/Page_Home page/a_Log in' is clicked on

2022-01-16 13:31:06 - [TEST_STEP][PASSED] - setText(findTestObject("Object Repository/Page_Home page Log in to the site/input_Username_username"), "admin"): Text 'admin' is set on object 'Object Repository/Page_Home page Log in to the site/input_Username_username'

2022-01-16 13:31:07 - [MESSAGE][PASSED] - Text 'admin' is set on object 'Object Repository/Page_Home page Log in to the site/input_Username_username'

2022-01-16 13:31:07 - [TEST_STEP][PASSED] - setEncryptedText(findTestObject("Object Repository/Page_Home page Log in to the site/input_Password_password"), "OFhcon1PzObx3ErJAwGfGA=="): Text ****** has been set on object 'Object Repository/Page_Home page Log in to the site/input_Password_password'

2022-01-16 13:31:07 - [MESSAGE][PASSED] - Text ****** has been set on object 'Object Repository/Page_Home page Log in to the site/input_Password_password'

2022-01-16 13:31:07 - [TEST_STEP][PASSED] - click(findTestObject("Object Repository/Page_Home page Log in to the site/button_Log in")): Object: 'Object Repository/Page_Home page Log in to the site/button_Log in' is clicked on

2022-01-16 13:31:09 - [MESSAGE][PASSED] - Object: 'Object Repository/Page_Home page Log in to the site/button_Log in' is clicked on

2022-01-16 13:31:09 - [TEST_STEP][PASSED] - click(findTestObject("Object Repository/Page_Dashboard/a_Site administration")): Object: 'Object Repository/Page_Dashboard/a_Site administration' is clicked on

2022-01-16 13:31:12 - [MESSAGE][PASSED] - Object: 'Object Repository/Page_Dashboard/a_Site administration' is clicked on

2022-01-16 13:31:12 - [TEST_STEP][PASSED] - click(findTestObject("Object Repository/Page_Group10 Administration Search/a_Courses")): Object: 'Object Repository/Page_Group10 Administration Search/a_Courses' is clicked on

2022-01-16 13:31:13 - [MESSAGE][PASSED] - Object: 'Object Repository/Page_Group10 Administration Search/a_Courses' is clicked on

2022-01-16 13:31:13 - [TEST_STEP][PASSED] - click(findTestObject("Object Repository/Page_Group10 Administration Search/a_Add a new course")): Object: 'Object Repository/Page_Group10 Administration Search/a_Add a new course' is clicked on

2022-01-16 13:31:15 - [MESSAGE][PASSED] - Object: 'Object Repository/Page_Group10 Administration Search/a_Add a new course' is clicked on

2022-01-16 13:31:15 - [TEST_STEP][PASSED] - setText(findTestObject("Object Repository/Page_Group10 Add a new course/input_Course full name_fullname"), "System Engineering Test Automation"): Text 'System Engineering Test Automation' is set on object 'Object Repository/Page_Group10 Add a new course/input_Course full name_fullname'

2022-01-16 13:31:16 - [MESSAGE][PASSED] - Text 'System Engineering Test Automation' is set on object 'Object Repository/Page_Group10 Add a new course/input_Course full name_fullname'

2022-01-16 13:31:16 - [TEST_STEP][PASSED] - setText(findTestObject("Object Repository/Page_Group10 Add a new course/input_Course short name_shortname"), "SE TA"): Text 'SE TA' is set on object 'Object Repository/Page_Group10 Add a new course/input_Course short name_shortname'

2022-01-16 13:31:17 - [MESSAGE][PASSED] - Text 'SE TA' is set on object 'Object Repository/Page_Group10 Add a new course/input_Course short name_shortname'

2022-01-16 13:31:17 - [TEST_STEP][PASSED] - click(findTestObject("Object Repository/Page_Group10 Add a new course/input_Enable_enddateenabled")): Object: 'Object Repository/Page_Group10 Add a new course/input_Enable_enddateenabled' is clicked on

2022-01-16 13:31:18 - [MESSAGE][PASSED] - Object: 'Object Repository/Page_Group10 Add a new course/input_Enable_enddateenabled' is clicked on

2022-01-16 13:31:18 - [TEST_STEP][PASSED] - click(findTestObject("Object Repository/Page_Group10 Add a new course/input__saveanddisplay")): Object: 'Object Repository/Page_Group10 Add a new course/input__saveanddisplay' is clicked on

2022-01-16 13:31:20 - [MESSAGE][PASSED] - Object: 'Object Repository/Page_Group10 Add a new course/input__saveanddisplay' is clicked on

2022-01-16 13:31:20 - [TEST_STEP][PASSED] - click(findTestObject("Object Repository/Page_Course System Engineering Test Automation/a_My courses")): Object: 'Object Repository/Page_Course System Engineering Test Automation/a_My courses' is clicked on

2022-01-16 13:31:22 - [MESSAGE][PASSED] - Object: 'Object Repository/Page_Course System Engineering Test Automation/a_My courses' is clicked on

2022-01-16 13:31:22 - [TEST_STEP][PASSED] - click(findTestObject("Object Repository/Page_My courses/span_System Engineering Test Automation")): Object: 'Object Repository/Page_My courses/span_System Engineering Test Automation' is clicked on

2022-01-16 13:31:24 - [MESSAGE][PASSED] - Object: 'Object Repository/Page_My courses/span_System Engineering Test Automation' is clicked on

2022-01-16 13:31:24 - [TEST_STEP][PASSED] - click(findTestObject("Object Repository/Page_Course System Engineering Test Automation/a_Site administration")): Object: 'Object Repository/Page_Course System Engineering Test Automation/a_Site administration' is clicked on

2022-01-16 13:31:26 - [MESSAGE][PASSED] - Object: 'Object Repository/Page_Course System Engineering Test Automation/a_Site administration' is clicked on

2022-01-16 13:31:26 - [TEST_STEP][PASSED] - click(findTestObject("Object Repository/Page_Group10 Administration Search/a_Courses")): Object: 'Object Repository/Page_Group10 Administration Search/a_Courses' is clicked on

2022-01-16 13:31:27 - [MESSAGE][PASSED] - Object: 'Object Repository/Page_Group10 Administration Search/a_Courses' is clicked on

2022-01-16 13:31:27 - [TEST_STEP][PASSED] - click(findTestObject("Object Repository/Page_Group10 Administration Search/a_Manage courses and categories")): Object: 'Object Repository/Page_Group10 Administration Search/a_Manage courses and categories' is clicked on

2022-01-16 13:31:29 - [MESSAGE][PASSED] - Object: 'Object Repository/Page_Group10 Administration Search/a_Manage courses and categories' is clicked on

2022-01-16 13:31:29 - [TEST_STEP][PASSED] - click(findTestObject("Object Repository/Page_Course and category management/i_System Engineering Test Automation_yui_3__c80082")): Object: 'Object Repository/Page_Course and category management/i_System Engineering Test Automation_yui_3__c80082' is clicked on

2022-01-16 13:31:30 - [MESSAGE][PASSED] - Object: 'Object Repository/Page_Course and category management/i_System Engineering Test Automation_yui_3__c80082' is clicked on

2022-01-16 13:31:30 - [TEST_STEP][PASSED] - click(findTestObject("Object Repository/Page_Group10 Delete SE TA/button_Delete")): Object: 'Object Repository/Page_Group10 Delete SE TA/button_Delete' is clicked on

2022-01-16 13:31:33 - [MESSAGE][PASSED] - Object: 'Object Repository/Page_Group10 Delete SE TA/button_Delete' is clicked on

2022-01-16 13:31:33 - [TEST_STEP][PASSED] - click(findTestObject("Page_Group10 Delete SE TA/button_Continue")): Object: 'Object Repository/Page_Group10 Delete SE TA/button_Continue' is clicked on

2022-01-16 13:31:34 - [MESSAGE][PASSED] - Object: 'Object Repository/Page_Group10 Delete SE TA/button_Continue' is clicked on

2022-01-16 13:31:34 - [TEST_STEP][PASSED] - click(findTestObject("Object Repository/Page_Course and category management/a_AU")): Object: 'Object Repository/Page_Course and category management/a_AU' is clicked on

2022-01-16 13:31:35 - [MESSAGE][PASSED] - Object: 'Object Repository/Page_Course and category management/a_AU' is clicked on

2022-01-16 13:31:35 - [TEST_STEP][PASSED] - click(findTestObject("Object Repository/Page_Course and category management/a_Log out")): Object: 'Object Repository/Page_Course and category management/a_Log out' is clicked on

2022-01-16 13:31:36 - [MESSAGE][PASSED] - Object: 'Object Repository/Page_Course and category management/a_Log out' is clicked on

2022-01-16 13:31:36 - [TEST_STEP][PASSED] - closeBrowser(): Browser is closed

2022-01-16 13:31:37 - [MESSAGE][PASSED] - Browser is closed]]></system-out>
         <system-err><![CDATA[]]></system-err>
      </testcase>
      <testcase name="Test Cases/Add course by file - ADMIN" time="51.462" classname="Test Cases/Add course by file - ADMIN" status="PASSED">
         <system-out><![CDATA[2022-01-16 13:31:37 - [TEST_CASE][PASSED] - Test Cases/Add course by file - ADMIN: Test Cases/Add course by file - ADMIN

2022-01-16 13:31:37 - [TEST_STEP][PASSED] - openBrowser(""): Browser is opened with url: ''

2022-01-16 13:31:37 - [MESSAGE][INFO] - Starting 'Edge Chromium' driver

2022-01-16 13:31:40 - [MESSAGE][INFO] - Action delay is set to 0 milliseconds

2022-01-16 13:31:41 - [MESSAGE][PASSED] - Browser is opened with url: ''

2022-01-16 13:31:41 - [TEST_STEP][PASSED] - navigateToUrl("http://localhost/"): Navigate to 'http://localhost/' successfully

2022-01-16 13:31:42 - [MESSAGE][PASSED] - Navigate to 'http://localhost/' successfully

2022-01-16 13:31:42 - [TEST_STEP][PASSED] - click(findTestObject("Object Repository/Page_Home page/a_Log in")): Object: 'Object Repository/Page_Home page/a_Log in' is clicked on

2022-01-16 13:31:43 - [MESSAGE][PASSED] - Object: 'Object Repository/Page_Home page/a_Log in' is clicked on

2022-01-16 13:31:43 - [TEST_STEP][PASSED] - setText(findTestObject("Object Repository/Page_Home page Log in to the site/input_Username_username"), "admin"): Text 'admin' is set on object 'Object Repository/Page_Home page Log in to the site/input_Username_username'

2022-01-16 13:31:44 - [MESSAGE][PASSED] - Text 'admin' is set on object 'Object Repository/Page_Home page Log in to the site/input_Username_username'

2022-01-16 13:31:44 - [TEST_STEP][PASSED] - setEncryptedText(findTestObject("Object Repository/Page_Home page Log in to the site/input_Password_password"), "OFhcon1PzObx3ErJAwGfGA=="): Text ****** has been set on object 'Object Repository/Page_Home page Log in to the site/input_Password_password'

2022-01-16 13:31:45 - [MESSAGE][PASSED] - Text ****** has been set on object 'Object Repository/Page_Home page Log in to the site/input_Password_password'

2022-01-16 13:31:45 - [TEST_STEP][PASSED] - click(findTestObject("Object Repository/Page_Home page Log in to the site/button_Log in")): Object: 'Object Repository/Page_Home page Log in to the site/button_Log in' is clicked on

2022-01-16 13:31:47 - [MESSAGE][PASSED] - Object: 'Object Repository/Page_Home page Log in to the site/button_Log in' is clicked on

2022-01-16 13:31:47 - [TEST_STEP][PASSED] - click(findTestObject("Object Repository/Page_Dashboard/a_Site administration")): Object: 'Object Repository/Page_Dashboard/a_Site administration' is clicked on

2022-01-16 13:31:49 - [MESSAGE][PASSED] - Object: 'Object Repository/Page_Dashboard/a_Site administration' is clicked on

2022-01-16 13:31:49 - [TEST_STEP][PASSED] - click(findTestObject("Object Repository/Page_Group10 Administration Search/a_Courses")): Object: 'Object Repository/Page_Group10 Administration Search/a_Courses' is clicked on

2022-01-16 13:31:50 - [MESSAGE][PASSED] - Object: 'Object Repository/Page_Group10 Administration Search/a_Courses' is clicked on

2022-01-16 13:31:50 - [TEST_STEP][PASSED] - click(findTestObject("Object Repository/Page_Group10 Administration Search/a_Upload courses")): Object: 'Object Repository/Page_Group10 Administration Search/a_Upload courses' is clicked on

2022-01-16 13:31:51 - [MESSAGE][PASSED] - Object: 'Object Repository/Page_Group10 Administration Search/a_Upload courses' is clicked on

2022-01-16 13:31:51 - [TEST_STEP][PASSED] - click(findTestObject("Object Repository/Page_Group10 Administration Courses Upload courses/input_File_coursefilechoose")): Object: 'Object Repository/Page_Group10 Administration Courses Upload courses/input_File_coursefilechoose' is clicked on

2022-01-16 13:31:52 - [MESSAGE][PASSED] - Object: 'Object Repository/Page_Group10 Administration Courses Upload courses/input_File_coursefilechoose' is clicked on

2022-01-16 13:31:52 - [TEST_STEP][PASSED] - uploadFile(findTestObject("Object Repository/Page_Group10 Administration Courses Upload courses/input_Attachment_repo_upload_file"), "D:\TestAutomation-SEBonus-Group10\course.csv"): File 'D:\TestAutomation-SEBonus-Group10\course.csv' sent to object: 'Object Repository/Page_Group10 Administration Courses Upload courses/input_Attachment_repo_upload_file'

2022-01-16 13:31:53 - [MESSAGE][PASSED] - File 'D:\TestAutomation-SEBonus-Group10\course.csv' sent to object: 'Object Repository/Page_Group10 Administration Courses Upload courses/input_Attachment_repo_upload_file'

2022-01-16 13:31:53 - [TEST_STEP][PASSED] - click(findTestObject("Object Repository/Page_Group10 Administration Courses Upload courses/button_Upload this file")): Object: 'Object Repository/Page_Group10 Administration Courses Upload courses/button_Upload this file' is clicked on

2022-01-16 13:31:53 - [MESSAGE][PASSED] - Object: 'Object Repository/Page_Group10 Administration Courses Upload courses/button_Upload this file' is clicked on

2022-01-16 13:31:53 - [TEST_STEP][PASSED] - click(findTestObject("Object Repository/Page_Group10 Administration Courses Upload courses/input_Allow resets_submitbutton")): Object: 'Object Repository/Page_Group10 Administration Courses Upload courses/input_Allow resets_submitbutton' is clicked on

2022-01-16 13:31:55 - [MESSAGE][PASSED] - Object: 'Object Repository/Page_Group10 Administration Courses Upload courses/input_Allow resets_submitbutton' is clicked on

2022-01-16 13:31:55 - [TEST_STEP][PASSED] - click(findTestObject("Object Repository/Page_Group10 Administration Courses Upload courses/input_Enable_defaultsenddateenabled")): Object: 'Object Repository/Page_Group10 Administration Courses Upload courses/input_Enable_defaultsenddateenabled' is clicked on

2022-01-16 13:31:56 - [MESSAGE][PASSED] - Object: 'Object Repository/Page_Group10 Administration Courses Upload courses/input_Enable_defaultsenddateenabled' is clicked on

2022-01-16 13:31:56 - [TEST_STEP][PASSED] - click(findTestObject("Object Repository/Page_Group10 Administration Courses Upload courses/input_Allow resets_submitbutton")): Object: 'Object Repository/Page_Group10 Administration Courses Upload courses/input_Allow resets_submitbutton' is clicked on

2022-01-16 13:31:58 - [MESSAGE][PASSED] - Object: 'Object Repository/Page_Group10 Administration Courses Upload courses/input_Allow resets_submitbutton' is clicked on

2022-01-16 13:31:58 - [TEST_STEP][PASSED] - click(findTestObject("Object Repository/Page_Group10 Administration Courses Upload courses/button_Continue")): Object: 'Object Repository/Page_Group10 Administration Courses Upload courses/button_Continue' is clicked on

2022-01-16 13:32:00 - [MESSAGE][PASSED] - Object: 'Object Repository/Page_Group10 Administration Courses Upload courses/button_Continue' is clicked on

2022-01-16 13:32:00 - [TEST_STEP][PASSED] - click(findTestObject("Object Repository/Page_Group10 Administration Courses Upload courses/a_Courses")): Object: 'Object Repository/Page_Group10 Administration Courses Upload courses/a_Courses' is clicked on

2022-01-16 13:32:02 - [MESSAGE][PASSED] - Object: 'Object Repository/Page_Group10 Administration Courses Upload courses/a_Courses' is clicked on

2022-01-16 13:32:02 - [TEST_STEP][PASSED] - click(findTestObject("Object Repository/Page_Group10 Administration Search/a_Manage courses and categories")): Object: 'Object Repository/Page_Group10 Administration Search/a_Manage courses and categories' is clicked on

2022-01-16 13:32:03 - [MESSAGE][PASSED] - Object: 'Object Repository/Page_Group10 Administration Search/a_Manage courses and categories' is clicked on

2022-01-16 13:32:03 - [TEST_STEP][PASSED] - click(findTestObject("Object Repository/Page_Course and category management/a_Sort courses")): Object: 'Object Repository/Page_Course and category management/a_Sort courses' is clicked on

2022-01-16 13:32:04 - [MESSAGE][PASSED] - Object: 'Object Repository/Page_Course and category management/a_Sort courses' is clicked on

2022-01-16 13:32:04 - [TEST_STEP][PASSED] - click(findTestObject("Object Repository/Page_Course and category management/span_Sort by Course time created descending")): Object: 'Object Repository/Page_Course and category management/span_Sort by Course time created descending' is clicked on

2022-01-16 13:32:06 - [MESSAGE][PASSED] - Object: 'Object Repository/Page_Course and category management/span_Sort by Course time created descending' is clicked on

2022-01-16 13:32:06 - [TEST_STEP][PASSED] - click(findTestObject("Object Repository/Page_Course and category management/i_Course restored 4_yui_3_17_2_1_1642036973057_625")): Object: 'Object Repository/Page_Course and category management/i_Course restored 4_yui_3_17_2_1_1642036973057_625' is clicked on

2022-01-16 13:32:07 - [MESSAGE][PASSED] - Object: 'Object Repository/Page_Course and category management/i_Course restored 4_yui_3_17_2_1_1642036973057_625' is clicked on

2022-01-16 13:32:07 - [TEST_STEP][PASSED] - click(findTestObject("Object Repository/Page_Group10 Delete courserestored4/button_Delete")): Object: 'Object Repository/Page_Group10 Delete courserestored4/button_Delete' is clicked on

2022-01-16 13:32:09 - [MESSAGE][PASSED] - Object: 'Object Repository/Page_Group10 Delete courserestored4/button_Delete' is clicked on

2022-01-16 13:32:09 - [TEST_STEP][PASSED] - click(findTestObject("Object Repository/Page_Group10 Deleting courserestored4/button_Continue")): Object: 'Object Repository/Page_Group10 Deleting courserestored4/button_Continue' is clicked on

2022-01-16 13:32:11 - [MESSAGE][PASSED] - Object: 'Object Repository/Page_Group10 Deleting courserestored4/button_Continue' is clicked on

2022-01-16 13:32:11 - [TEST_STEP][PASSED] - click(findTestObject("Object Repository/Page_Course and category management/i_Course restored 3_yui_3_17_2_1_1642037030374_504")): Object: 'Object Repository/Page_Course and category management/i_Course restored 3_yui_3_17_2_1_1642037030374_504' is clicked on

2022-01-16 13:32:13 - [MESSAGE][PASSED] - Object: 'Object Repository/Page_Course and category management/i_Course restored 3_yui_3_17_2_1_1642037030374_504' is clicked on

2022-01-16 13:32:13 - [TEST_STEP][PASSED] - click(findTestObject("Object Repository/Page_Group10 Delete courserestored3/button_Delete")): Object: 'Object Repository/Page_Group10 Delete courserestored3/button_Delete' is clicked on

2022-01-16 13:32:14 - [MESSAGE][PASSED] - Object: 'Object Repository/Page_Group10 Delete courserestored3/button_Delete' is clicked on

2022-01-16 13:32:14 - [TEST_STEP][PASSED] - click(findTestObject("Object Repository/Page_Group10 Deleting courserestored3/button_Continue")): Object: 'Object Repository/Page_Group10 Deleting courserestored3/button_Continue' is clicked on

2022-01-16 13:32:16 - [MESSAGE][PASSED] - Object: 'Object Repository/Page_Group10 Deleting courserestored3/button_Continue' is clicked on

2022-01-16 13:32:16 - [TEST_STEP][PASSED] - click(findTestObject("Object Repository/Page_Course and category management/i_Course restored 2_yui_3_17_2_1_1642037037091_442")): Object: 'Object Repository/Page_Course and category management/i_Course restored 2_yui_3_17_2_1_1642037037091_442' is clicked on

2022-01-16 13:32:17 - [MESSAGE][PASSED] - Object: 'Object Repository/Page_Course and category management/i_Course restored 2_yui_3_17_2_1_1642037037091_442' is clicked on

2022-01-16 13:32:17 - [TEST_STEP][PASSED] - click(findTestObject("Object Repository/Page_Group10 Delete courserestored2/button_Delete")): Object: 'Object Repository/Page_Group10 Delete courserestored2/button_Delete' is clicked on

2022-01-16 13:32:19 - [MESSAGE][PASSED] - Object: 'Object Repository/Page_Group10 Delete courserestored2/button_Delete' is clicked on

2022-01-16 13:32:19 - [TEST_STEP][PASSED] - click(findTestObject("Object Repository/Page_Group10 Deleting courserestored2/button_Continue")): Object: 'Object Repository/Page_Group10 Deleting courserestored2/button_Continue' is clicked on

2022-01-16 13:32:21 - [MESSAGE][PASSED] - Object: 'Object Repository/Page_Group10 Deleting courserestored2/button_Continue' is clicked on

2022-01-16 13:32:21 - [TEST_STEP][PASSED] - click(findTestObject("Object Repository/Page_Course and category management/i_Course restored_yui_3_17_2_1_1642037043486_382")): Object: 'Object Repository/Page_Course and category management/i_Course restored_yui_3_17_2_1_1642037043486_382' is clicked on

2022-01-16 13:32:22 - [MESSAGE][PASSED] - Object: 'Object Repository/Page_Course and category management/i_Course restored_yui_3_17_2_1_1642037043486_382' is clicked on

2022-01-16 13:32:22 - [TEST_STEP][PASSED] - click(findTestObject("Object Repository/Page_Group10 Delete courserestored/button_Delete")): Object: 'Object Repository/Page_Group10 Delete courserestored/button_Delete' is clicked on

2022-01-16 13:32:24 - [MESSAGE][PASSED] - Object: 'Object Repository/Page_Group10 Delete courserestored/button_Delete' is clicked on

2022-01-16 13:32:24 - [TEST_STEP][PASSED] - click(findTestObject("Object Repository/Page_Group10 Deleting courserestored/button_Continue")): Object: 'Object Repository/Page_Group10 Deleting courserestored/button_Continue' is clicked on

2022-01-16 13:32:26 - [MESSAGE][PASSED] - Object: 'Object Repository/Page_Group10 Deleting courserestored/button_Continue' is clicked on

2022-01-16 13:32:26 - [TEST_STEP][PASSED] - click(findTestObject("Object Repository/Page_Course and category management/a_AU")): Object: 'Object Repository/Page_Course and category management/a_AU' is clicked on

2022-01-16 13:32:27 - [MESSAGE][PASSED] - Object: 'Object Repository/Page_Course and category management/a_AU' is clicked on

2022-01-16 13:32:27 - [TEST_STEP][PASSED] - click(findTestObject("Object Repository/Page_Course and category management/a_Log out")): Object: 'Object Repository/Page_Course and category management/a_Log out' is clicked on

2022-01-16 13:32:28 - [MESSAGE][PASSED] - Object: 'Object Repository/Page_Course and category management/a_Log out' is clicked on

2022-01-16 13:32:28 - [TEST_STEP][PASSED] - closeBrowser(): Browser is closed

2022-01-16 13:32:28 - [MESSAGE][PASSED] - Browser is closed]]></system-out>
         <system-err><![CDATA[]]></system-err>
      </testcase>
      <testcase name="Test Cases/Edit course - ADMIN" time="35.306" classname="Test Cases/Edit course - ADMIN" status="PASSED">
         <system-out><![CDATA[2022-01-16 13:32:29 - [TEST_CASE][PASSED] - Test Cases/Edit course - ADMIN: Test Cases/Edit course - ADMIN

2022-01-16 13:32:29 - [TEST_STEP][PASSED] - openBrowser(""): Browser is opened with url: ''

2022-01-16 13:32:29 - [MESSAGE][INFO] - Starting 'Edge Chromium' driver

2022-01-16 13:32:31 - [MESSAGE][INFO] - Action delay is set to 0 milliseconds

2022-01-16 13:32:32 - [MESSAGE][PASSED] - Browser is opened with url: ''

2022-01-16 13:32:32 - [TEST_STEP][PASSED] - navigateToUrl("http://localhost/"): Navigate to 'http://localhost/' successfully

2022-01-16 13:32:34 - [MESSAGE][PASSED] - Navigate to 'http://localhost/' successfully

2022-01-16 13:32:34 - [TEST_STEP][PASSED] - click(findTestObject("Object Repository/Page_Home page/a_Log in")): Object: 'Object Repository/Page_Home page/a_Log in' is clicked on

2022-01-16 13:32:35 - [MESSAGE][PASSED] - Object: 'Object Repository/Page_Home page/a_Log in' is clicked on

2022-01-16 13:32:35 - [TEST_STEP][PASSED] - setText(findTestObject("Object Repository/Page_Home page Log in to the site/input_Username_username"), "admin"): Text 'admin' is set on object 'Object Repository/Page_Home page Log in to the site/input_Username_username'

2022-01-16 13:32:36 - [MESSAGE][PASSED] - Text 'admin' is set on object 'Object Repository/Page_Home page Log in to the site/input_Username_username'

2022-01-16 13:32:36 - [TEST_STEP][PASSED] - setEncryptedText(findTestObject("Object Repository/Page_Home page Log in to the site/input_Password_password"), "OFhcon1PzObx3ErJAwGfGA=="): Text ****** has been set on object 'Object Repository/Page_Home page Log in to the site/input_Password_password'

2022-01-16 13:32:36 - [MESSAGE][PASSED] - Text ****** has been set on object 'Object Repository/Page_Home page Log in to the site/input_Password_password'

2022-01-16 13:32:36 - [TEST_STEP][PASSED] - click(findTestObject("Object Repository/Page_Home page Log in to the site/button_Log in")): Object: 'Object Repository/Page_Home page Log in to the site/button_Log in' is clicked on

2022-01-16 13:32:38 - [MESSAGE][PASSED] - Object: 'Object Repository/Page_Home page Log in to the site/button_Log in' is clicked on

2022-01-16 13:32:38 - [TEST_STEP][PASSED] - click(findTestObject("Object Repository/Page_My courses/a_Site administration")): Object: 'Object Repository/Page_My courses/a_Site administration' is clicked on

2022-01-16 13:32:41 - [MESSAGE][PASSED] - Object: 'Object Repository/Page_My courses/a_Site administration' is clicked on

2022-01-16 13:32:41 - [TEST_STEP][PASSED] - click(findTestObject("Object Repository/Page_Group10 Administration Search/a_Courses")): Object: 'Object Repository/Page_Group10 Administration Search/a_Courses' is clicked on

2022-01-16 13:32:41 - [MESSAGE][PASSED] - Object: 'Object Repository/Page_Group10 Administration Search/a_Courses' is clicked on

2022-01-16 13:32:41 - [TEST_STEP][PASSED] - click(findTestObject("Object Repository/Page_Group10 Administration Search/a_Manage courses and categories")): Object: 'Object Repository/Page_Group10 Administration Search/a_Manage courses and categories' is clicked on

2022-01-16 13:32:43 - [MESSAGE][PASSED] - Object: 'Object Repository/Page_Group10 Administration Search/a_Manage courses and categories' is clicked on

2022-01-16 13:32:43 - [TEST_STEP][PASSED] - click(findTestObject("Object Repository/Page_Course and category management/i_H quan tri c s d liu_yui_3_17_2_1_1642039_4632b5")): Object: 'Object Repository/Page_Course and category management/i_H quan tri c s d liu_yui_3_17_2_1_1642039_4632b5' is clicked on

2022-01-16 13:32:45 - [MESSAGE][PASSED] - Object: 'Object Repository/Page_Course and category management/i_H quan tri c s d liu_yui_3_17_2_1_1642039_4632b5' is clicked on

2022-01-16 13:32:45 - [TEST_STEP][PASSED] - setText(findTestObject("Object Repository/Page_Edit course settings/input_Course full name_fullname"), "Hệ quản trị cơ sở dữ liệu (edited)"): Text 'Hệ quản trị cơ sở dữ liệu (edited)' is set on object 'Object Repository/Page_Edit course settings/input_Course full name_fullname'

2022-01-16 13:32:47 - [MESSAGE][PASSED] - Text 'Hệ quản trị cơ sở dữ liệu (edited)' is set on object 'Object Repository/Page_Edit course settings/input_Course full name_fullname'

2022-01-16 13:32:47 - [TEST_STEP][PASSED] - click(findTestObject("Object Repository/Page_Edit course settings/input_Enable_enddateenabled")): Object: 'Object Repository/Page_Edit course settings/input_Enable_enddateenabled' is clicked on

2022-01-16 13:32:47 - [MESSAGE][PASSED] - Object: 'Object Repository/Page_Edit course settings/input_Enable_enddateenabled' is clicked on

2022-01-16 13:32:47 - [TEST_STEP][PASSED] - setText(findTestObject("Object Repository/Page_Edit course settings/div_this is summary"), "this is summary"): Text 'this is summary' is set on object 'Object Repository/Page_Edit course settings/div_this is summary'

2022-01-16 13:32:49 - [MESSAGE][PASSED] - Text 'this is summary' is set on object 'Object Repository/Page_Edit course settings/div_this is summary'

2022-01-16 13:32:49 - [TEST_STEP][PASSED] - click(findTestObject("Object Repository/Page_Edit course settings/input__saveanddisplay")): Object: 'Object Repository/Page_Edit course settings/input__saveanddisplay' is clicked on

2022-01-16 13:32:50 - [MESSAGE][PASSED] - Object: 'Object Repository/Page_Edit course settings/input__saveanddisplay' is clicked on

2022-01-16 13:32:50 - [TEST_STEP][PASSED] - click(findTestObject("Object Repository/Page_Edit course settings/a_Site administration")): Object: 'Object Repository/Page_Edit course settings/a_Site administration' is clicked on

2022-01-16 13:32:52 - [MESSAGE][PASSED] - Object: 'Object Repository/Page_Edit course settings/a_Site administration' is clicked on

2022-01-16 13:32:52 - [TEST_STEP][PASSED] - click(findTestObject("Object Repository/Page_Group10 Administration Search/a_Courses")): Object: 'Object Repository/Page_Group10 Administration Search/a_Courses' is clicked on

2022-01-16 13:32:53 - [MESSAGE][PASSED] - Object: 'Object Repository/Page_Group10 Administration Search/a_Courses' is clicked on

2022-01-16 13:32:53 - [TEST_STEP][PASSED] - click(findTestObject("Object Repository/Page_Group10 Administration Search/a_Manage courses and categories")): Object: 'Object Repository/Page_Group10 Administration Search/a_Manage courses and categories' is clicked on

2022-01-16 13:32:55 - [MESSAGE][PASSED] - Object: 'Object Repository/Page_Group10 Administration Search/a_Manage courses and categories' is clicked on

2022-01-16 13:32:55 - [TEST_STEP][PASSED] - click(findTestObject("Object Repository/Page_Course and category management/i_H quan tri c s d liu (edited)_yui_3_17_2__de8f09")): Object: 'Object Repository/Page_Course and category management/i_H quan tri c s d liu (edited)_yui_3_17_2__de8f09' is clicked on

2022-01-16 13:32:56 - [MESSAGE][PASSED] - Object: 'Object Repository/Page_Course and category management/i_H quan tri c s d liu (edited)_yui_3_17_2__de8f09' is clicked on

2022-01-16 13:32:56 - [TEST_STEP][PASSED] - setText(findTestObject("Object Repository/Page_Edit course settings/input_Course full name_fullname"), "Hệ quản trị cơ sở dữ liệu"): Text 'Hệ quản trị cơ sở dữ liệu' is set on object 'Object Repository/Page_Edit course settings/input_Course full name_fullname'

2022-01-16 13:32:58 - [MESSAGE][PASSED] - Text 'Hệ quản trị cơ sở dữ liệu' is set on object 'Object Repository/Page_Edit course settings/input_Course full name_fullname'

2022-01-16 13:32:58 - [TEST_STEP][PASSED] - click(findTestObject("Object Repository/Page_Edit course settings/input_Enable_enddateenabled")): Object: 'Object Repository/Page_Edit course settings/input_Enable_enddateenabled' is clicked on

2022-01-16 13:32:59 - [MESSAGE][PASSED] - Object: 'Object Repository/Page_Edit course settings/input_Enable_enddateenabled' is clicked on

2022-01-16 13:32:59 - [TEST_STEP][PASSED] - click(findTestObject("Object Repository/Page_Edit course settings/input__saveandreturn")): Object: 'Object Repository/Page_Edit course settings/input__saveandreturn' is clicked on

2022-01-16 13:33:01 - [MESSAGE][PASSED] - Object: 'Object Repository/Page_Edit course settings/input__saveandreturn' is clicked on

2022-01-16 13:33:01 - [TEST_STEP][PASSED] - click(findTestObject("Object Repository/Page_Course and category management/a_AU")): Object: 'Object Repository/Page_Course and category management/a_AU' is clicked on

2022-01-16 13:33:02 - [MESSAGE][PASSED] - Object: 'Object Repository/Page_Course and category management/a_AU' is clicked on

2022-01-16 13:33:02 - [TEST_STEP][PASSED] - click(findTestObject("Object Repository/Page_Course and category management/a_Log out")): Object: 'Object Repository/Page_Course and category management/a_Log out' is clicked on

2022-01-16 13:33:03 - [MESSAGE][PASSED] - Object: 'Object Repository/Page_Course and category management/a_Log out' is clicked on

2022-01-16 13:33:03 - [TEST_STEP][PASSED] - closeBrowser(): Browser is closed

2022-01-16 13:33:04 - [MESSAGE][PASSED] - Browser is closed]]></system-out>
         <system-err><![CDATA[]]></system-err>
      </testcase>
      <testcase name="Test Cases/Delete a course - ADMIN" time="36.201" classname="Test Cases/Delete a course - ADMIN" status="PASSED">
         <system-out><![CDATA[2022-01-16 13:33:04 - [TEST_CASE][PASSED] - Test Cases/Delete a course - ADMIN: Test Cases/Delete a course - ADMIN

2022-01-16 13:33:04 - [TEST_STEP][PASSED] - openBrowser(""): Browser is opened with url: ''

2022-01-16 13:33:04 - [MESSAGE][INFO] - Starting 'Edge Chromium' driver

2022-01-16 13:33:06 - [MESSAGE][INFO] - Action delay is set to 0 milliseconds

2022-01-16 13:33:07 - [MESSAGE][PASSED] - Browser is opened with url: ''

2022-01-16 13:33:07 - [TEST_STEP][PASSED] - navigateToUrl("http://localhost/"): Navigate to 'http://localhost/' successfully

2022-01-16 13:33:09 - [MESSAGE][PASSED] - Navigate to 'http://localhost/' successfully

2022-01-16 13:33:09 - [TEST_STEP][PASSED] - click(findTestObject("Page_Home page/a_Log in")): Object: 'Object Repository/Page_Home page/a_Log in' is clicked on

2022-01-16 13:33:10 - [MESSAGE][PASSED] - Object: 'Object Repository/Page_Home page/a_Log in' is clicked on

2022-01-16 13:33:10 - [TEST_STEP][PASSED] - setText(findTestObject("Page_Home page Log in to the site/input_Username_username"), "admin"): Text 'admin' is set on object 'Object Repository/Page_Home page Log in to the site/input_Username_username'

2022-01-16 13:33:11 - [MESSAGE][PASSED] - Text 'admin' is set on object 'Object Repository/Page_Home page Log in to the site/input_Username_username'

2022-01-16 13:33:11 - [TEST_STEP][PASSED] - setEncryptedText(findTestObject("Page_Home page Log in to the site/input_Password_password"), "OFhcon1PzObx3ErJAwGfGA=="): Text ****** has been set on object 'Object Repository/Page_Home page Log in to the site/input_Password_password'

2022-01-16 13:33:11 - [MESSAGE][PASSED] - Text ****** has been set on object 'Object Repository/Page_Home page Log in to the site/input_Password_password'

2022-01-16 13:33:11 - [TEST_STEP][PASSED] - click(findTestObject("Page_Home page Log in to the site/button_Log in")): Object: 'Object Repository/Page_Home page Log in to the site/button_Log in' is clicked on

2022-01-16 13:33:14 - [MESSAGE][PASSED] - Object: 'Object Repository/Page_Home page Log in to the site/button_Log in' is clicked on

2022-01-16 13:33:14 - [TEST_STEP][PASSED] - click(findTestObject("Page_Dashboard/a_Site administration")): Object: 'Object Repository/Page_Dashboard/a_Site administration' is clicked on

2022-01-16 13:33:16 - [MESSAGE][PASSED] - Object: 'Object Repository/Page_Dashboard/a_Site administration' is clicked on

2022-01-16 13:33:16 - [TEST_STEP][PASSED] - click(findTestObject("Page_Group10 Administration Search/a_Courses")): Object: 'Object Repository/Page_Group10 Administration Search/a_Courses' is clicked on

2022-01-16 13:33:17 - [MESSAGE][PASSED] - Object: 'Object Repository/Page_Group10 Administration Search/a_Courses' is clicked on

2022-01-16 13:33:17 - [TEST_STEP][PASSED] - click(findTestObject("Page_Group10 Administration Search/a_Add a new course")): Object: 'Object Repository/Page_Group10 Administration Search/a_Add a new course' is clicked on

2022-01-16 13:33:19 - [MESSAGE][PASSED] - Object: 'Object Repository/Page_Group10 Administration Search/a_Add a new course' is clicked on

2022-01-16 13:33:19 - [TEST_STEP][PASSED] - click(findTestObject("Object Repository/Page_Group10 Add a new course/input_Course full name_fullname")): Object: 'Object Repository/Page_Group10 Add a new course/input_Course full name_fullname' is clicked on

2022-01-16 13:33:20 - [MESSAGE][PASSED] - Object: 'Object Repository/Page_Group10 Add a new course/input_Course full name_fullname' is clicked on

2022-01-16 13:33:20 - [TEST_STEP][PASSED] - setText(findTestObject("Object Repository/Page_Group10 Add a new course/input_Course full name_fullname"), "Course test for delete"): Text 'Course test for delete' is set on object 'Object Repository/Page_Group10 Add a new course/input_Course full name_fullname'

2022-01-16 13:33:21 - [MESSAGE][PASSED] - Text 'Course test for delete' is set on object 'Object Repository/Page_Group10 Add a new course/input_Course full name_fullname'

2022-01-16 13:33:21 - [TEST_STEP][PASSED] - setText(findTestObject("Object Repository/Page_Group10 Add a new course/input_Course short name_shortname"), "testdelete"): Text 'testdelete' is set on object 'Object Repository/Page_Group10 Add a new course/input_Course short name_shortname'

2022-01-16 13:33:22 - [MESSAGE][PASSED] - Text 'testdelete' is set on object 'Object Repository/Page_Group10 Add a new course/input_Course short name_shortname'

2022-01-16 13:33:22 - [TEST_STEP][PASSED] - click(findTestObject("Object Repository/Page_Group10 Add a new course/label_Enable")): Object: 'Object Repository/Page_Group10 Add a new course/label_Enable' is clicked on

2022-01-16 13:33:23 - [MESSAGE][PASSED] - Object: 'Object Repository/Page_Group10 Add a new course/label_Enable' is clicked on

2022-01-16 13:33:23 - [TEST_STEP][PASSED] - click(findTestObject("Object Repository/Page_Group10 Add a new course/input__saveanddisplay")): Object: 'Object Repository/Page_Group10 Add a new course/input__saveanddisplay' is clicked on

2022-01-16 13:33:25 - [MESSAGE][PASSED] - Object: 'Object Repository/Page_Group10 Add a new course/input__saveanddisplay' is clicked on

2022-01-16 13:33:25 - [TEST_STEP][PASSED] - click(findTestObject("Object Repository/Page_Course Course test for delete/a_Site administration")): Object: 'Object Repository/Page_Course Course test for delete/a_Site administration' is clicked on

2022-01-16 13:33:27 - [MESSAGE][PASSED] - Object: 'Object Repository/Page_Course Course test for delete/a_Site administration' is clicked on

2022-01-16 13:33:27 - [TEST_STEP][PASSED] - click(findTestObject("Page_Group10 Administration Search/a_Courses")): Object: 'Object Repository/Page_Group10 Administration Search/a_Courses' is clicked on

2022-01-16 13:33:27 - [MESSAGE][PASSED] - Object: 'Object Repository/Page_Group10 Administration Search/a_Courses' is clicked on

2022-01-16 13:33:27 - [TEST_STEP][PASSED] - click(findTestObject("Page_Group10 Administration Search/a_Manage courses and categories")): Object: 'Object Repository/Page_Group10 Administration Search/a_Manage courses and categories' is clicked on

2022-01-16 13:33:29 - [MESSAGE][PASSED] - Object: 'Object Repository/Page_Group10 Administration Search/a_Manage courses and categories' is clicked on

2022-01-16 13:33:29 - [TEST_STEP][PASSED] - click(findTestObject("Page_Course and category management/a_Sort courses")): Object: 'Object Repository/Page_Course and category management/a_Sort courses' is clicked on

2022-01-16 13:33:30 - [MESSAGE][PASSED] - Object: 'Object Repository/Page_Course and category management/a_Sort courses' is clicked on

2022-01-16 13:33:30 - [TEST_STEP][PASSED] - click(findTestObject("Page_Course and category management/span_Sort by Course time created descending")): Object: 'Object Repository/Page_Course and category management/span_Sort by Course time created descending' is clicked on

2022-01-16 13:33:32 - [MESSAGE][PASSED] - Object: 'Object Repository/Page_Course and category management/span_Sort by Course time created descending' is clicked on

2022-01-16 13:33:32 - [TEST_STEP][PASSED] - click(findTestObject("Object Repository/Page_Course and category management/i_Course test for delete_yui_3_17_2_1_16420_0ef4d4")): Object: 'Object Repository/Page_Course and category management/i_Course test for delete_yui_3_17_2_1_16420_0ef4d4' is clicked on

2022-01-16 13:33:33 - [MESSAGE][PASSED] - Object: 'Object Repository/Page_Course and category management/i_Course test for delete_yui_3_17_2_1_16420_0ef4d4' is clicked on

2022-01-16 13:33:33 - [TEST_STEP][PASSED] - click(findTestObject("Object Repository/Page_Group10 Delete testdelete/button_Delete")): Object: 'Object Repository/Page_Group10 Delete testdelete/button_Delete' is clicked on

2022-01-16 13:33:35 - [MESSAGE][PASSED] - Object: 'Object Repository/Page_Group10 Delete testdelete/button_Delete' is clicked on

2022-01-16 13:33:35 - [TEST_STEP][PASSED] - click(findTestObject("Object Repository/Page_Group10 Deleting testdelete/button_Continue")): Object: 'Object Repository/Page_Group10 Deleting testdelete/button_Continue' is clicked on

2022-01-16 13:33:37 - [MESSAGE][PASSED] - Object: 'Object Repository/Page_Group10 Deleting testdelete/button_Continue' is clicked on

2022-01-16 13:33:37 - [TEST_STEP][PASSED] - click(findTestObject("Object Repository/Page_Course and category management/span_AU")): Object: 'Object Repository/Page_Course and category management/span_AU' is clicked on

2022-01-16 13:33:38 - [MESSAGE][PASSED] - Object: 'Object Repository/Page_Course and category management/span_AU' is clicked on

2022-01-16 13:33:38 - [TEST_STEP][PASSED] - click(findTestObject("Page_Course and category management/a_Log out")): Object: 'Object Repository/Page_Course and category management/a_Log out' is clicked on

2022-01-16 13:33:39 - [MESSAGE][PASSED] - Object: 'Object Repository/Page_Course and category management/a_Log out' is clicked on

2022-01-16 13:33:39 - [TEST_STEP][PASSED] - closeBrowser(): Browser is closed

2022-01-16 13:33:40 - [MESSAGE][PASSED] - Browser is closed]]></system-out>
         <system-err><![CDATA[]]></system-err>
      </testcase>
      <testcase name="Test Cases/Edit role - ADMIN" time="34.286" classname="Test Cases/Edit role - ADMIN" status="PASSED">
         <system-out><![CDATA[2022-01-16 13:33:40 - [TEST_CASE][PASSED] - Test Cases/Edit role - ADMIN: Test Cases/Edit role - ADMIN

2022-01-16 13:33:40 - [TEST_STEP][PASSED] - openBrowser(""): Browser is opened with url: ''

2022-01-16 13:33:40 - [MESSAGE][INFO] - Starting 'Edge Chromium' driver

2022-01-16 13:33:43 - [MESSAGE][INFO] - Action delay is set to 0 milliseconds

2022-01-16 13:33:44 - [MESSAGE][PASSED] - Browser is opened with url: ''

2022-01-16 13:33:44 - [TEST_STEP][PASSED] - navigateToUrl("http://localhost/"): Navigate to 'http://localhost/' successfully

2022-01-16 13:33:45 - [MESSAGE][PASSED] - Navigate to 'http://localhost/' successfully

2022-01-16 13:33:45 - [TEST_STEP][PASSED] - click(findTestObject("Page_Home page/a_Log in")): Object: 'Object Repository/Page_Home page/a_Log in' is clicked on

2022-01-16 13:33:46 - [MESSAGE][PASSED] - Object: 'Object Repository/Page_Home page/a_Log in' is clicked on

2022-01-16 13:33:46 - [TEST_STEP][PASSED] - setText(findTestObject("Page_Home page Log in to the site/input_Username_username"), "admin"): Text 'admin' is set on object 'Object Repository/Page_Home page Log in to the site/input_Username_username'

2022-01-16 13:33:47 - [MESSAGE][PASSED] - Text 'admin' is set on object 'Object Repository/Page_Home page Log in to the site/input_Username_username'

2022-01-16 13:33:47 - [TEST_STEP][PASSED] - setEncryptedText(findTestObject("Page_Home page Log in to the site/input_Password_password"), "OFhcon1PzObx3ErJAwGfGA=="): Text ****** has been set on object 'Object Repository/Page_Home page Log in to the site/input_Password_password'

2022-01-16 13:33:48 - [MESSAGE][PASSED] - Text ****** has been set on object 'Object Repository/Page_Home page Log in to the site/input_Password_password'

2022-01-16 13:33:48 - [TEST_STEP][PASSED] - click(findTestObject("Page_Home page Log in to the site/button_Log in")): Object: 'Object Repository/Page_Home page Log in to the site/button_Log in' is clicked on

2022-01-16 13:33:50 - [MESSAGE][PASSED] - Object: 'Object Repository/Page_Home page Log in to the site/button_Log in' is clicked on

2022-01-16 13:33:50 - [TEST_STEP][PASSED] - click(findTestObject("Page_Dashboard/a_Site administration")): Object: 'Object Repository/Page_Dashboard/a_Site administration' is clicked on

2022-01-16 13:33:52 - [MESSAGE][PASSED] - Object: 'Object Repository/Page_Dashboard/a_Site administration' is clicked on

2022-01-16 13:33:52 - [TEST_STEP][PASSED] - click(findTestObject("Page_Group10 Administration Search/a_Users")): Object: 'Object Repository/Page_Group10 Administration Search/a_Users' is clicked on

2022-01-16 13:33:53 - [MESSAGE][PASSED] - Object: 'Object Repository/Page_Group10 Administration Search/a_Users' is clicked on

2022-01-16 13:33:53 - [TEST_STEP][PASSED] - click(findTestObject("Page_Group10 Administration Search/a_Define roles")): Object: 'Object Repository/Page_Group10 Administration Search/a_Define roles' is clicked on

2022-01-16 13:33:54 - [MESSAGE][PASSED] - Object: 'Object Repository/Page_Group10 Administration Search/a_Define roles' is clicked on

2022-01-16 13:33:54 - [TEST_STEP][PASSED] - click(findTestObject("Object Repository/Page_Group10 Administration Users Permissio_4e74a7/i_guest_icon fa fa-cog fa-fw")): Object: 'Object Repository/Page_Group10 Administration Users Permissio_4e74a7/i_guest_icon fa fa-cog fa-fw' is clicked on

2022-01-16 13:33:56 - [MESSAGE][PASSED] - Object: 'Object Repository/Page_Group10 Administration Users Permissio_4e74a7/i_guest_icon fa fa-cog fa-fw' is clicked on

2022-01-16 13:33:56 - [TEST_STEP][PASSED] - click(findTestObject("Object Repository/Page_Group10 Administration Users Permissio_4e74a7/input_Short name_shortname")): Object: 'Object Repository/Page_Group10 Administration Users Permissio_4e74a7/input_Short name_shortname' is clicked on

2022-01-16 13:33:57 - [MESSAGE][PASSED] - Object: 'Object Repository/Page_Group10 Administration Users Permissio_4e74a7/input_Short name_shortname' is clicked on

2022-01-16 13:33:57 - [TEST_STEP][PASSED] - setText(findTestObject("Object Repository/Page_Group10 Administration Users Permissio_4e74a7/input_Custom full name_name"), "Guest of Site"): Text 'Guest of Site' is set on object 'Object Repository/Page_Group10 Administration Users Permissio_4e74a7/input_Custom full name_name'

2022-01-16 13:33:58 - [MESSAGE][PASSED] - Text 'Guest of Site' is set on object 'Object Repository/Page_Group10 Administration Users Permissio_4e74a7/input_Custom full name_name'

2022-01-16 13:33:58 - [TEST_STEP][PASSED] - setText(findTestObject("Object Repository/Page_Group10 Administration Users Permissio_4e74a7/textarea_Custom description_description"), "this is the guest"): Text 'this is the guest' is set on object 'Object Repository/Page_Group10 Administration Users Permissio_4e74a7/textarea_Custom description_description'

2022-01-16 13:33:59 - [MESSAGE][PASSED] - Text 'this is the guest' is set on object 'Object Repository/Page_Group10 Administration Users Permissio_4e74a7/textarea_Custom description_description'

2022-01-16 13:33:59 - [TEST_STEP][PASSED] - click(findTestObject("Object Repository/Page_Group10 Administration Users Permissio_4e74a7/input_Context types where this role may be _9568cf")): Object: 'Object Repository/Page_Group10 Administration Users Permissio_4e74a7/input_Context types where this role may be _9568cf' is clicked on

2022-01-16 13:33:59 - [MESSAGE][PASSED] - Object: 'Object Repository/Page_Group10 Administration Users Permissio_4e74a7/input_Context types where this role may be _9568cf' is clicked on

2022-01-16 13:33:59 - [TEST_STEP][PASSED] - click(findTestObject("Object Repository/Page_Group10 Administration Users Permissio_4e74a7/input_concat(Editing role , , Guest, , )_sa_01291b")): Object: 'Object Repository/Page_Group10 Administration Users Permissio_4e74a7/input_concat(Editing role , , Guest, , )_sa_01291b' is clicked on

2022-01-16 13:34:02 - [MESSAGE][PASSED] - Object: 'Object Repository/Page_Group10 Administration Users Permissio_4e74a7/input_concat(Editing role , , Guest, , )_sa_01291b' is clicked on

2022-01-16 13:34:02 - [TEST_STEP][PASSED] - click(findTestObject("Page_Dashboard/a_Site administration")): Object: 'Object Repository/Page_Dashboard/a_Site administration' is clicked on

2022-01-16 13:34:03 - [MESSAGE][PASSED] - Object: 'Object Repository/Page_Dashboard/a_Site administration' is clicked on

2022-01-16 13:34:03 - [TEST_STEP][PASSED] - click(findTestObject("Page_Group10 Administration Search/a_Users")): Object: 'Object Repository/Page_Group10 Administration Search/a_Users' is clicked on

2022-01-16 13:34:04 - [MESSAGE][PASSED] - Object: 'Object Repository/Page_Group10 Administration Search/a_Users' is clicked on

2022-01-16 13:34:04 - [TEST_STEP][PASSED] - click(findTestObject("Page_Group10 Administration Search/a_Define roles")): Object: 'Object Repository/Page_Group10 Administration Search/a_Define roles' is clicked on

2022-01-16 13:34:05 - [MESSAGE][PASSED] - Object: 'Object Repository/Page_Group10 Administration Search/a_Define roles' is clicked on

2022-01-16 13:34:05 - [TEST_STEP][PASSED] - click(findTestObject("Object Repository/Page_Group10 Administration Users Permissio_4e74a7/i_guest_icon fa fa-cog fa-fw")): Object: 'Object Repository/Page_Group10 Administration Users Permissio_4e74a7/i_guest_icon fa fa-cog fa-fw' is clicked on

2022-01-16 13:34:07 - [MESSAGE][PASSED] - Object: 'Object Repository/Page_Group10 Administration Users Permissio_4e74a7/i_guest_icon fa fa-cog fa-fw' is clicked on

2022-01-16 13:34:07 - [TEST_STEP][PASSED] - click(findTestObject("Object Repository/Page_Group10 Administration Users Permissio_4e74a7/div_Custom full name")): Object: 'Object Repository/Page_Group10 Administration Users Permissio_4e74a7/div_Custom full name' is clicked on

2022-01-16 13:34:08 - [MESSAGE][PASSED] - Object: 'Object Repository/Page_Group10 Administration Users Permissio_4e74a7/div_Custom full name' is clicked on

2022-01-16 13:34:08 - [TEST_STEP][PASSED] - setText(findTestObject("Object Repository/Page_Group10 Administration Users Permissio_4e74a7/input_Custom full name_name"), ""): Text '' is set on object 'Object Repository/Page_Group10 Administration Users Permissio_4e74a7/input_Custom full name_name'

2022-01-16 13:34:09 - [MESSAGE][PASSED] - Text '' is set on object 'Object Repository/Page_Group10 Administration Users Permissio_4e74a7/input_Custom full name_name'

2022-01-16 13:34:09 - [TEST_STEP][PASSED] - setText(findTestObject("Object Repository/Page_Group10 Administration Users Permissio_4e74a7/textarea_this is the guest"), ""): Text '' is set on object 'Object Repository/Page_Group10 Administration Users Permissio_4e74a7/textarea_this is the guest'

2022-01-16 13:34:10 - [MESSAGE][PASSED] - Text '' is set on object 'Object Repository/Page_Group10 Administration Users Permissio_4e74a7/textarea_this is the guest'

2022-01-16 13:34:10 - [TEST_STEP][PASSED] - click(findTestObject("Object Repository/Page_Group10 Administration Users Permissio_4e74a7/input_concat(Editing role , , Guest, , )_sa_01291b")): Object: 'Object Repository/Page_Group10 Administration Users Permissio_4e74a7/input_concat(Editing role , , Guest, , )_sa_01291b' is clicked on

2022-01-16 13:34:12 - [MESSAGE][PASSED] - Object: 'Object Repository/Page_Group10 Administration Users Permissio_4e74a7/input_concat(Editing role , , Guest, , )_sa_01291b' is clicked on

2022-01-16 13:34:12 - [TEST_STEP][PASSED] - click(findTestObject("Object Repository/Page_Group10 Administration Users Permissio_4e74a7/a_AU")): Object: 'Object Repository/Page_Group10 Administration Users Permissio_4e74a7/a_AU' is clicked on

2022-01-16 13:34:12 - [MESSAGE][PASSED] - Object: 'Object Repository/Page_Group10 Administration Users Permissio_4e74a7/a_AU' is clicked on

2022-01-16 13:34:12 - [TEST_STEP][PASSED] - click(findTestObject("Object Repository/Page_Group10 Administration Users Permissio_4e74a7/a_Log out")): Object: 'Object Repository/Page_Group10 Administration Users Permissio_4e74a7/a_Log out' is clicked on

2022-01-16 13:34:13 - [MESSAGE][PASSED] - Object: 'Object Repository/Page_Group10 Administration Users Permissio_4e74a7/a_Log out' is clicked on

2022-01-16 13:34:13 - [TEST_STEP][PASSED] - closeBrowser(): Browser is closed

2022-01-16 13:34:14 - [MESSAGE][PASSED] - Browser is closed]]></system-out>
         <system-err><![CDATA[]]></system-err>
      </testcase>
      <testcase name="Test Cases/Add a new role - ADMIN" time="32.841" classname="Test Cases/Add a new role - ADMIN" status="PASSED">
         <system-out><![CDATA[2022-01-16 13:34:14 - [TEST_CASE][PASSED] - Test Cases/Add a new role - ADMIN: Test Cases/Add a new role - ADMIN

2022-01-16 13:34:15 - [TEST_STEP][PASSED] - openBrowser(""): Browser is opened with url: ''

2022-01-16 13:34:15 - [MESSAGE][INFO] - Starting 'Edge Chromium' driver

2022-01-16 13:34:17 - [MESSAGE][INFO] - Action delay is set to 0 milliseconds

2022-01-16 13:34:18 - [MESSAGE][PASSED] - Browser is opened with url: ''

2022-01-16 13:34:18 - [TEST_STEP][PASSED] - navigateToUrl("http://localhost/"): Navigate to 'http://localhost/' successfully

2022-01-16 13:34:19 - [MESSAGE][PASSED] - Navigate to 'http://localhost/' successfully

2022-01-16 13:34:19 - [TEST_STEP][PASSED] - click(findTestObject("Page_Home page/a_Log in")): Object: 'Object Repository/Page_Home page/a_Log in' is clicked on

2022-01-16 13:34:20 - [MESSAGE][PASSED] - Object: 'Object Repository/Page_Home page/a_Log in' is clicked on

2022-01-16 13:34:20 - [TEST_STEP][PASSED] - setText(findTestObject("Page_Home page Log in to the site/input_Username_username"), "admin"): Text 'admin' is set on object 'Object Repository/Page_Home page Log in to the site/input_Username_username'

2022-01-16 13:34:21 - [MESSAGE][PASSED] - Text 'admin' is set on object 'Object Repository/Page_Home page Log in to the site/input_Username_username'

2022-01-16 13:34:21 - [TEST_STEP][PASSED] - setEncryptedText(findTestObject("Page_Home page Log in to the site/input_Password_password"), "OFhcon1PzObx3ErJAwGfGA=="): Text ****** has been set on object 'Object Repository/Page_Home page Log in to the site/input_Password_password'

2022-01-16 13:34:22 - [MESSAGE][PASSED] - Text ****** has been set on object 'Object Repository/Page_Home page Log in to the site/input_Password_password'

2022-01-16 13:34:22 - [TEST_STEP][PASSED] - click(findTestObject("Page_Home page Log in to the site/button_Log in")): Object: 'Object Repository/Page_Home page Log in to the site/button_Log in' is clicked on

2022-01-16 13:34:24 - [MESSAGE][PASSED] - Object: 'Object Repository/Page_Home page Log in to the site/button_Log in' is clicked on

2022-01-16 13:34:24 - [TEST_STEP][PASSED] - click(findTestObject("Page_Dashboard/a_Site administration")): Object: 'Object Repository/Page_Dashboard/a_Site administration' is clicked on

2022-01-16 13:34:26 - [MESSAGE][PASSED] - Object: 'Object Repository/Page_Dashboard/a_Site administration' is clicked on

2022-01-16 13:34:26 - [TEST_STEP][PASSED] - click(findTestObject("Page_Group10 Administration Search/a_Users")): Object: 'Object Repository/Page_Group10 Administration Search/a_Users' is clicked on

2022-01-16 13:34:27 - [MESSAGE][PASSED] - Object: 'Object Repository/Page_Group10 Administration Search/a_Users' is clicked on

2022-01-16 13:34:27 - [TEST_STEP][PASSED] - click(findTestObject("Page_Group10 Administration Search/a_Define roles")): Object: 'Object Repository/Page_Group10 Administration Search/a_Define roles' is clicked on

2022-01-16 13:34:28 - [MESSAGE][PASSED] - Object: 'Object Repository/Page_Group10 Administration Search/a_Define roles' is clicked on

2022-01-16 13:34:28 - [TEST_STEP][PASSED] - click(findTestObject("Object Repository/Page_Group10 Administration Users Permissio_4e74a7/button_Add a new role")): Object: 'Object Repository/Page_Group10 Administration Users Permissio_4e74a7/button_Add a new role' is clicked on

2022-01-16 13:34:30 - [MESSAGE][PASSED] - Object: 'Object Repository/Page_Group10 Administration Users Permissio_4e74a7/button_Add a new role' is clicked on

2022-01-16 13:34:30 - [TEST_STEP][PASSED] - selectOptionByValue(findTestObject("Object Repository/Page_Group10 Administration Users Permissio_4e74a7/select_No role                        Manag_ae1fc0"), "guest", true): All options with value 'guest' are selected in object 'Object Repository/Page_Group10 Administration Users Permissio_4e74a7/select_No role                        Manag_ae1fc0'  using regular expression

2022-01-16 13:34:32 - [MESSAGE][PASSED] - All options with value 'guest' are selected in object 'Object Repository/Page_Group10 Administration Users Permissio_4e74a7/select_No role                        Manag_ae1fc0'  using regular expression

2022-01-16 13:34:32 - [TEST_STEP][PASSED] - click(findTestObject("Object Repository/Page_Group10 Administration Users Permissio_4e74a7/input_Drop files here to upload_submitbutton")): Object: 'Object Repository/Page_Group10 Administration Users Permissio_4e74a7/input_Drop files here to upload_submitbutton' is clicked on

2022-01-16 13:34:34 - [MESSAGE][PASSED] - Object: 'Object Repository/Page_Group10 Administration Users Permissio_4e74a7/input_Drop files here to upload_submitbutton' is clicked on

2022-01-16 13:34:34 - [TEST_STEP][PASSED] - setText(findTestObject("Page_Group10 Administration Users Permissio_4e74a7/input_Short name_shortname"), "guesttest"): Text 'guesttest' is set on object 'Object Repository/Page_Group10 Administration Users Permissio_4e74a7/input_Short name_shortname'

2022-01-16 13:34:35 - [MESSAGE][PASSED] - Text 'guesttest' is set on object 'Object Repository/Page_Group10 Administration Users Permissio_4e74a7/input_Short name_shortname'

2022-01-16 13:34:35 - [TEST_STEP][PASSED] - setText(findTestObject("Page_Group10 Administration Users Permissio_4e74a7/input_Custom full name_name"), "Guest For Test"): Text 'Guest For Test' is set on object 'Object Repository/Page_Group10 Administration Users Permissio_4e74a7/input_Custom full name_name'

2022-01-16 13:34:36 - [MESSAGE][PASSED] - Text 'Guest For Test' is set on object 'Object Repository/Page_Group10 Administration Users Permissio_4e74a7/input_Custom full name_name'

2022-01-16 13:34:36 - [TEST_STEP][PASSED] - setText(findTestObject("Page_Group10 Administration Users Permissio_4e74a7/textarea_Custom description_description"), "This is role for testing automation"): Text 'This is role for testing automation' is set on object 'Object Repository/Page_Group10 Administration Users Permissio_4e74a7/textarea_Custom description_description'

2022-01-16 13:34:37 - [MESSAGE][PASSED] - Text 'This is role for testing automation' is set on object 'Object Repository/Page_Group10 Administration Users Permissio_4e74a7/textarea_Custom description_description'

2022-01-16 13:34:37 - [TEST_STEP][PASSED] - click(findTestObject("Page_Group10 Administration Users Permissio_4e74a7/input_Context types where this role may be _9568cf")): Object: 'Object Repository/Page_Group10 Administration Users Permissio_4e74a7/input_Context types where this role may be _9568cf' is clicked on

2022-01-16 13:34:37 - [MESSAGE][PASSED] - Object: 'Object Repository/Page_Group10 Administration Users Permissio_4e74a7/input_Context types where this role may be _9568cf' is clicked on

2022-01-16 13:34:37 - [TEST_STEP][PASSED] - click(findTestObject("Object Repository/Page_Group10 Administration Users Permissio_4e74a7/input_Adding a new role_savechanges")): Object: 'Object Repository/Page_Group10 Administration Users Permissio_4e74a7/input_Adding a new role_savechanges' is clicked on

2022-01-16 13:34:39 - [MESSAGE][PASSED] - Object: 'Object Repository/Page_Group10 Administration Users Permissio_4e74a7/input_Adding a new role_savechanges' is clicked on

2022-01-16 13:34:39 - [TEST_STEP][PASSED] - click(findTestObject("Object Repository/Page_Group10 Administration Users Permissio_4e74a7/button_List all roles")): Object: 'Object Repository/Page_Group10 Administration Users Permissio_4e74a7/button_List all roles' is clicked on

2022-01-16 13:34:41 - [MESSAGE][PASSED] - Object: 'Object Repository/Page_Group10 Administration Users Permissio_4e74a7/button_List all roles' is clicked on

2022-01-16 13:34:41 - [TEST_STEP][PASSED] - click(findTestObject("Object Repository/Page_Group10 Administration Users Permissio_4e74a7/i_guesttest_icon fa fa-trash fa-fw")): Object: 'Object Repository/Page_Group10 Administration Users Permissio_4e74a7/i_guesttest_icon fa fa-trash fa-fw' is clicked on

2022-01-16 13:34:43 - [MESSAGE][PASSED] - Object: 'Object Repository/Page_Group10 Administration Users Permissio_4e74a7/i_guesttest_icon fa fa-trash fa-fw' is clicked on

2022-01-16 13:34:43 - [TEST_STEP][PASSED] - click(findTestObject("Object Repository/Page_Group10 Administration Users Permissio_4e74a7/button_Yes")): Object: 'Object Repository/Page_Group10 Administration Users Permissio_4e74a7/button_Yes' is clicked on

2022-01-16 13:34:45 - [MESSAGE][PASSED] - Object: 'Object Repository/Page_Group10 Administration Users Permissio_4e74a7/button_Yes' is clicked on

2022-01-16 13:34:45 - [TEST_STEP][PASSED] - click(findTestObject("Page_Group10 Administration Users Permissio_4e74a7/a_AU")): Object: 'Object Repository/Page_Group10 Administration Users Permissio_4e74a7/a_AU' is clicked on

2022-01-16 13:34:45 - [MESSAGE][PASSED] - Object: 'Object Repository/Page_Group10 Administration Users Permissio_4e74a7/a_AU' is clicked on

2022-01-16 13:34:45 - [TEST_STEP][PASSED] - click(findTestObject("Page_Group10 Administration Users Permissio_4e74a7/a_Log out")): Object: 'Object Repository/Page_Group10 Administration Users Permissio_4e74a7/a_Log out' is clicked on

2022-01-16 13:34:46 - [MESSAGE][PASSED] - Object: 'Object Repository/Page_Group10 Administration Users Permissio_4e74a7/a_Log out' is clicked on

2022-01-16 13:34:46 - [TEST_STEP][PASSED] - closeBrowser(): Browser is closed

2022-01-16 13:34:47 - [MESSAGE][PASSED] - Browser is closed]]></system-out>
         <system-err><![CDATA[]]></system-err>
      </testcase>
      <testcase name="Test Cases/Add a discussion topic - ADMIN" time="43.468" classname="Test Cases/Add a discussion topic - ADMIN" status="FAILED">
         <failure type="FAILED" message="Test Cases/Add a discussion topic - ADMIN FAILED.
Reason:
com.kms.katalon.core.exception.StepFailedException: Unable to click on object 'Object Repository/forum/Page_Home page/a_Add a new topic'
	at com.kms.katalon.core.webui.keyword.internal.WebUIKeywordMain.stepFailed(WebUIKeywordMain.groovy:64)
	at com.kms.katalon.core.webui.keyword.internal.WebUIKeywordMain.runKeyword(WebUIKeywordMain.groovy:26)
	at com.kms.katalon.core.webui.keyword.builtin.ClickKeyword.click(ClickKeyword.groovy:74)
	at com.kms.katalon.core.webui.keyword.builtin.ClickKeyword.execute(ClickKeyword.groovy:40)
	at com.kms.katalon.core.keyword.internal.KeywordExecutor.executeKeywordForPlatform(KeywordExecutor.groovy:74)
	at com.kms.katalon.core.webui.keyword.WebUiBuiltInKeywords.click(WebUiBuiltInKeywords.groovy:620)
	at com.kms.katalon.core.webui.keyword.WebUiBuiltInKeywords$click$1.call(Unknown Source)
	at Add a discussion topic - ADMIN.run(Add a discussion topic - ADMIN:34)
	at com.kms.katalon.core.main.ScriptEngine.run(ScriptEngine.java:194)
	at com.kms.katalon.core.main.ScriptEngine.runScriptAsRawText(ScriptEngine.java:119)
	at com.kms.katalon.core.main.TestCaseExecutor.runScript(TestCaseExecutor.java:442)
	at com.kms.katalon.core.main.TestCaseExecutor.doExecute(TestCaseExecutor.java:433)
	at com.kms.katalon.core.main.TestCaseExecutor.processExecutionPhase(TestCaseExecutor.java:412)
	at com.kms.katalon.core.main.TestCaseExecutor.accessMainPhase(TestCaseExecutor.java:404)
	at com.kms.katalon.core.main.TestCaseExecutor.execute(TestCaseExecutor.java:281)
	at com.kms.katalon.core.main.TestSuiteExecutor.accessTestCaseMainPhase(TestSuiteExecutor.java:202)
	at com.kms.katalon.core.main.TestSuiteExecutor.accessTestSuiteMainPhase(TestSuiteExecutor.java:164)
	at com.kms.katalon.core.main.TestSuiteExecutor.execute(TestSuiteExecutor.java:105)
	at com.kms.katalon.core.main.TestCaseMain.startTestSuite(TestCaseMain.java:181)
	at com.kms.katalon.core.main.TestCaseMain$startTestSuite$0.call(Unknown Source)
	at TempTestSuite1642314164055.run(TempTestSuite1642314164055.groovy:36)
Caused by: com.kms.katalon.core.webui.exception.WebElementNotFoundException: Web element with id: 'Object Repository/forum/Page_Home page/a_Add a new topic' located by '//a[contains(text(),'Add a new topic')]' not found
	at com.kms.katalon.core.webui.common.WebUiCommonHelper.findWebElement(WebUiCommonHelper.java:1368)
	at com.kms.katalon.core.webui.keyword.internal.WebUIAbstractKeyword.findWebElement(WebUIAbstractKeyword.groovy:27)
	at com.kms.katalon.core.webui.keyword.builtin.ClickKeyword$_click_closure1.doCall(ClickKeyword.groovy:65)
	at com.kms.katalon.core.webui.keyword.builtin.ClickKeyword$_click_closure1.call(ClickKeyword.groovy)
	at com.kms.katalon.core.webui.keyword.internal.WebUIKeywordMain.runKeyword(WebUIKeywordMain.groovy:20)
	... 19 more
"/>
         <system-out><![CDATA[2022-01-16 13:34:47 - [TEST_CASE][FAILED] - Test Cases/Add a discussion topic - ADMIN: Test Cases/Add a discussion topic - ADMIN FAILED.
Reason:
com.kms.katalon.core.exception.StepFailedException: Unable to click on object 'Object Repository/forum/Page_Home page/a_Add a new topic'
	at com.kms.katalon.core.webui.keyword.internal.WebUIKeywordMain.stepFailed(WebUIKeywordMain.groovy:64)
	at com.kms.katalon.core.webui.keyword.internal.WebUIKeywordMain.runKeyword(WebUIKeywordMain.groovy:26)
	at com.kms.katalon.core.webui.keyword.builtin.ClickKeyword.click(ClickKeyword.groovy:74)
	at com.kms.katalon.core.webui.keyword.builtin.ClickKeyword.execute(ClickKeyword.groovy:40)
	at com.kms.katalon.core.keyword.internal.KeywordExecutor.executeKeywordForPlatform(KeywordExecutor.groovy:74)
	at com.kms.katalon.core.webui.keyword.WebUiBuiltInKeywords.click(WebUiBuiltInKeywords.groovy:620)
	at com.kms.katalon.core.webui.keyword.WebUiBuiltInKeywords$click$1.call(Unknown Source)
	at Add a discussion topic - ADMIN.run(Add a discussion topic - ADMIN:34)
	at com.kms.katalon.core.main.ScriptEngine.run(ScriptEngine.java:194)
	at com.kms.katalon.core.main.ScriptEngine.runScriptAsRawText(ScriptEngine.java:119)
	at com.kms.katalon.core.main.TestCaseExecutor.runScript(TestCaseExecutor.java:442)
	at com.kms.katalon.core.main.TestCaseExecutor.doExecute(TestCaseExecutor.java:433)
	at com.kms.katalon.core.main.TestCaseExecutor.processExecutionPhase(TestCaseExecutor.java:412)
	at com.kms.katalon.core.main.TestCaseExecutor.accessMainPhase(TestCaseExecutor.java:404)
	at com.kms.katalon.core.main.TestCaseExecutor.execute(TestCaseExecutor.java:281)
	at com.kms.katalon.core.main.TestSuiteExecutor.accessTestCaseMainPhase(TestSuiteExecutor.java:202)
	at com.kms.katalon.core.main.TestSuiteExecutor.accessTestSuiteMainPhase(TestSuiteExecutor.java:164)
	at com.kms.katalon.core.main.TestSuiteExecutor.execute(TestSuiteExecutor.java:105)
	at com.kms.katalon.core.main.TestCaseMain.startTestSuite(TestCaseMain.java:181)
	at com.kms.katalon.core.main.TestCaseMain$startTestSuite$0.call(Unknown Source)
	at TempTestSuite1642314164055.run(TempTestSuite1642314164055.groovy:36)
Caused by: com.kms.katalon.core.webui.exception.WebElementNotFoundException: Web element with id: 'Object Repository/forum/Page_Home page/a_Add a new topic' located by '//a[contains(text(),'Add a new topic')]' not found
	at com.kms.katalon.core.webui.common.WebUiCommonHelper.findWebElement(WebUiCommonHelper.java:1368)
	at com.kms.katalon.core.webui.keyword.internal.WebUIAbstractKeyword.findWebElement(WebUIAbstractKeyword.groovy:27)
	at com.kms.katalon.core.webui.keyword.builtin.ClickKeyword$_click_closure1.doCall(ClickKeyword.groovy:65)
	at com.kms.katalon.core.webui.keyword.builtin.ClickKeyword$_click_closure1.call(ClickKeyword.groovy)
	at com.kms.katalon.core.webui.keyword.internal.WebUIKeywordMain.runKeyword(WebUIKeywordMain.groovy:20)
	... 19 more


2022-01-16 13:34:48 - [TEST_STEP][PASSED] - openBrowser(""): Browser is opened with url: ''

2022-01-16 13:34:48 - [MESSAGE][INFO] - Starting 'Edge Chromium' driver

2022-01-16 13:34:50 - [MESSAGE][INFO] - Action delay is set to 0 milliseconds

2022-01-16 13:34:51 - [MESSAGE][PASSED] - Browser is opened with url: ''

2022-01-16 13:34:51 - [TEST_STEP][PASSED] - navigateToUrl("http://localhost/"): Navigate to 'http://localhost/' successfully

2022-01-16 13:34:52 - [MESSAGE][PASSED] - Navigate to 'http://localhost/' successfully

2022-01-16 13:34:52 - [TEST_STEP][PASSED] - click(findTestObject("Page_Home page/a_Log in")): Object: 'Object Repository/Page_Home page/a_Log in' is clicked on

2022-01-16 13:34:53 - [MESSAGE][PASSED] - Object: 'Object Repository/Page_Home page/a_Log in' is clicked on

2022-01-16 13:34:53 - [TEST_STEP][PASSED] - setText(findTestObject("Page_Home page Log in to the site/input_Username_username"), "admin"): Text 'admin' is set on object 'Object Repository/Page_Home page Log in to the site/input_Username_username'

2022-01-16 13:34:54 - [MESSAGE][PASSED] - Text 'admin' is set on object 'Object Repository/Page_Home page Log in to the site/input_Username_username'

2022-01-16 13:34:54 - [TEST_STEP][PASSED] - setEncryptedText(findTestObject("Page_Home page Log in to the site/input_Password_password"), "OFhcon1PzObx3ErJAwGfGA=="): Text ****** has been set on object 'Object Repository/Page_Home page Log in to the site/input_Password_password'

2022-01-16 13:34:55 - [MESSAGE][PASSED] - Text ****** has been set on object 'Object Repository/Page_Home page Log in to the site/input_Password_password'

2022-01-16 13:34:55 - [TEST_STEP][PASSED] - click(findTestObject("Page_Home page Log in to the site/button_Log in")): Object: 'Object Repository/Page_Home page Log in to the site/button_Log in' is clicked on

2022-01-16 13:34:57 - [MESSAGE][PASSED] - Object: 'Object Repository/Page_Home page Log in to the site/button_Log in' is clicked on

2022-01-16 13:34:57 - [TEST_STEP][PASSED] - click(findTestObject("forum/Page_Dashboard/a_Home")): Object: 'Object Repository/forum/Page_Dashboard/a_Home' is clicked on

2022-01-16 13:34:59 - [MESSAGE][PASSED] - Object: 'Object Repository/forum/Page_Dashboard/a_Home' is clicked on

2022-01-16 13:34:59 - [TEST_STEP][FAILED] - click(findTestObject("Object Repository/forum/Page_Home page/a_Add a new topic")): Unable to click on object 'Object Repository/forum/Page_Home page/a_Add a new topic' (Root cause: com.kms.katalon.core.exception.StepFailedException: Unable to click on object 'Object Repository/forum/Page_Home page/a_Add a new topic'
	at com.kms.katalon.core.webui.keyword.internal.WebUIKeywordMain.stepFailed(WebUIKeywordMain.groovy:64)
	at com.kms.katalon.core.webui.keyword.internal.WebUIKeywordMain.runKeyword(WebUIKeywordMain.groovy:26)
	at com.kms.katalon.core.webui.keyword.builtin.ClickKeyword.click(ClickKeyword.groovy:74)
	at com.kms.katalon.core.webui.keyword.builtin.ClickKeyword.execute(ClickKeyword.groovy:40)
	at com.kms.katalon.core.keyword.internal.KeywordExecutor.executeKeywordForPlatform(KeywordExecutor.groovy:74)
	at com.kms.katalon.core.webui.keyword.WebUiBuiltInKeywords.click(WebUiBuiltInKeywords.groovy:620)
	at com.kms.katalon.core.webui.keyword.WebUiBuiltInKeywords$click$1.call(Unknown Source)
	at Add a discussion topic - ADMIN.run(Add a discussion topic - ADMIN:34)
	at com.kms.katalon.core.main.ScriptEngine.run(ScriptEngine.java:194)
	at com.kms.katalon.core.main.ScriptEngine.runScriptAsRawText(ScriptEngine.java:119)
	at com.kms.katalon.core.main.TestCaseExecutor.runScript(TestCaseExecutor.java:442)
	at com.kms.katalon.core.main.TestCaseExecutor.doExecute(TestCaseExecutor.java:433)
	at com.kms.katalon.core.main.TestCaseExecutor.processExecutionPhase(TestCaseExecutor.java:412)
	at com.kms.katalon.core.main.TestCaseExecutor.accessMainPhase(TestCaseExecutor.java:404)
	at com.kms.katalon.core.main.TestCaseExecutor.execute(TestCaseExecutor.java:281)
	at com.kms.katalon.core.main.TestSuiteExecutor.accessTestCaseMainPhase(TestSuiteExecutor.java:202)
	at com.kms.katalon.core.main.TestSuiteExecutor.accessTestSuiteMainPhase(TestSuiteExecutor.java:164)
	at com.kms.katalon.core.main.TestSuiteExecutor.execute(TestSuiteExecutor.java:105)
	at com.kms.katalon.core.main.TestCaseMain.startTestSuite(TestCaseMain.java:181)
	at com.kms.katalon.core.main.TestCaseMain$startTestSuite$0.call(Unknown Source)
	at TempTestSuite1642314164055.run(TempTestSuite1642314164055.groovy:36)
Caused by: com.kms.katalon.core.webui.exception.WebElementNotFoundException: Web element with id: 'Object Repository/forum/Page_Home page/a_Add a new topic' located by '//a[contains(text(),'Add a new topic')]' not found
	at com.kms.katalon.core.webui.common.WebUiCommonHelper.findWebElement(WebUiCommonHelper.java:1368)
	at com.kms.katalon.core.webui.keyword.internal.WebUIAbstractKeyword.findWebElement(WebUIAbstractKeyword.groovy:27)
	at com.kms.katalon.core.webui.keyword.builtin.ClickKeyword$_click_closure1.doCall(ClickKeyword.groovy:65)
	at com.kms.katalon.core.webui.keyword.builtin.ClickKeyword$_click_closure1.call(ClickKeyword.groovy)
	at com.kms.katalon.core.webui.keyword.internal.WebUIKeywordMain.runKeyword(WebUIKeywordMain.groovy:20)
	at com.kms.katalon.core.webui.keyword.builtin.ClickKeyword.click(ClickKeyword.groovy:74)
	at com.kms.katalon.core.webui.keyword.builtin.ClickKeyword.execute(ClickKeyword.groovy:40)
	at com.kms.katalon.core.keyword.internal.KeywordExecutor.executeKeywordForPlatform(KeywordExecutor.groovy:74)
	at com.kms.katalon.core.webui.keyword.WebUiBuiltInKeywords.click(WebUiBuiltInKeywords.groovy:620)
	at com.kms.katalon.core.webui.keyword.WebUiBuiltInKeywords$click$1.call(Unknown Source)
	at Script1642052869705.run(Script1642052869705.groovy:34)
	... 13 more
)

2022-01-16 13:35:30 - [MESSAGE][INFO] - Unable to find the element located by 'By.xpath: //a[contains(text(),'Add a new topic')]'. Please recheck the objects properties to make sure the desired element is located. 

2022-01-16 13:35:31 - [MESSAGE][FAILED] - Unable to click on object 'Object Repository/forum/Page_Home page/a_Add a new topic' (Root cause: com.kms.katalon.core.exception.StepFailedException: Unable to click on object 'Object Repository/forum/Page_Home page/a_Add a new topic'
	at com.kms.katalon.core.webui.keyword.internal.WebUIKeywordMain.stepFailed(WebUIKeywordMain.groovy:64)
	at com.kms.katalon.core.webui.keyword.internal.WebUIKeywordMain.runKeyword(WebUIKeywordMain.groovy:26)
	at com.kms.katalon.core.webui.keyword.builtin.ClickKeyword.click(ClickKeyword.groovy:74)
	at com.kms.katalon.core.webui.keyword.builtin.ClickKeyword.execute(ClickKeyword.groovy:40)
	at com.kms.katalon.core.keyword.internal.KeywordExecutor.executeKeywordForPlatform(KeywordExecutor.groovy:74)
	at com.kms.katalon.core.webui.keyword.WebUiBuiltInKeywords.click(WebUiBuiltInKeywords.groovy:620)
	at com.kms.katalon.core.webui.keyword.WebUiBuiltInKeywords$click$1.call(Unknown Source)
	at Add a discussion topic - ADMIN.run(Add a discussion topic - ADMIN:34)
	at com.kms.katalon.core.main.ScriptEngine.run(ScriptEngine.java:194)
	at com.kms.katalon.core.main.ScriptEngine.runScriptAsRawText(ScriptEngine.java:119)
	at com.kms.katalon.core.main.TestCaseExecutor.runScript(TestCaseExecutor.java:442)
	at com.kms.katalon.core.main.TestCaseExecutor.doExecute(TestCaseExecutor.java:433)
	at com.kms.katalon.core.main.TestCaseExecutor.processExecutionPhase(TestCaseExecutor.java:412)
	at com.kms.katalon.core.main.TestCaseExecutor.accessMainPhase(TestCaseExecutor.java:404)
	at com.kms.katalon.core.main.TestCaseExecutor.execute(TestCaseExecutor.java:281)
	at com.kms.katalon.core.main.TestSuiteExecutor.accessTestCaseMainPhase(TestSuiteExecutor.java:202)
	at com.kms.katalon.core.main.TestSuiteExecutor.accessTestSuiteMainPhase(TestSuiteExecutor.java:164)
	at com.kms.katalon.core.main.TestSuiteExecutor.execute(TestSuiteExecutor.java:105)
	at com.kms.katalon.core.main.TestCaseMain.startTestSuite(TestCaseMain.java:181)
	at com.kms.katalon.core.main.TestCaseMain$startTestSuite$0.call(Unknown Source)
	at TempTestSuite1642314164055.run(TempTestSuite1642314164055.groovy:36)
Caused by: com.kms.katalon.core.webui.exception.WebElementNotFoundException: Web element with id: 'Object Repository/forum/Page_Home page/a_Add a new topic' located by '//a[contains(text(),'Add a new topic')]' not found
	at com.kms.katalon.core.webui.common.WebUiCommonHelper.findWebElement(WebUiCommonHelper.java:1368)
	at com.kms.katalon.core.webui.keyword.internal.WebUIAbstractKeyword.findWebElement(WebUIAbstractKeyword.groovy:27)
	at com.kms.katalon.core.webui.keyword.builtin.ClickKeyword$_click_closure1.doCall(ClickKeyword.groovy:65)
	at com.kms.katalon.core.webui.keyword.builtin.ClickKeyword$_click_closure1.call(ClickKeyword.groovy)
	at com.kms.katalon.core.webui.keyword.internal.WebUIKeywordMain.runKeyword(WebUIKeywordMain.groovy:20)
	at com.kms.katalon.core.webui.keyword.builtin.ClickKeyword.click(ClickKeyword.groovy:74)
	at com.kms.katalon.core.webui.keyword.builtin.ClickKeyword.execute(ClickKeyword.groovy:40)
	at com.kms.katalon.core.keyword.internal.KeywordExecutor.executeKeywordForPlatform(KeywordExecutor.groovy:74)
	at com.kms.katalon.core.webui.keyword.WebUiBuiltInKeywords.click(WebUiBuiltInKeywords.groovy:620)
	at com.kms.katalon.core.webui.keyword.WebUiBuiltInKeywords$click$1.call(Unknown Source)
	at Script1642052869705.run(Script1642052869705.groovy:34)
	... 13 more
)
[[ATTACHMENT|D:\\TestAutomation-SEBonus-Group10\\Test Automation - SE Bonus\\Reports\\20220116_132244\\Run all test cases\\20220116_132244\\1642314930854.png]]]]></system-out>
         <system-err><![CDATA[2022-01-16 13:34:47 - [TEST_CASE][FAILED] - Test Cases/Add a discussion topic - ADMIN: Test Cases/Add a discussion topic - ADMIN FAILED.
Reason:
com.kms.katalon.core.exception.StepFailedException: Unable to click on object 'Object Repository/forum/Page_Home page/a_Add a new topic'
	at com.kms.katalon.core.webui.keyword.internal.WebUIKeywordMain.stepFailed(WebUIKeywordMain.groovy:64)
	at com.kms.katalon.core.webui.keyword.internal.WebUIKeywordMain.runKeyword(WebUIKeywordMain.groovy:26)
	at com.kms.katalon.core.webui.keyword.builtin.ClickKeyword.click(ClickKeyword.groovy:74)
	at com.kms.katalon.core.webui.keyword.builtin.ClickKeyword.execute(ClickKeyword.groovy:40)
	at com.kms.katalon.core.keyword.internal.KeywordExecutor.executeKeywordForPlatform(KeywordExecutor.groovy:74)
	at com.kms.katalon.core.webui.keyword.WebUiBuiltInKeywords.click(WebUiBuiltInKeywords.groovy:620)
	at com.kms.katalon.core.webui.keyword.WebUiBuiltInKeywords$click$1.call(Unknown Source)
	at Add a discussion topic - ADMIN.run(Add a discussion topic - ADMIN:34)
	at com.kms.katalon.core.main.ScriptEngine.run(ScriptEngine.java:194)
	at com.kms.katalon.core.main.ScriptEngine.runScriptAsRawText(ScriptEngine.java:119)
	at com.kms.katalon.core.main.TestCaseExecutor.runScript(TestCaseExecutor.java:442)
	at com.kms.katalon.core.main.TestCaseExecutor.doExecute(TestCaseExecutor.java:433)
	at com.kms.katalon.core.main.TestCaseExecutor.processExecutionPhase(TestCaseExecutor.java:412)
	at com.kms.katalon.core.main.TestCaseExecutor.accessMainPhase(TestCaseExecutor.java:404)
	at com.kms.katalon.core.main.TestCaseExecutor.execute(TestCaseExecutor.java:281)
	at com.kms.katalon.core.main.TestSuiteExecutor.accessTestCaseMainPhase(TestSuiteExecutor.java:202)
	at com.kms.katalon.core.main.TestSuiteExecutor.accessTestSuiteMainPhase(TestSuiteExecutor.java:164)
	at com.kms.katalon.core.main.TestSuiteExecutor.execute(TestSuiteExecutor.java:105)
	at com.kms.katalon.core.main.TestCaseMain.startTestSuite(TestCaseMain.java:181)
	at com.kms.katalon.core.main.TestCaseMain$startTestSuite$0.call(Unknown Source)
	at TempTestSuite1642314164055.run(TempTestSuite1642314164055.groovy:36)
Caused by: com.kms.katalon.core.webui.exception.WebElementNotFoundException: Web element with id: 'Object Repository/forum/Page_Home page/a_Add a new topic' located by '//a[contains(text(),'Add a new topic')]' not found
	at com.kms.katalon.core.webui.common.WebUiCommonHelper.findWebElement(WebUiCommonHelper.java:1368)
	at com.kms.katalon.core.webui.keyword.internal.WebUIAbstractKeyword.findWebElement(WebUIAbstractKeyword.groovy:27)
	at com.kms.katalon.core.webui.keyword.builtin.ClickKeyword$_click_closure1.doCall(ClickKeyword.groovy:65)
	at com.kms.katalon.core.webui.keyword.builtin.ClickKeyword$_click_closure1.call(ClickKeyword.groovy)
	at com.kms.katalon.core.webui.keyword.internal.WebUIKeywordMain.runKeyword(WebUIKeywordMain.groovy:20)
	... 19 more]]></system-err>
      </testcase>
      <testcase name="Test Cases/Subscribe to forum - ADMIN" time="50.078" classname="Test Cases/Subscribe to forum - ADMIN" status="FAILED">
         <failure type="FAILED" message="Test Cases/Subscribe to forum - ADMIN FAILED.
Reason:
com.kms.katalon.core.exception.StepFailedException: Unable to click on object 'Object Repository/forum/Page_Site announcements/a_Unsubscribe from forum'
	at com.kms.katalon.core.webui.keyword.internal.WebUIKeywordMain.stepFailed(WebUIKeywordMain.groovy:64)
	at com.kms.katalon.core.webui.keyword.internal.WebUIKeywordMain.runKeyword(WebUIKeywordMain.groovy:26)
	at com.kms.katalon.core.webui.keyword.builtin.ClickKeyword.click(ClickKeyword.groovy:74)
	at com.kms.katalon.core.webui.keyword.builtin.ClickKeyword.execute(ClickKeyword.groovy:40)
	at com.kms.katalon.core.keyword.internal.KeywordExecutor.executeKeywordForPlatform(KeywordExecutor.groovy:74)
	at com.kms.katalon.core.webui.keyword.WebUiBuiltInKeywords.click(WebUiBuiltInKeywords.groovy:620)
	at com.kms.katalon.core.webui.keyword.WebUiBuiltInKeywords$click$1.call(Unknown Source)
	at Subscribe to forum - ADMIN.run(Subscribe to forum - ADMIN:41)
	at com.kms.katalon.core.main.ScriptEngine.run(ScriptEngine.java:194)
	at com.kms.katalon.core.main.ScriptEngine.runScriptAsRawText(ScriptEngine.java:119)
	at com.kms.katalon.core.main.TestCaseExecutor.runScript(TestCaseExecutor.java:442)
	at com.kms.katalon.core.main.TestCaseExecutor.doExecute(TestCaseExecutor.java:433)
	at com.kms.katalon.core.main.TestCaseExecutor.processExecutionPhase(TestCaseExecutor.java:412)
	at com.kms.katalon.core.main.TestCaseExecutor.accessMainPhase(TestCaseExecutor.java:404)
	at com.kms.katalon.core.main.TestCaseExecutor.execute(TestCaseExecutor.java:281)
	at com.kms.katalon.core.main.TestSuiteExecutor.accessTestCaseMainPhase(TestSuiteExecutor.java:202)
	at com.kms.katalon.core.main.TestSuiteExecutor.accessTestSuiteMainPhase(TestSuiteExecutor.java:164)
	at com.kms.katalon.core.main.TestSuiteExecutor.execute(TestSuiteExecutor.java:105)
	at com.kms.katalon.core.main.TestCaseMain.startTestSuite(TestCaseMain.java:181)
	at com.kms.katalon.core.main.TestCaseMain$startTestSuite$0.call(Unknown Source)
	at TempTestSuite1642314164055.run(TempTestSuite1642314164055.groovy:36)
Caused by: com.kms.katalon.core.webui.exception.WebElementNotFoundException: Web element with id: 'Object Repository/forum/Page_Site announcements/a_Unsubscribe from forum' located by '//a[contains(text(),'Unsubscribe from forum')]' not found
	at com.kms.katalon.core.webui.common.WebUiCommonHelper.findWebElement(WebUiCommonHelper.java:1368)
	at com.kms.katalon.core.webui.keyword.internal.WebUIAbstractKeyword.findWebElement(WebUIAbstractKeyword.groovy:27)
	at com.kms.katalon.core.webui.keyword.builtin.ClickKeyword$_click_closure1.doCall(ClickKeyword.groovy:65)
	at com.kms.katalon.core.webui.keyword.builtin.ClickKeyword$_click_closure1.call(ClickKeyword.groovy)
	at com.kms.katalon.core.webui.keyword.internal.WebUIKeywordMain.runKeyword(WebUIKeywordMain.groovy:20)
	... 19 more
"/>
         <system-out><![CDATA[2022-01-16 13:35:31 - [TEST_CASE][FAILED] - Test Cases/Subscribe to forum - ADMIN: Test Cases/Subscribe to forum - ADMIN FAILED.
Reason:
com.kms.katalon.core.exception.StepFailedException: Unable to click on object 'Object Repository/forum/Page_Site announcements/a_Unsubscribe from forum'
	at com.kms.katalon.core.webui.keyword.internal.WebUIKeywordMain.stepFailed(WebUIKeywordMain.groovy:64)
	at com.kms.katalon.core.webui.keyword.internal.WebUIKeywordMain.runKeyword(WebUIKeywordMain.groovy:26)
	at com.kms.katalon.core.webui.keyword.builtin.ClickKeyword.click(ClickKeyword.groovy:74)
	at com.kms.katalon.core.webui.keyword.builtin.ClickKeyword.execute(ClickKeyword.groovy:40)
	at com.kms.katalon.core.keyword.internal.KeywordExecutor.executeKeywordForPlatform(KeywordExecutor.groovy:74)
	at com.kms.katalon.core.webui.keyword.WebUiBuiltInKeywords.click(WebUiBuiltInKeywords.groovy:620)
	at com.kms.katalon.core.webui.keyword.WebUiBuiltInKeywords$click$1.call(Unknown Source)
	at Subscribe to forum - ADMIN.run(Subscribe to forum - ADMIN:41)
	at com.kms.katalon.core.main.ScriptEngine.run(ScriptEngine.java:194)
	at com.kms.katalon.core.main.ScriptEngine.runScriptAsRawText(ScriptEngine.java:119)
	at com.kms.katalon.core.main.TestCaseExecutor.runScript(TestCaseExecutor.java:442)
	at com.kms.katalon.core.main.TestCaseExecutor.doExecute(TestCaseExecutor.java:433)
	at com.kms.katalon.core.main.TestCaseExecutor.processExecutionPhase(TestCaseExecutor.java:412)
	at com.kms.katalon.core.main.TestCaseExecutor.accessMainPhase(TestCaseExecutor.java:404)
	at com.kms.katalon.core.main.TestCaseExecutor.execute(TestCaseExecutor.java:281)
	at com.kms.katalon.core.main.TestSuiteExecutor.accessTestCaseMainPhase(TestSuiteExecutor.java:202)
	at com.kms.katalon.core.main.TestSuiteExecutor.accessTestSuiteMainPhase(TestSuiteExecutor.java:164)
	at com.kms.katalon.core.main.TestSuiteExecutor.execute(TestSuiteExecutor.java:105)
	at com.kms.katalon.core.main.TestCaseMain.startTestSuite(TestCaseMain.java:181)
	at com.kms.katalon.core.main.TestCaseMain$startTestSuite$0.call(Unknown Source)
	at TempTestSuite1642314164055.run(TempTestSuite1642314164055.groovy:36)
Caused by: com.kms.katalon.core.webui.exception.WebElementNotFoundException: Web element with id: 'Object Repository/forum/Page_Site announcements/a_Unsubscribe from forum' located by '//a[contains(text(),'Unsubscribe from forum')]' not found
	at com.kms.katalon.core.webui.common.WebUiCommonHelper.findWebElement(WebUiCommonHelper.java:1368)
	at com.kms.katalon.core.webui.keyword.internal.WebUIAbstractKeyword.findWebElement(WebUIAbstractKeyword.groovy:27)
	at com.kms.katalon.core.webui.keyword.builtin.ClickKeyword$_click_closure1.doCall(ClickKeyword.groovy:65)
	at com.kms.katalon.core.webui.keyword.builtin.ClickKeyword$_click_closure1.call(ClickKeyword.groovy)
	at com.kms.katalon.core.webui.keyword.internal.WebUIKeywordMain.runKeyword(WebUIKeywordMain.groovy:20)
	... 19 more


2022-01-16 13:35:31 - [TEST_STEP][PASSED] - openBrowser(""): Browser is opened with url: ''

2022-01-16 13:35:31 - [MESSAGE][WARNING] - A browser is already opened. Closing browser and opening a new one

2022-01-16 13:35:32 - [MESSAGE][INFO] - Starting 'Edge Chromium' driver

2022-01-16 13:35:34 - [MESSAGE][INFO] - Action delay is set to 0 milliseconds

2022-01-16 13:35:35 - [MESSAGE][PASSED] - Browser is opened with url: ''

2022-01-16 13:35:35 - [TEST_STEP][PASSED] - navigateToUrl("http://localhost/"): Navigate to 'http://localhost/' successfully

2022-01-16 13:35:37 - [MESSAGE][PASSED] - Navigate to 'http://localhost/' successfully

2022-01-16 13:35:37 - [TEST_STEP][PASSED] - click(findTestObject("Object Repository/forum/Page_Home page/a_Log in")): Object: 'Object Repository/forum/Page_Home page/a_Log in' is clicked on

2022-01-16 13:35:38 - [MESSAGE][PASSED] - Object: 'Object Repository/forum/Page_Home page/a_Log in' is clicked on

2022-01-16 13:35:38 - [TEST_STEP][PASSED] - setText(findTestObject("Object Repository/forum/Page_Home page Log in to the site/input_Username_username"), "admin"): Text 'admin' is set on object 'Object Repository/forum/Page_Home page Log in to the site/input_Username_username'

2022-01-16 13:35:39 - [MESSAGE][PASSED] - Text 'admin' is set on object 'Object Repository/forum/Page_Home page Log in to the site/input_Username_username'

2022-01-16 13:35:39 - [TEST_STEP][PASSED] - setEncryptedText(findTestObject("Object Repository/forum/Page_Home page Log in to the site/input_Password_password"), "OFhcon1PzObx3ErJAwGfGA=="): Text ****** has been set on object 'Object Repository/forum/Page_Home page Log in to the site/input_Password_password'

2022-01-16 13:35:40 - [MESSAGE][PASSED] - Text ****** has been set on object 'Object Repository/forum/Page_Home page Log in to the site/input_Password_password'

2022-01-16 13:35:40 - [TEST_STEP][PASSED] - click(findTestObject("Object Repository/forum/Page_Home page Log in to the site/button_Log in")): Object: 'Object Repository/forum/Page_Home page Log in to the site/button_Log in' is clicked on

2022-01-16 13:35:42 - [MESSAGE][PASSED] - Object: 'Object Repository/forum/Page_Home page Log in to the site/button_Log in' is clicked on

2022-01-16 13:35:42 - [TEST_STEP][PASSED] - click(findTestObject("Object Repository/forum/Page_Dashboard/a_Home")): Object: 'Object Repository/forum/Page_Dashboard/a_Home' is clicked on

2022-01-16 13:35:44 - [MESSAGE][PASSED] - Object: 'Object Repository/forum/Page_Dashboard/a_Home' is clicked on

2022-01-16 13:35:44 - [TEST_STEP][PASSED] - click(findTestObject("Object Repository/forum/Page_Home page/a_Subscribe to forum")): Object: 'Object Repository/forum/Page_Home page/a_Subscribe to forum' is clicked on

2022-01-16 13:35:46 - [MESSAGE][PASSED] - Object: 'Object Repository/forum/Page_Home page/a_Subscribe to forum' is clicked on

2022-01-16 13:35:46 - [TEST_STEP][PASSED] - click(findTestObject("Object Repository/forum/Page_Site announcements/a_Subscriptions")): Object: 'Object Repository/forum/Page_Site announcements/a_Subscriptions' is clicked on

2022-01-16 13:35:48 - [MESSAGE][PASSED] - Object: 'Object Repository/forum/Page_Site announcements/a_Subscriptions' is clicked on

2022-01-16 13:35:48 - [TEST_STEP][PASSED] - click(findTestObject("Object Repository/forum/Page_Subscribers/a_Forum")): Object: 'Object Repository/forum/Page_Subscribers/a_Forum' is clicked on

2022-01-16 13:35:49 - [MESSAGE][PASSED] - Object: 'Object Repository/forum/Page_Subscribers/a_Forum' is clicked on

2022-01-16 13:35:49 - [TEST_STEP][FAILED] - click(findTestObject("Object Repository/forum/Page_Site announcements/a_Unsubscribe from forum")): Unable to click on object 'Object Repository/forum/Page_Site announcements/a_Unsubscribe from forum' (Root cause: com.kms.katalon.core.exception.StepFailedException: Unable to click on object 'Object Repository/forum/Page_Site announcements/a_Unsubscribe from forum'
	at com.kms.katalon.core.webui.keyword.internal.WebUIKeywordMain.stepFailed(WebUIKeywordMain.groovy:64)
	at com.kms.katalon.core.webui.keyword.internal.WebUIKeywordMain.runKeyword(WebUIKeywordMain.groovy:26)
	at com.kms.katalon.core.webui.keyword.builtin.ClickKeyword.click(ClickKeyword.groovy:74)
	at com.kms.katalon.core.webui.keyword.builtin.ClickKeyword.execute(ClickKeyword.groovy:40)
	at com.kms.katalon.core.keyword.internal.KeywordExecutor.executeKeywordForPlatform(KeywordExecutor.groovy:74)
	at com.kms.katalon.core.webui.keyword.WebUiBuiltInKeywords.click(WebUiBuiltInKeywords.groovy:620)
	at com.kms.katalon.core.webui.keyword.WebUiBuiltInKeywords$click$1.call(Unknown Source)
	at Subscribe to forum - ADMIN.run(Subscribe to forum - ADMIN:41)
	at com.kms.katalon.core.main.ScriptEngine.run(ScriptEngine.java:194)
	at com.kms.katalon.core.main.ScriptEngine.runScriptAsRawText(ScriptEngine.java:119)
	at com.kms.katalon.core.main.TestCaseExecutor.runScript(TestCaseExecutor.java:442)
	at com.kms.katalon.core.main.TestCaseExecutor.doExecute(TestCaseExecutor.java:433)
	at com.kms.katalon.core.main.TestCaseExecutor.processExecutionPhase(TestCaseExecutor.java:412)
	at com.kms.katalon.core.main.TestCaseExecutor.accessMainPhase(TestCaseExecutor.java:404)
	at com.kms.katalon.core.main.TestCaseExecutor.execute(TestCaseExecutor.java:281)
	at com.kms.katalon.core.main.TestSuiteExecutor.accessTestCaseMainPhase(TestSuiteExecutor.java:202)
	at com.kms.katalon.core.main.TestSuiteExecutor.accessTestSuiteMainPhase(TestSuiteExecutor.java:164)
	at com.kms.katalon.core.main.TestSuiteExecutor.execute(TestSuiteExecutor.java:105)
	at com.kms.katalon.core.main.TestCaseMain.startTestSuite(TestCaseMain.java:181)
	at com.kms.katalon.core.main.TestCaseMain$startTestSuite$0.call(Unknown Source)
	at TempTestSuite1642314164055.run(TempTestSuite1642314164055.groovy:36)
Caused by: com.kms.katalon.core.webui.exception.WebElementNotFoundException: Web element with id: 'Object Repository/forum/Page_Site announcements/a_Unsubscribe from forum' located by '//a[contains(text(),'Unsubscribe from forum')]' not found
	at com.kms.katalon.core.webui.common.WebUiCommonHelper.findWebElement(WebUiCommonHelper.java:1368)
	at com.kms.katalon.core.webui.keyword.internal.WebUIAbstractKeyword.findWebElement(WebUIAbstractKeyword.groovy:27)
	at com.kms.katalon.core.webui.keyword.builtin.ClickKeyword$_click_closure1.doCall(ClickKeyword.groovy:65)
	at com.kms.katalon.core.webui.keyword.builtin.ClickKeyword$_click_closure1.call(ClickKeyword.groovy)
	at com.kms.katalon.core.webui.keyword.internal.WebUIKeywordMain.runKeyword(WebUIKeywordMain.groovy:20)
	at com.kms.katalon.core.webui.keyword.builtin.ClickKeyword.click(ClickKeyword.groovy:74)
	at com.kms.katalon.core.webui.keyword.builtin.ClickKeyword.execute(ClickKeyword.groovy:40)
	at com.kms.katalon.core.keyword.internal.KeywordExecutor.executeKeywordForPlatform(KeywordExecutor.groovy:74)
	at com.kms.katalon.core.webui.keyword.WebUiBuiltInKeywords.click(WebUiBuiltInKeywords.groovy:620)
	at com.kms.katalon.core.webui.keyword.WebUiBuiltInKeywords$click$1.call(Unknown Source)
	at Script1642054865066.run(Script1642054865066.groovy:41)
	... 13 more
)

2022-01-16 13:36:20 - [MESSAGE][INFO] - Unable to find the element located by 'By.xpath: //a[contains(text(),'Unsubscribe from forum')]'. Please recheck the objects properties to make sure the desired element is located. 

2022-01-16 13:36:21 - [MESSAGE][FAILED] - Unable to click on object 'Object Repository/forum/Page_Site announcements/a_Unsubscribe from forum' (Root cause: com.kms.katalon.core.exception.StepFailedException: Unable to click on object 'Object Repository/forum/Page_Site announcements/a_Unsubscribe from forum'
	at com.kms.katalon.core.webui.keyword.internal.WebUIKeywordMain.stepFailed(WebUIKeywordMain.groovy:64)
	at com.kms.katalon.core.webui.keyword.internal.WebUIKeywordMain.runKeyword(WebUIKeywordMain.groovy:26)
	at com.kms.katalon.core.webui.keyword.builtin.ClickKeyword.click(ClickKeyword.groovy:74)
	at com.kms.katalon.core.webui.keyword.builtin.ClickKeyword.execute(ClickKeyword.groovy:40)
	at com.kms.katalon.core.keyword.internal.KeywordExecutor.executeKeywordForPlatform(KeywordExecutor.groovy:74)
	at com.kms.katalon.core.webui.keyword.WebUiBuiltInKeywords.click(WebUiBuiltInKeywords.groovy:620)
	at com.kms.katalon.core.webui.keyword.WebUiBuiltInKeywords$click$1.call(Unknown Source)
	at Subscribe to forum - ADMIN.run(Subscribe to forum - ADMIN:41)
	at com.kms.katalon.core.main.ScriptEngine.run(ScriptEngine.java:194)
	at com.kms.katalon.core.main.ScriptEngine.runScriptAsRawText(ScriptEngine.java:119)
	at com.kms.katalon.core.main.TestCaseExecutor.runScript(TestCaseExecutor.java:442)
	at com.kms.katalon.core.main.TestCaseExecutor.doExecute(TestCaseExecutor.java:433)
	at com.kms.katalon.core.main.TestCaseExecutor.processExecutionPhase(TestCaseExecutor.java:412)
	at com.kms.katalon.core.main.TestCaseExecutor.accessMainPhase(TestCaseExecutor.java:404)
	at com.kms.katalon.core.main.TestCaseExecutor.execute(TestCaseExecutor.java:281)
	at com.kms.katalon.core.main.TestSuiteExecutor.accessTestCaseMainPhase(TestSuiteExecutor.java:202)
	at com.kms.katalon.core.main.TestSuiteExecutor.accessTestSuiteMainPhase(TestSuiteExecutor.java:164)
	at com.kms.katalon.core.main.TestSuiteExecutor.execute(TestSuiteExecutor.java:105)
	at com.kms.katalon.core.main.TestCaseMain.startTestSuite(TestCaseMain.java:181)
	at com.kms.katalon.core.main.TestCaseMain$startTestSuite$0.call(Unknown Source)
	at TempTestSuite1642314164055.run(TempTestSuite1642314164055.groovy:36)
Caused by: com.kms.katalon.core.webui.exception.WebElementNotFoundException: Web element with id: 'Object Repository/forum/Page_Site announcements/a_Unsubscribe from forum' located by '//a[contains(text(),'Unsubscribe from forum')]' not found
	at com.kms.katalon.core.webui.common.WebUiCommonHelper.findWebElement(WebUiCommonHelper.java:1368)
	at com.kms.katalon.core.webui.keyword.internal.WebUIAbstractKeyword.findWebElement(WebUIAbstractKeyword.groovy:27)
	at com.kms.katalon.core.webui.keyword.builtin.ClickKeyword$_click_closure1.doCall(ClickKeyword.groovy:65)
	at com.kms.katalon.core.webui.keyword.builtin.ClickKeyword$_click_closure1.call(ClickKeyword.groovy)
	at com.kms.katalon.core.webui.keyword.internal.WebUIKeywordMain.runKeyword(WebUIKeywordMain.groovy:20)
	at com.kms.katalon.core.webui.keyword.builtin.ClickKeyword.click(ClickKeyword.groovy:74)
	at com.kms.katalon.core.webui.keyword.builtin.ClickKeyword.execute(ClickKeyword.groovy:40)
	at com.kms.katalon.core.keyword.internal.KeywordExecutor.executeKeywordForPlatform(KeywordExecutor.groovy:74)
	at com.kms.katalon.core.webui.keyword.WebUiBuiltInKeywords.click(WebUiBuiltInKeywords.groovy:620)
	at com.kms.katalon.core.webui.keyword.WebUiBuiltInKeywords$click$1.call(Unknown Source)
	at Script1642054865066.run(Script1642054865066.groovy:41)
	... 13 more
)
[[ATTACHMENT|D:\\TestAutomation-SEBonus-Group10\\Test Automation - SE Bonus\\Reports\\20220116_132244\\Run all test cases\\20220116_132244\\1642314980961.png]]]]></system-out>
         <system-err><![CDATA[2022-01-16 13:35:31 - [TEST_CASE][FAILED] - Test Cases/Subscribe to forum - ADMIN: Test Cases/Subscribe to forum - ADMIN FAILED.
Reason:
com.kms.katalon.core.exception.StepFailedException: Unable to click on object 'Object Repository/forum/Page_Site announcements/a_Unsubscribe from forum'
	at com.kms.katalon.core.webui.keyword.internal.WebUIKeywordMain.stepFailed(WebUIKeywordMain.groovy:64)
	at com.kms.katalon.core.webui.keyword.internal.WebUIKeywordMain.runKeyword(WebUIKeywordMain.groovy:26)
	at com.kms.katalon.core.webui.keyword.builtin.ClickKeyword.click(ClickKeyword.groovy:74)
	at com.kms.katalon.core.webui.keyword.builtin.ClickKeyword.execute(ClickKeyword.groovy:40)
	at com.kms.katalon.core.keyword.internal.KeywordExecutor.executeKeywordForPlatform(KeywordExecutor.groovy:74)
	at com.kms.katalon.core.webui.keyword.WebUiBuiltInKeywords.click(WebUiBuiltInKeywords.groovy:620)
	at com.kms.katalon.core.webui.keyword.WebUiBuiltInKeywords$click$1.call(Unknown Source)
	at Subscribe to forum - ADMIN.run(Subscribe to forum - ADMIN:41)
	at com.kms.katalon.core.main.ScriptEngine.run(ScriptEngine.java:194)
	at com.kms.katalon.core.main.ScriptEngine.runScriptAsRawText(ScriptEngine.java:119)
	at com.kms.katalon.core.main.TestCaseExecutor.runScript(TestCaseExecutor.java:442)
	at com.kms.katalon.core.main.TestCaseExecutor.doExecute(TestCaseExecutor.java:433)
	at com.kms.katalon.core.main.TestCaseExecutor.processExecutionPhase(TestCaseExecutor.java:412)
	at com.kms.katalon.core.main.TestCaseExecutor.accessMainPhase(TestCaseExecutor.java:404)
	at com.kms.katalon.core.main.TestCaseExecutor.execute(TestCaseExecutor.java:281)
	at com.kms.katalon.core.main.TestSuiteExecutor.accessTestCaseMainPhase(TestSuiteExecutor.java:202)
	at com.kms.katalon.core.main.TestSuiteExecutor.accessTestSuiteMainPhase(TestSuiteExecutor.java:164)
	at com.kms.katalon.core.main.TestSuiteExecutor.execute(TestSuiteExecutor.java:105)
	at com.kms.katalon.core.main.TestCaseMain.startTestSuite(TestCaseMain.java:181)
	at com.kms.katalon.core.main.TestCaseMain$startTestSuite$0.call(Unknown Source)
	at TempTestSuite1642314164055.run(TempTestSuite1642314164055.groovy:36)
Caused by: com.kms.katalon.core.webui.exception.WebElementNotFoundException: Web element with id: 'Object Repository/forum/Page_Site announcements/a_Unsubscribe from forum' located by '//a[contains(text(),'Unsubscribe from forum')]' not found
	at com.kms.katalon.core.webui.common.WebUiCommonHelper.findWebElement(WebUiCommonHelper.java:1368)
	at com.kms.katalon.core.webui.keyword.internal.WebUIAbstractKeyword.findWebElement(WebUIAbstractKeyword.groovy:27)
	at com.kms.katalon.core.webui.keyword.builtin.ClickKeyword$_click_closure1.doCall(ClickKeyword.groovy:65)
	at com.kms.katalon.core.webui.keyword.builtin.ClickKeyword$_click_closure1.call(ClickKeyword.groovy)
	at com.kms.katalon.core.webui.keyword.internal.WebUIKeywordMain.runKeyword(WebUIKeywordMain.groovy:20)
	... 19 more]]></system-err>
      </testcase>
      <testcase name="Test Cases/Enroll teacher into course" time="68.311" classname="Test Cases/Enroll teacher into course" status="PASSED">
         <system-out><![CDATA[2022-01-16 13:36:21 - [TEST_CASE][PASSED] - Test Cases/Enroll teacher into course: Test Cases/Enroll teacher into course

2022-01-16 13:36:21 - [TEST_STEP][PASSED] - openBrowser(""): Browser is opened with url: ''

2022-01-16 13:36:21 - [MESSAGE][WARNING] - A browser is already opened. Closing browser and opening a new one

2022-01-16 13:36:22 - [MESSAGE][INFO] - Starting 'Edge Chromium' driver

2022-01-16 13:36:24 - [MESSAGE][INFO] - Action delay is set to 0 milliseconds

2022-01-16 13:36:25 - [MESSAGE][PASSED] - Browser is opened with url: ''

2022-01-16 13:36:25 - [TEST_STEP][PASSED] - navigateToUrl("http://localhost/"): Navigate to 'http://localhost/' successfully

2022-01-16 13:36:26 - [MESSAGE][PASSED] - Navigate to 'http://localhost/' successfully

2022-01-16 13:36:26 - [TEST_STEP][PASSED] - click(findTestObject("Page_Home page/a_Log in")): Object: 'Object Repository/Page_Home page/a_Log in' is clicked on

2022-01-16 13:36:28 - [MESSAGE][PASSED] - Object: 'Object Repository/Page_Home page/a_Log in' is clicked on

2022-01-16 13:36:28 - [TEST_STEP][PASSED] - setText(findTestObject("Page_Home page Log in to the site/input_Username_username"), "admin"): Text 'admin' is set on object 'Object Repository/Page_Home page Log in to the site/input_Username_username'

2022-01-16 13:36:29 - [MESSAGE][PASSED] - Text 'admin' is set on object 'Object Repository/Page_Home page Log in to the site/input_Username_username'

2022-01-16 13:36:29 - [TEST_STEP][PASSED] - setEncryptedText(findTestObject("Page_Home page Log in to the site/input_Password_password"), "OFhcon1PzObx3ErJAwGfGA=="): Text ****** has been set on object 'Object Repository/Page_Home page Log in to the site/input_Password_password'

2022-01-16 13:36:29 - [MESSAGE][PASSED] - Text ****** has been set on object 'Object Repository/Page_Home page Log in to the site/input_Password_password'

2022-01-16 13:36:29 - [TEST_STEP][PASSED] - click(findTestObject("Page_Home page Log in to the site/button_Log in")): Object: 'Object Repository/Page_Home page Log in to the site/button_Log in' is clicked on

2022-01-16 13:36:31 - [MESSAGE][PASSED] - Object: 'Object Repository/Page_Home page Log in to the site/button_Log in' is clicked on

2022-01-16 13:36:31 - [TEST_STEP][PASSED] - click(findTestObject("Object Repository/Page_TA Participants/a_My courses")): Object: 'Object Repository/Page_TA Participants/a_My courses' is clicked on

2022-01-16 13:36:33 - [MESSAGE][PASSED] - Object: 'Object Repository/Page_TA Participants/a_My courses' is clicked on

2022-01-16 13:36:33 - [TEST_STEP][PASSED] - click(findTestObject("Object Repository/Page_My courses/span_H quan tri c s d liu")): Object: 'Object Repository/Page_My courses/span_H quan tri c s d liu' is clicked on

2022-01-16 13:36:36 - [MESSAGE][PASSED] - Object: 'Object Repository/Page_My courses/span_H quan tri c s d liu' is clicked on

2022-01-16 13:36:36 - [TEST_STEP][PASSED] - click(findTestObject("Object Repository/Page_Course H quan tri c s d liu/a_Participants")): Object: 'Object Repository/Page_Course H quan tri c s d liu/a_Participants' is clicked on

2022-01-16 13:36:37 - [MESSAGE][PASSED] - Object: 'Object Repository/Page_Course H quan tri c s d liu/a_Participants' is clicked on

2022-01-16 13:36:37 - [TEST_STEP][PASSED] - click(findTestObject("Page_HQTCSDL Participants/input_Participants tertiary navigation_btn btn-primary")): Object: 'Object Repository/Page_HQTCSDL Participants/input_Participants tertiary navigation_btn btn-primary' is clicked on

2022-01-16 13:36:38 - [MESSAGE][PASSED] - Object: 'Object Repository/Page_HQTCSDL Participants/input_Participants tertiary navigation_btn btn-primary' is clicked on

2022-01-16 13:36:38 - [TEST_STEP][PASSED] - click(findTestObject("Page_HQTCSDL Participants/span_")): Object: 'Object Repository/Page_HQTCSDL Participants/span_' is clicked on

2022-01-16 13:36:40 - [MESSAGE][PASSED] - Object: 'Object Repository/Page_HQTCSDL Participants/span_' is clicked on

2022-01-16 13:36:40 - [TEST_STEP][PASSED] - click(findTestObject("Page_HQTCSDL Participants/li_Nguyen Nga    teacher1email.com")): Object: 'Object Repository/Page_HQTCSDL Participants/li_Nguyen Nga    teacher1email.com' is clicked on

2022-01-16 13:36:41 - [MESSAGE][PASSED] - Object: 'Object Repository/Page_HQTCSDL Participants/li_Nguyen Nga    teacher1email.com' is clicked on

2022-01-16 13:36:41 - [TEST_STEP][PASSED] - click(findTestObject("Object Repository/Page_HQTCSDL Participants/div_Assign role")): Object: 'Object Repository/Page_HQTCSDL Participants/div_Assign role' is clicked on

2022-01-16 13:36:42 - [MESSAGE][PASSED] - Object: 'Object Repository/Page_HQTCSDL Participants/div_Assign role' is clicked on

2022-01-16 13:36:42 - [TEST_STEP][PASSED] - selectOptionByLabel(findTestObject("Page_HQTCSDL Participants/select_Manager            Teacher          _ffc00f"), "Teacher", false): All options with label 'Teacher' are selected in object 'Object Repository/Page_HQTCSDL Participants/select_Manager            Teacher          _ffc00f' 

2022-01-16 13:36:43 - [MESSAGE][PASSED] - All options with label 'Teacher' are selected in object 'Object Repository/Page_HQTCSDL Participants/select_Manager            Teacher          _ffc00f' 

2022-01-16 13:36:43 - [TEST_STEP][PASSED] - click(findTestObject("Object Repository/Page_HQTCSDL Participants/button_Enrol users")): Object: 'Object Repository/Page_HQTCSDL Participants/button_Enrol users' is clicked on

2022-01-16 13:36:43 - [MESSAGE][PASSED] - Object: 'Object Repository/Page_HQTCSDL Participants/button_Enrol users' is clicked on

2022-01-16 13:36:43 - [TEST_STEP][PASSED] - click(findTestObject("Object Repository/Page_TA Participants/a_My courses")): Object: 'Object Repository/Page_TA Participants/a_My courses' is clicked on

2022-01-16 13:36:49 - [MESSAGE][PASSED] - Object: 'Object Repository/Page_TA Participants/a_My courses' is clicked on

2022-01-16 13:36:49 - [TEST_STEP][PASSED] - click(findTestObject("Page_My courses/span_Test Automation")): Object: 'Object Repository/Page_My courses/span_Test Automation' is clicked on

2022-01-16 13:36:52 - [MESSAGE][PASSED] - Object: 'Object Repository/Page_My courses/span_Test Automation' is clicked on

2022-01-16 13:36:52 - [TEST_STEP][PASSED] - click(findTestObject("Object Repository/Page_Course H quan tri c s d liu/a_Participants")): Object: 'Object Repository/Page_Course H quan tri c s d liu/a_Participants' is clicked on

2022-01-16 13:36:54 - [MESSAGE][PASSED] - Object: 'Object Repository/Page_Course H quan tri c s d liu/a_Participants' is clicked on

2022-01-16 13:36:54 - [TEST_STEP][PASSED] - click(findTestObject("Page_HQTCSDL Participants/input_Participants tertiary navigation_btn btn-primary")): Object: 'Object Repository/Page_HQTCSDL Participants/input_Participants tertiary navigation_btn btn-primary' is clicked on

2022-01-16 13:36:54 - [MESSAGE][PASSED] - Object: 'Object Repository/Page_HQTCSDL Participants/input_Participants tertiary navigation_btn btn-primary' is clicked on

2022-01-16 13:36:54 - [TEST_STEP][PASSED] - click(findTestObject("Page_HQTCSDL Participants/span_")): Object: 'Object Repository/Page_HQTCSDL Participants/span_' is clicked on

2022-01-16 13:36:57 - [MESSAGE][PASSED] - Object: 'Object Repository/Page_HQTCSDL Participants/span_' is clicked on

2022-01-16 13:36:57 - [TEST_STEP][PASSED] - click(findTestObject("Page_HQTCSDL Participants/li_Nguyen Nga    teacher1email.com")): Object: 'Object Repository/Page_HQTCSDL Participants/li_Nguyen Nga    teacher1email.com' is clicked on

2022-01-16 13:36:58 - [MESSAGE][PASSED] - Object: 'Object Repository/Page_HQTCSDL Participants/li_Nguyen Nga    teacher1email.com' is clicked on

2022-01-16 13:36:58 - [TEST_STEP][PASSED] - click(findTestObject("Object Repository/Page_HQTCSDL Participants/div_Assign role")): Object: 'Object Repository/Page_HQTCSDL Participants/div_Assign role' is clicked on

2022-01-16 13:36:59 - [MESSAGE][PASSED] - Object: 'Object Repository/Page_HQTCSDL Participants/div_Assign role' is clicked on

2022-01-16 13:36:59 - [TEST_STEP][PASSED] - selectOptionByLabel(findTestObject("Page_HQTCSDL Participants/select_Manager            Teacher            Non-editing teacher            Student"), "Teacher", false): All options with label 'Teacher' are selected in object 'Object Repository/Page_HQTCSDL Participants/select_Manager            Teacher            Non-editing teacher            Student' 

2022-01-16 13:37:00 - [MESSAGE][PASSED] - All options with label 'Teacher' are selected in object 'Object Repository/Page_HQTCSDL Participants/select_Manager            Teacher            Non-editing teacher            Student' 

2022-01-16 13:37:00 - [TEST_STEP][PASSED] - click(findTestObject("Object Repository/Page_HQTCSDL Participants/button_Enrol users")): Object: 'Object Repository/Page_HQTCSDL Participants/button_Enrol users' is clicked on

2022-01-16 13:37:00 - [MESSAGE][PASSED] - Object: 'Object Repository/Page_HQTCSDL Participants/button_Enrol users' is clicked on

2022-01-16 13:37:00 - [TEST_STEP][PASSED] - click(findTestObject("Object Repository/Page_HQTCSDL Participants/a_AU")): Object: 'Object Repository/Page_HQTCSDL Participants/a_AU' is clicked on

2022-01-16 13:37:01 - [MESSAGE][PASSED] - Object: 'Object Repository/Page_HQTCSDL Participants/a_AU' is clicked on

2022-01-16 13:37:01 - [TEST_STEP][PASSED] - click(findTestObject("Object Repository/Page_HQTCSDL Participants/a_Log out")): Object: 'Object Repository/Page_HQTCSDL Participants/a_Log out' is clicked on

2022-01-16 13:37:03 - [MESSAGE][PASSED] - Object: 'Object Repository/Page_HQTCSDL Participants/a_Log out' is clicked on

2022-01-16 13:37:03 - [TEST_STEP][PASSED] - click(findTestObject("Page_Home page/a_Log in")): Object: 'Object Repository/Page_Home page/a_Log in' is clicked on

2022-01-16 13:37:04 - [MESSAGE][PASSED] - Object: 'Object Repository/Page_Home page/a_Log in' is clicked on

2022-01-16 13:37:04 - [TEST_STEP][PASSED] - setText(findTestObject("Page_Home page Log in to the site/input_Username_username"), "teacher1"): Text 'teacher1' is set on object 'Object Repository/Page_Home page Log in to the site/input_Username_username'

2022-01-16 13:37:05 - [MESSAGE][PASSED] - Text 'teacher1' is set on object 'Object Repository/Page_Home page Log in to the site/input_Username_username'

2022-01-16 13:37:05 - [TEST_STEP][PASSED] - setEncryptedText(findTestObject("Page_Home page Log in to the site/input_Password_password"), "OFhcon1PzObx3ErJAwGfGA=="): Text ****** has been set on object 'Object Repository/Page_Home page Log in to the site/input_Password_password'

2022-01-16 13:37:05 - [MESSAGE][PASSED] - Text ****** has been set on object 'Object Repository/Page_Home page Log in to the site/input_Password_password'

2022-01-16 13:37:05 - [TEST_STEP][PASSED] - click(findTestObject("Page_Home page Log in to the site/button_Log in")): Object: 'Object Repository/Page_Home page Log in to the site/button_Log in' is clicked on

2022-01-16 13:37:08 - [MESSAGE][PASSED] - Object: 'Object Repository/Page_Home page Log in to the site/button_Log in' is clicked on

2022-01-16 13:37:08 - [TEST_STEP][PASSED] - click(findTestObject("Page_TA Participants/a_My courses")): Object: 'Object Repository/Page_TA Participants/a_My courses' is clicked on

2022-01-16 13:37:09 - [MESSAGE][PASSED] - Object: 'Object Repository/Page_TA Participants/a_My courses' is clicked on

2022-01-16 13:37:09 - [TEST_STEP][PASSED] - click(findTestObject("Object Repository/Page_My courses/span_H quan tri c s d liu")): Object: 'Object Repository/Page_My courses/span_H quan tri c s d liu' is clicked on

2022-01-16 13:37:12 - [MESSAGE][PASSED] - Object: 'Object Repository/Page_My courses/span_H quan tri c s d liu' is clicked on

2022-01-16 13:37:12 - [TEST_STEP][PASSED] - click(findTestObject("Object Repository/Page_Course H quan tri c s d liu/a_Participants")): Object: 'Object Repository/Page_Course H quan tri c s d liu/a_Participants' is clicked on

2022-01-16 13:37:14 - [MESSAGE][PASSED] - Object: 'Object Repository/Page_Course H quan tri c s d liu/a_Participants' is clicked on

2022-01-16 13:37:14 - [TEST_STEP][PASSED] - click(findTestObject("Object Repository/Page_HQTCSDL Participants/a_NN")): Object: 'Object Repository/Page_HQTCSDL Participants/a_NN' is clicked on

2022-01-16 13:37:14 - [MESSAGE][PASSED] - Object: 'Object Repository/Page_HQTCSDL Participants/a_NN' is clicked on

2022-01-16 13:37:14 - [TEST_STEP][PASSED] - click(findTestObject("Object Repository/Page_HQTCSDL Participants/a_Log out")): Object: 'Object Repository/Page_HQTCSDL Participants/a_Log out' is clicked on

2022-01-16 13:37:15 - [MESSAGE][PASSED] - Object: 'Object Repository/Page_HQTCSDL Participants/a_Log out' is clicked on

2022-01-16 13:37:15 - [TEST_STEP][PASSED] - click(findTestObject("Page_Home page/a_Log in")): Object: 'Object Repository/Page_Home page/a_Log in' is clicked on

2022-01-16 13:37:16 - [MESSAGE][PASSED] - Object: 'Object Repository/Page_Home page/a_Log in' is clicked on

2022-01-16 13:37:16 - [TEST_STEP][PASSED] - setText(findTestObject("Page_Home page Log in to the site/input_Username_username"), "admin"): Text 'admin' is set on object 'Object Repository/Page_Home page Log in to the site/input_Username_username'

2022-01-16 13:37:17 - [MESSAGE][PASSED] - Text 'admin' is set on object 'Object Repository/Page_Home page Log in to the site/input_Username_username'

2022-01-16 13:37:17 - [TEST_STEP][PASSED] - setEncryptedText(findTestObject("Page_Home page Log in to the site/input_Password_password"), "OFhcon1PzObx3ErJAwGfGA=="): Text ****** has been set on object 'Object Repository/Page_Home page Log in to the site/input_Password_password'

2022-01-16 13:37:17 - [MESSAGE][PASSED] - Text ****** has been set on object 'Object Repository/Page_Home page Log in to the site/input_Password_password'

2022-01-16 13:37:17 - [TEST_STEP][PASSED] - click(findTestObject("Page_Home page Log in to the site/button_Log in")): Object: 'Object Repository/Page_Home page Log in to the site/button_Log in' is clicked on

2022-01-16 13:37:19 - [MESSAGE][PASSED] - Object: 'Object Repository/Page_Home page Log in to the site/button_Log in' is clicked on

2022-01-16 13:37:19 - [TEST_STEP][PASSED] - click(findTestObject("Page_TA Participants/a_My courses")): Object: 'Object Repository/Page_TA Participants/a_My courses' is clicked on

2022-01-16 13:37:21 - [MESSAGE][PASSED] - Object: 'Object Repository/Page_TA Participants/a_My courses' is clicked on

2022-01-16 13:37:21 - [TEST_STEP][PASSED] - click(findTestObject("Object Repository/Page_My courses/span_H quan tri c s d liu")): Object: 'Object Repository/Page_My courses/span_H quan tri c s d liu' is clicked on

2022-01-16 13:37:23 - [MESSAGE][PASSED] - Object: 'Object Repository/Page_My courses/span_H quan tri c s d liu' is clicked on

2022-01-16 13:37:23 - [TEST_STEP][PASSED] - click(findTestObject("Object Repository/Page_Course H quan tri c s d liu/a_Participants")): Object: 'Object Repository/Page_Course H quan tri c s d liu/a_Participants' is clicked on

2022-01-16 13:37:25 - [MESSAGE][PASSED] - Object: 'Object Repository/Page_Course H quan tri c s d liu/a_Participants' is clicked on

2022-01-16 13:37:25 - [TEST_STEP][PASSED] - click(findTestObject("Object Repository/Page_HQTCSDL Participants/i_Active_icon fa fa-trash fa-fw")): Object: 'Object Repository/Page_HQTCSDL Participants/i_Active_icon fa fa-trash fa-fw' is clicked on

2022-01-16 13:37:25 - [MESSAGE][PASSED] - Object: 'Object Repository/Page_HQTCSDL Participants/i_Active_icon fa fa-trash fa-fw' is clicked on

2022-01-16 13:37:25 - [TEST_STEP][PASSED] - click(findTestObject("Object Repository/Page_HQTCSDL Participants/button_Unenrol")): Object: 'Object Repository/Page_HQTCSDL Participants/button_Unenrol' is clicked on

2022-01-16 13:37:26 - [MESSAGE][PASSED] - Object: 'Object Repository/Page_HQTCSDL Participants/button_Unenrol' is clicked on

2022-01-16 13:37:26 - [TEST_STEP][PASSED] - click(findTestObject("Object Repository/Page_HQTCSDL Participants/a_AU")): Object: 'Object Repository/Page_HQTCSDL Participants/a_AU' is clicked on

2022-01-16 13:37:27 - [MESSAGE][PASSED] - Object: 'Object Repository/Page_HQTCSDL Participants/a_AU' is clicked on

2022-01-16 13:37:27 - [TEST_STEP][PASSED] - click(findTestObject("Object Repository/Page_HQTCSDL Participants/a_Log out")): Object: 'Object Repository/Page_HQTCSDL Participants/a_Log out' is clicked on

2022-01-16 13:37:28 - [MESSAGE][PASSED] - Object: 'Object Repository/Page_HQTCSDL Participants/a_Log out' is clicked on

2022-01-16 13:37:28 - [TEST_STEP][PASSED] - closeBrowser(): Browser is closed

2022-01-16 13:37:29 - [MESSAGE][PASSED] - Browser is closed]]></system-out>
         <system-err><![CDATA[]]></system-err>
      </testcase>
      <testcase name="Test Cases/Edit Mode Home - ADMIN" time="43.766" classname="Test Cases/Edit Mode Home - ADMIN" status="PASSED">
         <system-out><![CDATA[2022-01-16 13:37:29 - [TEST_CASE][PASSED] - Test Cases/Edit Mode Home - ADMIN: Test Cases/Edit Mode Home - ADMIN

2022-01-16 13:37:29 - [TEST_STEP][PASSED] - openBrowser(""): Browser is opened with url: ''

2022-01-16 13:37:29 - [MESSAGE][INFO] - Starting 'Edge Chromium' driver

2022-01-16 13:37:32 - [MESSAGE][INFO] - Action delay is set to 0 milliseconds

2022-01-16 13:37:32 - [MESSAGE][PASSED] - Browser is opened with url: ''

2022-01-16 13:37:32 - [TEST_STEP][PASSED] - navigateToUrl("http://localhost/"): Navigate to 'http://localhost/' successfully

2022-01-16 13:37:33 - [MESSAGE][PASSED] - Navigate to 'http://localhost/' successfully

2022-01-16 13:37:33 - [TEST_STEP][PASSED] - click(findTestObject("Page_Home page/a_Log in")): Object: 'Object Repository/Page_Home page/a_Log in' is clicked on

2022-01-16 13:37:35 - [MESSAGE][PASSED] - Object: 'Object Repository/Page_Home page/a_Log in' is clicked on

2022-01-16 13:37:35 - [TEST_STEP][PASSED] - setText(findTestObject("Page_Home page Log in to the site/input_Username_username"), "admin"): Text 'admin' is set on object 'Object Repository/Page_Home page Log in to the site/input_Username_username'

2022-01-16 13:37:36 - [MESSAGE][PASSED] - Text 'admin' is set on object 'Object Repository/Page_Home page Log in to the site/input_Username_username'

2022-01-16 13:37:36 - [TEST_STEP][PASSED] - setEncryptedText(findTestObject("Page_Home page Log in to the site/input_Password_password"), "OFhcon1PzObx3ErJAwGfGA=="): Text ****** has been set on object 'Object Repository/Page_Home page Log in to the site/input_Password_password'

2022-01-16 13:37:36 - [MESSAGE][PASSED] - Text ****** has been set on object 'Object Repository/Page_Home page Log in to the site/input_Password_password'

2022-01-16 13:37:36 - [TEST_STEP][PASSED] - click(findTestObject("Page_Home page Log in to the site/button_Log in")): Object: 'Object Repository/Page_Home page Log in to the site/button_Log in' is clicked on

2022-01-16 13:37:38 - [MESSAGE][PASSED] - Object: 'Object Repository/Page_Home page Log in to the site/button_Log in' is clicked on

2022-01-16 13:37:38 - [TEST_STEP][PASSED] - click(findTestObject("forum/Page_Dashboard/a_Home")): Object: 'Object Repository/forum/Page_Dashboard/a_Home' is clicked on

2022-01-16 13:37:40 - [MESSAGE][PASSED] - Object: 'Object Repository/forum/Page_Dashboard/a_Home' is clicked on

2022-01-16 13:37:40 - [TEST_STEP][PASSED] - click(findTestObject("Object Repository/forum/Page_Home page/input_Edit mode_setmode")): Object: 'Object Repository/forum/Page_Home page/input_Edit mode_setmode' is clicked on

2022-01-16 13:37:41 - [MESSAGE][PASSED] - Object: 'Object Repository/forum/Page_Home page/input_Edit mode_setmode' is clicked on

2022-01-16 13:37:41 - [TEST_STEP][PASSED] - click(findTestObject("Object Repository/forum/Page_Home page/span_Add an activity or resource")): Object: 'Object Repository/forum/Page_Home page/span_Add an activity or resource' is clicked on

2022-01-16 13:37:43 - [MESSAGE][PASSED] - Object: 'Object Repository/forum/Page_Home page/span_Add an activity or resource' is clicked on

2022-01-16 13:37:43 - [TEST_STEP][PASSED] - click(findTestObject("Object Repository/forum/Page_Home page/div_Forum")): Object: 'Object Repository/forum/Page_Home page/div_Forum' is clicked on

2022-01-16 13:37:46 - [MESSAGE][PASSED] - Object: 'Object Repository/forum/Page_Home page/div_Forum' is clicked on

2022-01-16 13:37:46 - [TEST_STEP][PASSED] - setText(findTestObject("Object Repository/forum/Page_Editing Forum/input_Forum name_name"), "Forum test"): Text 'Forum test' is set on object 'Object Repository/forum/Page_Editing Forum/input_Forum name_name'

2022-01-16 13:37:48 - [MESSAGE][PASSED] - Text 'Forum test' is set on object 'Object Repository/forum/Page_Editing Forum/input_Forum name_name'

2022-01-16 13:37:48 - [TEST_STEP][PASSED] - click(findTestObject("Object Repository/forum/Page_Editing Forum/input_Send content change notification_subm_37cbed")): Object: 'Object Repository/forum/Page_Editing Forum/input_Send content change notification_subm_37cbed' is clicked on

2022-01-16 13:37:50 - [MESSAGE][PASSED] - Object: 'Object Repository/forum/Page_Editing Forum/input_Send content change notification_subm_37cbed' is clicked on

2022-01-16 13:37:50 - [TEST_STEP][PASSED] - click(findTestObject("Object Repository/forum/Page_Forum test/a_Home")): Object: 'Object Repository/forum/Page_Forum test/a_Home' is clicked on

2022-01-16 13:37:52 - [MESSAGE][PASSED] - Object: 'Object Repository/forum/Page_Forum test/a_Home' is clicked on

2022-01-16 13:37:52 - [TEST_STEP][PASSED] - click(findTestObject("Object Repository/forum/Page_Home page/a_Forum test")): Object: 'Object Repository/forum/Page_Home page/a_Forum test' is clicked on

2022-01-16 13:37:54 - [MESSAGE][PASSED] - Object: 'Object Repository/forum/Page_Home page/a_Forum test' is clicked on

2022-01-16 13:37:54 - [TEST_STEP][PASSED] - click(findTestObject("Object Repository/forum/Page_Forum test/a_Add discussion topic")): Object: 'Object Repository/forum/Page_Forum test/a_Add discussion topic' is clicked on

2022-01-16 13:37:55 - [MESSAGE][PASSED] - Object: 'Object Repository/forum/Page_Forum test/a_Add discussion topic' is clicked on

2022-01-16 13:37:55 - [TEST_STEP][PASSED] - setText(findTestObject("Object Repository/forum/Page_Forum test/input_Subject_subject"), "hello"): Text 'hello' is set on object 'Object Repository/forum/Page_Forum test/input_Subject_subject'

2022-01-16 13:37:56 - [MESSAGE][PASSED] - Text 'hello' is set on object 'Object Repository/forum/Page_Forum test/input_Subject_subject'

2022-01-16 13:37:56 - [TEST_STEP][PASSED] - click(findTestObject("Object Repository/forum/Page_Forum test/p")): Object: 'Object Repository/forum/Page_Forum test/p' is clicked on

2022-01-16 13:37:56 - [MESSAGE][PASSED] - Object: 'Object Repository/forum/Page_Forum test/p' is clicked on

2022-01-16 13:37:56 - [TEST_STEP][PASSED] - setText(findTestObject("forum/Page_Forum test/div_Rich text editor_id_messageeditable"), "hello"): Text 'hello' is set on object 'Object Repository/forum/Page_Forum test/div_Rich text editor_id_messageeditable'

2022-01-16 13:37:58 - [MESSAGE][PASSED] - Text 'hello' is set on object 'Object Repository/forum/Page_Forum test/div_Rich text editor_id_messageeditable'

2022-01-16 13:37:58 - [TEST_STEP][PASSED] - click(findTestObject("Object Repository/forum/Page_Forum test/input_Rich text editor_submitbutton")): Object: 'Object Repository/forum/Page_Forum test/input_Rich text editor_submitbutton' is clicked on

2022-01-16 13:37:59 - [MESSAGE][PASSED] - Object: 'Object Repository/forum/Page_Forum test/input_Rich text editor_submitbutton' is clicked on

2022-01-16 13:37:59 - [TEST_STEP][PASSED] - click(findTestObject("Object Repository/forum/Page_Forum test/a_Home_1")): Object: 'Object Repository/forum/Page_Forum test/a_Home_1' is clicked on

2022-01-16 13:38:01 - [MESSAGE][PASSED] - Object: 'Object Repository/forum/Page_Forum test/a_Home_1' is clicked on

2022-01-16 13:38:01 - [TEST_STEP][PASSED] - click(findTestObject("Object Repository/forum/Page_Home page/a_Forum test_1")): Object: 'Object Repository/forum/Page_Home page/a_Forum test_1' is clicked on

2022-01-16 13:38:03 - [MESSAGE][PASSED] - Object: 'Object Repository/forum/Page_Home page/a_Forum test_1' is clicked on

2022-01-16 13:38:03 - [TEST_STEP][PASSED] - click(findTestObject("Object Repository/forum/Page_Forum test/a_Site announcements")): Object: 'Object Repository/forum/Page_Forum test/a_Site announcements' is clicked on

2022-01-16 13:38:05 - [MESSAGE][PASSED] - Object: 'Object Repository/forum/Page_Forum test/a_Site announcements' is clicked on

2022-01-16 13:38:05 - [TEST_STEP][PASSED] - click(findTestObject("Object Repository/forum/Page_Site announcements/a_Home")): Object: 'Object Repository/forum/Page_Site announcements/a_Home' is clicked on

2022-01-16 13:38:07 - [MESSAGE][PASSED] - Object: 'Object Repository/forum/Page_Site announcements/a_Home' is clicked on

2022-01-16 13:38:07 - [TEST_STEP][PASSED] - click(findTestObject("Object Repository/forum/Page_Home page/i_Forum test_icon fa fa-ellipsis-v fa-fw")): Object: 'Object Repository/forum/Page_Home page/i_Forum test_icon fa fa-ellipsis-v fa-fw' is clicked on

2022-01-16 13:38:09 - [MESSAGE][PASSED] - Object: 'Object Repository/forum/Page_Home page/i_Forum test_icon fa fa-ellipsis-v fa-fw' is clicked on

2022-01-16 13:38:09 - [TEST_STEP][PASSED] - click(findTestObject("Object Repository/forum/Page_Home page/span_Delete")): Object: 'Object Repository/forum/Page_Home page/span_Delete' is clicked on

2022-01-16 13:38:09 - [MESSAGE][PASSED] - Object: 'Object Repository/forum/Page_Home page/span_Delete' is clicked on

2022-01-16 13:38:09 - [TEST_STEP][PASSED] - click(findTestObject("Object Repository/forum/Page_Home page/button_Yes")): Object: 'Object Repository/forum/Page_Home page/button_Yes' is clicked on

2022-01-16 13:38:10 - [MESSAGE][PASSED] - Object: 'Object Repository/forum/Page_Home page/button_Yes' is clicked on

2022-01-16 13:38:10 - [TEST_STEP][PASSED] - click(findTestObject("Object Repository/forum/Page_Home page/a_AU")): Object: 'Object Repository/forum/Page_Home page/a_AU' is clicked on

2022-01-16 13:38:11 - [MESSAGE][PASSED] - Object: 'Object Repository/forum/Page_Home page/a_AU' is clicked on

2022-01-16 13:38:11 - [TEST_STEP][PASSED] - click(findTestObject("Object Repository/forum/Page_Home page/a_Log out")): Object: 'Object Repository/forum/Page_Home page/a_Log out' is clicked on

2022-01-16 13:38:12 - [MESSAGE][PASSED] - Object: 'Object Repository/forum/Page_Home page/a_Log out' is clicked on

2022-01-16 13:38:12 - [TEST_STEP][PASSED] - closeBrowser(): Browser is closed

2022-01-16 13:38:13 - [MESSAGE][PASSED] - Browser is closed]]></system-out>
         <system-err><![CDATA[]]></system-err>
      </testcase>
      <testcase name="Test Cases/Edit Mode on Dashboard - ADMIN" time="45.58" classname="Test Cases/Edit Mode on Dashboard - ADMIN" status="FAILED">
         <failure type="FAILED" message="Test Cases/Edit Mode on Dashboard - ADMIN FAILED.
Reason:
com.kms.katalon.core.exception.StepFailedException: Unable to click on object 'Object Repository/forum/Page_Dashboard/a_Online users'
	at com.kms.katalon.core.webui.keyword.internal.WebUIKeywordMain.stepFailed(WebUIKeywordMain.groovy:64)
	at com.kms.katalon.core.webui.keyword.internal.WebUIKeywordMain.runKeyword(WebUIKeywordMain.groovy:26)
	at com.kms.katalon.core.webui.keyword.builtin.ClickKeyword.click(ClickKeyword.groovy:74)
	at com.kms.katalon.core.webui.keyword.builtin.ClickKeyword.execute(ClickKeyword.groovy:40)
	at com.kms.katalon.core.keyword.internal.KeywordExecutor.executeKeywordForPlatform(KeywordExecutor.groovy:74)
	at com.kms.katalon.core.webui.keyword.WebUiBuiltInKeywords.click(WebUiBuiltInKeywords.groovy:620)
	at com.kms.katalon.core.webui.keyword.WebUiBuiltInKeywords$click$1.call(Unknown Source)
	at Edit Mode on Dashboard - ADMIN.run(Edit Mode on Dashboard - ADMIN:38)
	at com.kms.katalon.core.main.ScriptEngine.run(ScriptEngine.java:194)
	at com.kms.katalon.core.main.ScriptEngine.runScriptAsRawText(ScriptEngine.java:119)
	at com.kms.katalon.core.main.TestCaseExecutor.runScript(TestCaseExecutor.java:442)
	at com.kms.katalon.core.main.TestCaseExecutor.doExecute(TestCaseExecutor.java:433)
	at com.kms.katalon.core.main.TestCaseExecutor.processExecutionPhase(TestCaseExecutor.java:412)
	at com.kms.katalon.core.main.TestCaseExecutor.accessMainPhase(TestCaseExecutor.java:404)
	at com.kms.katalon.core.main.TestCaseExecutor.execute(TestCaseExecutor.java:281)
	at com.kms.katalon.core.main.TestSuiteExecutor.accessTestCaseMainPhase(TestSuiteExecutor.java:202)
	at com.kms.katalon.core.main.TestSuiteExecutor.accessTestSuiteMainPhase(TestSuiteExecutor.java:164)
	at com.kms.katalon.core.main.TestSuiteExecutor.execute(TestSuiteExecutor.java:105)
	at com.kms.katalon.core.main.TestCaseMain.startTestSuite(TestCaseMain.java:181)
	at com.kms.katalon.core.main.TestCaseMain$startTestSuite$0.call(Unknown Source)
	at TempTestSuite1642314164055.run(TempTestSuite1642314164055.groovy:36)
Caused by: com.kms.katalon.core.webui.exception.WebElementNotFoundException: Web element with id: 'Object Repository/forum/Page_Dashboard/a_Online users' located by '//*/text()[normalize-space(.)='Online users']/parent::*' not found
	at com.kms.katalon.core.webui.common.WebUiCommonHelper.findWebElement(WebUiCommonHelper.java:1368)
	at com.kms.katalon.core.webui.keyword.internal.WebUIAbstractKeyword.findWebElement(WebUIAbstractKeyword.groovy:27)
	at com.kms.katalon.core.webui.keyword.builtin.ClickKeyword$_click_closure1.doCall(ClickKeyword.groovy:65)
	at com.kms.katalon.core.webui.keyword.builtin.ClickKeyword$_click_closure1.call(ClickKeyword.groovy)
	at com.kms.katalon.core.webui.keyword.internal.WebUIKeywordMain.runKeyword(WebUIKeywordMain.groovy:20)
	... 19 more
"/>
         <system-out><![CDATA[2022-01-16 13:38:13 - [TEST_CASE][FAILED] - Test Cases/Edit Mode on Dashboard - ADMIN: Test Cases/Edit Mode on Dashboard - ADMIN FAILED.
Reason:
com.kms.katalon.core.exception.StepFailedException: Unable to click on object 'Object Repository/forum/Page_Dashboard/a_Online users'
	at com.kms.katalon.core.webui.keyword.internal.WebUIKeywordMain.stepFailed(WebUIKeywordMain.groovy:64)
	at com.kms.katalon.core.webui.keyword.internal.WebUIKeywordMain.runKeyword(WebUIKeywordMain.groovy:26)
	at com.kms.katalon.core.webui.keyword.builtin.ClickKeyword.click(ClickKeyword.groovy:74)
	at com.kms.katalon.core.webui.keyword.builtin.ClickKeyword.execute(ClickKeyword.groovy:40)
	at com.kms.katalon.core.keyword.internal.KeywordExecutor.executeKeywordForPlatform(KeywordExecutor.groovy:74)
	at com.kms.katalon.core.webui.keyword.WebUiBuiltInKeywords.click(WebUiBuiltInKeywords.groovy:620)
	at com.kms.katalon.core.webui.keyword.WebUiBuiltInKeywords$click$1.call(Unknown Source)
	at Edit Mode on Dashboard - ADMIN.run(Edit Mode on Dashboard - ADMIN:38)
	at com.kms.katalon.core.main.ScriptEngine.run(ScriptEngine.java:194)
	at com.kms.katalon.core.main.ScriptEngine.runScriptAsRawText(ScriptEngine.java:119)
	at com.kms.katalon.core.main.TestCaseExecutor.runScript(TestCaseExecutor.java:442)
	at com.kms.katalon.core.main.TestCaseExecutor.doExecute(TestCaseExecutor.java:433)
	at com.kms.katalon.core.main.TestCaseExecutor.processExecutionPhase(TestCaseExecutor.java:412)
	at com.kms.katalon.core.main.TestCaseExecutor.accessMainPhase(TestCaseExecutor.java:404)
	at com.kms.katalon.core.main.TestCaseExecutor.execute(TestCaseExecutor.java:281)
	at com.kms.katalon.core.main.TestSuiteExecutor.accessTestCaseMainPhase(TestSuiteExecutor.java:202)
	at com.kms.katalon.core.main.TestSuiteExecutor.accessTestSuiteMainPhase(TestSuiteExecutor.java:164)
	at com.kms.katalon.core.main.TestSuiteExecutor.execute(TestSuiteExecutor.java:105)
	at com.kms.katalon.core.main.TestCaseMain.startTestSuite(TestCaseMain.java:181)
	at com.kms.katalon.core.main.TestCaseMain$startTestSuite$0.call(Unknown Source)
	at TempTestSuite1642314164055.run(TempTestSuite1642314164055.groovy:36)
Caused by: com.kms.katalon.core.webui.exception.WebElementNotFoundException: Web element with id: 'Object Repository/forum/Page_Dashboard/a_Online users' located by '//*/text()[normalize-space(.)='Online users']/parent::*' not found
	at com.kms.katalon.core.webui.common.WebUiCommonHelper.findWebElement(WebUiCommonHelper.java:1368)
	at com.kms.katalon.core.webui.keyword.internal.WebUIAbstractKeyword.findWebElement(WebUIAbstractKeyword.groovy:27)
	at com.kms.katalon.core.webui.keyword.builtin.ClickKeyword$_click_closure1.doCall(ClickKeyword.groovy:65)
	at com.kms.katalon.core.webui.keyword.builtin.ClickKeyword$_click_closure1.call(ClickKeyword.groovy)
	at com.kms.katalon.core.webui.keyword.internal.WebUIKeywordMain.runKeyword(WebUIKeywordMain.groovy:20)
	... 19 more


2022-01-16 13:38:13 - [TEST_STEP][PASSED] - openBrowser(""): Browser is opened with url: ''

2022-01-16 13:38:13 - [MESSAGE][INFO] - Starting 'Edge Chromium' driver

2022-01-16 13:38:15 - [MESSAGE][INFO] - Action delay is set to 0 milliseconds

2022-01-16 13:38:16 - [MESSAGE][PASSED] - Browser is opened with url: ''

2022-01-16 13:38:16 - [TEST_STEP][PASSED] - maximizeWindow(): Current window maximized

2022-01-16 13:38:16 - [MESSAGE][PASSED] - Current window maximized

2022-01-16 13:38:16 - [TEST_STEP][PASSED] - navigateToUrl("http://localhost/"): Navigate to 'http://localhost/' successfully

2022-01-16 13:38:17 - [MESSAGE][PASSED] - Navigate to 'http://localhost/' successfully

2022-01-16 13:38:17 - [TEST_STEP][PASSED] - click(findTestObject("Page_Home page/a_Log in")): Object: 'Object Repository/Page_Home page/a_Log in' is clicked on

2022-01-16 13:38:19 - [MESSAGE][PASSED] - Object: 'Object Repository/Page_Home page/a_Log in' is clicked on

2022-01-16 13:38:19 - [TEST_STEP][PASSED] - setText(findTestObject("Page_Home page Log in to the site/input_Username_username"), "admin"): Text 'admin' is set on object 'Object Repository/Page_Home page Log in to the site/input_Username_username'

2022-01-16 13:38:20 - [MESSAGE][PASSED] - Text 'admin' is set on object 'Object Repository/Page_Home page Log in to the site/input_Username_username'

2022-01-16 13:38:20 - [TEST_STEP][PASSED] - setEncryptedText(findTestObject("Page_Home page Log in to the site/input_Password_password"), "OFhcon1PzObx3ErJAwGfGA=="): Text ****** has been set on object 'Object Repository/Page_Home page Log in to the site/input_Password_password'

2022-01-16 13:38:21 - [MESSAGE][PASSED] - Text ****** has been set on object 'Object Repository/Page_Home page Log in to the site/input_Password_password'

2022-01-16 13:38:21 - [TEST_STEP][PASSED] - click(findTestObject("Page_Home page Log in to the site/button_Log in")): Object: 'Object Repository/Page_Home page Log in to the site/button_Log in' is clicked on

2022-01-16 13:38:22 - [MESSAGE][PASSED] - Object: 'Object Repository/Page_Home page Log in to the site/button_Log in' is clicked on

2022-01-16 13:38:22 - [TEST_STEP][PASSED] - click(findTestObject("Object Repository/forum/Page_Dashboard/input_Edit mode_setmode")): Object: 'Object Repository/forum/Page_Dashboard/input_Edit mode_setmode' is clicked on

2022-01-16 13:38:24 - [MESSAGE][PASSED] - Object: 'Object Repository/forum/Page_Dashboard/input_Edit mode_setmode' is clicked on

2022-01-16 13:38:24 - [TEST_STEP][PASSED] - click(findTestObject("Object Repository/forum/Page_Dashboard/a_Add a block")): Object: 'Object Repository/forum/Page_Dashboard/a_Add a block' is clicked on

2022-01-16 13:38:27 - [MESSAGE][PASSED] - Object: 'Object Repository/forum/Page_Dashboard/a_Add a block' is clicked on

2022-01-16 13:38:27 - [TEST_STEP][FAILED] - click(findTestObject("Object Repository/forum/Page_Dashboard/a_Online users")): Unable to click on object 'Object Repository/forum/Page_Dashboard/a_Online users' (Root cause: com.kms.katalon.core.exception.StepFailedException: Unable to click on object 'Object Repository/forum/Page_Dashboard/a_Online users'
	at com.kms.katalon.core.webui.keyword.internal.WebUIKeywordMain.stepFailed(WebUIKeywordMain.groovy:64)
	at com.kms.katalon.core.webui.keyword.internal.WebUIKeywordMain.runKeyword(WebUIKeywordMain.groovy:26)
	at com.kms.katalon.core.webui.keyword.builtin.ClickKeyword.click(ClickKeyword.groovy:74)
	at com.kms.katalon.core.webui.keyword.builtin.ClickKeyword.execute(ClickKeyword.groovy:40)
	at com.kms.katalon.core.keyword.internal.KeywordExecutor.executeKeywordForPlatform(KeywordExecutor.groovy:74)
	at com.kms.katalon.core.webui.keyword.WebUiBuiltInKeywords.click(WebUiBuiltInKeywords.groovy:620)
	at com.kms.katalon.core.webui.keyword.WebUiBuiltInKeywords$click$1.call(Unknown Source)
	at Edit Mode on Dashboard - ADMIN.run(Edit Mode on Dashboard - ADMIN:38)
	at com.kms.katalon.core.main.ScriptEngine.run(ScriptEngine.java:194)
	at com.kms.katalon.core.main.ScriptEngine.runScriptAsRawText(ScriptEngine.java:119)
	at com.kms.katalon.core.main.TestCaseExecutor.runScript(TestCaseExecutor.java:442)
	at com.kms.katalon.core.main.TestCaseExecutor.doExecute(TestCaseExecutor.java:433)
	at com.kms.katalon.core.main.TestCaseExecutor.processExecutionPhase(TestCaseExecutor.java:412)
	at com.kms.katalon.core.main.TestCaseExecutor.accessMainPhase(TestCaseExecutor.java:404)
	at com.kms.katalon.core.main.TestCaseExecutor.execute(TestCaseExecutor.java:281)
	at com.kms.katalon.core.main.TestSuiteExecutor.accessTestCaseMainPhase(TestSuiteExecutor.java:202)
	at com.kms.katalon.core.main.TestSuiteExecutor.accessTestSuiteMainPhase(TestSuiteExecutor.java:164)
	at com.kms.katalon.core.main.TestSuiteExecutor.execute(TestSuiteExecutor.java:105)
	at com.kms.katalon.core.main.TestCaseMain.startTestSuite(TestCaseMain.java:181)
	at com.kms.katalon.core.main.TestCaseMain$startTestSuite$0.call(Unknown Source)
	at TempTestSuite1642314164055.run(TempTestSuite1642314164055.groovy:36)
Caused by: com.kms.katalon.core.webui.exception.WebElementNotFoundException: Web element with id: 'Object Repository/forum/Page_Dashboard/a_Online users' located by '//*/text()[normalize-space(.)='Online users']/parent::*' not found
	at com.kms.katalon.core.webui.common.WebUiCommonHelper.findWebElement(WebUiCommonHelper.java:1368)
	at com.kms.katalon.core.webui.keyword.internal.WebUIAbstractKeyword.findWebElement(WebUIAbstractKeyword.groovy:27)
	at com.kms.katalon.core.webui.keyword.builtin.ClickKeyword$_click_closure1.doCall(ClickKeyword.groovy:65)
	at com.kms.katalon.core.webui.keyword.builtin.ClickKeyword$_click_closure1.call(ClickKeyword.groovy)
	at com.kms.katalon.core.webui.keyword.internal.WebUIKeywordMain.runKeyword(WebUIKeywordMain.groovy:20)
	at com.kms.katalon.core.webui.keyword.builtin.ClickKeyword.click(ClickKeyword.groovy:74)
	at com.kms.katalon.core.webui.keyword.builtin.ClickKeyword.execute(ClickKeyword.groovy:40)
	at com.kms.katalon.core.keyword.internal.KeywordExecutor.executeKeywordForPlatform(KeywordExecutor.groovy:74)
	at com.kms.katalon.core.webui.keyword.WebUiBuiltInKeywords.click(WebUiBuiltInKeywords.groovy:620)
	at com.kms.katalon.core.webui.keyword.WebUiBuiltInKeywords$click$1.call(Unknown Source)
	at Script1642063263421.run(Script1642063263421.groovy:38)
	... 13 more
)

2022-01-16 13:38:58 - [MESSAGE][INFO] - Unable to find the element located by 'By.xpath: //*/text()[normalize-space(.)='Online users']/parent::*'. Please recheck the objects properties to make sure the desired element is located. 

2022-01-16 13:38:58 - [MESSAGE][FAILED] - Unable to click on object 'Object Repository/forum/Page_Dashboard/a_Online users' (Root cause: com.kms.katalon.core.exception.StepFailedException: Unable to click on object 'Object Repository/forum/Page_Dashboard/a_Online users'
	at com.kms.katalon.core.webui.keyword.internal.WebUIKeywordMain.stepFailed(WebUIKeywordMain.groovy:64)
	at com.kms.katalon.core.webui.keyword.internal.WebUIKeywordMain.runKeyword(WebUIKeywordMain.groovy:26)
	at com.kms.katalon.core.webui.keyword.builtin.ClickKeyword.click(ClickKeyword.groovy:74)
	at com.kms.katalon.core.webui.keyword.builtin.ClickKeyword.execute(ClickKeyword.groovy:40)
	at com.kms.katalon.core.keyword.internal.KeywordExecutor.executeKeywordForPlatform(KeywordExecutor.groovy:74)
	at com.kms.katalon.core.webui.keyword.WebUiBuiltInKeywords.click(WebUiBuiltInKeywords.groovy:620)
	at com.kms.katalon.core.webui.keyword.WebUiBuiltInKeywords$click$1.call(Unknown Source)
	at Edit Mode on Dashboard - ADMIN.run(Edit Mode on Dashboard - ADMIN:38)
	at com.kms.katalon.core.main.ScriptEngine.run(ScriptEngine.java:194)
	at com.kms.katalon.core.main.ScriptEngine.runScriptAsRawText(ScriptEngine.java:119)
	at com.kms.katalon.core.main.TestCaseExecutor.runScript(TestCaseExecutor.java:442)
	at com.kms.katalon.core.main.TestCaseExecutor.doExecute(TestCaseExecutor.java:433)
	at com.kms.katalon.core.main.TestCaseExecutor.processExecutionPhase(TestCaseExecutor.java:412)
	at com.kms.katalon.core.main.TestCaseExecutor.accessMainPhase(TestCaseExecutor.java:404)
	at com.kms.katalon.core.main.TestCaseExecutor.execute(TestCaseExecutor.java:281)
	at com.kms.katalon.core.main.TestSuiteExecutor.accessTestCaseMainPhase(TestSuiteExecutor.java:202)
	at com.kms.katalon.core.main.TestSuiteExecutor.accessTestSuiteMainPhase(TestSuiteExecutor.java:164)
	at com.kms.katalon.core.main.TestSuiteExecutor.execute(TestSuiteExecutor.java:105)
	at com.kms.katalon.core.main.TestCaseMain.startTestSuite(TestCaseMain.java:181)
	at com.kms.katalon.core.main.TestCaseMain$startTestSuite$0.call(Unknown Source)
	at TempTestSuite1642314164055.run(TempTestSuite1642314164055.groovy:36)
Caused by: com.kms.katalon.core.webui.exception.WebElementNotFoundException: Web element with id: 'Object Repository/forum/Page_Dashboard/a_Online users' located by '//*/text()[normalize-space(.)='Online users']/parent::*' not found
	at com.kms.katalon.core.webui.common.WebUiCommonHelper.findWebElement(WebUiCommonHelper.java:1368)
	at com.kms.katalon.core.webui.keyword.internal.WebUIAbstractKeyword.findWebElement(WebUIAbstractKeyword.groovy:27)
	at com.kms.katalon.core.webui.keyword.builtin.ClickKeyword$_click_closure1.doCall(ClickKeyword.groovy:65)
	at com.kms.katalon.core.webui.keyword.builtin.ClickKeyword$_click_closure1.call(ClickKeyword.groovy)
	at com.kms.katalon.core.webui.keyword.internal.WebUIKeywordMain.runKeyword(WebUIKeywordMain.groovy:20)
	at com.kms.katalon.core.webui.keyword.builtin.ClickKeyword.click(ClickKeyword.groovy:74)
	at com.kms.katalon.core.webui.keyword.builtin.ClickKeyword.execute(ClickKeyword.groovy:40)
	at com.kms.katalon.core.keyword.internal.KeywordExecutor.executeKeywordForPlatform(KeywordExecutor.groovy:74)
	at com.kms.katalon.core.webui.keyword.WebUiBuiltInKeywords.click(WebUiBuiltInKeywords.groovy:620)
	at com.kms.katalon.core.webui.keyword.WebUiBuiltInKeywords$click$1.call(Unknown Source)
	at Script1642063263421.run(Script1642063263421.groovy:38)
	... 13 more
)
[[ATTACHMENT|D:\\TestAutomation-SEBonus-Group10\\Test Automation - SE Bonus\\Reports\\20220116_132244\\Run all test cases\\20220116_132244\\1642315138521.png]]]]></system-out>
         <system-err><![CDATA[2022-01-16 13:38:13 - [TEST_CASE][FAILED] - Test Cases/Edit Mode on Dashboard - ADMIN: Test Cases/Edit Mode on Dashboard - ADMIN FAILED.
Reason:
com.kms.katalon.core.exception.StepFailedException: Unable to click on object 'Object Repository/forum/Page_Dashboard/a_Online users'
	at com.kms.katalon.core.webui.keyword.internal.WebUIKeywordMain.stepFailed(WebUIKeywordMain.groovy:64)
	at com.kms.katalon.core.webui.keyword.internal.WebUIKeywordMain.runKeyword(WebUIKeywordMain.groovy:26)
	at com.kms.katalon.core.webui.keyword.builtin.ClickKeyword.click(ClickKeyword.groovy:74)
	at com.kms.katalon.core.webui.keyword.builtin.ClickKeyword.execute(ClickKeyword.groovy:40)
	at com.kms.katalon.core.keyword.internal.KeywordExecutor.executeKeywordForPlatform(KeywordExecutor.groovy:74)
	at com.kms.katalon.core.webui.keyword.WebUiBuiltInKeywords.click(WebUiBuiltInKeywords.groovy:620)
	at com.kms.katalon.core.webui.keyword.WebUiBuiltInKeywords$click$1.call(Unknown Source)
	at Edit Mode on Dashboard - ADMIN.run(Edit Mode on Dashboard - ADMIN:38)
	at com.kms.katalon.core.main.ScriptEngine.run(ScriptEngine.java:194)
	at com.kms.katalon.core.main.ScriptEngine.runScriptAsRawText(ScriptEngine.java:119)
	at com.kms.katalon.core.main.TestCaseExecutor.runScript(TestCaseExecutor.java:442)
	at com.kms.katalon.core.main.TestCaseExecutor.doExecute(TestCaseExecutor.java:433)
	at com.kms.katalon.core.main.TestCaseExecutor.processExecutionPhase(TestCaseExecutor.java:412)
	at com.kms.katalon.core.main.TestCaseExecutor.accessMainPhase(TestCaseExecutor.java:404)
	at com.kms.katalon.core.main.TestCaseExecutor.execute(TestCaseExecutor.java:281)
	at com.kms.katalon.core.main.TestSuiteExecutor.accessTestCaseMainPhase(TestSuiteExecutor.java:202)
	at com.kms.katalon.core.main.TestSuiteExecutor.accessTestSuiteMainPhase(TestSuiteExecutor.java:164)
	at com.kms.katalon.core.main.TestSuiteExecutor.execute(TestSuiteExecutor.java:105)
	at com.kms.katalon.core.main.TestCaseMain.startTestSuite(TestCaseMain.java:181)
	at com.kms.katalon.core.main.TestCaseMain$startTestSuite$0.call(Unknown Source)
	at TempTestSuite1642314164055.run(TempTestSuite1642314164055.groovy:36)
Caused by: com.kms.katalon.core.webui.exception.WebElementNotFoundException: Web element with id: 'Object Repository/forum/Page_Dashboard/a_Online users' located by '//*/text()[normalize-space(.)='Online users']/parent::*' not found
	at com.kms.katalon.core.webui.common.WebUiCommonHelper.findWebElement(WebUiCommonHelper.java:1368)
	at com.kms.katalon.core.webui.keyword.internal.WebUIAbstractKeyword.findWebElement(WebUIAbstractKeyword.groovy:27)
	at com.kms.katalon.core.webui.keyword.builtin.ClickKeyword$_click_closure1.doCall(ClickKeyword.groovy:65)
	at com.kms.katalon.core.webui.keyword.builtin.ClickKeyword$_click_closure1.call(ClickKeyword.groovy)
	at com.kms.katalon.core.webui.keyword.internal.WebUIKeywordMain.runKeyword(WebUIKeywordMain.groovy:20)
	... 19 more]]></system-err>
      </testcase>
      <testcase name="Test Cases/Make an announcement" time="23.377" classname="Test Cases/Make an announcement" status="PASSED">
         <system-out><![CDATA[2022-01-16 13:38:58 - [TEST_CASE][PASSED] - Test Cases/Make an announcement: Test Cases/Make an announcement

2022-01-16 13:38:59 - [TEST_STEP][PASSED] - openBrowser(""): Browser is opened with url: ''

2022-01-16 13:38:59 - [MESSAGE][WARNING] - A browser is already opened. Closing browser and opening a new one

2022-01-16 13:39:00 - [MESSAGE][INFO] - Starting 'Edge Chromium' driver

2022-01-16 13:39:02 - [MESSAGE][INFO] - Action delay is set to 0 milliseconds

2022-01-16 13:39:03 - [MESSAGE][PASSED] - Browser is opened with url: ''

2022-01-16 13:39:03 - [TEST_STEP][PASSED] - navigateToUrl("localhost"): Navigate to 'http://localhost' successfully

2022-01-16 13:39:04 - [MESSAGE][PASSED] - Navigate to 'http://localhost' successfully

2022-01-16 13:39:04 - [TEST_STEP][PASSED] - click(findTestObject("Page_Home page/a_Log in")): Object: 'Object Repository/Page_Home page/a_Log in' is clicked on

2022-01-16 13:39:05 - [MESSAGE][PASSED] - Object: 'Object Repository/Page_Home page/a_Log in' is clicked on

2022-01-16 13:39:05 - [TEST_STEP][PASSED] - setText(findTestObject("Page_Home page Log in to the site/input_Username_username"), "teacher1"): Text 'teacher1' is set on object 'Object Repository/Page_Home page Log in to the site/input_Username_username'

2022-01-16 13:39:06 - [MESSAGE][PASSED] - Text 'teacher1' is set on object 'Object Repository/Page_Home page Log in to the site/input_Username_username'

2022-01-16 13:39:06 - [TEST_STEP][PASSED] - setText(findTestObject("Page_Home page Log in to the site/input_Password_password (1)"), "Group_10"): Text 'Group_10' is set on object 'Object Repository/Page_Home page Log in to the site/input_Password_password (1)'

2022-01-16 13:39:07 - [MESSAGE][PASSED] - Text 'Group_10' is set on object 'Object Repository/Page_Home page Log in to the site/input_Password_password (1)'

2022-01-16 13:39:07 - [TEST_STEP][PASSED] - click(findTestObject("Page_Home page Log in to the site/button_Log in")): Object: 'Object Repository/Page_Home page Log in to the site/button_Log in' is clicked on

2022-01-16 13:39:09 - [MESSAGE][PASSED] - Object: 'Object Repository/Page_Home page Log in to the site/button_Log in' is clicked on

2022-01-16 13:39:09 - [TEST_STEP][PASSED] - click(findTestObject("Page_Dashboard/a_My courses (1)")): Object: 'Object Repository/Page_Dashboard/a_My courses (1)' is clicked on

2022-01-16 13:39:10 - [MESSAGE][PASSED] - Object: 'Object Repository/Page_Dashboard/a_My courses (1)' is clicked on

2022-01-16 13:39:10 - [TEST_STEP][PASSED] - click(findTestObject("Page_My courses/span_Test Automation")): Object: 'Object Repository/Page_My courses/span_Test Automation' is clicked on

2022-01-16 13:39:12 - [MESSAGE][PASSED] - Object: 'Object Repository/Page_My courses/span_Test Automation' is clicked on

2022-01-16 13:39:12 - [TEST_STEP][PASSED] - click(findTestObject("Page_Course Test Automation/a_Announcements  Forum")): Object: 'Object Repository/Page_Course Test Automation/a_Announcements  Forum' is clicked on

2022-01-16 13:39:14 - [MESSAGE][PASSED] - Object: 'Object Repository/Page_Course Test Automation/a_Announcements  Forum' is clicked on

2022-01-16 13:39:14 - [TEST_STEP][PASSED] - click(findTestObject("Page_Course Test Automation/Page_Announcements/a_Add discussion topic")): Object: 'Object Repository/Page_Course Test Automation/Page_Announcements/a_Add discussion topic' is clicked on

2022-01-16 13:39:14 - [MESSAGE][PASSED] - Object: 'Object Repository/Page_Course Test Automation/Page_Announcements/a_Add discussion topic' is clicked on

2022-01-16 13:39:14 - [TEST_STEP][PASSED] - setText(findTestObject("Page_Course Test Automation/Page_Announcements/input_Subject_subject"), "Off next week"): Text 'Off next week' is set on object 'Object Repository/Page_Course Test Automation/Page_Announcements/input_Subject_subject'

2022-01-16 13:39:16 - [MESSAGE][PASSED] - Text 'Off next week' is set on object 'Object Repository/Page_Course Test Automation/Page_Announcements/input_Subject_subject'

2022-01-16 13:39:16 - [TEST_STEP][PASSED] - setText(findTestObject("Page_Course Test Automation/Page_Announcements/input_Message"), "Lecturer has a meeting next week"): Text 'Lecturer has a meeting next week' is set on object 'Object Repository/Page_Course Test Automation/Page_Announcements/input_Message'

2022-01-16 13:39:17 - [MESSAGE][PASSED] - Text 'Lecturer has a meeting next week' is set on object 'Object Repository/Page_Course Test Automation/Page_Announcements/input_Message'

2022-01-16 13:39:17 - [TEST_STEP][PASSED] - click(findTestObject("Page_Course Test Automation/Page_Announcements/submitbutton")): Object: 'Object Repository/Page_Course Test Automation/Page_Announcements/submitbutton' is clicked on

2022-01-16 13:39:19 - [MESSAGE][PASSED] - Object: 'Object Repository/Page_Course Test Automation/Page_Announcements/submitbutton' is clicked on

2022-01-16 13:39:19 - [TEST_STEP][PASSED] - click(findTestObject("Page_Dashboard/a_NH")): Object: 'Object Repository/Page_Dashboard/a_NH' is clicked on

2022-01-16 13:39:20 - [MESSAGE][PASSED] - Object: 'Object Repository/Page_Dashboard/a_NH' is clicked on

2022-01-16 13:39:20 - [TEST_STEP][PASSED] - click(findTestObject("Page_Dashboard/a_Log out")): Object: 'Object Repository/Page_Dashboard/a_Log out' is clicked on

2022-01-16 13:39:21 - [MESSAGE][PASSED] - Object: 'Object Repository/Page_Dashboard/a_Log out' is clicked on

2022-01-16 13:39:21 - [TEST_STEP][PASSED] - closeBrowser(): Browser is closed

2022-01-16 13:39:22 - [MESSAGE][PASSED] - Browser is closed]]></system-out>
         <system-err><![CDATA[]]></system-err>
      </testcase>
      <testcase name="Test Cases/Add assignment to course" time="26.527" classname="Test Cases/Add assignment to course" status="PASSED">
         <system-out><![CDATA[2022-01-16 13:39:22 - [TEST_CASE][PASSED] - Test Cases/Add assignment to course: Test Cases/Add assignment to course

2022-01-16 13:39:22 - [TEST_STEP][PASSED] - openBrowser(""): Browser is opened with url: ''

2022-01-16 13:39:22 - [MESSAGE][INFO] - Starting 'Edge Chromium' driver

2022-01-16 13:39:24 - [MESSAGE][INFO] - Action delay is set to 0 milliseconds

2022-01-16 13:39:25 - [MESSAGE][PASSED] - Browser is opened with url: ''

2022-01-16 13:39:25 - [TEST_STEP][PASSED] - navigateToUrl("localhost"): Navigate to 'http://localhost' successfully

2022-01-16 13:39:26 - [MESSAGE][PASSED] - Navigate to 'http://localhost' successfully

2022-01-16 13:39:26 - [TEST_STEP][PASSED] - click(findTestObject("Page_Home page/a_Log in")): Object: 'Object Repository/Page_Home page/a_Log in' is clicked on

2022-01-16 13:39:28 - [MESSAGE][PASSED] - Object: 'Object Repository/Page_Home page/a_Log in' is clicked on

2022-01-16 13:39:28 - [TEST_STEP][PASSED] - setText(findTestObject("Page_Home page Log in to the site/input_Username_username"), "teacher1"): Text 'teacher1' is set on object 'Object Repository/Page_Home page Log in to the site/input_Username_username'

2022-01-16 13:39:28 - [MESSAGE][PASSED] - Text 'teacher1' is set on object 'Object Repository/Page_Home page Log in to the site/input_Username_username'

2022-01-16 13:39:28 - [TEST_STEP][PASSED] - setText(findTestObject("Page_Home page Log in to the site/input_Password_password (1)"), "Group_10"): Text 'Group_10' is set on object 'Object Repository/Page_Home page Log in to the site/input_Password_password (1)'

2022-01-16 13:39:29 - [MESSAGE][PASSED] - Text 'Group_10' is set on object 'Object Repository/Page_Home page Log in to the site/input_Password_password (1)'

2022-01-16 13:39:29 - [TEST_STEP][PASSED] - click(findTestObject("Page_Home page Log in to the site/button_Log in")): Object: 'Object Repository/Page_Home page Log in to the site/button_Log in' is clicked on

2022-01-16 13:39:31 - [MESSAGE][PASSED] - Object: 'Object Repository/Page_Home page Log in to the site/button_Log in' is clicked on

2022-01-16 13:39:31 - [TEST_STEP][PASSED] - click(findTestObject("Page_Dashboard/a_My courses (1)")): Object: 'Object Repository/Page_Dashboard/a_My courses (1)' is clicked on

2022-01-16 13:39:32 - [MESSAGE][PASSED] - Object: 'Object Repository/Page_Dashboard/a_My courses (1)' is clicked on

2022-01-16 13:39:32 - [TEST_STEP][PASSED] - click(findTestObject("Page_My courses/span_Test Automation")): Object: 'Object Repository/Page_My courses/span_Test Automation' is clicked on

2022-01-16 13:39:34 - [MESSAGE][PASSED] - Object: 'Object Repository/Page_My courses/span_Test Automation' is clicked on

2022-01-16 13:39:34 - [TEST_STEP][PASSED] - click(findTestObject("Page_Course Test Automation/input_Edit mode_setmode")): Object: 'Object Repository/Page_Course Test Automation/input_Edit mode_setmode' is clicked on

2022-01-16 13:39:35 - [MESSAGE][PASSED] - Object: 'Object Repository/Page_Course Test Automation/input_Edit mode_setmode' is clicked on

2022-01-16 13:39:35 - [TEST_STEP][PASSED] - click(findTestObject("Page_Course Test Automation/span_Add an activity or resource")): Object: 'Object Repository/Page_Course Test Automation/span_Add an activity or resource' is clicked on

2022-01-16 13:39:37 - [MESSAGE][PASSED] - Object: 'Object Repository/Page_Course Test Automation/span_Add an activity or resource' is clicked on

2022-01-16 13:39:37 - [TEST_STEP][PASSED] - click(findTestObject("Page_Course Test Automation/img_Recommended_icon icon activityicon")): Object: 'Object Repository/Page_Course Test Automation/img_Recommended_icon icon activityicon' is clicked on

2022-01-16 13:39:40 - [MESSAGE][PASSED] - Object: 'Object Repository/Page_Course Test Automation/img_Recommended_icon icon activityicon' is clicked on

2022-01-16 13:39:40 - [TEST_STEP][PASSED] - setText(findTestObject("Page_Course Test Automation/Page_Editing Assignment/input_name-assignment"), "Bonus assignment"): Text 'Bonus assignment' is set on object 'Object Repository/Page_Course Test Automation/Page_Editing Assignment/input_name-assignment'

2022-01-16 13:39:42 - [MESSAGE][PASSED] - Text 'Bonus assignment' is set on object 'Object Repository/Page_Course Test Automation/Page_Editing Assignment/input_name-assignment'

2022-01-16 13:39:42 - [TEST_STEP][PASSED] - setText(findTestObject("Page_Course Test Automation/Page_Editing Assignment/input_description_assignment"), "MSSV.zip/rar"): Text 'MSSV.zip/rar' is set on object 'Object Repository/Page_Course Test Automation/Page_Editing Assignment/input_description_assignment'

2022-01-16 13:39:43 - [MESSAGE][PASSED] - Text 'MSSV.zip/rar' is set on object 'Object Repository/Page_Course Test Automation/Page_Editing Assignment/input_description_assignment'

2022-01-16 13:39:43 - [TEST_STEP][PASSED] - click(findTestObject("Page_Course Test Automation/Page_Editing Assignment/submitbutton-assignment")): Object: 'Object Repository/Page_Course Test Automation/Page_Editing Assignment/submitbutton-assignment' is clicked on

2022-01-16 13:39:45 - [MESSAGE][PASSED] - Object: 'Object Repository/Page_Course Test Automation/Page_Editing Assignment/submitbutton-assignment' is clicked on

2022-01-16 13:39:45 - [TEST_STEP][PASSED] - click(findTestObject("Page_Dashboard/a_NH")): Object: 'Object Repository/Page_Dashboard/a_NH' is clicked on

2022-01-16 13:39:46 - [MESSAGE][PASSED] - Object: 'Object Repository/Page_Dashboard/a_NH' is clicked on

2022-01-16 13:39:46 - [TEST_STEP][PASSED] - click(findTestObject("Page_Dashboard/a_Log out")): Object: 'Object Repository/Page_Dashboard/a_Log out' is clicked on

2022-01-16 13:39:47 - [MESSAGE][PASSED] - Object: 'Object Repository/Page_Dashboard/a_Log out' is clicked on

2022-01-16 13:39:47 - [TEST_STEP][PASSED] - closeBrowser(): Browser is closed

2022-01-16 13:39:48 - [MESSAGE][PASSED] - Browser is closed]]></system-out>
         <system-err><![CDATA[]]></system-err>
      </testcase>
      <testcase name="Test Cases/Edit assignment" time="25.61" classname="Test Cases/Edit assignment" status="PASSED">
         <system-out><![CDATA[2022-01-16 13:39:48 - [TEST_CASE][PASSED] - Test Cases/Edit assignment: Test Cases/Edit assignment

2022-01-16 13:39:49 - [TEST_STEP][PASSED] - openBrowser(""): Browser is opened with url: ''

2022-01-16 13:39:49 - [MESSAGE][INFO] - Starting 'Edge Chromium' driver

2022-01-16 13:39:51 - [MESSAGE][INFO] - Action delay is set to 0 milliseconds

2022-01-16 13:39:52 - [MESSAGE][PASSED] - Browser is opened with url: ''

2022-01-16 13:39:52 - [TEST_STEP][PASSED] - navigateToUrl("localhost"): Navigate to 'http://localhost' successfully

2022-01-16 13:39:53 - [MESSAGE][PASSED] - Navigate to 'http://localhost' successfully

2022-01-16 13:39:53 - [TEST_STEP][PASSED] - click(findTestObject("Page_Home page/a_Log in")): Object: 'Object Repository/Page_Home page/a_Log in' is clicked on

2022-01-16 13:39:54 - [MESSAGE][PASSED] - Object: 'Object Repository/Page_Home page/a_Log in' is clicked on

2022-01-16 13:39:54 - [TEST_STEP][PASSED] - setText(findTestObject("Page_Home page Log in to the site/input_Username_username"), "teacher1"): Text 'teacher1' is set on object 'Object Repository/Page_Home page Log in to the site/input_Username_username'

2022-01-16 13:39:55 - [MESSAGE][PASSED] - Text 'teacher1' is set on object 'Object Repository/Page_Home page Log in to the site/input_Username_username'

2022-01-16 13:39:55 - [TEST_STEP][PASSED] - setText(findTestObject("Page_Home page Log in to the site/input_Password_password (1)"), "Group_10"): Text 'Group_10' is set on object 'Object Repository/Page_Home page Log in to the site/input_Password_password (1)'

2022-01-16 13:39:56 - [MESSAGE][PASSED] - Text 'Group_10' is set on object 'Object Repository/Page_Home page Log in to the site/input_Password_password (1)'

2022-01-16 13:39:56 - [TEST_STEP][PASSED] - click(findTestObject("Page_Home page Log in to the site/button_Log in")): Object: 'Object Repository/Page_Home page Log in to the site/button_Log in' is clicked on

2022-01-16 13:39:58 - [MESSAGE][PASSED] - Object: 'Object Repository/Page_Home page Log in to the site/button_Log in' is clicked on

2022-01-16 13:39:58 - [TEST_STEP][PASSED] - click(findTestObject("Page_Dashboard/a_My courses (1)")): Object: 'Object Repository/Page_Dashboard/a_My courses (1)' is clicked on

2022-01-16 13:39:59 - [MESSAGE][PASSED] - Object: 'Object Repository/Page_Dashboard/a_My courses (1)' is clicked on

2022-01-16 13:39:59 - [TEST_STEP][PASSED] - click(findTestObject("Page_My courses/span_Test Automation")): Object: 'Object Repository/Page_My courses/span_Test Automation' is clicked on

2022-01-16 13:40:01 - [MESSAGE][PASSED] - Object: 'Object Repository/Page_My courses/span_Test Automation' is clicked on

2022-01-16 13:40:01 - [TEST_STEP][PASSED] - click(findTestObject("Page_Course Test Automation/input_Edit mode_setmode")): Object: 'Object Repository/Page_Course Test Automation/input_Edit mode_setmode' is clicked on

2022-01-16 13:40:02 - [MESSAGE][PASSED] - Object: 'Object Repository/Page_Course Test Automation/input_Edit mode_setmode' is clicked on

2022-01-16 13:40:02 - [TEST_STEP][PASSED] - click(findTestObject("Page_Course Test Automation/btn-setting-assignment")): Object: 'Object Repository/Page_Course Test Automation/btn-setting-assignment' is clicked on

2022-01-16 13:40:04 - [MESSAGE][PASSED] - Object: 'Object Repository/Page_Course Test Automation/btn-setting-assignment' is clicked on

2022-01-16 13:40:04 - [TEST_STEP][PASSED] - click(findTestObject("Page_Course Test Automation/span_Edit settings")): Object: 'Object Repository/Page_Course Test Automation/span_Edit settings' is clicked on

2022-01-16 13:40:06 - [MESSAGE][PASSED] - Object: 'Object Repository/Page_Course Test Automation/span_Edit settings' is clicked on

2022-01-16 13:40:06 - [TEST_STEP][PASSED] - setText(findTestObject("Page_Course Test Automation/Page_Editing Assignment/input_name-assignment"), "Bonus assignment (Extend 1 week)"): Text 'Bonus assignment (Extend 1 week)' is set on object 'Object Repository/Page_Course Test Automation/Page_Editing Assignment/input_name-assignment'

2022-01-16 13:40:08 - [MESSAGE][PASSED] - Text 'Bonus assignment (Extend 1 week)' is set on object 'Object Repository/Page_Course Test Automation/Page_Editing Assignment/input_name-assignment'

2022-01-16 13:40:08 - [TEST_STEP][PASSED] - selectOptionByValue(findTestObject("Page_Course Test Automation/Page_Editing Assignment/set-deadline"), "27", false): All options with value '27' are selected in object 'Object Repository/Page_Course Test Automation/Page_Editing Assignment/set-deadline' 

2022-01-16 13:40:09 - [MESSAGE][PASSED] - All options with value '27' are selected in object 'Object Repository/Page_Course Test Automation/Page_Editing Assignment/set-deadline' 

2022-01-16 13:40:09 - [TEST_STEP][PASSED] - click(findTestObject("Page_Course Test Automation/Page_Editing Assignment/submitbutton-assignment")): Object: 'Object Repository/Page_Course Test Automation/Page_Editing Assignment/submitbutton-assignment' is clicked on

2022-01-16 13:40:11 - [MESSAGE][PASSED] - Object: 'Object Repository/Page_Course Test Automation/Page_Editing Assignment/submitbutton-assignment' is clicked on

2022-01-16 13:40:11 - [TEST_STEP][PASSED] - click(findTestObject("Page_Dashboard/a_NH")): Object: 'Object Repository/Page_Dashboard/a_NH' is clicked on

2022-01-16 13:40:12 - [MESSAGE][PASSED] - Object: 'Object Repository/Page_Dashboard/a_NH' is clicked on

2022-01-16 13:40:12 - [TEST_STEP][PASSED] - click(findTestObject("Page_Dashboard/a_Log out")): Object: 'Object Repository/Page_Dashboard/a_Log out' is clicked on

2022-01-16 13:40:13 - [MESSAGE][PASSED] - Object: 'Object Repository/Page_Dashboard/a_Log out' is clicked on

2022-01-16 13:40:13 - [TEST_STEP][PASSED] - closeBrowser(): Browser is closed

2022-01-16 13:40:14 - [MESSAGE][PASSED] - Browser is closed]]></system-out>
         <system-err><![CDATA[]]></system-err>
      </testcase>
      <testcase name="Test Cases/Add event to calendar" time="37.603" classname="Test Cases/Add event to calendar" status="PASSED">
         <system-out><![CDATA[2022-01-16 13:40:14 - [TEST_CASE][PASSED] - Test Cases/Add event to calendar: Test Cases/Add event to calendar

2022-01-16 13:40:14 - [TEST_STEP][PASSED] - openBrowser(""): Browser is opened with url: ''

2022-01-16 13:40:14 - [MESSAGE][INFO] - Starting 'Edge Chromium' driver

2022-01-16 13:40:16 - [MESSAGE][INFO] - Action delay is set to 0 milliseconds

2022-01-16 13:40:17 - [MESSAGE][PASSED] - Browser is opened with url: ''

2022-01-16 13:40:17 - [TEST_STEP][PASSED] - navigateToUrl("localhost"): Navigate to 'http://localhost' successfully

2022-01-16 13:40:18 - [MESSAGE][PASSED] - Navigate to 'http://localhost' successfully

2022-01-16 13:40:18 - [TEST_STEP][PASSED] - click(findTestObject("Page_Home page/a_Log in")): Object: 'Object Repository/Page_Home page/a_Log in' is clicked on

2022-01-16 13:40:19 - [MESSAGE][PASSED] - Object: 'Object Repository/Page_Home page/a_Log in' is clicked on

2022-01-16 13:40:19 - [TEST_STEP][PASSED] - setText(findTestObject("Page_Home page Log in to the site/input_Username_username"), "teacher1"): Text 'teacher1' is set on object 'Object Repository/Page_Home page Log in to the site/input_Username_username'

2022-01-16 13:40:20 - [MESSAGE][PASSED] - Text 'teacher1' is set on object 'Object Repository/Page_Home page Log in to the site/input_Username_username'

2022-01-16 13:40:20 - [TEST_STEP][PASSED] - setText(findTestObject("Page_Home page Log in to the site/input_Password_password (1)"), "Group_10"): Text 'Group_10' is set on object 'Object Repository/Page_Home page Log in to the site/input_Password_password (1)'

2022-01-16 13:40:21 - [MESSAGE][PASSED] - Text 'Group_10' is set on object 'Object Repository/Page_Home page Log in to the site/input_Password_password (1)'

2022-01-16 13:40:21 - [TEST_STEP][PASSED] - click(findTestObject("Page_Home page Log in to the site/button_Log in")): Object: 'Object Repository/Page_Home page Log in to the site/button_Log in' is clicked on

2022-01-16 13:40:23 - [MESSAGE][PASSED] - Object: 'Object Repository/Page_Home page Log in to the site/button_Log in' is clicked on

2022-01-16 13:40:23 - [TEST_STEP][PASSED] - click(findTestObject("Page_Dashboard/a_My courses (1)")): Object: 'Object Repository/Page_Dashboard/a_My courses (1)' is clicked on

2022-01-16 13:40:24 - [MESSAGE][PASSED] - Object: 'Object Repository/Page_Dashboard/a_My courses (1)' is clicked on

2022-01-16 13:40:24 - [TEST_STEP][PASSED] - click(findTestObject("Page_My courses/span_Test Automation")): Object: 'Object Repository/Page_My courses/span_Test Automation' is clicked on

2022-01-16 13:40:26 - [MESSAGE][PASSED] - Object: 'Object Repository/Page_My courses/span_Test Automation' is clicked on

2022-01-16 13:40:26 - [TEST_STEP][PASSED] - click(findTestObject("Page_Course Test Automation/input_Edit mode_setmode")): Object: 'Object Repository/Page_Course Test Automation/input_Edit mode_setmode' is clicked on

2022-01-16 13:40:27 - [MESSAGE][PASSED] - Object: 'Object Repository/Page_Course Test Automation/input_Edit mode_setmode' is clicked on

2022-01-16 13:40:27 - [TEST_STEP][PASSED] - click(findTestObject("Page_Course Test Automation/span_Add an activity or resource_2")): Object: 'Object Repository/Page_Course Test Automation/span_Add an activity or resource_2' is clicked on

2022-01-16 13:40:29 - [MESSAGE][PASSED] - Object: 'Object Repository/Page_Course Test Automation/span_Add an activity or resource_2' is clicked on

2022-01-16 13:40:29 - [TEST_STEP][PASSED] - click(findTestObject("Page_Course Test Automation/img_Recommended_icon icon activityicon")): Object: 'Object Repository/Page_Course Test Automation/img_Recommended_icon icon activityicon' is clicked on

2022-01-16 13:40:32 - [MESSAGE][PASSED] - Object: 'Object Repository/Page_Course Test Automation/img_Recommended_icon icon activityicon' is clicked on

2022-01-16 13:40:32 - [TEST_STEP][PASSED] - setText(findTestObject("Page_Course Test Automation/Page_Editing Assignment/input_name-assignment"), "Midterm"): Text 'Midterm' is set on object 'Object Repository/Page_Course Test Automation/Page_Editing Assignment/input_name-assignment'

2022-01-16 13:40:33 - [MESSAGE][PASSED] - Text 'Midterm' is set on object 'Object Repository/Page_Course Test Automation/Page_Editing Assignment/input_name-assignment'

2022-01-16 13:40:33 - [TEST_STEP][PASSED] - setText(findTestObject("Page_Course Test Automation/Page_Editing Assignment/input_description_assignment"), "MSSV.pdf"): Text 'MSSV.pdf' is set on object 'Object Repository/Page_Course Test Automation/Page_Editing Assignment/input_description_assignment'

2022-01-16 13:40:35 - [MESSAGE][PASSED] - Text 'MSSV.pdf' is set on object 'Object Repository/Page_Course Test Automation/Page_Editing Assignment/input_description_assignment'

2022-01-16 13:40:35 - [TEST_STEP][PASSED] - selectOptionByValue(findTestObject("Page_Course Test Automation/Page_Editing Assignment/select_allow_submit_day"), "20", false): All options with value '20' are selected in object 'Object Repository/Page_Course Test Automation/Page_Editing Assignment/select_allow_submit_day' 

2022-01-16 13:40:35 - [MESSAGE][PASSED] - All options with value '20' are selected in object 'Object Repository/Page_Course Test Automation/Page_Editing Assignment/select_allow_submit_day' 

2022-01-16 13:40:35 - [TEST_STEP][PASSED] - selectOptionByValue(findTestObject("Page_Course Test Automation/Page_Editing Assignment/select_allow_submit_time"), "13", false): All options with value '13' are selected in object 'Object Repository/Page_Course Test Automation/Page_Editing Assignment/select_allow_submit_time' 

2022-01-16 13:40:36 - [MESSAGE][PASSED] - All options with value '13' are selected in object 'Object Repository/Page_Course Test Automation/Page_Editing Assignment/select_allow_submit_time' 

2022-01-16 13:40:36 - [TEST_STEP][PASSED] - selectOptionByValue(findTestObject("Page_Course Test Automation/Page_Editing Assignment/select_due_date_day"), "20", false): All options with value '20' are selected in object 'Object Repository/Page_Course Test Automation/Page_Editing Assignment/select_due_date_day' 

2022-01-16 13:40:37 - [MESSAGE][PASSED] - All options with value '20' are selected in object 'Object Repository/Page_Course Test Automation/Page_Editing Assignment/select_due_date_day' 

2022-01-16 13:40:37 - [TEST_STEP][PASSED] - selectOptionByValue(findTestObject("Page_Course Test Automation/Page_Editing Assignment/select_due_date_time"), "15", false): All options with value '15' are selected in object 'Object Repository/Page_Course Test Automation/Page_Editing Assignment/select_due_date_time' 

2022-01-16 13:40:38 - [MESSAGE][PASSED] - All options with value '15' are selected in object 'Object Repository/Page_Course Test Automation/Page_Editing Assignment/select_due_date_time' 

2022-01-16 13:40:38 - [TEST_STEP][PASSED] - click(findTestObject("Page_Course Test Automation/Page_Editing Assignment/submitbutton-assignment")): Object: 'Object Repository/Page_Course Test Automation/Page_Editing Assignment/submitbutton-assignment' is clicked on

2022-01-16 13:40:41 - [MESSAGE][PASSED] - Object: 'Object Repository/Page_Course Test Automation/Page_Editing Assignment/submitbutton-assignment' is clicked on

2022-01-16 13:40:41 - [TEST_STEP][PASSED] - click(findTestObject("Page_My courses/a_Dashboard")): Object: 'Object Repository/Page_My courses/a_Dashboard' is clicked on

2022-01-16 13:40:43 - [MESSAGE][PASSED] - Object: 'Object Repository/Page_My courses/a_Dashboard' is clicked on

2022-01-16 13:40:43 - [TEST_STEP][PASSED] - click(findTestObject("Page_Course Test Automation/input_Edit mode_setmode")): Object: 'Object Repository/Page_Course Test Automation/input_Edit mode_setmode' is clicked on

2022-01-16 13:40:44 - [MESSAGE][PASSED] - Object: 'Object Repository/Page_Course Test Automation/input_Edit mode_setmode' is clicked on

2022-01-16 13:40:44 - [TEST_STEP][PASSED] - click(findTestObject("Page_Course Test Automation/view_event")): Object: 'Object Repository/Page_Course Test Automation/view_event' is clicked on

2022-01-16 13:40:46 - [MESSAGE][PASSED] - Object: 'Object Repository/Page_Course Test Automation/view_event' is clicked on

2022-01-16 13:40:46 - [TEST_STEP][PASSED] - click(findTestObject("Page_Course Test Automation/Page_Group10 Calendar Day view Thursday, 20 January 2022/h3_Midterm is due")): Object: 'Object Repository/Page_Course Test Automation/Page_Group10 Calendar Day view Thursday, 20 January 2022/h3_Midterm is due' is clicked on

2022-01-16 13:40:47 - [MESSAGE][PASSED] - Object: 'Object Repository/Page_Course Test Automation/Page_Group10 Calendar Day view Thursday, 20 January 2022/h3_Midterm is due' is clicked on

2022-01-16 13:40:47 - [TEST_STEP][PASSED] - click(findTestObject("Page_Course Test Automation/Page_Group10 Calendar Day view Thursday, 20 January 2022/a_Go to activity")): Object: 'Object Repository/Page_Course Test Automation/Page_Group10 Calendar Day view Thursday, 20 January 2022/a_Go to activity' is clicked on

2022-01-16 13:40:49 - [MESSAGE][PASSED] - Object: 'Object Repository/Page_Course Test Automation/Page_Group10 Calendar Day view Thursday, 20 January 2022/a_Go to activity' is clicked on

2022-01-16 13:40:49 - [TEST_STEP][PASSED] - click(findTestObject("Page_Dashboard/a_NH")): Object: 'Object Repository/Page_Dashboard/a_NH' is clicked on

2022-01-16 13:40:49 - [MESSAGE][PASSED] - Object: 'Object Repository/Page_Dashboard/a_NH' is clicked on

2022-01-16 13:40:49 - [TEST_STEP][PASSED] - click(findTestObject("Page_Dashboard/a_Log out")): Object: 'Object Repository/Page_Dashboard/a_Log out' is clicked on

2022-01-16 13:40:51 - [MESSAGE][PASSED] - Object: 'Object Repository/Page_Dashboard/a_Log out' is clicked on

2022-01-16 13:40:51 - [TEST_STEP][PASSED] - closeBrowser(): Browser is closed

2022-01-16 13:40:52 - [MESSAGE][PASSED] - Browser is closed]]></system-out>
         <system-err><![CDATA[]]></system-err>
      </testcase>
      <testcase name="Test Cases/Add a lesson note" time="27.356" classname="Test Cases/Add a lesson note" status="PASSED">
         <system-out><![CDATA[2022-01-16 13:40:52 - [TEST_CASE][PASSED] - Test Cases/Add a lesson note: Test Cases/Add a lesson note

2022-01-16 13:40:52 - [TEST_STEP][PASSED] - openBrowser(""): Browser is opened with url: ''

2022-01-16 13:40:52 - [MESSAGE][INFO] - Starting 'Edge Chromium' driver

2022-01-16 13:40:54 - [MESSAGE][INFO] - Action delay is set to 0 milliseconds

2022-01-16 13:40:55 - [MESSAGE][PASSED] - Browser is opened with url: ''

2022-01-16 13:40:55 - [TEST_STEP][PASSED] - navigateToUrl("localhost"): Navigate to 'http://localhost' successfully

2022-01-16 13:40:56 - [MESSAGE][PASSED] - Navigate to 'http://localhost' successfully

2022-01-16 13:40:56 - [TEST_STEP][PASSED] - click(findTestObject("Page_Home page/a_Log in")): Object: 'Object Repository/Page_Home page/a_Log in' is clicked on

2022-01-16 13:40:57 - [MESSAGE][PASSED] - Object: 'Object Repository/Page_Home page/a_Log in' is clicked on

2022-01-16 13:40:57 - [TEST_STEP][PASSED] - setText(findTestObject("Page_Home page Log in to the site/input_Username_username"), "teacher1"): Text 'teacher1' is set on object 'Object Repository/Page_Home page Log in to the site/input_Username_username'

2022-01-16 13:40:58 - [MESSAGE][PASSED] - Text 'teacher1' is set on object 'Object Repository/Page_Home page Log in to the site/input_Username_username'

2022-01-16 13:40:58 - [TEST_STEP][PASSED] - setText(findTestObject("Page_Home page Log in to the site/input_Password_password (1)"), "Group_10"): Text 'Group_10' is set on object 'Object Repository/Page_Home page Log in to the site/input_Password_password (1)'

2022-01-16 13:40:59 - [MESSAGE][PASSED] - Text 'Group_10' is set on object 'Object Repository/Page_Home page Log in to the site/input_Password_password (1)'

2022-01-16 13:40:59 - [TEST_STEP][PASSED] - click(findTestObject("Page_Home page Log in to the site/button_Log in")): Object: 'Object Repository/Page_Home page Log in to the site/button_Log in' is clicked on

2022-01-16 13:41:01 - [MESSAGE][PASSED] - Object: 'Object Repository/Page_Home page Log in to the site/button_Log in' is clicked on

2022-01-16 13:41:01 - [TEST_STEP][PASSED] - click(findTestObject("Page_Dashboard/a_My courses (1)")): Object: 'Object Repository/Page_Dashboard/a_My courses (1)' is clicked on

2022-01-16 13:41:02 - [MESSAGE][PASSED] - Object: 'Object Repository/Page_Dashboard/a_My courses (1)' is clicked on

2022-01-16 13:41:02 - [TEST_STEP][PASSED] - click(findTestObject("Page_My courses/span_Test Automation")): Object: 'Object Repository/Page_My courses/span_Test Automation' is clicked on

2022-01-16 13:41:04 - [MESSAGE][PASSED] - Object: 'Object Repository/Page_My courses/span_Test Automation' is clicked on

2022-01-16 13:41:04 - [TEST_STEP][PASSED] - click(findTestObject("Page_Course Test Automation/input_Edit mode_setmode")): Object: 'Object Repository/Page_Course Test Automation/input_Edit mode_setmode' is clicked on

2022-01-16 13:41:05 - [MESSAGE][PASSED] - Object: 'Object Repository/Page_Course Test Automation/input_Edit mode_setmode' is clicked on

2022-01-16 13:41:05 - [TEST_STEP][PASSED] - click(findTestObject("Page_Course Test Automation/Add lesson note/button_Add an activity or resource")): Object: 'Object Repository/Page_Course Test Automation/Add lesson note/button_Add an activity or resource' is clicked on

2022-01-16 13:41:07 - [MESSAGE][PASSED] - Object: 'Object Repository/Page_Course Test Automation/Add lesson note/button_Add an activity or resource' is clicked on

2022-01-16 13:41:07 - [TEST_STEP][PASSED] - click(findTestObject("Page_Course Test Automation/Add lesson note/icon file")): Object: 'Object Repository/Page_Course Test Automation/Add lesson note/icon file' is clicked on

2022-01-16 13:41:09 - [MESSAGE][PASSED] - Object: 'Object Repository/Page_Course Test Automation/Add lesson note/icon file' is clicked on

2022-01-16 13:41:09 - [TEST_STEP][PASSED] - setText(findTestObject("Page_Course Test Automation/Add lesson note/input_Name_name"), "Lesson note - Week 01"): Text 'Lesson note - Week 01' is set on object 'Object Repository/Page_Course Test Automation/Add lesson note/input_Name_name'

2022-01-16 13:41:11 - [MESSAGE][PASSED] - Text 'Lesson note - Week 01' is set on object 'Object Repository/Page_Course Test Automation/Add lesson note/input_Name_name'

2022-01-16 13:41:11 - [TEST_STEP][PASSED] - click(findTestObject("Page_Course Test Automation/Add lesson note/Select file in general")): Object: 'Object Repository/Page_Course Test Automation/Add lesson note/Select file in general' is clicked on

2022-01-16 13:41:12 - [MESSAGE][PASSED] - Object: 'Object Repository/Page_Course Test Automation/Add lesson note/Select file in general' is clicked on

2022-01-16 13:41:12 - [TEST_STEP][PASSED] - click(findTestObject("Page_Course Test Automation/Add lesson note/select upload file method")): Object: 'Object Repository/Page_Course Test Automation/Add lesson note/select upload file method' is clicked on

2022-01-16 13:41:12 - [MESSAGE][PASSED] - Object: 'Object Repository/Page_Course Test Automation/Add lesson note/select upload file method' is clicked on

2022-01-16 13:41:12 - [TEST_STEP][PASSED] - uploadFile(findTestObject("Page_Course Test Automation/Add lesson note/choose file upload"), "D:\TestAutomation-SEBonus-Group10\Note-Week01.docx"): File 'D:\TestAutomation-SEBonus-Group10\Note-Week01.docx' sent to object: 'Object Repository/Page_Course Test Automation/Add lesson note/choose file upload'

2022-01-16 13:41:13 - [MESSAGE][PASSED] - File 'D:\TestAutomation-SEBonus-Group10\Note-Week01.docx' sent to object: 'Object Repository/Page_Course Test Automation/Add lesson note/choose file upload'

2022-01-16 13:41:13 - [TEST_STEP][PASSED] - click(findTestObject("Page_Course Test Automation/Add lesson note/button_Upload this file")): Object: 'Object Repository/Page_Course Test Automation/Add lesson note/button_Upload this file' is clicked on

2022-01-16 13:41:13 - [MESSAGE][PASSED] - Object: 'Object Repository/Page_Course Test Automation/Add lesson note/button_Upload this file' is clicked on

2022-01-16 13:41:13 - [TEST_STEP][PASSED] - click(findTestObject("Page_Course Test Automation/Add lesson note/submitbutton")): Object: 'Object Repository/Page_Course Test Automation/Add lesson note/submitbutton' is clicked on

2022-01-16 13:41:16 - [MESSAGE][PASSED] - Object: 'Object Repository/Page_Course Test Automation/Add lesson note/submitbutton' is clicked on

2022-01-16 13:41:16 - [TEST_STEP][PASSED] - click(findTestObject("Page_Dashboard/a_NH")): Object: 'Object Repository/Page_Dashboard/a_NH' is clicked on

2022-01-16 13:41:17 - [MESSAGE][PASSED] - Object: 'Object Repository/Page_Dashboard/a_NH' is clicked on

2022-01-16 13:41:17 - [TEST_STEP][PASSED] - click(findTestObject("Page_Dashboard/a_Log out")): Object: 'Object Repository/Page_Dashboard/a_Log out' is clicked on

2022-01-16 13:41:18 - [MESSAGE][PASSED] - Object: 'Object Repository/Page_Dashboard/a_Log out' is clicked on

2022-01-16 13:41:18 - [TEST_STEP][PASSED] - closeBrowser(): Browser is closed

2022-01-16 13:41:19 - [MESSAGE][PASSED] - Browser is closed]]></system-out>
         <system-err><![CDATA[]]></system-err>
      </testcase>
      <testcase name="Test Cases/Delete a lesson note" time="29.189" classname="Test Cases/Delete a lesson note" status="PASSED">
         <system-out><![CDATA[2022-01-16 13:41:19 - [TEST_CASE][PASSED] - Test Cases/Delete a lesson note: Test Cases/Delete a lesson note

2022-01-16 13:41:19 - [TEST_STEP][PASSED] - openBrowser(""): Browser is opened with url: ''

2022-01-16 13:41:19 - [MESSAGE][INFO] - Starting 'Edge Chromium' driver

2022-01-16 13:41:21 - [MESSAGE][INFO] - Action delay is set to 0 milliseconds

2022-01-16 13:41:22 - [MESSAGE][PASSED] - Browser is opened with url: ''

2022-01-16 13:41:22 - [TEST_STEP][PASSED] - navigateToUrl("localhost"): Navigate to 'http://localhost' successfully

2022-01-16 13:41:23 - [MESSAGE][PASSED] - Navigate to 'http://localhost' successfully

2022-01-16 13:41:23 - [TEST_STEP][PASSED] - click(findTestObject("Page_Home page/a_Log in")): Object: 'Object Repository/Page_Home page/a_Log in' is clicked on

2022-01-16 13:41:24 - [MESSAGE][PASSED] - Object: 'Object Repository/Page_Home page/a_Log in' is clicked on

2022-01-16 13:41:24 - [TEST_STEP][PASSED] - setText(findTestObject("Page_Home page Log in to the site/input_Username_username"), "teacher1"): Text 'teacher1' is set on object 'Object Repository/Page_Home page Log in to the site/input_Username_username'

2022-01-16 13:41:25 - [MESSAGE][PASSED] - Text 'teacher1' is set on object 'Object Repository/Page_Home page Log in to the site/input_Username_username'

2022-01-16 13:41:25 - [TEST_STEP][PASSED] - setText(findTestObject("Page_Home page Log in to the site/input_Password_password (1)"), "Group_10"): Text 'Group_10' is set on object 'Object Repository/Page_Home page Log in to the site/input_Password_password (1)'

2022-01-16 13:41:26 - [MESSAGE][PASSED] - Text 'Group_10' is set on object 'Object Repository/Page_Home page Log in to the site/input_Password_password (1)'

2022-01-16 13:41:26 - [TEST_STEP][PASSED] - click(findTestObject("Page_Home page Log in to the site/button_Log in")): Object: 'Object Repository/Page_Home page Log in to the site/button_Log in' is clicked on

2022-01-16 13:41:28 - [MESSAGE][PASSED] - Object: 'Object Repository/Page_Home page Log in to the site/button_Log in' is clicked on

2022-01-16 13:41:28 - [TEST_STEP][PASSED] - click(findTestObject("Page_Dashboard/a_My courses (1)")): Object: 'Object Repository/Page_Dashboard/a_My courses (1)' is clicked on

2022-01-16 13:41:29 - [MESSAGE][PASSED] - Object: 'Object Repository/Page_Dashboard/a_My courses (1)' is clicked on

2022-01-16 13:41:29 - [TEST_STEP][PASSED] - click(findTestObject("Page_My courses/span_Test Automation")): Object: 'Object Repository/Page_My courses/span_Test Automation' is clicked on

2022-01-16 13:41:31 - [MESSAGE][PASSED] - Object: 'Object Repository/Page_My courses/span_Test Automation' is clicked on

2022-01-16 13:41:31 - [TEST_STEP][PASSED] - click(findTestObject("Page_Course Test Automation/input_Edit mode_setmode")): Object: 'Object Repository/Page_Course Test Automation/input_Edit mode_setmode' is clicked on

2022-01-16 13:41:32 - [MESSAGE][PASSED] - Object: 'Object Repository/Page_Course Test Automation/input_Edit mode_setmode' is clicked on

2022-01-16 13:41:32 - [TEST_STEP][PASSED] - click(findTestObject("Page_Course Test Automation/Add lesson note/button_Add an activity or resource")): Object: 'Object Repository/Page_Course Test Automation/Add lesson note/button_Add an activity or resource' is clicked on

2022-01-16 13:41:34 - [MESSAGE][PASSED] - Object: 'Object Repository/Page_Course Test Automation/Add lesson note/button_Add an activity or resource' is clicked on

2022-01-16 13:41:34 - [TEST_STEP][PASSED] - click(findTestObject("Page_Course Test Automation/Add lesson note/icon file")): Object: 'Object Repository/Page_Course Test Automation/Add lesson note/icon file' is clicked on

2022-01-16 13:41:36 - [MESSAGE][PASSED] - Object: 'Object Repository/Page_Course Test Automation/Add lesson note/icon file' is clicked on

2022-01-16 13:41:36 - [TEST_STEP][PASSED] - setText(findTestObject("Page_Course Test Automation/Add lesson note/input_Name_name"), "Lesson note - Week 02"): Text 'Lesson note - Week 02' is set on object 'Object Repository/Page_Course Test Automation/Add lesson note/input_Name_name'

2022-01-16 13:41:38 - [MESSAGE][PASSED] - Text 'Lesson note - Week 02' is set on object 'Object Repository/Page_Course Test Automation/Add lesson note/input_Name_name'

2022-01-16 13:41:38 - [TEST_STEP][PASSED] - click(findTestObject("Page_Course Test Automation/Add lesson note/Select file in general")): Object: 'Object Repository/Page_Course Test Automation/Add lesson note/Select file in general' is clicked on

2022-01-16 13:41:39 - [MESSAGE][PASSED] - Object: 'Object Repository/Page_Course Test Automation/Add lesson note/Select file in general' is clicked on

2022-01-16 13:41:39 - [TEST_STEP][PASSED] - click(findTestObject("Page_Course Test Automation/Add lesson note/select upload file method")): Object: 'Object Repository/Page_Course Test Automation/Add lesson note/select upload file method' is clicked on

2022-01-16 13:41:39 - [MESSAGE][PASSED] - Object: 'Object Repository/Page_Course Test Automation/Add lesson note/select upload file method' is clicked on

2022-01-16 13:41:39 - [TEST_STEP][PASSED] - uploadFile(findTestObject("Page_Course Test Automation/Add lesson note/choose file upload"), "D:\TestAutomation-SEBonus-Group10\Note-Week02.docx"): File 'D:\TestAutomation-SEBonus-Group10\Note-Week02.docx' sent to object: 'Object Repository/Page_Course Test Automation/Add lesson note/choose file upload'

2022-01-16 13:41:40 - [MESSAGE][PASSED] - File 'D:\TestAutomation-SEBonus-Group10\Note-Week02.docx' sent to object: 'Object Repository/Page_Course Test Automation/Add lesson note/choose file upload'

2022-01-16 13:41:40 - [TEST_STEP][PASSED] - click(findTestObject("Page_Course Test Automation/Add lesson note/button_Upload this file")): Object: 'Object Repository/Page_Course Test Automation/Add lesson note/button_Upload this file' is clicked on

2022-01-16 13:41:40 - [MESSAGE][PASSED] - Object: 'Object Repository/Page_Course Test Automation/Add lesson note/button_Upload this file' is clicked on

2022-01-16 13:41:40 - [TEST_STEP][PASSED] - click(findTestObject("Page_Course Test Automation/Add lesson note/submitbutton")): Object: 'Object Repository/Page_Course Test Automation/Add lesson note/submitbutton' is clicked on

2022-01-16 13:41:42 - [MESSAGE][PASSED] - Object: 'Object Repository/Page_Course Test Automation/Add lesson note/submitbutton' is clicked on

2022-01-16 13:41:42 - [TEST_STEP][PASSED] - click(findTestObject("Page_Course Test Automation/Edit lesson note/i_Mark as done_icon fa fa-ellipsis-v fa-fw")): Object: 'Object Repository/Page_Course Test Automation/Edit lesson note/i_Mark as done_icon fa fa-ellipsis-v fa-fw' is clicked on

2022-01-16 13:41:43 - [MESSAGE][PASSED] - Object: 'Object Repository/Page_Course Test Automation/Edit lesson note/i_Mark as done_icon fa fa-ellipsis-v fa-fw' is clicked on

2022-01-16 13:41:43 - [TEST_STEP][PASSED] - click(findTestObject("Page_Course Test Automation/Edit lesson note/span_Delete")): Object: 'Object Repository/Page_Course Test Automation/Edit lesson note/span_Delete' is clicked on

2022-01-16 13:41:44 - [MESSAGE][PASSED] - Object: 'Object Repository/Page_Course Test Automation/Edit lesson note/span_Delete' is clicked on

2022-01-16 13:41:44 - [TEST_STEP][PASSED] - click(findTestObject("Page_Course Test Automation/Edit lesson note/button_Yes")): Object: 'Object Repository/Page_Course Test Automation/Edit lesson note/button_Yes' is clicked on

2022-01-16 13:41:45 - [MESSAGE][PASSED] - Object: 'Object Repository/Page_Course Test Automation/Edit lesson note/button_Yes' is clicked on

2022-01-16 13:41:45 - [TEST_STEP][PASSED] - click(findTestObject("Page_Dashboard/a_NH")): Object: 'Object Repository/Page_Dashboard/a_NH' is clicked on

2022-01-16 13:41:45 - [MESSAGE][PASSED] - Object: 'Object Repository/Page_Dashboard/a_NH' is clicked on

2022-01-16 13:41:45 - [TEST_STEP][PASSED] - click(findTestObject("Page_Dashboard/a_Log out")): Object: 'Object Repository/Page_Dashboard/a_Log out' is clicked on

2022-01-16 13:41:47 - [MESSAGE][PASSED] - Object: 'Object Repository/Page_Dashboard/a_Log out' is clicked on

2022-01-16 13:41:47 - [TEST_STEP][PASSED] - closeBrowser(): Browser is closed

2022-01-16 13:41:48 - [MESSAGE][PASSED] - Browser is closed]]></system-out>
         <system-err><![CDATA[]]></system-err>
      </testcase>
      <testcase name="Test Cases/Add a URL" time="31.6" classname="Test Cases/Add a URL" status="PASSED">
         <system-out><![CDATA[2022-01-16 13:41:48 - [TEST_CASE][PASSED] - Test Cases/Add a URL: Test Cases/Add a URL

2022-01-16 13:41:48 - [TEST_STEP][PASSED] - openBrowser(""): Browser is opened with url: ''

2022-01-16 13:41:48 - [MESSAGE][INFO] - Starting 'Edge Chromium' driver

2022-01-16 13:41:51 - [MESSAGE][INFO] - Action delay is set to 0 milliseconds

2022-01-16 13:41:51 - [MESSAGE][PASSED] - Browser is opened with url: ''

2022-01-16 13:41:51 - [TEST_STEP][PASSED] - navigateToUrl("localhost"): Navigate to 'http://localhost' successfully

2022-01-16 13:41:52 - [MESSAGE][PASSED] - Navigate to 'http://localhost' successfully

2022-01-16 13:41:52 - [TEST_STEP][PASSED] - click(findTestObject("Page_Home page/a_Log in")): Object: 'Object Repository/Page_Home page/a_Log in' is clicked on

2022-01-16 13:41:54 - [MESSAGE][PASSED] - Object: 'Object Repository/Page_Home page/a_Log in' is clicked on

2022-01-16 13:41:54 - [TEST_STEP][PASSED] - setText(findTestObject("Page_Home page Log in to the site/input_Username_username"), "teacher1"): Text 'teacher1' is set on object 'Object Repository/Page_Home page Log in to the site/input_Username_username'

2022-01-16 13:41:54 - [MESSAGE][PASSED] - Text 'teacher1' is set on object 'Object Repository/Page_Home page Log in to the site/input_Username_username'

2022-01-16 13:41:54 - [TEST_STEP][PASSED] - setText(findTestObject("Page_Home page Log in to the site/input_Password_password (1)"), "Group_10"): Text 'Group_10' is set on object 'Object Repository/Page_Home page Log in to the site/input_Password_password (1)'

2022-01-16 13:41:55 - [MESSAGE][PASSED] - Text 'Group_10' is set on object 'Object Repository/Page_Home page Log in to the site/input_Password_password (1)'

2022-01-16 13:41:55 - [TEST_STEP][PASSED] - click(findTestObject("Page_Home page Log in to the site/button_Log in")): Object: 'Object Repository/Page_Home page Log in to the site/button_Log in' is clicked on

2022-01-16 13:41:57 - [MESSAGE][PASSED] - Object: 'Object Repository/Page_Home page Log in to the site/button_Log in' is clicked on

2022-01-16 13:41:57 - [TEST_STEP][PASSED] - click(findTestObject("Page_Dashboard/a_My courses (1)")): Object: 'Object Repository/Page_Dashboard/a_My courses (1)' is clicked on

2022-01-16 13:41:58 - [MESSAGE][PASSED] - Object: 'Object Repository/Page_Dashboard/a_My courses (1)' is clicked on

2022-01-16 13:41:58 - [TEST_STEP][PASSED] - click(findTestObject("Page_My courses/span_Test Automation")): Object: 'Object Repository/Page_My courses/span_Test Automation' is clicked on

2022-01-16 13:42:00 - [MESSAGE][PASSED] - Object: 'Object Repository/Page_My courses/span_Test Automation' is clicked on

2022-01-16 13:42:00 - [TEST_STEP][PASSED] - click(findTestObject("Page_Course Test Automation/input_Edit mode_setmode")): Object: 'Object Repository/Page_Course Test Automation/input_Edit mode_setmode' is clicked on

2022-01-16 13:42:01 - [MESSAGE][PASSED] - Object: 'Object Repository/Page_Course Test Automation/input_Edit mode_setmode' is clicked on

2022-01-16 13:42:01 - [TEST_STEP][PASSED] - click(findTestObject("Page_Course Test Automation/Add lesson note/button_Add an activity or resource")): Object: 'Object Repository/Page_Course Test Automation/Add lesson note/button_Add an activity or resource' is clicked on

2022-01-16 13:42:03 - [MESSAGE][PASSED] - Object: 'Object Repository/Page_Course Test Automation/Add lesson note/button_Add an activity or resource' is clicked on

2022-01-16 13:42:03 - [TEST_STEP][PASSED] - click(findTestObject("Page_Course Test Automation/Add a URL/icon URL")): Object: 'Object Repository/Page_Course Test Automation/Add a URL/icon URL' is clicked on

2022-01-16 13:42:06 - [MESSAGE][PASSED] - Object: 'Object Repository/Page_Course Test Automation/Add a URL/icon URL' is clicked on

2022-01-16 13:42:06 - [TEST_STEP][PASSED] - setText(findTestObject("Page_Course Test Automation/Add a URL/input_Name_name"), "Introduce course"): Text 'Introduce course' is set on object 'Object Repository/Page_Course Test Automation/Add a URL/input_Name_name'

2022-01-16 13:42:07 - [MESSAGE][PASSED] - Text 'Introduce course' is set on object 'Object Repository/Page_Course Test Automation/Add a URL/input_Name_name'

2022-01-16 13:42:07 - [TEST_STEP][PASSED] - setText(findTestObject("Page_Course Test Automation/Add a URL/input_External URL_externalurl"), "https://www.youtube.com/watch?v=jNxUnXahFcg&ab_channel=FITHCMUS"): Text 'https://www.youtube.com/watch?v=jNxUnXahFcg&ab_channel=FITHCMUS' is set on object 'Object Repository/Page_Course Test Automation/Add a URL/input_External URL_externalurl'

2022-01-16 13:42:08 - [MESSAGE][PASSED] - Text 'https://www.youtube.com/watch?v=jNxUnXahFcg&ab_channel=FITHCMUS' is set on object 'Object Repository/Page_Course Test Automation/Add a URL/input_External URL_externalurl'

2022-01-16 13:42:08 - [TEST_STEP][PASSED] - click(findTestObject("Page_Course Test Automation/Add a URL/submitbutton")): Object: 'Object Repository/Page_Course Test Automation/Add a URL/submitbutton' is clicked on

2022-01-16 13:42:10 - [MESSAGE][PASSED] - Object: 'Object Repository/Page_Course Test Automation/Add a URL/submitbutton' is clicked on

2022-01-16 13:42:10 - [TEST_STEP][PASSED] - click(findTestObject("Page_Course Test Automation/Add a URL/a_Introduce course  URL")): Object: 'Object Repository/Page_Course Test Automation/Add a URL/a_Introduce course  URL' is clicked on

2022-01-16 13:42:12 - [MESSAGE][PASSED] - Object: 'Object Repository/Page_Course Test Automation/Add a URL/a_Introduce course  URL' is clicked on

2022-01-16 13:42:12 - [TEST_STEP][PASSED] - click(findTestObject("Page_Course Test Automation/Add a URL/a_httpswww.youtube.comwatchvjNxUnXahFcgab_channelFITHCMUS")): Object: 'Object Repository/Page_Course Test Automation/Add a URL/a_httpswww.youtube.comwatchvjNxUnXahFcgab_channelFITHCMUS' is clicked on

2022-01-16 13:42:16 - [MESSAGE][PASSED] - Object: 'Object Repository/Page_Course Test Automation/Add a URL/a_httpswww.youtube.comwatchvjNxUnXahFcgab_channelFITHCMUS' is clicked on

2022-01-16 13:42:16 - [TEST_STEP][PASSED] - back(): Navigate back successfully

2022-01-16 13:42:17 - [MESSAGE][PASSED] - Navigate back successfully

2022-01-16 13:42:17 - [TEST_STEP][PASSED] - click(findTestObject("Page_Dashboard/a_NH")): Object: 'Object Repository/Page_Dashboard/a_NH' is clicked on

2022-01-16 13:42:18 - [MESSAGE][PASSED] - Object: 'Object Repository/Page_Dashboard/a_NH' is clicked on

2022-01-16 13:42:18 - [TEST_STEP][PASSED] - click(findTestObject("Page_Dashboard/a_Log out")): Object: 'Object Repository/Page_Dashboard/a_Log out' is clicked on

2022-01-16 13:42:19 - [MESSAGE][PASSED] - Object: 'Object Repository/Page_Dashboard/a_Log out' is clicked on

2022-01-16 13:42:19 - [TEST_STEP][PASSED] - closeBrowser(): Browser is closed

2022-01-16 13:42:20 - [MESSAGE][PASSED] - Browser is closed]]></system-out>
         <system-err><![CDATA[]]></system-err>
      </testcase>
      <testcase name="Test Cases/Enroll student in a course" time="21.427" classname="Test Cases/Enroll student in a course" status="PASSED">
         <system-out><![CDATA[2022-01-16 13:42:20 - [TEST_CASE][PASSED] - Test Cases/Enroll student in a course: Test Cases/Enroll student in a course

2022-01-16 13:42:20 - [TEST_STEP][PASSED] - openBrowser(""): Browser is opened with url: ''

2022-01-16 13:42:20 - [MESSAGE][INFO] - Starting 'Edge Chromium' driver

2022-01-16 13:42:22 - [MESSAGE][INFO] - Action delay is set to 0 milliseconds

2022-01-16 13:42:23 - [MESSAGE][PASSED] - Browser is opened with url: ''

2022-01-16 13:42:23 - [TEST_STEP][PASSED] - navigateToUrl("localhost"): Navigate to 'http://localhost' successfully

2022-01-16 13:42:24 - [MESSAGE][PASSED] - Navigate to 'http://localhost' successfully

2022-01-16 13:42:24 - [TEST_STEP][PASSED] - click(findTestObject("Page_Home page/a_Log in")): Object: 'Object Repository/Page_Home page/a_Log in' is clicked on

2022-01-16 13:42:25 - [MESSAGE][PASSED] - Object: 'Object Repository/Page_Home page/a_Log in' is clicked on

2022-01-16 13:42:25 - [TEST_STEP][PASSED] - setText(findTestObject("Page_Home page Log in to the site/input_Username_username"), "teacher1"): Text 'teacher1' is set on object 'Object Repository/Page_Home page Log in to the site/input_Username_username'

2022-01-16 13:42:26 - [MESSAGE][PASSED] - Text 'teacher1' is set on object 'Object Repository/Page_Home page Log in to the site/input_Username_username'

2022-01-16 13:42:26 - [TEST_STEP][PASSED] - setText(findTestObject("Page_Home page Log in to the site/input_Password_password (1)"), "Group_10"): Text 'Group_10' is set on object 'Object Repository/Page_Home page Log in to the site/input_Password_password (1)'

2022-01-16 13:42:27 - [MESSAGE][PASSED] - Text 'Group_10' is set on object 'Object Repository/Page_Home page Log in to the site/input_Password_password (1)'

2022-01-16 13:42:27 - [TEST_STEP][PASSED] - click(findTestObject("Page_Home page Log in to the site/button_Log in")): Object: 'Object Repository/Page_Home page Log in to the site/button_Log in' is clicked on

2022-01-16 13:42:28 - [MESSAGE][PASSED] - Object: 'Object Repository/Page_Home page Log in to the site/button_Log in' is clicked on

2022-01-16 13:42:28 - [TEST_STEP][PASSED] - click(findTestObject("Page_Dashboard/a_My courses (1)")): Object: 'Object Repository/Page_Dashboard/a_My courses (1)' is clicked on

2022-01-16 13:42:30 - [MESSAGE][PASSED] - Object: 'Object Repository/Page_Dashboard/a_My courses (1)' is clicked on

2022-01-16 13:42:30 - [TEST_STEP][PASSED] - click(findTestObject("Page_My courses/span_Test Automation")): Object: 'Object Repository/Page_My courses/span_Test Automation' is clicked on

2022-01-16 13:42:32 - [MESSAGE][PASSED] - Object: 'Object Repository/Page_My courses/span_Test Automation' is clicked on

2022-01-16 13:42:32 - [TEST_STEP][PASSED] - click(findTestObject("Page_Course Test Automation/Enroll student/a_Participants")): Object: 'Object Repository/Page_Course Test Automation/Enroll student/a_Participants' is clicked on

2022-01-16 13:42:33 - [MESSAGE][PASSED] - Object: 'Object Repository/Page_Course Test Automation/Enroll student/a_Participants' is clicked on

2022-01-16 13:42:33 - [TEST_STEP][PASSED] - click(findTestObject("Page_Course Test Automation/Enroll student/input_With selected users_btn btn-primary")): Object: 'Object Repository/Page_Course Test Automation/Enroll student/input_With selected users_btn btn-primary' is clicked on

2022-01-16 13:42:34 - [MESSAGE][PASSED] - Object: 'Object Repository/Page_Course Test Automation/Enroll student/input_With selected users_btn btn-primary' is clicked on

2022-01-16 13:42:34 - [TEST_STEP][PASSED] - setText(findTestObject("Page_Course Test Automation/Enroll student/input_name_user"), "Nguyen Hoa"): Text 'Nguyen Hoa' is set on object 'Object Repository/Page_Course Test Automation/Enroll student/input_name_user'

2022-01-16 13:42:36 - [MESSAGE][PASSED] - Text 'Nguyen Hoa' is set on object 'Object Repository/Page_Course Test Automation/Enroll student/input_name_user'

2022-01-16 13:42:36 - [TEST_STEP][PASSED] - click(findTestObject("Page_Course Test Automation/Enroll student/span_Si Minh")): Object: 'Object Repository/Page_Course Test Automation/Enroll student/span_Si Minh' is clicked on

2022-01-16 13:42:37 - [MESSAGE][PASSED] - Object: 'Object Repository/Page_Course Test Automation/Enroll student/span_Si Minh' is clicked on

2022-01-16 13:42:37 - [TEST_STEP][PASSED] - click(findTestObject("Page_Course Test Automation/Enroll student/button_Enrol users")): Object: 'Object Repository/Page_Course Test Automation/Enroll student/button_Enrol users' is clicked on

2022-01-16 13:42:38 - [MESSAGE][PASSED] - Object: 'Object Repository/Page_Course Test Automation/Enroll student/button_Enrol users' is clicked on

2022-01-16 13:42:38 - [TEST_STEP][PASSED] - click(findTestObject("Page_Dashboard/a_NH")): Object: 'Object Repository/Page_Dashboard/a_NH' is clicked on

2022-01-16 13:42:39 - [MESSAGE][PASSED] - Object: 'Object Repository/Page_Dashboard/a_NH' is clicked on

2022-01-16 13:42:39 - [TEST_STEP][PASSED] - click(findTestObject("Page_Dashboard/a_Log out")): Object: 'Object Repository/Page_Dashboard/a_Log out' is clicked on

2022-01-16 13:42:40 - [MESSAGE][PASSED] - Object: 'Object Repository/Page_Dashboard/a_Log out' is clicked on

2022-01-16 13:42:40 - [TEST_STEP][PASSED] - closeBrowser(): Browser is closed

2022-01-16 13:42:41 - [MESSAGE][PASSED] - Browser is closed]]></system-out>
         <system-err><![CDATA[]]></system-err>
      </testcase>
      <testcase name="Test Cases/Enroll in a course with incorrect key" time="48.031" classname="Test Cases/Enroll in a course with incorrect key" status="PASSED">
         <system-out><![CDATA[2022-01-16 13:42:41 - [TEST_CASE][PASSED] - Test Cases/Enroll in a course with incorrect key: Test Cases/Enroll in a course with incorrect key

2022-01-16 13:42:41 - [TEST_STEP][PASSED] - openBrowser(""): Browser is opened with url: ''

2022-01-16 13:42:41 - [MESSAGE][INFO] - Starting 'Edge Chromium' driver

2022-01-16 13:42:44 - [MESSAGE][INFO] - Action delay is set to 0 milliseconds

2022-01-16 13:42:45 - [MESSAGE][PASSED] - Browser is opened with url: ''

2022-01-16 13:42:45 - [TEST_STEP][PASSED] - navigateToUrl("http://localhost/"): Navigate to 'http://localhost/' successfully

2022-01-16 13:42:46 - [MESSAGE][PASSED] - Navigate to 'http://localhost/' successfully

2022-01-16 13:42:46 - [TEST_STEP][PASSED] - click(findTestObject("Object Repository/Page_Home page/a_Log in")): Object: 'Object Repository/Page_Home page/a_Log in' is clicked on

2022-01-16 13:42:47 - [MESSAGE][PASSED] - Object: 'Object Repository/Page_Home page/a_Log in' is clicked on

2022-01-16 13:42:47 - [TEST_STEP][PASSED] - setText(findTestObject("Object Repository/Page_Home page Log in to the site/input_Username_username"), "admin"): Text 'admin' is set on object 'Object Repository/Page_Home page Log in to the site/input_Username_username'

2022-01-16 13:42:48 - [MESSAGE][PASSED] - Text 'admin' is set on object 'Object Repository/Page_Home page Log in to the site/input_Username_username'

2022-01-16 13:42:48 - [TEST_STEP][PASSED] - setEncryptedText(findTestObject("Page_Home page Log in to the site/input_Password_password (1)"), "OFhcon1PzObx3ErJAwGfGA=="): Text ****** has been set on object 'Object Repository/Page_Home page Log in to the site/input_Password_password (1)'

2022-01-16 13:42:48 - [MESSAGE][PASSED] - Text ****** has been set on object 'Object Repository/Page_Home page Log in to the site/input_Password_password (1)'

2022-01-16 13:42:48 - [TEST_STEP][PASSED] - click(findTestObject("Object Repository/Page_Home page Log in to the site/button_Log in")): Object: 'Object Repository/Page_Home page Log in to the site/button_Log in' is clicked on

2022-01-16 13:42:50 - [MESSAGE][PASSED] - Object: 'Object Repository/Page_Home page Log in to the site/button_Log in' is clicked on

2022-01-16 13:42:50 - [TEST_STEP][PASSED] - click(findTestObject("Object Repository/Page_Dashboard/a_Site administration")): Object: 'Object Repository/Page_Dashboard/a_Site administration' is clicked on

2022-01-16 13:42:52 - [MESSAGE][PASSED] - Object: 'Object Repository/Page_Dashboard/a_Site administration' is clicked on

2022-01-16 13:42:52 - [TEST_STEP][PASSED] - scrollToPosition(0, 0): Browser is scrolled to position x = 0, y = 0

2022-01-16 13:42:52 - [MESSAGE][PASSED] - Browser is scrolled to position x = 0, y = 0

2022-01-16 13:42:52 - [TEST_STEP][PASSED] - click(findTestObject("Object Repository/Page_Group10 Administration Search/a_Users")): Object: 'Object Repository/Page_Group10 Administration Search/a_Users' is clicked on

2022-01-16 13:42:53 - [MESSAGE][PASSED] - Object: 'Object Repository/Page_Group10 Administration Search/a_Users' is clicked on

2022-01-16 13:42:53 - [TEST_STEP][PASSED] - click(findTestObject("Object Repository/Page_Group10 Administration Search/a_Add a new user")): Object: 'Object Repository/Page_Group10 Administration Search/a_Add a new user' is clicked on

2022-01-16 13:42:56 - [MESSAGE][PASSED] - Object: 'Object Repository/Page_Group10 Administration Search/a_Add a new user' is clicked on

2022-01-16 13:42:56 - [TEST_STEP][PASSED] - setText(findTestObject("Object Repository/Page_Group10 Administration Users Accounts _5007a8/input_Username_username"), "student2"): Text 'student2' is set on object 'Object Repository/Page_Group10 Administration Users Accounts _5007a8/input_Username_username'

2022-01-16 13:42:57 - [MESSAGE][PASSED] - Text 'student2' is set on object 'Object Repository/Page_Group10 Administration Users Accounts _5007a8/input_Username_username'

2022-01-16 13:42:57 - [TEST_STEP][PASSED] - click(findTestObject("Object Repository/Page_Group10 Administration Users Accounts _5007a8/em_Click to enter text")): Object: 'Object Repository/Page_Group10 Administration Users Accounts _5007a8/em_Click to enter text' is clicked on

2022-01-16 13:42:58 - [MESSAGE][PASSED] - Object: 'Object Repository/Page_Group10 Administration Users Accounts _5007a8/em_Click to enter text' is clicked on

2022-01-16 13:42:58 - [TEST_STEP][PASSED] - setEncryptedText(findTestObject("Object Repository/Page_Group10 Administration Users Accounts _5007a8/input_New password_newpassword"), "OFhcon1PzObx3ErJAwGfGA=="): Text ****** has been set on object 'Object Repository/Page_Group10 Administration Users Accounts _5007a8/input_New password_newpassword'

2022-01-16 13:42:58 - [MESSAGE][PASSED] - Text ****** has been set on object 'Object Repository/Page_Group10 Administration Users Accounts _5007a8/input_New password_newpassword'

2022-01-16 13:42:58 - [TEST_STEP][PASSED] - click(findTestObject("Object Repository/Page_Group10 Administration Users Accounts _5007a8/i_Click to enter text_icon fa fa-eye fa-fw")): Object: 'Object Repository/Page_Group10 Administration Users Accounts _5007a8/i_Click to enter text_icon fa fa-eye fa-fw' is clicked on

2022-01-16 13:42:59 - [MESSAGE][PASSED] - Object: 'Object Repository/Page_Group10 Administration Users Accounts _5007a8/i_Click to enter text_icon fa fa-eye fa-fw' is clicked on

2022-01-16 13:42:59 - [TEST_STEP][PASSED] - setText(findTestObject("Object Repository/Page_Group10 Administration Users Accounts _5007a8/input_First name_firstname"), "Si"): Text 'Si' is set on object 'Object Repository/Page_Group10 Administration Users Accounts _5007a8/input_First name_firstname'

2022-01-16 13:43:00 - [MESSAGE][PASSED] - Text 'Si' is set on object 'Object Repository/Page_Group10 Administration Users Accounts _5007a8/input_First name_firstname'

2022-01-16 13:43:00 - [TEST_STEP][PASSED] - setText(findTestObject("Object Repository/Page_Group10 Administration Users Accounts _5007a8/input_Surname_lastname"), "Minh"): Text 'Minh' is set on object 'Object Repository/Page_Group10 Administration Users Accounts _5007a8/input_Surname_lastname'

2022-01-16 13:43:01 - [MESSAGE][PASSED] - Text 'Minh' is set on object 'Object Repository/Page_Group10 Administration Users Accounts _5007a8/input_Surname_lastname'

2022-01-16 13:43:01 - [TEST_STEP][PASSED] - setText(findTestObject("Object Repository/Page_Group10 Administration Users Accounts _5007a8/input_Email address_email"), "student2@email.com"): Text 'student2@email.com' is set on object 'Object Repository/Page_Group10 Administration Users Accounts _5007a8/input_Email address_email'

2022-01-16 13:43:02 - [MESSAGE][PASSED] - Text 'student2@email.com' is set on object 'Object Repository/Page_Group10 Administration Users Accounts _5007a8/input_Email address_email'

2022-01-16 13:43:02 - [TEST_STEP][PASSED] - click(findTestObject("Object Repository/Page_Group10 Administration Users Accounts _5007a8/input_Address_submitbutton")): Object: 'Object Repository/Page_Group10 Administration Users Accounts _5007a8/input_Address_submitbutton' is clicked on

2022-01-16 13:43:04 - [MESSAGE][PASSED] - Object: 'Object Repository/Page_Group10 Administration Users Accounts _5007a8/input_Address_submitbutton' is clicked on

2022-01-16 13:43:04 - [TEST_STEP][PASSED] - click(findTestObject("Object Repository/Page_Group10 Administration Users Accounts _9567d5/span_AU")): Object: 'Object Repository/Page_Group10 Administration Users Accounts _9567d5/span_AU' is clicked on

2022-01-16 13:43:04 - [MESSAGE][PASSED] - Object: 'Object Repository/Page_Group10 Administration Users Accounts _9567d5/span_AU' is clicked on

2022-01-16 13:43:04 - [TEST_STEP][PASSED] - click(findTestObject("Object Repository/Page_Group10 Administration Users Permissio_4e74a7/a_Site administration")): Object: 'Object Repository/Page_Group10 Administration Users Permissio_4e74a7/a_Site administration' is clicked on

2022-01-16 13:43:06 - [MESSAGE][PASSED] - Object: 'Object Repository/Page_Group10 Administration Users Permissio_4e74a7/a_Site administration' is clicked on

2022-01-16 13:43:06 - [TEST_STEP][PASSED] - scrollToPosition(0, 0): Browser is scrolled to position x = 0, y = 0

2022-01-16 13:43:06 - [MESSAGE][PASSED] - Browser is scrolled to position x = 0, y = 0

2022-01-16 13:43:06 - [TEST_STEP][PASSED] - click(findTestObject("Object Repository/Page_Group10 Administration Search/a_Users")): Object: 'Object Repository/Page_Group10 Administration Search/a_Users' is clicked on

2022-01-16 13:43:07 - [MESSAGE][PASSED] - Object: 'Object Repository/Page_Group10 Administration Search/a_Users' is clicked on

2022-01-16 13:43:07 - [TEST_STEP][PASSED] - click(findTestObject("Object Repository/Page_Group10 Administration Search/a_Assign system roles")): Object: 'Object Repository/Page_Group10 Administration Search/a_Assign system roles' is clicked on

2022-01-16 13:43:08 - [MESSAGE][PASSED] - Object: 'Object Repository/Page_Group10 Administration Search/a_Assign system roles' is clicked on

2022-01-16 13:43:08 - [TEST_STEP][PASSED] - click(findTestObject("Page_Group10 Administration Users Permissions Assign system roles/a_Student")): Object: 'Object Repository/Page_Group10 Administration Users Permissions Assign system roles/a_Student' is clicked on

2022-01-16 13:43:10 - [MESSAGE][PASSED] - Object: 'Object Repository/Page_Group10 Administration Users Permissions Assign system roles/a_Student' is clicked on

2022-01-16 13:43:10 - [TEST_STEP][PASSED] - click(findTestObject("Page_Group10 Administration Users Permissions Assign system roles/option_Si Minh (student2email.com)")): Object: 'Object Repository/Page_Group10 Administration Users Permissions Assign system roles/option_Si Minh (student2email.com)' is clicked on

2022-01-16 13:43:10 - [MESSAGE][PASSED] - Object: 'Object Repository/Page_Group10 Administration Users Permissions Assign system roles/option_Si Minh (student2email.com)' is clicked on

2022-01-16 13:43:10 - [TEST_STEP][PASSED] - click(findTestObject("Object Repository/Page_Group10 Administration Users Permissio_fb4295/input_Match the search text anywhere in the_89f7b5")): Object: 'Object Repository/Page_Group10 Administration Users Permissio_fb4295/input_Match the search text anywhere in the_89f7b5' is clicked on

2022-01-16 13:43:13 - [MESSAGE][PASSED] - Object: 'Object Repository/Page_Group10 Administration Users Permissio_fb4295/input_Match the search text anywhere in the_89f7b5' is clicked on

2022-01-16 13:43:13 - [TEST_STEP][PASSED] - click(findTestObject("Object Repository/Page_Group10 Administration Users Accounts _9567d5/span_AU")): Object: 'Object Repository/Page_Group10 Administration Users Accounts _9567d5/span_AU' is clicked on

2022-01-16 13:43:13 - [MESSAGE][PASSED] - Object: 'Object Repository/Page_Group10 Administration Users Accounts _9567d5/span_AU' is clicked on

2022-01-16 13:43:13 - [TEST_STEP][PASSED] - click(findTestObject("Object Repository/Page_Group10 Administration Users Accounts _9567d5/a_Log out")): Object: 'Object Repository/Page_Group10 Administration Users Accounts _9567d5/a_Log out' is clicked on

2022-01-16 13:43:15 - [MESSAGE][PASSED] - Object: 'Object Repository/Page_Group10 Administration Users Accounts _9567d5/a_Log out' is clicked on

2022-01-16 13:43:15 - [TEST_STEP][PASSED] - click(findTestObject("Page_Home page/a_Log in")): Object: 'Object Repository/Page_Home page/a_Log in' is clicked on

2022-01-16 13:43:16 - [MESSAGE][PASSED] - Object: 'Object Repository/Page_Home page/a_Log in' is clicked on

2022-01-16 13:43:16 - [TEST_STEP][PASSED] - setText(findTestObject("Page_Home page Log in to the site/input_Username_username"), "student2"): Text 'student2' is set on object 'Object Repository/Page_Home page Log in to the site/input_Username_username'

2022-01-16 13:43:17 - [MESSAGE][PASSED] - Text 'student2' is set on object 'Object Repository/Page_Home page Log in to the site/input_Username_username'

2022-01-16 13:43:17 - [TEST_STEP][PASSED] - setText(findTestObject("Page_Home page Log in to the site/input_Password_password (1)"), "Group_10"): Text 'Group_10' is set on object 'Object Repository/Page_Home page Log in to the site/input_Password_password (1)'

2022-01-16 13:43:18 - [MESSAGE][PASSED] - Text 'Group_10' is set on object 'Object Repository/Page_Home page Log in to the site/input_Password_password (1)'

2022-01-16 13:43:18 - [TEST_STEP][PASSED] - click(findTestObject("Page_Home page Log in to the site/button_Log in")): Object: 'Object Repository/Page_Home page Log in to the site/button_Log in' is clicked on

2022-01-16 13:43:19 - [MESSAGE][PASSED] - Object: 'Object Repository/Page_Home page Log in to the site/button_Log in' is clicked on

2022-01-16 13:43:19 - [TEST_STEP][PASSED] - click(findTestObject("Self enroll course/a_Home")): Object: 'Object Repository/Self enroll course/a_Home' is clicked on

2022-01-16 13:43:20 - [MESSAGE][PASSED] - Object: 'Object Repository/Self enroll course/a_Home' is clicked on

2022-01-16 13:43:20 - [TEST_STEP][PASSED] - setText(findTestObject("Self enroll course/input_Search courses_q"), "Test automation"): Text 'Test automation' is set on object 'Object Repository/Self enroll course/input_Search courses_q'

2022-01-16 13:43:21 - [MESSAGE][PASSED] - Text 'Test automation' is set on object 'Object Repository/Self enroll course/input_Search courses_q'

2022-01-16 13:43:21 - [TEST_STEP][PASSED] - click(findTestObject("Self enroll course/icon search")): Object: 'Object Repository/Self enroll course/icon search' is clicked on

2022-01-16 13:43:22 - [MESSAGE][PASSED] - Object: 'Object Repository/Self enroll course/icon search' is clicked on

2022-01-16 13:43:22 - [TEST_STEP][PASSED] - click(findTestObject("Self enroll course/a_Test Automation")): Object: 'Object Repository/Self enroll course/a_Test Automation' is clicked on

2022-01-16 13:43:24 - [MESSAGE][PASSED] - Object: 'Object Repository/Self enroll course/a_Test Automation' is clicked on

2022-01-16 13:43:24 - [TEST_STEP][PASSED] - setText(findTestObject("Self enroll course/input_Enrolment key_enrolpassword"), "12345"): Text '12345' is set on object 'Object Repository/Self enroll course/input_Enrolment key_enrolpassword'

2022-01-16 13:43:25 - [MESSAGE][PASSED] - Text '12345' is set on object 'Object Repository/Self enroll course/input_Enrolment key_enrolpassword'

2022-01-16 13:43:25 - [TEST_STEP][PASSED] - click(findTestObject("Self enroll course/input_Enrolment key_submitbutton")): Object: 'Object Repository/Self enroll course/input_Enrolment key_submitbutton' is clicked on

2022-01-16 13:43:26 - [MESSAGE][PASSED] - Object: 'Object Repository/Self enroll course/input_Enrolment key_submitbutton' is clicked on

2022-01-16 13:43:26 - [TEST_STEP][PASSED] - verifyTextPresent("Incorrect enrolment key, please try again", false): Text 'Incorrect enrolment key, please try again' is present on page 

2022-01-16 13:43:27 - [MESSAGE][PASSED] - Text 'Incorrect enrolment key, please try again' is present on page 

2022-01-16 13:43:27 - [TEST_STEP][PASSED] - click(findTestObject("Page_Dashboard/a_NH")): Object: 'Object Repository/Page_Dashboard/a_NH' is clicked on

2022-01-16 13:43:27 - [MESSAGE][PASSED] - Object: 'Object Repository/Page_Dashboard/a_NH' is clicked on

2022-01-16 13:43:27 - [TEST_STEP][PASSED] - click(findTestObject("Page_Dashboard/a_Log out")): Object: 'Object Repository/Page_Dashboard/a_Log out' is clicked on

2022-01-16 13:43:28 - [MESSAGE][PASSED] - Object: 'Object Repository/Page_Dashboard/a_Log out' is clicked on

2022-01-16 13:43:28 - [TEST_STEP][PASSED] - closeBrowser(): Browser is closed

2022-01-16 13:43:29 - [MESSAGE][PASSED] - Browser is closed]]></system-out>
         <system-err><![CDATA[]]></system-err>
      </testcase>
      <testcase name="Test Cases/Enroll in a course with valid key" time="21.405" classname="Test Cases/Enroll in a course with valid key" status="PASSED">
         <system-out><![CDATA[2022-01-16 13:43:29 - [TEST_CASE][PASSED] - Test Cases/Enroll in a course with valid key: Test Cases/Enroll in a course with valid key

2022-01-16 13:43:30 - [TEST_STEP][PASSED] - openBrowser(""): Browser is opened with url: ''

2022-01-16 13:43:30 - [MESSAGE][INFO] - Starting 'Edge Chromium' driver

2022-01-16 13:43:32 - [MESSAGE][INFO] - Action delay is set to 0 milliseconds

2022-01-16 13:43:33 - [MESSAGE][PASSED] - Browser is opened with url: ''

2022-01-16 13:43:33 - [TEST_STEP][PASSED] - navigateToUrl("localhost"): Navigate to 'http://localhost' successfully

2022-01-16 13:43:34 - [MESSAGE][PASSED] - Navigate to 'http://localhost' successfully

2022-01-16 13:43:34 - [TEST_STEP][PASSED] - click(findTestObject("Page_Home page/a_Log in")): Object: 'Object Repository/Page_Home page/a_Log in' is clicked on

2022-01-16 13:43:35 - [MESSAGE][PASSED] - Object: 'Object Repository/Page_Home page/a_Log in' is clicked on

2022-01-16 13:43:35 - [TEST_STEP][PASSED] - setText(findTestObject("Page_Home page Log in to the site/input_Username_username"), "student2"): Text 'student2' is set on object 'Object Repository/Page_Home page Log in to the site/input_Username_username'

2022-01-16 13:43:36 - [MESSAGE][PASSED] - Text 'student2' is set on object 'Object Repository/Page_Home page Log in to the site/input_Username_username'

2022-01-16 13:43:36 - [TEST_STEP][PASSED] - setText(findTestObject("Page_Home page Log in to the site/input_Password_password (1)"), "Group_10"): Text 'Group_10' is set on object 'Object Repository/Page_Home page Log in to the site/input_Password_password (1)'

2022-01-16 13:43:36 - [MESSAGE][PASSED] - Text 'Group_10' is set on object 'Object Repository/Page_Home page Log in to the site/input_Password_password (1)'

2022-01-16 13:43:36 - [TEST_STEP][PASSED] - click(findTestObject("Page_Home page Log in to the site/button_Log in")): Object: 'Object Repository/Page_Home page Log in to the site/button_Log in' is clicked on

2022-01-16 13:43:38 - [MESSAGE][PASSED] - Object: 'Object Repository/Page_Home page Log in to the site/button_Log in' is clicked on

2022-01-16 13:43:38 - [TEST_STEP][PASSED] - click(findTestObject("Self enroll course/a_Home")): Object: 'Object Repository/Self enroll course/a_Home' is clicked on

2022-01-16 13:43:39 - [MESSAGE][PASSED] - Object: 'Object Repository/Self enroll course/a_Home' is clicked on

2022-01-16 13:43:39 - [TEST_STEP][PASSED] - setText(findTestObject("Self enroll course/input_Search courses_q"), "Test automation"): Text 'Test automation' is set on object 'Object Repository/Self enroll course/input_Search courses_q'

2022-01-16 13:43:40 - [MESSAGE][PASSED] - Text 'Test automation' is set on object 'Object Repository/Self enroll course/input_Search courses_q'

2022-01-16 13:43:40 - [TEST_STEP][PASSED] - click(findTestObject("Self enroll course/icon search")): Object: 'Object Repository/Self enroll course/icon search' is clicked on

2022-01-16 13:43:41 - [MESSAGE][PASSED] - Object: 'Object Repository/Self enroll course/icon search' is clicked on

2022-01-16 13:43:41 - [TEST_STEP][PASSED] - click(findTestObject("Self enroll course/a_Test Automation")): Object: 'Object Repository/Self enroll course/a_Test Automation' is clicked on

2022-01-16 13:43:42 - [MESSAGE][PASSED] - Object: 'Object Repository/Self enroll course/a_Test Automation' is clicked on

2022-01-16 13:43:42 - [TEST_STEP][PASSED] - setText(findTestObject("Self enroll course/input_Enrolment key_enrolpassword"), "Group_10"): Text 'Group_10' is set on object 'Object Repository/Self enroll course/input_Enrolment key_enrolpassword'

2022-01-16 13:43:43 - [MESSAGE][PASSED] - Text 'Group_10' is set on object 'Object Repository/Self enroll course/input_Enrolment key_enrolpassword'

2022-01-16 13:43:43 - [TEST_STEP][PASSED] - click(findTestObject("Self enroll course/input_Enrolment key_submitbutton")): Object: 'Object Repository/Self enroll course/input_Enrolment key_submitbutton' is clicked on

2022-01-16 13:43:47 - [MESSAGE][PASSED] - Object: 'Object Repository/Self enroll course/input_Enrolment key_submitbutton' is clicked on

2022-01-16 13:43:47 - [TEST_STEP][PASSED] - verifyTextPresent("You are enrolled in the course.", false): Text 'You are enrolled in the course.' is present on page 

2022-01-16 13:43:48 - [MESSAGE][PASSED] - Text 'You are enrolled in the course.' is present on page 

2022-01-16 13:43:48 - [TEST_STEP][PASSED] - click(findTestObject("Page_Dashboard/a_NH")): Object: 'Object Repository/Page_Dashboard/a_NH' is clicked on

2022-01-16 13:43:49 - [MESSAGE][PASSED] - Object: 'Object Repository/Page_Dashboard/a_NH' is clicked on

2022-01-16 13:43:49 - [TEST_STEP][PASSED] - click(findTestObject("Page_Dashboard/a_Log out")): Object: 'Object Repository/Page_Dashboard/a_Log out' is clicked on

2022-01-16 13:43:50 - [MESSAGE][PASSED] - Object: 'Object Repository/Page_Dashboard/a_Log out' is clicked on

2022-01-16 13:43:50 - [TEST_STEP][PASSED] - closeBrowser(): Browser is closed

2022-01-16 13:43:51 - [MESSAGE][PASSED] - Browser is closed]]></system-out>
         <system-err><![CDATA[]]></system-err>
      </testcase>
      <testcase name="Test Cases/View notification - Student" time="35.285" classname="Test Cases/View notification - Student" status="PASSED">
         <system-out><![CDATA[2022-01-16 13:43:51 - [TEST_CASE][PASSED] - Test Cases/View notification - Student: Test Cases/View notification - Student

2022-01-16 13:43:51 - [TEST_STEP][PASSED] - openBrowser(""): Browser is opened with url: ''

2022-01-16 13:43:51 - [MESSAGE][INFO] - Starting 'Edge Chromium' driver

2022-01-16 13:43:53 - [MESSAGE][INFO] - Action delay is set to 0 milliseconds

2022-01-16 13:43:54 - [MESSAGE][PASSED] - Browser is opened with url: ''

2022-01-16 13:43:54 - [TEST_STEP][PASSED] - navigateToUrl("http://localhost/"): Navigate to 'http://localhost/' successfully

2022-01-16 13:43:55 - [MESSAGE][PASSED] - Navigate to 'http://localhost/' successfully

2022-01-16 13:43:55 - [TEST_STEP][PASSED] - click(findTestObject("Page_Home page/a_Log in")): Object: 'Object Repository/Page_Home page/a_Log in' is clicked on

2022-01-16 13:43:56 - [MESSAGE][PASSED] - Object: 'Object Repository/Page_Home page/a_Log in' is clicked on

2022-01-16 13:43:56 - [TEST_STEP][PASSED] - setText(findTestObject("Page_Home page Log in to the site/input_Username_username"), "student1"): Text 'student1' is set on object 'Object Repository/Page_Home page Log in to the site/input_Username_username'

2022-01-16 13:43:57 - [MESSAGE][PASSED] - Text 'student1' is set on object 'Object Repository/Page_Home page Log in to the site/input_Username_username'

2022-01-16 13:43:57 - [TEST_STEP][PASSED] - setEncryptedText(findTestObject("Page_Home page Log in to the site/input_Password_password (1)"), "OFhcon1PzObx3ErJAwGfGA=="): Text ****** has been set on object 'Object Repository/Page_Home page Log in to the site/input_Password_password (1)'

2022-01-16 13:43:57 - [MESSAGE][PASSED] - Text ****** has been set on object 'Object Repository/Page_Home page Log in to the site/input_Password_password (1)'

2022-01-16 13:43:57 - [TEST_STEP][PASSED] - click(findTestObject("Page_Home page Log in to the site/button_Log in")): Object: 'Object Repository/Page_Home page Log in to the site/button_Log in' is clicked on

2022-01-16 13:43:59 - [MESSAGE][PASSED] - Object: 'Object Repository/Page_Home page Log in to the site/button_Log in' is clicked on

2022-01-16 13:43:59 - [TEST_STEP][PASSED] - click(findTestObject("View notification/icon_notification_menu")): Object: 'Object Repository/View notification/icon_notification_menu' is clicked on

2022-01-16 13:44:01 - [MESSAGE][PASSED] - Object: 'Object Repository/View notification/icon_notification_menu' is clicked on

2022-01-16 13:44:01 - [TEST_STEP][PASSED] - click(findTestObject("View notification/icon_setting")): Object: 'Object Repository/View notification/icon_setting' is clicked on

2022-01-16 13:44:02 - [MESSAGE][PASSED] - Object: 'Object Repository/View notification/icon_setting' is clicked on

2022-01-16 13:44:02 - [TEST_STEP][PASSED] - click(findTestObject("View notification/switch_off_on")): Object: 'Object Repository/View notification/switch_off_on' is clicked on

2022-01-16 13:44:03 - [MESSAGE][PASSED] - Object: 'Object Repository/View notification/switch_off_on' is clicked on

2022-01-16 13:44:03 - [TEST_STEP][PASSED] - click(findTestObject("Page_Dashboard/a_My courses (1)")): Object: 'Object Repository/Page_Dashboard/a_My courses (1)' is clicked on

2022-01-16 13:44:05 - [MESSAGE][PASSED] - Object: 'Object Repository/Page_Dashboard/a_My courses (1)' is clicked on

2022-01-16 13:44:05 - [TEST_STEP][PASSED] - click(findTestObject("Object Repository/Page_My courses/span_Test Automation")): Object: 'Object Repository/Page_My courses/span_Test Automation' is clicked on

2022-01-16 13:44:07 - [MESSAGE][PASSED] - Object: 'Object Repository/Page_My courses/span_Test Automation' is clicked on

2022-01-16 13:44:07 - [TEST_STEP][PASSED] - click(findTestObject("Object Repository/Page_Course Test Automation/a_Homework 1  Assignment")): Object: 'Object Repository/Page_Course Test Automation/a_Homework 1  Assignment' is clicked on

2022-01-16 13:44:08 - [MESSAGE][PASSED] - Object: 'Object Repository/Page_Course Test Automation/a_Homework 1  Assignment' is clicked on

2022-01-16 13:44:08 - [TEST_STEP][PASSED] - click(findTestObject("Object Repository/Page_TA Homework 1/button_Edit submission")): Object: 'Object Repository/Page_TA Homework 1/button_Edit submission' is clicked on

2022-01-16 13:44:11 - [MESSAGE][PASSED] - Object: 'Object Repository/Page_TA Homework 1/button_Edit submission' is clicked on

2022-01-16 13:44:11 - [TEST_STEP][PASSED] - setText(findTestObject("Object Repository/Page_TA Homework 1 - Edit submission/div_Test homework1"), "Test homework1"): Text 'Test homework1' is set on object 'Object Repository/Page_TA Homework 1 - Edit submission/div_Test homework1'

2022-01-16 13:44:12 - [MESSAGE][PASSED] - Text 'Test homework1' is set on object 'Object Repository/Page_TA Homework 1 - Edit submission/div_Test homework1'

2022-01-16 13:44:12 - [TEST_STEP][PASSED] - click(findTestObject("Object Repository/Page_TA Homework 1 - Edit submission/input_Loading_submitbutton")): Object: 'Object Repository/Page_TA Homework 1 - Edit submission/input_Loading_submitbutton' is clicked on

2022-01-16 13:44:20 - [MESSAGE][PASSED] - Object: 'Object Repository/Page_TA Homework 1 - Edit submission/input_Loading_submitbutton' is clicked on

2022-01-16 13:44:20 - [TEST_STEP][PASSED] - click(findTestObject("Object Repository/Page_TA Homework 1/i_My courses_icon fa fa-bell-o fa-fw")): Object: 'Object Repository/Page_TA Homework 1/i_My courses_icon fa fa-bell-o fa-fw' is clicked on

2022-01-16 13:44:21 - [MESSAGE][PASSED] - Object: 'Object Repository/Page_TA Homework 1/i_My courses_icon fa fa-bell-o fa-fw' is clicked on

2022-01-16 13:44:21 - [TEST_STEP][PASSED] - click(findTestObject("Object Repository/Page_TA Homework 1/div_You have submitted your assignment subm_a37a40")): Object: 'Object Repository/Page_TA Homework 1/div_You have submitted your assignment subm_a37a40' is clicked on

2022-01-16 13:44:23 - [MESSAGE][PASSED] - Object: 'Object Repository/Page_TA Homework 1/div_You have submitted your assignment subm_a37a40' is clicked on

2022-01-16 13:44:23 - [TEST_STEP][PASSED] - click(findTestObject("Object Repository/Page_TA Homework 1/a_NH")): Object: 'Object Repository/Page_TA Homework 1/a_NH' is clicked on

2022-01-16 13:44:24 - [MESSAGE][PASSED] - Object: 'Object Repository/Page_TA Homework 1/a_NH' is clicked on

2022-01-16 13:44:24 - [TEST_STEP][PASSED] - click(findTestObject("Object Repository/Page_TA Homework 1/a_Log out")): Object: 'Object Repository/Page_TA Homework 1/a_Log out' is clicked on

2022-01-16 13:44:25 - [MESSAGE][PASSED] - Object: 'Object Repository/Page_TA Homework 1/a_Log out' is clicked on

2022-01-16 13:44:25 - [TEST_STEP][PASSED] - closeBrowser(): Browser is closed

2022-01-16 13:44:26 - [MESSAGE][PASSED] - Browser is closed]]></system-out>
         <system-err><![CDATA[]]></system-err>
      </testcase>
      <testcase name="Test Cases/View event on calendar - Student" time="15.59" classname="Test Cases/View event on calendar - Student" status="PASSED">
         <system-out><![CDATA[2022-01-16 13:44:26 - [TEST_CASE][PASSED] - Test Cases/View event on calendar - Student: Test Cases/View event on calendar - Student

2022-01-16 13:44:26 - [TEST_STEP][PASSED] - openBrowser(""): Browser is opened with url: ''

2022-01-16 13:44:26 - [MESSAGE][INFO] - Starting 'Edge Chromium' driver

2022-01-16 13:44:28 - [MESSAGE][INFO] - Action delay is set to 0 milliseconds

2022-01-16 13:44:29 - [MESSAGE][PASSED] - Browser is opened with url: ''

2022-01-16 13:44:29 - [TEST_STEP][PASSED] - navigateToUrl("http://localhost/"): Navigate to 'http://localhost/' successfully

2022-01-16 13:44:30 - [MESSAGE][PASSED] - Navigate to 'http://localhost/' successfully

2022-01-16 13:44:30 - [TEST_STEP][PASSED] - click(findTestObject("Object Repository/Page_Home page/a_Log in")): Object: 'Object Repository/Page_Home page/a_Log in' is clicked on

2022-01-16 13:44:31 - [MESSAGE][PASSED] - Object: 'Object Repository/Page_Home page/a_Log in' is clicked on

2022-01-16 13:44:31 - [TEST_STEP][PASSED] - setText(findTestObject("Object Repository/Page_Home page Log in to the site/input_Username_username"), "student1"): Text 'student1' is set on object 'Object Repository/Page_Home page Log in to the site/input_Username_username'

2022-01-16 13:44:32 - [MESSAGE][PASSED] - Text 'student1' is set on object 'Object Repository/Page_Home page Log in to the site/input_Username_username'

2022-01-16 13:44:32 - [TEST_STEP][PASSED] - setEncryptedText(findTestObject("Page_Home page Log in to the site/input_Password_password (1)"), "OFhcon1PzObx3ErJAwGfGA=="): Text ****** has been set on object 'Object Repository/Page_Home page Log in to the site/input_Password_password (1)'

2022-01-16 13:44:33 - [MESSAGE][PASSED] - Text ****** has been set on object 'Object Repository/Page_Home page Log in to the site/input_Password_password (1)'

2022-01-16 13:44:33 - [TEST_STEP][PASSED] - click(findTestObject("Object Repository/Page_Home page Log in to the site/button_Log in")): Object: 'Object Repository/Page_Home page Log in to the site/button_Log in' is clicked on

2022-01-16 13:44:34 - [MESSAGE][PASSED] - Object: 'Object Repository/Page_Home page Log in to the site/button_Log in' is clicked on

2022-01-16 13:44:34 - [TEST_STEP][PASSED] - click(findTestObject("Object Repository/Page_Dashboard/span_19")): Object: 'Object Repository/Page_Dashboard/span_19' is clicked on

2022-01-16 13:44:37 - [MESSAGE][PASSED] - Object: 'Object Repository/Page_Dashboard/span_19' is clicked on

2022-01-16 13:44:37 - [TEST_STEP][PASSED] - click(findTestObject("Object Repository/Page_Group10 Calendar Day view Wednesday, 1_465f57/a_Go to activity")): Object: 'Object Repository/Page_Group10 Calendar Day view Wednesday, 1_465f57/a_Go to activity' is clicked on

2022-01-16 13:44:38 - [MESSAGE][PASSED] - Object: 'Object Repository/Page_Group10 Calendar Day view Wednesday, 1_465f57/a_Go to activity' is clicked on

2022-01-16 13:44:38 - [TEST_STEP][PASSED] - click(findTestObject("Object Repository/Page_TA Homework 1/a_NH")): Object: 'Object Repository/Page_TA Homework 1/a_NH' is clicked on

2022-01-16 13:44:39 - [MESSAGE][PASSED] - Object: 'Object Repository/Page_TA Homework 1/a_NH' is clicked on

2022-01-16 13:44:39 - [TEST_STEP][PASSED] - click(findTestObject("Object Repository/Page_TA Homework 1/a_Log out")): Object: 'Object Repository/Page_TA Homework 1/a_Log out' is clicked on

2022-01-16 13:44:40 - [MESSAGE][PASSED] - Object: 'Object Repository/Page_TA Homework 1/a_Log out' is clicked on

2022-01-16 13:44:40 - [TEST_STEP][PASSED] - closeBrowser(): Browser is closed

2022-01-16 13:44:41 - [MESSAGE][PASSED] - Browser is closed]]></system-out>
         <system-err><![CDATA[]]></system-err>
      </testcase>
      <testcase name="Test Cases/Chatting - Student" time="27.639" classname="Test Cases/Chatting - Student" status="PASSED">
         <system-out><![CDATA[2022-01-16 13:44:41 - [TEST_CASE][PASSED] - Test Cases/Chatting - Student: Test Cases/Chatting - Student

2022-01-16 13:44:42 - [TEST_STEP][PASSED] - openBrowser(""): Browser is opened with url: ''

2022-01-16 13:44:42 - [MESSAGE][INFO] - Starting 'Edge Chromium' driver

2022-01-16 13:44:44 - [MESSAGE][INFO] - Action delay is set to 0 milliseconds

2022-01-16 13:44:45 - [MESSAGE][PASSED] - Browser is opened with url: ''

2022-01-16 13:44:45 - [TEST_STEP][PASSED] - navigateToUrl("http://localhost/"): Navigate to 'http://localhost/' successfully

2022-01-16 13:44:46 - [MESSAGE][PASSED] - Navigate to 'http://localhost/' successfully

2022-01-16 13:44:46 - [TEST_STEP][PASSED] - click(findTestObject("Object Repository/Page_Home page/a_Log in")): Object: 'Object Repository/Page_Home page/a_Log in' is clicked on

2022-01-16 13:44:47 - [MESSAGE][PASSED] - Object: 'Object Repository/Page_Home page/a_Log in' is clicked on

2022-01-16 13:44:47 - [TEST_STEP][PASSED] - setText(findTestObject("Object Repository/Page_Home page Log in to the site/input_Username_username"), "student1"): Text 'student1' is set on object 'Object Repository/Page_Home page Log in to the site/input_Username_username'

2022-01-16 13:44:48 - [MESSAGE][PASSED] - Text 'student1' is set on object 'Object Repository/Page_Home page Log in to the site/input_Username_username'

2022-01-16 13:44:48 - [TEST_STEP][PASSED] - setEncryptedText(findTestObject("Page_Home page Log in to the site/input_Password_password (1)"), "OFhcon1PzObx3ErJAwGfGA=="): Text ****** has been set on object 'Object Repository/Page_Home page Log in to the site/input_Password_password (1)'

2022-01-16 13:44:48 - [MESSAGE][PASSED] - Text ****** has been set on object 'Object Repository/Page_Home page Log in to the site/input_Password_password (1)'

2022-01-16 13:44:48 - [TEST_STEP][PASSED] - click(findTestObject("Object Repository/Page_Home page Log in to the site/button_Log in")): Object: 'Object Repository/Page_Home page Log in to the site/button_Log in' is clicked on

2022-01-16 13:44:50 - [MESSAGE][PASSED] - Object: 'Object Repository/Page_Home page Log in to the site/button_Log in' is clicked on

2022-01-16 13:44:50 - [TEST_STEP][PASSED] - click(findTestObject("Page_Dashboard/i_See all_icon fa fa-comment-o fa-fw")): Object: 'Object Repository/Page_Dashboard/i_See all_icon fa fa-comment-o fa-fw' is clicked on

2022-01-16 13:44:52 - [MESSAGE][PASSED] - Object: 'Object Repository/Page_Dashboard/i_See all_icon fa fa-comment-o fa-fw' is clicked on

2022-01-16 13:44:52 - [TEST_STEP][PASSED] - setText(findTestObject("Object Repository/Page_Dashboard/input_Messages selected_form-control"), "Nguyen Nga"): Text 'Nguyen Nga' is set on object 'Object Repository/Page_Dashboard/input_Messages selected_form-control'

2022-01-16 13:44:53 - [MESSAGE][PASSED] - Text 'Nguyen Nga' is set on object 'Object Repository/Page_Dashboard/input_Messages selected_form-control'

2022-01-16 13:44:53 - [TEST_STEP][PASSED] - click(findTestObject("Object Repository/Page_Dashboard/i_Messages selected_icon fa fa-search fa-fw")): Object: 'Object Repository/Page_Dashboard/i_Messages selected_icon fa fa-search fa-fw' is clicked on

2022-01-16 13:44:54 - [MESSAGE][PASSED] - Object: 'Object Repository/Page_Dashboard/i_Messages selected_icon fa fa-search fa-fw' is clicked on

2022-01-16 13:44:54 - [TEST_STEP][PASSED] - click(findTestObject("Object Repository/Page_Dashboard/span_Nguyen Nga")): Object: 'Object Repository/Page_Dashboard/span_Nguyen Nga' is clicked on

2022-01-16 13:44:55 - [MESSAGE][PASSED] - Object: 'Object Repository/Page_Dashboard/span_Nguyen Nga' is clicked on

2022-01-16 13:44:55 - [TEST_STEP][PASSED] - setText(findTestObject("Object Repository/Page_Dashboard/textarea_Use enter to send_yui_3_17_2_1_164_f666ba"), "Em chào cô ạ"): Text 'Em chào cô ạ' is set on object 'Object Repository/Page_Dashboard/textarea_Use enter to send_yui_3_17_2_1_164_f666ba'

2022-01-16 13:44:56 - [MESSAGE][PASSED] - Text 'Em chào cô ạ' is set on object 'Object Repository/Page_Dashboard/textarea_Use enter to send_yui_3_17_2_1_164_f666ba'

2022-01-16 13:44:56 - [TEST_STEP][PASSED] - click(findTestObject("Object Repository/Page_Dashboard/i__icon fa fa-paper-plane fa-fw")): Object: 'Object Repository/Page_Dashboard/i__icon fa fa-paper-plane fa-fw' is clicked on

2022-01-16 13:44:57 - [MESSAGE][PASSED] - Object: 'Object Repository/Page_Dashboard/i__icon fa fa-paper-plane fa-fw' is clicked on

2022-01-16 13:44:57 - [TEST_STEP][PASSED] - click(findTestObject("Object Repository/Page_Dashboard/a_NH")): Object: 'Object Repository/Page_Dashboard/a_NH' is clicked on

2022-01-16 13:44:58 - [MESSAGE][PASSED] - Object: 'Object Repository/Page_Dashboard/a_NH' is clicked on

2022-01-16 13:44:58 - [TEST_STEP][PASSED] - click(findTestObject("Page_Dashboard/a_Log out")): Object: 'Object Repository/Page_Dashboard/a_Log out' is clicked on

2022-01-16 13:44:59 - [MESSAGE][PASSED] - Object: 'Object Repository/Page_Dashboard/a_Log out' is clicked on

2022-01-16 13:44:59 - [TEST_STEP][PASSED] - click(findTestObject("Object Repository/Page_Home page/a_Log in")): Object: 'Object Repository/Page_Home page/a_Log in' is clicked on

2022-01-16 13:45:00 - [MESSAGE][PASSED] - Object: 'Object Repository/Page_Home page/a_Log in' is clicked on

2022-01-16 13:45:00 - [TEST_STEP][PASSED] - setText(findTestObject("Object Repository/Page_Home page Log in to the site/input_Username_username"), "coursecreator1"): Text 'coursecreator1' is set on object 'Object Repository/Page_Home page Log in to the site/input_Username_username'

2022-01-16 13:45:00 - [MESSAGE][PASSED] - Text 'coursecreator1' is set on object 'Object Repository/Page_Home page Log in to the site/input_Username_username'

2022-01-16 13:45:00 - [TEST_STEP][PASSED] - setEncryptedText(findTestObject("Page_Home page Log in to the site/input_Password_password (1)"), "OFhcon1PzObx3ErJAwGfGA=="): Text ****** has been set on object 'Object Repository/Page_Home page Log in to the site/input_Password_password (1)'

2022-01-16 13:45:01 - [MESSAGE][PASSED] - Text ****** has been set on object 'Object Repository/Page_Home page Log in to the site/input_Password_password (1)'

2022-01-16 13:45:01 - [TEST_STEP][PASSED] - click(findTestObject("Object Repository/Page_Home page Log in to the site/button_Log in")): Object: 'Object Repository/Page_Home page Log in to the site/button_Log in' is clicked on

2022-01-16 13:45:03 - [MESSAGE][PASSED] - Object: 'Object Repository/Page_Home page Log in to the site/button_Log in' is clicked on

2022-01-16 13:45:03 - [TEST_STEP][PASSED] - click(findTestObject("Object Repository/Page_Dashboard/i_See all_icon fa fa-comment-o fa-fw")): Object: 'Object Repository/Page_Dashboard/i_See all_icon fa fa-comment-o fa-fw' is clicked on

2022-01-16 13:45:03 - [MESSAGE][PASSED] - Object: 'Object Repository/Page_Dashboard/i_See all_icon fa fa-comment-o fa-fw' is clicked on

2022-01-16 13:45:03 - [TEST_STEP][PASSED] - click(findTestObject("Object Repository/Page_Dashboard/strong_Nguyen Hoa")): Object: 'Object Repository/Page_Dashboard/strong_Nguyen Hoa' is clicked on

2022-01-16 13:45:04 - [MESSAGE][PASSED] - Object: 'Object Repository/Page_Dashboard/strong_Nguyen Hoa' is clicked on

2022-01-16 13:45:04 - [TEST_STEP][PASSED] - setText(findTestObject("Object Repository/Page_Dashboard/textarea_Use enter to send_yui_3_17_2_1_164_f0879e"), "Cô chào em"): Text 'Cô chào em' is set on object 'Object Repository/Page_Dashboard/textarea_Use enter to send_yui_3_17_2_1_164_f0879e'

2022-01-16 13:45:06 - [MESSAGE][PASSED] - Text 'Cô chào em' is set on object 'Object Repository/Page_Dashboard/textarea_Use enter to send_yui_3_17_2_1_164_f0879e'

2022-01-16 13:45:06 - [TEST_STEP][PASSED] - click(findTestObject("Object Repository/Page_Dashboard/i__icon fa fa-paper-plane fa-fw_1")): Object: 'Object Repository/Page_Dashboard/i__icon fa fa-paper-plane fa-fw_1' is clicked on

2022-01-16 13:45:06 - [MESSAGE][PASSED] - Object: 'Object Repository/Page_Dashboard/i__icon fa fa-paper-plane fa-fw_1' is clicked on

2022-01-16 13:45:06 - [TEST_STEP][PASSED] - click(findTestObject("Object Repository/Page_Dashboard/a_NN")): Object: 'Object Repository/Page_Dashboard/a_NN' is clicked on

2022-01-16 13:45:07 - [MESSAGE][PASSED] - Object: 'Object Repository/Page_Dashboard/a_NN' is clicked on

2022-01-16 13:45:07 - [TEST_STEP][PASSED] - click(findTestObject("Page_Dashboard/a_Log out")): Object: 'Object Repository/Page_Dashboard/a_Log out' is clicked on

2022-01-16 13:45:08 - [MESSAGE][PASSED] - Object: 'Object Repository/Page_Dashboard/a_Log out' is clicked on

2022-01-16 13:45:08 - [TEST_STEP][PASSED] - closeBrowser(): Browser is closed

2022-01-16 13:45:09 - [MESSAGE][PASSED] - Browser is closed]]></system-out>
         <system-err><![CDATA[]]></system-err>
      </testcase>
      <testcase name="Test Cases/Take the quiz on time - Student" time="46.192" classname="Test Cases/Take the quiz on time - Student" status="FAILED">
         <failure type="FAILED" message="Test Cases/Take the quiz on time - Student FAILED.
Reason:
com.kms.katalon.core.exception.StepFailedException: Unable to click on object 'Object Repository/Page_TA Quiz1/a_Attempt quiz'
	at com.kms.katalon.core.webui.keyword.internal.WebUIKeywordMain.stepFailed(WebUIKeywordMain.groovy:64)
	at com.kms.katalon.core.webui.keyword.internal.WebUIKeywordMain.runKeyword(WebUIKeywordMain.groovy:26)
	at com.kms.katalon.core.webui.keyword.builtin.ClickKeyword.click(ClickKeyword.groovy:74)
	at com.kms.katalon.core.webui.keyword.builtin.ClickKeyword.execute(ClickKeyword.groovy:40)
	at com.kms.katalon.core.keyword.internal.KeywordExecutor.executeKeywordForPlatform(KeywordExecutor.groovy:74)
	at com.kms.katalon.core.webui.keyword.WebUiBuiltInKeywords.click(WebUiBuiltInKeywords.groovy:620)
	at com.kms.katalon.core.webui.keyword.WebUiBuiltInKeywords$click$1.call(Unknown Source)
	at Take the quiz on time - Student.run(Take the quiz on time - Student:38)
	at com.kms.katalon.core.main.ScriptEngine.run(ScriptEngine.java:194)
	at com.kms.katalon.core.main.ScriptEngine.runScriptAsRawText(ScriptEngine.java:119)
	at com.kms.katalon.core.main.TestCaseExecutor.runScript(TestCaseExecutor.java:442)
	at com.kms.katalon.core.main.TestCaseExecutor.doExecute(TestCaseExecutor.java:433)
	at com.kms.katalon.core.main.TestCaseExecutor.processExecutionPhase(TestCaseExecutor.java:412)
	at com.kms.katalon.core.main.TestCaseExecutor.accessMainPhase(TestCaseExecutor.java:404)
	at com.kms.katalon.core.main.TestCaseExecutor.execute(TestCaseExecutor.java:281)
	at com.kms.katalon.core.main.TestSuiteExecutor.accessTestCaseMainPhase(TestSuiteExecutor.java:202)
	at com.kms.katalon.core.main.TestSuiteExecutor.accessTestSuiteMainPhase(TestSuiteExecutor.java:164)
	at com.kms.katalon.core.main.TestSuiteExecutor.execute(TestSuiteExecutor.java:105)
	at com.kms.katalon.core.main.TestCaseMain.startTestSuite(TestCaseMain.java:181)
	at com.kms.katalon.core.main.TestCaseMain$startTestSuite$0.call(Unknown Source)
	at TempTestSuite1642314164055.run(TempTestSuite1642314164055.groovy:36)
Caused by: com.kms.katalon.core.webui.exception.WebElementNotFoundException: Web element with id: 'Object Repository/Page_TA Quiz1/a_Attempt quiz' located by '//section[@id='region-main']/div[2]/div/div/a' not found
	at com.kms.katalon.core.webui.common.WebUiCommonHelper.findWebElement(WebUiCommonHelper.java:1368)
	at com.kms.katalon.core.webui.keyword.internal.WebUIAbstractKeyword.findWebElement(WebUIAbstractKeyword.groovy:27)
	at com.kms.katalon.core.webui.keyword.builtin.ClickKeyword$_click_closure1.doCall(ClickKeyword.groovy:65)
	at com.kms.katalon.core.webui.keyword.builtin.ClickKeyword$_click_closure1.call(ClickKeyword.groovy)
	at com.kms.katalon.core.webui.keyword.internal.WebUIKeywordMain.runKeyword(WebUIKeywordMain.groovy:20)
	... 19 more
"/>
         <system-out><![CDATA[2022-01-16 13:45:09 - [TEST_CASE][FAILED] - Test Cases/Take the quiz on time - Student: Test Cases/Take the quiz on time - Student FAILED.
Reason:
com.kms.katalon.core.exception.StepFailedException: Unable to click on object 'Object Repository/Page_TA Quiz1/a_Attempt quiz'
	at com.kms.katalon.core.webui.keyword.internal.WebUIKeywordMain.stepFailed(WebUIKeywordMain.groovy:64)
	at com.kms.katalon.core.webui.keyword.internal.WebUIKeywordMain.runKeyword(WebUIKeywordMain.groovy:26)
	at com.kms.katalon.core.webui.keyword.builtin.ClickKeyword.click(ClickKeyword.groovy:74)
	at com.kms.katalon.core.webui.keyword.builtin.ClickKeyword.execute(ClickKeyword.groovy:40)
	at com.kms.katalon.core.keyword.internal.KeywordExecutor.executeKeywordForPlatform(KeywordExecutor.groovy:74)
	at com.kms.katalon.core.webui.keyword.WebUiBuiltInKeywords.click(WebUiBuiltInKeywords.groovy:620)
	at com.kms.katalon.core.webui.keyword.WebUiBuiltInKeywords$click$1.call(Unknown Source)
	at Take the quiz on time - Student.run(Take the quiz on time - Student:38)
	at com.kms.katalon.core.main.ScriptEngine.run(ScriptEngine.java:194)
	at com.kms.katalon.core.main.ScriptEngine.runScriptAsRawText(ScriptEngine.java:119)
	at com.kms.katalon.core.main.TestCaseExecutor.runScript(TestCaseExecutor.java:442)
	at com.kms.katalon.core.main.TestCaseExecutor.doExecute(TestCaseExecutor.java:433)
	at com.kms.katalon.core.main.TestCaseExecutor.processExecutionPhase(TestCaseExecutor.java:412)
	at com.kms.katalon.core.main.TestCaseExecutor.accessMainPhase(TestCaseExecutor.java:404)
	at com.kms.katalon.core.main.TestCaseExecutor.execute(TestCaseExecutor.java:281)
	at com.kms.katalon.core.main.TestSuiteExecutor.accessTestCaseMainPhase(TestSuiteExecutor.java:202)
	at com.kms.katalon.core.main.TestSuiteExecutor.accessTestSuiteMainPhase(TestSuiteExecutor.java:164)
	at com.kms.katalon.core.main.TestSuiteExecutor.execute(TestSuiteExecutor.java:105)
	at com.kms.katalon.core.main.TestCaseMain.startTestSuite(TestCaseMain.java:181)
	at com.kms.katalon.core.main.TestCaseMain$startTestSuite$0.call(Unknown Source)
	at TempTestSuite1642314164055.run(TempTestSuite1642314164055.groovy:36)
Caused by: com.kms.katalon.core.webui.exception.WebElementNotFoundException: Web element with id: 'Object Repository/Page_TA Quiz1/a_Attempt quiz' located by '//section[@id='region-main']/div[2]/div/div/a' not found
	at com.kms.katalon.core.webui.common.WebUiCommonHelper.findWebElement(WebUiCommonHelper.java:1368)
	at com.kms.katalon.core.webui.keyword.internal.WebUIAbstractKeyword.findWebElement(WebUIAbstractKeyword.groovy:27)
	at com.kms.katalon.core.webui.keyword.builtin.ClickKeyword$_click_closure1.doCall(ClickKeyword.groovy:65)
	at com.kms.katalon.core.webui.keyword.builtin.ClickKeyword$_click_closure1.call(ClickKeyword.groovy)
	at com.kms.katalon.core.webui.keyword.internal.WebUIKeywordMain.runKeyword(WebUIKeywordMain.groovy:20)
	... 19 more


2022-01-16 13:45:09 - [TEST_STEP][PASSED] - openBrowser(""): Browser is opened with url: ''

2022-01-16 13:45:09 - [MESSAGE][INFO] - Starting 'Edge Chromium' driver

2022-01-16 13:45:12 - [MESSAGE][INFO] - Action delay is set to 0 milliseconds

2022-01-16 13:45:12 - [MESSAGE][PASSED] - Browser is opened with url: ''

2022-01-16 13:45:12 - [TEST_STEP][PASSED] - navigateToUrl("http://localhost/"): Navigate to 'http://localhost/' successfully

2022-01-16 13:45:13 - [MESSAGE][PASSED] - Navigate to 'http://localhost/' successfully

2022-01-16 13:45:13 - [TEST_STEP][PASSED] - click(findTestObject("Object Repository/Page_Home page/a_Log in")): Object: 'Object Repository/Page_Home page/a_Log in' is clicked on

2022-01-16 13:45:15 - [MESSAGE][PASSED] - Object: 'Object Repository/Page_Home page/a_Log in' is clicked on

2022-01-16 13:45:15 - [TEST_STEP][PASSED] - setText(findTestObject("Object Repository/Page_Home page Log in to the site/input_Username_username"), "student1"): Text 'student1' is set on object 'Object Repository/Page_Home page Log in to the site/input_Username_username'

2022-01-16 13:45:15 - [MESSAGE][PASSED] - Text 'student1' is set on object 'Object Repository/Page_Home page Log in to the site/input_Username_username'

2022-01-16 13:45:15 - [TEST_STEP][PASSED] - setEncryptedText(findTestObject("Page_Home page Log in to the site/input_Password_password (1)"), "OFhcon1PzObx3ErJAwGfGA=="): Text ****** has been set on object 'Object Repository/Page_Home page Log in to the site/input_Password_password (1)'

2022-01-16 13:45:16 - [MESSAGE][PASSED] - Text ****** has been set on object 'Object Repository/Page_Home page Log in to the site/input_Password_password (1)'

2022-01-16 13:45:16 - [TEST_STEP][PASSED] - click(findTestObject("Object Repository/Page_Home page Log in to the site/button_Log in")): Object: 'Object Repository/Page_Home page Log in to the site/button_Log in' is clicked on

2022-01-16 13:45:18 - [MESSAGE][PASSED] - Object: 'Object Repository/Page_Home page Log in to the site/button_Log in' is clicked on

2022-01-16 13:45:18 - [TEST_STEP][PASSED] - click(findTestObject("Page_Group10 Administration Users Accounts _c9beb9/a_My courses")): Object: 'Object Repository/Page_Group10 Administration Users Accounts _c9beb9/a_My courses' is clicked on

2022-01-16 13:45:20 - [MESSAGE][PASSED] - Object: 'Object Repository/Page_Group10 Administration Users Accounts _c9beb9/a_My courses' is clicked on

2022-01-16 13:45:20 - [TEST_STEP][PASSED] - click(findTestObject("Object Repository/Page_My courses/span_Test Automation")): Object: 'Object Repository/Page_My courses/span_Test Automation' is clicked on

2022-01-16 13:45:22 - [MESSAGE][PASSED] - Object: 'Object Repository/Page_My courses/span_Test Automation' is clicked on

2022-01-16 13:45:22 - [TEST_STEP][PASSED] - click(findTestObject("Object Repository/Page_Course Test Automation/a_Quiz1")): Object: 'Object Repository/Page_Course Test Automation/a_Quiz1' is clicked on

2022-01-16 13:45:24 - [MESSAGE][PASSED] - Object: 'Object Repository/Page_Course Test Automation/a_Quiz1' is clicked on

2022-01-16 13:45:24 - [TEST_STEP][FAILED] - click(findTestObject("Object Repository/Page_TA Quiz1/a_Attempt quiz")): Unable to click on object 'Object Repository/Page_TA Quiz1/a_Attempt quiz' (Root cause: com.kms.katalon.core.exception.StepFailedException: Unable to click on object 'Object Repository/Page_TA Quiz1/a_Attempt quiz'
	at com.kms.katalon.core.webui.keyword.internal.WebUIKeywordMain.stepFailed(WebUIKeywordMain.groovy:64)
	at com.kms.katalon.core.webui.keyword.internal.WebUIKeywordMain.runKeyword(WebUIKeywordMain.groovy:26)
	at com.kms.katalon.core.webui.keyword.builtin.ClickKeyword.click(ClickKeyword.groovy:74)
	at com.kms.katalon.core.webui.keyword.builtin.ClickKeyword.execute(ClickKeyword.groovy:40)
	at com.kms.katalon.core.keyword.internal.KeywordExecutor.executeKeywordForPlatform(KeywordExecutor.groovy:74)
	at com.kms.katalon.core.webui.keyword.WebUiBuiltInKeywords.click(WebUiBuiltInKeywords.groovy:620)
	at com.kms.katalon.core.webui.keyword.WebUiBuiltInKeywords$click$1.call(Unknown Source)
	at Take the quiz on time - Student.run(Take the quiz on time - Student:38)
	at com.kms.katalon.core.main.ScriptEngine.run(ScriptEngine.java:194)
	at com.kms.katalon.core.main.ScriptEngine.runScriptAsRawText(ScriptEngine.java:119)
	at com.kms.katalon.core.main.TestCaseExecutor.runScript(TestCaseExecutor.java:442)
	at com.kms.katalon.core.main.TestCaseExecutor.doExecute(TestCaseExecutor.java:433)
	at com.kms.katalon.core.main.TestCaseExecutor.processExecutionPhase(TestCaseExecutor.java:412)
	at com.kms.katalon.core.main.TestCaseExecutor.accessMainPhase(TestCaseExecutor.java:404)
	at com.kms.katalon.core.main.TestCaseExecutor.execute(TestCaseExecutor.java:281)
	at com.kms.katalon.core.main.TestSuiteExecutor.accessTestCaseMainPhase(TestSuiteExecutor.java:202)
	at com.kms.katalon.core.main.TestSuiteExecutor.accessTestSuiteMainPhase(TestSuiteExecutor.java:164)
	at com.kms.katalon.core.main.TestSuiteExecutor.execute(TestSuiteExecutor.java:105)
	at com.kms.katalon.core.main.TestCaseMain.startTestSuite(TestCaseMain.java:181)
	at com.kms.katalon.core.main.TestCaseMain$startTestSuite$0.call(Unknown Source)
	at TempTestSuite1642314164055.run(TempTestSuite1642314164055.groovy:36)
Caused by: com.kms.katalon.core.webui.exception.WebElementNotFoundException: Web element with id: 'Object Repository/Page_TA Quiz1/a_Attempt quiz' located by '//section[@id='region-main']/div[2]/div/div/a' not found
	at com.kms.katalon.core.webui.common.WebUiCommonHelper.findWebElement(WebUiCommonHelper.java:1368)
	at com.kms.katalon.core.webui.keyword.internal.WebUIAbstractKeyword.findWebElement(WebUIAbstractKeyword.groovy:27)
	at com.kms.katalon.core.webui.keyword.builtin.ClickKeyword$_click_closure1.doCall(ClickKeyword.groovy:65)
	at com.kms.katalon.core.webui.keyword.builtin.ClickKeyword$_click_closure1.call(ClickKeyword.groovy)
	at com.kms.katalon.core.webui.keyword.internal.WebUIKeywordMain.runKeyword(WebUIKeywordMain.groovy:20)
	at com.kms.katalon.core.webui.keyword.builtin.ClickKeyword.click(ClickKeyword.groovy:74)
	at com.kms.katalon.core.webui.keyword.builtin.ClickKeyword.execute(ClickKeyword.groovy:40)
	at com.kms.katalon.core.keyword.internal.KeywordExecutor.executeKeywordForPlatform(KeywordExecutor.groovy:74)
	at com.kms.katalon.core.webui.keyword.WebUiBuiltInKeywords.click(WebUiBuiltInKeywords.groovy:620)
	at com.kms.katalon.core.webui.keyword.WebUiBuiltInKeywords$click$1.call(Unknown Source)
	at Script1641982001455.run(Script1641982001455.groovy:38)
	... 13 more
)

2022-01-16 13:45:55 - [MESSAGE][INFO] - Unable to find the element located by 'By.xpath: //section[@id='region-main']/div[2]/div/div/a'. Please recheck the objects properties to make sure the desired element is located. 

2022-01-16 13:45:55 - [MESSAGE][FAILED] - Unable to click on object 'Object Repository/Page_TA Quiz1/a_Attempt quiz' (Root cause: com.kms.katalon.core.exception.StepFailedException: Unable to click on object 'Object Repository/Page_TA Quiz1/a_Attempt quiz'
	at com.kms.katalon.core.webui.keyword.internal.WebUIKeywordMain.stepFailed(WebUIKeywordMain.groovy:64)
	at com.kms.katalon.core.webui.keyword.internal.WebUIKeywordMain.runKeyword(WebUIKeywordMain.groovy:26)
	at com.kms.katalon.core.webui.keyword.builtin.ClickKeyword.click(ClickKeyword.groovy:74)
	at com.kms.katalon.core.webui.keyword.builtin.ClickKeyword.execute(ClickKeyword.groovy:40)
	at com.kms.katalon.core.keyword.internal.KeywordExecutor.executeKeywordForPlatform(KeywordExecutor.groovy:74)
	at com.kms.katalon.core.webui.keyword.WebUiBuiltInKeywords.click(WebUiBuiltInKeywords.groovy:620)
	at com.kms.katalon.core.webui.keyword.WebUiBuiltInKeywords$click$1.call(Unknown Source)
	at Take the quiz on time - Student.run(Take the quiz on time - Student:38)
	at com.kms.katalon.core.main.ScriptEngine.run(ScriptEngine.java:194)
	at com.kms.katalon.core.main.ScriptEngine.runScriptAsRawText(ScriptEngine.java:119)
	at com.kms.katalon.core.main.TestCaseExecutor.runScript(TestCaseExecutor.java:442)
	at com.kms.katalon.core.main.TestCaseExecutor.doExecute(TestCaseExecutor.java:433)
	at com.kms.katalon.core.main.TestCaseExecutor.processExecutionPhase(TestCaseExecutor.java:412)
	at com.kms.katalon.core.main.TestCaseExecutor.accessMainPhase(TestCaseExecutor.java:404)
	at com.kms.katalon.core.main.TestCaseExecutor.execute(TestCaseExecutor.java:281)
	at com.kms.katalon.core.main.TestSuiteExecutor.accessTestCaseMainPhase(TestSuiteExecutor.java:202)
	at com.kms.katalon.core.main.TestSuiteExecutor.accessTestSuiteMainPhase(TestSuiteExecutor.java:164)
	at com.kms.katalon.core.main.TestSuiteExecutor.execute(TestSuiteExecutor.java:105)
	at com.kms.katalon.core.main.TestCaseMain.startTestSuite(TestCaseMain.java:181)
	at com.kms.katalon.core.main.TestCaseMain$startTestSuite$0.call(Unknown Source)
	at TempTestSuite1642314164055.run(TempTestSuite1642314164055.groovy:36)
Caused by: com.kms.katalon.core.webui.exception.WebElementNotFoundException: Web element with id: 'Object Repository/Page_TA Quiz1/a_Attempt quiz' located by '//section[@id='region-main']/div[2]/div/div/a' not found
	at com.kms.katalon.core.webui.common.WebUiCommonHelper.findWebElement(WebUiCommonHelper.java:1368)
	at com.kms.katalon.core.webui.keyword.internal.WebUIAbstractKeyword.findWebElement(WebUIAbstractKeyword.groovy:27)
	at com.kms.katalon.core.webui.keyword.builtin.ClickKeyword$_click_closure1.doCall(ClickKeyword.groovy:65)
	at com.kms.katalon.core.webui.keyword.builtin.ClickKeyword$_click_closure1.call(ClickKeyword.groovy)
	at com.kms.katalon.core.webui.keyword.internal.WebUIKeywordMain.runKeyword(WebUIKeywordMain.groovy:20)
	at com.kms.katalon.core.webui.keyword.builtin.ClickKeyword.click(ClickKeyword.groovy:74)
	at com.kms.katalon.core.webui.keyword.builtin.ClickKeyword.execute(ClickKeyword.groovy:40)
	at com.kms.katalon.core.keyword.internal.KeywordExecutor.executeKeywordForPlatform(KeywordExecutor.groovy:74)
	at com.kms.katalon.core.webui.keyword.WebUiBuiltInKeywords.click(WebUiBuiltInKeywords.groovy:620)
	at com.kms.katalon.core.webui.keyword.WebUiBuiltInKeywords$click$1.call(Unknown Source)
	at Script1641982001455.run(Script1641982001455.groovy:38)
	... 13 more
)
[[ATTACHMENT|D:\\TestAutomation-SEBonus-Group10\\Test Automation - SE Bonus\\Reports\\20220116_132244\\Run all test cases\\20220116_132244\\1642315555552.png]]]]></system-out>
         <system-err><![CDATA[2022-01-16 13:45:09 - [TEST_CASE][FAILED] - Test Cases/Take the quiz on time - Student: Test Cases/Take the quiz on time - Student FAILED.
Reason:
com.kms.katalon.core.exception.StepFailedException: Unable to click on object 'Object Repository/Page_TA Quiz1/a_Attempt quiz'
	at com.kms.katalon.core.webui.keyword.internal.WebUIKeywordMain.stepFailed(WebUIKeywordMain.groovy:64)
	at com.kms.katalon.core.webui.keyword.internal.WebUIKeywordMain.runKeyword(WebUIKeywordMain.groovy:26)
	at com.kms.katalon.core.webui.keyword.builtin.ClickKeyword.click(ClickKeyword.groovy:74)
	at com.kms.katalon.core.webui.keyword.builtin.ClickKeyword.execute(ClickKeyword.groovy:40)
	at com.kms.katalon.core.keyword.internal.KeywordExecutor.executeKeywordForPlatform(KeywordExecutor.groovy:74)
	at com.kms.katalon.core.webui.keyword.WebUiBuiltInKeywords.click(WebUiBuiltInKeywords.groovy:620)
	at com.kms.katalon.core.webui.keyword.WebUiBuiltInKeywords$click$1.call(Unknown Source)
	at Take the quiz on time - Student.run(Take the quiz on time - Student:38)
	at com.kms.katalon.core.main.ScriptEngine.run(ScriptEngine.java:194)
	at com.kms.katalon.core.main.ScriptEngine.runScriptAsRawText(ScriptEngine.java:119)
	at com.kms.katalon.core.main.TestCaseExecutor.runScript(TestCaseExecutor.java:442)
	at com.kms.katalon.core.main.TestCaseExecutor.doExecute(TestCaseExecutor.java:433)
	at com.kms.katalon.core.main.TestCaseExecutor.processExecutionPhase(TestCaseExecutor.java:412)
	at com.kms.katalon.core.main.TestCaseExecutor.accessMainPhase(TestCaseExecutor.java:404)
	at com.kms.katalon.core.main.TestCaseExecutor.execute(TestCaseExecutor.java:281)
	at com.kms.katalon.core.main.TestSuiteExecutor.accessTestCaseMainPhase(TestSuiteExecutor.java:202)
	at com.kms.katalon.core.main.TestSuiteExecutor.accessTestSuiteMainPhase(TestSuiteExecutor.java:164)
	at com.kms.katalon.core.main.TestSuiteExecutor.execute(TestSuiteExecutor.java:105)
	at com.kms.katalon.core.main.TestCaseMain.startTestSuite(TestCaseMain.java:181)
	at com.kms.katalon.core.main.TestCaseMain$startTestSuite$0.call(Unknown Source)
	at TempTestSuite1642314164055.run(TempTestSuite1642314164055.groovy:36)
Caused by: com.kms.katalon.core.webui.exception.WebElementNotFoundException: Web element with id: 'Object Repository/Page_TA Quiz1/a_Attempt quiz' located by '//section[@id='region-main']/div[2]/div/div/a' not found
	at com.kms.katalon.core.webui.common.WebUiCommonHelper.findWebElement(WebUiCommonHelper.java:1368)
	at com.kms.katalon.core.webui.keyword.internal.WebUIAbstractKeyword.findWebElement(WebUIAbstractKeyword.groovy:27)
	at com.kms.katalon.core.webui.keyword.builtin.ClickKeyword$_click_closure1.doCall(ClickKeyword.groovy:65)
	at com.kms.katalon.core.webui.keyword.builtin.ClickKeyword$_click_closure1.call(ClickKeyword.groovy)
	at com.kms.katalon.core.webui.keyword.internal.WebUIKeywordMain.runKeyword(WebUIKeywordMain.groovy:20)
	... 19 more]]></system-err>
      </testcase>
      <testcase name="Test Cases/Take the quiz late - Student" time="47.366" classname="Test Cases/Take the quiz late - Student" status="FAILED">
         <failure type="FAILED" message="Test Cases/Take the quiz late - Student FAILED.
Reason:
com.kms.katalon.core.exception.StepFailedException: Unable to click on object 'Object Repository/Page_TA Quiz2/a_Attempt quiz'
	at com.kms.katalon.core.webui.keyword.internal.WebUIKeywordMain.stepFailed(WebUIKeywordMain.groovy:64)
	at com.kms.katalon.core.webui.keyword.internal.WebUIKeywordMain.runKeyword(WebUIKeywordMain.groovy:26)
	at com.kms.katalon.core.webui.keyword.builtin.ClickKeyword.click(ClickKeyword.groovy:74)
	at com.kms.katalon.core.webui.keyword.builtin.ClickKeyword.execute(ClickKeyword.groovy:40)
	at com.kms.katalon.core.keyword.internal.KeywordExecutor.executeKeywordForPlatform(KeywordExecutor.groovy:74)
	at com.kms.katalon.core.webui.keyword.WebUiBuiltInKeywords.click(WebUiBuiltInKeywords.groovy:620)
	at com.kms.katalon.core.webui.keyword.WebUiBuiltInKeywords$click$1.call(Unknown Source)
	at Take the quiz late - Student.run(Take the quiz late - Student:38)
	at com.kms.katalon.core.main.ScriptEngine.run(ScriptEngine.java:194)
	at com.kms.katalon.core.main.ScriptEngine.runScriptAsRawText(ScriptEngine.java:119)
	at com.kms.katalon.core.main.TestCaseExecutor.runScript(TestCaseExecutor.java:442)
	at com.kms.katalon.core.main.TestCaseExecutor.doExecute(TestCaseExecutor.java:433)
	at com.kms.katalon.core.main.TestCaseExecutor.processExecutionPhase(TestCaseExecutor.java:412)
	at com.kms.katalon.core.main.TestCaseExecutor.accessMainPhase(TestCaseExecutor.java:404)
	at com.kms.katalon.core.main.TestCaseExecutor.execute(TestCaseExecutor.java:281)
	at com.kms.katalon.core.main.TestSuiteExecutor.accessTestCaseMainPhase(TestSuiteExecutor.java:202)
	at com.kms.katalon.core.main.TestSuiteExecutor.accessTestSuiteMainPhase(TestSuiteExecutor.java:164)
	at com.kms.katalon.core.main.TestSuiteExecutor.execute(TestSuiteExecutor.java:105)
	at com.kms.katalon.core.main.TestCaseMain.startTestSuite(TestCaseMain.java:181)
	at com.kms.katalon.core.main.TestCaseMain$startTestSuite$0.call(Unknown Source)
	at TempTestSuite1642314164055.run(TempTestSuite1642314164055.groovy:36)
Caused by: com.kms.katalon.core.webui.exception.WebElementNotFoundException: Web element with id: 'Object Repository/Page_TA Quiz2/a_Attempt quiz' located by '//section[@id='region-main']/div[2]/div/div/a' not found
	at com.kms.katalon.core.webui.common.WebUiCommonHelper.findWebElement(WebUiCommonHelper.java:1368)
	at com.kms.katalon.core.webui.keyword.internal.WebUIAbstractKeyword.findWebElement(WebUIAbstractKeyword.groovy:27)
	at com.kms.katalon.core.webui.keyword.builtin.ClickKeyword$_click_closure1.doCall(ClickKeyword.groovy:65)
	at com.kms.katalon.core.webui.keyword.builtin.ClickKeyword$_click_closure1.call(ClickKeyword.groovy)
	at com.kms.katalon.core.webui.keyword.internal.WebUIKeywordMain.runKeyword(WebUIKeywordMain.groovy:20)
	... 19 more
"/>
         <system-out><![CDATA[2022-01-16 13:45:55 - [TEST_CASE][FAILED] - Test Cases/Take the quiz late - Student: Test Cases/Take the quiz late - Student FAILED.
Reason:
com.kms.katalon.core.exception.StepFailedException: Unable to click on object 'Object Repository/Page_TA Quiz2/a_Attempt quiz'
	at com.kms.katalon.core.webui.keyword.internal.WebUIKeywordMain.stepFailed(WebUIKeywordMain.groovy:64)
	at com.kms.katalon.core.webui.keyword.internal.WebUIKeywordMain.runKeyword(WebUIKeywordMain.groovy:26)
	at com.kms.katalon.core.webui.keyword.builtin.ClickKeyword.click(ClickKeyword.groovy:74)
	at com.kms.katalon.core.webui.keyword.builtin.ClickKeyword.execute(ClickKeyword.groovy:40)
	at com.kms.katalon.core.keyword.internal.KeywordExecutor.executeKeywordForPlatform(KeywordExecutor.groovy:74)
	at com.kms.katalon.core.webui.keyword.WebUiBuiltInKeywords.click(WebUiBuiltInKeywords.groovy:620)
	at com.kms.katalon.core.webui.keyword.WebUiBuiltInKeywords$click$1.call(Unknown Source)
	at Take the quiz late - Student.run(Take the quiz late - Student:38)
	at com.kms.katalon.core.main.ScriptEngine.run(ScriptEngine.java:194)
	at com.kms.katalon.core.main.ScriptEngine.runScriptAsRawText(ScriptEngine.java:119)
	at com.kms.katalon.core.main.TestCaseExecutor.runScript(TestCaseExecutor.java:442)
	at com.kms.katalon.core.main.TestCaseExecutor.doExecute(TestCaseExecutor.java:433)
	at com.kms.katalon.core.main.TestCaseExecutor.processExecutionPhase(TestCaseExecutor.java:412)
	at com.kms.katalon.core.main.TestCaseExecutor.accessMainPhase(TestCaseExecutor.java:404)
	at com.kms.katalon.core.main.TestCaseExecutor.execute(TestCaseExecutor.java:281)
	at com.kms.katalon.core.main.TestSuiteExecutor.accessTestCaseMainPhase(TestSuiteExecutor.java:202)
	at com.kms.katalon.core.main.TestSuiteExecutor.accessTestSuiteMainPhase(TestSuiteExecutor.java:164)
	at com.kms.katalon.core.main.TestSuiteExecutor.execute(TestSuiteExecutor.java:105)
	at com.kms.katalon.core.main.TestCaseMain.startTestSuite(TestCaseMain.java:181)
	at com.kms.katalon.core.main.TestCaseMain$startTestSuite$0.call(Unknown Source)
	at TempTestSuite1642314164055.run(TempTestSuite1642314164055.groovy:36)
Caused by: com.kms.katalon.core.webui.exception.WebElementNotFoundException: Web element with id: 'Object Repository/Page_TA Quiz2/a_Attempt quiz' located by '//section[@id='region-main']/div[2]/div/div/a' not found
	at com.kms.katalon.core.webui.common.WebUiCommonHelper.findWebElement(WebUiCommonHelper.java:1368)
	at com.kms.katalon.core.webui.keyword.internal.WebUIAbstractKeyword.findWebElement(WebUIAbstractKeyword.groovy:27)
	at com.kms.katalon.core.webui.keyword.builtin.ClickKeyword$_click_closure1.doCall(ClickKeyword.groovy:65)
	at com.kms.katalon.core.webui.keyword.builtin.ClickKeyword$_click_closure1.call(ClickKeyword.groovy)
	at com.kms.katalon.core.webui.keyword.internal.WebUIKeywordMain.runKeyword(WebUIKeywordMain.groovy:20)
	... 19 more


2022-01-16 13:45:56 - [TEST_STEP][PASSED] - openBrowser(""): Browser is opened with url: ''

2022-01-16 13:45:56 - [MESSAGE][WARNING] - A browser is already opened. Closing browser and opening a new one

2022-01-16 13:45:56 - [MESSAGE][INFO] - Starting 'Edge Chromium' driver

2022-01-16 13:45:59 - [MESSAGE][INFO] - Action delay is set to 0 milliseconds

2022-01-16 13:46:00 - [MESSAGE][PASSED] - Browser is opened with url: ''

2022-01-16 13:46:00 - [TEST_STEP][PASSED] - navigateToUrl("http://localhost/"): Navigate to 'http://localhost/' successfully

2022-01-16 13:46:01 - [MESSAGE][PASSED] - Navigate to 'http://localhost/' successfully

2022-01-16 13:46:01 - [TEST_STEP][PASSED] - click(findTestObject("Object Repository/Page_Home page/a_Log in")): Object: 'Object Repository/Page_Home page/a_Log in' is clicked on

2022-01-16 13:46:02 - [MESSAGE][PASSED] - Object: 'Object Repository/Page_Home page/a_Log in' is clicked on

2022-01-16 13:46:02 - [TEST_STEP][PASSED] - setText(findTestObject("Object Repository/Page_Home page Log in to the site/input_Username_username"), "student1"): Text 'student1' is set on object 'Object Repository/Page_Home page Log in to the site/input_Username_username'

2022-01-16 13:46:03 - [MESSAGE][PASSED] - Text 'student1' is set on object 'Object Repository/Page_Home page Log in to the site/input_Username_username'

2022-01-16 13:46:03 - [TEST_STEP][PASSED] - setEncryptedText(findTestObject("Page_Home page Log in to the site/input_Password_password (1)"), "OFhcon1PzObx3ErJAwGfGA=="): Text ****** has been set on object 'Object Repository/Page_Home page Log in to the site/input_Password_password (1)'

2022-01-16 13:46:03 - [MESSAGE][PASSED] - Text ****** has been set on object 'Object Repository/Page_Home page Log in to the site/input_Password_password (1)'

2022-01-16 13:46:03 - [TEST_STEP][PASSED] - click(findTestObject("Object Repository/Page_Home page Log in to the site/button_Log in")): Object: 'Object Repository/Page_Home page Log in to the site/button_Log in' is clicked on

2022-01-16 13:46:05 - [MESSAGE][PASSED] - Object: 'Object Repository/Page_Home page Log in to the site/button_Log in' is clicked on

2022-01-16 13:46:05 - [TEST_STEP][PASSED] - click(findTestObject("Page_Group10 Administration Users Accounts _9567d5/a_My courses")): Object: 'Object Repository/Page_Group10 Administration Users Accounts _9567d5/a_My courses' is clicked on

2022-01-16 13:46:07 - [MESSAGE][PASSED] - Object: 'Object Repository/Page_Group10 Administration Users Accounts _9567d5/a_My courses' is clicked on

2022-01-16 13:46:07 - [TEST_STEP][PASSED] - click(findTestObject("Object Repository/Page_My courses/span_Test Automation")): Object: 'Object Repository/Page_My courses/span_Test Automation' is clicked on

2022-01-16 13:46:10 - [MESSAGE][PASSED] - Object: 'Object Repository/Page_My courses/span_Test Automation' is clicked on

2022-01-16 13:46:10 - [TEST_STEP][PASSED] - click(findTestObject("Object Repository/Page_Course Test Automation/a_Quiz2")): Object: 'Object Repository/Page_Course Test Automation/a_Quiz2' is clicked on

2022-01-16 13:46:11 - [MESSAGE][PASSED] - Object: 'Object Repository/Page_Course Test Automation/a_Quiz2' is clicked on

2022-01-16 13:46:11 - [TEST_STEP][FAILED] - click(findTestObject("Object Repository/Page_TA Quiz2/a_Attempt quiz")): Unable to click on object 'Object Repository/Page_TA Quiz2/a_Attempt quiz' (Root cause: com.kms.katalon.core.exception.StepFailedException: Unable to click on object 'Object Repository/Page_TA Quiz2/a_Attempt quiz'
	at com.kms.katalon.core.webui.keyword.internal.WebUIKeywordMain.stepFailed(WebUIKeywordMain.groovy:64)
	at com.kms.katalon.core.webui.keyword.internal.WebUIKeywordMain.runKeyword(WebUIKeywordMain.groovy:26)
	at com.kms.katalon.core.webui.keyword.builtin.ClickKeyword.click(ClickKeyword.groovy:74)
	at com.kms.katalon.core.webui.keyword.builtin.ClickKeyword.execute(ClickKeyword.groovy:40)
	at com.kms.katalon.core.keyword.internal.KeywordExecutor.executeKeywordForPlatform(KeywordExecutor.groovy:74)
	at com.kms.katalon.core.webui.keyword.WebUiBuiltInKeywords.click(WebUiBuiltInKeywords.groovy:620)
	at com.kms.katalon.core.webui.keyword.WebUiBuiltInKeywords$click$1.call(Unknown Source)
	at Take the quiz late - Student.run(Take the quiz late - Student:38)
	at com.kms.katalon.core.main.ScriptEngine.run(ScriptEngine.java:194)
	at com.kms.katalon.core.main.ScriptEngine.runScriptAsRawText(ScriptEngine.java:119)
	at com.kms.katalon.core.main.TestCaseExecutor.runScript(TestCaseExecutor.java:442)
	at com.kms.katalon.core.main.TestCaseExecutor.doExecute(TestCaseExecutor.java:433)
	at com.kms.katalon.core.main.TestCaseExecutor.processExecutionPhase(TestCaseExecutor.java:412)
	at com.kms.katalon.core.main.TestCaseExecutor.accessMainPhase(TestCaseExecutor.java:404)
	at com.kms.katalon.core.main.TestCaseExecutor.execute(TestCaseExecutor.java:281)
	at com.kms.katalon.core.main.TestSuiteExecutor.accessTestCaseMainPhase(TestSuiteExecutor.java:202)
	at com.kms.katalon.core.main.TestSuiteExecutor.accessTestSuiteMainPhase(TestSuiteExecutor.java:164)
	at com.kms.katalon.core.main.TestSuiteExecutor.execute(TestSuiteExecutor.java:105)
	at com.kms.katalon.core.main.TestCaseMain.startTestSuite(TestCaseMain.java:181)
	at com.kms.katalon.core.main.TestCaseMain$startTestSuite$0.call(Unknown Source)
	at TempTestSuite1642314164055.run(TempTestSuite1642314164055.groovy:36)
Caused by: com.kms.katalon.core.webui.exception.WebElementNotFoundException: Web element with id: 'Object Repository/Page_TA Quiz2/a_Attempt quiz' located by '//section[@id='region-main']/div[2]/div/div/a' not found
	at com.kms.katalon.core.webui.common.WebUiCommonHelper.findWebElement(WebUiCommonHelper.java:1368)
	at com.kms.katalon.core.webui.keyword.internal.WebUIAbstractKeyword.findWebElement(WebUIAbstractKeyword.groovy:27)
	at com.kms.katalon.core.webui.keyword.builtin.ClickKeyword$_click_closure1.doCall(ClickKeyword.groovy:65)
	at com.kms.katalon.core.webui.keyword.builtin.ClickKeyword$_click_closure1.call(ClickKeyword.groovy)
	at com.kms.katalon.core.webui.keyword.internal.WebUIKeywordMain.runKeyword(WebUIKeywordMain.groovy:20)
	at com.kms.katalon.core.webui.keyword.builtin.ClickKeyword.click(ClickKeyword.groovy:74)
	at com.kms.katalon.core.webui.keyword.builtin.ClickKeyword.execute(ClickKeyword.groovy:40)
	at com.kms.katalon.core.keyword.internal.KeywordExecutor.executeKeywordForPlatform(KeywordExecutor.groovy:74)
	at com.kms.katalon.core.webui.keyword.WebUiBuiltInKeywords.click(WebUiBuiltInKeywords.groovy:620)
	at com.kms.katalon.core.webui.keyword.WebUiBuiltInKeywords$click$1.call(Unknown Source)
	at Script1641982971901.run(Script1641982971901.groovy:38)
	... 13 more
)

2022-01-16 13:46:42 - [MESSAGE][INFO] - Unable to find the element located by 'By.xpath: //section[@id='region-main']/div[2]/div/div/a'. Please recheck the objects properties to make sure the desired element is located. 

2022-01-16 13:46:43 - [MESSAGE][FAILED] - Unable to click on object 'Object Repository/Page_TA Quiz2/a_Attempt quiz' (Root cause: com.kms.katalon.core.exception.StepFailedException: Unable to click on object 'Object Repository/Page_TA Quiz2/a_Attempt quiz'
	at com.kms.katalon.core.webui.keyword.internal.WebUIKeywordMain.stepFailed(WebUIKeywordMain.groovy:64)
	at com.kms.katalon.core.webui.keyword.internal.WebUIKeywordMain.runKeyword(WebUIKeywordMain.groovy:26)
	at com.kms.katalon.core.webui.keyword.builtin.ClickKeyword.click(ClickKeyword.groovy:74)
	at com.kms.katalon.core.webui.keyword.builtin.ClickKeyword.execute(ClickKeyword.groovy:40)
	at com.kms.katalon.core.keyword.internal.KeywordExecutor.executeKeywordForPlatform(KeywordExecutor.groovy:74)
	at com.kms.katalon.core.webui.keyword.WebUiBuiltInKeywords.click(WebUiBuiltInKeywords.groovy:620)
	at com.kms.katalon.core.webui.keyword.WebUiBuiltInKeywords$click$1.call(Unknown Source)
	at Take the quiz late - Student.run(Take the quiz late - Student:38)
	at com.kms.katalon.core.main.ScriptEngine.run(ScriptEngine.java:194)
	at com.kms.katalon.core.main.ScriptEngine.runScriptAsRawText(ScriptEngine.java:119)
	at com.kms.katalon.core.main.TestCaseExecutor.runScript(TestCaseExecutor.java:442)
	at com.kms.katalon.core.main.TestCaseExecutor.doExecute(TestCaseExecutor.java:433)
	at com.kms.katalon.core.main.TestCaseExecutor.processExecutionPhase(TestCaseExecutor.java:412)
	at com.kms.katalon.core.main.TestCaseExecutor.accessMainPhase(TestCaseExecutor.java:404)
	at com.kms.katalon.core.main.TestCaseExecutor.execute(TestCaseExecutor.java:281)
	at com.kms.katalon.core.main.TestSuiteExecutor.accessTestCaseMainPhase(TestSuiteExecutor.java:202)
	at com.kms.katalon.core.main.TestSuiteExecutor.accessTestSuiteMainPhase(TestSuiteExecutor.java:164)
	at com.kms.katalon.core.main.TestSuiteExecutor.execute(TestSuiteExecutor.java:105)
	at com.kms.katalon.core.main.TestCaseMain.startTestSuite(TestCaseMain.java:181)
	at com.kms.katalon.core.main.TestCaseMain$startTestSuite$0.call(Unknown Source)
	at TempTestSuite1642314164055.run(TempTestSuite1642314164055.groovy:36)
Caused by: com.kms.katalon.core.webui.exception.WebElementNotFoundException: Web element with id: 'Object Repository/Page_TA Quiz2/a_Attempt quiz' located by '//section[@id='region-main']/div[2]/div/div/a' not found
	at com.kms.katalon.core.webui.common.WebUiCommonHelper.findWebElement(WebUiCommonHelper.java:1368)
	at com.kms.katalon.core.webui.keyword.internal.WebUIAbstractKeyword.findWebElement(WebUIAbstractKeyword.groovy:27)
	at com.kms.katalon.core.webui.keyword.builtin.ClickKeyword$_click_closure1.doCall(ClickKeyword.groovy:65)
	at com.kms.katalon.core.webui.keyword.builtin.ClickKeyword$_click_closure1.call(ClickKeyword.groovy)
	at com.kms.katalon.core.webui.keyword.internal.WebUIKeywordMain.runKeyword(WebUIKeywordMain.groovy:20)
	at com.kms.katalon.core.webui.keyword.builtin.ClickKeyword.click(ClickKeyword.groovy:74)
	at com.kms.katalon.core.webui.keyword.builtin.ClickKeyword.execute(ClickKeyword.groovy:40)
	at com.kms.katalon.core.keyword.internal.KeywordExecutor.executeKeywordForPlatform(KeywordExecutor.groovy:74)
	at com.kms.katalon.core.webui.keyword.WebUiBuiltInKeywords.click(WebUiBuiltInKeywords.groovy:620)
	at com.kms.katalon.core.webui.keyword.WebUiBuiltInKeywords$click$1.call(Unknown Source)
	at Script1641982971901.run(Script1641982971901.groovy:38)
	... 13 more
)
[[ATTACHMENT|D:\\TestAutomation-SEBonus-Group10\\Test Automation - SE Bonus\\Reports\\20220116_132244\\Run all test cases\\20220116_132244\\1642315602927.png]]]]></system-out>
         <system-err><![CDATA[2022-01-16 13:45:55 - [TEST_CASE][FAILED] - Test Cases/Take the quiz late - Student: Test Cases/Take the quiz late - Student FAILED.
Reason:
com.kms.katalon.core.exception.StepFailedException: Unable to click on object 'Object Repository/Page_TA Quiz2/a_Attempt quiz'
	at com.kms.katalon.core.webui.keyword.internal.WebUIKeywordMain.stepFailed(WebUIKeywordMain.groovy:64)
	at com.kms.katalon.core.webui.keyword.internal.WebUIKeywordMain.runKeyword(WebUIKeywordMain.groovy:26)
	at com.kms.katalon.core.webui.keyword.builtin.ClickKeyword.click(ClickKeyword.groovy:74)
	at com.kms.katalon.core.webui.keyword.builtin.ClickKeyword.execute(ClickKeyword.groovy:40)
	at com.kms.katalon.core.keyword.internal.KeywordExecutor.executeKeywordForPlatform(KeywordExecutor.groovy:74)
	at com.kms.katalon.core.webui.keyword.WebUiBuiltInKeywords.click(WebUiBuiltInKeywords.groovy:620)
	at com.kms.katalon.core.webui.keyword.WebUiBuiltInKeywords$click$1.call(Unknown Source)
	at Take the quiz late - Student.run(Take the quiz late - Student:38)
	at com.kms.katalon.core.main.ScriptEngine.run(ScriptEngine.java:194)
	at com.kms.katalon.core.main.ScriptEngine.runScriptAsRawText(ScriptEngine.java:119)
	at com.kms.katalon.core.main.TestCaseExecutor.runScript(TestCaseExecutor.java:442)
	at com.kms.katalon.core.main.TestCaseExecutor.doExecute(TestCaseExecutor.java:433)
	at com.kms.katalon.core.main.TestCaseExecutor.processExecutionPhase(TestCaseExecutor.java:412)
	at com.kms.katalon.core.main.TestCaseExecutor.accessMainPhase(TestCaseExecutor.java:404)
	at com.kms.katalon.core.main.TestCaseExecutor.execute(TestCaseExecutor.java:281)
	at com.kms.katalon.core.main.TestSuiteExecutor.accessTestCaseMainPhase(TestSuiteExecutor.java:202)
	at com.kms.katalon.core.main.TestSuiteExecutor.accessTestSuiteMainPhase(TestSuiteExecutor.java:164)
	at com.kms.katalon.core.main.TestSuiteExecutor.execute(TestSuiteExecutor.java:105)
	at com.kms.katalon.core.main.TestCaseMain.startTestSuite(TestCaseMain.java:181)
	at com.kms.katalon.core.main.TestCaseMain$startTestSuite$0.call(Unknown Source)
	at TempTestSuite1642314164055.run(TempTestSuite1642314164055.groovy:36)
Caused by: com.kms.katalon.core.webui.exception.WebElementNotFoundException: Web element with id: 'Object Repository/Page_TA Quiz2/a_Attempt quiz' located by '//section[@id='region-main']/div[2]/div/div/a' not found
	at com.kms.katalon.core.webui.common.WebUiCommonHelper.findWebElement(WebUiCommonHelper.java:1368)
	at com.kms.katalon.core.webui.keyword.internal.WebUIAbstractKeyword.findWebElement(WebUIAbstractKeyword.groovy:27)
	at com.kms.katalon.core.webui.keyword.builtin.ClickKeyword$_click_closure1.doCall(ClickKeyword.groovy:65)
	at com.kms.katalon.core.webui.keyword.builtin.ClickKeyword$_click_closure1.call(ClickKeyword.groovy)
	at com.kms.katalon.core.webui.keyword.internal.WebUIKeywordMain.runKeyword(WebUIKeywordMain.groovy:20)
	... 19 more]]></system-err>
      </testcase>
      <testcase name="Test Cases/Review quizz result - Student" time="47.417" classname="Test Cases/Review quizz result - Student" status="FAILED">
         <failure type="FAILED" message="Test Cases/Review quizz result - Student FAILED.
Reason:
com.kms.katalon.core.exception.StepFailedException: Unable to click on object 'Object Repository/Page_TA Quiz1/a_Review'
	at com.kms.katalon.core.webui.keyword.internal.WebUIKeywordMain.stepFailed(WebUIKeywordMain.groovy:64)
	at com.kms.katalon.core.webui.keyword.internal.WebUIKeywordMain.runKeyword(WebUIKeywordMain.groovy:26)
	at com.kms.katalon.core.webui.keyword.builtin.ClickKeyword.click(ClickKeyword.groovy:74)
	at com.kms.katalon.core.webui.keyword.builtin.ClickKeyword.execute(ClickKeyword.groovy:40)
	at com.kms.katalon.core.keyword.internal.KeywordExecutor.executeKeywordForPlatform(KeywordExecutor.groovy:74)
	at com.kms.katalon.core.webui.keyword.WebUiBuiltInKeywords.click(WebUiBuiltInKeywords.groovy:620)
	at com.kms.katalon.core.webui.keyword.WebUiBuiltInKeywords$click$1.call(Unknown Source)
	at Review quizz result - Student.run(Review quizz result - Student:38)
	at com.kms.katalon.core.main.ScriptEngine.run(ScriptEngine.java:194)
	at com.kms.katalon.core.main.ScriptEngine.runScriptAsRawText(ScriptEngine.java:119)
	at com.kms.katalon.core.main.TestCaseExecutor.runScript(TestCaseExecutor.java:442)
	at com.kms.katalon.core.main.TestCaseExecutor.doExecute(TestCaseExecutor.java:433)
	at com.kms.katalon.core.main.TestCaseExecutor.processExecutionPhase(TestCaseExecutor.java:412)
	at com.kms.katalon.core.main.TestCaseExecutor.accessMainPhase(TestCaseExecutor.java:404)
	at com.kms.katalon.core.main.TestCaseExecutor.execute(TestCaseExecutor.java:281)
	at com.kms.katalon.core.main.TestSuiteExecutor.accessTestCaseMainPhase(TestSuiteExecutor.java:202)
	at com.kms.katalon.core.main.TestSuiteExecutor.accessTestSuiteMainPhase(TestSuiteExecutor.java:164)
	at com.kms.katalon.core.main.TestSuiteExecutor.execute(TestSuiteExecutor.java:105)
	at com.kms.katalon.core.main.TestCaseMain.startTestSuite(TestCaseMain.java:181)
	at com.kms.katalon.core.main.TestCaseMain$startTestSuite$0.call(Unknown Source)
	at TempTestSuite1642314164055.run(TempTestSuite1642314164055.groovy:36)
Caused by: com.kms.katalon.core.webui.exception.WebElementNotFoundException: Web element with id: 'Object Repository/Page_TA Quiz1/a_Review' located by '//a[contains(text(),'Review')]' not found
	at com.kms.katalon.core.webui.common.WebUiCommonHelper.findWebElement(WebUiCommonHelper.java:1368)
	at com.kms.katalon.core.webui.keyword.internal.WebUIAbstractKeyword.findWebElement(WebUIAbstractKeyword.groovy:27)
	at com.kms.katalon.core.webui.keyword.builtin.ClickKeyword$_click_closure1.doCall(ClickKeyword.groovy:65)
	at com.kms.katalon.core.webui.keyword.builtin.ClickKeyword$_click_closure1.call(ClickKeyword.groovy)
	at com.kms.katalon.core.webui.keyword.internal.WebUIKeywordMain.runKeyword(WebUIKeywordMain.groovy:20)
	... 19 more
"/>
         <system-out><![CDATA[2022-01-16 13:46:43 - [TEST_CASE][FAILED] - Test Cases/Review quizz result - Student: Test Cases/Review quizz result - Student FAILED.
Reason:
com.kms.katalon.core.exception.StepFailedException: Unable to click on object 'Object Repository/Page_TA Quiz1/a_Review'
	at com.kms.katalon.core.webui.keyword.internal.WebUIKeywordMain.stepFailed(WebUIKeywordMain.groovy:64)
	at com.kms.katalon.core.webui.keyword.internal.WebUIKeywordMain.runKeyword(WebUIKeywordMain.groovy:26)
	at com.kms.katalon.core.webui.keyword.builtin.ClickKeyword.click(ClickKeyword.groovy:74)
	at com.kms.katalon.core.webui.keyword.builtin.ClickKeyword.execute(ClickKeyword.groovy:40)
	at com.kms.katalon.core.keyword.internal.KeywordExecutor.executeKeywordForPlatform(KeywordExecutor.groovy:74)
	at com.kms.katalon.core.webui.keyword.WebUiBuiltInKeywords.click(WebUiBuiltInKeywords.groovy:620)
	at com.kms.katalon.core.webui.keyword.WebUiBuiltInKeywords$click$1.call(Unknown Source)
	at Review quizz result - Student.run(Review quizz result - Student:38)
	at com.kms.katalon.core.main.ScriptEngine.run(ScriptEngine.java:194)
	at com.kms.katalon.core.main.ScriptEngine.runScriptAsRawText(ScriptEngine.java:119)
	at com.kms.katalon.core.main.TestCaseExecutor.runScript(TestCaseExecutor.java:442)
	at com.kms.katalon.core.main.TestCaseExecutor.doExecute(TestCaseExecutor.java:433)
	at com.kms.katalon.core.main.TestCaseExecutor.processExecutionPhase(TestCaseExecutor.java:412)
	at com.kms.katalon.core.main.TestCaseExecutor.accessMainPhase(TestCaseExecutor.java:404)
	at com.kms.katalon.core.main.TestCaseExecutor.execute(TestCaseExecutor.java:281)
	at com.kms.katalon.core.main.TestSuiteExecutor.accessTestCaseMainPhase(TestSuiteExecutor.java:202)
	at com.kms.katalon.core.main.TestSuiteExecutor.accessTestSuiteMainPhase(TestSuiteExecutor.java:164)
	at com.kms.katalon.core.main.TestSuiteExecutor.execute(TestSuiteExecutor.java:105)
	at com.kms.katalon.core.main.TestCaseMain.startTestSuite(TestCaseMain.java:181)
	at com.kms.katalon.core.main.TestCaseMain$startTestSuite$0.call(Unknown Source)
	at TempTestSuite1642314164055.run(TempTestSuite1642314164055.groovy:36)
Caused by: com.kms.katalon.core.webui.exception.WebElementNotFoundException: Web element with id: 'Object Repository/Page_TA Quiz1/a_Review' located by '//a[contains(text(),'Review')]' not found
	at com.kms.katalon.core.webui.common.WebUiCommonHelper.findWebElement(WebUiCommonHelper.java:1368)
	at com.kms.katalon.core.webui.keyword.internal.WebUIAbstractKeyword.findWebElement(WebUIAbstractKeyword.groovy:27)
	at com.kms.katalon.core.webui.keyword.builtin.ClickKeyword$_click_closure1.doCall(ClickKeyword.groovy:65)
	at com.kms.katalon.core.webui.keyword.builtin.ClickKeyword$_click_closure1.call(ClickKeyword.groovy)
	at com.kms.katalon.core.webui.keyword.internal.WebUIKeywordMain.runKeyword(WebUIKeywordMain.groovy:20)
	... 19 more


2022-01-16 13:46:43 - [TEST_STEP][PASSED] - openBrowser(""): Browser is opened with url: ''

2022-01-16 13:46:43 - [MESSAGE][WARNING] - A browser is already opened. Closing browser and opening a new one

2022-01-16 13:46:44 - [MESSAGE][INFO] - Starting 'Edge Chromium' driver

2022-01-16 13:46:46 - [MESSAGE][INFO] - Action delay is set to 0 milliseconds

2022-01-16 13:46:47 - [MESSAGE][PASSED] - Browser is opened with url: ''

2022-01-16 13:46:47 - [TEST_STEP][PASSED] - navigateToUrl("http://localhost/"): Navigate to 'http://localhost/' successfully

2022-01-16 13:46:48 - [MESSAGE][PASSED] - Navigate to 'http://localhost/' successfully

2022-01-16 13:46:48 - [TEST_STEP][PASSED] - click(findTestObject("Page_Home page/a_Log in")): Object: 'Object Repository/Page_Home page/a_Log in' is clicked on

2022-01-16 13:46:49 - [MESSAGE][PASSED] - Object: 'Object Repository/Page_Home page/a_Log in' is clicked on

2022-01-16 13:46:49 - [TEST_STEP][PASSED] - setText(findTestObject("Page_Home page Log in to the site/input_Username_username"), "student1"): Text 'student1' is set on object 'Object Repository/Page_Home page Log in to the site/input_Username_username'

2022-01-16 13:46:50 - [MESSAGE][PASSED] - Text 'student1' is set on object 'Object Repository/Page_Home page Log in to the site/input_Username_username'

2022-01-16 13:46:50 - [TEST_STEP][PASSED] - setEncryptedText(findTestObject("Page_Home page Log in to the site/input_Password_password (1)"), "OFhcon1PzObx3ErJAwGfGA=="): Text ****** has been set on object 'Object Repository/Page_Home page Log in to the site/input_Password_password (1)'

2022-01-16 13:46:50 - [MESSAGE][PASSED] - Text ****** has been set on object 'Object Repository/Page_Home page Log in to the site/input_Password_password (1)'

2022-01-16 13:46:50 - [TEST_STEP][PASSED] - click(findTestObject("Page_Home page Log in to the site/button_Log in")): Object: 'Object Repository/Page_Home page Log in to the site/button_Log in' is clicked on

2022-01-16 13:46:52 - [MESSAGE][PASSED] - Object: 'Object Repository/Page_Home page Log in to the site/button_Log in' is clicked on

2022-01-16 13:46:52 - [TEST_STEP][PASSED] - click(findTestObject("Page_Dashboard/a_My courses (1)")): Object: 'Object Repository/Page_Dashboard/a_My courses (1)' is clicked on

2022-01-16 13:46:54 - [MESSAGE][PASSED] - Object: 'Object Repository/Page_Dashboard/a_My courses (1)' is clicked on

2022-01-16 13:46:54 - [TEST_STEP][PASSED] - click(findTestObject("Page_My courses/span_Test Automation")): Object: 'Object Repository/Page_My courses/span_Test Automation' is clicked on

2022-01-16 13:46:56 - [MESSAGE][PASSED] - Object: 'Object Repository/Page_My courses/span_Test Automation' is clicked on

2022-01-16 13:46:56 - [TEST_STEP][PASSED] - click(findTestObject("Page_Course Test Automation/a_Quiz1")): Object: 'Object Repository/Page_Course Test Automation/a_Quiz1' is clicked on

2022-01-16 13:46:59 - [MESSAGE][PASSED] - Object: 'Object Repository/Page_Course Test Automation/a_Quiz1' is clicked on

2022-01-16 13:46:59 - [TEST_STEP][FAILED] - click(findTestObject("Object Repository/Page_TA Quiz1/a_Review")): Unable to click on object 'Object Repository/Page_TA Quiz1/a_Review' (Root cause: com.kms.katalon.core.exception.StepFailedException: Unable to click on object 'Object Repository/Page_TA Quiz1/a_Review'
	at com.kms.katalon.core.webui.keyword.internal.WebUIKeywordMain.stepFailed(WebUIKeywordMain.groovy:64)
	at com.kms.katalon.core.webui.keyword.internal.WebUIKeywordMain.runKeyword(WebUIKeywordMain.groovy:26)
	at com.kms.katalon.core.webui.keyword.builtin.ClickKeyword.click(ClickKeyword.groovy:74)
	at com.kms.katalon.core.webui.keyword.builtin.ClickKeyword.execute(ClickKeyword.groovy:40)
	at com.kms.katalon.core.keyword.internal.KeywordExecutor.executeKeywordForPlatform(KeywordExecutor.groovy:74)
	at com.kms.katalon.core.webui.keyword.WebUiBuiltInKeywords.click(WebUiBuiltInKeywords.groovy:620)
	at com.kms.katalon.core.webui.keyword.WebUiBuiltInKeywords$click$1.call(Unknown Source)
	at Review quizz result - Student.run(Review quizz result - Student:38)
	at com.kms.katalon.core.main.ScriptEngine.run(ScriptEngine.java:194)
	at com.kms.katalon.core.main.ScriptEngine.runScriptAsRawText(ScriptEngine.java:119)
	at com.kms.katalon.core.main.TestCaseExecutor.runScript(TestCaseExecutor.java:442)
	at com.kms.katalon.core.main.TestCaseExecutor.doExecute(TestCaseExecutor.java:433)
	at com.kms.katalon.core.main.TestCaseExecutor.processExecutionPhase(TestCaseExecutor.java:412)
	at com.kms.katalon.core.main.TestCaseExecutor.accessMainPhase(TestCaseExecutor.java:404)
	at com.kms.katalon.core.main.TestCaseExecutor.execute(TestCaseExecutor.java:281)
	at com.kms.katalon.core.main.TestSuiteExecutor.accessTestCaseMainPhase(TestSuiteExecutor.java:202)
	at com.kms.katalon.core.main.TestSuiteExecutor.accessTestSuiteMainPhase(TestSuiteExecutor.java:164)
	at com.kms.katalon.core.main.TestSuiteExecutor.execute(TestSuiteExecutor.java:105)
	at com.kms.katalon.core.main.TestCaseMain.startTestSuite(TestCaseMain.java:181)
	at com.kms.katalon.core.main.TestCaseMain$startTestSuite$0.call(Unknown Source)
	at TempTestSuite1642314164055.run(TempTestSuite1642314164055.groovy:36)
Caused by: com.kms.katalon.core.webui.exception.WebElementNotFoundException: Web element with id: 'Object Repository/Page_TA Quiz1/a_Review' located by '//a[contains(text(),'Review')]' not found
	at com.kms.katalon.core.webui.common.WebUiCommonHelper.findWebElement(WebUiCommonHelper.java:1368)
	at com.kms.katalon.core.webui.keyword.internal.WebUIAbstractKeyword.findWebElement(WebUIAbstractKeyword.groovy:27)
	at com.kms.katalon.core.webui.keyword.builtin.ClickKeyword$_click_closure1.doCall(ClickKeyword.groovy:65)
	at com.kms.katalon.core.webui.keyword.builtin.ClickKeyword$_click_closure1.call(ClickKeyword.groovy)
	at com.kms.katalon.core.webui.keyword.internal.WebUIKeywordMain.runKeyword(WebUIKeywordMain.groovy:20)
	at com.kms.katalon.core.webui.keyword.builtin.ClickKeyword.click(ClickKeyword.groovy:74)
	at com.kms.katalon.core.webui.keyword.builtin.ClickKeyword.execute(ClickKeyword.groovy:40)
	at com.kms.katalon.core.keyword.internal.KeywordExecutor.executeKeywordForPlatform(KeywordExecutor.groovy:74)
	at com.kms.katalon.core.webui.keyword.WebUiBuiltInKeywords.click(WebUiBuiltInKeywords.groovy:620)
	at com.kms.katalon.core.webui.keyword.WebUiBuiltInKeywords$click$1.call(Unknown Source)
	at Script1641983476441.run(Script1641983476441.groovy:38)
	... 13 more
)

2022-01-16 13:47:30 - [MESSAGE][INFO] - Unable to find the element located by 'By.xpath: //a[contains(text(),'Review')]'. Please recheck the objects properties to make sure the desired element is located. 

2022-01-16 13:47:30 - [MESSAGE][FAILED] - Unable to click on object 'Object Repository/Page_TA Quiz1/a_Review' (Root cause: com.kms.katalon.core.exception.StepFailedException: Unable to click on object 'Object Repository/Page_TA Quiz1/a_Review'
	at com.kms.katalon.core.webui.keyword.internal.WebUIKeywordMain.stepFailed(WebUIKeywordMain.groovy:64)
	at com.kms.katalon.core.webui.keyword.internal.WebUIKeywordMain.runKeyword(WebUIKeywordMain.groovy:26)
	at com.kms.katalon.core.webui.keyword.builtin.ClickKeyword.click(ClickKeyword.groovy:74)
	at com.kms.katalon.core.webui.keyword.builtin.ClickKeyword.execute(ClickKeyword.groovy:40)
	at com.kms.katalon.core.keyword.internal.KeywordExecutor.executeKeywordForPlatform(KeywordExecutor.groovy:74)
	at com.kms.katalon.core.webui.keyword.WebUiBuiltInKeywords.click(WebUiBuiltInKeywords.groovy:620)
	at com.kms.katalon.core.webui.keyword.WebUiBuiltInKeywords$click$1.call(Unknown Source)
	at Review quizz result - Student.run(Review quizz result - Student:38)
	at com.kms.katalon.core.main.ScriptEngine.run(ScriptEngine.java:194)
	at com.kms.katalon.core.main.ScriptEngine.runScriptAsRawText(ScriptEngine.java:119)
	at com.kms.katalon.core.main.TestCaseExecutor.runScript(TestCaseExecutor.java:442)
	at com.kms.katalon.core.main.TestCaseExecutor.doExecute(TestCaseExecutor.java:433)
	at com.kms.katalon.core.main.TestCaseExecutor.processExecutionPhase(TestCaseExecutor.java:412)
	at com.kms.katalon.core.main.TestCaseExecutor.accessMainPhase(TestCaseExecutor.java:404)
	at com.kms.katalon.core.main.TestCaseExecutor.execute(TestCaseExecutor.java:281)
	at com.kms.katalon.core.main.TestSuiteExecutor.accessTestCaseMainPhase(TestSuiteExecutor.java:202)
	at com.kms.katalon.core.main.TestSuiteExecutor.accessTestSuiteMainPhase(TestSuiteExecutor.java:164)
	at com.kms.katalon.core.main.TestSuiteExecutor.execute(TestSuiteExecutor.java:105)
	at com.kms.katalon.core.main.TestCaseMain.startTestSuite(TestCaseMain.java:181)
	at com.kms.katalon.core.main.TestCaseMain$startTestSuite$0.call(Unknown Source)
	at TempTestSuite1642314164055.run(TempTestSuite1642314164055.groovy:36)
Caused by: com.kms.katalon.core.webui.exception.WebElementNotFoundException: Web element with id: 'Object Repository/Page_TA Quiz1/a_Review' located by '//a[contains(text(),'Review')]' not found
	at com.kms.katalon.core.webui.common.WebUiCommonHelper.findWebElement(WebUiCommonHelper.java:1368)
	at com.kms.katalon.core.webui.keyword.internal.WebUIAbstractKeyword.findWebElement(WebUIAbstractKeyword.groovy:27)
	at com.kms.katalon.core.webui.keyword.builtin.ClickKeyword$_click_closure1.doCall(ClickKeyword.groovy:65)
	at com.kms.katalon.core.webui.keyword.builtin.ClickKeyword$_click_closure1.call(ClickKeyword.groovy)
	at com.kms.katalon.core.webui.keyword.internal.WebUIKeywordMain.runKeyword(WebUIKeywordMain.groovy:20)
	at com.kms.katalon.core.webui.keyword.builtin.ClickKeyword.click(ClickKeyword.groovy:74)
	at com.kms.katalon.core.webui.keyword.builtin.ClickKeyword.execute(ClickKeyword.groovy:40)
	at com.kms.katalon.core.keyword.internal.KeywordExecutor.executeKeywordForPlatform(KeywordExecutor.groovy:74)
	at com.kms.katalon.core.webui.keyword.WebUiBuiltInKeywords.click(WebUiBuiltInKeywords.groovy:620)
	at com.kms.katalon.core.webui.keyword.WebUiBuiltInKeywords$click$1.call(Unknown Source)
	at Script1641983476441.run(Script1641983476441.groovy:38)
	... 13 more
)
[[ATTACHMENT|D:\\TestAutomation-SEBonus-Group10\\Test Automation - SE Bonus\\Reports\\20220116_132244\\Run all test cases\\20220116_132244\\1642315650329.png]]]]></system-out>
         <system-err><![CDATA[2022-01-16 13:46:43 - [TEST_CASE][FAILED] - Test Cases/Review quizz result - Student: Test Cases/Review quizz result - Student FAILED.
Reason:
com.kms.katalon.core.exception.StepFailedException: Unable to click on object 'Object Repository/Page_TA Quiz1/a_Review'
	at com.kms.katalon.core.webui.keyword.internal.WebUIKeywordMain.stepFailed(WebUIKeywordMain.groovy:64)
	at com.kms.katalon.core.webui.keyword.internal.WebUIKeywordMain.runKeyword(WebUIKeywordMain.groovy:26)
	at com.kms.katalon.core.webui.keyword.builtin.ClickKeyword.click(ClickKeyword.groovy:74)
	at com.kms.katalon.core.webui.keyword.builtin.ClickKeyword.execute(ClickKeyword.groovy:40)
	at com.kms.katalon.core.keyword.internal.KeywordExecutor.executeKeywordForPlatform(KeywordExecutor.groovy:74)
	at com.kms.katalon.core.webui.keyword.WebUiBuiltInKeywords.click(WebUiBuiltInKeywords.groovy:620)
	at com.kms.katalon.core.webui.keyword.WebUiBuiltInKeywords$click$1.call(Unknown Source)
	at Review quizz result - Student.run(Review quizz result - Student:38)
	at com.kms.katalon.core.main.ScriptEngine.run(ScriptEngine.java:194)
	at com.kms.katalon.core.main.ScriptEngine.runScriptAsRawText(ScriptEngine.java:119)
	at com.kms.katalon.core.main.TestCaseExecutor.runScript(TestCaseExecutor.java:442)
	at com.kms.katalon.core.main.TestCaseExecutor.doExecute(TestCaseExecutor.java:433)
	at com.kms.katalon.core.main.TestCaseExecutor.processExecutionPhase(TestCaseExecutor.java:412)
	at com.kms.katalon.core.main.TestCaseExecutor.accessMainPhase(TestCaseExecutor.java:404)
	at com.kms.katalon.core.main.TestCaseExecutor.execute(TestCaseExecutor.java:281)
	at com.kms.katalon.core.main.TestSuiteExecutor.accessTestCaseMainPhase(TestSuiteExecutor.java:202)
	at com.kms.katalon.core.main.TestSuiteExecutor.accessTestSuiteMainPhase(TestSuiteExecutor.java:164)
	at com.kms.katalon.core.main.TestSuiteExecutor.execute(TestSuiteExecutor.java:105)
	at com.kms.katalon.core.main.TestCaseMain.startTestSuite(TestCaseMain.java:181)
	at com.kms.katalon.core.main.TestCaseMain$startTestSuite$0.call(Unknown Source)
	at TempTestSuite1642314164055.run(TempTestSuite1642314164055.groovy:36)
Caused by: com.kms.katalon.core.webui.exception.WebElementNotFoundException: Web element with id: 'Object Repository/Page_TA Quiz1/a_Review' located by '//a[contains(text(),'Review')]' not found
	at com.kms.katalon.core.webui.common.WebUiCommonHelper.findWebElement(WebUiCommonHelper.java:1368)
	at com.kms.katalon.core.webui.keyword.internal.WebUIAbstractKeyword.findWebElement(WebUIAbstractKeyword.groovy:27)
	at com.kms.katalon.core.webui.keyword.builtin.ClickKeyword$_click_closure1.doCall(ClickKeyword.groovy:65)
	at com.kms.katalon.core.webui.keyword.builtin.ClickKeyword$_click_closure1.call(ClickKeyword.groovy)
	at com.kms.katalon.core.webui.keyword.internal.WebUIKeywordMain.runKeyword(WebUIKeywordMain.groovy:20)
	... 19 more]]></system-err>
      </testcase>
      <testcase name="Test Cases/See the results of all quizzes - Teacher" time="17.607" classname="Test Cases/See the results of all quizzes - Teacher" status="PASSED">
         <system-out><![CDATA[2022-01-16 13:47:30 - [TEST_CASE][PASSED] - Test Cases/See the results of all quizzes - Teacher: Test Cases/See the results of all quizzes - Teacher

2022-01-16 13:47:30 - [TEST_STEP][PASSED] - openBrowser(""): Browser is opened with url: ''

2022-01-16 13:47:30 - [MESSAGE][WARNING] - A browser is already opened. Closing browser and opening a new one

2022-01-16 13:47:31 - [MESSAGE][INFO] - Starting 'Edge Chromium' driver

2022-01-16 13:47:34 - [MESSAGE][INFO] - Action delay is set to 0 milliseconds

2022-01-16 13:47:34 - [MESSAGE][PASSED] - Browser is opened with url: ''

2022-01-16 13:47:34 - [TEST_STEP][PASSED] - navigateToUrl("http://localhost/"): Navigate to 'http://localhost/' successfully

2022-01-16 13:47:35 - [MESSAGE][PASSED] - Navigate to 'http://localhost/' successfully

2022-01-16 13:47:35 - [TEST_STEP][PASSED] - click(findTestObject("Page_Home page/a_Log in")): Object: 'Object Repository/Page_Home page/a_Log in' is clicked on

2022-01-16 13:47:37 - [MESSAGE][PASSED] - Object: 'Object Repository/Page_Home page/a_Log in' is clicked on

2022-01-16 13:47:37 - [TEST_STEP][PASSED] - setText(findTestObject("Page_Home page Log in to the site/input_Username_username"), "teacher1"): Text 'teacher1' is set on object 'Object Repository/Page_Home page Log in to the site/input_Username_username'

2022-01-16 13:47:38 - [MESSAGE][PASSED] - Text 'teacher1' is set on object 'Object Repository/Page_Home page Log in to the site/input_Username_username'

2022-01-16 13:47:38 - [TEST_STEP][PASSED] - setEncryptedText(findTestObject("Page_Home page Log in to the site/input_Password_password (1)"), "OFhcon1PzObx3ErJAwGfGA=="): Text ****** has been set on object 'Object Repository/Page_Home page Log in to the site/input_Password_password (1)'

2022-01-16 13:47:38 - [MESSAGE][PASSED] - Text ****** has been set on object 'Object Repository/Page_Home page Log in to the site/input_Password_password (1)'

2022-01-16 13:47:38 - [TEST_STEP][PASSED] - click(findTestObject("Page_Home page Log in to the site/button_Log in")): Object: 'Object Repository/Page_Home page Log in to the site/button_Log in' is clicked on

2022-01-16 13:47:40 - [MESSAGE][PASSED] - Object: 'Object Repository/Page_Home page Log in to the site/button_Log in' is clicked on

2022-01-16 13:47:40 - [TEST_STEP][PASSED] - click(findTestObject("Page_Dashboard/a_NN")): Object: 'Object Repository/Page_Dashboard/a_NN' is clicked on

2022-01-16 13:47:40 - [MESSAGE][PASSED] - Object: 'Object Repository/Page_Dashboard/a_NN' is clicked on

2022-01-16 13:47:40 - [TEST_STEP][PASSED] - click(findTestObject("Object Repository/Page_Dashboard/a_Grades")): Object: 'Object Repository/Page_Dashboard/a_Grades' is clicked on

2022-01-16 13:47:42 - [MESSAGE][PASSED] - Object: 'Object Repository/Page_Dashboard/a_Grades' is clicked on

2022-01-16 13:47:42 - [TEST_STEP][PASSED] - click(findTestObject("Object Repository/Page_Grades - Nguyen Nga/a_Test Automation")): Object: 'Object Repository/Page_Grades - Nguyen Nga/a_Test Automation' is clicked on

2022-01-16 13:47:43 - [MESSAGE][PASSED] - Object: 'Object Repository/Page_Grades - Nguyen Nga/a_Test Automation' is clicked on

2022-01-16 13:47:43 - [TEST_STEP][PASSED] - click(findTestObject("Object Repository/Page_Grades View/i_-_icon fa fa-search-plus fa-fw")): Object: 'Object Repository/Page_Grades View/i_-_icon fa fa-search-plus fa-fw' is clicked on

2022-01-16 13:47:44 - [MESSAGE][PASSED] - Object: 'Object Repository/Page_Grades View/i_-_icon fa fa-search-plus fa-fw' is clicked on

2022-01-16 13:47:44 - [TEST_STEP][PASSED] - click(findTestObject("Object Repository/Page_Quiz1 Attempt review/a_NN")): Object: 'Object Repository/Page_Quiz1 Attempt review/a_NN' is clicked on

2022-01-16 13:47:46 - [MESSAGE][PASSED] - Object: 'Object Repository/Page_Quiz1 Attempt review/a_NN' is clicked on

2022-01-16 13:47:46 - [TEST_STEP][PASSED] - click(findTestObject("Object Repository/Page_Quiz1 Attempt review/a_Log out")): Object: 'Object Repository/Page_Quiz1 Attempt review/a_Log out' is clicked on

2022-01-16 13:47:47 - [MESSAGE][PASSED] - Object: 'Object Repository/Page_Quiz1 Attempt review/a_Log out' is clicked on

2022-01-16 13:47:47 - [TEST_STEP][PASSED] - closeBrowser(): Browser is closed

2022-01-16 13:47:48 - [MESSAGE][PASSED] - Browser is closed]]></system-out>
         <system-err><![CDATA[]]></system-err>
      </testcase>
      <testcase name="Test Cases/View grades by subject - Student" time="18.009" classname="Test Cases/View grades by subject - Student" status="PASSED">
         <system-out><![CDATA[2022-01-16 13:47:48 - [TEST_CASE][PASSED] - Test Cases/View grades by subject - Student: Test Cases/View grades by subject - Student

2022-01-16 13:47:48 - [TEST_STEP][PASSED] - openBrowser(""): Browser is opened with url: ''

2022-01-16 13:47:48 - [MESSAGE][INFO] - Starting 'Edge Chromium' driver

2022-01-16 13:47:50 - [MESSAGE][INFO] - Action delay is set to 0 milliseconds

2022-01-16 13:47:51 - [MESSAGE][PASSED] - Browser is opened with url: ''

2022-01-16 13:47:51 - [TEST_STEP][PASSED] - navigateToUrl("http://localhost/"): Navigate to 'http://localhost/' successfully

2022-01-16 13:47:53 - [MESSAGE][PASSED] - Navigate to 'http://localhost/' successfully

2022-01-16 13:47:53 - [TEST_STEP][PASSED] - click(findTestObject("Page_Home page/a_Log in")): Object: 'Object Repository/Page_Home page/a_Log in' is clicked on

2022-01-16 13:47:54 - [MESSAGE][PASSED] - Object: 'Object Repository/Page_Home page/a_Log in' is clicked on

2022-01-16 13:47:54 - [TEST_STEP][PASSED] - setText(findTestObject("Page_Home page Log in to the site/input_Username_username"), "student1"): Text 'student1' is set on object 'Object Repository/Page_Home page Log in to the site/input_Username_username'

2022-01-16 13:47:55 - [MESSAGE][PASSED] - Text 'student1' is set on object 'Object Repository/Page_Home page Log in to the site/input_Username_username'

2022-01-16 13:47:55 - [TEST_STEP][PASSED] - setEncryptedText(findTestObject("Page_Home page Log in to the site/input_Password_password (1)"), "OFhcon1PzObx3ErJAwGfGA=="): Text ****** has been set on object 'Object Repository/Page_Home page Log in to the site/input_Password_password (1)'

2022-01-16 13:47:55 - [MESSAGE][PASSED] - Text ****** has been set on object 'Object Repository/Page_Home page Log in to the site/input_Password_password (1)'

2022-01-16 13:47:55 - [TEST_STEP][PASSED] - click(findTestObject("Page_Home page Log in to the site/button_Log in")): Object: 'Object Repository/Page_Home page Log in to the site/button_Log in' is clicked on

2022-01-16 13:47:57 - [MESSAGE][PASSED] - Object: 'Object Repository/Page_Home page Log in to the site/button_Log in' is clicked on

2022-01-16 13:47:57 - [TEST_STEP][PASSED] - click(findTestObject("Page_Dashboard/a_NH")): Object: 'Object Repository/Page_Dashboard/a_NH' is clicked on

2022-01-16 13:47:58 - [MESSAGE][PASSED] - Object: 'Object Repository/Page_Dashboard/a_NH' is clicked on

2022-01-16 13:47:58 - [TEST_STEP][PASSED] - click(findTestObject("Page_Dashboard/a_Grades")): Object: 'Object Repository/Page_Dashboard/a_Grades' is clicked on

2022-01-16 13:48:00 - [MESSAGE][PASSED] - Object: 'Object Repository/Page_Dashboard/a_Grades' is clicked on

2022-01-16 13:48:00 - [TEST_STEP][PASSED] - click(findTestObject("Object Repository/Page_Grades - Nguyen Hoa/a_Test Automation")): Object: 'Object Repository/Page_Grades - Nguyen Hoa/a_Test Automation' is clicked on

2022-01-16 13:48:01 - [MESSAGE][PASSED] - Object: 'Object Repository/Page_Grades - Nguyen Hoa/a_Test Automation' is clicked on

2022-01-16 13:48:01 - [TEST_STEP][PASSED] - click(findTestObject("Object Repository/Page_TA Activity report (grade)/a_Quiz1")): Object: 'Object Repository/Page_TA Activity report (grade)/a_Quiz1' is clicked on

2022-01-16 13:48:03 - [MESSAGE][PASSED] - Object: 'Object Repository/Page_TA Activity report (grade)/a_Quiz1' is clicked on

2022-01-16 13:48:03 - [TEST_STEP][PASSED] - click(findTestObject("Page_TA Quiz1/a_NH")): Object: 'Object Repository/Page_TA Quiz1/a_NH' is clicked on

2022-01-16 13:48:04 - [MESSAGE][PASSED] - Object: 'Object Repository/Page_TA Quiz1/a_NH' is clicked on

2022-01-16 13:48:04 - [TEST_STEP][PASSED] - click(findTestObject("Page_TA Quiz1/a_Log out")): Object: 'Object Repository/Page_TA Quiz1/a_Log out' is clicked on

2022-01-16 13:48:05 - [MESSAGE][PASSED] - Object: 'Object Repository/Page_TA Quiz1/a_Log out' is clicked on

2022-01-16 13:48:05 - [TEST_STEP][PASSED] - closeBrowser(): Browser is closed

2022-01-16 13:48:06 - [MESSAGE][PASSED] - Browser is closed]]></system-out>
         <system-err><![CDATA[]]></system-err>
      </testcase>
      <testcase name="Test Cases/Submit exercise on time - Student" time="28.399" classname="Test Cases/Submit exercise on time - Student" status="PASSED">
         <system-out><![CDATA[2022-01-16 13:48:06 - [TEST_CASE][PASSED] - Test Cases/Submit exercise on time - Student: Test Cases/Submit exercise on time - Student

2022-01-16 13:48:06 - [TEST_STEP][PASSED] - openBrowser(""): Browser is opened with url: ''

2022-01-16 13:48:06 - [MESSAGE][INFO] - Starting 'Edge Chromium' driver

2022-01-16 13:48:08 - [MESSAGE][INFO] - Action delay is set to 0 milliseconds

2022-01-16 13:48:09 - [MESSAGE][PASSED] - Browser is opened with url: ''

2022-01-16 13:48:09 - [TEST_STEP][PASSED] - navigateToUrl("http://localhost/"): Navigate to 'http://localhost/' successfully

2022-01-16 13:48:10 - [MESSAGE][PASSED] - Navigate to 'http://localhost/' successfully

2022-01-16 13:48:10 - [TEST_STEP][PASSED] - click(findTestObject("Object Repository/Page_Home page/a_Log in")): Object: 'Object Repository/Page_Home page/a_Log in' is clicked on

2022-01-16 13:48:11 - [MESSAGE][PASSED] - Object: 'Object Repository/Page_Home page/a_Log in' is clicked on

2022-01-16 13:48:11 - [TEST_STEP][PASSED] - setText(findTestObject("Object Repository/Page_Home page Log in to the site/input_Username_username"), "student1"): Text 'student1' is set on object 'Object Repository/Page_Home page Log in to the site/input_Username_username'

2022-01-16 13:48:12 - [MESSAGE][PASSED] - Text 'student1' is set on object 'Object Repository/Page_Home page Log in to the site/input_Username_username'

2022-01-16 13:48:12 - [TEST_STEP][PASSED] - setEncryptedText(findTestObject("Page_Home page Log in to the site/input_Password_password (1)"), "OFhcon1PzObx3ErJAwGfGA=="): Text ****** has been set on object 'Object Repository/Page_Home page Log in to the site/input_Password_password (1)'

2022-01-16 13:48:13 - [MESSAGE][PASSED] - Text ****** has been set on object 'Object Repository/Page_Home page Log in to the site/input_Password_password (1)'

2022-01-16 13:48:13 - [TEST_STEP][PASSED] - click(findTestObject("Object Repository/Page_Home page Log in to the site/button_Log in")): Object: 'Object Repository/Page_Home page Log in to the site/button_Log in' is clicked on

2022-01-16 13:48:15 - [MESSAGE][PASSED] - Object: 'Object Repository/Page_Home page Log in to the site/button_Log in' is clicked on

2022-01-16 13:48:15 - [TEST_STEP][PASSED] - click(findTestObject("Page_Group10 Administration Users Accounts _c9beb9/a_My courses")): Object: 'Object Repository/Page_Group10 Administration Users Accounts _c9beb9/a_My courses' is clicked on

2022-01-16 13:48:17 - [MESSAGE][PASSED] - Object: 'Object Repository/Page_Group10 Administration Users Accounts _c9beb9/a_My courses' is clicked on

2022-01-16 13:48:17 - [TEST_STEP][PASSED] - click(findTestObject("Object Repository/Page_My courses/span_Test Automation")): Object: 'Object Repository/Page_My courses/span_Test Automation' is clicked on

2022-01-16 13:48:19 - [MESSAGE][PASSED] - Object: 'Object Repository/Page_My courses/span_Test Automation' is clicked on

2022-01-16 13:48:19 - [TEST_STEP][PASSED] - click(findTestObject("Object Repository/Page_Course Test Automation/a_Homework 1  Assignment")): Object: 'Object Repository/Page_Course Test Automation/a_Homework 1  Assignment' is clicked on

2022-01-16 13:48:20 - [MESSAGE][PASSED] - Object: 'Object Repository/Page_Course Test Automation/a_Homework 1  Assignment' is clicked on

2022-01-16 13:48:20 - [TEST_STEP][PASSED] - click(findTestObject("Object Repository/Page_TA Homework 1/button_Edit submission")): Object: 'Object Repository/Page_TA Homework 1/button_Edit submission' is clicked on

2022-01-16 13:48:22 - [MESSAGE][PASSED] - Object: 'Object Repository/Page_TA Homework 1/button_Edit submission' is clicked on

2022-01-16 13:48:22 - [TEST_STEP][PASSED] - setText(findTestObject("Object Repository/Page_TA Homework 1 - Edit submission/div_Test homework1"), "Test homework1"): Text 'Test homework1' is set on object 'Object Repository/Page_TA Homework 1 - Edit submission/div_Test homework1'

2022-01-16 13:48:24 - [MESSAGE][PASSED] - Text 'Test homework1' is set on object 'Object Repository/Page_TA Homework 1 - Edit submission/div_Test homework1'

2022-01-16 13:48:24 - [TEST_STEP][PASSED] - click(findTestObject("Object Repository/Page_TA Homework 1 - Edit submission/input_Test homework_submitbutton")): Object: 'Object Repository/Page_TA Homework 1 - Edit submission/input_Test homework_submitbutton' is clicked on

2022-01-16 13:48:31 - [MESSAGE][PASSED] - Object: 'Object Repository/Page_TA Homework 1 - Edit submission/input_Test homework_submitbutton' is clicked on

2022-01-16 13:48:31 - [TEST_STEP][PASSED] - click(findTestObject("Object Repository/Page_TA Homework 1/a_NH")): Object: 'Object Repository/Page_TA Homework 1/a_NH' is clicked on

2022-01-16 13:48:32 - [MESSAGE][PASSED] - Object: 'Object Repository/Page_TA Homework 1/a_NH' is clicked on

2022-01-16 13:48:32 - [TEST_STEP][PASSED] - click(findTestObject("Object Repository/Page_TA Homework 1/a_Log out")): Object: 'Object Repository/Page_TA Homework 1/a_Log out' is clicked on

2022-01-16 13:48:33 - [MESSAGE][PASSED] - Object: 'Object Repository/Page_TA Homework 1/a_Log out' is clicked on

2022-01-16 13:48:33 - [TEST_STEP][PASSED] - closeBrowser(): Browser is closed

2022-01-16 13:48:34 - [MESSAGE][PASSED] - Browser is closed]]></system-out>
         <system-err><![CDATA[]]></system-err>
      </testcase>
      <testcase name="Test Cases/Submit with over limit words - Student" time="33.552" classname="Test Cases/Submit with over limit words - Student" status="PASSED">
         <system-out><![CDATA[2022-01-16 13:48:34 - [TEST_CASE][PASSED] - Test Cases/Submit with over limit words - Student: Test Cases/Submit with over limit words - Student

2022-01-16 13:48:34 - [TEST_STEP][PASSED] - openBrowser(""): Browser is opened with url: ''

2022-01-16 13:48:34 - [MESSAGE][INFO] - Starting 'Edge Chromium' driver

2022-01-16 13:48:37 - [MESSAGE][INFO] - Action delay is set to 0 milliseconds

2022-01-16 13:48:37 - [MESSAGE][PASSED] - Browser is opened with url: ''

2022-01-16 13:48:37 - [TEST_STEP][PASSED] - navigateToUrl("http://localhost/"): Navigate to 'http://localhost/' successfully

2022-01-16 13:48:38 - [MESSAGE][PASSED] - Navigate to 'http://localhost/' successfully

2022-01-16 13:48:38 - [TEST_STEP][PASSED] - click(findTestObject("Page_Home page/a_Log in")): Object: 'Object Repository/Page_Home page/a_Log in' is clicked on

2022-01-16 13:48:40 - [MESSAGE][PASSED] - Object: 'Object Repository/Page_Home page/a_Log in' is clicked on

2022-01-16 13:48:40 - [TEST_STEP][PASSED] - setText(findTestObject("Page_Home page Log in to the site/input_Username_username"), "student1"): Text 'student1' is set on object 'Object Repository/Page_Home page Log in to the site/input_Username_username'

2022-01-16 13:48:41 - [MESSAGE][PASSED] - Text 'student1' is set on object 'Object Repository/Page_Home page Log in to the site/input_Username_username'

2022-01-16 13:48:41 - [TEST_STEP][PASSED] - setEncryptedText(findTestObject("Page_Home page Log in to the site/input_Password_password (1)"), "OFhcon1PzObx3ErJAwGfGA=="): Text ****** has been set on object 'Object Repository/Page_Home page Log in to the site/input_Password_password (1)'

2022-01-16 13:48:41 - [MESSAGE][PASSED] - Text ****** has been set on object 'Object Repository/Page_Home page Log in to the site/input_Password_password (1)'

2022-01-16 13:48:41 - [TEST_STEP][PASSED] - click(findTestObject("Page_Home page Log in to the site/button_Log in")): Object: 'Object Repository/Page_Home page Log in to the site/button_Log in' is clicked on

2022-01-16 13:48:43 - [MESSAGE][PASSED] - Object: 'Object Repository/Page_Home page Log in to the site/button_Log in' is clicked on

2022-01-16 13:48:43 - [TEST_STEP][PASSED] - click(findTestObject("Page_Dashboard/a_My courses (1)")): Object: 'Object Repository/Page_Dashboard/a_My courses (1)' is clicked on

2022-01-16 13:48:45 - [MESSAGE][PASSED] - Object: 'Object Repository/Page_Dashboard/a_My courses (1)' is clicked on

2022-01-16 13:48:45 - [TEST_STEP][PASSED] - click(findTestObject("Page_My courses/span_Test Automation")): Object: 'Object Repository/Page_My courses/span_Test Automation' is clicked on

2022-01-16 13:48:47 - [MESSAGE][PASSED] - Object: 'Object Repository/Page_My courses/span_Test Automation' is clicked on

2022-01-16 13:48:47 - [TEST_STEP][PASSED] - click(findTestObject("Page_Course Test Automation/a_Homework 1  Assignment")): Object: 'Object Repository/Page_Course Test Automation/a_Homework 1  Assignment' is clicked on

2022-01-16 13:48:49 - [MESSAGE][PASSED] - Object: 'Object Repository/Page_Course Test Automation/a_Homework 1  Assignment' is clicked on

2022-01-16 13:48:49 - [TEST_STEP][PASSED] - click(findTestObject("Page_TA Homework 1/button_Edit submission new")): Object: 'Object Repository/Page_TA Homework 1/button_Edit submission new' is clicked on

2022-01-16 13:48:51 - [MESSAGE][PASSED] - Object: 'Object Repository/Page_TA Homework 1/button_Edit submission new' is clicked on

2022-01-16 13:48:51 - [TEST_STEP][PASSED] - click(findTestObject("Object Repository/Page_TA Homework 1 - Edit submission/div_Rich text editorTest homework1Test home_3db0d2")): Object: 'Object Repository/Page_TA Homework 1 - Edit submission/div_Rich text editorTest homework1Test home_3db0d2' is clicked on

2022-01-16 13:48:52 - [MESSAGE][PASSED] - Object: 'Object Repository/Page_TA Homework 1 - Edit submission/div_Rich text editorTest homework1Test home_3db0d2' is clicked on

2022-01-16 13:48:52 - [TEST_STEP][PASSED] - click(findTestObject("Object Repository/Page_TA Homework 1 - Edit submission/div_Rich text editorTest homework1Test home_1e7171")): Object: 'Object Repository/Page_TA Homework 1 - Edit submission/div_Rich text editorTest homework1Test home_1e7171' is clicked on

2022-01-16 13:48:52 - [MESSAGE][PASSED] - Object: 'Object Repository/Page_TA Homework 1 - Edit submission/div_Rich text editorTest homework1Test home_1e7171' is clicked on

2022-01-16 13:48:52 - [TEST_STEP][PASSED] - setText(findTestObject("Page_TA Homework 1 - Edit submission/div_Test homework1"), "Test homework1 Test homework1 Test homework1 Test homework1"): Text 'Test homework1 Test homework1 Test homework1 Test homework1' is set on object 'Object Repository/Page_TA Homework 1 - Edit submission/div_Test homework1'

2022-01-16 13:48:54 - [MESSAGE][PASSED] - Text 'Test homework1 Test homework1 Test homework1 Test homework1' is set on object 'Object Repository/Page_TA Homework 1 - Edit submission/div_Test homework1'

2022-01-16 13:48:54 - [TEST_STEP][PASSED] - click(findTestObject("Object Repository/Page_TA Homework 1 - Edit submission/input_Test homework1_submitbutton")): Object: 'Object Repository/Page_TA Homework 1 - Edit submission/input_Test homework1_submitbutton' is clicked on

2022-01-16 13:48:55 - [MESSAGE][PASSED] - Object: 'Object Repository/Page_TA Homework 1 - Edit submission/input_Test homework1_submitbutton' is clicked on

2022-01-16 13:48:55 - [TEST_STEP][PASSED] - setText(findTestObject("Page_TA Homework 1 - Edit submission/div_Test homework1"), "Test homework1"): Text 'Test homework1' is set on object 'Object Repository/Page_TA Homework 1 - Edit submission/div_Test homework1'

2022-01-16 13:48:57 - [MESSAGE][PASSED] - Text 'Test homework1' is set on object 'Object Repository/Page_TA Homework 1 - Edit submission/div_Test homework1'

2022-01-16 13:48:57 - [TEST_STEP][PASSED] - click(findTestObject("Object Repository/Page_TA Homework 1 - Edit submission/input_Test homework1_submitbutton")): Object: 'Object Repository/Page_TA Homework 1 - Edit submission/input_Test homework1_submitbutton' is clicked on

2022-01-16 13:49:05 - [MESSAGE][PASSED] - Object: 'Object Repository/Page_TA Homework 1 - Edit submission/input_Test homework1_submitbutton' is clicked on

2022-01-16 13:49:05 - [TEST_STEP][PASSED] - click(findTestObject("Page_TA Homework 1/a_NH")): Object: 'Object Repository/Page_TA Homework 1/a_NH' is clicked on

2022-01-16 13:49:06 - [MESSAGE][PASSED] - Object: 'Object Repository/Page_TA Homework 1/a_NH' is clicked on

2022-01-16 13:49:06 - [TEST_STEP][PASSED] - click(findTestObject("Page_TA Homework 1/a_Log out")): Object: 'Object Repository/Page_TA Homework 1/a_Log out' is clicked on

2022-01-16 13:49:07 - [MESSAGE][PASSED] - Object: 'Object Repository/Page_TA Homework 1/a_Log out' is clicked on

2022-01-16 13:49:07 - [TEST_STEP][PASSED] - closeBrowser(): Browser is closed

2022-01-16 13:49:08 - [MESSAGE][PASSED] - Browser is closed]]></system-out>
         <system-err><![CDATA[]]></system-err>
      </testcase>
      <testcase name="Test Cases/Submit exercise late - Student" time="24.721" classname="Test Cases/Submit exercise late - Student" status="PASSED">
         <system-out><![CDATA[2022-01-16 13:49:08 - [TEST_CASE][PASSED] - Test Cases/Submit exercise late - Student: Test Cases/Submit exercise late - Student

2022-01-16 13:49:08 - [TEST_STEP][PASSED] - openBrowser(""): Browser is opened with url: ''

2022-01-16 13:49:08 - [MESSAGE][INFO] - Starting 'Edge Chromium' driver

2022-01-16 13:49:10 - [MESSAGE][INFO] - Action delay is set to 0 milliseconds

2022-01-16 13:49:11 - [MESSAGE][PASSED] - Browser is opened with url: ''

2022-01-16 13:49:11 - [TEST_STEP][PASSED] - navigateToUrl("http://localhost/"): Navigate to 'http://localhost/' successfully

2022-01-16 13:49:12 - [MESSAGE][PASSED] - Navigate to 'http://localhost/' successfully

2022-01-16 13:49:12 - [TEST_STEP][PASSED] - click(findTestObject("Object Repository/Page_Home page/a_Log in")): Object: 'Object Repository/Page_Home page/a_Log in' is clicked on

2022-01-16 13:49:13 - [MESSAGE][PASSED] - Object: 'Object Repository/Page_Home page/a_Log in' is clicked on

2022-01-16 13:49:13 - [TEST_STEP][PASSED] - setText(findTestObject("Object Repository/Page_Home page Log in to the site/input_Username_username"), "student1"): Text 'student1' is set on object 'Object Repository/Page_Home page Log in to the site/input_Username_username'

2022-01-16 13:49:14 - [MESSAGE][PASSED] - Text 'student1' is set on object 'Object Repository/Page_Home page Log in to the site/input_Username_username'

2022-01-16 13:49:14 - [TEST_STEP][PASSED] - setEncryptedText(findTestObject("Page_Home page Log in to the site/input_Password_password (1)"), "OFhcon1PzObx3ErJAwGfGA=="): Text ****** has been set on object 'Object Repository/Page_Home page Log in to the site/input_Password_password (1)'

2022-01-16 13:49:15 - [MESSAGE][PASSED] - Text ****** has been set on object 'Object Repository/Page_Home page Log in to the site/input_Password_password (1)'

2022-01-16 13:49:15 - [TEST_STEP][PASSED] - click(findTestObject("Object Repository/Page_Home page Log in to the site/button_Log in")): Object: 'Object Repository/Page_Home page Log in to the site/button_Log in' is clicked on

2022-01-16 13:49:17 - [MESSAGE][PASSED] - Object: 'Object Repository/Page_Home page Log in to the site/button_Log in' is clicked on

2022-01-16 13:49:17 - [TEST_STEP][PASSED] - click(findTestObject("Page_Group10 Administration Users Accounts _9567d5/a_My courses")): Object: 'Object Repository/Page_Group10 Administration Users Accounts _9567d5/a_My courses' is clicked on

2022-01-16 13:49:19 - [MESSAGE][PASSED] - Object: 'Object Repository/Page_Group10 Administration Users Accounts _9567d5/a_My courses' is clicked on

2022-01-16 13:49:19 - [TEST_STEP][PASSED] - click(findTestObject("Object Repository/Page_My courses/span_Test Automation")): Object: 'Object Repository/Page_My courses/span_Test Automation' is clicked on

2022-01-16 13:49:21 - [MESSAGE][PASSED] - Object: 'Object Repository/Page_My courses/span_Test Automation' is clicked on

2022-01-16 13:49:21 - [TEST_STEP][PASSED] - click(findTestObject("Object Repository/Page_Course Test Automation/a_Homework2  Assignment")): Object: 'Object Repository/Page_Course Test Automation/a_Homework2  Assignment' is clicked on

2022-01-16 13:49:23 - [MESSAGE][PASSED] - Object: 'Object Repository/Page_Course Test Automation/a_Homework2  Assignment' is clicked on

2022-01-16 13:49:23 - [TEST_STEP][PASSED] - click(findTestObject("Page_TA Homework 1/button_Add submission")): Object: 'Object Repository/Page_TA Homework 1/button_Add submission' is clicked on

2022-01-16 13:49:25 - [MESSAGE][PASSED] - Object: 'Object Repository/Page_TA Homework 1/button_Add submission' is clicked on

2022-01-16 13:49:25 - [TEST_STEP][PASSED] - setText(findTestObject("Object Repository/Page_TA Homework2 - Edit submission/div_Test homework2"), "Test homework2"): Text 'Test homework2' is set on object 'Object Repository/Page_TA Homework2 - Edit submission/div_Test homework2'

2022-01-16 13:49:26 - [MESSAGE][PASSED] - Text 'Test homework2' is set on object 'Object Repository/Page_TA Homework2 - Edit submission/div_Test homework2'

2022-01-16 13:49:26 - [TEST_STEP][PASSED] - click(findTestObject("Object Repository/Page_TA Homework2 - Edit submission/input_Rich text editor_submitbutton")): Object: 'Object Repository/Page_TA Homework2 - Edit submission/input_Rich text editor_submitbutton' is clicked on

2022-01-16 13:49:30 - [MESSAGE][PASSED] - Object: 'Object Repository/Page_TA Homework2 - Edit submission/input_Rich text editor_submitbutton' is clicked on

2022-01-16 13:49:30 - [TEST_STEP][PASSED] - click(findTestObject("Object Repository/Page_TA Homework2/a_NH")): Object: 'Object Repository/Page_TA Homework2/a_NH' is clicked on

2022-01-16 13:49:31 - [MESSAGE][PASSED] - Object: 'Object Repository/Page_TA Homework2/a_NH' is clicked on

2022-01-16 13:49:31 - [TEST_STEP][PASSED] - click(findTestObject("Object Repository/Page_TA Homework2/a_Log out")): Object: 'Object Repository/Page_TA Homework2/a_Log out' is clicked on

2022-01-16 13:49:32 - [MESSAGE][PASSED] - Object: 'Object Repository/Page_TA Homework2/a_Log out' is clicked on

2022-01-16 13:49:32 - [TEST_STEP][PASSED] - closeBrowser(): Browser is closed

2022-01-16 13:49:32 - [MESSAGE][PASSED] - Browser is closed]]></system-out>
         <system-err><![CDATA[]]></system-err>
      </testcase>
      <testcase name="Test Cases/View the result of all students in the quiz" time="47.568" classname="Test Cases/View the result of all students in the quiz" status="FAILED">
         <failure type="FAILED" message="Test Cases/View the result of all students in the quiz FAILED.
Reason:
com.kms.katalon.core.exception.StepFailedException: Unable to click on object 'Object Repository/Page_Course Test Automation/View result of quiz/a_Nguyen Hoa'
	at com.kms.katalon.core.webui.keyword.internal.WebUIKeywordMain.stepFailed(WebUIKeywordMain.groovy:64)
	at com.kms.katalon.core.webui.keyword.internal.WebUIKeywordMain.runKeyword(WebUIKeywordMain.groovy:26)
	at com.kms.katalon.core.webui.keyword.builtin.ClickKeyword.click(ClickKeyword.groovy:74)
	at com.kms.katalon.core.webui.keyword.builtin.ClickKeyword.execute(ClickKeyword.groovy:40)
	at com.kms.katalon.core.keyword.internal.KeywordExecutor.executeKeywordForPlatform(KeywordExecutor.groovy:74)
	at com.kms.katalon.core.webui.keyword.WebUiBuiltInKeywords.click(WebUiBuiltInKeywords.groovy:620)
	at com.kms.katalon.core.webui.keyword.WebUiBuiltInKeywords$click$1.call(Unknown Source)
	at View the result of all students in the quiz.run(View the result of all students in the quiz:40)
	at com.kms.katalon.core.main.ScriptEngine.run(ScriptEngine.java:194)
	at com.kms.katalon.core.main.ScriptEngine.runScriptAsRawText(ScriptEngine.java:119)
	at com.kms.katalon.core.main.TestCaseExecutor.runScript(TestCaseExecutor.java:442)
	at com.kms.katalon.core.main.TestCaseExecutor.doExecute(TestCaseExecutor.java:433)
	at com.kms.katalon.core.main.TestCaseExecutor.processExecutionPhase(TestCaseExecutor.java:412)
	at com.kms.katalon.core.main.TestCaseExecutor.accessMainPhase(TestCaseExecutor.java:404)
	at com.kms.katalon.core.main.TestCaseExecutor.execute(TestCaseExecutor.java:281)
	at com.kms.katalon.core.main.TestSuiteExecutor.accessTestCaseMainPhase(TestSuiteExecutor.java:202)
	at com.kms.katalon.core.main.TestSuiteExecutor.accessTestSuiteMainPhase(TestSuiteExecutor.java:164)
	at com.kms.katalon.core.main.TestSuiteExecutor.execute(TestSuiteExecutor.java:105)
	at com.kms.katalon.core.main.TestCaseMain.startTestSuite(TestCaseMain.java:181)
	at com.kms.katalon.core.main.TestCaseMain$startTestSuite$0.call(Unknown Source)
	at TempTestSuite1642314164055.run(TempTestSuite1642314164055.groovy:36)
Caused by: com.kms.katalon.core.webui.exception.WebElementNotFoundException: Web element with id: 'Object Repository/Page_Course Test Automation/View result of quiz/a_Nguyen Hoa' located by '//a[contains(text(),'Nguyen Hoa')]' not found
	at com.kms.katalon.core.webui.common.WebUiCommonHelper.findWebElement(WebUiCommonHelper.java:1368)
	at com.kms.katalon.core.webui.keyword.internal.WebUIAbstractKeyword.findWebElement(WebUIAbstractKeyword.groovy:27)
	at com.kms.katalon.core.webui.keyword.builtin.ClickKeyword$_click_closure1.doCall(ClickKeyword.groovy:65)
	at com.kms.katalon.core.webui.keyword.builtin.ClickKeyword$_click_closure1.call(ClickKeyword.groovy)
	at com.kms.katalon.core.webui.keyword.internal.WebUIKeywordMain.runKeyword(WebUIKeywordMain.groovy:20)
	... 19 more
"/>
         <system-out><![CDATA[2022-01-16 13:49:32 - [TEST_CASE][FAILED] - Test Cases/View the result of all students in the quiz: Test Cases/View the result of all students in the quiz FAILED.
Reason:
com.kms.katalon.core.exception.StepFailedException: Unable to click on object 'Object Repository/Page_Course Test Automation/View result of quiz/a_Nguyen Hoa'
	at com.kms.katalon.core.webui.keyword.internal.WebUIKeywordMain.stepFailed(WebUIKeywordMain.groovy:64)
	at com.kms.katalon.core.webui.keyword.internal.WebUIKeywordMain.runKeyword(WebUIKeywordMain.groovy:26)
	at com.kms.katalon.core.webui.keyword.builtin.ClickKeyword.click(ClickKeyword.groovy:74)
	at com.kms.katalon.core.webui.keyword.builtin.ClickKeyword.execute(ClickKeyword.groovy:40)
	at com.kms.katalon.core.keyword.internal.KeywordExecutor.executeKeywordForPlatform(KeywordExecutor.groovy:74)
	at com.kms.katalon.core.webui.keyword.WebUiBuiltInKeywords.click(WebUiBuiltInKeywords.groovy:620)
	at com.kms.katalon.core.webui.keyword.WebUiBuiltInKeywords$click$1.call(Unknown Source)
	at View the result of all students in the quiz.run(View the result of all students in the quiz:40)
	at com.kms.katalon.core.main.ScriptEngine.run(ScriptEngine.java:194)
	at com.kms.katalon.core.main.ScriptEngine.runScriptAsRawText(ScriptEngine.java:119)
	at com.kms.katalon.core.main.TestCaseExecutor.runScript(TestCaseExecutor.java:442)
	at com.kms.katalon.core.main.TestCaseExecutor.doExecute(TestCaseExecutor.java:433)
	at com.kms.katalon.core.main.TestCaseExecutor.processExecutionPhase(TestCaseExecutor.java:412)
	at com.kms.katalon.core.main.TestCaseExecutor.accessMainPhase(TestCaseExecutor.java:404)
	at com.kms.katalon.core.main.TestCaseExecutor.execute(TestCaseExecutor.java:281)
	at com.kms.katalon.core.main.TestSuiteExecutor.accessTestCaseMainPhase(TestSuiteExecutor.java:202)
	at com.kms.katalon.core.main.TestSuiteExecutor.accessTestSuiteMainPhase(TestSuiteExecutor.java:164)
	at com.kms.katalon.core.main.TestSuiteExecutor.execute(TestSuiteExecutor.java:105)
	at com.kms.katalon.core.main.TestCaseMain.startTestSuite(TestCaseMain.java:181)
	at com.kms.katalon.core.main.TestCaseMain$startTestSuite$0.call(Unknown Source)
	at TempTestSuite1642314164055.run(TempTestSuite1642314164055.groovy:36)
Caused by: com.kms.katalon.core.webui.exception.WebElementNotFoundException: Web element with id: 'Object Repository/Page_Course Test Automation/View result of quiz/a_Nguyen Hoa' located by '//a[contains(text(),'Nguyen Hoa')]' not found
	at com.kms.katalon.core.webui.common.WebUiCommonHelper.findWebElement(WebUiCommonHelper.java:1368)
	at com.kms.katalon.core.webui.keyword.internal.WebUIAbstractKeyword.findWebElement(WebUIAbstractKeyword.groovy:27)
	at com.kms.katalon.core.webui.keyword.builtin.ClickKeyword$_click_closure1.doCall(ClickKeyword.groovy:65)
	at com.kms.katalon.core.webui.keyword.builtin.ClickKeyword$_click_closure1.call(ClickKeyword.groovy)
	at com.kms.katalon.core.webui.keyword.internal.WebUIKeywordMain.runKeyword(WebUIKeywordMain.groovy:20)
	... 19 more


2022-01-16 13:49:33 - [TEST_STEP][PASSED] - openBrowser(""): Browser is opened with url: ''

2022-01-16 13:49:33 - [MESSAGE][INFO] - Starting 'Edge Chromium' driver

2022-01-16 13:49:35 - [MESSAGE][INFO] - Action delay is set to 0 milliseconds

2022-01-16 13:49:36 - [MESSAGE][PASSED] - Browser is opened with url: ''

2022-01-16 13:49:36 - [TEST_STEP][PASSED] - navigateToUrl("localhost"): Navigate to 'http://localhost' successfully

2022-01-16 13:49:37 - [MESSAGE][PASSED] - Navigate to 'http://localhost' successfully

2022-01-16 13:49:37 - [TEST_STEP][PASSED] - click(findTestObject("Page_Home page/a_Log in")): Object: 'Object Repository/Page_Home page/a_Log in' is clicked on

2022-01-16 13:49:39 - [MESSAGE][PASSED] - Object: 'Object Repository/Page_Home page/a_Log in' is clicked on

2022-01-16 13:49:39 - [TEST_STEP][PASSED] - setText(findTestObject("Page_Home page Log in to the site/input_Username_username"), "teacher1"): Text 'teacher1' is set on object 'Object Repository/Page_Home page Log in to the site/input_Username_username'

2022-01-16 13:49:39 - [MESSAGE][PASSED] - Text 'teacher1' is set on object 'Object Repository/Page_Home page Log in to the site/input_Username_username'

2022-01-16 13:49:39 - [TEST_STEP][PASSED] - setText(findTestObject("Page_Home page Log in to the site/input_Password_password (1)"), "Group_10"): Text 'Group_10' is set on object 'Object Repository/Page_Home page Log in to the site/input_Password_password (1)'

2022-01-16 13:49:40 - [MESSAGE][PASSED] - Text 'Group_10' is set on object 'Object Repository/Page_Home page Log in to the site/input_Password_password (1)'

2022-01-16 13:49:40 - [TEST_STEP][PASSED] - click(findTestObject("Page_Home page Log in to the site/button_Log in")): Object: 'Object Repository/Page_Home page Log in to the site/button_Log in' is clicked on

2022-01-16 13:49:42 - [MESSAGE][PASSED] - Object: 'Object Repository/Page_Home page Log in to the site/button_Log in' is clicked on

2022-01-16 13:49:42 - [TEST_STEP][PASSED] - click(findTestObject("Page_Dashboard/a_My courses (1)")): Object: 'Object Repository/Page_Dashboard/a_My courses (1)' is clicked on

2022-01-16 13:49:43 - [MESSAGE][PASSED] - Object: 'Object Repository/Page_Dashboard/a_My courses (1)' is clicked on

2022-01-16 13:49:43 - [TEST_STEP][PASSED] - click(findTestObject("Page_My courses/span_Test Automation")): Object: 'Object Repository/Page_My courses/span_Test Automation' is clicked on

2022-01-16 13:49:45 - [MESSAGE][PASSED] - Object: 'Object Repository/Page_My courses/span_Test Automation' is clicked on

2022-01-16 13:49:45 - [TEST_STEP][PASSED] - click(findTestObject("Page_Course Test Automation/View result of quiz/a_Quiz1_new")): Object: 'Object Repository/Page_Course Test Automation/View result of quiz/a_Quiz1_new' is clicked on

2022-01-16 13:49:47 - [MESSAGE][PASSED] - Object: 'Object Repository/Page_Course Test Automation/View result of quiz/a_Quiz1_new' is clicked on

2022-01-16 13:49:47 - [TEST_STEP][PASSED] - click(findTestObject("Page_Course Test Automation/View result of quiz/a_Results")): Object: 'Object Repository/Page_Course Test Automation/View result of quiz/a_Results' is clicked on

2022-01-16 13:49:48 - [MESSAGE][PASSED] - Object: 'Object Repository/Page_Course Test Automation/View result of quiz/a_Results' is clicked on

2022-01-16 13:49:48 - [TEST_STEP][FAILED] - click(findTestObject("Page_Course Test Automation/View result of quiz/a_Nguyen Hoa")): Unable to click on object 'Object Repository/Page_Course Test Automation/View result of quiz/a_Nguyen Hoa' (Root cause: com.kms.katalon.core.exception.StepFailedException: Unable to click on object 'Object Repository/Page_Course Test Automation/View result of quiz/a_Nguyen Hoa'
	at com.kms.katalon.core.webui.keyword.internal.WebUIKeywordMain.stepFailed(WebUIKeywordMain.groovy:64)
	at com.kms.katalon.core.webui.keyword.internal.WebUIKeywordMain.runKeyword(WebUIKeywordMain.groovy:26)
	at com.kms.katalon.core.webui.keyword.builtin.ClickKeyword.click(ClickKeyword.groovy:74)
	at com.kms.katalon.core.webui.keyword.builtin.ClickKeyword.execute(ClickKeyword.groovy:40)
	at com.kms.katalon.core.keyword.internal.KeywordExecutor.executeKeywordForPlatform(KeywordExecutor.groovy:74)
	at com.kms.katalon.core.webui.keyword.WebUiBuiltInKeywords.click(WebUiBuiltInKeywords.groovy:620)
	at com.kms.katalon.core.webui.keyword.WebUiBuiltInKeywords$click$1.call(Unknown Source)
	at View the result of all students in the quiz.run(View the result of all students in the quiz:40)
	at com.kms.katalon.core.main.ScriptEngine.run(ScriptEngine.java:194)
	at com.kms.katalon.core.main.ScriptEngine.runScriptAsRawText(ScriptEngine.java:119)
	at com.kms.katalon.core.main.TestCaseExecutor.runScript(TestCaseExecutor.java:442)
	at com.kms.katalon.core.main.TestCaseExecutor.doExecute(TestCaseExecutor.java:433)
	at com.kms.katalon.core.main.TestCaseExecutor.processExecutionPhase(TestCaseExecutor.java:412)
	at com.kms.katalon.core.main.TestCaseExecutor.accessMainPhase(TestCaseExecutor.java:404)
	at com.kms.katalon.core.main.TestCaseExecutor.execute(TestCaseExecutor.java:281)
	at com.kms.katalon.core.main.TestSuiteExecutor.accessTestCaseMainPhase(TestSuiteExecutor.java:202)
	at com.kms.katalon.core.main.TestSuiteExecutor.accessTestSuiteMainPhase(TestSuiteExecutor.java:164)
	at com.kms.katalon.core.main.TestSuiteExecutor.execute(TestSuiteExecutor.java:105)
	at com.kms.katalon.core.main.TestCaseMain.startTestSuite(TestCaseMain.java:181)
	at com.kms.katalon.core.main.TestCaseMain$startTestSuite$0.call(Unknown Source)
	at TempTestSuite1642314164055.run(TempTestSuite1642314164055.groovy:36)
Caused by: com.kms.katalon.core.webui.exception.WebElementNotFoundException: Web element with id: 'Object Repository/Page_Course Test Automation/View result of quiz/a_Nguyen Hoa' located by '//a[contains(text(),'Nguyen Hoa')]' not found
	at com.kms.katalon.core.webui.common.WebUiCommonHelper.findWebElement(WebUiCommonHelper.java:1368)
	at com.kms.katalon.core.webui.keyword.internal.WebUIAbstractKeyword.findWebElement(WebUIAbstractKeyword.groovy:27)
	at com.kms.katalon.core.webui.keyword.builtin.ClickKeyword$_click_closure1.doCall(ClickKeyword.groovy:65)
	at com.kms.katalon.core.webui.keyword.builtin.ClickKeyword$_click_closure1.call(ClickKeyword.groovy)
	at com.kms.katalon.core.webui.keyword.internal.WebUIKeywordMain.runKeyword(WebUIKeywordMain.groovy:20)
	at com.kms.katalon.core.webui.keyword.builtin.ClickKeyword.click(ClickKeyword.groovy:74)
	at com.kms.katalon.core.webui.keyword.builtin.ClickKeyword.execute(ClickKeyword.groovy:40)
	at com.kms.katalon.core.keyword.internal.KeywordExecutor.executeKeywordForPlatform(KeywordExecutor.groovy:74)
	at com.kms.katalon.core.webui.keyword.WebUiBuiltInKeywords.click(WebUiBuiltInKeywords.groovy:620)
	at com.kms.katalon.core.webui.keyword.WebUiBuiltInKeywords$click$1.call(Unknown Source)
	at Script1642042589411.run(Script1642042589411.groovy:40)
	... 13 more
)

2022-01-16 13:50:20 - [MESSAGE][INFO] - Unable to find the element located by 'By.xpath: //a[contains(text(),'Nguyen Hoa')]'. Please recheck the objects properties to make sure the desired element is located. 

2022-01-16 13:50:20 - [MESSAGE][FAILED] - Unable to click on object 'Object Repository/Page_Course Test Automation/View result of quiz/a_Nguyen Hoa' (Root cause: com.kms.katalon.core.exception.StepFailedException: Unable to click on object 'Object Repository/Page_Course Test Automation/View result of quiz/a_Nguyen Hoa'
	at com.kms.katalon.core.webui.keyword.internal.WebUIKeywordMain.stepFailed(WebUIKeywordMain.groovy:64)
	at com.kms.katalon.core.webui.keyword.internal.WebUIKeywordMain.runKeyword(WebUIKeywordMain.groovy:26)
	at com.kms.katalon.core.webui.keyword.builtin.ClickKeyword.click(ClickKeyword.groovy:74)
	at com.kms.katalon.core.webui.keyword.builtin.ClickKeyword.execute(ClickKeyword.groovy:40)
	at com.kms.katalon.core.keyword.internal.KeywordExecutor.executeKeywordForPlatform(KeywordExecutor.groovy:74)
	at com.kms.katalon.core.webui.keyword.WebUiBuiltInKeywords.click(WebUiBuiltInKeywords.groovy:620)
	at com.kms.katalon.core.webui.keyword.WebUiBuiltInKeywords$click$1.call(Unknown Source)
	at View the result of all students in the quiz.run(View the result of all students in the quiz:40)
	at com.kms.katalon.core.main.ScriptEngine.run(ScriptEngine.java:194)
	at com.kms.katalon.core.main.ScriptEngine.runScriptAsRawText(ScriptEngine.java:119)
	at com.kms.katalon.core.main.TestCaseExecutor.runScript(TestCaseExecutor.java:442)
	at com.kms.katalon.core.main.TestCaseExecutor.doExecute(TestCaseExecutor.java:433)
	at com.kms.katalon.core.main.TestCaseExecutor.processExecutionPhase(TestCaseExecutor.java:412)
	at com.kms.katalon.core.main.TestCaseExecutor.accessMainPhase(TestCaseExecutor.java:404)
	at com.kms.katalon.core.main.TestCaseExecutor.execute(TestCaseExecutor.java:281)
	at com.kms.katalon.core.main.TestSuiteExecutor.accessTestCaseMainPhase(TestSuiteExecutor.java:202)
	at com.kms.katalon.core.main.TestSuiteExecutor.accessTestSuiteMainPhase(TestSuiteExecutor.java:164)
	at com.kms.katalon.core.main.TestSuiteExecutor.execute(TestSuiteExecutor.java:105)
	at com.kms.katalon.core.main.TestCaseMain.startTestSuite(TestCaseMain.java:181)
	at com.kms.katalon.core.main.TestCaseMain$startTestSuite$0.call(Unknown Source)
	at TempTestSuite1642314164055.run(TempTestSuite1642314164055.groovy:36)
Caused by: com.kms.katalon.core.webui.exception.WebElementNotFoundException: Web element with id: 'Object Repository/Page_Course Test Automation/View result of quiz/a_Nguyen Hoa' located by '//a[contains(text(),'Nguyen Hoa')]' not found
	at com.kms.katalon.core.webui.common.WebUiCommonHelper.findWebElement(WebUiCommonHelper.java:1368)
	at com.kms.katalon.core.webui.keyword.internal.WebUIAbstractKeyword.findWebElement(WebUIAbstractKeyword.groovy:27)
	at com.kms.katalon.core.webui.keyword.builtin.ClickKeyword$_click_closure1.doCall(ClickKeyword.groovy:65)
	at com.kms.katalon.core.webui.keyword.builtin.ClickKeyword$_click_closure1.call(ClickKeyword.groovy)
	at com.kms.katalon.core.webui.keyword.internal.WebUIKeywordMain.runKeyword(WebUIKeywordMain.groovy:20)
	at com.kms.katalon.core.webui.keyword.builtin.ClickKeyword.click(ClickKeyword.groovy:74)
	at com.kms.katalon.core.webui.keyword.builtin.ClickKeyword.execute(ClickKeyword.groovy:40)
	at com.kms.katalon.core.keyword.internal.KeywordExecutor.executeKeywordForPlatform(KeywordExecutor.groovy:74)
	at com.kms.katalon.core.webui.keyword.WebUiBuiltInKeywords.click(WebUiBuiltInKeywords.groovy:620)
	at com.kms.katalon.core.webui.keyword.WebUiBuiltInKeywords$click$1.call(Unknown Source)
	at Script1642042589411.run(Script1642042589411.groovy:40)
	... 13 more
)
[[ATTACHMENT|D:\\TestAutomation-SEBonus-Group10\\Test Automation - SE Bonus\\Reports\\20220116_132244\\Run all test cases\\20220116_132244\\1642315820226.png]]]]></system-out>
         <system-err><![CDATA[2022-01-16 13:49:32 - [TEST_CASE][FAILED] - Test Cases/View the result of all students in the quiz: Test Cases/View the result of all students in the quiz FAILED.
Reason:
com.kms.katalon.core.exception.StepFailedException: Unable to click on object 'Object Repository/Page_Course Test Automation/View result of quiz/a_Nguyen Hoa'
	at com.kms.katalon.core.webui.keyword.internal.WebUIKeywordMain.stepFailed(WebUIKeywordMain.groovy:64)
	at com.kms.katalon.core.webui.keyword.internal.WebUIKeywordMain.runKeyword(WebUIKeywordMain.groovy:26)
	at com.kms.katalon.core.webui.keyword.builtin.ClickKeyword.click(ClickKeyword.groovy:74)
	at com.kms.katalon.core.webui.keyword.builtin.ClickKeyword.execute(ClickKeyword.groovy:40)
	at com.kms.katalon.core.keyword.internal.KeywordExecutor.executeKeywordForPlatform(KeywordExecutor.groovy:74)
	at com.kms.katalon.core.webui.keyword.WebUiBuiltInKeywords.click(WebUiBuiltInKeywords.groovy:620)
	at com.kms.katalon.core.webui.keyword.WebUiBuiltInKeywords$click$1.call(Unknown Source)
	at View the result of all students in the quiz.run(View the result of all students in the quiz:40)
	at com.kms.katalon.core.main.ScriptEngine.run(ScriptEngine.java:194)
	at com.kms.katalon.core.main.ScriptEngine.runScriptAsRawText(ScriptEngine.java:119)
	at com.kms.katalon.core.main.TestCaseExecutor.runScript(TestCaseExecutor.java:442)
	at com.kms.katalon.core.main.TestCaseExecutor.doExecute(TestCaseExecutor.java:433)
	at com.kms.katalon.core.main.TestCaseExecutor.processExecutionPhase(TestCaseExecutor.java:412)
	at com.kms.katalon.core.main.TestCaseExecutor.accessMainPhase(TestCaseExecutor.java:404)
	at com.kms.katalon.core.main.TestCaseExecutor.execute(TestCaseExecutor.java:281)
	at com.kms.katalon.core.main.TestSuiteExecutor.accessTestCaseMainPhase(TestSuiteExecutor.java:202)
	at com.kms.katalon.core.main.TestSuiteExecutor.accessTestSuiteMainPhase(TestSuiteExecutor.java:164)
	at com.kms.katalon.core.main.TestSuiteExecutor.execute(TestSuiteExecutor.java:105)
	at com.kms.katalon.core.main.TestCaseMain.startTestSuite(TestCaseMain.java:181)
	at com.kms.katalon.core.main.TestCaseMain$startTestSuite$0.call(Unknown Source)
	at TempTestSuite1642314164055.run(TempTestSuite1642314164055.groovy:36)
Caused by: com.kms.katalon.core.webui.exception.WebElementNotFoundException: Web element with id: 'Object Repository/Page_Course Test Automation/View result of quiz/a_Nguyen Hoa' located by '//a[contains(text(),'Nguyen Hoa')]' not found
	at com.kms.katalon.core.webui.common.WebUiCommonHelper.findWebElement(WebUiCommonHelper.java:1368)
	at com.kms.katalon.core.webui.keyword.internal.WebUIAbstractKeyword.findWebElement(WebUIAbstractKeyword.groovy:27)
	at com.kms.katalon.core.webui.keyword.builtin.ClickKeyword$_click_closure1.doCall(ClickKeyword.groovy:65)
	at com.kms.katalon.core.webui.keyword.builtin.ClickKeyword$_click_closure1.call(ClickKeyword.groovy)
	at com.kms.katalon.core.webui.keyword.internal.WebUIKeywordMain.runKeyword(WebUIKeywordMain.groovy:20)
	... 19 more]]></system-err>
      </testcase>
      <testcase name="Test Cases/Send feedback of assignment" time="29.975" classname="Test Cases/Send feedback of assignment" status="PASSED">
         <system-out><![CDATA[2022-01-16 13:50:20 - [TEST_CASE][PASSED] - Test Cases/Send feedback of assignment: Test Cases/Send feedback of assignment

2022-01-16 13:50:20 - [TEST_STEP][PASSED] - openBrowser(""): Browser is opened with url: ''

2022-01-16 13:50:20 - [MESSAGE][WARNING] - A browser is already opened. Closing browser and opening a new one

2022-01-16 13:50:21 - [MESSAGE][INFO] - Starting 'Edge Chromium' driver

2022-01-16 13:50:23 - [MESSAGE][INFO] - Action delay is set to 0 milliseconds

2022-01-16 13:50:24 - [MESSAGE][PASSED] - Browser is opened with url: ''

2022-01-16 13:50:24 - [TEST_STEP][PASSED] - navigateToUrl("localhost"): Navigate to 'http://localhost' successfully

2022-01-16 13:50:25 - [MESSAGE][PASSED] - Navigate to 'http://localhost' successfully

2022-01-16 13:50:25 - [TEST_STEP][PASSED] - click(findTestObject("Page_Home page/a_Log in")): Object: 'Object Repository/Page_Home page/a_Log in' is clicked on

2022-01-16 13:50:26 - [MESSAGE][PASSED] - Object: 'Object Repository/Page_Home page/a_Log in' is clicked on

2022-01-16 13:50:26 - [TEST_STEP][PASSED] - setText(findTestObject("Page_Home page Log in to the site/input_Username_username"), "teacher1"): Text 'teacher1' is set on object 'Object Repository/Page_Home page Log in to the site/input_Username_username'

2022-01-16 13:50:27 - [MESSAGE][PASSED] - Text 'teacher1' is set on object 'Object Repository/Page_Home page Log in to the site/input_Username_username'

2022-01-16 13:50:27 - [TEST_STEP][PASSED] - setText(findTestObject("Page_Home page Log in to the site/input_Password_password (1)"), "Group_10"): Text 'Group_10' is set on object 'Object Repository/Page_Home page Log in to the site/input_Password_password (1)'

2022-01-16 13:50:28 - [MESSAGE][PASSED] - Text 'Group_10' is set on object 'Object Repository/Page_Home page Log in to the site/input_Password_password (1)'

2022-01-16 13:50:28 - [TEST_STEP][PASSED] - click(findTestObject("Page_Home page Log in to the site/button_Log in")): Object: 'Object Repository/Page_Home page Log in to the site/button_Log in' is clicked on

2022-01-16 13:50:30 - [MESSAGE][PASSED] - Object: 'Object Repository/Page_Home page Log in to the site/button_Log in' is clicked on

2022-01-16 13:50:30 - [TEST_STEP][PASSED] - click(findTestObject("Page_Dashboard/a_My courses (1)")): Object: 'Object Repository/Page_Dashboard/a_My courses (1)' is clicked on

2022-01-16 13:50:31 - [MESSAGE][PASSED] - Object: 'Object Repository/Page_Dashboard/a_My courses (1)' is clicked on

2022-01-16 13:50:31 - [TEST_STEP][PASSED] - click(findTestObject("Page_My courses/span_Test Automation")): Object: 'Object Repository/Page_My courses/span_Test Automation' is clicked on

2022-01-16 13:50:33 - [MESSAGE][PASSED] - Object: 'Object Repository/Page_My courses/span_Test Automation' is clicked on

2022-01-16 13:50:33 - [TEST_STEP][PASSED] - click(findTestObject("Page_Course Test Automation/Homework 1  Assignment")): Object: 'Object Repository/Page_Course Test Automation/Homework 1  Assignment' is clicked on

2022-01-16 13:50:35 - [MESSAGE][PASSED] - Object: 'Object Repository/Page_Course Test Automation/Homework 1  Assignment' is clicked on

2022-01-16 13:50:35 - [TEST_STEP][PASSED] - click(findTestObject("Page_Course Test Automation/Page_TA Bonus assignment (Extend 1 week)/a_Grade")): Object: 'Object Repository/Page_Course Test Automation/Page_TA Bonus assignment (Extend 1 week)/a_Grade' is clicked on

2022-01-16 13:50:36 - [MESSAGE][PASSED] - Object: 'Object Repository/Page_Course Test Automation/Page_TA Bonus assignment (Extend 1 week)/a_Grade' is clicked on

2022-01-16 13:50:36 - [TEST_STEP][PASSED] - click(findTestObject("Page_Course Test Automation/Page_TA Bonus assignment (Extend 1 week) - Grading/a_View all submissions")): Object: 'Object Repository/Page_Course Test Automation/Page_TA Bonus assignment (Extend 1 week) - Grading/a_View all submissions' is clicked on

2022-01-16 13:50:39 - [MESSAGE][PASSED] - Object: 'Object Repository/Page_Course Test Automation/Page_TA Bonus assignment (Extend 1 week) - Grading/a_View all submissions' is clicked on

2022-01-16 13:50:39 - [TEST_STEP][PASSED] - verifyElementText(findTestObject("Page_Course Test Automation/Page_TA Bonus assignment (Extend 1 week) - Grading/div_Submitted for grading"), "Submitted for grading"): Actual text and expected text of test object 'Object Repository/Page_Course Test Automation/Page_TA Bonus assignment (Extend 1 week) - Grading/div_Submitted for grading' are matched.

2022-01-16 13:50:40 - [MESSAGE][PASSED] - Actual text and expected text of test object 'Object Repository/Page_Course Test Automation/Page_TA Bonus assignment (Extend 1 week) - Grading/div_Submitted for grading' are matched.

2022-01-16 13:50:40 - [TEST_STEP][PASSED] - click(findTestObject("Page_Course Test Automation/Page_TA Bonus assignment (Extend 1 week) - Grading/a_Grade_new")): Object: 'Object Repository/Page_Course Test Automation/Page_TA Bonus assignment (Extend 1 week) - Grading/a_Grade_new' is clicked on

2022-01-16 13:50:41 - [MESSAGE][PASSED] - Object: 'Object Repository/Page_Course Test Automation/Page_TA Bonus assignment (Extend 1 week) - Grading/a_Grade_new' is clicked on

2022-01-16 13:50:41 - [TEST_STEP][PASSED] - setText(findTestObject("Page_Course Test Automation/Page_TA Bonus assignment (Extend 1 week) - Grading/input_Grade out of 100_grade"), "95"): Text '95' is set on object 'Object Repository/Page_Course Test Automation/Page_TA Bonus assignment (Extend 1 week) - Grading/input_Grade out of 100_grade'

2022-01-16 13:50:43 - [MESSAGE][PASSED] - Text '95' is set on object 'Object Repository/Page_Course Test Automation/Page_TA Bonus assignment (Extend 1 week) - Grading/input_Grade out of 100_grade'

2022-01-16 13:50:43 - [TEST_STEP][PASSED] - setText(findTestObject("Page_Course Test Automation/Page_TA Bonus assignment (Extend 1 week) - Grading/assignfeedbackcomments"), "Good"): Text 'Good' is set on object 'Object Repository/Page_Course Test Automation/Page_TA Bonus assignment (Extend 1 week) - Grading/assignfeedbackcomments'

2022-01-16 13:50:44 - [MESSAGE][PASSED] - Text 'Good' is set on object 'Object Repository/Page_Course Test Automation/Page_TA Bonus assignment (Extend 1 week) - Grading/assignfeedbackcomments'

2022-01-16 13:50:44 - [TEST_STEP][PASSED] - click(findTestObject("Page_Course Test Automation/Page_TA Bonus assignment (Extend 1 week) - Grading/button_Save changes")): Object: 'Object Repository/Page_Course Test Automation/Page_TA Bonus assignment (Extend 1 week) - Grading/button_Save changes' is clicked on

2022-01-16 13:50:45 - [MESSAGE][PASSED] - Object: 'Object Repository/Page_Course Test Automation/Page_TA Bonus assignment (Extend 1 week) - Grading/button_Save changes' is clicked on

2022-01-16 13:50:45 - [TEST_STEP][PASSED] - click(findTestObject("Page_Course Test Automation/Page_TA Bonus assignment (Extend 1 week) - Grading/a_Assignment Homework 1 back")): Object: 'Object Repository/Page_Course Test Automation/Page_TA Bonus assignment (Extend 1 week) - Grading/a_Assignment Homework 1 back' is clicked on

2022-01-16 13:50:47 - [MESSAGE][PASSED] - Object: 'Object Repository/Page_Course Test Automation/Page_TA Bonus assignment (Extend 1 week) - Grading/a_Assignment Homework 1 back' is clicked on

2022-01-16 13:50:47 - [TEST_STEP][PASSED] - click(findTestObject("Page_Dashboard/a_NH")): Object: 'Object Repository/Page_Dashboard/a_NH' is clicked on

2022-01-16 13:50:48 - [MESSAGE][PASSED] - Object: 'Object Repository/Page_Dashboard/a_NH' is clicked on

2022-01-16 13:50:48 - [TEST_STEP][PASSED] - click(findTestObject("Page_Dashboard/a_Log out")): Object: 'Object Repository/Page_Dashboard/a_Log out' is clicked on

2022-01-16 13:50:49 - [MESSAGE][PASSED] - Object: 'Object Repository/Page_Dashboard/a_Log out' is clicked on

2022-01-16 13:50:49 - [TEST_STEP][PASSED] - closeBrowser(): Browser is closed

2022-01-16 13:50:50 - [MESSAGE][PASSED] - Browser is closed]]></system-out>
         <system-err><![CDATA[]]></system-err>
      </testcase>
      <testcase name="Test Cases/View courses - Guest" time="10.707" classname="Test Cases/View courses - Guest" status="PASSED">
         <system-out><![CDATA[2022-01-16 13:50:50 - [TEST_CASE][PASSED] - Test Cases/View courses - Guest: Test Cases/View courses - Guest

2022-01-16 13:50:50 - [TEST_STEP][PASSED] - openBrowser(""): Browser is opened with url: ''

2022-01-16 13:50:50 - [MESSAGE][INFO] - Starting 'Edge Chromium' driver

2022-01-16 13:50:52 - [MESSAGE][INFO] - Action delay is set to 0 milliseconds

2022-01-16 13:50:53 - [MESSAGE][PASSED] - Browser is opened with url: ''

2022-01-16 13:50:53 - [TEST_STEP][PASSED] - navigateToUrl("http://localhost/"): Navigate to 'http://localhost/' successfully

2022-01-16 13:50:54 - [MESSAGE][PASSED] - Navigate to 'http://localhost/' successfully

2022-01-16 13:50:54 - [TEST_STEP][PASSED] - setText(findTestObject("Page_Group10 Administration Users Permissio_fb4295/Page_Home page/input_search_course"), "Test automation"): Text 'Test automation' is set on object 'Object Repository/Page_Group10 Administration Users Permissio_fb4295/Page_Home page/input_search_course'

2022-01-16 13:50:55 - [MESSAGE][PASSED] - Text 'Test automation' is set on object 'Object Repository/Page_Group10 Administration Users Permissio_fb4295/Page_Home page/input_search_course'

2022-01-16 13:50:55 - [TEST_STEP][PASSED] - click(findTestObject("Page_Group10 Administration Users Permissio_fb4295/Page_Home page/button_Search courses")): Object: 'Object Repository/Page_Group10 Administration Users Permissio_fb4295/Page_Home page/button_Search courses' is clicked on

2022-01-16 13:50:56 - [MESSAGE][PASSED] - Object: 'Object Repository/Page_Group10 Administration Users Permissio_fb4295/Page_Home page/button_Search courses' is clicked on

2022-01-16 13:50:56 - [TEST_STEP][PASSED] - click(findTestObject("Object Repository/Page_Home page Log in to the site/button_Log in as a guest")): Object: 'Object Repository/Page_Home page Log in to the site/button_Log in as a guest' is clicked on

2022-01-16 13:50:57 - [MESSAGE][PASSED] - Object: 'Object Repository/Page_Home page Log in to the site/button_Log in as a guest' is clicked on

2022-01-16 13:50:57 - [TEST_STEP][PASSED] - click(findTestObject("Object Repository/Page_TA/a_Test Automation")): Object: 'Object Repository/Page_TA/a_Test Automation' is clicked on

2022-01-16 13:50:58 - [MESSAGE][PASSED] - Object: 'Object Repository/Page_TA/a_Test Automation' is clicked on

2022-01-16 13:50:58 - [TEST_STEP][PASSED] - click(findTestObject("Object Repository/Page_TA/button_Continue")): Object: 'Object Repository/Page_TA/button_Continue' is clicked on

2022-01-16 13:51:00 - [MESSAGE][PASSED] - Object: 'Object Repository/Page_TA/button_Continue' is clicked on

2022-01-16 13:51:00 - [TEST_STEP][PASSED] - closeBrowser(): Browser is closed

2022-01-16 13:51:01 - [MESSAGE][PASSED] - Browser is closed]]></system-out>
         <system-err><![CDATA[]]></system-err>
      </testcase>
      <system-out><![CDATA[2022-01-16 13:22:54 - [TEST_SUITE][FAILED] - Run all test cases: Test Cases/Add a discussion topic - ADMIN FAILED.
Reason:
com.kms.katalon.core.exception.StepFailedException: Unable to click on object 'Object Repository/forum/Page_Home page/a_Add a new topic'
	at com.kms.katalon.core.webui.keyword.internal.WebUIKeywordMain.stepFailed(WebUIKeywordMain.groovy:64)
	at com.kms.katalon.core.webui.keyword.internal.WebUIKeywordMain.runKeyword(WebUIKeywordMain.groovy:26)
	at com.kms.katalon.core.webui.keyword.builtin.ClickKeyword.click(ClickKeyword.groovy:74)
	at com.kms.katalon.core.webui.keyword.builtin.ClickKeyword.execute(ClickKeyword.groovy:40)
	at com.kms.katalon.core.keyword.internal.KeywordExecutor.executeKeywordForPlatform(KeywordExecutor.groovy:74)
	at com.kms.katalon.core.webui.keyword.WebUiBuiltInKeywords.click(WebUiBuiltInKeywords.groovy:620)
	at com.kms.katalon.core.webui.keyword.WebUiBuiltInKeywords$click$1.call(Unknown Source)
	at Add a discussion topic - ADMIN.run(Add a discussion topic - ADMIN:34)
	at com.kms.katalon.core.main.ScriptEngine.run(ScriptEngine.java:194)
	at com.kms.katalon.core.main.ScriptEngine.runScriptAsRawText(ScriptEngine.java:119)
	at com.kms.katalon.core.main.TestCaseExecutor.runScript(TestCaseExecutor.java:442)
	at com.kms.katalon.core.main.TestCaseExecutor.doExecute(TestCaseExecutor.java:433)
	at com.kms.katalon.core.main.TestCaseExecutor.processExecutionPhase(TestCaseExecutor.java:412)
	at com.kms.katalon.core.main.TestCaseExecutor.accessMainPhase(TestCaseExecutor.java:404)
	at com.kms.katalon.core.main.TestCaseExecutor.execute(TestCaseExecutor.java:281)
	at com.kms.katalon.core.main.TestSuiteExecutor.accessTestCaseMainPhase(TestSuiteExecutor.java:202)
	at com.kms.katalon.core.main.TestSuiteExecutor.accessTestSuiteMainPhase(TestSuiteExecutor.java:164)
	at com.kms.katalon.core.main.TestSuiteExecutor.execute(TestSuiteExecutor.java:105)
	at com.kms.katalon.core.main.TestCaseMain.startTestSuite(TestCaseMain.java:181)
	at com.kms.katalon.core.main.TestCaseMain$startTestSuite$0.call(Unknown Source)
	at TempTestSuite1642314164055.run(TempTestSuite1642314164055.groovy:36)
Caused by: com.kms.katalon.core.webui.exception.WebElementNotFoundException: Web element with id: 'Object Repository/forum/Page_Home page/a_Add a new topic' located by '//a[contains(text(),'Add a new topic')]' not found
	at com.kms.katalon.core.webui.common.WebUiCommonHelper.findWebElement(WebUiCommonHelper.java:1368)
	at com.kms.katalon.core.webui.keyword.internal.WebUIAbstractKeyword.findWebElement(WebUIAbstractKeyword.groovy:27)
	at com.kms.katalon.core.webui.keyword.builtin.ClickKeyword$_click_closure1.doCall(ClickKeyword.groovy:65)
	at com.kms.katalon.core.webui.keyword.builtin.ClickKeyword$_click_closure1.call(ClickKeyword.groovy)
	at com.kms.katalon.core.webui.keyword.internal.WebUIKeywordMain.runKeyword(WebUIKeywordMain.groovy:20)
	... 19 more]]></system-out>
      <system-err><![CDATA[2022-01-16 13:22:54 - [TEST_SUITE][FAILED] - Run all test cases: Test Cases/Add a discussion topic - ADMIN FAILED.
Reason:
com.kms.katalon.core.exception.StepFailedException: Unable to click on object 'Object Repository/forum/Page_Home page/a_Add a new topic'
	at com.kms.katalon.core.webui.keyword.internal.WebUIKeywordMain.stepFailed(WebUIKeywordMain.groovy:64)
	at com.kms.katalon.core.webui.keyword.internal.WebUIKeywordMain.runKeyword(WebUIKeywordMain.groovy:26)
	at com.kms.katalon.core.webui.keyword.builtin.ClickKeyword.click(ClickKeyword.groovy:74)
	at com.kms.katalon.core.webui.keyword.builtin.ClickKeyword.execute(ClickKeyword.groovy:40)
	at com.kms.katalon.core.keyword.internal.KeywordExecutor.executeKeywordForPlatform(KeywordExecutor.groovy:74)
	at com.kms.katalon.core.webui.keyword.WebUiBuiltInKeywords.click(WebUiBuiltInKeywords.groovy:620)
	at com.kms.katalon.core.webui.keyword.WebUiBuiltInKeywords$click$1.call(Unknown Source)
	at Add a discussion topic - ADMIN.run(Add a discussion topic - ADMIN:34)
	at com.kms.katalon.core.main.ScriptEngine.run(ScriptEngine.java:194)
	at com.kms.katalon.core.main.ScriptEngine.runScriptAsRawText(ScriptEngine.java:119)
	at com.kms.katalon.core.main.TestCaseExecutor.runScript(TestCaseExecutor.java:442)
	at com.kms.katalon.core.main.TestCaseExecutor.doExecute(TestCaseExecutor.java:433)
	at com.kms.katalon.core.main.TestCaseExecutor.processExecutionPhase(TestCaseExecutor.java:412)
	at com.kms.katalon.core.main.TestCaseExecutor.accessMainPhase(TestCaseExecutor.java:404)
	at com.kms.katalon.core.main.TestCaseExecutor.execute(TestCaseExecutor.java:281)
	at com.kms.katalon.core.main.TestSuiteExecutor.accessTestCaseMainPhase(TestSuiteExecutor.java:202)
	at com.kms.katalon.core.main.TestSuiteExecutor.accessTestSuiteMainPhase(TestSuiteExecutor.java:164)
	at com.kms.katalon.core.main.TestSuiteExecutor.execute(TestSuiteExecutor.java:105)
	at com.kms.katalon.core.main.TestCaseMain.startTestSuite(TestCaseMain.java:181)
	at com.kms.katalon.core.main.TestCaseMain$startTestSuite$0.call(Unknown Source)
	at TempTestSuite1642314164055.run(TempTestSuite1642314164055.groovy:36)
Caused by: com.kms.katalon.core.webui.exception.WebElementNotFoundException: Web element with id: 'Object Repository/forum/Page_Home page/a_Add a new topic' located by '//a[contains(text(),'Add a new topic')]' not found
	at com.kms.katalon.core.webui.common.WebUiCommonHelper.findWebElement(WebUiCommonHelper.java:1368)
	at com.kms.katalon.core.webui.keyword.internal.WebUIAbstractKeyword.findWebElement(WebUIAbstractKeyword.groovy:27)
	at com.kms.katalon.core.webui.keyword.builtin.ClickKeyword$_click_closure1.doCall(ClickKeyword.groovy:65)
	at com.kms.katalon.core.webui.keyword.builtin.ClickKeyword$_click_closure1.call(ClickKeyword.groovy)
	at com.kms.katalon.core.webui.keyword.internal.WebUIKeywordMain.runKeyword(WebUIKeywordMain.groovy:20)
	... 19 more]]></system-err>
   </testsuite>
</testsuites>
