<?xml version="1.0" encoding="UTF-8"?>
<testsuites name="Run all test cases" time="1001.396" tests="30" failures="11" errors="0">
   <testsuite name="Run all test cases" tests="30" failures="11" errors="0" time="1001.396" skipped="0" timestamp="2022-01-14 18:33:24" hostname="Minh Sĩ Lê - host.docker.internal" id="Test Suites/Run all test cases">
      <properties>
         <property name="deviceName" value=""/>
         <property name="devicePlatform" value=""/>
         <property name="logFolder" value="D:\\TestAutomation-SEBonus-Group10\\Test Automation - SE Bonus\\Reports\\20220114_183317\\Run all test cases\\20220114_183317"/>
         <property name="logFiles" value="D:\\TestAutomation-SEBonus-Group10\\Test Automation - SE Bonus\\Reports\\20220114_183317\\Run all test cases\\20220114_183317\\execution0.log"/>
         <property name="attachments" value="D:\\TestAutomation-SEBonus-Group10\\Test Automation - SE Bonus\\Reports\\20220114_183317\\Run all test cases\\20220114_183317\\1642160048649.png, D:\\TestAutomation-SEBonus-Group10\\Test Automation - SE Bonus\\Reports\\20220114_183317\\Run all test cases\\20220114_183317\\1642160090940.png, D:\\TestAutomation-SEBonus-Group10\\Test Automation - SE Bonus\\Reports\\20220114_183317\\Run all test cases\\20220114_183317\\1642160134019.png, D:\\TestAutomation-SEBonus-Group10\\Test Automation - SE Bonus\\Reports\\20220114_183317\\Run all test cases\\20220114_183317\\1642160176455.png, D:\\TestAutomation-SEBonus-Group10\\Test Automation - SE Bonus\\Reports\\20220114_183317\\Run all test cases\\20220114_183317\\1642160218594.png, D:\\TestAutomation-SEBonus-Group10\\Test Automation - SE Bonus\\Reports\\20220114_183317\\Run all test cases\\20220114_183317\\1642160261422.png, D:\\TestAutomation-SEBonus-Group10\\Test Automation - SE Bonus\\Reports\\20220114_183317\\Run all test cases\\20220114_183317\\1642160303886.png, D:\\TestAutomation-SEBonus-Group10\\Test Automation - SE Bonus\\Reports\\20220114_183317\\Run all test cases\\20220114_183317\\1642160346228.png, D:\\TestAutomation-SEBonus-Group10\\Test Automation - SE Bonus\\Reports\\20220114_183317\\Run all test cases\\20220114_183317\\1642160516892.png, D:\\TestAutomation-SEBonus-Group10\\Test Automation - SE Bonus\\Reports\\20220114_183317\\Run all test cases\\20220114_183317\\1642160716822.png, D:\\TestAutomation-SEBonus-Group10\\Test Automation - SE Bonus\\Reports\\20220114_183317\\Run all test cases\\20220114_183317\\1642160758907.png"/>
         <property name="hostName" value="Minh Sĩ Lê - host.docker.internal"/>
         <property name="os" value="Windows 10 64bit"/>
         <property name="katalonVersion" value="8.2.0.208"/>
         <property name="browser" value="Edge Chromium 97"/>
         <property name="hostAddress" value="192.168.1.10"/>
         <property name="sessionId" value="86878aa3d0b88ed13f255b8f79bae332"/>
         <property name="seleniumVersion" value="3.141.59"/>
         <property name="proxyInformation" value="ProxyInformation { proxyOption=NO_PROXY, proxyServerType=HTTP, username=, password=********, proxyServerAddress=, proxyServerPort=0, executionList=&quot;&quot;, isApplyToDesiredCapabilities=true }"/>
         <property name="platform" value="Windows 10"/>
      </properties>
      <testcase name="Test Cases/Create Manager" time="43.997" classname="Test Cases/Create Manager" status="FAILED">
         <failure type="FAILED" message="Test Cases/Create Manager FAILED.
Reason:
com.kms.katalon.core.exception.StepFailedException: Unable to click on object 'Object Repository/Page_Group10 Administration Search/a_Add a new user'
	at com.kms.katalon.core.webui.keyword.internal.WebUIKeywordMain.stepFailed(WebUIKeywordMain.groovy:64)
	at com.kms.katalon.core.webui.keyword.internal.WebUIKeywordMain.runKeyword(WebUIKeywordMain.groovy:26)
	at com.kms.katalon.core.webui.keyword.builtin.ClickKeyword.click(ClickKeyword.groovy:74)
	at com.kms.katalon.core.webui.keyword.builtin.ClickKeyword.execute(ClickKeyword.groovy:40)
	at com.kms.katalon.core.keyword.internal.KeywordExecutor.executeKeywordForPlatform(KeywordExecutor.groovy:74)
	at com.kms.katalon.core.webui.keyword.WebUiBuiltInKeywords.click(WebUiBuiltInKeywords.groovy:620)
	at com.kms.katalon.core.webui.keyword.WebUiBuiltInKeywords$click$1.call(Unknown Source)
	at Create Manager.run(Create Manager:38)
	at com.kms.katalon.core.main.ScriptEngine.run(ScriptEngine.java:194)
	at com.kms.katalon.core.main.ScriptEngine.runScriptAsRawText(ScriptEngine.java:119)
	at com.kms.katalon.core.main.TestCaseExecutor.runScript(TestCaseExecutor.java:442)
	at com.kms.katalon.core.main.TestCaseExecutor.doExecute(TestCaseExecutor.java:433)
	at com.kms.katalon.core.main.TestCaseExecutor.processExecutionPhase(TestCaseExecutor.java:412)
	at com.kms.katalon.core.main.TestCaseExecutor.accessMainPhase(TestCaseExecutor.java:404)
	at com.kms.katalon.core.main.TestCaseExecutor.execute(TestCaseExecutor.java:281)
	at com.kms.katalon.core.main.TestSuiteExecutor.accessTestCaseMainPhase(TestSuiteExecutor.java:202)
	at com.kms.katalon.core.main.TestSuiteExecutor.accessTestSuiteMainPhase(TestSuiteExecutor.java:164)
	at com.kms.katalon.core.main.TestSuiteExecutor.execute(TestSuiteExecutor.java:105)
	at com.kms.katalon.core.main.TestCaseMain.startTestSuite(TestCaseMain.java:181)
	at com.kms.katalon.core.main.TestCaseMain$startTestSuite$0.call(Unknown Source)
	at TempTestSuite1642159997020.run(TempTestSuite1642159997020.groovy:36)
Caused by: com.kms.katalon.core.webui.exception.WebElementNotFoundException: Web element with id: 'Object Repository/Page_Group10 Administration Search/a_Add a new user' located by '//div[@id='linkusers']/div/div[2]/div[2]/ul/li[3]/a' not found
	at com.kms.katalon.core.webui.common.WebUiCommonHelper.findWebElement(WebUiCommonHelper.java:1368)
	at com.kms.katalon.core.webui.keyword.internal.WebUIAbstractKeyword.findWebElement(WebUIAbstractKeyword.groovy:27)
	at com.kms.katalon.core.webui.keyword.builtin.ClickKeyword$_click_closure1.doCall(ClickKeyword.groovy:65)
	at com.kms.katalon.core.webui.keyword.builtin.ClickKeyword$_click_closure1.call(ClickKeyword.groovy)
	at com.kms.katalon.core.webui.keyword.internal.WebUIKeywordMain.runKeyword(WebUIKeywordMain.groovy:20)
	... 19 more
"/>
         <system-out><![CDATA[2022-01-14 18:33:24 - [TEST_CASE][FAILED] - Test Cases/Create Manager: Test Cases/Create Manager FAILED.
Reason:
com.kms.katalon.core.exception.StepFailedException: Unable to click on object 'Object Repository/Page_Group10 Administration Search/a_Add a new user'
	at com.kms.katalon.core.webui.keyword.internal.WebUIKeywordMain.stepFailed(WebUIKeywordMain.groovy:64)
	at com.kms.katalon.core.webui.keyword.internal.WebUIKeywordMain.runKeyword(WebUIKeywordMain.groovy:26)
	at com.kms.katalon.core.webui.keyword.builtin.ClickKeyword.click(ClickKeyword.groovy:74)
	at com.kms.katalon.core.webui.keyword.builtin.ClickKeyword.execute(ClickKeyword.groovy:40)
	at com.kms.katalon.core.keyword.internal.KeywordExecutor.executeKeywordForPlatform(KeywordExecutor.groovy:74)
	at com.kms.katalon.core.webui.keyword.WebUiBuiltInKeywords.click(WebUiBuiltInKeywords.groovy:620)
	at com.kms.katalon.core.webui.keyword.WebUiBuiltInKeywords$click$1.call(Unknown Source)
	at Create Manager.run(Create Manager:38)
	at com.kms.katalon.core.main.ScriptEngine.run(ScriptEngine.java:194)
	at com.kms.katalon.core.main.ScriptEngine.runScriptAsRawText(ScriptEngine.java:119)
	at com.kms.katalon.core.main.TestCaseExecutor.runScript(TestCaseExecutor.java:442)
	at com.kms.katalon.core.main.TestCaseExecutor.doExecute(TestCaseExecutor.java:433)
	at com.kms.katalon.core.main.TestCaseExecutor.processExecutionPhase(TestCaseExecutor.java:412)
	at com.kms.katalon.core.main.TestCaseExecutor.accessMainPhase(TestCaseExecutor.java:404)
	at com.kms.katalon.core.main.TestCaseExecutor.execute(TestCaseExecutor.java:281)
	at com.kms.katalon.core.main.TestSuiteExecutor.accessTestCaseMainPhase(TestSuiteExecutor.java:202)
	at com.kms.katalon.core.main.TestSuiteExecutor.accessTestSuiteMainPhase(TestSuiteExecutor.java:164)
	at com.kms.katalon.core.main.TestSuiteExecutor.execute(TestSuiteExecutor.java:105)
	at com.kms.katalon.core.main.TestCaseMain.startTestSuite(TestCaseMain.java:181)
	at com.kms.katalon.core.main.TestCaseMain$startTestSuite$0.call(Unknown Source)
	at TempTestSuite1642159997020.run(TempTestSuite1642159997020.groovy:36)
Caused by: com.kms.katalon.core.webui.exception.WebElementNotFoundException: Web element with id: 'Object Repository/Page_Group10 Administration Search/a_Add a new user' located by '//div[@id='linkusers']/div/div[2]/div[2]/ul/li[3]/a' not found
	at com.kms.katalon.core.webui.common.WebUiCommonHelper.findWebElement(WebUiCommonHelper.java:1368)
	at com.kms.katalon.core.webui.keyword.internal.WebUIAbstractKeyword.findWebElement(WebUIAbstractKeyword.groovy:27)
	at com.kms.katalon.core.webui.keyword.builtin.ClickKeyword$_click_closure1.doCall(ClickKeyword.groovy:65)
	at com.kms.katalon.core.webui.keyword.builtin.ClickKeyword$_click_closure1.call(ClickKeyword.groovy)
	at com.kms.katalon.core.webui.keyword.internal.WebUIKeywordMain.runKeyword(WebUIKeywordMain.groovy:20)
	... 19 more


2022-01-14 18:33:25 - [TEST_STEP][PASSED] - openBrowser(""): Browser is opened with url: ''

2022-01-14 18:33:25 - [MESSAGE][INFO] - Starting 'Edge Chromium' driver

2022-01-14 18:33:27 - [MESSAGE][INFO] - Action delay is set to 0 milliseconds

2022-01-14 18:33:29 - [MESSAGE][PASSED] - Browser is opened with url: ''

2022-01-14 18:33:29 - [TEST_STEP][PASSED] - navigateToUrl("http://localhost/"): Navigate to 'http://localhost/' successfully

2022-01-14 18:33:30 - [MESSAGE][PASSED] - Navigate to 'http://localhost/' successfully

2022-01-14 18:33:30 - [TEST_STEP][PASSED] - click(findTestObject("Object Repository/Page_Home page/a_Log in")): Object: 'Object Repository/Page_Home page/a_Log in' is clicked on

2022-01-14 18:33:31 - [MESSAGE][PASSED] - Object: 'Object Repository/Page_Home page/a_Log in' is clicked on

2022-01-14 18:33:31 - [TEST_STEP][PASSED] - setText(findTestObject("Object Repository/Page_Home page Log in to the site/input_Username_username"), "admin"): Text 'admin' is set on object 'Object Repository/Page_Home page Log in to the site/input_Username_username'

2022-01-14 18:33:32 - [MESSAGE][PASSED] - Text 'admin' is set on object 'Object Repository/Page_Home page Log in to the site/input_Username_username'

2022-01-14 18:33:32 - [TEST_STEP][PASSED] - setEncryptedText(findTestObject("Page_Home page Log in to the site/input_Password_password (1)"), "OFhcon1PzObx3ErJAwGfGA=="): Text ****** has been set on object 'Object Repository/Page_Home page Log in to the site/input_Password_password (1)'

2022-01-14 18:33:33 - [MESSAGE][PASSED] - Text ****** has been set on object 'Object Repository/Page_Home page Log in to the site/input_Password_password (1)'

2022-01-14 18:33:33 - [TEST_STEP][PASSED] - click(findTestObject("Object Repository/Page_Home page Log in to the site/button_Log in")): Object: 'Object Repository/Page_Home page Log in to the site/button_Log in' is clicked on

2022-01-14 18:33:34 - [MESSAGE][PASSED] - Object: 'Object Repository/Page_Home page Log in to the site/button_Log in' is clicked on

2022-01-14 18:33:34 - [TEST_STEP][PASSED] - click(findTestObject("Object Repository/Page_Dashboard/a_Site administration")): Object: 'Object Repository/Page_Dashboard/a_Site administration' is clicked on

2022-01-14 18:33:36 - [MESSAGE][PASSED] - Object: 'Object Repository/Page_Dashboard/a_Site administration' is clicked on

2022-01-14 18:33:36 - [TEST_STEP][PASSED] - scrollToPosition(0, 0): Browser is scrolled to position x = 0, y = 0

2022-01-14 18:33:36 - [MESSAGE][PASSED] - Browser is scrolled to position x = 0, y = 0

2022-01-14 18:33:36 - [TEST_STEP][PASSED] - click(findTestObject("Object Repository/Page_Group10 Administration Search/a_Users")): Object: 'Object Repository/Page_Group10 Administration Search/a_Users' is clicked on

2022-01-14 18:33:37 - [MESSAGE][PASSED] - Object: 'Object Repository/Page_Group10 Administration Search/a_Users' is clicked on

2022-01-14 18:33:37 - [TEST_STEP][FAILED] - click(findTestObject("Object Repository/Page_Group10 Administration Search/a_Add a new user")): Unable to click on object 'Object Repository/Page_Group10 Administration Search/a_Add a new user' (Root cause: com.kms.katalon.core.exception.StepFailedException: Unable to click on object 'Object Repository/Page_Group10 Administration Search/a_Add a new user'
	at com.kms.katalon.core.webui.keyword.internal.WebUIKeywordMain.stepFailed(WebUIKeywordMain.groovy:64)
	at com.kms.katalon.core.webui.keyword.internal.WebUIKeywordMain.runKeyword(WebUIKeywordMain.groovy:26)
	at com.kms.katalon.core.webui.keyword.builtin.ClickKeyword.click(ClickKeyword.groovy:74)
	at com.kms.katalon.core.webui.keyword.builtin.ClickKeyword.execute(ClickKeyword.groovy:40)
	at com.kms.katalon.core.keyword.internal.KeywordExecutor.executeKeywordForPlatform(KeywordExecutor.groovy:74)
	at com.kms.katalon.core.webui.keyword.WebUiBuiltInKeywords.click(WebUiBuiltInKeywords.groovy:620)
	at com.kms.katalon.core.webui.keyword.WebUiBuiltInKeywords$click$1.call(Unknown Source)
	at Create Manager.run(Create Manager:38)
	at com.kms.katalon.core.main.ScriptEngine.run(ScriptEngine.java:194)
	at com.kms.katalon.core.main.ScriptEngine.runScriptAsRawText(ScriptEngine.java:119)
	at com.kms.katalon.core.main.TestCaseExecutor.runScript(TestCaseExecutor.java:442)
	at com.kms.katalon.core.main.TestCaseExecutor.doExecute(TestCaseExecutor.java:433)
	at com.kms.katalon.core.main.TestCaseExecutor.processExecutionPhase(TestCaseExecutor.java:412)
	at com.kms.katalon.core.main.TestCaseExecutor.accessMainPhase(TestCaseExecutor.java:404)
	at com.kms.katalon.core.main.TestCaseExecutor.execute(TestCaseExecutor.java:281)
	at com.kms.katalon.core.main.TestSuiteExecutor.accessTestCaseMainPhase(TestSuiteExecutor.java:202)
	at com.kms.katalon.core.main.TestSuiteExecutor.accessTestSuiteMainPhase(TestSuiteExecutor.java:164)
	at com.kms.katalon.core.main.TestSuiteExecutor.execute(TestSuiteExecutor.java:105)
	at com.kms.katalon.core.main.TestCaseMain.startTestSuite(TestCaseMain.java:181)
	at com.kms.katalon.core.main.TestCaseMain$startTestSuite$0.call(Unknown Source)
	at TempTestSuite1642159997020.run(TempTestSuite1642159997020.groovy:36)
Caused by: com.kms.katalon.core.webui.exception.WebElementNotFoundException: Web element with id: 'Object Repository/Page_Group10 Administration Search/a_Add a new user' located by '//div[@id='linkusers']/div/div[2]/div[2]/ul/li[3]/a' not found
	at com.kms.katalon.core.webui.common.WebUiCommonHelper.findWebElement(WebUiCommonHelper.java:1368)
	at com.kms.katalon.core.webui.keyword.internal.WebUIAbstractKeyword.findWebElement(WebUIAbstractKeyword.groovy:27)
	at com.kms.katalon.core.webui.keyword.builtin.ClickKeyword$_click_closure1.doCall(ClickKeyword.groovy:65)
	at com.kms.katalon.core.webui.keyword.builtin.ClickKeyword$_click_closure1.call(ClickKeyword.groovy)
	at com.kms.katalon.core.webui.keyword.internal.WebUIKeywordMain.runKeyword(WebUIKeywordMain.groovy:20)
	at com.kms.katalon.core.webui.keyword.builtin.ClickKeyword.click(ClickKeyword.groovy:74)
	at com.kms.katalon.core.webui.keyword.builtin.ClickKeyword.execute(ClickKeyword.groovy:40)
	at com.kms.katalon.core.keyword.internal.KeywordExecutor.executeKeywordForPlatform(KeywordExecutor.groovy:74)
	at com.kms.katalon.core.webui.keyword.WebUiBuiltInKeywords.click(WebUiBuiltInKeywords.groovy:620)
	at com.kms.katalon.core.webui.keyword.WebUiBuiltInKeywords$click$1.call(Unknown Source)
	at Script1641910204766.run(Script1641910204766.groovy:38)
	... 13 more
)

2022-01-14 18:34:08 - [MESSAGE][INFO] - Unable to find the element located by 'By.xpath: //div[@id='linkusers']/div/div[2]/div[2]/ul/li[3]/a'. Please recheck the objects properties to make sure the desired element is located. 

2022-01-14 18:34:08 - [MESSAGE][FAILED] - Unable to click on object 'Object Repository/Page_Group10 Administration Search/a_Add a new user' (Root cause: com.kms.katalon.core.exception.StepFailedException: Unable to click on object 'Object Repository/Page_Group10 Administration Search/a_Add a new user'
	at com.kms.katalon.core.webui.keyword.internal.WebUIKeywordMain.stepFailed(WebUIKeywordMain.groovy:64)
	at com.kms.katalon.core.webui.keyword.internal.WebUIKeywordMain.runKeyword(WebUIKeywordMain.groovy:26)
	at com.kms.katalon.core.webui.keyword.builtin.ClickKeyword.click(ClickKeyword.groovy:74)
	at com.kms.katalon.core.webui.keyword.builtin.ClickKeyword.execute(ClickKeyword.groovy:40)
	at com.kms.katalon.core.keyword.internal.KeywordExecutor.executeKeywordForPlatform(KeywordExecutor.groovy:74)
	at com.kms.katalon.core.webui.keyword.WebUiBuiltInKeywords.click(WebUiBuiltInKeywords.groovy:620)
	at com.kms.katalon.core.webui.keyword.WebUiBuiltInKeywords$click$1.call(Unknown Source)
	at Create Manager.run(Create Manager:38)
	at com.kms.katalon.core.main.ScriptEngine.run(ScriptEngine.java:194)
	at com.kms.katalon.core.main.ScriptEngine.runScriptAsRawText(ScriptEngine.java:119)
	at com.kms.katalon.core.main.TestCaseExecutor.runScript(TestCaseExecutor.java:442)
	at com.kms.katalon.core.main.TestCaseExecutor.doExecute(TestCaseExecutor.java:433)
	at com.kms.katalon.core.main.TestCaseExecutor.processExecutionPhase(TestCaseExecutor.java:412)
	at com.kms.katalon.core.main.TestCaseExecutor.accessMainPhase(TestCaseExecutor.java:404)
	at com.kms.katalon.core.main.TestCaseExecutor.execute(TestCaseExecutor.java:281)
	at com.kms.katalon.core.main.TestSuiteExecutor.accessTestCaseMainPhase(TestSuiteExecutor.java:202)
	at com.kms.katalon.core.main.TestSuiteExecutor.accessTestSuiteMainPhase(TestSuiteExecutor.java:164)
	at com.kms.katalon.core.main.TestSuiteExecutor.execute(TestSuiteExecutor.java:105)
	at com.kms.katalon.core.main.TestCaseMain.startTestSuite(TestCaseMain.java:181)
	at com.kms.katalon.core.main.TestCaseMain$startTestSuite$0.call(Unknown Source)
	at TempTestSuite1642159997020.run(TempTestSuite1642159997020.groovy:36)
Caused by: com.kms.katalon.core.webui.exception.WebElementNotFoundException: Web element with id: 'Object Repository/Page_Group10 Administration Search/a_Add a new user' located by '//div[@id='linkusers']/div/div[2]/div[2]/ul/li[3]/a' not found
	at com.kms.katalon.core.webui.common.WebUiCommonHelper.findWebElement(WebUiCommonHelper.java:1368)
	at com.kms.katalon.core.webui.keyword.internal.WebUIAbstractKeyword.findWebElement(WebUIAbstractKeyword.groovy:27)
	at com.kms.katalon.core.webui.keyword.builtin.ClickKeyword$_click_closure1.doCall(ClickKeyword.groovy:65)
	at com.kms.katalon.core.webui.keyword.builtin.ClickKeyword$_click_closure1.call(ClickKeyword.groovy)
	at com.kms.katalon.core.webui.keyword.internal.WebUIKeywordMain.runKeyword(WebUIKeywordMain.groovy:20)
	at com.kms.katalon.core.webui.keyword.builtin.ClickKeyword.click(ClickKeyword.groovy:74)
	at com.kms.katalon.core.webui.keyword.builtin.ClickKeyword.execute(ClickKeyword.groovy:40)
	at com.kms.katalon.core.keyword.internal.KeywordExecutor.executeKeywordForPlatform(KeywordExecutor.groovy:74)
	at com.kms.katalon.core.webui.keyword.WebUiBuiltInKeywords.click(WebUiBuiltInKeywords.groovy:620)
	at com.kms.katalon.core.webui.keyword.WebUiBuiltInKeywords$click$1.call(Unknown Source)
	at Script1641910204766.run(Script1641910204766.groovy:38)
	... 13 more
)
[[ATTACHMENT|D:\\TestAutomation-SEBonus-Group10\\Test Automation - SE Bonus\\Reports\\20220114_183317\\Run all test cases\\20220114_183317\\1642160048649.png]]]]></system-out>
         <system-err><![CDATA[2022-01-14 18:33:24 - [TEST_CASE][FAILED] - Test Cases/Create Manager: Test Cases/Create Manager FAILED.
Reason:
com.kms.katalon.core.exception.StepFailedException: Unable to click on object 'Object Repository/Page_Group10 Administration Search/a_Add a new user'
	at com.kms.katalon.core.webui.keyword.internal.WebUIKeywordMain.stepFailed(WebUIKeywordMain.groovy:64)
	at com.kms.katalon.core.webui.keyword.internal.WebUIKeywordMain.runKeyword(WebUIKeywordMain.groovy:26)
	at com.kms.katalon.core.webui.keyword.builtin.ClickKeyword.click(ClickKeyword.groovy:74)
	at com.kms.katalon.core.webui.keyword.builtin.ClickKeyword.execute(ClickKeyword.groovy:40)
	at com.kms.katalon.core.keyword.internal.KeywordExecutor.executeKeywordForPlatform(KeywordExecutor.groovy:74)
	at com.kms.katalon.core.webui.keyword.WebUiBuiltInKeywords.click(WebUiBuiltInKeywords.groovy:620)
	at com.kms.katalon.core.webui.keyword.WebUiBuiltInKeywords$click$1.call(Unknown Source)
	at Create Manager.run(Create Manager:38)
	at com.kms.katalon.core.main.ScriptEngine.run(ScriptEngine.java:194)
	at com.kms.katalon.core.main.ScriptEngine.runScriptAsRawText(ScriptEngine.java:119)
	at com.kms.katalon.core.main.TestCaseExecutor.runScript(TestCaseExecutor.java:442)
	at com.kms.katalon.core.main.TestCaseExecutor.doExecute(TestCaseExecutor.java:433)
	at com.kms.katalon.core.main.TestCaseExecutor.processExecutionPhase(TestCaseExecutor.java:412)
	at com.kms.katalon.core.main.TestCaseExecutor.accessMainPhase(TestCaseExecutor.java:404)
	at com.kms.katalon.core.main.TestCaseExecutor.execute(TestCaseExecutor.java:281)
	at com.kms.katalon.core.main.TestSuiteExecutor.accessTestCaseMainPhase(TestSuiteExecutor.java:202)
	at com.kms.katalon.core.main.TestSuiteExecutor.accessTestSuiteMainPhase(TestSuiteExecutor.java:164)
	at com.kms.katalon.core.main.TestSuiteExecutor.execute(TestSuiteExecutor.java:105)
	at com.kms.katalon.core.main.TestCaseMain.startTestSuite(TestCaseMain.java:181)
	at com.kms.katalon.core.main.TestCaseMain$startTestSuite$0.call(Unknown Source)
	at TempTestSuite1642159997020.run(TempTestSuite1642159997020.groovy:36)
Caused by: com.kms.katalon.core.webui.exception.WebElementNotFoundException: Web element with id: 'Object Repository/Page_Group10 Administration Search/a_Add a new user' located by '//div[@id='linkusers']/div/div[2]/div[2]/ul/li[3]/a' not found
	at com.kms.katalon.core.webui.common.WebUiCommonHelper.findWebElement(WebUiCommonHelper.java:1368)
	at com.kms.katalon.core.webui.keyword.internal.WebUIAbstractKeyword.findWebElement(WebUIAbstractKeyword.groovy:27)
	at com.kms.katalon.core.webui.keyword.builtin.ClickKeyword$_click_closure1.doCall(ClickKeyword.groovy:65)
	at com.kms.katalon.core.webui.keyword.builtin.ClickKeyword$_click_closure1.call(ClickKeyword.groovy)
	at com.kms.katalon.core.webui.keyword.internal.WebUIKeywordMain.runKeyword(WebUIKeywordMain.groovy:20)
	... 19 more]]></system-err>
      </testcase>
      <testcase name="Test Cases/Create Course creator" time="42.266" classname="Test Cases/Create Course creator" status="FAILED">
         <failure type="FAILED" message="Test Cases/Create Course creator FAILED.
Reason:
com.kms.katalon.core.exception.StepFailedException: Unable to click on object 'Object Repository/Page_Group10 Administration Search/a_Add a new user'
	at com.kms.katalon.core.webui.keyword.internal.WebUIKeywordMain.stepFailed(WebUIKeywordMain.groovy:64)
	at com.kms.katalon.core.webui.keyword.internal.WebUIKeywordMain.runKeyword(WebUIKeywordMain.groovy:26)
	at com.kms.katalon.core.webui.keyword.builtin.ClickKeyword.click(ClickKeyword.groovy:74)
	at com.kms.katalon.core.webui.keyword.builtin.ClickKeyword.execute(ClickKeyword.groovy:40)
	at com.kms.katalon.core.keyword.internal.KeywordExecutor.executeKeywordForPlatform(KeywordExecutor.groovy:74)
	at com.kms.katalon.core.webui.keyword.WebUiBuiltInKeywords.click(WebUiBuiltInKeywords.groovy:620)
	at com.kms.katalon.core.webui.keyword.WebUiBuiltInKeywords$click$1.call(Unknown Source)
	at Create Course creator.run(Create Course creator:38)
	at com.kms.katalon.core.main.ScriptEngine.run(ScriptEngine.java:194)
	at com.kms.katalon.core.main.ScriptEngine.runScriptAsRawText(ScriptEngine.java:119)
	at com.kms.katalon.core.main.TestCaseExecutor.runScript(TestCaseExecutor.java:442)
	at com.kms.katalon.core.main.TestCaseExecutor.doExecute(TestCaseExecutor.java:433)
	at com.kms.katalon.core.main.TestCaseExecutor.processExecutionPhase(TestCaseExecutor.java:412)
	at com.kms.katalon.core.main.TestCaseExecutor.accessMainPhase(TestCaseExecutor.java:404)
	at com.kms.katalon.core.main.TestCaseExecutor.execute(TestCaseExecutor.java:281)
	at com.kms.katalon.core.main.TestSuiteExecutor.accessTestCaseMainPhase(TestSuiteExecutor.java:202)
	at com.kms.katalon.core.main.TestSuiteExecutor.accessTestSuiteMainPhase(TestSuiteExecutor.java:164)
	at com.kms.katalon.core.main.TestSuiteExecutor.execute(TestSuiteExecutor.java:105)
	at com.kms.katalon.core.main.TestCaseMain.startTestSuite(TestCaseMain.java:181)
	at com.kms.katalon.core.main.TestCaseMain$startTestSuite$0.call(Unknown Source)
	at TempTestSuite1642159997020.run(TempTestSuite1642159997020.groovy:36)
Caused by: com.kms.katalon.core.webui.exception.WebElementNotFoundException: Web element with id: 'Object Repository/Page_Group10 Administration Search/a_Add a new user' located by '//div[@id='linkusers']/div/div[2]/div[2]/ul/li[3]/a' not found
	at com.kms.katalon.core.webui.common.WebUiCommonHelper.findWebElement(WebUiCommonHelper.java:1368)
	at com.kms.katalon.core.webui.keyword.internal.WebUIAbstractKeyword.findWebElement(WebUIAbstractKeyword.groovy:27)
	at com.kms.katalon.core.webui.keyword.builtin.ClickKeyword$_click_closure1.doCall(ClickKeyword.groovy:65)
	at com.kms.katalon.core.webui.keyword.builtin.ClickKeyword$_click_closure1.call(ClickKeyword.groovy)
	at com.kms.katalon.core.webui.keyword.internal.WebUIKeywordMain.runKeyword(WebUIKeywordMain.groovy:20)
	... 19 more
"/>
         <system-out><![CDATA[2022-01-14 18:34:08 - [TEST_CASE][FAILED] - Test Cases/Create Course creator: Test Cases/Create Course creator FAILED.
Reason:
com.kms.katalon.core.exception.StepFailedException: Unable to click on object 'Object Repository/Page_Group10 Administration Search/a_Add a new user'
	at com.kms.katalon.core.webui.keyword.internal.WebUIKeywordMain.stepFailed(WebUIKeywordMain.groovy:64)
	at com.kms.katalon.core.webui.keyword.internal.WebUIKeywordMain.runKeyword(WebUIKeywordMain.groovy:26)
	at com.kms.katalon.core.webui.keyword.builtin.ClickKeyword.click(ClickKeyword.groovy:74)
	at com.kms.katalon.core.webui.keyword.builtin.ClickKeyword.execute(ClickKeyword.groovy:40)
	at com.kms.katalon.core.keyword.internal.KeywordExecutor.executeKeywordForPlatform(KeywordExecutor.groovy:74)
	at com.kms.katalon.core.webui.keyword.WebUiBuiltInKeywords.click(WebUiBuiltInKeywords.groovy:620)
	at com.kms.katalon.core.webui.keyword.WebUiBuiltInKeywords$click$1.call(Unknown Source)
	at Create Course creator.run(Create Course creator:38)
	at com.kms.katalon.core.main.ScriptEngine.run(ScriptEngine.java:194)
	at com.kms.katalon.core.main.ScriptEngine.runScriptAsRawText(ScriptEngine.java:119)
	at com.kms.katalon.core.main.TestCaseExecutor.runScript(TestCaseExecutor.java:442)
	at com.kms.katalon.core.main.TestCaseExecutor.doExecute(TestCaseExecutor.java:433)
	at com.kms.katalon.core.main.TestCaseExecutor.processExecutionPhase(TestCaseExecutor.java:412)
	at com.kms.katalon.core.main.TestCaseExecutor.accessMainPhase(TestCaseExecutor.java:404)
	at com.kms.katalon.core.main.TestCaseExecutor.execute(TestCaseExecutor.java:281)
	at com.kms.katalon.core.main.TestSuiteExecutor.accessTestCaseMainPhase(TestSuiteExecutor.java:202)
	at com.kms.katalon.core.main.TestSuiteExecutor.accessTestSuiteMainPhase(TestSuiteExecutor.java:164)
	at com.kms.katalon.core.main.TestSuiteExecutor.execute(TestSuiteExecutor.java:105)
	at com.kms.katalon.core.main.TestCaseMain.startTestSuite(TestCaseMain.java:181)
	at com.kms.katalon.core.main.TestCaseMain$startTestSuite$0.call(Unknown Source)
	at TempTestSuite1642159997020.run(TempTestSuite1642159997020.groovy:36)
Caused by: com.kms.katalon.core.webui.exception.WebElementNotFoundException: Web element with id: 'Object Repository/Page_Group10 Administration Search/a_Add a new user' located by '//div[@id='linkusers']/div/div[2]/div[2]/ul/li[3]/a' not found
	at com.kms.katalon.core.webui.common.WebUiCommonHelper.findWebElement(WebUiCommonHelper.java:1368)
	at com.kms.katalon.core.webui.keyword.internal.WebUIAbstractKeyword.findWebElement(WebUIAbstractKeyword.groovy:27)
	at com.kms.katalon.core.webui.keyword.builtin.ClickKeyword$_click_closure1.doCall(ClickKeyword.groovy:65)
	at com.kms.katalon.core.webui.keyword.builtin.ClickKeyword$_click_closure1.call(ClickKeyword.groovy)
	at com.kms.katalon.core.webui.keyword.internal.WebUIKeywordMain.runKeyword(WebUIKeywordMain.groovy:20)
	... 19 more


2022-01-14 18:34:09 - [TEST_STEP][PASSED] - openBrowser(""): Browser is opened with url: ''

2022-01-14 18:34:09 - [MESSAGE][WARNING] - A browser is already opened. Closing browser and opening a new one

2022-01-14 18:34:10 - [MESSAGE][INFO] - Starting 'Edge Chromium' driver

2022-01-14 18:34:12 - [MESSAGE][INFO] - Action delay is set to 0 milliseconds

2022-01-14 18:34:12 - [MESSAGE][PASSED] - Browser is opened with url: ''

2022-01-14 18:34:12 - [TEST_STEP][PASSED] - navigateToUrl("http://localhost/"): Navigate to 'http://localhost/' successfully

2022-01-14 18:34:13 - [MESSAGE][PASSED] - Navigate to 'http://localhost/' successfully

2022-01-14 18:34:13 - [TEST_STEP][PASSED] - click(findTestObject("Object Repository/Page_Home page/a_Log in")): Object: 'Object Repository/Page_Home page/a_Log in' is clicked on

2022-01-14 18:34:14 - [MESSAGE][PASSED] - Object: 'Object Repository/Page_Home page/a_Log in' is clicked on

2022-01-14 18:34:14 - [TEST_STEP][PASSED] - setText(findTestObject("Object Repository/Page_Home page Log in to the site/input_Username_username"), "admin"): Text 'admin' is set on object 'Object Repository/Page_Home page Log in to the site/input_Username_username'

2022-01-14 18:34:15 - [MESSAGE][PASSED] - Text 'admin' is set on object 'Object Repository/Page_Home page Log in to the site/input_Username_username'

2022-01-14 18:34:15 - [TEST_STEP][PASSED] - setEncryptedText(findTestObject("Page_Home page Log in to the site/input_Password_password (1)"), "OFhcon1PzObx3ErJAwGfGA=="): Text ****** has been set on object 'Object Repository/Page_Home page Log in to the site/input_Password_password (1)'

2022-01-14 18:34:15 - [MESSAGE][PASSED] - Text ****** has been set on object 'Object Repository/Page_Home page Log in to the site/input_Password_password (1)'

2022-01-14 18:34:15 - [TEST_STEP][PASSED] - click(findTestObject("Object Repository/Page_Home page Log in to the site/button_Log in")): Object: 'Object Repository/Page_Home page Log in to the site/button_Log in' is clicked on

2022-01-14 18:34:17 - [MESSAGE][PASSED] - Object: 'Object Repository/Page_Home page Log in to the site/button_Log in' is clicked on

2022-01-14 18:34:17 - [TEST_STEP][PASSED] - click(findTestObject("Object Repository/Page_Dashboard/a_Site administration")): Object: 'Object Repository/Page_Dashboard/a_Site administration' is clicked on

2022-01-14 18:34:19 - [MESSAGE][PASSED] - Object: 'Object Repository/Page_Dashboard/a_Site administration' is clicked on

2022-01-14 18:34:19 - [TEST_STEP][PASSED] - scrollToPosition(0, 0): Browser is scrolled to position x = 0, y = 0

2022-01-14 18:34:19 - [MESSAGE][PASSED] - Browser is scrolled to position x = 0, y = 0

2022-01-14 18:34:19 - [TEST_STEP][PASSED] - click(findTestObject("Object Repository/Page_Group10 Administration Search/a_Users")): Object: 'Object Repository/Page_Group10 Administration Search/a_Users' is clicked on

2022-01-14 18:34:19 - [MESSAGE][PASSED] - Object: 'Object Repository/Page_Group10 Administration Search/a_Users' is clicked on

2022-01-14 18:34:19 - [TEST_STEP][FAILED] - click(findTestObject("Object Repository/Page_Group10 Administration Search/a_Add a new user")): Unable to click on object 'Object Repository/Page_Group10 Administration Search/a_Add a new user' (Root cause: com.kms.katalon.core.exception.StepFailedException: Unable to click on object 'Object Repository/Page_Group10 Administration Search/a_Add a new user'
	at com.kms.katalon.core.webui.keyword.internal.WebUIKeywordMain.stepFailed(WebUIKeywordMain.groovy:64)
	at com.kms.katalon.core.webui.keyword.internal.WebUIKeywordMain.runKeyword(WebUIKeywordMain.groovy:26)
	at com.kms.katalon.core.webui.keyword.builtin.ClickKeyword.click(ClickKeyword.groovy:74)
	at com.kms.katalon.core.webui.keyword.builtin.ClickKeyword.execute(ClickKeyword.groovy:40)
	at com.kms.katalon.core.keyword.internal.KeywordExecutor.executeKeywordForPlatform(KeywordExecutor.groovy:74)
	at com.kms.katalon.core.webui.keyword.WebUiBuiltInKeywords.click(WebUiBuiltInKeywords.groovy:620)
	at com.kms.katalon.core.webui.keyword.WebUiBuiltInKeywords$click$1.call(Unknown Source)
	at Create Course creator.run(Create Course creator:38)
	at com.kms.katalon.core.main.ScriptEngine.run(ScriptEngine.java:194)
	at com.kms.katalon.core.main.ScriptEngine.runScriptAsRawText(ScriptEngine.java:119)
	at com.kms.katalon.core.main.TestCaseExecutor.runScript(TestCaseExecutor.java:442)
	at com.kms.katalon.core.main.TestCaseExecutor.doExecute(TestCaseExecutor.java:433)
	at com.kms.katalon.core.main.TestCaseExecutor.processExecutionPhase(TestCaseExecutor.java:412)
	at com.kms.katalon.core.main.TestCaseExecutor.accessMainPhase(TestCaseExecutor.java:404)
	at com.kms.katalon.core.main.TestCaseExecutor.execute(TestCaseExecutor.java:281)
	at com.kms.katalon.core.main.TestSuiteExecutor.accessTestCaseMainPhase(TestSuiteExecutor.java:202)
	at com.kms.katalon.core.main.TestSuiteExecutor.accessTestSuiteMainPhase(TestSuiteExecutor.java:164)
	at com.kms.katalon.core.main.TestSuiteExecutor.execute(TestSuiteExecutor.java:105)
	at com.kms.katalon.core.main.TestCaseMain.startTestSuite(TestCaseMain.java:181)
	at com.kms.katalon.core.main.TestCaseMain$startTestSuite$0.call(Unknown Source)
	at TempTestSuite1642159997020.run(TempTestSuite1642159997020.groovy:36)
Caused by: com.kms.katalon.core.webui.exception.WebElementNotFoundException: Web element with id: 'Object Repository/Page_Group10 Administration Search/a_Add a new user' located by '//div[@id='linkusers']/div/div[2]/div[2]/ul/li[3]/a' not found
	at com.kms.katalon.core.webui.common.WebUiCommonHelper.findWebElement(WebUiCommonHelper.java:1368)
	at com.kms.katalon.core.webui.keyword.internal.WebUIAbstractKeyword.findWebElement(WebUIAbstractKeyword.groovy:27)
	at com.kms.katalon.core.webui.keyword.builtin.ClickKeyword$_click_closure1.doCall(ClickKeyword.groovy:65)
	at com.kms.katalon.core.webui.keyword.builtin.ClickKeyword$_click_closure1.call(ClickKeyword.groovy)
	at com.kms.katalon.core.webui.keyword.internal.WebUIKeywordMain.runKeyword(WebUIKeywordMain.groovy:20)
	at com.kms.katalon.core.webui.keyword.builtin.ClickKeyword.click(ClickKeyword.groovy:74)
	at com.kms.katalon.core.webui.keyword.builtin.ClickKeyword.execute(ClickKeyword.groovy:40)
	at com.kms.katalon.core.keyword.internal.KeywordExecutor.executeKeywordForPlatform(KeywordExecutor.groovy:74)
	at com.kms.katalon.core.webui.keyword.WebUiBuiltInKeywords.click(WebUiBuiltInKeywords.groovy:620)
	at com.kms.katalon.core.webui.keyword.WebUiBuiltInKeywords$click$1.call(Unknown Source)
	at Script1641912259908.run(Script1641912259908.groovy:38)
	... 13 more
)

2022-01-14 18:34:50 - [MESSAGE][INFO] - Unable to find the element located by 'By.xpath: //div[@id='linkusers']/div/div[2]/div[2]/ul/li[3]/a'. Please recheck the objects properties to make sure the desired element is located. 

2022-01-14 18:34:51 - [MESSAGE][FAILED] - Unable to click on object 'Object Repository/Page_Group10 Administration Search/a_Add a new user' (Root cause: com.kms.katalon.core.exception.StepFailedException: Unable to click on object 'Object Repository/Page_Group10 Administration Search/a_Add a new user'
	at com.kms.katalon.core.webui.keyword.internal.WebUIKeywordMain.stepFailed(WebUIKeywordMain.groovy:64)
	at com.kms.katalon.core.webui.keyword.internal.WebUIKeywordMain.runKeyword(WebUIKeywordMain.groovy:26)
	at com.kms.katalon.core.webui.keyword.builtin.ClickKeyword.click(ClickKeyword.groovy:74)
	at com.kms.katalon.core.webui.keyword.builtin.ClickKeyword.execute(ClickKeyword.groovy:40)
	at com.kms.katalon.core.keyword.internal.KeywordExecutor.executeKeywordForPlatform(KeywordExecutor.groovy:74)
	at com.kms.katalon.core.webui.keyword.WebUiBuiltInKeywords.click(WebUiBuiltInKeywords.groovy:620)
	at com.kms.katalon.core.webui.keyword.WebUiBuiltInKeywords$click$1.call(Unknown Source)
	at Create Course creator.run(Create Course creator:38)
	at com.kms.katalon.core.main.ScriptEngine.run(ScriptEngine.java:194)
	at com.kms.katalon.core.main.ScriptEngine.runScriptAsRawText(ScriptEngine.java:119)
	at com.kms.katalon.core.main.TestCaseExecutor.runScript(TestCaseExecutor.java:442)
	at com.kms.katalon.core.main.TestCaseExecutor.doExecute(TestCaseExecutor.java:433)
	at com.kms.katalon.core.main.TestCaseExecutor.processExecutionPhase(TestCaseExecutor.java:412)
	at com.kms.katalon.core.main.TestCaseExecutor.accessMainPhase(TestCaseExecutor.java:404)
	at com.kms.katalon.core.main.TestCaseExecutor.execute(TestCaseExecutor.java:281)
	at com.kms.katalon.core.main.TestSuiteExecutor.accessTestCaseMainPhase(TestSuiteExecutor.java:202)
	at com.kms.katalon.core.main.TestSuiteExecutor.accessTestSuiteMainPhase(TestSuiteExecutor.java:164)
	at com.kms.katalon.core.main.TestSuiteExecutor.execute(TestSuiteExecutor.java:105)
	at com.kms.katalon.core.main.TestCaseMain.startTestSuite(TestCaseMain.java:181)
	at com.kms.katalon.core.main.TestCaseMain$startTestSuite$0.call(Unknown Source)
	at TempTestSuite1642159997020.run(TempTestSuite1642159997020.groovy:36)
Caused by: com.kms.katalon.core.webui.exception.WebElementNotFoundException: Web element with id: 'Object Repository/Page_Group10 Administration Search/a_Add a new user' located by '//div[@id='linkusers']/div/div[2]/div[2]/ul/li[3]/a' not found
	at com.kms.katalon.core.webui.common.WebUiCommonHelper.findWebElement(WebUiCommonHelper.java:1368)
	at com.kms.katalon.core.webui.keyword.internal.WebUIAbstractKeyword.findWebElement(WebUIAbstractKeyword.groovy:27)
	at com.kms.katalon.core.webui.keyword.builtin.ClickKeyword$_click_closure1.doCall(ClickKeyword.groovy:65)
	at com.kms.katalon.core.webui.keyword.builtin.ClickKeyword$_click_closure1.call(ClickKeyword.groovy)
	at com.kms.katalon.core.webui.keyword.internal.WebUIKeywordMain.runKeyword(WebUIKeywordMain.groovy:20)
	at com.kms.katalon.core.webui.keyword.builtin.ClickKeyword.click(ClickKeyword.groovy:74)
	at com.kms.katalon.core.webui.keyword.builtin.ClickKeyword.execute(ClickKeyword.groovy:40)
	at com.kms.katalon.core.keyword.internal.KeywordExecutor.executeKeywordForPlatform(KeywordExecutor.groovy:74)
	at com.kms.katalon.core.webui.keyword.WebUiBuiltInKeywords.click(WebUiBuiltInKeywords.groovy:620)
	at com.kms.katalon.core.webui.keyword.WebUiBuiltInKeywords$click$1.call(Unknown Source)
	at Script1641912259908.run(Script1641912259908.groovy:38)
	... 13 more
)
[[ATTACHMENT|D:\\TestAutomation-SEBonus-Group10\\Test Automation - SE Bonus\\Reports\\20220114_183317\\Run all test cases\\20220114_183317\\1642160090940.png]]]]></system-out>
         <system-err><![CDATA[2022-01-14 18:34:08 - [TEST_CASE][FAILED] - Test Cases/Create Course creator: Test Cases/Create Course creator FAILED.
Reason:
com.kms.katalon.core.exception.StepFailedException: Unable to click on object 'Object Repository/Page_Group10 Administration Search/a_Add a new user'
	at com.kms.katalon.core.webui.keyword.internal.WebUIKeywordMain.stepFailed(WebUIKeywordMain.groovy:64)
	at com.kms.katalon.core.webui.keyword.internal.WebUIKeywordMain.runKeyword(WebUIKeywordMain.groovy:26)
	at com.kms.katalon.core.webui.keyword.builtin.ClickKeyword.click(ClickKeyword.groovy:74)
	at com.kms.katalon.core.webui.keyword.builtin.ClickKeyword.execute(ClickKeyword.groovy:40)
	at com.kms.katalon.core.keyword.internal.KeywordExecutor.executeKeywordForPlatform(KeywordExecutor.groovy:74)
	at com.kms.katalon.core.webui.keyword.WebUiBuiltInKeywords.click(WebUiBuiltInKeywords.groovy:620)
	at com.kms.katalon.core.webui.keyword.WebUiBuiltInKeywords$click$1.call(Unknown Source)
	at Create Course creator.run(Create Course creator:38)
	at com.kms.katalon.core.main.ScriptEngine.run(ScriptEngine.java:194)
	at com.kms.katalon.core.main.ScriptEngine.runScriptAsRawText(ScriptEngine.java:119)
	at com.kms.katalon.core.main.TestCaseExecutor.runScript(TestCaseExecutor.java:442)
	at com.kms.katalon.core.main.TestCaseExecutor.doExecute(TestCaseExecutor.java:433)
	at com.kms.katalon.core.main.TestCaseExecutor.processExecutionPhase(TestCaseExecutor.java:412)
	at com.kms.katalon.core.main.TestCaseExecutor.accessMainPhase(TestCaseExecutor.java:404)
	at com.kms.katalon.core.main.TestCaseExecutor.execute(TestCaseExecutor.java:281)
	at com.kms.katalon.core.main.TestSuiteExecutor.accessTestCaseMainPhase(TestSuiteExecutor.java:202)
	at com.kms.katalon.core.main.TestSuiteExecutor.accessTestSuiteMainPhase(TestSuiteExecutor.java:164)
	at com.kms.katalon.core.main.TestSuiteExecutor.execute(TestSuiteExecutor.java:105)
	at com.kms.katalon.core.main.TestCaseMain.startTestSuite(TestCaseMain.java:181)
	at com.kms.katalon.core.main.TestCaseMain$startTestSuite$0.call(Unknown Source)
	at TempTestSuite1642159997020.run(TempTestSuite1642159997020.groovy:36)
Caused by: com.kms.katalon.core.webui.exception.WebElementNotFoundException: Web element with id: 'Object Repository/Page_Group10 Administration Search/a_Add a new user' located by '//div[@id='linkusers']/div/div[2]/div[2]/ul/li[3]/a' not found
	at com.kms.katalon.core.webui.common.WebUiCommonHelper.findWebElement(WebUiCommonHelper.java:1368)
	at com.kms.katalon.core.webui.keyword.internal.WebUIAbstractKeyword.findWebElement(WebUIAbstractKeyword.groovy:27)
	at com.kms.katalon.core.webui.keyword.builtin.ClickKeyword$_click_closure1.doCall(ClickKeyword.groovy:65)
	at com.kms.katalon.core.webui.keyword.builtin.ClickKeyword$_click_closure1.call(ClickKeyword.groovy)
	at com.kms.katalon.core.webui.keyword.internal.WebUIKeywordMain.runKeyword(WebUIKeywordMain.groovy:20)
	... 19 more]]></system-err>
      </testcase>
      <testcase name="Test Cases/Create Teacher" time="43.053" classname="Test Cases/Create Teacher" status="FAILED">
         <failure type="FAILED" message="Test Cases/Create Teacher FAILED.
Reason:
com.kms.katalon.core.exception.StepFailedException: Unable to click on object 'Object Repository/Page_Group10 Administration Search/a_Add a new user'
	at com.kms.katalon.core.webui.keyword.internal.WebUIKeywordMain.stepFailed(WebUIKeywordMain.groovy:64)
	at com.kms.katalon.core.webui.keyword.internal.WebUIKeywordMain.runKeyword(WebUIKeywordMain.groovy:26)
	at com.kms.katalon.core.webui.keyword.builtin.ClickKeyword.click(ClickKeyword.groovy:74)
	at com.kms.katalon.core.webui.keyword.builtin.ClickKeyword.execute(ClickKeyword.groovy:40)
	at com.kms.katalon.core.keyword.internal.KeywordExecutor.executeKeywordForPlatform(KeywordExecutor.groovy:74)
	at com.kms.katalon.core.webui.keyword.WebUiBuiltInKeywords.click(WebUiBuiltInKeywords.groovy:620)
	at com.kms.katalon.core.webui.keyword.WebUiBuiltInKeywords$click$1.call(Unknown Source)
	at Create Teacher.run(Create Teacher:36)
	at com.kms.katalon.core.main.ScriptEngine.run(ScriptEngine.java:194)
	at com.kms.katalon.core.main.ScriptEngine.runScriptAsRawText(ScriptEngine.java:119)
	at com.kms.katalon.core.main.TestCaseExecutor.runScript(TestCaseExecutor.java:442)
	at com.kms.katalon.core.main.TestCaseExecutor.doExecute(TestCaseExecutor.java:433)
	at com.kms.katalon.core.main.TestCaseExecutor.processExecutionPhase(TestCaseExecutor.java:412)
	at com.kms.katalon.core.main.TestCaseExecutor.accessMainPhase(TestCaseExecutor.java:404)
	at com.kms.katalon.core.main.TestCaseExecutor.execute(TestCaseExecutor.java:281)
	at com.kms.katalon.core.main.TestSuiteExecutor.accessTestCaseMainPhase(TestSuiteExecutor.java:202)
	at com.kms.katalon.core.main.TestSuiteExecutor.accessTestSuiteMainPhase(TestSuiteExecutor.java:164)
	at com.kms.katalon.core.main.TestSuiteExecutor.execute(TestSuiteExecutor.java:105)
	at com.kms.katalon.core.main.TestCaseMain.startTestSuite(TestCaseMain.java:181)
	at com.kms.katalon.core.main.TestCaseMain$startTestSuite$0.call(Unknown Source)
	at TempTestSuite1642159997020.run(TempTestSuite1642159997020.groovy:36)
Caused by: com.kms.katalon.core.webui.exception.WebElementNotFoundException: Web element with id: 'Object Repository/Page_Group10 Administration Search/a_Add a new user' located by '//div[@id='linkusers']/div/div[2]/div[2]/ul/li[3]/a' not found
	at com.kms.katalon.core.webui.common.WebUiCommonHelper.findWebElement(WebUiCommonHelper.java:1368)
	at com.kms.katalon.core.webui.keyword.internal.WebUIAbstractKeyword.findWebElement(WebUIAbstractKeyword.groovy:27)
	at com.kms.katalon.core.webui.keyword.builtin.ClickKeyword$_click_closure1.doCall(ClickKeyword.groovy:65)
	at com.kms.katalon.core.webui.keyword.builtin.ClickKeyword$_click_closure1.call(ClickKeyword.groovy)
	at com.kms.katalon.core.webui.keyword.internal.WebUIKeywordMain.runKeyword(WebUIKeywordMain.groovy:20)
	... 19 more
"/>
         <system-out><![CDATA[2022-01-14 18:34:51 - [TEST_CASE][FAILED] - Test Cases/Create Teacher: Test Cases/Create Teacher FAILED.
Reason:
com.kms.katalon.core.exception.StepFailedException: Unable to click on object 'Object Repository/Page_Group10 Administration Search/a_Add a new user'
	at com.kms.katalon.core.webui.keyword.internal.WebUIKeywordMain.stepFailed(WebUIKeywordMain.groovy:64)
	at com.kms.katalon.core.webui.keyword.internal.WebUIKeywordMain.runKeyword(WebUIKeywordMain.groovy:26)
	at com.kms.katalon.core.webui.keyword.builtin.ClickKeyword.click(ClickKeyword.groovy:74)
	at com.kms.katalon.core.webui.keyword.builtin.ClickKeyword.execute(ClickKeyword.groovy:40)
	at com.kms.katalon.core.keyword.internal.KeywordExecutor.executeKeywordForPlatform(KeywordExecutor.groovy:74)
	at com.kms.katalon.core.webui.keyword.WebUiBuiltInKeywords.click(WebUiBuiltInKeywords.groovy:620)
	at com.kms.katalon.core.webui.keyword.WebUiBuiltInKeywords$click$1.call(Unknown Source)
	at Create Teacher.run(Create Teacher:36)
	at com.kms.katalon.core.main.ScriptEngine.run(ScriptEngine.java:194)
	at com.kms.katalon.core.main.ScriptEngine.runScriptAsRawText(ScriptEngine.java:119)
	at com.kms.katalon.core.main.TestCaseExecutor.runScript(TestCaseExecutor.java:442)
	at com.kms.katalon.core.main.TestCaseExecutor.doExecute(TestCaseExecutor.java:433)
	at com.kms.katalon.core.main.TestCaseExecutor.processExecutionPhase(TestCaseExecutor.java:412)
	at com.kms.katalon.core.main.TestCaseExecutor.accessMainPhase(TestCaseExecutor.java:404)
	at com.kms.katalon.core.main.TestCaseExecutor.execute(TestCaseExecutor.java:281)
	at com.kms.katalon.core.main.TestSuiteExecutor.accessTestCaseMainPhase(TestSuiteExecutor.java:202)
	at com.kms.katalon.core.main.TestSuiteExecutor.accessTestSuiteMainPhase(TestSuiteExecutor.java:164)
	at com.kms.katalon.core.main.TestSuiteExecutor.execute(TestSuiteExecutor.java:105)
	at com.kms.katalon.core.main.TestCaseMain.startTestSuite(TestCaseMain.java:181)
	at com.kms.katalon.core.main.TestCaseMain$startTestSuite$0.call(Unknown Source)
	at TempTestSuite1642159997020.run(TempTestSuite1642159997020.groovy:36)
Caused by: com.kms.katalon.core.webui.exception.WebElementNotFoundException: Web element with id: 'Object Repository/Page_Group10 Administration Search/a_Add a new user' located by '//div[@id='linkusers']/div/div[2]/div[2]/ul/li[3]/a' not found
	at com.kms.katalon.core.webui.common.WebUiCommonHelper.findWebElement(WebUiCommonHelper.java:1368)
	at com.kms.katalon.core.webui.keyword.internal.WebUIAbstractKeyword.findWebElement(WebUIAbstractKeyword.groovy:27)
	at com.kms.katalon.core.webui.keyword.builtin.ClickKeyword$_click_closure1.doCall(ClickKeyword.groovy:65)
	at com.kms.katalon.core.webui.keyword.builtin.ClickKeyword$_click_closure1.call(ClickKeyword.groovy)
	at com.kms.katalon.core.webui.keyword.internal.WebUIKeywordMain.runKeyword(WebUIKeywordMain.groovy:20)
	... 19 more


2022-01-14 18:34:51 - [TEST_STEP][PASSED] - openBrowser(""): Browser is opened with url: ''

2022-01-14 18:34:51 - [MESSAGE][WARNING] - A browser is already opened. Closing browser and opening a new one

2022-01-14 18:34:52 - [MESSAGE][INFO] - Starting 'Edge Chromium' driver

2022-01-14 18:34:54 - [MESSAGE][INFO] - Action delay is set to 0 milliseconds

2022-01-14 18:34:55 - [MESSAGE][PASSED] - Browser is opened with url: ''

2022-01-14 18:34:55 - [TEST_STEP][PASSED] - navigateToUrl("http://localhost/"): Navigate to 'http://localhost/' successfully

2022-01-14 18:34:56 - [MESSAGE][PASSED] - Navigate to 'http://localhost/' successfully

2022-01-14 18:34:56 - [TEST_STEP][PASSED] - click(findTestObject("Object Repository/Page_Home page/a_Log in")): Object: 'Object Repository/Page_Home page/a_Log in' is clicked on

2022-01-14 18:34:57 - [MESSAGE][PASSED] - Object: 'Object Repository/Page_Home page/a_Log in' is clicked on

2022-01-14 18:34:57 - [TEST_STEP][PASSED] - setText(findTestObject("Object Repository/Page_Home page Log in to the site/input_Username_username"), "admin"): Text 'admin' is set on object 'Object Repository/Page_Home page Log in to the site/input_Username_username'

2022-01-14 18:34:57 - [MESSAGE][PASSED] - Text 'admin' is set on object 'Object Repository/Page_Home page Log in to the site/input_Username_username'

2022-01-14 18:34:57 - [TEST_STEP][PASSED] - setEncryptedText(findTestObject("Page_Home page Log in to the site/input_Password_password (1)"), "OFhcon1PzObx3ErJAwGfGA=="): Text ****** has been set on object 'Object Repository/Page_Home page Log in to the site/input_Password_password (1)'

2022-01-14 18:34:58 - [MESSAGE][PASSED] - Text ****** has been set on object 'Object Repository/Page_Home page Log in to the site/input_Password_password (1)'

2022-01-14 18:34:58 - [TEST_STEP][PASSED] - click(findTestObject("Object Repository/Page_Home page Log in to the site/button_Log in")): Object: 'Object Repository/Page_Home page Log in to the site/button_Log in' is clicked on

2022-01-14 18:34:59 - [MESSAGE][PASSED] - Object: 'Object Repository/Page_Home page Log in to the site/button_Log in' is clicked on

2022-01-14 18:34:59 - [TEST_STEP][PASSED] - click(findTestObject("Object Repository/Page_Dashboard/a_Site administration")): Object: 'Object Repository/Page_Dashboard/a_Site administration' is clicked on

2022-01-14 18:35:02 - [MESSAGE][PASSED] - Object: 'Object Repository/Page_Dashboard/a_Site administration' is clicked on

2022-01-14 18:35:02 - [TEST_STEP][PASSED] - click(findTestObject("Object Repository/Page_Group10 Administration Search/a_Users")): Object: 'Object Repository/Page_Group10 Administration Search/a_Users' is clicked on

2022-01-14 18:35:02 - [MESSAGE][PASSED] - Object: 'Object Repository/Page_Group10 Administration Search/a_Users' is clicked on

2022-01-14 18:35:02 - [TEST_STEP][FAILED] - click(findTestObject("Object Repository/Page_Group10 Administration Search/a_Add a new user")): Unable to click on object 'Object Repository/Page_Group10 Administration Search/a_Add a new user' (Root cause: com.kms.katalon.core.exception.StepFailedException: Unable to click on object 'Object Repository/Page_Group10 Administration Search/a_Add a new user'
	at com.kms.katalon.core.webui.keyword.internal.WebUIKeywordMain.stepFailed(WebUIKeywordMain.groovy:64)
	at com.kms.katalon.core.webui.keyword.internal.WebUIKeywordMain.runKeyword(WebUIKeywordMain.groovy:26)
	at com.kms.katalon.core.webui.keyword.builtin.ClickKeyword.click(ClickKeyword.groovy:74)
	at com.kms.katalon.core.webui.keyword.builtin.ClickKeyword.execute(ClickKeyword.groovy:40)
	at com.kms.katalon.core.keyword.internal.KeywordExecutor.executeKeywordForPlatform(KeywordExecutor.groovy:74)
	at com.kms.katalon.core.webui.keyword.WebUiBuiltInKeywords.click(WebUiBuiltInKeywords.groovy:620)
	at com.kms.katalon.core.webui.keyword.WebUiBuiltInKeywords$click$1.call(Unknown Source)
	at Create Teacher.run(Create Teacher:36)
	at com.kms.katalon.core.main.ScriptEngine.run(ScriptEngine.java:194)
	at com.kms.katalon.core.main.ScriptEngine.runScriptAsRawText(ScriptEngine.java:119)
	at com.kms.katalon.core.main.TestCaseExecutor.runScript(TestCaseExecutor.java:442)
	at com.kms.katalon.core.main.TestCaseExecutor.doExecute(TestCaseExecutor.java:433)
	at com.kms.katalon.core.main.TestCaseExecutor.processExecutionPhase(TestCaseExecutor.java:412)
	at com.kms.katalon.core.main.TestCaseExecutor.accessMainPhase(TestCaseExecutor.java:404)
	at com.kms.katalon.core.main.TestCaseExecutor.execute(TestCaseExecutor.java:281)
	at com.kms.katalon.core.main.TestSuiteExecutor.accessTestCaseMainPhase(TestSuiteExecutor.java:202)
	at com.kms.katalon.core.main.TestSuiteExecutor.accessTestSuiteMainPhase(TestSuiteExecutor.java:164)
	at com.kms.katalon.core.main.TestSuiteExecutor.execute(TestSuiteExecutor.java:105)
	at com.kms.katalon.core.main.TestCaseMain.startTestSuite(TestCaseMain.java:181)
	at com.kms.katalon.core.main.TestCaseMain$startTestSuite$0.call(Unknown Source)
	at TempTestSuite1642159997020.run(TempTestSuite1642159997020.groovy:36)
Caused by: com.kms.katalon.core.webui.exception.WebElementNotFoundException: Web element with id: 'Object Repository/Page_Group10 Administration Search/a_Add a new user' located by '//div[@id='linkusers']/div/div[2]/div[2]/ul/li[3]/a' not found
	at com.kms.katalon.core.webui.common.WebUiCommonHelper.findWebElement(WebUiCommonHelper.java:1368)
	at com.kms.katalon.core.webui.keyword.internal.WebUIAbstractKeyword.findWebElement(WebUIAbstractKeyword.groovy:27)
	at com.kms.katalon.core.webui.keyword.builtin.ClickKeyword$_click_closure1.doCall(ClickKeyword.groovy:65)
	at com.kms.katalon.core.webui.keyword.builtin.ClickKeyword$_click_closure1.call(ClickKeyword.groovy)
	at com.kms.katalon.core.webui.keyword.internal.WebUIKeywordMain.runKeyword(WebUIKeywordMain.groovy:20)
	at com.kms.katalon.core.webui.keyword.builtin.ClickKeyword.click(ClickKeyword.groovy:74)
	at com.kms.katalon.core.webui.keyword.builtin.ClickKeyword.execute(ClickKeyword.groovy:40)
	at com.kms.katalon.core.keyword.internal.KeywordExecutor.executeKeywordForPlatform(KeywordExecutor.groovy:74)
	at com.kms.katalon.core.webui.keyword.WebUiBuiltInKeywords.click(WebUiBuiltInKeywords.groovy:620)
	at com.kms.katalon.core.webui.keyword.WebUiBuiltInKeywords$click$1.call(Unknown Source)
	at Script1641912426147.run(Script1641912426147.groovy:36)
	... 13 more
)

2022-01-14 18:35:34 - [MESSAGE][INFO] - Unable to find the element located by 'By.xpath: //div[@id='linkusers']/div/div[2]/div[2]/ul/li[3]/a'. Please recheck the objects properties to make sure the desired element is located. 

2022-01-14 18:35:34 - [MESSAGE][FAILED] - Unable to click on object 'Object Repository/Page_Group10 Administration Search/a_Add a new user' (Root cause: com.kms.katalon.core.exception.StepFailedException: Unable to click on object 'Object Repository/Page_Group10 Administration Search/a_Add a new user'
	at com.kms.katalon.core.webui.keyword.internal.WebUIKeywordMain.stepFailed(WebUIKeywordMain.groovy:64)
	at com.kms.katalon.core.webui.keyword.internal.WebUIKeywordMain.runKeyword(WebUIKeywordMain.groovy:26)
	at com.kms.katalon.core.webui.keyword.builtin.ClickKeyword.click(ClickKeyword.groovy:74)
	at com.kms.katalon.core.webui.keyword.builtin.ClickKeyword.execute(ClickKeyword.groovy:40)
	at com.kms.katalon.core.keyword.internal.KeywordExecutor.executeKeywordForPlatform(KeywordExecutor.groovy:74)
	at com.kms.katalon.core.webui.keyword.WebUiBuiltInKeywords.click(WebUiBuiltInKeywords.groovy:620)
	at com.kms.katalon.core.webui.keyword.WebUiBuiltInKeywords$click$1.call(Unknown Source)
	at Create Teacher.run(Create Teacher:36)
	at com.kms.katalon.core.main.ScriptEngine.run(ScriptEngine.java:194)
	at com.kms.katalon.core.main.ScriptEngine.runScriptAsRawText(ScriptEngine.java:119)
	at com.kms.katalon.core.main.TestCaseExecutor.runScript(TestCaseExecutor.java:442)
	at com.kms.katalon.core.main.TestCaseExecutor.doExecute(TestCaseExecutor.java:433)
	at com.kms.katalon.core.main.TestCaseExecutor.processExecutionPhase(TestCaseExecutor.java:412)
	at com.kms.katalon.core.main.TestCaseExecutor.accessMainPhase(TestCaseExecutor.java:404)
	at com.kms.katalon.core.main.TestCaseExecutor.execute(TestCaseExecutor.java:281)
	at com.kms.katalon.core.main.TestSuiteExecutor.accessTestCaseMainPhase(TestSuiteExecutor.java:202)
	at com.kms.katalon.core.main.TestSuiteExecutor.accessTestSuiteMainPhase(TestSuiteExecutor.java:164)
	at com.kms.katalon.core.main.TestSuiteExecutor.execute(TestSuiteExecutor.java:105)
	at com.kms.katalon.core.main.TestCaseMain.startTestSuite(TestCaseMain.java:181)
	at com.kms.katalon.core.main.TestCaseMain$startTestSuite$0.call(Unknown Source)
	at TempTestSuite1642159997020.run(TempTestSuite1642159997020.groovy:36)
Caused by: com.kms.katalon.core.webui.exception.WebElementNotFoundException: Web element with id: 'Object Repository/Page_Group10 Administration Search/a_Add a new user' located by '//div[@id='linkusers']/div/div[2]/div[2]/ul/li[3]/a' not found
	at com.kms.katalon.core.webui.common.WebUiCommonHelper.findWebElement(WebUiCommonHelper.java:1368)
	at com.kms.katalon.core.webui.keyword.internal.WebUIAbstractKeyword.findWebElement(WebUIAbstractKeyword.groovy:27)
	at com.kms.katalon.core.webui.keyword.builtin.ClickKeyword$_click_closure1.doCall(ClickKeyword.groovy:65)
	at com.kms.katalon.core.webui.keyword.builtin.ClickKeyword$_click_closure1.call(ClickKeyword.groovy)
	at com.kms.katalon.core.webui.keyword.internal.WebUIKeywordMain.runKeyword(WebUIKeywordMain.groovy:20)
	at com.kms.katalon.core.webui.keyword.builtin.ClickKeyword.click(ClickKeyword.groovy:74)
	at com.kms.katalon.core.webui.keyword.builtin.ClickKeyword.execute(ClickKeyword.groovy:40)
	at com.kms.katalon.core.keyword.internal.KeywordExecutor.executeKeywordForPlatform(KeywordExecutor.groovy:74)
	at com.kms.katalon.core.webui.keyword.WebUiBuiltInKeywords.click(WebUiBuiltInKeywords.groovy:620)
	at com.kms.katalon.core.webui.keyword.WebUiBuiltInKeywords$click$1.call(Unknown Source)
	at Script1641912426147.run(Script1641912426147.groovy:36)
	... 13 more
)
[[ATTACHMENT|D:\\TestAutomation-SEBonus-Group10\\Test Automation - SE Bonus\\Reports\\20220114_183317\\Run all test cases\\20220114_183317\\1642160134019.png]]]]></system-out>
         <system-err><![CDATA[2022-01-14 18:34:51 - [TEST_CASE][FAILED] - Test Cases/Create Teacher: Test Cases/Create Teacher FAILED.
Reason:
com.kms.katalon.core.exception.StepFailedException: Unable to click on object 'Object Repository/Page_Group10 Administration Search/a_Add a new user'
	at com.kms.katalon.core.webui.keyword.internal.WebUIKeywordMain.stepFailed(WebUIKeywordMain.groovy:64)
	at com.kms.katalon.core.webui.keyword.internal.WebUIKeywordMain.runKeyword(WebUIKeywordMain.groovy:26)
	at com.kms.katalon.core.webui.keyword.builtin.ClickKeyword.click(ClickKeyword.groovy:74)
	at com.kms.katalon.core.webui.keyword.builtin.ClickKeyword.execute(ClickKeyword.groovy:40)
	at com.kms.katalon.core.keyword.internal.KeywordExecutor.executeKeywordForPlatform(KeywordExecutor.groovy:74)
	at com.kms.katalon.core.webui.keyword.WebUiBuiltInKeywords.click(WebUiBuiltInKeywords.groovy:620)
	at com.kms.katalon.core.webui.keyword.WebUiBuiltInKeywords$click$1.call(Unknown Source)
	at Create Teacher.run(Create Teacher:36)
	at com.kms.katalon.core.main.ScriptEngine.run(ScriptEngine.java:194)
	at com.kms.katalon.core.main.ScriptEngine.runScriptAsRawText(ScriptEngine.java:119)
	at com.kms.katalon.core.main.TestCaseExecutor.runScript(TestCaseExecutor.java:442)
	at com.kms.katalon.core.main.TestCaseExecutor.doExecute(TestCaseExecutor.java:433)
	at com.kms.katalon.core.main.TestCaseExecutor.processExecutionPhase(TestCaseExecutor.java:412)
	at com.kms.katalon.core.main.TestCaseExecutor.accessMainPhase(TestCaseExecutor.java:404)
	at com.kms.katalon.core.main.TestCaseExecutor.execute(TestCaseExecutor.java:281)
	at com.kms.katalon.core.main.TestSuiteExecutor.accessTestCaseMainPhase(TestSuiteExecutor.java:202)
	at com.kms.katalon.core.main.TestSuiteExecutor.accessTestSuiteMainPhase(TestSuiteExecutor.java:164)
	at com.kms.katalon.core.main.TestSuiteExecutor.execute(TestSuiteExecutor.java:105)
	at com.kms.katalon.core.main.TestCaseMain.startTestSuite(TestCaseMain.java:181)
	at com.kms.katalon.core.main.TestCaseMain$startTestSuite$0.call(Unknown Source)
	at TempTestSuite1642159997020.run(TempTestSuite1642159997020.groovy:36)
Caused by: com.kms.katalon.core.webui.exception.WebElementNotFoundException: Web element with id: 'Object Repository/Page_Group10 Administration Search/a_Add a new user' located by '//div[@id='linkusers']/div/div[2]/div[2]/ul/li[3]/a' not found
	at com.kms.katalon.core.webui.common.WebUiCommonHelper.findWebElement(WebUiCommonHelper.java:1368)
	at com.kms.katalon.core.webui.keyword.internal.WebUIAbstractKeyword.findWebElement(WebUIAbstractKeyword.groovy:27)
	at com.kms.katalon.core.webui.keyword.builtin.ClickKeyword$_click_closure1.doCall(ClickKeyword.groovy:65)
	at com.kms.katalon.core.webui.keyword.builtin.ClickKeyword$_click_closure1.call(ClickKeyword.groovy)
	at com.kms.katalon.core.webui.keyword.internal.WebUIKeywordMain.runKeyword(WebUIKeywordMain.groovy:20)
	... 19 more]]></system-err>
      </testcase>
      <testcase name="Test Cases/Create nonediting teacher" time="42.426" classname="Test Cases/Create nonediting teacher" status="FAILED">
         <failure type="FAILED" message="Test Cases/Create nonediting teacher FAILED.
Reason:
com.kms.katalon.core.exception.StepFailedException: Unable to click on object 'Object Repository/Page_Group10 Administration Search/a_Add a new user'
	at com.kms.katalon.core.webui.keyword.internal.WebUIKeywordMain.stepFailed(WebUIKeywordMain.groovy:64)
	at com.kms.katalon.core.webui.keyword.internal.WebUIKeywordMain.runKeyword(WebUIKeywordMain.groovy:26)
	at com.kms.katalon.core.webui.keyword.builtin.ClickKeyword.click(ClickKeyword.groovy:74)
	at com.kms.katalon.core.webui.keyword.builtin.ClickKeyword.execute(ClickKeyword.groovy:40)
	at com.kms.katalon.core.keyword.internal.KeywordExecutor.executeKeywordForPlatform(KeywordExecutor.groovy:74)
	at com.kms.katalon.core.webui.keyword.WebUiBuiltInKeywords.click(WebUiBuiltInKeywords.groovy:620)
	at com.kms.katalon.core.webui.keyword.WebUiBuiltInKeywords$click$1.call(Unknown Source)
	at Create nonediting teacher.run(Create nonediting teacher:36)
	at com.kms.katalon.core.main.ScriptEngine.run(ScriptEngine.java:194)
	at com.kms.katalon.core.main.ScriptEngine.runScriptAsRawText(ScriptEngine.java:119)
	at com.kms.katalon.core.main.TestCaseExecutor.runScript(TestCaseExecutor.java:442)
	at com.kms.katalon.core.main.TestCaseExecutor.doExecute(TestCaseExecutor.java:433)
	at com.kms.katalon.core.main.TestCaseExecutor.processExecutionPhase(TestCaseExecutor.java:412)
	at com.kms.katalon.core.main.TestCaseExecutor.accessMainPhase(TestCaseExecutor.java:404)
	at com.kms.katalon.core.main.TestCaseExecutor.execute(TestCaseExecutor.java:281)
	at com.kms.katalon.core.main.TestSuiteExecutor.accessTestCaseMainPhase(TestSuiteExecutor.java:202)
	at com.kms.katalon.core.main.TestSuiteExecutor.accessTestSuiteMainPhase(TestSuiteExecutor.java:164)
	at com.kms.katalon.core.main.TestSuiteExecutor.execute(TestSuiteExecutor.java:105)
	at com.kms.katalon.core.main.TestCaseMain.startTestSuite(TestCaseMain.java:181)
	at com.kms.katalon.core.main.TestCaseMain$startTestSuite$0.call(Unknown Source)
	at TempTestSuite1642159997020.run(TempTestSuite1642159997020.groovy:36)
Caused by: com.kms.katalon.core.webui.exception.WebElementNotFoundException: Web element with id: 'Object Repository/Page_Group10 Administration Search/a_Add a new user' located by '//div[@id='linkusers']/div/div[2]/div[2]/ul/li[3]/a' not found
	at com.kms.katalon.core.webui.common.WebUiCommonHelper.findWebElement(WebUiCommonHelper.java:1368)
	at com.kms.katalon.core.webui.keyword.internal.WebUIAbstractKeyword.findWebElement(WebUIAbstractKeyword.groovy:27)
	at com.kms.katalon.core.webui.keyword.builtin.ClickKeyword$_click_closure1.doCall(ClickKeyword.groovy:65)
	at com.kms.katalon.core.webui.keyword.builtin.ClickKeyword$_click_closure1.call(ClickKeyword.groovy)
	at com.kms.katalon.core.webui.keyword.internal.WebUIKeywordMain.runKeyword(WebUIKeywordMain.groovy:20)
	... 19 more
"/>
         <system-out><![CDATA[2022-01-14 18:35:34 - [TEST_CASE][FAILED] - Test Cases/Create nonediting teacher: Test Cases/Create nonediting teacher FAILED.
Reason:
com.kms.katalon.core.exception.StepFailedException: Unable to click on object 'Object Repository/Page_Group10 Administration Search/a_Add a new user'
	at com.kms.katalon.core.webui.keyword.internal.WebUIKeywordMain.stepFailed(WebUIKeywordMain.groovy:64)
	at com.kms.katalon.core.webui.keyword.internal.WebUIKeywordMain.runKeyword(WebUIKeywordMain.groovy:26)
	at com.kms.katalon.core.webui.keyword.builtin.ClickKeyword.click(ClickKeyword.groovy:74)
	at com.kms.katalon.core.webui.keyword.builtin.ClickKeyword.execute(ClickKeyword.groovy:40)
	at com.kms.katalon.core.keyword.internal.KeywordExecutor.executeKeywordForPlatform(KeywordExecutor.groovy:74)
	at com.kms.katalon.core.webui.keyword.WebUiBuiltInKeywords.click(WebUiBuiltInKeywords.groovy:620)
	at com.kms.katalon.core.webui.keyword.WebUiBuiltInKeywords$click$1.call(Unknown Source)
	at Create nonediting teacher.run(Create nonediting teacher:36)
	at com.kms.katalon.core.main.ScriptEngine.run(ScriptEngine.java:194)
	at com.kms.katalon.core.main.ScriptEngine.runScriptAsRawText(ScriptEngine.java:119)
	at com.kms.katalon.core.main.TestCaseExecutor.runScript(TestCaseExecutor.java:442)
	at com.kms.katalon.core.main.TestCaseExecutor.doExecute(TestCaseExecutor.java:433)
	at com.kms.katalon.core.main.TestCaseExecutor.processExecutionPhase(TestCaseExecutor.java:412)
	at com.kms.katalon.core.main.TestCaseExecutor.accessMainPhase(TestCaseExecutor.java:404)
	at com.kms.katalon.core.main.TestCaseExecutor.execute(TestCaseExecutor.java:281)
	at com.kms.katalon.core.main.TestSuiteExecutor.accessTestCaseMainPhase(TestSuiteExecutor.java:202)
	at com.kms.katalon.core.main.TestSuiteExecutor.accessTestSuiteMainPhase(TestSuiteExecutor.java:164)
	at com.kms.katalon.core.main.TestSuiteExecutor.execute(TestSuiteExecutor.java:105)
	at com.kms.katalon.core.main.TestCaseMain.startTestSuite(TestCaseMain.java:181)
	at com.kms.katalon.core.main.TestCaseMain$startTestSuite$0.call(Unknown Source)
	at TempTestSuite1642159997020.run(TempTestSuite1642159997020.groovy:36)
Caused by: com.kms.katalon.core.webui.exception.WebElementNotFoundException: Web element with id: 'Object Repository/Page_Group10 Administration Search/a_Add a new user' located by '//div[@id='linkusers']/div/div[2]/div[2]/ul/li[3]/a' not found
	at com.kms.katalon.core.webui.common.WebUiCommonHelper.findWebElement(WebUiCommonHelper.java:1368)
	at com.kms.katalon.core.webui.keyword.internal.WebUIAbstractKeyword.findWebElement(WebUIAbstractKeyword.groovy:27)
	at com.kms.katalon.core.webui.keyword.builtin.ClickKeyword$_click_closure1.doCall(ClickKeyword.groovy:65)
	at com.kms.katalon.core.webui.keyword.builtin.ClickKeyword$_click_closure1.call(ClickKeyword.groovy)
	at com.kms.katalon.core.webui.keyword.internal.WebUIKeywordMain.runKeyword(WebUIKeywordMain.groovy:20)
	... 19 more


2022-01-14 18:35:34 - [TEST_STEP][PASSED] - openBrowser(""): Browser is opened with url: ''

2022-01-14 18:35:34 - [MESSAGE][WARNING] - A browser is already opened. Closing browser and opening a new one

2022-01-14 18:35:35 - [MESSAGE][INFO] - Starting 'Edge Chromium' driver

2022-01-14 18:35:37 - [MESSAGE][INFO] - Action delay is set to 0 milliseconds

2022-01-14 18:35:38 - [MESSAGE][PASSED] - Browser is opened with url: ''

2022-01-14 18:35:38 - [TEST_STEP][PASSED] - navigateToUrl("http://localhost/"): Navigate to 'http://localhost/' successfully

2022-01-14 18:35:39 - [MESSAGE][PASSED] - Navigate to 'http://localhost/' successfully

2022-01-14 18:35:39 - [TEST_STEP][PASSED] - click(findTestObject("Object Repository/Page_Home page/a_Log in")): Object: 'Object Repository/Page_Home page/a_Log in' is clicked on

2022-01-14 18:35:40 - [MESSAGE][PASSED] - Object: 'Object Repository/Page_Home page/a_Log in' is clicked on

2022-01-14 18:35:40 - [TEST_STEP][PASSED] - setText(findTestObject("Object Repository/Page_Home page Log in to the site/input_Username_username"), "admin"): Text 'admin' is set on object 'Object Repository/Page_Home page Log in to the site/input_Username_username'

2022-01-14 18:35:40 - [MESSAGE][PASSED] - Text 'admin' is set on object 'Object Repository/Page_Home page Log in to the site/input_Username_username'

2022-01-14 18:35:40 - [TEST_STEP][PASSED] - setEncryptedText(findTestObject("Page_Home page Log in to the site/input_Password_password (1)"), "OFhcon1PzObx3ErJAwGfGA=="): Text ****** has been set on object 'Object Repository/Page_Home page Log in to the site/input_Password_password (1)'

2022-01-14 18:35:41 - [MESSAGE][PASSED] - Text ****** has been set on object 'Object Repository/Page_Home page Log in to the site/input_Password_password (1)'

2022-01-14 18:35:41 - [TEST_STEP][PASSED] - click(findTestObject("Object Repository/Page_Home page Log in to the site/button_Log in")): Object: 'Object Repository/Page_Home page Log in to the site/button_Log in' is clicked on

2022-01-14 18:35:42 - [MESSAGE][PASSED] - Object: 'Object Repository/Page_Home page Log in to the site/button_Log in' is clicked on

2022-01-14 18:35:42 - [TEST_STEP][PASSED] - click(findTestObject("Object Repository/Page_Dashboard/a_Site administration")): Object: 'Object Repository/Page_Dashboard/a_Site administration' is clicked on

2022-01-14 18:35:44 - [MESSAGE][PASSED] - Object: 'Object Repository/Page_Dashboard/a_Site administration' is clicked on

2022-01-14 18:35:44 - [TEST_STEP][PASSED] - click(findTestObject("Object Repository/Page_Group10 Administration Search/a_Users")): Object: 'Object Repository/Page_Group10 Administration Search/a_Users' is clicked on

2022-01-14 18:35:45 - [MESSAGE][PASSED] - Object: 'Object Repository/Page_Group10 Administration Search/a_Users' is clicked on

2022-01-14 18:35:45 - [TEST_STEP][FAILED] - click(findTestObject("Object Repository/Page_Group10 Administration Search/a_Add a new user")): Unable to click on object 'Object Repository/Page_Group10 Administration Search/a_Add a new user' (Root cause: com.kms.katalon.core.exception.StepFailedException: Unable to click on object 'Object Repository/Page_Group10 Administration Search/a_Add a new user'
	at com.kms.katalon.core.webui.keyword.internal.WebUIKeywordMain.stepFailed(WebUIKeywordMain.groovy:64)
	at com.kms.katalon.core.webui.keyword.internal.WebUIKeywordMain.runKeyword(WebUIKeywordMain.groovy:26)
	at com.kms.katalon.core.webui.keyword.builtin.ClickKeyword.click(ClickKeyword.groovy:74)
	at com.kms.katalon.core.webui.keyword.builtin.ClickKeyword.execute(ClickKeyword.groovy:40)
	at com.kms.katalon.core.keyword.internal.KeywordExecutor.executeKeywordForPlatform(KeywordExecutor.groovy:74)
	at com.kms.katalon.core.webui.keyword.WebUiBuiltInKeywords.click(WebUiBuiltInKeywords.groovy:620)
	at com.kms.katalon.core.webui.keyword.WebUiBuiltInKeywords$click$1.call(Unknown Source)
	at Create nonediting teacher.run(Create nonediting teacher:36)
	at com.kms.katalon.core.main.ScriptEngine.run(ScriptEngine.java:194)
	at com.kms.katalon.core.main.ScriptEngine.runScriptAsRawText(ScriptEngine.java:119)
	at com.kms.katalon.core.main.TestCaseExecutor.runScript(TestCaseExecutor.java:442)
	at com.kms.katalon.core.main.TestCaseExecutor.doExecute(TestCaseExecutor.java:433)
	at com.kms.katalon.core.main.TestCaseExecutor.processExecutionPhase(TestCaseExecutor.java:412)
	at com.kms.katalon.core.main.TestCaseExecutor.accessMainPhase(TestCaseExecutor.java:404)
	at com.kms.katalon.core.main.TestCaseExecutor.execute(TestCaseExecutor.java:281)
	at com.kms.katalon.core.main.TestSuiteExecutor.accessTestCaseMainPhase(TestSuiteExecutor.java:202)
	at com.kms.katalon.core.main.TestSuiteExecutor.accessTestSuiteMainPhase(TestSuiteExecutor.java:164)
	at com.kms.katalon.core.main.TestSuiteExecutor.execute(TestSuiteExecutor.java:105)
	at com.kms.katalon.core.main.TestCaseMain.startTestSuite(TestCaseMain.java:181)
	at com.kms.katalon.core.main.TestCaseMain$startTestSuite$0.call(Unknown Source)
	at TempTestSuite1642159997020.run(TempTestSuite1642159997020.groovy:36)
Caused by: com.kms.katalon.core.webui.exception.WebElementNotFoundException: Web element with id: 'Object Repository/Page_Group10 Administration Search/a_Add a new user' located by '//div[@id='linkusers']/div/div[2]/div[2]/ul/li[3]/a' not found
	at com.kms.katalon.core.webui.common.WebUiCommonHelper.findWebElement(WebUiCommonHelper.java:1368)
	at com.kms.katalon.core.webui.keyword.internal.WebUIAbstractKeyword.findWebElement(WebUIAbstractKeyword.groovy:27)
	at com.kms.katalon.core.webui.keyword.builtin.ClickKeyword$_click_closure1.doCall(ClickKeyword.groovy:65)
	at com.kms.katalon.core.webui.keyword.builtin.ClickKeyword$_click_closure1.call(ClickKeyword.groovy)
	at com.kms.katalon.core.webui.keyword.internal.WebUIKeywordMain.runKeyword(WebUIKeywordMain.groovy:20)
	at com.kms.katalon.core.webui.keyword.builtin.ClickKeyword.click(ClickKeyword.groovy:74)
	at com.kms.katalon.core.webui.keyword.builtin.ClickKeyword.execute(ClickKeyword.groovy:40)
	at com.kms.katalon.core.keyword.internal.KeywordExecutor.executeKeywordForPlatform(KeywordExecutor.groovy:74)
	at com.kms.katalon.core.webui.keyword.WebUiBuiltInKeywords.click(WebUiBuiltInKeywords.groovy:620)
	at com.kms.katalon.core.webui.keyword.WebUiBuiltInKeywords$click$1.call(Unknown Source)
	at Script1642153970428.run(Script1642153970428.groovy:36)
	... 13 more
)

2022-01-14 18:36:16 - [MESSAGE][INFO] - Unable to find the element located by 'By.xpath: //div[@id='linkusers']/div/div[2]/div[2]/ul/li[3]/a'. Please recheck the objects properties to make sure the desired element is located. 

2022-01-14 18:36:16 - [MESSAGE][FAILED] - Unable to click on object 'Object Repository/Page_Group10 Administration Search/a_Add a new user' (Root cause: com.kms.katalon.core.exception.StepFailedException: Unable to click on object 'Object Repository/Page_Group10 Administration Search/a_Add a new user'
	at com.kms.katalon.core.webui.keyword.internal.WebUIKeywordMain.stepFailed(WebUIKeywordMain.groovy:64)
	at com.kms.katalon.core.webui.keyword.internal.WebUIKeywordMain.runKeyword(WebUIKeywordMain.groovy:26)
	at com.kms.katalon.core.webui.keyword.builtin.ClickKeyword.click(ClickKeyword.groovy:74)
	at com.kms.katalon.core.webui.keyword.builtin.ClickKeyword.execute(ClickKeyword.groovy:40)
	at com.kms.katalon.core.keyword.internal.KeywordExecutor.executeKeywordForPlatform(KeywordExecutor.groovy:74)
	at com.kms.katalon.core.webui.keyword.WebUiBuiltInKeywords.click(WebUiBuiltInKeywords.groovy:620)
	at com.kms.katalon.core.webui.keyword.WebUiBuiltInKeywords$click$1.call(Unknown Source)
	at Create nonediting teacher.run(Create nonediting teacher:36)
	at com.kms.katalon.core.main.ScriptEngine.run(ScriptEngine.java:194)
	at com.kms.katalon.core.main.ScriptEngine.runScriptAsRawText(ScriptEngine.java:119)
	at com.kms.katalon.core.main.TestCaseExecutor.runScript(TestCaseExecutor.java:442)
	at com.kms.katalon.core.main.TestCaseExecutor.doExecute(TestCaseExecutor.java:433)
	at com.kms.katalon.core.main.TestCaseExecutor.processExecutionPhase(TestCaseExecutor.java:412)
	at com.kms.katalon.core.main.TestCaseExecutor.accessMainPhase(TestCaseExecutor.java:404)
	at com.kms.katalon.core.main.TestCaseExecutor.execute(TestCaseExecutor.java:281)
	at com.kms.katalon.core.main.TestSuiteExecutor.accessTestCaseMainPhase(TestSuiteExecutor.java:202)
	at com.kms.katalon.core.main.TestSuiteExecutor.accessTestSuiteMainPhase(TestSuiteExecutor.java:164)
	at com.kms.katalon.core.main.TestSuiteExecutor.execute(TestSuiteExecutor.java:105)
	at com.kms.katalon.core.main.TestCaseMain.startTestSuite(TestCaseMain.java:181)
	at com.kms.katalon.core.main.TestCaseMain$startTestSuite$0.call(Unknown Source)
	at TempTestSuite1642159997020.run(TempTestSuite1642159997020.groovy:36)
Caused by: com.kms.katalon.core.webui.exception.WebElementNotFoundException: Web element with id: 'Object Repository/Page_Group10 Administration Search/a_Add a new user' located by '//div[@id='linkusers']/div/div[2]/div[2]/ul/li[3]/a' not found
	at com.kms.katalon.core.webui.common.WebUiCommonHelper.findWebElement(WebUiCommonHelper.java:1368)
	at com.kms.katalon.core.webui.keyword.internal.WebUIAbstractKeyword.findWebElement(WebUIAbstractKeyword.groovy:27)
	at com.kms.katalon.core.webui.keyword.builtin.ClickKeyword$_click_closure1.doCall(ClickKeyword.groovy:65)
	at com.kms.katalon.core.webui.keyword.builtin.ClickKeyword$_click_closure1.call(ClickKeyword.groovy)
	at com.kms.katalon.core.webui.keyword.internal.WebUIKeywordMain.runKeyword(WebUIKeywordMain.groovy:20)
	at com.kms.katalon.core.webui.keyword.builtin.ClickKeyword.click(ClickKeyword.groovy:74)
	at com.kms.katalon.core.webui.keyword.builtin.ClickKeyword.execute(ClickKeyword.groovy:40)
	at com.kms.katalon.core.keyword.internal.KeywordExecutor.executeKeywordForPlatform(KeywordExecutor.groovy:74)
	at com.kms.katalon.core.webui.keyword.WebUiBuiltInKeywords.click(WebUiBuiltInKeywords.groovy:620)
	at com.kms.katalon.core.webui.keyword.WebUiBuiltInKeywords$click$1.call(Unknown Source)
	at Script1642153970428.run(Script1642153970428.groovy:36)
	... 13 more
)
[[ATTACHMENT|D:\\TestAutomation-SEBonus-Group10\\Test Automation - SE Bonus\\Reports\\20220114_183317\\Run all test cases\\20220114_183317\\1642160176455.png]]]]></system-out>
         <system-err><![CDATA[2022-01-14 18:35:34 - [TEST_CASE][FAILED] - Test Cases/Create nonediting teacher: Test Cases/Create nonediting teacher FAILED.
Reason:
com.kms.katalon.core.exception.StepFailedException: Unable to click on object 'Object Repository/Page_Group10 Administration Search/a_Add a new user'
	at com.kms.katalon.core.webui.keyword.internal.WebUIKeywordMain.stepFailed(WebUIKeywordMain.groovy:64)
	at com.kms.katalon.core.webui.keyword.internal.WebUIKeywordMain.runKeyword(WebUIKeywordMain.groovy:26)
	at com.kms.katalon.core.webui.keyword.builtin.ClickKeyword.click(ClickKeyword.groovy:74)
	at com.kms.katalon.core.webui.keyword.builtin.ClickKeyword.execute(ClickKeyword.groovy:40)
	at com.kms.katalon.core.keyword.internal.KeywordExecutor.executeKeywordForPlatform(KeywordExecutor.groovy:74)
	at com.kms.katalon.core.webui.keyword.WebUiBuiltInKeywords.click(WebUiBuiltInKeywords.groovy:620)
	at com.kms.katalon.core.webui.keyword.WebUiBuiltInKeywords$click$1.call(Unknown Source)
	at Create nonediting teacher.run(Create nonediting teacher:36)
	at com.kms.katalon.core.main.ScriptEngine.run(ScriptEngine.java:194)
	at com.kms.katalon.core.main.ScriptEngine.runScriptAsRawText(ScriptEngine.java:119)
	at com.kms.katalon.core.main.TestCaseExecutor.runScript(TestCaseExecutor.java:442)
	at com.kms.katalon.core.main.TestCaseExecutor.doExecute(TestCaseExecutor.java:433)
	at com.kms.katalon.core.main.TestCaseExecutor.processExecutionPhase(TestCaseExecutor.java:412)
	at com.kms.katalon.core.main.TestCaseExecutor.accessMainPhase(TestCaseExecutor.java:404)
	at com.kms.katalon.core.main.TestCaseExecutor.execute(TestCaseExecutor.java:281)
	at com.kms.katalon.core.main.TestSuiteExecutor.accessTestCaseMainPhase(TestSuiteExecutor.java:202)
	at com.kms.katalon.core.main.TestSuiteExecutor.accessTestSuiteMainPhase(TestSuiteExecutor.java:164)
	at com.kms.katalon.core.main.TestSuiteExecutor.execute(TestSuiteExecutor.java:105)
	at com.kms.katalon.core.main.TestCaseMain.startTestSuite(TestCaseMain.java:181)
	at com.kms.katalon.core.main.TestCaseMain$startTestSuite$0.call(Unknown Source)
	at TempTestSuite1642159997020.run(TempTestSuite1642159997020.groovy:36)
Caused by: com.kms.katalon.core.webui.exception.WebElementNotFoundException: Web element with id: 'Object Repository/Page_Group10 Administration Search/a_Add a new user' located by '//div[@id='linkusers']/div/div[2]/div[2]/ul/li[3]/a' not found
	at com.kms.katalon.core.webui.common.WebUiCommonHelper.findWebElement(WebUiCommonHelper.java:1368)
	at com.kms.katalon.core.webui.keyword.internal.WebUIAbstractKeyword.findWebElement(WebUIAbstractKeyword.groovy:27)
	at com.kms.katalon.core.webui.keyword.builtin.ClickKeyword$_click_closure1.doCall(ClickKeyword.groovy:65)
	at com.kms.katalon.core.webui.keyword.builtin.ClickKeyword$_click_closure1.call(ClickKeyword.groovy)
	at com.kms.katalon.core.webui.keyword.internal.WebUIKeywordMain.runKeyword(WebUIKeywordMain.groovy:20)
	... 19 more]]></system-err>
      </testcase>
      <testcase name="Test Cases/Create Student" time="42.125" classname="Test Cases/Create Student" status="FAILED">
         <failure type="FAILED" message="Test Cases/Create Student FAILED.
Reason:
com.kms.katalon.core.exception.StepFailedException: Unable to click on object 'Object Repository/Page_Group10 Administration Search/a_Add a new user'
	at com.kms.katalon.core.webui.keyword.internal.WebUIKeywordMain.stepFailed(WebUIKeywordMain.groovy:64)
	at com.kms.katalon.core.webui.keyword.internal.WebUIKeywordMain.runKeyword(WebUIKeywordMain.groovy:26)
	at com.kms.katalon.core.webui.keyword.builtin.ClickKeyword.click(ClickKeyword.groovy:74)
	at com.kms.katalon.core.webui.keyword.builtin.ClickKeyword.execute(ClickKeyword.groovy:40)
	at com.kms.katalon.core.keyword.internal.KeywordExecutor.executeKeywordForPlatform(KeywordExecutor.groovy:74)
	at com.kms.katalon.core.webui.keyword.WebUiBuiltInKeywords.click(WebUiBuiltInKeywords.groovy:620)
	at com.kms.katalon.core.webui.keyword.WebUiBuiltInKeywords$click$1.call(Unknown Source)
	at Create Student.run(Create Student:38)
	at com.kms.katalon.core.main.ScriptEngine.run(ScriptEngine.java:194)
	at com.kms.katalon.core.main.ScriptEngine.runScriptAsRawText(ScriptEngine.java:119)
	at com.kms.katalon.core.main.TestCaseExecutor.runScript(TestCaseExecutor.java:442)
	at com.kms.katalon.core.main.TestCaseExecutor.doExecute(TestCaseExecutor.java:433)
	at com.kms.katalon.core.main.TestCaseExecutor.processExecutionPhase(TestCaseExecutor.java:412)
	at com.kms.katalon.core.main.TestCaseExecutor.accessMainPhase(TestCaseExecutor.java:404)
	at com.kms.katalon.core.main.TestCaseExecutor.execute(TestCaseExecutor.java:281)
	at com.kms.katalon.core.main.TestSuiteExecutor.accessTestCaseMainPhase(TestSuiteExecutor.java:202)
	at com.kms.katalon.core.main.TestSuiteExecutor.accessTestSuiteMainPhase(TestSuiteExecutor.java:164)
	at com.kms.katalon.core.main.TestSuiteExecutor.execute(TestSuiteExecutor.java:105)
	at com.kms.katalon.core.main.TestCaseMain.startTestSuite(TestCaseMain.java:181)
	at com.kms.katalon.core.main.TestCaseMain$startTestSuite$0.call(Unknown Source)
	at TempTestSuite1642159997020.run(TempTestSuite1642159997020.groovy:36)
Caused by: com.kms.katalon.core.webui.exception.WebElementNotFoundException: Web element with id: 'Object Repository/Page_Group10 Administration Search/a_Add a new user' located by '//div[@id='linkusers']/div/div[2]/div[2]/ul/li[3]/a' not found
	at com.kms.katalon.core.webui.common.WebUiCommonHelper.findWebElement(WebUiCommonHelper.java:1368)
	at com.kms.katalon.core.webui.keyword.internal.WebUIAbstractKeyword.findWebElement(WebUIAbstractKeyword.groovy:27)
	at com.kms.katalon.core.webui.keyword.builtin.ClickKeyword$_click_closure1.doCall(ClickKeyword.groovy:65)
	at com.kms.katalon.core.webui.keyword.builtin.ClickKeyword$_click_closure1.call(ClickKeyword.groovy)
	at com.kms.katalon.core.webui.keyword.internal.WebUIKeywordMain.runKeyword(WebUIKeywordMain.groovy:20)
	... 19 more
"/>
         <system-out><![CDATA[2022-01-14 18:36:16 - [TEST_CASE][FAILED] - Test Cases/Create Student: Test Cases/Create Student FAILED.
Reason:
com.kms.katalon.core.exception.StepFailedException: Unable to click on object 'Object Repository/Page_Group10 Administration Search/a_Add a new user'
	at com.kms.katalon.core.webui.keyword.internal.WebUIKeywordMain.stepFailed(WebUIKeywordMain.groovy:64)
	at com.kms.katalon.core.webui.keyword.internal.WebUIKeywordMain.runKeyword(WebUIKeywordMain.groovy:26)
	at com.kms.katalon.core.webui.keyword.builtin.ClickKeyword.click(ClickKeyword.groovy:74)
	at com.kms.katalon.core.webui.keyword.builtin.ClickKeyword.execute(ClickKeyword.groovy:40)
	at com.kms.katalon.core.keyword.internal.KeywordExecutor.executeKeywordForPlatform(KeywordExecutor.groovy:74)
	at com.kms.katalon.core.webui.keyword.WebUiBuiltInKeywords.click(WebUiBuiltInKeywords.groovy:620)
	at com.kms.katalon.core.webui.keyword.WebUiBuiltInKeywords$click$1.call(Unknown Source)
	at Create Student.run(Create Student:38)
	at com.kms.katalon.core.main.ScriptEngine.run(ScriptEngine.java:194)
	at com.kms.katalon.core.main.ScriptEngine.runScriptAsRawText(ScriptEngine.java:119)
	at com.kms.katalon.core.main.TestCaseExecutor.runScript(TestCaseExecutor.java:442)
	at com.kms.katalon.core.main.TestCaseExecutor.doExecute(TestCaseExecutor.java:433)
	at com.kms.katalon.core.main.TestCaseExecutor.processExecutionPhase(TestCaseExecutor.java:412)
	at com.kms.katalon.core.main.TestCaseExecutor.accessMainPhase(TestCaseExecutor.java:404)
	at com.kms.katalon.core.main.TestCaseExecutor.execute(TestCaseExecutor.java:281)
	at com.kms.katalon.core.main.TestSuiteExecutor.accessTestCaseMainPhase(TestSuiteExecutor.java:202)
	at com.kms.katalon.core.main.TestSuiteExecutor.accessTestSuiteMainPhase(TestSuiteExecutor.java:164)
	at com.kms.katalon.core.main.TestSuiteExecutor.execute(TestSuiteExecutor.java:105)
	at com.kms.katalon.core.main.TestCaseMain.startTestSuite(TestCaseMain.java:181)
	at com.kms.katalon.core.main.TestCaseMain$startTestSuite$0.call(Unknown Source)
	at TempTestSuite1642159997020.run(TempTestSuite1642159997020.groovy:36)
Caused by: com.kms.katalon.core.webui.exception.WebElementNotFoundException: Web element with id: 'Object Repository/Page_Group10 Administration Search/a_Add a new user' located by '//div[@id='linkusers']/div/div[2]/div[2]/ul/li[3]/a' not found
	at com.kms.katalon.core.webui.common.WebUiCommonHelper.findWebElement(WebUiCommonHelper.java:1368)
	at com.kms.katalon.core.webui.keyword.internal.WebUIAbstractKeyword.findWebElement(WebUIAbstractKeyword.groovy:27)
	at com.kms.katalon.core.webui.keyword.builtin.ClickKeyword$_click_closure1.doCall(ClickKeyword.groovy:65)
	at com.kms.katalon.core.webui.keyword.builtin.ClickKeyword$_click_closure1.call(ClickKeyword.groovy)
	at com.kms.katalon.core.webui.keyword.internal.WebUIKeywordMain.runKeyword(WebUIKeywordMain.groovy:20)
	... 19 more


2022-01-14 18:36:16 - [TEST_STEP][PASSED] - openBrowser(""): Browser is opened with url: ''

2022-01-14 18:36:16 - [MESSAGE][WARNING] - A browser is already opened. Closing browser and opening a new one

2022-01-14 18:36:17 - [MESSAGE][INFO] - Starting 'Edge Chromium' driver

2022-01-14 18:36:20 - [MESSAGE][INFO] - Action delay is set to 0 milliseconds

2022-01-14 18:36:20 - [MESSAGE][PASSED] - Browser is opened with url: ''

2022-01-14 18:36:20 - [TEST_STEP][PASSED] - navigateToUrl("http://localhost/"): Navigate to 'http://localhost/' successfully

2022-01-14 18:36:21 - [MESSAGE][PASSED] - Navigate to 'http://localhost/' successfully

2022-01-14 18:36:21 - [TEST_STEP][PASSED] - click(findTestObject("Object Repository/Page_Home page/a_Log in")): Object: 'Object Repository/Page_Home page/a_Log in' is clicked on

2022-01-14 18:36:22 - [MESSAGE][PASSED] - Object: 'Object Repository/Page_Home page/a_Log in' is clicked on

2022-01-14 18:36:22 - [TEST_STEP][PASSED] - setText(findTestObject("Object Repository/Page_Home page Log in to the site/input_Username_username"), "admin"): Text 'admin' is set on object 'Object Repository/Page_Home page Log in to the site/input_Username_username'

2022-01-14 18:36:23 - [MESSAGE][PASSED] - Text 'admin' is set on object 'Object Repository/Page_Home page Log in to the site/input_Username_username'

2022-01-14 18:36:23 - [TEST_STEP][PASSED] - setEncryptedText(findTestObject("Page_Home page Log in to the site/input_Password_password (1)"), "OFhcon1PzObx3ErJAwGfGA=="): Text ****** has been set on object 'Object Repository/Page_Home page Log in to the site/input_Password_password (1)'

2022-01-14 18:36:23 - [MESSAGE][PASSED] - Text ****** has been set on object 'Object Repository/Page_Home page Log in to the site/input_Password_password (1)'

2022-01-14 18:36:23 - [TEST_STEP][PASSED] - click(findTestObject("Object Repository/Page_Home page Log in to the site/button_Log in")): Object: 'Object Repository/Page_Home page Log in to the site/button_Log in' is clicked on

2022-01-14 18:36:25 - [MESSAGE][PASSED] - Object: 'Object Repository/Page_Home page Log in to the site/button_Log in' is clicked on

2022-01-14 18:36:25 - [TEST_STEP][PASSED] - click(findTestObject("Object Repository/Page_Dashboard/a_Site administration")): Object: 'Object Repository/Page_Dashboard/a_Site administration' is clicked on

2022-01-14 18:36:26 - [MESSAGE][PASSED] - Object: 'Object Repository/Page_Dashboard/a_Site administration' is clicked on

2022-01-14 18:36:26 - [TEST_STEP][PASSED] - scrollToPosition(0, 0): Browser is scrolled to position x = 0, y = 0

2022-01-14 18:36:26 - [MESSAGE][PASSED] - Browser is scrolled to position x = 0, y = 0

2022-01-14 18:36:26 - [TEST_STEP][PASSED] - click(findTestObject("Object Repository/Page_Group10 Administration Search/a_Users")): Object: 'Object Repository/Page_Group10 Administration Search/a_Users' is clicked on

2022-01-14 18:36:27 - [MESSAGE][PASSED] - Object: 'Object Repository/Page_Group10 Administration Search/a_Users' is clicked on

2022-01-14 18:36:27 - [TEST_STEP][FAILED] - click(findTestObject("Object Repository/Page_Group10 Administration Search/a_Add a new user")): Unable to click on object 'Object Repository/Page_Group10 Administration Search/a_Add a new user' (Root cause: com.kms.katalon.core.exception.StepFailedException: Unable to click on object 'Object Repository/Page_Group10 Administration Search/a_Add a new user'
	at com.kms.katalon.core.webui.keyword.internal.WebUIKeywordMain.stepFailed(WebUIKeywordMain.groovy:64)
	at com.kms.katalon.core.webui.keyword.internal.WebUIKeywordMain.runKeyword(WebUIKeywordMain.groovy:26)
	at com.kms.katalon.core.webui.keyword.builtin.ClickKeyword.click(ClickKeyword.groovy:74)
	at com.kms.katalon.core.webui.keyword.builtin.ClickKeyword.execute(ClickKeyword.groovy:40)
	at com.kms.katalon.core.keyword.internal.KeywordExecutor.executeKeywordForPlatform(KeywordExecutor.groovy:74)
	at com.kms.katalon.core.webui.keyword.WebUiBuiltInKeywords.click(WebUiBuiltInKeywords.groovy:620)
	at com.kms.katalon.core.webui.keyword.WebUiBuiltInKeywords$click$1.call(Unknown Source)
	at Create Student.run(Create Student:38)
	at com.kms.katalon.core.main.ScriptEngine.run(ScriptEngine.java:194)
	at com.kms.katalon.core.main.ScriptEngine.runScriptAsRawText(ScriptEngine.java:119)
	at com.kms.katalon.core.main.TestCaseExecutor.runScript(TestCaseExecutor.java:442)
	at com.kms.katalon.core.main.TestCaseExecutor.doExecute(TestCaseExecutor.java:433)
	at com.kms.katalon.core.main.TestCaseExecutor.processExecutionPhase(TestCaseExecutor.java:412)
	at com.kms.katalon.core.main.TestCaseExecutor.accessMainPhase(TestCaseExecutor.java:404)
	at com.kms.katalon.core.main.TestCaseExecutor.execute(TestCaseExecutor.java:281)
	at com.kms.katalon.core.main.TestSuiteExecutor.accessTestCaseMainPhase(TestSuiteExecutor.java:202)
	at com.kms.katalon.core.main.TestSuiteExecutor.accessTestSuiteMainPhase(TestSuiteExecutor.java:164)
	at com.kms.katalon.core.main.TestSuiteExecutor.execute(TestSuiteExecutor.java:105)
	at com.kms.katalon.core.main.TestCaseMain.startTestSuite(TestCaseMain.java:181)
	at com.kms.katalon.core.main.TestCaseMain$startTestSuite$0.call(Unknown Source)
	at TempTestSuite1642159997020.run(TempTestSuite1642159997020.groovy:36)
Caused by: com.kms.katalon.core.webui.exception.WebElementNotFoundException: Web element with id: 'Object Repository/Page_Group10 Administration Search/a_Add a new user' located by '//div[@id='linkusers']/div/div[2]/div[2]/ul/li[3]/a' not found
	at com.kms.katalon.core.webui.common.WebUiCommonHelper.findWebElement(WebUiCommonHelper.java:1368)
	at com.kms.katalon.core.webui.keyword.internal.WebUIAbstractKeyword.findWebElement(WebUIAbstractKeyword.groovy:27)
	at com.kms.katalon.core.webui.keyword.builtin.ClickKeyword$_click_closure1.doCall(ClickKeyword.groovy:65)
	at com.kms.katalon.core.webui.keyword.builtin.ClickKeyword$_click_closure1.call(ClickKeyword.groovy)
	at com.kms.katalon.core.webui.keyword.internal.WebUIKeywordMain.runKeyword(WebUIKeywordMain.groovy:20)
	at com.kms.katalon.core.webui.keyword.builtin.ClickKeyword.click(ClickKeyword.groovy:74)
	at com.kms.katalon.core.webui.keyword.builtin.ClickKeyword.execute(ClickKeyword.groovy:40)
	at com.kms.katalon.core.keyword.internal.KeywordExecutor.executeKeywordForPlatform(KeywordExecutor.groovy:74)
	at com.kms.katalon.core.webui.keyword.WebUiBuiltInKeywords.click(WebUiBuiltInKeywords.groovy:620)
	at com.kms.katalon.core.webui.keyword.WebUiBuiltInKeywords$click$1.call(Unknown Source)
	at Script1641912656726.run(Script1641912656726.groovy:38)
	... 13 more
)

2022-01-14 18:36:58 - [MESSAGE][INFO] - Unable to find the element located by 'By.xpath: //div[@id='linkusers']/div/div[2]/div[2]/ul/li[3]/a'. Please recheck the objects properties to make sure the desired element is located. 

2022-01-14 18:36:58 - [MESSAGE][FAILED] - Unable to click on object 'Object Repository/Page_Group10 Administration Search/a_Add a new user' (Root cause: com.kms.katalon.core.exception.StepFailedException: Unable to click on object 'Object Repository/Page_Group10 Administration Search/a_Add a new user'
	at com.kms.katalon.core.webui.keyword.internal.WebUIKeywordMain.stepFailed(WebUIKeywordMain.groovy:64)
	at com.kms.katalon.core.webui.keyword.internal.WebUIKeywordMain.runKeyword(WebUIKeywordMain.groovy:26)
	at com.kms.katalon.core.webui.keyword.builtin.ClickKeyword.click(ClickKeyword.groovy:74)
	at com.kms.katalon.core.webui.keyword.builtin.ClickKeyword.execute(ClickKeyword.groovy:40)
	at com.kms.katalon.core.keyword.internal.KeywordExecutor.executeKeywordForPlatform(KeywordExecutor.groovy:74)
	at com.kms.katalon.core.webui.keyword.WebUiBuiltInKeywords.click(WebUiBuiltInKeywords.groovy:620)
	at com.kms.katalon.core.webui.keyword.WebUiBuiltInKeywords$click$1.call(Unknown Source)
	at Create Student.run(Create Student:38)
	at com.kms.katalon.core.main.ScriptEngine.run(ScriptEngine.java:194)
	at com.kms.katalon.core.main.ScriptEngine.runScriptAsRawText(ScriptEngine.java:119)
	at com.kms.katalon.core.main.TestCaseExecutor.runScript(TestCaseExecutor.java:442)
	at com.kms.katalon.core.main.TestCaseExecutor.doExecute(TestCaseExecutor.java:433)
	at com.kms.katalon.core.main.TestCaseExecutor.processExecutionPhase(TestCaseExecutor.java:412)
	at com.kms.katalon.core.main.TestCaseExecutor.accessMainPhase(TestCaseExecutor.java:404)
	at com.kms.katalon.core.main.TestCaseExecutor.execute(TestCaseExecutor.java:281)
	at com.kms.katalon.core.main.TestSuiteExecutor.accessTestCaseMainPhase(TestSuiteExecutor.java:202)
	at com.kms.katalon.core.main.TestSuiteExecutor.accessTestSuiteMainPhase(TestSuiteExecutor.java:164)
	at com.kms.katalon.core.main.TestSuiteExecutor.execute(TestSuiteExecutor.java:105)
	at com.kms.katalon.core.main.TestCaseMain.startTestSuite(TestCaseMain.java:181)
	at com.kms.katalon.core.main.TestCaseMain$startTestSuite$0.call(Unknown Source)
	at TempTestSuite1642159997020.run(TempTestSuite1642159997020.groovy:36)
Caused by: com.kms.katalon.core.webui.exception.WebElementNotFoundException: Web element with id: 'Object Repository/Page_Group10 Administration Search/a_Add a new user' located by '//div[@id='linkusers']/div/div[2]/div[2]/ul/li[3]/a' not found
	at com.kms.katalon.core.webui.common.WebUiCommonHelper.findWebElement(WebUiCommonHelper.java:1368)
	at com.kms.katalon.core.webui.keyword.internal.WebUIAbstractKeyword.findWebElement(WebUIAbstractKeyword.groovy:27)
	at com.kms.katalon.core.webui.keyword.builtin.ClickKeyword$_click_closure1.doCall(ClickKeyword.groovy:65)
	at com.kms.katalon.core.webui.keyword.builtin.ClickKeyword$_click_closure1.call(ClickKeyword.groovy)
	at com.kms.katalon.core.webui.keyword.internal.WebUIKeywordMain.runKeyword(WebUIKeywordMain.groovy:20)
	at com.kms.katalon.core.webui.keyword.builtin.ClickKeyword.click(ClickKeyword.groovy:74)
	at com.kms.katalon.core.webui.keyword.builtin.ClickKeyword.execute(ClickKeyword.groovy:40)
	at com.kms.katalon.core.keyword.internal.KeywordExecutor.executeKeywordForPlatform(KeywordExecutor.groovy:74)
	at com.kms.katalon.core.webui.keyword.WebUiBuiltInKeywords.click(WebUiBuiltInKeywords.groovy:620)
	at com.kms.katalon.core.webui.keyword.WebUiBuiltInKeywords$click$1.call(Unknown Source)
	at Script1641912656726.run(Script1641912656726.groovy:38)
	... 13 more
)
[[ATTACHMENT|D:\\TestAutomation-SEBonus-Group10\\Test Automation - SE Bonus\\Reports\\20220114_183317\\Run all test cases\\20220114_183317\\1642160218594.png]]]]></system-out>
         <system-err><![CDATA[2022-01-14 18:36:16 - [TEST_CASE][FAILED] - Test Cases/Create Student: Test Cases/Create Student FAILED.
Reason:
com.kms.katalon.core.exception.StepFailedException: Unable to click on object 'Object Repository/Page_Group10 Administration Search/a_Add a new user'
	at com.kms.katalon.core.webui.keyword.internal.WebUIKeywordMain.stepFailed(WebUIKeywordMain.groovy:64)
	at com.kms.katalon.core.webui.keyword.internal.WebUIKeywordMain.runKeyword(WebUIKeywordMain.groovy:26)
	at com.kms.katalon.core.webui.keyword.builtin.ClickKeyword.click(ClickKeyword.groovy:74)
	at com.kms.katalon.core.webui.keyword.builtin.ClickKeyword.execute(ClickKeyword.groovy:40)
	at com.kms.katalon.core.keyword.internal.KeywordExecutor.executeKeywordForPlatform(KeywordExecutor.groovy:74)
	at com.kms.katalon.core.webui.keyword.WebUiBuiltInKeywords.click(WebUiBuiltInKeywords.groovy:620)
	at com.kms.katalon.core.webui.keyword.WebUiBuiltInKeywords$click$1.call(Unknown Source)
	at Create Student.run(Create Student:38)
	at com.kms.katalon.core.main.ScriptEngine.run(ScriptEngine.java:194)
	at com.kms.katalon.core.main.ScriptEngine.runScriptAsRawText(ScriptEngine.java:119)
	at com.kms.katalon.core.main.TestCaseExecutor.runScript(TestCaseExecutor.java:442)
	at com.kms.katalon.core.main.TestCaseExecutor.doExecute(TestCaseExecutor.java:433)
	at com.kms.katalon.core.main.TestCaseExecutor.processExecutionPhase(TestCaseExecutor.java:412)
	at com.kms.katalon.core.main.TestCaseExecutor.accessMainPhase(TestCaseExecutor.java:404)
	at com.kms.katalon.core.main.TestCaseExecutor.execute(TestCaseExecutor.java:281)
	at com.kms.katalon.core.main.TestSuiteExecutor.accessTestCaseMainPhase(TestSuiteExecutor.java:202)
	at com.kms.katalon.core.main.TestSuiteExecutor.accessTestSuiteMainPhase(TestSuiteExecutor.java:164)
	at com.kms.katalon.core.main.TestSuiteExecutor.execute(TestSuiteExecutor.java:105)
	at com.kms.katalon.core.main.TestCaseMain.startTestSuite(TestCaseMain.java:181)
	at com.kms.katalon.core.main.TestCaseMain$startTestSuite$0.call(Unknown Source)
	at TempTestSuite1642159997020.run(TempTestSuite1642159997020.groovy:36)
Caused by: com.kms.katalon.core.webui.exception.WebElementNotFoundException: Web element with id: 'Object Repository/Page_Group10 Administration Search/a_Add a new user' located by '//div[@id='linkusers']/div/div[2]/div[2]/ul/li[3]/a' not found
	at com.kms.katalon.core.webui.common.WebUiCommonHelper.findWebElement(WebUiCommonHelper.java:1368)
	at com.kms.katalon.core.webui.keyword.internal.WebUIAbstractKeyword.findWebElement(WebUIAbstractKeyword.groovy:27)
	at com.kms.katalon.core.webui.keyword.builtin.ClickKeyword$_click_closure1.doCall(ClickKeyword.groovy:65)
	at com.kms.katalon.core.webui.keyword.builtin.ClickKeyword$_click_closure1.call(ClickKeyword.groovy)
	at com.kms.katalon.core.webui.keyword.internal.WebUIKeywordMain.runKeyword(WebUIKeywordMain.groovy:20)
	... 19 more]]></system-err>
      </testcase>
      <testcase name="Test Cases/Create student by upload file" time="42.846" classname="Test Cases/Create student by upload file" status="FAILED">
         <failure type="FAILED" message="Test Cases/Create student by upload file FAILED.
Reason:
com.kms.katalon.core.exception.StepFailedException: Unable to click on object 'Object Repository/Page_Group10 Administration Search/a_Upload users'
	at com.kms.katalon.core.webui.keyword.internal.WebUIKeywordMain.stepFailed(WebUIKeywordMain.groovy:64)
	at com.kms.katalon.core.webui.keyword.internal.WebUIKeywordMain.runKeyword(WebUIKeywordMain.groovy:26)
	at com.kms.katalon.core.webui.keyword.builtin.ClickKeyword.click(ClickKeyword.groovy:74)
	at com.kms.katalon.core.webui.keyword.builtin.ClickKeyword.execute(ClickKeyword.groovy:40)
	at com.kms.katalon.core.keyword.internal.KeywordExecutor.executeKeywordForPlatform(KeywordExecutor.groovy:74)
	at com.kms.katalon.core.webui.keyword.WebUiBuiltInKeywords.click(WebUiBuiltInKeywords.groovy:620)
	at com.kms.katalon.core.webui.keyword.WebUiBuiltInKeywords$click$1.call(Unknown Source)
	at Create student by upload file.run(Create student by upload file:36)
	at com.kms.katalon.core.main.ScriptEngine.run(ScriptEngine.java:194)
	at com.kms.katalon.core.main.ScriptEngine.runScriptAsRawText(ScriptEngine.java:119)
	at com.kms.katalon.core.main.TestCaseExecutor.runScript(TestCaseExecutor.java:442)
	at com.kms.katalon.core.main.TestCaseExecutor.doExecute(TestCaseExecutor.java:433)
	at com.kms.katalon.core.main.TestCaseExecutor.processExecutionPhase(TestCaseExecutor.java:412)
	at com.kms.katalon.core.main.TestCaseExecutor.accessMainPhase(TestCaseExecutor.java:404)
	at com.kms.katalon.core.main.TestCaseExecutor.execute(TestCaseExecutor.java:281)
	at com.kms.katalon.core.main.TestSuiteExecutor.accessTestCaseMainPhase(TestSuiteExecutor.java:202)
	at com.kms.katalon.core.main.TestSuiteExecutor.accessTestSuiteMainPhase(TestSuiteExecutor.java:164)
	at com.kms.katalon.core.main.TestSuiteExecutor.execute(TestSuiteExecutor.java:105)
	at com.kms.katalon.core.main.TestCaseMain.startTestSuite(TestCaseMain.java:181)
	at com.kms.katalon.core.main.TestCaseMain$startTestSuite$0.call(Unknown Source)
	at TempTestSuite1642159997020.run(TempTestSuite1642159997020.groovy:36)
Caused by: com.kms.katalon.core.webui.exception.WebElementNotFoundException: Web element with id: 'Object Repository/Page_Group10 Administration Search/a_Upload users' located by '//div[@id='linkusers']/div/div[2]/div[2]/ul/li[8]/a' not found
	at com.kms.katalon.core.webui.common.WebUiCommonHelper.findWebElement(WebUiCommonHelper.java:1368)
	at com.kms.katalon.core.webui.keyword.internal.WebUIAbstractKeyword.findWebElement(WebUIAbstractKeyword.groovy:27)
	at com.kms.katalon.core.webui.keyword.builtin.ClickKeyword$_click_closure1.doCall(ClickKeyword.groovy:65)
	at com.kms.katalon.core.webui.keyword.builtin.ClickKeyword$_click_closure1.call(ClickKeyword.groovy)
	at com.kms.katalon.core.webui.keyword.internal.WebUIKeywordMain.runKeyword(WebUIKeywordMain.groovy:20)
	... 19 more
"/>
         <system-out><![CDATA[2022-01-14 18:36:58 - [TEST_CASE][FAILED] - Test Cases/Create student by upload file: Test Cases/Create student by upload file FAILED.
Reason:
com.kms.katalon.core.exception.StepFailedException: Unable to click on object 'Object Repository/Page_Group10 Administration Search/a_Upload users'
	at com.kms.katalon.core.webui.keyword.internal.WebUIKeywordMain.stepFailed(WebUIKeywordMain.groovy:64)
	at com.kms.katalon.core.webui.keyword.internal.WebUIKeywordMain.runKeyword(WebUIKeywordMain.groovy:26)
	at com.kms.katalon.core.webui.keyword.builtin.ClickKeyword.click(ClickKeyword.groovy:74)
	at com.kms.katalon.core.webui.keyword.builtin.ClickKeyword.execute(ClickKeyword.groovy:40)
	at com.kms.katalon.core.keyword.internal.KeywordExecutor.executeKeywordForPlatform(KeywordExecutor.groovy:74)
	at com.kms.katalon.core.webui.keyword.WebUiBuiltInKeywords.click(WebUiBuiltInKeywords.groovy:620)
	at com.kms.katalon.core.webui.keyword.WebUiBuiltInKeywords$click$1.call(Unknown Source)
	at Create student by upload file.run(Create student by upload file:36)
	at com.kms.katalon.core.main.ScriptEngine.run(ScriptEngine.java:194)
	at com.kms.katalon.core.main.ScriptEngine.runScriptAsRawText(ScriptEngine.java:119)
	at com.kms.katalon.core.main.TestCaseExecutor.runScript(TestCaseExecutor.java:442)
	at com.kms.katalon.core.main.TestCaseExecutor.doExecute(TestCaseExecutor.java:433)
	at com.kms.katalon.core.main.TestCaseExecutor.processExecutionPhase(TestCaseExecutor.java:412)
	at com.kms.katalon.core.main.TestCaseExecutor.accessMainPhase(TestCaseExecutor.java:404)
	at com.kms.katalon.core.main.TestCaseExecutor.execute(TestCaseExecutor.java:281)
	at com.kms.katalon.core.main.TestSuiteExecutor.accessTestCaseMainPhase(TestSuiteExecutor.java:202)
	at com.kms.katalon.core.main.TestSuiteExecutor.accessTestSuiteMainPhase(TestSuiteExecutor.java:164)
	at com.kms.katalon.core.main.TestSuiteExecutor.execute(TestSuiteExecutor.java:105)
	at com.kms.katalon.core.main.TestCaseMain.startTestSuite(TestCaseMain.java:181)
	at com.kms.katalon.core.main.TestCaseMain$startTestSuite$0.call(Unknown Source)
	at TempTestSuite1642159997020.run(TempTestSuite1642159997020.groovy:36)
Caused by: com.kms.katalon.core.webui.exception.WebElementNotFoundException: Web element with id: 'Object Repository/Page_Group10 Administration Search/a_Upload users' located by '//div[@id='linkusers']/div/div[2]/div[2]/ul/li[8]/a' not found
	at com.kms.katalon.core.webui.common.WebUiCommonHelper.findWebElement(WebUiCommonHelper.java:1368)
	at com.kms.katalon.core.webui.keyword.internal.WebUIAbstractKeyword.findWebElement(WebUIAbstractKeyword.groovy:27)
	at com.kms.katalon.core.webui.keyword.builtin.ClickKeyword$_click_closure1.doCall(ClickKeyword.groovy:65)
	at com.kms.katalon.core.webui.keyword.builtin.ClickKeyword$_click_closure1.call(ClickKeyword.groovy)
	at com.kms.katalon.core.webui.keyword.internal.WebUIKeywordMain.runKeyword(WebUIKeywordMain.groovy:20)
	... 19 more


2022-01-14 18:36:59 - [TEST_STEP][PASSED] - openBrowser(""): Browser is opened with url: ''

2022-01-14 18:36:59 - [MESSAGE][WARNING] - A browser is already opened. Closing browser and opening a new one

2022-01-14 18:36:59 - [MESSAGE][INFO] - Starting 'Edge Chromium' driver

2022-01-14 18:37:02 - [MESSAGE][INFO] - Action delay is set to 0 milliseconds

2022-01-14 18:37:02 - [MESSAGE][PASSED] - Browser is opened with url: ''

2022-01-14 18:37:02 - [TEST_STEP][PASSED] - navigateToUrl("http://localhost/"): Navigate to 'http://localhost/' successfully

2022-01-14 18:37:04 - [MESSAGE][PASSED] - Navigate to 'http://localhost/' successfully

2022-01-14 18:37:04 - [TEST_STEP][PASSED] - click(findTestObject("Object Repository/Page_Home page/a_Log in")): Object: 'Object Repository/Page_Home page/a_Log in' is clicked on

2022-01-14 18:37:05 - [MESSAGE][PASSED] - Object: 'Object Repository/Page_Home page/a_Log in' is clicked on

2022-01-14 18:37:05 - [TEST_STEP][PASSED] - setText(findTestObject("Object Repository/Page_Home page Log in to the site/input_Username_username"), "admin"): Text 'admin' is set on object 'Object Repository/Page_Home page Log in to the site/input_Username_username'

2022-01-14 18:37:06 - [MESSAGE][PASSED] - Text 'admin' is set on object 'Object Repository/Page_Home page Log in to the site/input_Username_username'

2022-01-14 18:37:06 - [TEST_STEP][PASSED] - setEncryptedText(findTestObject("Page_Home page Log in to the site/input_Password_password (1)"), "OFhcon1PzObx3ErJAwGfGA=="): Text ****** has been set on object 'Object Repository/Page_Home page Log in to the site/input_Password_password (1)'

2022-01-14 18:37:06 - [MESSAGE][PASSED] - Text ****** has been set on object 'Object Repository/Page_Home page Log in to the site/input_Password_password (1)'

2022-01-14 18:37:06 - [TEST_STEP][PASSED] - click(findTestObject("Object Repository/Page_Home page Log in to the site/button_Log in")): Object: 'Object Repository/Page_Home page Log in to the site/button_Log in' is clicked on

2022-01-14 18:37:07 - [MESSAGE][PASSED] - Object: 'Object Repository/Page_Home page Log in to the site/button_Log in' is clicked on

2022-01-14 18:37:07 - [TEST_STEP][PASSED] - click(findTestObject("Object Repository/Page_Dashboard/a_Site administration")): Object: 'Object Repository/Page_Dashboard/a_Site administration' is clicked on

2022-01-14 18:37:09 - [MESSAGE][PASSED] - Object: 'Object Repository/Page_Dashboard/a_Site administration' is clicked on

2022-01-14 18:37:09 - [TEST_STEP][PASSED] - click(findTestObject("Object Repository/Page_Group10 Administration Search/a_Users")): Object: 'Object Repository/Page_Group10 Administration Search/a_Users' is clicked on

2022-01-14 18:37:10 - [MESSAGE][PASSED] - Object: 'Object Repository/Page_Group10 Administration Search/a_Users' is clicked on

2022-01-14 18:37:10 - [TEST_STEP][FAILED] - click(findTestObject("Object Repository/Page_Group10 Administration Search/a_Upload users")): Unable to click on object 'Object Repository/Page_Group10 Administration Search/a_Upload users' (Root cause: com.kms.katalon.core.exception.StepFailedException: Unable to click on object 'Object Repository/Page_Group10 Administration Search/a_Upload users'
	at com.kms.katalon.core.webui.keyword.internal.WebUIKeywordMain.stepFailed(WebUIKeywordMain.groovy:64)
	at com.kms.katalon.core.webui.keyword.internal.WebUIKeywordMain.runKeyword(WebUIKeywordMain.groovy:26)
	at com.kms.katalon.core.webui.keyword.builtin.ClickKeyword.click(ClickKeyword.groovy:74)
	at com.kms.katalon.core.webui.keyword.builtin.ClickKeyword.execute(ClickKeyword.groovy:40)
	at com.kms.katalon.core.keyword.internal.KeywordExecutor.executeKeywordForPlatform(KeywordExecutor.groovy:74)
	at com.kms.katalon.core.webui.keyword.WebUiBuiltInKeywords.click(WebUiBuiltInKeywords.groovy:620)
	at com.kms.katalon.core.webui.keyword.WebUiBuiltInKeywords$click$1.call(Unknown Source)
	at Create student by upload file.run(Create student by upload file:36)
	at com.kms.katalon.core.main.ScriptEngine.run(ScriptEngine.java:194)
	at com.kms.katalon.core.main.ScriptEngine.runScriptAsRawText(ScriptEngine.java:119)
	at com.kms.katalon.core.main.TestCaseExecutor.runScript(TestCaseExecutor.java:442)
	at com.kms.katalon.core.main.TestCaseExecutor.doExecute(TestCaseExecutor.java:433)
	at com.kms.katalon.core.main.TestCaseExecutor.processExecutionPhase(TestCaseExecutor.java:412)
	at com.kms.katalon.core.main.TestCaseExecutor.accessMainPhase(TestCaseExecutor.java:404)
	at com.kms.katalon.core.main.TestCaseExecutor.execute(TestCaseExecutor.java:281)
	at com.kms.katalon.core.main.TestSuiteExecutor.accessTestCaseMainPhase(TestSuiteExecutor.java:202)
	at com.kms.katalon.core.main.TestSuiteExecutor.accessTestSuiteMainPhase(TestSuiteExecutor.java:164)
	at com.kms.katalon.core.main.TestSuiteExecutor.execute(TestSuiteExecutor.java:105)
	at com.kms.katalon.core.main.TestCaseMain.startTestSuite(TestCaseMain.java:181)
	at com.kms.katalon.core.main.TestCaseMain$startTestSuite$0.call(Unknown Source)
	at TempTestSuite1642159997020.run(TempTestSuite1642159997020.groovy:36)
Caused by: com.kms.katalon.core.webui.exception.WebElementNotFoundException: Web element with id: 'Object Repository/Page_Group10 Administration Search/a_Upload users' located by '//div[@id='linkusers']/div/div[2]/div[2]/ul/li[8]/a' not found
	at com.kms.katalon.core.webui.common.WebUiCommonHelper.findWebElement(WebUiCommonHelper.java:1368)
	at com.kms.katalon.core.webui.keyword.internal.WebUIAbstractKeyword.findWebElement(WebUIAbstractKeyword.groovy:27)
	at com.kms.katalon.core.webui.keyword.builtin.ClickKeyword$_click_closure1.doCall(ClickKeyword.groovy:65)
	at com.kms.katalon.core.webui.keyword.builtin.ClickKeyword$_click_closure1.call(ClickKeyword.groovy)
	at com.kms.katalon.core.webui.keyword.internal.WebUIKeywordMain.runKeyword(WebUIKeywordMain.groovy:20)
	at com.kms.katalon.core.webui.keyword.builtin.ClickKeyword.click(ClickKeyword.groovy:74)
	at com.kms.katalon.core.webui.keyword.builtin.ClickKeyword.execute(ClickKeyword.groovy:40)
	at com.kms.katalon.core.keyword.internal.KeywordExecutor.executeKeywordForPlatform(KeywordExecutor.groovy:74)
	at com.kms.katalon.core.webui.keyword.WebUiBuiltInKeywords.click(WebUiBuiltInKeywords.groovy:620)
	at com.kms.katalon.core.webui.keyword.WebUiBuiltInKeywords$click$1.call(Unknown Source)
	at Script1641999463734.run(Script1641999463734.groovy:36)
	... 13 more
)

2022-01-14 18:37:41 - [MESSAGE][INFO] - Unable to find the element located by 'By.xpath: //div[@id='linkusers']/div/div[2]/div[2]/ul/li[8]/a'. Please recheck the objects properties to make sure the desired element is located. 

2022-01-14 18:37:41 - [MESSAGE][FAILED] - Unable to click on object 'Object Repository/Page_Group10 Administration Search/a_Upload users' (Root cause: com.kms.katalon.core.exception.StepFailedException: Unable to click on object 'Object Repository/Page_Group10 Administration Search/a_Upload users'
	at com.kms.katalon.core.webui.keyword.internal.WebUIKeywordMain.stepFailed(WebUIKeywordMain.groovy:64)
	at com.kms.katalon.core.webui.keyword.internal.WebUIKeywordMain.runKeyword(WebUIKeywordMain.groovy:26)
	at com.kms.katalon.core.webui.keyword.builtin.ClickKeyword.click(ClickKeyword.groovy:74)
	at com.kms.katalon.core.webui.keyword.builtin.ClickKeyword.execute(ClickKeyword.groovy:40)
	at com.kms.katalon.core.keyword.internal.KeywordExecutor.executeKeywordForPlatform(KeywordExecutor.groovy:74)
	at com.kms.katalon.core.webui.keyword.WebUiBuiltInKeywords.click(WebUiBuiltInKeywords.groovy:620)
	at com.kms.katalon.core.webui.keyword.WebUiBuiltInKeywords$click$1.call(Unknown Source)
	at Create student by upload file.run(Create student by upload file:36)
	at com.kms.katalon.core.main.ScriptEngine.run(ScriptEngine.java:194)
	at com.kms.katalon.core.main.ScriptEngine.runScriptAsRawText(ScriptEngine.java:119)
	at com.kms.katalon.core.main.TestCaseExecutor.runScript(TestCaseExecutor.java:442)
	at com.kms.katalon.core.main.TestCaseExecutor.doExecute(TestCaseExecutor.java:433)
	at com.kms.katalon.core.main.TestCaseExecutor.processExecutionPhase(TestCaseExecutor.java:412)
	at com.kms.katalon.core.main.TestCaseExecutor.accessMainPhase(TestCaseExecutor.java:404)
	at com.kms.katalon.core.main.TestCaseExecutor.execute(TestCaseExecutor.java:281)
	at com.kms.katalon.core.main.TestSuiteExecutor.accessTestCaseMainPhase(TestSuiteExecutor.java:202)
	at com.kms.katalon.core.main.TestSuiteExecutor.accessTestSuiteMainPhase(TestSuiteExecutor.java:164)
	at com.kms.katalon.core.main.TestSuiteExecutor.execute(TestSuiteExecutor.java:105)
	at com.kms.katalon.core.main.TestCaseMain.startTestSuite(TestCaseMain.java:181)
	at com.kms.katalon.core.main.TestCaseMain$startTestSuite$0.call(Unknown Source)
	at TempTestSuite1642159997020.run(TempTestSuite1642159997020.groovy:36)
Caused by: com.kms.katalon.core.webui.exception.WebElementNotFoundException: Web element with id: 'Object Repository/Page_Group10 Administration Search/a_Upload users' located by '//div[@id='linkusers']/div/div[2]/div[2]/ul/li[8]/a' not found
	at com.kms.katalon.core.webui.common.WebUiCommonHelper.findWebElement(WebUiCommonHelper.java:1368)
	at com.kms.katalon.core.webui.keyword.internal.WebUIAbstractKeyword.findWebElement(WebUIAbstractKeyword.groovy:27)
	at com.kms.katalon.core.webui.keyword.builtin.ClickKeyword$_click_closure1.doCall(ClickKeyword.groovy:65)
	at com.kms.katalon.core.webui.keyword.builtin.ClickKeyword$_click_closure1.call(ClickKeyword.groovy)
	at com.kms.katalon.core.webui.keyword.internal.WebUIKeywordMain.runKeyword(WebUIKeywordMain.groovy:20)
	at com.kms.katalon.core.webui.keyword.builtin.ClickKeyword.click(ClickKeyword.groovy:74)
	at com.kms.katalon.core.webui.keyword.builtin.ClickKeyword.execute(ClickKeyword.groovy:40)
	at com.kms.katalon.core.keyword.internal.KeywordExecutor.executeKeywordForPlatform(KeywordExecutor.groovy:74)
	at com.kms.katalon.core.webui.keyword.WebUiBuiltInKeywords.click(WebUiBuiltInKeywords.groovy:620)
	at com.kms.katalon.core.webui.keyword.WebUiBuiltInKeywords$click$1.call(Unknown Source)
	at Script1641999463734.run(Script1641999463734.groovy:36)
	... 13 more
)
[[ATTACHMENT|D:\\TestAutomation-SEBonus-Group10\\Test Automation - SE Bonus\\Reports\\20220114_183317\\Run all test cases\\20220114_183317\\1642160261422.png]]]]></system-out>
         <system-err><![CDATA[2022-01-14 18:36:58 - [TEST_CASE][FAILED] - Test Cases/Create student by upload file: Test Cases/Create student by upload file FAILED.
Reason:
com.kms.katalon.core.exception.StepFailedException: Unable to click on object 'Object Repository/Page_Group10 Administration Search/a_Upload users'
	at com.kms.katalon.core.webui.keyword.internal.WebUIKeywordMain.stepFailed(WebUIKeywordMain.groovy:64)
	at com.kms.katalon.core.webui.keyword.internal.WebUIKeywordMain.runKeyword(WebUIKeywordMain.groovy:26)
	at com.kms.katalon.core.webui.keyword.builtin.ClickKeyword.click(ClickKeyword.groovy:74)
	at com.kms.katalon.core.webui.keyword.builtin.ClickKeyword.execute(ClickKeyword.groovy:40)
	at com.kms.katalon.core.keyword.internal.KeywordExecutor.executeKeywordForPlatform(KeywordExecutor.groovy:74)
	at com.kms.katalon.core.webui.keyword.WebUiBuiltInKeywords.click(WebUiBuiltInKeywords.groovy:620)
	at com.kms.katalon.core.webui.keyword.WebUiBuiltInKeywords$click$1.call(Unknown Source)
	at Create student by upload file.run(Create student by upload file:36)
	at com.kms.katalon.core.main.ScriptEngine.run(ScriptEngine.java:194)
	at com.kms.katalon.core.main.ScriptEngine.runScriptAsRawText(ScriptEngine.java:119)
	at com.kms.katalon.core.main.TestCaseExecutor.runScript(TestCaseExecutor.java:442)
	at com.kms.katalon.core.main.TestCaseExecutor.doExecute(TestCaseExecutor.java:433)
	at com.kms.katalon.core.main.TestCaseExecutor.processExecutionPhase(TestCaseExecutor.java:412)
	at com.kms.katalon.core.main.TestCaseExecutor.accessMainPhase(TestCaseExecutor.java:404)
	at com.kms.katalon.core.main.TestCaseExecutor.execute(TestCaseExecutor.java:281)
	at com.kms.katalon.core.main.TestSuiteExecutor.accessTestCaseMainPhase(TestSuiteExecutor.java:202)
	at com.kms.katalon.core.main.TestSuiteExecutor.accessTestSuiteMainPhase(TestSuiteExecutor.java:164)
	at com.kms.katalon.core.main.TestSuiteExecutor.execute(TestSuiteExecutor.java:105)
	at com.kms.katalon.core.main.TestCaseMain.startTestSuite(TestCaseMain.java:181)
	at com.kms.katalon.core.main.TestCaseMain$startTestSuite$0.call(Unknown Source)
	at TempTestSuite1642159997020.run(TempTestSuite1642159997020.groovy:36)
Caused by: com.kms.katalon.core.webui.exception.WebElementNotFoundException: Web element with id: 'Object Repository/Page_Group10 Administration Search/a_Upload users' located by '//div[@id='linkusers']/div/div[2]/div[2]/ul/li[8]/a' not found
	at com.kms.katalon.core.webui.common.WebUiCommonHelper.findWebElement(WebUiCommonHelper.java:1368)
	at com.kms.katalon.core.webui.keyword.internal.WebUIAbstractKeyword.findWebElement(WebUIAbstractKeyword.groovy:27)
	at com.kms.katalon.core.webui.keyword.builtin.ClickKeyword$_click_closure1.doCall(ClickKeyword.groovy:65)
	at com.kms.katalon.core.webui.keyword.builtin.ClickKeyword$_click_closure1.call(ClickKeyword.groovy)
	at com.kms.katalon.core.webui.keyword.internal.WebUIKeywordMain.runKeyword(WebUIKeywordMain.groovy:20)
	... 19 more]]></system-err>
      </testcase>
      <testcase name="Test Cases/Create teacher by upload file" time="42.434" classname="Test Cases/Create teacher by upload file" status="FAILED">
         <failure type="FAILED" message="Test Cases/Create teacher by upload file FAILED.
Reason:
com.kms.katalon.core.exception.StepFailedException: Unable to click on object 'Object Repository/Page_Group10 Administration Search/a_Upload users'
	at com.kms.katalon.core.webui.keyword.internal.WebUIKeywordMain.stepFailed(WebUIKeywordMain.groovy:64)
	at com.kms.katalon.core.webui.keyword.internal.WebUIKeywordMain.runKeyword(WebUIKeywordMain.groovy:26)
	at com.kms.katalon.core.webui.keyword.builtin.ClickKeyword.click(ClickKeyword.groovy:74)
	at com.kms.katalon.core.webui.keyword.builtin.ClickKeyword.execute(ClickKeyword.groovy:40)
	at com.kms.katalon.core.keyword.internal.KeywordExecutor.executeKeywordForPlatform(KeywordExecutor.groovy:74)
	at com.kms.katalon.core.webui.keyword.WebUiBuiltInKeywords.click(WebUiBuiltInKeywords.groovy:620)
	at com.kms.katalon.core.webui.keyword.WebUiBuiltInKeywords$click$1.call(Unknown Source)
	at Create teacher by upload file.run(Create teacher by upload file:36)
	at com.kms.katalon.core.main.ScriptEngine.run(ScriptEngine.java:194)
	at com.kms.katalon.core.main.ScriptEngine.runScriptAsRawText(ScriptEngine.java:119)
	at com.kms.katalon.core.main.TestCaseExecutor.runScript(TestCaseExecutor.java:442)
	at com.kms.katalon.core.main.TestCaseExecutor.doExecute(TestCaseExecutor.java:433)
	at com.kms.katalon.core.main.TestCaseExecutor.processExecutionPhase(TestCaseExecutor.java:412)
	at com.kms.katalon.core.main.TestCaseExecutor.accessMainPhase(TestCaseExecutor.java:404)
	at com.kms.katalon.core.main.TestCaseExecutor.execute(TestCaseExecutor.java:281)
	at com.kms.katalon.core.main.TestSuiteExecutor.accessTestCaseMainPhase(TestSuiteExecutor.java:202)
	at com.kms.katalon.core.main.TestSuiteExecutor.accessTestSuiteMainPhase(TestSuiteExecutor.java:164)
	at com.kms.katalon.core.main.TestSuiteExecutor.execute(TestSuiteExecutor.java:105)
	at com.kms.katalon.core.main.TestCaseMain.startTestSuite(TestCaseMain.java:181)
	at com.kms.katalon.core.main.TestCaseMain$startTestSuite$0.call(Unknown Source)
	at TempTestSuite1642159997020.run(TempTestSuite1642159997020.groovy:36)
Caused by: com.kms.katalon.core.webui.exception.WebElementNotFoundException: Web element with id: 'Object Repository/Page_Group10 Administration Search/a_Upload users' located by '//div[@id='linkusers']/div/div[2]/div[2]/ul/li[8]/a' not found
	at com.kms.katalon.core.webui.common.WebUiCommonHelper.findWebElement(WebUiCommonHelper.java:1368)
	at com.kms.katalon.core.webui.keyword.internal.WebUIAbstractKeyword.findWebElement(WebUIAbstractKeyword.groovy:27)
	at com.kms.katalon.core.webui.keyword.builtin.ClickKeyword$_click_closure1.doCall(ClickKeyword.groovy:65)
	at com.kms.katalon.core.webui.keyword.builtin.ClickKeyword$_click_closure1.call(ClickKeyword.groovy)
	at com.kms.katalon.core.webui.keyword.internal.WebUIKeywordMain.runKeyword(WebUIKeywordMain.groovy:20)
	... 19 more
"/>
         <system-out><![CDATA[2022-01-14 18:37:41 - [TEST_CASE][FAILED] - Test Cases/Create teacher by upload file: Test Cases/Create teacher by upload file FAILED.
Reason:
com.kms.katalon.core.exception.StepFailedException: Unable to click on object 'Object Repository/Page_Group10 Administration Search/a_Upload users'
	at com.kms.katalon.core.webui.keyword.internal.WebUIKeywordMain.stepFailed(WebUIKeywordMain.groovy:64)
	at com.kms.katalon.core.webui.keyword.internal.WebUIKeywordMain.runKeyword(WebUIKeywordMain.groovy:26)
	at com.kms.katalon.core.webui.keyword.builtin.ClickKeyword.click(ClickKeyword.groovy:74)
	at com.kms.katalon.core.webui.keyword.builtin.ClickKeyword.execute(ClickKeyword.groovy:40)
	at com.kms.katalon.core.keyword.internal.KeywordExecutor.executeKeywordForPlatform(KeywordExecutor.groovy:74)
	at com.kms.katalon.core.webui.keyword.WebUiBuiltInKeywords.click(WebUiBuiltInKeywords.groovy:620)
	at com.kms.katalon.core.webui.keyword.WebUiBuiltInKeywords$click$1.call(Unknown Source)
	at Create teacher by upload file.run(Create teacher by upload file:36)
	at com.kms.katalon.core.main.ScriptEngine.run(ScriptEngine.java:194)
	at com.kms.katalon.core.main.ScriptEngine.runScriptAsRawText(ScriptEngine.java:119)
	at com.kms.katalon.core.main.TestCaseExecutor.runScript(TestCaseExecutor.java:442)
	at com.kms.katalon.core.main.TestCaseExecutor.doExecute(TestCaseExecutor.java:433)
	at com.kms.katalon.core.main.TestCaseExecutor.processExecutionPhase(TestCaseExecutor.java:412)
	at com.kms.katalon.core.main.TestCaseExecutor.accessMainPhase(TestCaseExecutor.java:404)
	at com.kms.katalon.core.main.TestCaseExecutor.execute(TestCaseExecutor.java:281)
	at com.kms.katalon.core.main.TestSuiteExecutor.accessTestCaseMainPhase(TestSuiteExecutor.java:202)
	at com.kms.katalon.core.main.TestSuiteExecutor.accessTestSuiteMainPhase(TestSuiteExecutor.java:164)
	at com.kms.katalon.core.main.TestSuiteExecutor.execute(TestSuiteExecutor.java:105)
	at com.kms.katalon.core.main.TestCaseMain.startTestSuite(TestCaseMain.java:181)
	at com.kms.katalon.core.main.TestCaseMain$startTestSuite$0.call(Unknown Source)
	at TempTestSuite1642159997020.run(TempTestSuite1642159997020.groovy:36)
Caused by: com.kms.katalon.core.webui.exception.WebElementNotFoundException: Web element with id: 'Object Repository/Page_Group10 Administration Search/a_Upload users' located by '//div[@id='linkusers']/div/div[2]/div[2]/ul/li[8]/a' not found
	at com.kms.katalon.core.webui.common.WebUiCommonHelper.findWebElement(WebUiCommonHelper.java:1368)
	at com.kms.katalon.core.webui.keyword.internal.WebUIAbstractKeyword.findWebElement(WebUIAbstractKeyword.groovy:27)
	at com.kms.katalon.core.webui.keyword.builtin.ClickKeyword$_click_closure1.doCall(ClickKeyword.groovy:65)
	at com.kms.katalon.core.webui.keyword.builtin.ClickKeyword$_click_closure1.call(ClickKeyword.groovy)
	at com.kms.katalon.core.webui.keyword.internal.WebUIKeywordMain.runKeyword(WebUIKeywordMain.groovy:20)
	... 19 more


2022-01-14 18:37:41 - [TEST_STEP][PASSED] - openBrowser(""): Browser is opened with url: ''

2022-01-14 18:37:41 - [MESSAGE][WARNING] - A browser is already opened. Closing browser and opening a new one

2022-01-14 18:37:42 - [MESSAGE][INFO] - Starting 'Edge Chromium' driver

2022-01-14 18:37:44 - [MESSAGE][INFO] - Action delay is set to 0 milliseconds

2022-01-14 18:37:45 - [MESSAGE][PASSED] - Browser is opened with url: ''

2022-01-14 18:37:45 - [TEST_STEP][PASSED] - navigateToUrl("http://localhost/"): Navigate to 'http://localhost/' successfully

2022-01-14 18:37:46 - [MESSAGE][PASSED] - Navigate to 'http://localhost/' successfully

2022-01-14 18:37:46 - [TEST_STEP][PASSED] - click(findTestObject("Object Repository/Page_Home page/a_Log in")): Object: 'Object Repository/Page_Home page/a_Log in' is clicked on

2022-01-14 18:37:47 - [MESSAGE][PASSED] - Object: 'Object Repository/Page_Home page/a_Log in' is clicked on

2022-01-14 18:37:47 - [TEST_STEP][PASSED] - setText(findTestObject("Object Repository/Page_Home page Log in to the site/input_Username_username"), "admin"): Text 'admin' is set on object 'Object Repository/Page_Home page Log in to the site/input_Username_username'

2022-01-14 18:37:48 - [MESSAGE][PASSED] - Text 'admin' is set on object 'Object Repository/Page_Home page Log in to the site/input_Username_username'

2022-01-14 18:37:48 - [TEST_STEP][PASSED] - setEncryptedText(findTestObject("Page_Home page Log in to the site/input_Password_password (1)"), "OFhcon1PzObx3ErJAwGfGA=="): Text ****** has been set on object 'Object Repository/Page_Home page Log in to the site/input_Password_password (1)'

2022-01-14 18:37:48 - [MESSAGE][PASSED] - Text ****** has been set on object 'Object Repository/Page_Home page Log in to the site/input_Password_password (1)'

2022-01-14 18:37:48 - [TEST_STEP][PASSED] - click(findTestObject("Object Repository/Page_Home page Log in to the site/button_Log in")): Object: 'Object Repository/Page_Home page Log in to the site/button_Log in' is clicked on

2022-01-14 18:37:50 - [MESSAGE][PASSED] - Object: 'Object Repository/Page_Home page Log in to the site/button_Log in' is clicked on

2022-01-14 18:37:50 - [TEST_STEP][PASSED] - click(findTestObject("Object Repository/Page_Dashboard/a_Site administration")): Object: 'Object Repository/Page_Dashboard/a_Site administration' is clicked on

2022-01-14 18:37:52 - [MESSAGE][PASSED] - Object: 'Object Repository/Page_Dashboard/a_Site administration' is clicked on

2022-01-14 18:37:52 - [TEST_STEP][PASSED] - click(findTestObject("Object Repository/Page_Group10 Administration Search/a_Users")): Object: 'Object Repository/Page_Group10 Administration Search/a_Users' is clicked on

2022-01-14 18:37:52 - [MESSAGE][PASSED] - Object: 'Object Repository/Page_Group10 Administration Search/a_Users' is clicked on

2022-01-14 18:37:52 - [TEST_STEP][FAILED] - click(findTestObject("Object Repository/Page_Group10 Administration Search/a_Upload users")): Unable to click on object 'Object Repository/Page_Group10 Administration Search/a_Upload users' (Root cause: com.kms.katalon.core.exception.StepFailedException: Unable to click on object 'Object Repository/Page_Group10 Administration Search/a_Upload users'
	at com.kms.katalon.core.webui.keyword.internal.WebUIKeywordMain.stepFailed(WebUIKeywordMain.groovy:64)
	at com.kms.katalon.core.webui.keyword.internal.WebUIKeywordMain.runKeyword(WebUIKeywordMain.groovy:26)
	at com.kms.katalon.core.webui.keyword.builtin.ClickKeyword.click(ClickKeyword.groovy:74)
	at com.kms.katalon.core.webui.keyword.builtin.ClickKeyword.execute(ClickKeyword.groovy:40)
	at com.kms.katalon.core.keyword.internal.KeywordExecutor.executeKeywordForPlatform(KeywordExecutor.groovy:74)
	at com.kms.katalon.core.webui.keyword.WebUiBuiltInKeywords.click(WebUiBuiltInKeywords.groovy:620)
	at com.kms.katalon.core.webui.keyword.WebUiBuiltInKeywords$click$1.call(Unknown Source)
	at Create teacher by upload file.run(Create teacher by upload file:36)
	at com.kms.katalon.core.main.ScriptEngine.run(ScriptEngine.java:194)
	at com.kms.katalon.core.main.ScriptEngine.runScriptAsRawText(ScriptEngine.java:119)
	at com.kms.katalon.core.main.TestCaseExecutor.runScript(TestCaseExecutor.java:442)
	at com.kms.katalon.core.main.TestCaseExecutor.doExecute(TestCaseExecutor.java:433)
	at com.kms.katalon.core.main.TestCaseExecutor.processExecutionPhase(TestCaseExecutor.java:412)
	at com.kms.katalon.core.main.TestCaseExecutor.accessMainPhase(TestCaseExecutor.java:404)
	at com.kms.katalon.core.main.TestCaseExecutor.execute(TestCaseExecutor.java:281)
	at com.kms.katalon.core.main.TestSuiteExecutor.accessTestCaseMainPhase(TestSuiteExecutor.java:202)
	at com.kms.katalon.core.main.TestSuiteExecutor.accessTestSuiteMainPhase(TestSuiteExecutor.java:164)
	at com.kms.katalon.core.main.TestSuiteExecutor.execute(TestSuiteExecutor.java:105)
	at com.kms.katalon.core.main.TestCaseMain.startTestSuite(TestCaseMain.java:181)
	at com.kms.katalon.core.main.TestCaseMain$startTestSuite$0.call(Unknown Source)
	at TempTestSuite1642159997020.run(TempTestSuite1642159997020.groovy:36)
Caused by: com.kms.katalon.core.webui.exception.WebElementNotFoundException: Web element with id: 'Object Repository/Page_Group10 Administration Search/a_Upload users' located by '//div[@id='linkusers']/div/div[2]/div[2]/ul/li[8]/a' not found
	at com.kms.katalon.core.webui.common.WebUiCommonHelper.findWebElement(WebUiCommonHelper.java:1368)
	at com.kms.katalon.core.webui.keyword.internal.WebUIAbstractKeyword.findWebElement(WebUIAbstractKeyword.groovy:27)
	at com.kms.katalon.core.webui.keyword.builtin.ClickKeyword$_click_closure1.doCall(ClickKeyword.groovy:65)
	at com.kms.katalon.core.webui.keyword.builtin.ClickKeyword$_click_closure1.call(ClickKeyword.groovy)
	at com.kms.katalon.core.webui.keyword.internal.WebUIKeywordMain.runKeyword(WebUIKeywordMain.groovy:20)
	at com.kms.katalon.core.webui.keyword.builtin.ClickKeyword.click(ClickKeyword.groovy:74)
	at com.kms.katalon.core.webui.keyword.builtin.ClickKeyword.execute(ClickKeyword.groovy:40)
	at com.kms.katalon.core.keyword.internal.KeywordExecutor.executeKeywordForPlatform(KeywordExecutor.groovy:74)
	at com.kms.katalon.core.webui.keyword.WebUiBuiltInKeywords.click(WebUiBuiltInKeywords.groovy:620)
	at com.kms.katalon.core.webui.keyword.WebUiBuiltInKeywords$click$1.call(Unknown Source)
	at Script1641999488293.run(Script1641999488293.groovy:36)
	... 13 more
)

2022-01-14 18:38:23 - [MESSAGE][INFO] - Unable to find the element located by 'By.xpath: //div[@id='linkusers']/div/div[2]/div[2]/ul/li[8]/a'. Please recheck the objects properties to make sure the desired element is located. 

2022-01-14 18:38:24 - [MESSAGE][FAILED] - Unable to click on object 'Object Repository/Page_Group10 Administration Search/a_Upload users' (Root cause: com.kms.katalon.core.exception.StepFailedException: Unable to click on object 'Object Repository/Page_Group10 Administration Search/a_Upload users'
	at com.kms.katalon.core.webui.keyword.internal.WebUIKeywordMain.stepFailed(WebUIKeywordMain.groovy:64)
	at com.kms.katalon.core.webui.keyword.internal.WebUIKeywordMain.runKeyword(WebUIKeywordMain.groovy:26)
	at com.kms.katalon.core.webui.keyword.builtin.ClickKeyword.click(ClickKeyword.groovy:74)
	at com.kms.katalon.core.webui.keyword.builtin.ClickKeyword.execute(ClickKeyword.groovy:40)
	at com.kms.katalon.core.keyword.internal.KeywordExecutor.executeKeywordForPlatform(KeywordExecutor.groovy:74)
	at com.kms.katalon.core.webui.keyword.WebUiBuiltInKeywords.click(WebUiBuiltInKeywords.groovy:620)
	at com.kms.katalon.core.webui.keyword.WebUiBuiltInKeywords$click$1.call(Unknown Source)
	at Create teacher by upload file.run(Create teacher by upload file:36)
	at com.kms.katalon.core.main.ScriptEngine.run(ScriptEngine.java:194)
	at com.kms.katalon.core.main.ScriptEngine.runScriptAsRawText(ScriptEngine.java:119)
	at com.kms.katalon.core.main.TestCaseExecutor.runScript(TestCaseExecutor.java:442)
	at com.kms.katalon.core.main.TestCaseExecutor.doExecute(TestCaseExecutor.java:433)
	at com.kms.katalon.core.main.TestCaseExecutor.processExecutionPhase(TestCaseExecutor.java:412)
	at com.kms.katalon.core.main.TestCaseExecutor.accessMainPhase(TestCaseExecutor.java:404)
	at com.kms.katalon.core.main.TestCaseExecutor.execute(TestCaseExecutor.java:281)
	at com.kms.katalon.core.main.TestSuiteExecutor.accessTestCaseMainPhase(TestSuiteExecutor.java:202)
	at com.kms.katalon.core.main.TestSuiteExecutor.accessTestSuiteMainPhase(TestSuiteExecutor.java:164)
	at com.kms.katalon.core.main.TestSuiteExecutor.execute(TestSuiteExecutor.java:105)
	at com.kms.katalon.core.main.TestCaseMain.startTestSuite(TestCaseMain.java:181)
	at com.kms.katalon.core.main.TestCaseMain$startTestSuite$0.call(Unknown Source)
	at TempTestSuite1642159997020.run(TempTestSuite1642159997020.groovy:36)
Caused by: com.kms.katalon.core.webui.exception.WebElementNotFoundException: Web element with id: 'Object Repository/Page_Group10 Administration Search/a_Upload users' located by '//div[@id='linkusers']/div/div[2]/div[2]/ul/li[8]/a' not found
	at com.kms.katalon.core.webui.common.WebUiCommonHelper.findWebElement(WebUiCommonHelper.java:1368)
	at com.kms.katalon.core.webui.keyword.internal.WebUIAbstractKeyword.findWebElement(WebUIAbstractKeyword.groovy:27)
	at com.kms.katalon.core.webui.keyword.builtin.ClickKeyword$_click_closure1.doCall(ClickKeyword.groovy:65)
	at com.kms.katalon.core.webui.keyword.builtin.ClickKeyword$_click_closure1.call(ClickKeyword.groovy)
	at com.kms.katalon.core.webui.keyword.internal.WebUIKeywordMain.runKeyword(WebUIKeywordMain.groovy:20)
	at com.kms.katalon.core.webui.keyword.builtin.ClickKeyword.click(ClickKeyword.groovy:74)
	at com.kms.katalon.core.webui.keyword.builtin.ClickKeyword.execute(ClickKeyword.groovy:40)
	at com.kms.katalon.core.keyword.internal.KeywordExecutor.executeKeywordForPlatform(KeywordExecutor.groovy:74)
	at com.kms.katalon.core.webui.keyword.WebUiBuiltInKeywords.click(WebUiBuiltInKeywords.groovy:620)
	at com.kms.katalon.core.webui.keyword.WebUiBuiltInKeywords$click$1.call(Unknown Source)
	at Script1641999488293.run(Script1641999488293.groovy:36)
	... 13 more
)
[[ATTACHMENT|D:\\TestAutomation-SEBonus-Group10\\Test Automation - SE Bonus\\Reports\\20220114_183317\\Run all test cases\\20220114_183317\\1642160303886.png]]]]></system-out>
         <system-err><![CDATA[2022-01-14 18:37:41 - [TEST_CASE][FAILED] - Test Cases/Create teacher by upload file: Test Cases/Create teacher by upload file FAILED.
Reason:
com.kms.katalon.core.exception.StepFailedException: Unable to click on object 'Object Repository/Page_Group10 Administration Search/a_Upload users'
	at com.kms.katalon.core.webui.keyword.internal.WebUIKeywordMain.stepFailed(WebUIKeywordMain.groovy:64)
	at com.kms.katalon.core.webui.keyword.internal.WebUIKeywordMain.runKeyword(WebUIKeywordMain.groovy:26)
	at com.kms.katalon.core.webui.keyword.builtin.ClickKeyword.click(ClickKeyword.groovy:74)
	at com.kms.katalon.core.webui.keyword.builtin.ClickKeyword.execute(ClickKeyword.groovy:40)
	at com.kms.katalon.core.keyword.internal.KeywordExecutor.executeKeywordForPlatform(KeywordExecutor.groovy:74)
	at com.kms.katalon.core.webui.keyword.WebUiBuiltInKeywords.click(WebUiBuiltInKeywords.groovy:620)
	at com.kms.katalon.core.webui.keyword.WebUiBuiltInKeywords$click$1.call(Unknown Source)
	at Create teacher by upload file.run(Create teacher by upload file:36)
	at com.kms.katalon.core.main.ScriptEngine.run(ScriptEngine.java:194)
	at com.kms.katalon.core.main.ScriptEngine.runScriptAsRawText(ScriptEngine.java:119)
	at com.kms.katalon.core.main.TestCaseExecutor.runScript(TestCaseExecutor.java:442)
	at com.kms.katalon.core.main.TestCaseExecutor.doExecute(TestCaseExecutor.java:433)
	at com.kms.katalon.core.main.TestCaseExecutor.processExecutionPhase(TestCaseExecutor.java:412)
	at com.kms.katalon.core.main.TestCaseExecutor.accessMainPhase(TestCaseExecutor.java:404)
	at com.kms.katalon.core.main.TestCaseExecutor.execute(TestCaseExecutor.java:281)
	at com.kms.katalon.core.main.TestSuiteExecutor.accessTestCaseMainPhase(TestSuiteExecutor.java:202)
	at com.kms.katalon.core.main.TestSuiteExecutor.accessTestSuiteMainPhase(TestSuiteExecutor.java:164)
	at com.kms.katalon.core.main.TestSuiteExecutor.execute(TestSuiteExecutor.java:105)
	at com.kms.katalon.core.main.TestCaseMain.startTestSuite(TestCaseMain.java:181)
	at com.kms.katalon.core.main.TestCaseMain$startTestSuite$0.call(Unknown Source)
	at TempTestSuite1642159997020.run(TempTestSuite1642159997020.groovy:36)
Caused by: com.kms.katalon.core.webui.exception.WebElementNotFoundException: Web element with id: 'Object Repository/Page_Group10 Administration Search/a_Upload users' located by '//div[@id='linkusers']/div/div[2]/div[2]/ul/li[8]/a' not found
	at com.kms.katalon.core.webui.common.WebUiCommonHelper.findWebElement(WebUiCommonHelper.java:1368)
	at com.kms.katalon.core.webui.keyword.internal.WebUIAbstractKeyword.findWebElement(WebUIAbstractKeyword.groovy:27)
	at com.kms.katalon.core.webui.keyword.builtin.ClickKeyword$_click_closure1.doCall(ClickKeyword.groovy:65)
	at com.kms.katalon.core.webui.keyword.builtin.ClickKeyword$_click_closure1.call(ClickKeyword.groovy)
	at com.kms.katalon.core.webui.keyword.internal.WebUIKeywordMain.runKeyword(WebUIKeywordMain.groovy:20)
	... 19 more]]></system-err>
      </testcase>
      <testcase name="Test Cases/Create manager by upload file" time="42.347" classname="Test Cases/Create manager by upload file" status="FAILED">
         <failure type="FAILED" message="Test Cases/Create manager by upload file FAILED.
Reason:
com.kms.katalon.core.exception.StepFailedException: Unable to click on object 'Object Repository/Page_Group10 Administration Search/a_Upload users'
	at com.kms.katalon.core.webui.keyword.internal.WebUIKeywordMain.stepFailed(WebUIKeywordMain.groovy:64)
	at com.kms.katalon.core.webui.keyword.internal.WebUIKeywordMain.runKeyword(WebUIKeywordMain.groovy:26)
	at com.kms.katalon.core.webui.keyword.builtin.ClickKeyword.click(ClickKeyword.groovy:74)
	at com.kms.katalon.core.webui.keyword.builtin.ClickKeyword.execute(ClickKeyword.groovy:40)
	at com.kms.katalon.core.keyword.internal.KeywordExecutor.executeKeywordForPlatform(KeywordExecutor.groovy:74)
	at com.kms.katalon.core.webui.keyword.WebUiBuiltInKeywords.click(WebUiBuiltInKeywords.groovy:620)
	at com.kms.katalon.core.webui.keyword.WebUiBuiltInKeywords$click$1.call(Unknown Source)
	at Create manager by upload file.run(Create manager by upload file:36)
	at com.kms.katalon.core.main.ScriptEngine.run(ScriptEngine.java:194)
	at com.kms.katalon.core.main.ScriptEngine.runScriptAsRawText(ScriptEngine.java:119)
	at com.kms.katalon.core.main.TestCaseExecutor.runScript(TestCaseExecutor.java:442)
	at com.kms.katalon.core.main.TestCaseExecutor.doExecute(TestCaseExecutor.java:433)
	at com.kms.katalon.core.main.TestCaseExecutor.processExecutionPhase(TestCaseExecutor.java:412)
	at com.kms.katalon.core.main.TestCaseExecutor.accessMainPhase(TestCaseExecutor.java:404)
	at com.kms.katalon.core.main.TestCaseExecutor.execute(TestCaseExecutor.java:281)
	at com.kms.katalon.core.main.TestSuiteExecutor.accessTestCaseMainPhase(TestSuiteExecutor.java:202)
	at com.kms.katalon.core.main.TestSuiteExecutor.accessTestSuiteMainPhase(TestSuiteExecutor.java:164)
	at com.kms.katalon.core.main.TestSuiteExecutor.execute(TestSuiteExecutor.java:105)
	at com.kms.katalon.core.main.TestCaseMain.startTestSuite(TestCaseMain.java:181)
	at com.kms.katalon.core.main.TestCaseMain$startTestSuite$0.call(Unknown Source)
	at TempTestSuite1642159997020.run(TempTestSuite1642159997020.groovy:36)
Caused by: com.kms.katalon.core.webui.exception.WebElementNotFoundException: Web element with id: 'Object Repository/Page_Group10 Administration Search/a_Upload users' located by '//div[@id='linkusers']/div/div[2]/div[2]/ul/li[8]/a' not found
	at com.kms.katalon.core.webui.common.WebUiCommonHelper.findWebElement(WebUiCommonHelper.java:1368)
	at com.kms.katalon.core.webui.keyword.internal.WebUIAbstractKeyword.findWebElement(WebUIAbstractKeyword.groovy:27)
	at com.kms.katalon.core.webui.keyword.builtin.ClickKeyword$_click_closure1.doCall(ClickKeyword.groovy:65)
	at com.kms.katalon.core.webui.keyword.builtin.ClickKeyword$_click_closure1.call(ClickKeyword.groovy)
	at com.kms.katalon.core.webui.keyword.internal.WebUIKeywordMain.runKeyword(WebUIKeywordMain.groovy:20)
	... 19 more
"/>
         <system-out><![CDATA[2022-01-14 18:38:24 - [TEST_CASE][FAILED] - Test Cases/Create manager by upload file: Test Cases/Create manager by upload file FAILED.
Reason:
com.kms.katalon.core.exception.StepFailedException: Unable to click on object 'Object Repository/Page_Group10 Administration Search/a_Upload users'
	at com.kms.katalon.core.webui.keyword.internal.WebUIKeywordMain.stepFailed(WebUIKeywordMain.groovy:64)
	at com.kms.katalon.core.webui.keyword.internal.WebUIKeywordMain.runKeyword(WebUIKeywordMain.groovy:26)
	at com.kms.katalon.core.webui.keyword.builtin.ClickKeyword.click(ClickKeyword.groovy:74)
	at com.kms.katalon.core.webui.keyword.builtin.ClickKeyword.execute(ClickKeyword.groovy:40)
	at com.kms.katalon.core.keyword.internal.KeywordExecutor.executeKeywordForPlatform(KeywordExecutor.groovy:74)
	at com.kms.katalon.core.webui.keyword.WebUiBuiltInKeywords.click(WebUiBuiltInKeywords.groovy:620)
	at com.kms.katalon.core.webui.keyword.WebUiBuiltInKeywords$click$1.call(Unknown Source)
	at Create manager by upload file.run(Create manager by upload file:36)
	at com.kms.katalon.core.main.ScriptEngine.run(ScriptEngine.java:194)
	at com.kms.katalon.core.main.ScriptEngine.runScriptAsRawText(ScriptEngine.java:119)
	at com.kms.katalon.core.main.TestCaseExecutor.runScript(TestCaseExecutor.java:442)
	at com.kms.katalon.core.main.TestCaseExecutor.doExecute(TestCaseExecutor.java:433)
	at com.kms.katalon.core.main.TestCaseExecutor.processExecutionPhase(TestCaseExecutor.java:412)
	at com.kms.katalon.core.main.TestCaseExecutor.accessMainPhase(TestCaseExecutor.java:404)
	at com.kms.katalon.core.main.TestCaseExecutor.execute(TestCaseExecutor.java:281)
	at com.kms.katalon.core.main.TestSuiteExecutor.accessTestCaseMainPhase(TestSuiteExecutor.java:202)
	at com.kms.katalon.core.main.TestSuiteExecutor.accessTestSuiteMainPhase(TestSuiteExecutor.java:164)
	at com.kms.katalon.core.main.TestSuiteExecutor.execute(TestSuiteExecutor.java:105)
	at com.kms.katalon.core.main.TestCaseMain.startTestSuite(TestCaseMain.java:181)
	at com.kms.katalon.core.main.TestCaseMain$startTestSuite$0.call(Unknown Source)
	at TempTestSuite1642159997020.run(TempTestSuite1642159997020.groovy:36)
Caused by: com.kms.katalon.core.webui.exception.WebElementNotFoundException: Web element with id: 'Object Repository/Page_Group10 Administration Search/a_Upload users' located by '//div[@id='linkusers']/div/div[2]/div[2]/ul/li[8]/a' not found
	at com.kms.katalon.core.webui.common.WebUiCommonHelper.findWebElement(WebUiCommonHelper.java:1368)
	at com.kms.katalon.core.webui.keyword.internal.WebUIAbstractKeyword.findWebElement(WebUIAbstractKeyword.groovy:27)
	at com.kms.katalon.core.webui.keyword.builtin.ClickKeyword$_click_closure1.doCall(ClickKeyword.groovy:65)
	at com.kms.katalon.core.webui.keyword.builtin.ClickKeyword$_click_closure1.call(ClickKeyword.groovy)
	at com.kms.katalon.core.webui.keyword.internal.WebUIKeywordMain.runKeyword(WebUIKeywordMain.groovy:20)
	... 19 more


2022-01-14 18:38:24 - [TEST_STEP][PASSED] - openBrowser(""): Browser is opened with url: ''

2022-01-14 18:38:24 - [MESSAGE][WARNING] - A browser is already opened. Closing browser and opening a new one

2022-01-14 18:38:25 - [MESSAGE][INFO] - Starting 'Edge Chromium' driver

2022-01-14 18:38:27 - [MESSAGE][INFO] - Action delay is set to 0 milliseconds

2022-01-14 18:38:28 - [MESSAGE][PASSED] - Browser is opened with url: ''

2022-01-14 18:38:28 - [TEST_STEP][PASSED] - navigateToUrl("http://localhost/"): Navigate to 'http://localhost/' successfully

2022-01-14 18:38:28 - [MESSAGE][PASSED] - Navigate to 'http://localhost/' successfully

2022-01-14 18:38:28 - [TEST_STEP][PASSED] - click(findTestObject("Object Repository/Page_Home page/a_Log in")): Object: 'Object Repository/Page_Home page/a_Log in' is clicked on

2022-01-14 18:38:29 - [MESSAGE][PASSED] - Object: 'Object Repository/Page_Home page/a_Log in' is clicked on

2022-01-14 18:38:29 - [TEST_STEP][PASSED] - setText(findTestObject("Object Repository/Page_Home page Log in to the site/input_Username_username"), "admin"): Text 'admin' is set on object 'Object Repository/Page_Home page Log in to the site/input_Username_username'

2022-01-14 18:38:30 - [MESSAGE][PASSED] - Text 'admin' is set on object 'Object Repository/Page_Home page Log in to the site/input_Username_username'

2022-01-14 18:38:30 - [TEST_STEP][PASSED] - setEncryptedText(findTestObject("Page_Home page Log in to the site/input_Password_password (1)"), "OFhcon1PzObx3ErJAwGfGA=="): Text ****** has been set on object 'Object Repository/Page_Home page Log in to the site/input_Password_password (1)'

2022-01-14 18:38:31 - [MESSAGE][PASSED] - Text ****** has been set on object 'Object Repository/Page_Home page Log in to the site/input_Password_password (1)'

2022-01-14 18:38:31 - [TEST_STEP][PASSED] - click(findTestObject("Object Repository/Page_Home page Log in to the site/button_Log in")): Object: 'Object Repository/Page_Home page Log in to the site/button_Log in' is clicked on

2022-01-14 18:38:32 - [MESSAGE][PASSED] - Object: 'Object Repository/Page_Home page Log in to the site/button_Log in' is clicked on

2022-01-14 18:38:32 - [TEST_STEP][PASSED] - click(findTestObject("Object Repository/Page_Dashboard/a_Site administration")): Object: 'Object Repository/Page_Dashboard/a_Site administration' is clicked on

2022-01-14 18:38:34 - [MESSAGE][PASSED] - Object: 'Object Repository/Page_Dashboard/a_Site administration' is clicked on

2022-01-14 18:38:34 - [TEST_STEP][PASSED] - click(findTestObject("Object Repository/Page_Group10 Administration Search/a_Users")): Object: 'Object Repository/Page_Group10 Administration Search/a_Users' is clicked on

2022-01-14 18:38:35 - [MESSAGE][PASSED] - Object: 'Object Repository/Page_Group10 Administration Search/a_Users' is clicked on

2022-01-14 18:38:35 - [TEST_STEP][FAILED] - click(findTestObject("Object Repository/Page_Group10 Administration Search/a_Upload users")): Unable to click on object 'Object Repository/Page_Group10 Administration Search/a_Upload users' (Root cause: com.kms.katalon.core.exception.StepFailedException: Unable to click on object 'Object Repository/Page_Group10 Administration Search/a_Upload users'
	at com.kms.katalon.core.webui.keyword.internal.WebUIKeywordMain.stepFailed(WebUIKeywordMain.groovy:64)
	at com.kms.katalon.core.webui.keyword.internal.WebUIKeywordMain.runKeyword(WebUIKeywordMain.groovy:26)
	at com.kms.katalon.core.webui.keyword.builtin.ClickKeyword.click(ClickKeyword.groovy:74)
	at com.kms.katalon.core.webui.keyword.builtin.ClickKeyword.execute(ClickKeyword.groovy:40)
	at com.kms.katalon.core.keyword.internal.KeywordExecutor.executeKeywordForPlatform(KeywordExecutor.groovy:74)
	at com.kms.katalon.core.webui.keyword.WebUiBuiltInKeywords.click(WebUiBuiltInKeywords.groovy:620)
	at com.kms.katalon.core.webui.keyword.WebUiBuiltInKeywords$click$1.call(Unknown Source)
	at Create manager by upload file.run(Create manager by upload file:36)
	at com.kms.katalon.core.main.ScriptEngine.run(ScriptEngine.java:194)
	at com.kms.katalon.core.main.ScriptEngine.runScriptAsRawText(ScriptEngine.java:119)
	at com.kms.katalon.core.main.TestCaseExecutor.runScript(TestCaseExecutor.java:442)
	at com.kms.katalon.core.main.TestCaseExecutor.doExecute(TestCaseExecutor.java:433)
	at com.kms.katalon.core.main.TestCaseExecutor.processExecutionPhase(TestCaseExecutor.java:412)
	at com.kms.katalon.core.main.TestCaseExecutor.accessMainPhase(TestCaseExecutor.java:404)
	at com.kms.katalon.core.main.TestCaseExecutor.execute(TestCaseExecutor.java:281)
	at com.kms.katalon.core.main.TestSuiteExecutor.accessTestCaseMainPhase(TestSuiteExecutor.java:202)
	at com.kms.katalon.core.main.TestSuiteExecutor.accessTestSuiteMainPhase(TestSuiteExecutor.java:164)
	at com.kms.katalon.core.main.TestSuiteExecutor.execute(TestSuiteExecutor.java:105)
	at com.kms.katalon.core.main.TestCaseMain.startTestSuite(TestCaseMain.java:181)
	at com.kms.katalon.core.main.TestCaseMain$startTestSuite$0.call(Unknown Source)
	at TempTestSuite1642159997020.run(TempTestSuite1642159997020.groovy:36)
Caused by: com.kms.katalon.core.webui.exception.WebElementNotFoundException: Web element with id: 'Object Repository/Page_Group10 Administration Search/a_Upload users' located by '//div[@id='linkusers']/div/div[2]/div[2]/ul/li[8]/a' not found
	at com.kms.katalon.core.webui.common.WebUiCommonHelper.findWebElement(WebUiCommonHelper.java:1368)
	at com.kms.katalon.core.webui.keyword.internal.WebUIAbstractKeyword.findWebElement(WebUIAbstractKeyword.groovy:27)
	at com.kms.katalon.core.webui.keyword.builtin.ClickKeyword$_click_closure1.doCall(ClickKeyword.groovy:65)
	at com.kms.katalon.core.webui.keyword.builtin.ClickKeyword$_click_closure1.call(ClickKeyword.groovy)
	at com.kms.katalon.core.webui.keyword.internal.WebUIKeywordMain.runKeyword(WebUIKeywordMain.groovy:20)
	at com.kms.katalon.core.webui.keyword.builtin.ClickKeyword.click(ClickKeyword.groovy:74)
	at com.kms.katalon.core.webui.keyword.builtin.ClickKeyword.execute(ClickKeyword.groovy:40)
	at com.kms.katalon.core.keyword.internal.KeywordExecutor.executeKeywordForPlatform(KeywordExecutor.groovy:74)
	at com.kms.katalon.core.webui.keyword.WebUiBuiltInKeywords.click(WebUiBuiltInKeywords.groovy:620)
	at com.kms.katalon.core.webui.keyword.WebUiBuiltInKeywords$click$1.call(Unknown Source)
	at Script1642067628485.run(Script1642067628485.groovy:36)
	... 13 more
)

2022-01-14 18:39:06 - [MESSAGE][INFO] - Unable to find the element located by 'By.xpath: //div[@id='linkusers']/div/div[2]/div[2]/ul/li[8]/a'. Please recheck the objects properties to make sure the desired element is located. 

2022-01-14 18:39:06 - [MESSAGE][FAILED] - Unable to click on object 'Object Repository/Page_Group10 Administration Search/a_Upload users' (Root cause: com.kms.katalon.core.exception.StepFailedException: Unable to click on object 'Object Repository/Page_Group10 Administration Search/a_Upload users'
	at com.kms.katalon.core.webui.keyword.internal.WebUIKeywordMain.stepFailed(WebUIKeywordMain.groovy:64)
	at com.kms.katalon.core.webui.keyword.internal.WebUIKeywordMain.runKeyword(WebUIKeywordMain.groovy:26)
	at com.kms.katalon.core.webui.keyword.builtin.ClickKeyword.click(ClickKeyword.groovy:74)
	at com.kms.katalon.core.webui.keyword.builtin.ClickKeyword.execute(ClickKeyword.groovy:40)
	at com.kms.katalon.core.keyword.internal.KeywordExecutor.executeKeywordForPlatform(KeywordExecutor.groovy:74)
	at com.kms.katalon.core.webui.keyword.WebUiBuiltInKeywords.click(WebUiBuiltInKeywords.groovy:620)
	at com.kms.katalon.core.webui.keyword.WebUiBuiltInKeywords$click$1.call(Unknown Source)
	at Create manager by upload file.run(Create manager by upload file:36)
	at com.kms.katalon.core.main.ScriptEngine.run(ScriptEngine.java:194)
	at com.kms.katalon.core.main.ScriptEngine.runScriptAsRawText(ScriptEngine.java:119)
	at com.kms.katalon.core.main.TestCaseExecutor.runScript(TestCaseExecutor.java:442)
	at com.kms.katalon.core.main.TestCaseExecutor.doExecute(TestCaseExecutor.java:433)
	at com.kms.katalon.core.main.TestCaseExecutor.processExecutionPhase(TestCaseExecutor.java:412)
	at com.kms.katalon.core.main.TestCaseExecutor.accessMainPhase(TestCaseExecutor.java:404)
	at com.kms.katalon.core.main.TestCaseExecutor.execute(TestCaseExecutor.java:281)
	at com.kms.katalon.core.main.TestSuiteExecutor.accessTestCaseMainPhase(TestSuiteExecutor.java:202)
	at com.kms.katalon.core.main.TestSuiteExecutor.accessTestSuiteMainPhase(TestSuiteExecutor.java:164)
	at com.kms.katalon.core.main.TestSuiteExecutor.execute(TestSuiteExecutor.java:105)
	at com.kms.katalon.core.main.TestCaseMain.startTestSuite(TestCaseMain.java:181)
	at com.kms.katalon.core.main.TestCaseMain$startTestSuite$0.call(Unknown Source)
	at TempTestSuite1642159997020.run(TempTestSuite1642159997020.groovy:36)
Caused by: com.kms.katalon.core.webui.exception.WebElementNotFoundException: Web element with id: 'Object Repository/Page_Group10 Administration Search/a_Upload users' located by '//div[@id='linkusers']/div/div[2]/div[2]/ul/li[8]/a' not found
	at com.kms.katalon.core.webui.common.WebUiCommonHelper.findWebElement(WebUiCommonHelper.java:1368)
	at com.kms.katalon.core.webui.keyword.internal.WebUIAbstractKeyword.findWebElement(WebUIAbstractKeyword.groovy:27)
	at com.kms.katalon.core.webui.keyword.builtin.ClickKeyword$_click_closure1.doCall(ClickKeyword.groovy:65)
	at com.kms.katalon.core.webui.keyword.builtin.ClickKeyword$_click_closure1.call(ClickKeyword.groovy)
	at com.kms.katalon.core.webui.keyword.internal.WebUIKeywordMain.runKeyword(WebUIKeywordMain.groovy:20)
	at com.kms.katalon.core.webui.keyword.builtin.ClickKeyword.click(ClickKeyword.groovy:74)
	at com.kms.katalon.core.webui.keyword.builtin.ClickKeyword.execute(ClickKeyword.groovy:40)
	at com.kms.katalon.core.keyword.internal.KeywordExecutor.executeKeywordForPlatform(KeywordExecutor.groovy:74)
	at com.kms.katalon.core.webui.keyword.WebUiBuiltInKeywords.click(WebUiBuiltInKeywords.groovy:620)
	at com.kms.katalon.core.webui.keyword.WebUiBuiltInKeywords$click$1.call(Unknown Source)
	at Script1642067628485.run(Script1642067628485.groovy:36)
	... 13 more
)
[[ATTACHMENT|D:\\TestAutomation-SEBonus-Group10\\Test Automation - SE Bonus\\Reports\\20220114_183317\\Run all test cases\\20220114_183317\\1642160346228.png]]]]></system-out>
         <system-err><![CDATA[2022-01-14 18:38:24 - [TEST_CASE][FAILED] - Test Cases/Create manager by upload file: Test Cases/Create manager by upload file FAILED.
Reason:
com.kms.katalon.core.exception.StepFailedException: Unable to click on object 'Object Repository/Page_Group10 Administration Search/a_Upload users'
	at com.kms.katalon.core.webui.keyword.internal.WebUIKeywordMain.stepFailed(WebUIKeywordMain.groovy:64)
	at com.kms.katalon.core.webui.keyword.internal.WebUIKeywordMain.runKeyword(WebUIKeywordMain.groovy:26)
	at com.kms.katalon.core.webui.keyword.builtin.ClickKeyword.click(ClickKeyword.groovy:74)
	at com.kms.katalon.core.webui.keyword.builtin.ClickKeyword.execute(ClickKeyword.groovy:40)
	at com.kms.katalon.core.keyword.internal.KeywordExecutor.executeKeywordForPlatform(KeywordExecutor.groovy:74)
	at com.kms.katalon.core.webui.keyword.WebUiBuiltInKeywords.click(WebUiBuiltInKeywords.groovy:620)
	at com.kms.katalon.core.webui.keyword.WebUiBuiltInKeywords$click$1.call(Unknown Source)
	at Create manager by upload file.run(Create manager by upload file:36)
	at com.kms.katalon.core.main.ScriptEngine.run(ScriptEngine.java:194)
	at com.kms.katalon.core.main.ScriptEngine.runScriptAsRawText(ScriptEngine.java:119)
	at com.kms.katalon.core.main.TestCaseExecutor.runScript(TestCaseExecutor.java:442)
	at com.kms.katalon.core.main.TestCaseExecutor.doExecute(TestCaseExecutor.java:433)
	at com.kms.katalon.core.main.TestCaseExecutor.processExecutionPhase(TestCaseExecutor.java:412)
	at com.kms.katalon.core.main.TestCaseExecutor.accessMainPhase(TestCaseExecutor.java:404)
	at com.kms.katalon.core.main.TestCaseExecutor.execute(TestCaseExecutor.java:281)
	at com.kms.katalon.core.main.TestSuiteExecutor.accessTestCaseMainPhase(TestSuiteExecutor.java:202)
	at com.kms.katalon.core.main.TestSuiteExecutor.accessTestSuiteMainPhase(TestSuiteExecutor.java:164)
	at com.kms.katalon.core.main.TestSuiteExecutor.execute(TestSuiteExecutor.java:105)
	at com.kms.katalon.core.main.TestCaseMain.startTestSuite(TestCaseMain.java:181)
	at com.kms.katalon.core.main.TestCaseMain$startTestSuite$0.call(Unknown Source)
	at TempTestSuite1642159997020.run(TempTestSuite1642159997020.groovy:36)
Caused by: com.kms.katalon.core.webui.exception.WebElementNotFoundException: Web element with id: 'Object Repository/Page_Group10 Administration Search/a_Upload users' located by '//div[@id='linkusers']/div/div[2]/div[2]/ul/li[8]/a' not found
	at com.kms.katalon.core.webui.common.WebUiCommonHelper.findWebElement(WebUiCommonHelper.java:1368)
	at com.kms.katalon.core.webui.keyword.internal.WebUIAbstractKeyword.findWebElement(WebUIAbstractKeyword.groovy:27)
	at com.kms.katalon.core.webui.keyword.builtin.ClickKeyword$_click_closure1.doCall(ClickKeyword.groovy:65)
	at com.kms.katalon.core.webui.keyword.builtin.ClickKeyword$_click_closure1.call(ClickKeyword.groovy)
	at com.kms.katalon.core.webui.keyword.internal.WebUIKeywordMain.runKeyword(WebUIKeywordMain.groovy:20)
	... 19 more]]></system-err>
      </testcase>
      <testcase name="Test Cases/Change pass" time="22.593" classname="Test Cases/Change pass" status="PASSED">
         <system-out><![CDATA[2022-01-14 18:39:06 - [TEST_CASE][PASSED] - Test Cases/Change pass: Test Cases/Change pass

2022-01-14 18:39:06 - [TEST_STEP][PASSED] - openBrowser(""): Browser is opened with url: ''

2022-01-14 18:39:06 - [MESSAGE][WARNING] - A browser is already opened. Closing browser and opening a new one

2022-01-14 18:39:07 - [MESSAGE][INFO] - Starting 'Edge Chromium' driver

2022-01-14 18:39:09 - [MESSAGE][INFO] - Action delay is set to 0 milliseconds

2022-01-14 18:39:10 - [MESSAGE][PASSED] - Browser is opened with url: ''

2022-01-14 18:39:10 - [TEST_STEP][PASSED] - navigateToUrl("http://localhost/"): Navigate to 'http://localhost/' successfully

2022-01-14 18:39:11 - [MESSAGE][PASSED] - Navigate to 'http://localhost/' successfully

2022-01-14 18:39:11 - [TEST_STEP][PASSED] - click(findTestObject("Object Repository/changepass/Page_Home page/a_Log in")): Object: 'Object Repository/changepass/Page_Home page/a_Log in' is clicked on

2022-01-14 18:39:12 - [MESSAGE][PASSED] - Object: 'Object Repository/changepass/Page_Home page/a_Log in' is clicked on

2022-01-14 18:39:12 - [TEST_STEP][PASSED] - setText(findTestObject("Object Repository/changepass/Page_Home page Log in to the site/input_Username_username"), "student1"): Text 'student1' is set on object 'Object Repository/changepass/Page_Home page Log in to the site/input_Username_username'

2022-01-14 18:39:13 - [MESSAGE][PASSED] - Text 'student1' is set on object 'Object Repository/changepass/Page_Home page Log in to the site/input_Username_username'

2022-01-14 18:39:13 - [TEST_STEP][PASSED] - setEncryptedText(findTestObject("Object Repository/changepass/Page_Home page Log in to the site/input_Password_password"), "9ExR24d8uBTe5Y0Xu9Ji6w=="): Text ****** has been set on object 'Object Repository/changepass/Page_Home page Log in to the site/input_Password_password'

2022-01-14 18:39:13 - [MESSAGE][PASSED] - Text ****** has been set on object 'Object Repository/changepass/Page_Home page Log in to the site/input_Password_password'

2022-01-14 18:39:13 - [TEST_STEP][PASSED] - click(findTestObject("Object Repository/changepass/Page_Home page Log in to the site/button_Log in")): Object: 'Object Repository/changepass/Page_Home page Log in to the site/button_Log in' is clicked on

2022-01-14 18:39:14 - [MESSAGE][PASSED] - Object: 'Object Repository/changepass/Page_Home page Log in to the site/button_Log in' is clicked on

2022-01-14 18:39:14 - [TEST_STEP][PASSED] - click(findTestObject("Object Repository/changepass/Page_Dashboard/a_NH")): Object: 'Object Repository/changepass/Page_Dashboard/a_NH' is clicked on

2022-01-14 18:39:15 - [MESSAGE][PASSED] - Object: 'Object Repository/changepass/Page_Dashboard/a_NH' is clicked on

2022-01-14 18:39:15 - [TEST_STEP][PASSED] - click(findTestObject("Object Repository/changepass/Page_Dashboard/a_Profile")): Object: 'Object Repository/changepass/Page_Dashboard/a_Profile' is clicked on

2022-01-14 18:39:16 - [MESSAGE][PASSED] - Object: 'Object Repository/changepass/Page_Dashboard/a_Profile' is clicked on

2022-01-14 18:39:16 - [TEST_STEP][PASSED] - click(findTestObject("Object Repository/changepass/Page_Nguyen Hoa Public profile/a_Edit profile")): Object: 'Object Repository/changepass/Page_Nguyen Hoa Public profile/a_Edit profile' is clicked on

2022-01-14 18:39:18 - [MESSAGE][PASSED] - Object: 'Object Repository/changepass/Page_Nguyen Hoa Public profile/a_Edit profile' is clicked on

2022-01-14 18:39:18 - [TEST_STEP][PASSED] - click(findTestObject("Object Repository/changepass/Page_Group10 Edit profile/a_Preferences")): Object: 'Object Repository/changepass/Page_Group10 Edit profile/a_Preferences' is clicked on

2022-01-14 18:39:19 - [MESSAGE][PASSED] - Object: 'Object Repository/changepass/Page_Group10 Edit profile/a_Preferences' is clicked on

2022-01-14 18:39:19 - [TEST_STEP][PASSED] - click(findTestObject("Object Repository/changepass/Page_Preferences/a_Change password")): Object: 'Object Repository/changepass/Page_Preferences/a_Change password' is clicked on

2022-01-14 18:39:20 - [MESSAGE][PASSED] - Object: 'Object Repository/changepass/Page_Preferences/a_Change password' is clicked on

2022-01-14 18:39:20 - [TEST_STEP][PASSED] - setEncryptedText(findTestObject("Object Repository/changepass/Page_Change password/input_Current password_password"), "9ExR24d8uBTe5Y0Xu9Ji6w=="): Text ****** has been set on object 'Object Repository/changepass/Page_Change password/input_Current password_password'

2022-01-14 18:39:20 - [MESSAGE][PASSED] - Text ****** has been set on object 'Object Repository/changepass/Page_Change password/input_Current password_password'

2022-01-14 18:39:20 - [TEST_STEP][PASSED] - setEncryptedText(findTestObject("Object Repository/changepass/Page_Change password/input_New password_newpassword1"), "OFhcon1PzObx3ErJAwGfGA=="): Text ****** has been set on object 'Object Repository/changepass/Page_Change password/input_New password_newpassword1'

2022-01-14 18:39:21 - [MESSAGE][PASSED] - Text ****** has been set on object 'Object Repository/changepass/Page_Change password/input_New password_newpassword1'

2022-01-14 18:39:21 - [TEST_STEP][PASSED] - setEncryptedText(findTestObject("Object Repository/changepass/Page_Change password/input_New password (again)_newpassword2"), "OFhcon1PzObx3ErJAwGfGA=="): Text ****** has been set on object 'Object Repository/changepass/Page_Change password/input_New password (again)_newpassword2'

2022-01-14 18:39:22 - [MESSAGE][PASSED] - Text ****** has been set on object 'Object Repository/changepass/Page_Change password/input_New password (again)_newpassword2'

2022-01-14 18:39:22 - [TEST_STEP][PASSED] - click(findTestObject("Object Repository/changepass/Page_Change password/input_New password (again)_submitbutton")): Object: 'Object Repository/changepass/Page_Change password/input_New password (again)_submitbutton' is clicked on

2022-01-14 18:39:23 - [MESSAGE][PASSED] - Object: 'Object Repository/changepass/Page_Change password/input_New password (again)_submitbutton' is clicked on

2022-01-14 18:39:23 - [TEST_STEP][PASSED] - click(findTestObject("Object Repository/changepass/Page_Preferences/a_NH")): Object: 'Object Repository/changepass/Page_Preferences/a_NH' is clicked on

2022-01-14 18:39:24 - [MESSAGE][PASSED] - Object: 'Object Repository/changepass/Page_Preferences/a_NH' is clicked on

2022-01-14 18:39:24 - [TEST_STEP][PASSED] - click(findTestObject("Object Repository/changepass/Page_Preferences/a_Log out")): Object: 'Object Repository/changepass/Page_Preferences/a_Log out' is clicked on

2022-01-14 18:39:24 - [MESSAGE][PASSED] - Object: 'Object Repository/changepass/Page_Preferences/a_Log out' is clicked on

2022-01-14 18:39:24 - [TEST_STEP][PASSED] - click(findTestObject("Object Repository/changepass/Page_Home page/a_Log in")): Object: 'Object Repository/changepass/Page_Home page/a_Log in' is clicked on

2022-01-14 18:39:25 - [MESSAGE][PASSED] - Object: 'Object Repository/changepass/Page_Home page/a_Log in' is clicked on

2022-01-14 18:39:25 - [TEST_STEP][PASSED] - setText(findTestObject("Object Repository/changepass/Page_Home page Log in to the site/input_Username_username"), "student1"): Text 'student1' is set on object 'Object Repository/changepass/Page_Home page Log in to the site/input_Username_username'

2022-01-14 18:39:26 - [MESSAGE][PASSED] - Text 'student1' is set on object 'Object Repository/changepass/Page_Home page Log in to the site/input_Username_username'

2022-01-14 18:39:26 - [TEST_STEP][PASSED] - setEncryptedText(findTestObject("Object Repository/changepass/Page_Home page Log in to the site/input_Password_password"), "OFhcon1PzObx3ErJAwGfGA=="): Text ****** has been set on object 'Object Repository/changepass/Page_Home page Log in to the site/input_Password_password'

2022-01-14 18:39:26 - [MESSAGE][PASSED] - Text ****** has been set on object 'Object Repository/changepass/Page_Home page Log in to the site/input_Password_password'

2022-01-14 18:39:26 - [TEST_STEP][PASSED] - click(findTestObject("Object Repository/changepass/Page_Home page Log in to the site/button_Log in")): Object: 'Object Repository/changepass/Page_Home page Log in to the site/button_Log in' is clicked on

2022-01-14 18:39:28 - [MESSAGE][PASSED] - Object: 'Object Repository/changepass/Page_Home page Log in to the site/button_Log in' is clicked on

2022-01-14 18:39:28 - [TEST_STEP][PASSED] - closeBrowser(): Browser is closed

2022-01-14 18:39:29 - [MESSAGE][PASSED] - Browser is closed]]></system-out>
         <system-err><![CDATA[]]></system-err>
      </testcase>
      <testcase name="Test Cases/Login with incorrect username" time="38.828" classname="Test Cases/Login with incorrect username" status="PASSED">
         <system-out><![CDATA[2022-01-14 18:39:29 - [TEST_CASE][PASSED] - Test Cases/Login with incorrect username: Test Cases/Login with incorrect username

2022-01-14 18:39:29 - [TEST_STEP][PASSED] - openBrowser(""): Browser is opened with url: ''

2022-01-14 18:39:29 - [MESSAGE][INFO] - Starting 'Edge Chromium' driver

2022-01-14 18:39:31 - [MESSAGE][INFO] - Action delay is set to 0 milliseconds

2022-01-14 18:39:32 - [MESSAGE][PASSED] - Browser is opened with url: ''

2022-01-14 18:39:32 - [TEST_STEP][PASSED] - navigateToUrl("http://localhost/"): Navigate to 'http://localhost/' successfully

2022-01-14 18:39:32 - [MESSAGE][PASSED] - Navigate to 'http://localhost/' successfully

2022-01-14 18:39:32 - [TEST_STEP][PASSED] - click(findTestObject("Object Repository/Page_Home page/a_Log in")): Object: 'Object Repository/Page_Home page/a_Log in' is clicked on

2022-01-14 18:39:33 - [MESSAGE][PASSED] - Object: 'Object Repository/Page_Home page/a_Log in' is clicked on

2022-01-14 18:39:33 - [TEST_STEP][PASSED] - setText(findTestObject("Object Repository/Page_Home page Log in to the site/input_Username_username"), "student"): Text 'student' is set on object 'Object Repository/Page_Home page Log in to the site/input_Username_username'

2022-01-14 18:39:34 - [MESSAGE][PASSED] - Text 'student' is set on object 'Object Repository/Page_Home page Log in to the site/input_Username_username'

2022-01-14 18:39:34 - [TEST_STEP][PASSED] - setEncryptedText(findTestObject("Page_Home page Log in to the site/input_Password_password (1)"), "OFhcon1PzObx3ErJAwGfGA=="): Text ****** has been set on object 'Object Repository/Page_Home page Log in to the site/input_Password_password (1)'

2022-01-14 18:39:35 - [MESSAGE][PASSED] - Text ****** has been set on object 'Object Repository/Page_Home page Log in to the site/input_Password_password (1)'

2022-01-14 18:39:35 - [TEST_STEP][PASSED] - click(findTestObject("Object Repository/Page_Home page Log in to the site/button_Log in")): Object: 'Object Repository/Page_Home page Log in to the site/button_Log in' is clicked on

2022-01-14 18:39:35 - [MESSAGE][PASSED] - Object: 'Object Repository/Page_Home page Log in to the site/button_Log in' is clicked on

2022-01-14 18:39:35 - [TEST_STEP][PASSED] - verifyElementNotVisibleInViewport(findTestObject("Object Repository/Page_Dashboard/a_Site administration"), 0): Object 'Object Repository/Page_Dashboard/a_Site administration' is not present

2022-01-14 18:39:35 - [MESSAGE][WARNING] - Timeout '0' is invalid. Using default page load timeout: '30'

2022-01-14 18:40:06 - [MESSAGE][INFO] - Unable to find the element located by 'By.xpath: //a[contains(text(),'Site administration')]'. Please recheck the objects properties to make sure the desired element is located. 

2022-01-14 18:40:06 - [MESSAGE][WARNING] - Object 'Object Repository/Page_Dashboard/a_Site administration' is not present

2022-01-14 18:40:06 - [TEST_STEP][PASSED] - closeBrowser(): Browser is closed

2022-01-14 18:40:07 - [MESSAGE][PASSED] - Browser is closed]]></system-out>
         <system-err><![CDATA[]]></system-err>
      </testcase>
      <testcase name="Test Cases/Login with incorrect password" time="39.085" classname="Test Cases/Login with incorrect password" status="PASSED">
         <system-out><![CDATA[2022-01-14 18:40:07 - [TEST_CASE][PASSED] - Test Cases/Login with incorrect password: Test Cases/Login with incorrect password

2022-01-14 18:40:08 - [TEST_STEP][PASSED] - openBrowser(""): Browser is opened with url: ''

2022-01-14 18:40:08 - [MESSAGE][INFO] - Starting 'Edge Chromium' driver

2022-01-14 18:40:10 - [MESSAGE][INFO] - Action delay is set to 0 milliseconds

2022-01-14 18:40:11 - [MESSAGE][PASSED] - Browser is opened with url: ''

2022-01-14 18:40:11 - [TEST_STEP][PASSED] - navigateToUrl("http://localhost/"): Navigate to 'http://localhost/' successfully

2022-01-14 18:40:11 - [MESSAGE][PASSED] - Navigate to 'http://localhost/' successfully

2022-01-14 18:40:11 - [TEST_STEP][PASSED] - click(findTestObject("Object Repository/Page_Home page/a_Log in")): Object: 'Object Repository/Page_Home page/a_Log in' is clicked on

2022-01-14 18:40:12 - [MESSAGE][PASSED] - Object: 'Object Repository/Page_Home page/a_Log in' is clicked on

2022-01-14 18:40:12 - [TEST_STEP][PASSED] - setText(findTestObject("Object Repository/Page_Home page Log in to the site/input_Username_username"), "student1"): Text 'student1' is set on object 'Object Repository/Page_Home page Log in to the site/input_Username_username'

2022-01-14 18:40:13 - [MESSAGE][PASSED] - Text 'student1' is set on object 'Object Repository/Page_Home page Log in to the site/input_Username_username'

2022-01-14 18:40:13 - [TEST_STEP][PASSED] - setEncryptedText(findTestObject("Page_Home page Log in to the site/input_Password_password (1)"), "suoVCwEpf9Y="): Text ****** has been set on object 'Object Repository/Page_Home page Log in to the site/input_Password_password (1)'

2022-01-14 18:40:14 - [MESSAGE][PASSED] - Text ****** has been set on object 'Object Repository/Page_Home page Log in to the site/input_Password_password (1)'

2022-01-14 18:40:14 - [TEST_STEP][PASSED] - click(findTestObject("Object Repository/Page_Home page Log in to the site/button_Log in")): Object: 'Object Repository/Page_Home page Log in to the site/button_Log in' is clicked on

2022-01-14 18:40:14 - [MESSAGE][PASSED] - Object: 'Object Repository/Page_Home page Log in to the site/button_Log in' is clicked on

2022-01-14 18:40:14 - [TEST_STEP][PASSED] - verifyElementNotVisibleInViewport(findTestObject("Object Repository/Page_Dashboard/a_Site administration"), 0): Object 'Object Repository/Page_Dashboard/a_Site administration' is not present

2022-01-14 18:40:15 - [MESSAGE][WARNING] - Timeout '0' is invalid. Using default page load timeout: '30'

2022-01-14 18:40:46 - [MESSAGE][INFO] - Unable to find the element located by 'By.xpath: //a[contains(text(),'Site administration')]'. Please recheck the objects properties to make sure the desired element is located. 

2022-01-14 18:40:46 - [MESSAGE][WARNING] - Object 'Object Repository/Page_Dashboard/a_Site administration' is not present

2022-01-14 18:40:46 - [TEST_STEP][PASSED] - closeBrowser(): Browser is closed

2022-01-14 18:40:46 - [MESSAGE][PASSED] - Browser is closed]]></system-out>
         <system-err><![CDATA[]]></system-err>
      </testcase>
      <testcase name="Test Cases/Login with valid account" time="9.925" classname="Test Cases/Login with valid account" status="PASSED">
         <system-out><![CDATA[2022-01-14 18:40:46 - [TEST_CASE][PASSED] - Test Cases/Login with valid account: Test Cases/Login with valid account

2022-01-14 18:40:47 - [TEST_STEP][PASSED] - openBrowser(""): Browser is opened with url: ''

2022-01-14 18:40:47 - [MESSAGE][INFO] - Starting 'Edge Chromium' driver

2022-01-14 18:40:49 - [MESSAGE][INFO] - Action delay is set to 0 milliseconds

2022-01-14 18:40:50 - [MESSAGE][PASSED] - Browser is opened with url: ''

2022-01-14 18:40:50 - [TEST_STEP][PASSED] - navigateToUrl("http://localhost/"): Navigate to 'http://localhost/' successfully

2022-01-14 18:40:50 - [MESSAGE][PASSED] - Navigate to 'http://localhost/' successfully

2022-01-14 18:40:50 - [TEST_STEP][PASSED] - click(findTestObject("Object Repository/Page_Home page/a_Log in")): Object: 'Object Repository/Page_Home page/a_Log in' is clicked on

2022-01-14 18:40:52 - [MESSAGE][PASSED] - Object: 'Object Repository/Page_Home page/a_Log in' is clicked on

2022-01-14 18:40:52 - [TEST_STEP][PASSED] - setText(findTestObject("Object Repository/Page_Home page Log in to the site/input_Username_username"), "student1"): Text 'student1' is set on object 'Object Repository/Page_Home page Log in to the site/input_Username_username'

2022-01-14 18:40:52 - [MESSAGE][PASSED] - Text 'student1' is set on object 'Object Repository/Page_Home page Log in to the site/input_Username_username'

2022-01-14 18:40:52 - [TEST_STEP][PASSED] - setEncryptedText(findTestObject("Page_Home page Log in to the site/input_Password_password (1)"), "OFhcon1PzObx3ErJAwGfGA=="): Text ****** has been set on object 'Object Repository/Page_Home page Log in to the site/input_Password_password (1)'

2022-01-14 18:40:53 - [MESSAGE][PASSED] - Text ****** has been set on object 'Object Repository/Page_Home page Log in to the site/input_Password_password (1)'

2022-01-14 18:40:53 - [TEST_STEP][PASSED] - click(findTestObject("Object Repository/Page_Home page Log in to the site/button_Log in")): Object: 'Object Repository/Page_Home page Log in to the site/button_Log in' is clicked on

2022-01-14 18:40:54 - [MESSAGE][PASSED] - Object: 'Object Repository/Page_Home page Log in to the site/button_Log in' is clicked on

2022-01-14 18:40:54 - [TEST_STEP][PASSED] - click(findTestObject("Object Repository/Page_Dashboard/a_NV")): Object: 'Object Repository/Page_Dashboard/a_NV' is clicked on

2022-01-14 18:40:55 - [MESSAGE][PASSED] - Object: 'Object Repository/Page_Dashboard/a_NV' is clicked on

2022-01-14 18:40:55 - [TEST_STEP][PASSED] - click(findTestObject("Object Repository/Page_Dashboard/a_Log out")): Object: 'Object Repository/Page_Dashboard/a_Log out' is clicked on

2022-01-14 18:40:56 - [MESSAGE][PASSED] - Object: 'Object Repository/Page_Dashboard/a_Log out' is clicked on

2022-01-14 18:40:56 - [TEST_STEP][PASSED] - closeBrowser(): Browser is closed

2022-01-14 18:40:56 - [MESSAGE][PASSED] - Browser is closed]]></system-out>
         <system-err><![CDATA[]]></system-err>
      </testcase>
      <testcase name="Test Cases/Edit Profile" time="60.191" classname="Test Cases/Edit Profile" status="FAILED">
         <failure type="FAILED" message="Test Cases/Edit Profile FAILED.
Reason:
com.kms.katalon.core.exception.StepFailedException: Unable to click on object 'Object Repository/edit profile/Page_Group10 Administration Search/a_Browse list of users'
	at com.kms.katalon.core.webui.keyword.internal.WebUIKeywordMain.stepFailed(WebUIKeywordMain.groovy:64)
	at com.kms.katalon.core.webui.keyword.internal.WebUIKeywordMain.runKeyword(WebUIKeywordMain.groovy:26)
	at com.kms.katalon.core.webui.keyword.builtin.ClickKeyword.click(ClickKeyword.groovy:74)
	at com.kms.katalon.core.webui.keyword.builtin.ClickKeyword.execute(ClickKeyword.groovy:40)
	at com.kms.katalon.core.keyword.internal.KeywordExecutor.executeKeywordForPlatform(KeywordExecutor.groovy:74)
	at com.kms.katalon.core.webui.keyword.WebUiBuiltInKeywords.click(WebUiBuiltInKeywords.groovy:620)
	at com.kms.katalon.core.webui.keyword.WebUiBuiltInKeywords$click$1.call(Unknown Source)
	at Edit Profile.run(Edit Profile:65)
	at com.kms.katalon.core.main.ScriptEngine.run(ScriptEngine.java:194)
	at com.kms.katalon.core.main.ScriptEngine.runScriptAsRawText(ScriptEngine.java:119)
	at com.kms.katalon.core.main.TestCaseExecutor.runScript(TestCaseExecutor.java:442)
	at com.kms.katalon.core.main.TestCaseExecutor.doExecute(TestCaseExecutor.java:433)
	at com.kms.katalon.core.main.TestCaseExecutor.processExecutionPhase(TestCaseExecutor.java:412)
	at com.kms.katalon.core.main.TestCaseExecutor.accessMainPhase(TestCaseExecutor.java:404)
	at com.kms.katalon.core.main.TestCaseExecutor.execute(TestCaseExecutor.java:281)
	at com.kms.katalon.core.main.TestSuiteExecutor.accessTestCaseMainPhase(TestSuiteExecutor.java:202)
	at com.kms.katalon.core.main.TestSuiteExecutor.accessTestSuiteMainPhase(TestSuiteExecutor.java:164)
	at com.kms.katalon.core.main.TestSuiteExecutor.execute(TestSuiteExecutor.java:105)
	at com.kms.katalon.core.main.TestCaseMain.startTestSuite(TestCaseMain.java:181)
	at com.kms.katalon.core.main.TestCaseMain$startTestSuite$0.call(Unknown Source)
	at TempTestSuite1642159997020.run(TempTestSuite1642159997020.groovy:36)
Caused by: com.kms.katalon.core.webui.exception.WebElementNotFoundException: Web element with id: 'Object Repository/edit profile/Page_Group10 Administration Search/a_Browse list of users' located by '//a[contains(text(),'Browse list of users')]' not found
	at com.kms.katalon.core.webui.common.WebUiCommonHelper.findWebElement(WebUiCommonHelper.java:1368)
	at com.kms.katalon.core.webui.keyword.internal.WebUIAbstractKeyword.findWebElement(WebUIAbstractKeyword.groovy:27)
	at com.kms.katalon.core.webui.keyword.builtin.ClickKeyword$_click_closure1.doCall(ClickKeyword.groovy:65)
	at com.kms.katalon.core.webui.keyword.builtin.ClickKeyword$_click_closure1.call(ClickKeyword.groovy)
	at com.kms.katalon.core.webui.keyword.internal.WebUIKeywordMain.runKeyword(WebUIKeywordMain.groovy:20)
	... 19 more
"/>
         <system-out><![CDATA[2022-01-14 18:40:56 - [TEST_CASE][FAILED] - Test Cases/Edit Profile: Test Cases/Edit Profile FAILED.
Reason:
com.kms.katalon.core.exception.StepFailedException: Unable to click on object 'Object Repository/edit profile/Page_Group10 Administration Search/a_Browse list of users'
	at com.kms.katalon.core.webui.keyword.internal.WebUIKeywordMain.stepFailed(WebUIKeywordMain.groovy:64)
	at com.kms.katalon.core.webui.keyword.internal.WebUIKeywordMain.runKeyword(WebUIKeywordMain.groovy:26)
	at com.kms.katalon.core.webui.keyword.builtin.ClickKeyword.click(ClickKeyword.groovy:74)
	at com.kms.katalon.core.webui.keyword.builtin.ClickKeyword.execute(ClickKeyword.groovy:40)
	at com.kms.katalon.core.keyword.internal.KeywordExecutor.executeKeywordForPlatform(KeywordExecutor.groovy:74)
	at com.kms.katalon.core.webui.keyword.WebUiBuiltInKeywords.click(WebUiBuiltInKeywords.groovy:620)
	at com.kms.katalon.core.webui.keyword.WebUiBuiltInKeywords$click$1.call(Unknown Source)
	at Edit Profile.run(Edit Profile:65)
	at com.kms.katalon.core.main.ScriptEngine.run(ScriptEngine.java:194)
	at com.kms.katalon.core.main.ScriptEngine.runScriptAsRawText(ScriptEngine.java:119)
	at com.kms.katalon.core.main.TestCaseExecutor.runScript(TestCaseExecutor.java:442)
	at com.kms.katalon.core.main.TestCaseExecutor.doExecute(TestCaseExecutor.java:433)
	at com.kms.katalon.core.main.TestCaseExecutor.processExecutionPhase(TestCaseExecutor.java:412)
	at com.kms.katalon.core.main.TestCaseExecutor.accessMainPhase(TestCaseExecutor.java:404)
	at com.kms.katalon.core.main.TestCaseExecutor.execute(TestCaseExecutor.java:281)
	at com.kms.katalon.core.main.TestSuiteExecutor.accessTestCaseMainPhase(TestSuiteExecutor.java:202)
	at com.kms.katalon.core.main.TestSuiteExecutor.accessTestSuiteMainPhase(TestSuiteExecutor.java:164)
	at com.kms.katalon.core.main.TestSuiteExecutor.execute(TestSuiteExecutor.java:105)
	at com.kms.katalon.core.main.TestCaseMain.startTestSuite(TestCaseMain.java:181)
	at com.kms.katalon.core.main.TestCaseMain$startTestSuite$0.call(Unknown Source)
	at TempTestSuite1642159997020.run(TempTestSuite1642159997020.groovy:36)
Caused by: com.kms.katalon.core.webui.exception.WebElementNotFoundException: Web element with id: 'Object Repository/edit profile/Page_Group10 Administration Search/a_Browse list of users' located by '//a[contains(text(),'Browse list of users')]' not found
	at com.kms.katalon.core.webui.common.WebUiCommonHelper.findWebElement(WebUiCommonHelper.java:1368)
	at com.kms.katalon.core.webui.keyword.internal.WebUIAbstractKeyword.findWebElement(WebUIAbstractKeyword.groovy:27)
	at com.kms.katalon.core.webui.keyword.builtin.ClickKeyword$_click_closure1.doCall(ClickKeyword.groovy:65)
	at com.kms.katalon.core.webui.keyword.builtin.ClickKeyword$_click_closure1.call(ClickKeyword.groovy)
	at com.kms.katalon.core.webui.keyword.internal.WebUIKeywordMain.runKeyword(WebUIKeywordMain.groovy:20)
	... 19 more


2022-01-14 18:40:57 - [TEST_STEP][PASSED] - openBrowser(""): Browser is opened with url: ''

2022-01-14 18:40:57 - [MESSAGE][INFO] - Starting 'Edge Chromium' driver

2022-01-14 18:40:59 - [MESSAGE][INFO] - Action delay is set to 0 milliseconds

2022-01-14 18:41:00 - [MESSAGE][PASSED] - Browser is opened with url: ''

2022-01-14 18:41:00 - [TEST_STEP][PASSED] - navigateToUrl("http://localhost/"): Navigate to 'http://localhost/' successfully

2022-01-14 18:41:00 - [MESSAGE][PASSED] - Navigate to 'http://localhost/' successfully

2022-01-14 18:41:00 - [TEST_STEP][PASSED] - click(findTestObject("Object Repository/edit profile/Page_Home page/a_Log in")): Object: 'Object Repository/edit profile/Page_Home page/a_Log in' is clicked on

2022-01-14 18:41:01 - [MESSAGE][PASSED] - Object: 'Object Repository/edit profile/Page_Home page/a_Log in' is clicked on

2022-01-14 18:41:01 - [TEST_STEP][PASSED] - setText(findTestObject("Object Repository/edit profile/Page_Home page Log in to the site/input_Username_username"), "student1"): Text 'student1' is set on object 'Object Repository/edit profile/Page_Home page Log in to the site/input_Username_username'

2022-01-14 18:41:02 - [MESSAGE][PASSED] - Text 'student1' is set on object 'Object Repository/edit profile/Page_Home page Log in to the site/input_Username_username'

2022-01-14 18:41:02 - [TEST_STEP][PASSED] - setEncryptedText(findTestObject("Object Repository/edit profile/Page_Home page Log in to the site/input_Password_password"), "OFhcon1PzObx3ErJAwGfGA=="): Text ****** has been set on object 'Object Repository/edit profile/Page_Home page Log in to the site/input_Password_password'

2022-01-14 18:41:02 - [MESSAGE][PASSED] - Text ****** has been set on object 'Object Repository/edit profile/Page_Home page Log in to the site/input_Password_password'

2022-01-14 18:41:02 - [TEST_STEP][PASSED] - click(findTestObject("Object Repository/edit profile/Page_Home page Log in to the site/button_Log in")): Object: 'Object Repository/edit profile/Page_Home page Log in to the site/button_Log in' is clicked on

2022-01-14 18:41:04 - [MESSAGE][PASSED] - Object: 'Object Repository/edit profile/Page_Home page Log in to the site/button_Log in' is clicked on

2022-01-14 18:41:04 - [TEST_STEP][PASSED] - click(findTestObject("Object Repository/edit profile/Page_Dashboard/a_NH")): Object: 'Object Repository/edit profile/Page_Dashboard/a_NH' is clicked on

2022-01-14 18:41:04 - [MESSAGE][PASSED] - Object: 'Object Repository/edit profile/Page_Dashboard/a_NH' is clicked on

2022-01-14 18:41:04 - [TEST_STEP][PASSED] - click(findTestObject("Page_Preferences/a_Preferences")): Object: 'Object Repository/Page_Preferences/a_Preferences' is clicked on

2022-01-14 18:41:05 - [MESSAGE][PASSED] - Object: 'Object Repository/Page_Preferences/a_Preferences' is clicked on

2022-01-14 18:41:05 - [TEST_STEP][PASSED] - click(findTestObject("Object Repository/edit profile/Page_Nguyen Hoa Public profile/a_Edit profile")): Object: 'Object Repository/edit profile/Page_Nguyen Hoa Public profile/a_Edit profile' is clicked on

2022-01-14 18:41:07 - [MESSAGE][PASSED] - Object: 'Object Repository/edit profile/Page_Nguyen Hoa Public profile/a_Edit profile' is clicked on

2022-01-14 18:41:07 - [TEST_STEP][PASSED] - selectOptionByValue(findTestObject("Object Repository/edit profile/Page_Group10 Edit profile/select_Select a country.            Afghani_160506"), "VN", true): All options with value 'VN' are selected in object 'Object Repository/edit profile/Page_Group10 Edit profile/select_Select a country.            Afghani_160506'  using regular expression

2022-01-14 18:41:16 - [MESSAGE][PASSED] - All options with value 'VN' are selected in object 'Object Repository/edit profile/Page_Group10 Edit profile/select_Select a country.            Afghani_160506'  using regular expression

2022-01-14 18:41:16 - [TEST_STEP][PASSED] - setText(findTestObject("Object Repository/edit profile/Page_Group10 Edit profile/input_Citytown_city"), "HCM"): Text 'HCM' is set on object 'Object Repository/edit profile/Page_Group10 Edit profile/input_Citytown_city'

2022-01-14 18:41:17 - [MESSAGE][PASSED] - Text 'HCM' is set on object 'Object Repository/edit profile/Page_Group10 Edit profile/input_Citytown_city'

2022-01-14 18:41:17 - [TEST_STEP][PASSED] - click(findTestObject("Object Repository/edit profile/Page_Group10 Edit profile/input_Address_submitbutton")): Object: 'Object Repository/edit profile/Page_Group10 Edit profile/input_Address_submitbutton' is clicked on

2022-01-14 18:41:18 - [MESSAGE][PASSED] - Object: 'Object Repository/edit profile/Page_Group10 Edit profile/input_Address_submitbutton' is clicked on

2022-01-14 18:41:18 - [TEST_STEP][PASSED] - click(findTestObject("Object Repository/edit profile/Page_Nguyen Hoa Public profile/a_NH")): Object: 'Object Repository/edit profile/Page_Nguyen Hoa Public profile/a_NH' is clicked on

2022-01-14 18:41:19 - [MESSAGE][PASSED] - Object: 'Object Repository/edit profile/Page_Nguyen Hoa Public profile/a_NH' is clicked on

2022-01-14 18:41:19 - [TEST_STEP][PASSED] - click(findTestObject("Object Repository/edit profile/Page_Nguyen Hoa Public profile/a_Log out")): Object: 'Object Repository/edit profile/Page_Nguyen Hoa Public profile/a_Log out' is clicked on

2022-01-14 18:41:20 - [MESSAGE][PASSED] - Object: 'Object Repository/edit profile/Page_Nguyen Hoa Public profile/a_Log out' is clicked on

2022-01-14 18:41:20 - [TEST_STEP][PASSED] - click(findTestObject("Object Repository/edit profile/Page_Home page/a_Log in")): Object: 'Object Repository/edit profile/Page_Home page/a_Log in' is clicked on

2022-01-14 18:41:21 - [MESSAGE][PASSED] - Object: 'Object Repository/edit profile/Page_Home page/a_Log in' is clicked on

2022-01-14 18:41:21 - [TEST_STEP][PASSED] - setText(findTestObject("Object Repository/edit profile/Page_Home page Log in to the site/input_Username_username"), "admin"): Text 'admin' is set on object 'Object Repository/edit profile/Page_Home page Log in to the site/input_Username_username'

2022-01-14 18:41:21 - [MESSAGE][PASSED] - Text 'admin' is set on object 'Object Repository/edit profile/Page_Home page Log in to the site/input_Username_username'

2022-01-14 18:41:21 - [TEST_STEP][PASSED] - setEncryptedText(findTestObject("Object Repository/edit profile/Page_Home page Log in to the site/input_Password_password"), "OFhcon1PzObx3ErJAwGfGA=="): Text ****** has been set on object 'Object Repository/edit profile/Page_Home page Log in to the site/input_Password_password'

2022-01-14 18:41:22 - [MESSAGE][PASSED] - Text ****** has been set on object 'Object Repository/edit profile/Page_Home page Log in to the site/input_Password_password'

2022-01-14 18:41:22 - [TEST_STEP][PASSED] - click(findTestObject("Object Repository/edit profile/Page_Home page Log in to the site/button_Log in")): Object: 'Object Repository/edit profile/Page_Home page Log in to the site/button_Log in' is clicked on

2022-01-14 18:41:23 - [MESSAGE][PASSED] - Object: 'Object Repository/edit profile/Page_Home page Log in to the site/button_Log in' is clicked on

2022-01-14 18:41:23 - [TEST_STEP][PASSED] - click(findTestObject("Object Repository/edit profile/Page_Dashboard/a_Site administration")): Object: 'Object Repository/edit profile/Page_Dashboard/a_Site administration' is clicked on

2022-01-14 18:41:25 - [MESSAGE][PASSED] - Object: 'Object Repository/edit profile/Page_Dashboard/a_Site administration' is clicked on

2022-01-14 18:41:25 - [TEST_STEP][PASSED] - click(findTestObject("Object Repository/edit profile/Page_Group10 Administration Search/a_Users")): Object: 'Object Repository/edit profile/Page_Group10 Administration Search/a_Users' is clicked on

2022-01-14 18:41:25 - [MESSAGE][PASSED] - Object: 'Object Repository/edit profile/Page_Group10 Administration Search/a_Users' is clicked on

2022-01-14 18:41:25 - [TEST_STEP][FAILED] - click(findTestObject("Object Repository/edit profile/Page_Group10 Administration Search/a_Browse list of users")): Unable to click on object 'Object Repository/edit profile/Page_Group10 Administration Search/a_Browse list of users' (Root cause: com.kms.katalon.core.exception.StepFailedException: Unable to click on object 'Object Repository/edit profile/Page_Group10 Administration Search/a_Browse list of users'
	at com.kms.katalon.core.webui.keyword.internal.WebUIKeywordMain.stepFailed(WebUIKeywordMain.groovy:64)
	at com.kms.katalon.core.webui.keyword.internal.WebUIKeywordMain.runKeyword(WebUIKeywordMain.groovy:26)
	at com.kms.katalon.core.webui.keyword.builtin.ClickKeyword.click(ClickKeyword.groovy:74)
	at com.kms.katalon.core.webui.keyword.builtin.ClickKeyword.execute(ClickKeyword.groovy:40)
	at com.kms.katalon.core.keyword.internal.KeywordExecutor.executeKeywordForPlatform(KeywordExecutor.groovy:74)
	at com.kms.katalon.core.webui.keyword.WebUiBuiltInKeywords.click(WebUiBuiltInKeywords.groovy:620)
	at com.kms.katalon.core.webui.keyword.WebUiBuiltInKeywords$click$1.call(Unknown Source)
	at Edit Profile.run(Edit Profile:65)
	at com.kms.katalon.core.main.ScriptEngine.run(ScriptEngine.java:194)
	at com.kms.katalon.core.main.ScriptEngine.runScriptAsRawText(ScriptEngine.java:119)
	at com.kms.katalon.core.main.TestCaseExecutor.runScript(TestCaseExecutor.java:442)
	at com.kms.katalon.core.main.TestCaseExecutor.doExecute(TestCaseExecutor.java:433)
	at com.kms.katalon.core.main.TestCaseExecutor.processExecutionPhase(TestCaseExecutor.java:412)
	at com.kms.katalon.core.main.TestCaseExecutor.accessMainPhase(TestCaseExecutor.java:404)
	at com.kms.katalon.core.main.TestCaseExecutor.execute(TestCaseExecutor.java:281)
	at com.kms.katalon.core.main.TestSuiteExecutor.accessTestCaseMainPhase(TestSuiteExecutor.java:202)
	at com.kms.katalon.core.main.TestSuiteExecutor.accessTestSuiteMainPhase(TestSuiteExecutor.java:164)
	at com.kms.katalon.core.main.TestSuiteExecutor.execute(TestSuiteExecutor.java:105)
	at com.kms.katalon.core.main.TestCaseMain.startTestSuite(TestCaseMain.java:181)
	at com.kms.katalon.core.main.TestCaseMain$startTestSuite$0.call(Unknown Source)
	at TempTestSuite1642159997020.run(TempTestSuite1642159997020.groovy:36)
Caused by: com.kms.katalon.core.webui.exception.WebElementNotFoundException: Web element with id: 'Object Repository/edit profile/Page_Group10 Administration Search/a_Browse list of users' located by '//a[contains(text(),'Browse list of users')]' not found
	at com.kms.katalon.core.webui.common.WebUiCommonHelper.findWebElement(WebUiCommonHelper.java:1368)
	at com.kms.katalon.core.webui.keyword.internal.WebUIAbstractKeyword.findWebElement(WebUIAbstractKeyword.groovy:27)
	at com.kms.katalon.core.webui.keyword.builtin.ClickKeyword$_click_closure1.doCall(ClickKeyword.groovy:65)
	at com.kms.katalon.core.webui.keyword.builtin.ClickKeyword$_click_closure1.call(ClickKeyword.groovy)
	at com.kms.katalon.core.webui.keyword.internal.WebUIKeywordMain.runKeyword(WebUIKeywordMain.groovy:20)
	at com.kms.katalon.core.webui.keyword.builtin.ClickKeyword.click(ClickKeyword.groovy:74)
	at com.kms.katalon.core.webui.keyword.builtin.ClickKeyword.execute(ClickKeyword.groovy:40)
	at com.kms.katalon.core.keyword.internal.KeywordExecutor.executeKeywordForPlatform(KeywordExecutor.groovy:74)
	at com.kms.katalon.core.webui.keyword.WebUiBuiltInKeywords.click(WebUiBuiltInKeywords.groovy:620)
	at com.kms.katalon.core.webui.keyword.WebUiBuiltInKeywords$click$1.call(Unknown Source)
	at Script1642064312546.run(Script1642064312546.groovy:65)
	... 13 more
)

2022-01-14 18:41:56 - [MESSAGE][INFO] - Unable to find the element located by 'By.xpath: //a[contains(text(),'Browse list of users')]'. Please recheck the objects properties to make sure the desired element is located. 

2022-01-14 18:41:57 - [MESSAGE][FAILED] - Unable to click on object 'Object Repository/edit profile/Page_Group10 Administration Search/a_Browse list of users' (Root cause: com.kms.katalon.core.exception.StepFailedException: Unable to click on object 'Object Repository/edit profile/Page_Group10 Administration Search/a_Browse list of users'
	at com.kms.katalon.core.webui.keyword.internal.WebUIKeywordMain.stepFailed(WebUIKeywordMain.groovy:64)
	at com.kms.katalon.core.webui.keyword.internal.WebUIKeywordMain.runKeyword(WebUIKeywordMain.groovy:26)
	at com.kms.katalon.core.webui.keyword.builtin.ClickKeyword.click(ClickKeyword.groovy:74)
	at com.kms.katalon.core.webui.keyword.builtin.ClickKeyword.execute(ClickKeyword.groovy:40)
	at com.kms.katalon.core.keyword.internal.KeywordExecutor.executeKeywordForPlatform(KeywordExecutor.groovy:74)
	at com.kms.katalon.core.webui.keyword.WebUiBuiltInKeywords.click(WebUiBuiltInKeywords.groovy:620)
	at com.kms.katalon.core.webui.keyword.WebUiBuiltInKeywords$click$1.call(Unknown Source)
	at Edit Profile.run(Edit Profile:65)
	at com.kms.katalon.core.main.ScriptEngine.run(ScriptEngine.java:194)
	at com.kms.katalon.core.main.ScriptEngine.runScriptAsRawText(ScriptEngine.java:119)
	at com.kms.katalon.core.main.TestCaseExecutor.runScript(TestCaseExecutor.java:442)
	at com.kms.katalon.core.main.TestCaseExecutor.doExecute(TestCaseExecutor.java:433)
	at com.kms.katalon.core.main.TestCaseExecutor.processExecutionPhase(TestCaseExecutor.java:412)
	at com.kms.katalon.core.main.TestCaseExecutor.accessMainPhase(TestCaseExecutor.java:404)
	at com.kms.katalon.core.main.TestCaseExecutor.execute(TestCaseExecutor.java:281)
	at com.kms.katalon.core.main.TestSuiteExecutor.accessTestCaseMainPhase(TestSuiteExecutor.java:202)
	at com.kms.katalon.core.main.TestSuiteExecutor.accessTestSuiteMainPhase(TestSuiteExecutor.java:164)
	at com.kms.katalon.core.main.TestSuiteExecutor.execute(TestSuiteExecutor.java:105)
	at com.kms.katalon.core.main.TestCaseMain.startTestSuite(TestCaseMain.java:181)
	at com.kms.katalon.core.main.TestCaseMain$startTestSuite$0.call(Unknown Source)
	at TempTestSuite1642159997020.run(TempTestSuite1642159997020.groovy:36)
Caused by: com.kms.katalon.core.webui.exception.WebElementNotFoundException: Web element with id: 'Object Repository/edit profile/Page_Group10 Administration Search/a_Browse list of users' located by '//a[contains(text(),'Browse list of users')]' not found
	at com.kms.katalon.core.webui.common.WebUiCommonHelper.findWebElement(WebUiCommonHelper.java:1368)
	at com.kms.katalon.core.webui.keyword.internal.WebUIAbstractKeyword.findWebElement(WebUIAbstractKeyword.groovy:27)
	at com.kms.katalon.core.webui.keyword.builtin.ClickKeyword$_click_closure1.doCall(ClickKeyword.groovy:65)
	at com.kms.katalon.core.webui.keyword.builtin.ClickKeyword$_click_closure1.call(ClickKeyword.groovy)
	at com.kms.katalon.core.webui.keyword.internal.WebUIKeywordMain.runKeyword(WebUIKeywordMain.groovy:20)
	at com.kms.katalon.core.webui.keyword.builtin.ClickKeyword.click(ClickKeyword.groovy:74)
	at com.kms.katalon.core.webui.keyword.builtin.ClickKeyword.execute(ClickKeyword.groovy:40)
	at com.kms.katalon.core.keyword.internal.KeywordExecutor.executeKeywordForPlatform(KeywordExecutor.groovy:74)
	at com.kms.katalon.core.webui.keyword.WebUiBuiltInKeywords.click(WebUiBuiltInKeywords.groovy:620)
	at com.kms.katalon.core.webui.keyword.WebUiBuiltInKeywords$click$1.call(Unknown Source)
	at Script1642064312546.run(Script1642064312546.groovy:65)
	... 13 more
)
[[ATTACHMENT|D:\\TestAutomation-SEBonus-Group10\\Test Automation - SE Bonus\\Reports\\20220114_183317\\Run all test cases\\20220114_183317\\1642160516892.png]]]]></system-out>
         <system-err><![CDATA[2022-01-14 18:40:56 - [TEST_CASE][FAILED] - Test Cases/Edit Profile: Test Cases/Edit Profile FAILED.
Reason:
com.kms.katalon.core.exception.StepFailedException: Unable to click on object 'Object Repository/edit profile/Page_Group10 Administration Search/a_Browse list of users'
	at com.kms.katalon.core.webui.keyword.internal.WebUIKeywordMain.stepFailed(WebUIKeywordMain.groovy:64)
	at com.kms.katalon.core.webui.keyword.internal.WebUIKeywordMain.runKeyword(WebUIKeywordMain.groovy:26)
	at com.kms.katalon.core.webui.keyword.builtin.ClickKeyword.click(ClickKeyword.groovy:74)
	at com.kms.katalon.core.webui.keyword.builtin.ClickKeyword.execute(ClickKeyword.groovy:40)
	at com.kms.katalon.core.keyword.internal.KeywordExecutor.executeKeywordForPlatform(KeywordExecutor.groovy:74)
	at com.kms.katalon.core.webui.keyword.WebUiBuiltInKeywords.click(WebUiBuiltInKeywords.groovy:620)
	at com.kms.katalon.core.webui.keyword.WebUiBuiltInKeywords$click$1.call(Unknown Source)
	at Edit Profile.run(Edit Profile:65)
	at com.kms.katalon.core.main.ScriptEngine.run(ScriptEngine.java:194)
	at com.kms.katalon.core.main.ScriptEngine.runScriptAsRawText(ScriptEngine.java:119)
	at com.kms.katalon.core.main.TestCaseExecutor.runScript(TestCaseExecutor.java:442)
	at com.kms.katalon.core.main.TestCaseExecutor.doExecute(TestCaseExecutor.java:433)
	at com.kms.katalon.core.main.TestCaseExecutor.processExecutionPhase(TestCaseExecutor.java:412)
	at com.kms.katalon.core.main.TestCaseExecutor.accessMainPhase(TestCaseExecutor.java:404)
	at com.kms.katalon.core.main.TestCaseExecutor.execute(TestCaseExecutor.java:281)
	at com.kms.katalon.core.main.TestSuiteExecutor.accessTestCaseMainPhase(TestSuiteExecutor.java:202)
	at com.kms.katalon.core.main.TestSuiteExecutor.accessTestSuiteMainPhase(TestSuiteExecutor.java:164)
	at com.kms.katalon.core.main.TestSuiteExecutor.execute(TestSuiteExecutor.java:105)
	at com.kms.katalon.core.main.TestCaseMain.startTestSuite(TestCaseMain.java:181)
	at com.kms.katalon.core.main.TestCaseMain$startTestSuite$0.call(Unknown Source)
	at TempTestSuite1642159997020.run(TempTestSuite1642159997020.groovy:36)
Caused by: com.kms.katalon.core.webui.exception.WebElementNotFoundException: Web element with id: 'Object Repository/edit profile/Page_Group10 Administration Search/a_Browse list of users' located by '//a[contains(text(),'Browse list of users')]' not found
	at com.kms.katalon.core.webui.common.WebUiCommonHelper.findWebElement(WebUiCommonHelper.java:1368)
	at com.kms.katalon.core.webui.keyword.internal.WebUIAbstractKeyword.findWebElement(WebUIAbstractKeyword.groovy:27)
	at com.kms.katalon.core.webui.keyword.builtin.ClickKeyword$_click_closure1.doCall(ClickKeyword.groovy:65)
	at com.kms.katalon.core.webui.keyword.builtin.ClickKeyword$_click_closure1.call(ClickKeyword.groovy)
	at com.kms.katalon.core.webui.keyword.internal.WebUIKeywordMain.runKeyword(WebUIKeywordMain.groovy:20)
	... 19 more]]></system-err>
      </testcase>
      <testcase name="Test Cases/Search Course" time="12.298" classname="Test Cases/Search Course" status="PASSED">
         <system-out><![CDATA[2022-01-14 18:41:57 - [TEST_CASE][PASSED] - Test Cases/Search Course: Test Cases/Search Course

2022-01-14 18:41:57 - [TEST_STEP][PASSED] - openBrowser(""): Browser is opened with url: ''

2022-01-14 18:41:57 - [MESSAGE][WARNING] - A browser is already opened. Closing browser and opening a new one

2022-01-14 18:41:58 - [MESSAGE][INFO] - Starting 'Edge Chromium' driver

2022-01-14 18:42:00 - [MESSAGE][INFO] - Action delay is set to 0 milliseconds

2022-01-14 18:42:01 - [MESSAGE][PASSED] - Browser is opened with url: ''

2022-01-14 18:42:01 - [TEST_STEP][PASSED] - navigateToUrl("http://localhost/"): Navigate to 'http://localhost/' successfully

2022-01-14 18:42:02 - [MESSAGE][PASSED] - Navigate to 'http://localhost/' successfully

2022-01-14 18:42:02 - [TEST_STEP][PASSED] - click(findTestObject("Object Repository/search/Page_Home page/a_Log in")): Object: 'Object Repository/search/Page_Home page/a_Log in' is clicked on

2022-01-14 18:42:03 - [MESSAGE][PASSED] - Object: 'Object Repository/search/Page_Home page/a_Log in' is clicked on

2022-01-14 18:42:03 - [TEST_STEP][PASSED] - setText(findTestObject("Object Repository/search/Page_Home page Log in to the site/input_Username_username"), "student1"): Text 'student1' is set on object 'Object Repository/search/Page_Home page Log in to the site/input_Username_username'

2022-01-14 18:42:03 - [MESSAGE][PASSED] - Text 'student1' is set on object 'Object Repository/search/Page_Home page Log in to the site/input_Username_username'

2022-01-14 18:42:03 - [TEST_STEP][PASSED] - setEncryptedText(findTestObject("Page_Home page Log in to the site/input_Password_password (1)"), "OFhcon1PzObx3ErJAwGfGA=="): Text ****** has been set on object 'Object Repository/Page_Home page Log in to the site/input_Password_password (1)'

2022-01-14 18:42:04 - [MESSAGE][PASSED] - Text ****** has been set on object 'Object Repository/Page_Home page Log in to the site/input_Password_password (1)'

2022-01-14 18:42:04 - [TEST_STEP][PASSED] - click(findTestObject("Object Repository/search/Page_Home page Log in to the site/button_Log in")): Object: 'Object Repository/search/Page_Home page Log in to the site/button_Log in' is clicked on

2022-01-14 18:42:05 - [MESSAGE][PASSED] - Object: 'Object Repository/search/Page_Home page Log in to the site/button_Log in' is clicked on

2022-01-14 18:42:05 - [TEST_STEP][PASSED] - click(findTestObject("Object Repository/search/Page_Dashboard/a_Home")): Object: 'Object Repository/search/Page_Dashboard/a_Home' is clicked on

2022-01-14 18:42:06 - [MESSAGE][PASSED] - Object: 'Object Repository/search/Page_Dashboard/a_Home' is clicked on

2022-01-14 18:42:06 - [TEST_STEP][PASSED] - setText(findTestObject("Object Repository/search/Page_Home page/input_Search courses_q"), "SE"): Text 'SE' is set on object 'Object Repository/search/Page_Home page/input_Search courses_q'

2022-01-14 18:42:07 - [MESSAGE][PASSED] - Text 'SE' is set on object 'Object Repository/search/Page_Home page/input_Search courses_q'

2022-01-14 18:42:07 - [TEST_STEP][PASSED] - click(findTestObject("Object Repository/search/Page_Home page/i_Search courses_icon fa fa-search fa-fw")): Object: 'Object Repository/search/Page_Home page/i_Search courses_icon fa fa-search fa-fw' is clicked on

2022-01-14 18:42:08 - [MESSAGE][PASSED] - Object: 'Object Repository/search/Page_Home page/i_Search courses_icon fa fa-search fa-fw' is clicked on

2022-01-14 18:42:08 - [TEST_STEP][PASSED] - verifyElementClickable(findTestObject("Object Repository/search/Page_Home page  Search results/a_Software Engineering")): Object 'Object Repository/search/Page_Home page  Search results/a_Software Engineering' is clickable

2022-01-14 18:42:08 - [MESSAGE][PASSED] - Object 'Object Repository/search/Page_Home page  Search results/a_Software Engineering' is clickable

2022-01-14 18:42:08 - [TEST_STEP][PASSED] - closeBrowser(): Browser is closed

2022-01-14 18:42:09 - [MESSAGE][PASSED] - Browser is closed]]></system-out>
         <system-err><![CDATA[]]></system-err>
      </testcase>
      <testcase name="Test Cases/Add a category - ADMIN" time="21.886" classname="Test Cases/Add a category - ADMIN" status="PASSED">
         <system-out><![CDATA[2022-01-14 18:42:09 - [TEST_CASE][PASSED] - Test Cases/Add a category - ADMIN: Test Cases/Add a category - ADMIN

2022-01-14 18:42:09 - [TEST_STEP][PASSED] - openBrowser(""): Browser is opened with url: ''

2022-01-14 18:42:09 - [MESSAGE][INFO] - Starting 'Edge Chromium' driver

2022-01-14 18:42:11 - [MESSAGE][INFO] - Action delay is set to 0 milliseconds

2022-01-14 18:42:12 - [MESSAGE][PASSED] - Browser is opened with url: ''

2022-01-14 18:42:12 - [TEST_STEP][PASSED] - navigateToUrl("http://localhost/"): Navigate to 'http://localhost/' successfully

2022-01-14 18:42:14 - [MESSAGE][PASSED] - Navigate to 'http://localhost/' successfully

2022-01-14 18:42:14 - [TEST_STEP][PASSED] - click(findTestObject("Object Repository/Page_Home page/a_Log in")): Object: 'Object Repository/Page_Home page/a_Log in' is clicked on

2022-01-14 18:42:14 - [MESSAGE][PASSED] - Object: 'Object Repository/Page_Home page/a_Log in' is clicked on

2022-01-14 18:42:14 - [TEST_STEP][PASSED] - setText(findTestObject("Object Repository/Page_Home page Log in to the site/input_Username_username"), "admin"): Text 'admin' is set on object 'Object Repository/Page_Home page Log in to the site/input_Username_username'

2022-01-14 18:42:15 - [MESSAGE][PASSED] - Text 'admin' is set on object 'Object Repository/Page_Home page Log in to the site/input_Username_username'

2022-01-14 18:42:15 - [TEST_STEP][PASSED] - setEncryptedText(findTestObject("Object Repository/Page_Home page Log in to the site/input_Password_password"), "OFhcon1PzObx3ErJAwGfGA=="): Text ****** has been set on object 'Object Repository/Page_Home page Log in to the site/input_Password_password'

2022-01-14 18:42:16 - [MESSAGE][PASSED] - Text ****** has been set on object 'Object Repository/Page_Home page Log in to the site/input_Password_password'

2022-01-14 18:42:16 - [TEST_STEP][PASSED] - click(findTestObject("Object Repository/Page_Home page Log in to the site/button_Log in")): Object: 'Object Repository/Page_Home page Log in to the site/button_Log in' is clicked on

2022-01-14 18:42:17 - [MESSAGE][PASSED] - Object: 'Object Repository/Page_Home page Log in to the site/button_Log in' is clicked on

2022-01-14 18:42:17 - [TEST_STEP][PASSED] - click(findTestObject("Object Repository/Page_Dashboard/a_Site administration")): Object: 'Object Repository/Page_Dashboard/a_Site administration' is clicked on

2022-01-14 18:42:19 - [MESSAGE][PASSED] - Object: 'Object Repository/Page_Dashboard/a_Site administration' is clicked on

2022-01-14 18:42:19 - [TEST_STEP][PASSED] - click(findTestObject("Object Repository/Page_Group10 Administration Search/a_Courses")): Object: 'Object Repository/Page_Group10 Administration Search/a_Courses' is clicked on

2022-01-14 18:42:20 - [MESSAGE][PASSED] - Object: 'Object Repository/Page_Group10 Administration Search/a_Courses' is clicked on

2022-01-14 18:42:20 - [TEST_STEP][PASSED] - click(findTestObject("Object Repository/Page_Group10 Administration Search/a_Add a category")): Object: 'Object Repository/Page_Group10 Administration Search/a_Add a category' is clicked on

2022-01-14 18:42:21 - [MESSAGE][PASSED] - Object: 'Object Repository/Page_Group10 Administration Search/a_Add a category' is clicked on

2022-01-14 18:42:21 - [TEST_STEP][PASSED] - setText(findTestObject("Object Repository/Page_Group10 Add new category/input_Category name_name"), "CHƯƠNG TRÌNH CHẤT LƯỢNG CAO (CLC)"): Text 'CHƯƠNG TRÌNH CHẤT LƯỢNG CAO (CLC)' is set on object 'Object Repository/Page_Group10 Add new category/input_Category name_name'

2022-01-14 18:42:22 - [MESSAGE][PASSED] - Text 'CHƯƠNG TRÌNH CHẤT LƯỢNG CAO (CLC)' is set on object 'Object Repository/Page_Group10 Add new category/input_Category name_name'

2022-01-14 18:42:22 - [TEST_STEP][PASSED] - click(findTestObject("Object Repository/Page_Group10 Add new category/input_Rich text editor_submitbutton")): Object: 'Object Repository/Page_Group10 Add new category/input_Rich text editor_submitbutton' is clicked on

2022-01-14 18:42:24 - [MESSAGE][PASSED] - Object: 'Object Repository/Page_Group10 Add new category/input_Rich text editor_submitbutton' is clicked on

2022-01-14 18:42:24 - [TEST_STEP][PASSED] - click(findTestObject("Object Repository/Page_Course and category management/a_CHNG TRNH CHT LNG CAO (CLC)_action-menu-toggle-3")): Object: 'Object Repository/Page_Course and category management/a_CHNG TRNH CHT LNG CAO (CLC)_action-menu-toggle-3' is clicked on

2022-01-14 18:42:24 - [MESSAGE][PASSED] - Object: 'Object Repository/Page_Course and category management/a_CHNG TRNH CHT LNG CAO (CLC)_action-menu-toggle-3' is clicked on

2022-01-14 18:42:24 - [TEST_STEP][PASSED] - click(findTestObject("Object Repository/Page_Course and category management/span_Delete")): Object: 'Object Repository/Page_Course and category management/span_Delete' is clicked on

2022-01-14 18:42:26 - [MESSAGE][PASSED] - Object: 'Object Repository/Page_Course and category management/span_Delete' is clicked on

2022-01-14 18:42:26 - [TEST_STEP][PASSED] - click(findTestObject("Object Repository/Page_Course and category management/input_Delete all - cannot be undone_submitbutton")): Object: 'Object Repository/Page_Course and category management/input_Delete all - cannot be undone_submitbutton' is clicked on

2022-01-14 18:42:27 - [MESSAGE][PASSED] - Object: 'Object Repository/Page_Course and category management/input_Delete all - cannot be undone_submitbutton' is clicked on

2022-01-14 18:42:27 - [TEST_STEP][PASSED] - click(findTestObject("Object Repository/Page_Course and category management/button_Continue")): Object: 'Object Repository/Page_Course and category management/button_Continue' is clicked on

2022-01-14 18:42:28 - [MESSAGE][PASSED] - Object: 'Object Repository/Page_Course and category management/button_Continue' is clicked on

2022-01-14 18:42:28 - [TEST_STEP][PASSED] - click(findTestObject("Object Repository/Page_Course and category management/a_AU")): Object: 'Object Repository/Page_Course and category management/a_AU' is clicked on

2022-01-14 18:42:29 - [MESSAGE][PASSED] - Object: 'Object Repository/Page_Course and category management/a_AU' is clicked on

2022-01-14 18:42:29 - [TEST_STEP][PASSED] - click(findTestObject("Object Repository/Page_Course and category management/a_Log out")): Object: 'Object Repository/Page_Course and category management/a_Log out' is clicked on

2022-01-14 18:42:30 - [MESSAGE][PASSED] - Object: 'Object Repository/Page_Course and category management/a_Log out' is clicked on

2022-01-14 18:42:30 - [TEST_STEP][PASSED] - closeBrowser(): Browser is closed

2022-01-14 18:42:31 - [MESSAGE][PASSED] - Browser is closed]]></system-out>
         <system-err><![CDATA[]]></system-err>
      </testcase>
      <testcase name="Test Cases/Add a new course - ADMIN" time="28.778" classname="Test Cases/Add a new course - ADMIN" status="PASSED">
         <system-out><![CDATA[2022-01-14 18:42:31 - [TEST_CASE][PASSED] - Test Cases/Add a new course - ADMIN: Test Cases/Add a new course - ADMIN

2022-01-14 18:42:31 - [TEST_STEP][PASSED] - openBrowser(""): Browser is opened with url: ''

2022-01-14 18:42:31 - [MESSAGE][INFO] - Starting 'Edge Chromium' driver

2022-01-14 18:42:33 - [MESSAGE][INFO] - Action delay is set to 0 milliseconds

2022-01-14 18:42:34 - [MESSAGE][PASSED] - Browser is opened with url: ''

2022-01-14 18:42:34 - [TEST_STEP][PASSED] - navigateToUrl("http://localhost/"): Navigate to 'http://localhost/' successfully

2022-01-14 18:42:35 - [MESSAGE][PASSED] - Navigate to 'http://localhost/' successfully

2022-01-14 18:42:35 - [TEST_STEP][PASSED] - click(findTestObject("Object Repository/Page_Home page/a_Log in")): Object: 'Object Repository/Page_Home page/a_Log in' is clicked on

2022-01-14 18:42:36 - [MESSAGE][PASSED] - Object: 'Object Repository/Page_Home page/a_Log in' is clicked on

2022-01-14 18:42:36 - [TEST_STEP][PASSED] - setText(findTestObject("Object Repository/Page_Home page Log in to the site/input_Username_username"), "admin"): Text 'admin' is set on object 'Object Repository/Page_Home page Log in to the site/input_Username_username'

2022-01-14 18:42:36 - [MESSAGE][PASSED] - Text 'admin' is set on object 'Object Repository/Page_Home page Log in to the site/input_Username_username'

2022-01-14 18:42:36 - [TEST_STEP][PASSED] - setEncryptedText(findTestObject("Object Repository/Page_Home page Log in to the site/input_Password_password"), "OFhcon1PzObx3ErJAwGfGA=="): Text ****** has been set on object 'Object Repository/Page_Home page Log in to the site/input_Password_password'

2022-01-14 18:42:37 - [MESSAGE][PASSED] - Text ****** has been set on object 'Object Repository/Page_Home page Log in to the site/input_Password_password'

2022-01-14 18:42:37 - [TEST_STEP][PASSED] - click(findTestObject("Object Repository/Page_Home page Log in to the site/button_Log in")): Object: 'Object Repository/Page_Home page Log in to the site/button_Log in' is clicked on

2022-01-14 18:42:38 - [MESSAGE][PASSED] - Object: 'Object Repository/Page_Home page Log in to the site/button_Log in' is clicked on

2022-01-14 18:42:38 - [TEST_STEP][PASSED] - click(findTestObject("Object Repository/Page_Dashboard/a_Site administration")): Object: 'Object Repository/Page_Dashboard/a_Site administration' is clicked on

2022-01-14 18:42:40 - [MESSAGE][PASSED] - Object: 'Object Repository/Page_Dashboard/a_Site administration' is clicked on

2022-01-14 18:42:40 - [TEST_STEP][PASSED] - click(findTestObject("Object Repository/Page_Group10 Administration Search/a_Courses")): Object: 'Object Repository/Page_Group10 Administration Search/a_Courses' is clicked on

2022-01-14 18:42:41 - [MESSAGE][PASSED] - Object: 'Object Repository/Page_Group10 Administration Search/a_Courses' is clicked on

2022-01-14 18:42:41 - [TEST_STEP][PASSED] - click(findTestObject("Object Repository/Page_Group10 Administration Search/a_Add a new course")): Object: 'Object Repository/Page_Group10 Administration Search/a_Add a new course' is clicked on

2022-01-14 18:42:42 - [MESSAGE][PASSED] - Object: 'Object Repository/Page_Group10 Administration Search/a_Add a new course' is clicked on

2022-01-14 18:42:42 - [TEST_STEP][PASSED] - setText(findTestObject("Object Repository/Page_Group10 Add a new course/input_Course full name_fullname"), "System Engineering Test Automation"): Text 'System Engineering Test Automation' is set on object 'Object Repository/Page_Group10 Add a new course/input_Course full name_fullname'

2022-01-14 18:42:44 - [MESSAGE][PASSED] - Text 'System Engineering Test Automation' is set on object 'Object Repository/Page_Group10 Add a new course/input_Course full name_fullname'

2022-01-14 18:42:44 - [TEST_STEP][PASSED] - setText(findTestObject("Object Repository/Page_Group10 Add a new course/input_Course short name_shortname"), "SE TA"): Text 'SE TA' is set on object 'Object Repository/Page_Group10 Add a new course/input_Course short name_shortname'

2022-01-14 18:42:44 - [MESSAGE][PASSED] - Text 'SE TA' is set on object 'Object Repository/Page_Group10 Add a new course/input_Course short name_shortname'

2022-01-14 18:42:44 - [TEST_STEP][PASSED] - click(findTestObject("Object Repository/Page_Group10 Add a new course/input_Enable_enddateenabled")): Object: 'Object Repository/Page_Group10 Add a new course/input_Enable_enddateenabled' is clicked on

2022-01-14 18:42:45 - [MESSAGE][PASSED] - Object: 'Object Repository/Page_Group10 Add a new course/input_Enable_enddateenabled' is clicked on

2022-01-14 18:42:45 - [TEST_STEP][PASSED] - click(findTestObject("Object Repository/Page_Group10 Add a new course/input__saveanddisplay")): Object: 'Object Repository/Page_Group10 Add a new course/input__saveanddisplay' is clicked on

2022-01-14 18:42:47 - [MESSAGE][PASSED] - Object: 'Object Repository/Page_Group10 Add a new course/input__saveanddisplay' is clicked on

2022-01-14 18:42:47 - [TEST_STEP][PASSED] - click(findTestObject("Object Repository/Page_Course System Engineering Test Automation/a_My courses")): Object: 'Object Repository/Page_Course System Engineering Test Automation/a_My courses' is clicked on

2022-01-14 18:42:48 - [MESSAGE][PASSED] - Object: 'Object Repository/Page_Course System Engineering Test Automation/a_My courses' is clicked on

2022-01-14 18:42:48 - [TEST_STEP][PASSED] - click(findTestObject("Object Repository/Page_My courses/span_System Engineering Test Automation")): Object: 'Object Repository/Page_My courses/span_System Engineering Test Automation' is clicked on

2022-01-14 18:42:50 - [MESSAGE][PASSED] - Object: 'Object Repository/Page_My courses/span_System Engineering Test Automation' is clicked on

2022-01-14 18:42:50 - [TEST_STEP][PASSED] - click(findTestObject("Object Repository/Page_Course System Engineering Test Automation/a_Site administration")): Object: 'Object Repository/Page_Course System Engineering Test Automation/a_Site administration' is clicked on

2022-01-14 18:42:51 - [MESSAGE][PASSED] - Object: 'Object Repository/Page_Course System Engineering Test Automation/a_Site administration' is clicked on

2022-01-14 18:42:51 - [TEST_STEP][PASSED] - click(findTestObject("Object Repository/Page_Group10 Administration Search/a_Courses")): Object: 'Object Repository/Page_Group10 Administration Search/a_Courses' is clicked on

2022-01-14 18:42:52 - [MESSAGE][PASSED] - Object: 'Object Repository/Page_Group10 Administration Search/a_Courses' is clicked on

2022-01-14 18:42:52 - [TEST_STEP][PASSED] - click(findTestObject("Object Repository/Page_Group10 Administration Search/a_Manage courses and categories")): Object: 'Object Repository/Page_Group10 Administration Search/a_Manage courses and categories' is clicked on

2022-01-14 18:42:53 - [MESSAGE][PASSED] - Object: 'Object Repository/Page_Group10 Administration Search/a_Manage courses and categories' is clicked on

2022-01-14 18:42:53 - [TEST_STEP][PASSED] - click(findTestObject("Object Repository/Page_Course and category management/i_System Engineering Test Automation_yui_3__c80082")): Object: 'Object Repository/Page_Course and category management/i_System Engineering Test Automation_yui_3__c80082' is clicked on

2022-01-14 18:42:54 - [MESSAGE][PASSED] - Object: 'Object Repository/Page_Course and category management/i_System Engineering Test Automation_yui_3__c80082' is clicked on

2022-01-14 18:42:54 - [TEST_STEP][PASSED] - click(findTestObject("Object Repository/Page_Group10 Delete SE TA/button_Delete")): Object: 'Object Repository/Page_Group10 Delete SE TA/button_Delete' is clicked on

2022-01-14 18:42:56 - [MESSAGE][PASSED] - Object: 'Object Repository/Page_Group10 Delete SE TA/button_Delete' is clicked on

2022-01-14 18:42:56 - [TEST_STEP][PASSED] - click(findTestObject("Page_Group10 Delete SE TA/button_Continue")): Object: 'Object Repository/Page_Group10 Delete SE TA/button_Continue' is clicked on

2022-01-14 18:42:57 - [MESSAGE][PASSED] - Object: 'Object Repository/Page_Group10 Delete SE TA/button_Continue' is clicked on

2022-01-14 18:42:57 - [TEST_STEP][PASSED] - click(findTestObject("Object Repository/Page_Course and category management/a_AU")): Object: 'Object Repository/Page_Course and category management/a_AU' is clicked on

2022-01-14 18:42:58 - [MESSAGE][PASSED] - Object: 'Object Repository/Page_Course and category management/a_AU' is clicked on

2022-01-14 18:42:58 - [TEST_STEP][PASSED] - click(findTestObject("Object Repository/Page_Course and category management/a_Log out")): Object: 'Object Repository/Page_Course and category management/a_Log out' is clicked on

2022-01-14 18:42:59 - [MESSAGE][PASSED] - Object: 'Object Repository/Page_Course and category management/a_Log out' is clicked on

2022-01-14 18:42:59 - [TEST_STEP][PASSED] - closeBrowser(): Browser is closed

2022-01-14 18:43:00 - [MESSAGE][PASSED] - Browser is closed]]></system-out>
         <system-err><![CDATA[]]></system-err>
      </testcase>
      <testcase name="Test Cases/Add course by file - ADMIN" time="39.607" classname="Test Cases/Add course by file - ADMIN" status="PASSED">
         <system-out><![CDATA[2022-01-14 18:43:00 - [TEST_CASE][PASSED] - Test Cases/Add course by file - ADMIN: Test Cases/Add course by file - ADMIN

2022-01-14 18:43:00 - [TEST_STEP][PASSED] - openBrowser(""): Browser is opened with url: ''

2022-01-14 18:43:00 - [MESSAGE][INFO] - Starting 'Edge Chromium' driver

2022-01-14 18:43:02 - [MESSAGE][INFO] - Action delay is set to 0 milliseconds

2022-01-14 18:43:03 - [MESSAGE][PASSED] - Browser is opened with url: ''

2022-01-14 18:43:03 - [TEST_STEP][PASSED] - navigateToUrl("http://localhost/"): Navigate to 'http://localhost/' successfully

2022-01-14 18:43:04 - [MESSAGE][PASSED] - Navigate to 'http://localhost/' successfully

2022-01-14 18:43:04 - [TEST_STEP][PASSED] - click(findTestObject("Object Repository/Page_Home page/a_Log in")): Object: 'Object Repository/Page_Home page/a_Log in' is clicked on

2022-01-14 18:43:05 - [MESSAGE][PASSED] - Object: 'Object Repository/Page_Home page/a_Log in' is clicked on

2022-01-14 18:43:05 - [TEST_STEP][PASSED] - setText(findTestObject("Object Repository/Page_Home page Log in to the site/input_Username_username"), "admin"): Text 'admin' is set on object 'Object Repository/Page_Home page Log in to the site/input_Username_username'

2022-01-14 18:43:05 - [MESSAGE][PASSED] - Text 'admin' is set on object 'Object Repository/Page_Home page Log in to the site/input_Username_username'

2022-01-14 18:43:05 - [TEST_STEP][PASSED] - setEncryptedText(findTestObject("Object Repository/Page_Home page Log in to the site/input_Password_password"), "OFhcon1PzObx3ErJAwGfGA=="): Text ****** has been set on object 'Object Repository/Page_Home page Log in to the site/input_Password_password'

2022-01-14 18:43:06 - [MESSAGE][PASSED] - Text ****** has been set on object 'Object Repository/Page_Home page Log in to the site/input_Password_password'

2022-01-14 18:43:06 - [TEST_STEP][PASSED] - click(findTestObject("Object Repository/Page_Home page Log in to the site/button_Log in")): Object: 'Object Repository/Page_Home page Log in to the site/button_Log in' is clicked on

2022-01-14 18:43:07 - [MESSAGE][PASSED] - Object: 'Object Repository/Page_Home page Log in to the site/button_Log in' is clicked on

2022-01-14 18:43:07 - [TEST_STEP][PASSED] - click(findTestObject("Object Repository/Page_Dashboard/a_Site administration")): Object: 'Object Repository/Page_Dashboard/a_Site administration' is clicked on

2022-01-14 18:43:09 - [MESSAGE][PASSED] - Object: 'Object Repository/Page_Dashboard/a_Site administration' is clicked on

2022-01-14 18:43:09 - [TEST_STEP][PASSED] - click(findTestObject("Object Repository/Page_Group10 Administration Search/a_Courses")): Object: 'Object Repository/Page_Group10 Administration Search/a_Courses' is clicked on

2022-01-14 18:43:10 - [MESSAGE][PASSED] - Object: 'Object Repository/Page_Group10 Administration Search/a_Courses' is clicked on

2022-01-14 18:43:10 - [TEST_STEP][PASSED] - click(findTestObject("Object Repository/Page_Group10 Administration Search/a_Upload courses")): Object: 'Object Repository/Page_Group10 Administration Search/a_Upload courses' is clicked on

2022-01-14 18:43:11 - [MESSAGE][PASSED] - Object: 'Object Repository/Page_Group10 Administration Search/a_Upload courses' is clicked on

2022-01-14 18:43:11 - [TEST_STEP][PASSED] - click(findTestObject("Object Repository/Page_Group10 Administration Courses Upload courses/input_File_coursefilechoose")): Object: 'Object Repository/Page_Group10 Administration Courses Upload courses/input_File_coursefilechoose' is clicked on

2022-01-14 18:43:12 - [MESSAGE][PASSED] - Object: 'Object Repository/Page_Group10 Administration Courses Upload courses/input_File_coursefilechoose' is clicked on

2022-01-14 18:43:12 - [TEST_STEP][PASSED] - uploadFile(findTestObject("Object Repository/Page_Group10 Administration Courses Upload courses/input_Attachment_repo_upload_file"), "D:\TestAutomation-SEBonus-Group10\course.csv"): File 'D:\TestAutomation-SEBonus-Group10\course.csv' sent to object: 'Object Repository/Page_Group10 Administration Courses Upload courses/input_Attachment_repo_upload_file'

2022-01-14 18:43:12 - [MESSAGE][PASSED] - File 'D:\TestAutomation-SEBonus-Group10\course.csv' sent to object: 'Object Repository/Page_Group10 Administration Courses Upload courses/input_Attachment_repo_upload_file'

2022-01-14 18:43:12 - [TEST_STEP][PASSED] - click(findTestObject("Object Repository/Page_Group10 Administration Courses Upload courses/button_Upload this file")): Object: 'Object Repository/Page_Group10 Administration Courses Upload courses/button_Upload this file' is clicked on

2022-01-14 18:43:13 - [MESSAGE][PASSED] - Object: 'Object Repository/Page_Group10 Administration Courses Upload courses/button_Upload this file' is clicked on

2022-01-14 18:43:13 - [TEST_STEP][PASSED] - click(findTestObject("Object Repository/Page_Group10 Administration Courses Upload courses/input_Allow resets_submitbutton")): Object: 'Object Repository/Page_Group10 Administration Courses Upload courses/input_Allow resets_submitbutton' is clicked on

2022-01-14 18:43:14 - [MESSAGE][PASSED] - Object: 'Object Repository/Page_Group10 Administration Courses Upload courses/input_Allow resets_submitbutton' is clicked on

2022-01-14 18:43:14 - [TEST_STEP][PASSED] - click(findTestObject("Object Repository/Page_Group10 Administration Courses Upload courses/input_Enable_defaultsenddateenabled")): Object: 'Object Repository/Page_Group10 Administration Courses Upload courses/input_Enable_defaultsenddateenabled' is clicked on

2022-01-14 18:43:15 - [MESSAGE][PASSED] - Object: 'Object Repository/Page_Group10 Administration Courses Upload courses/input_Enable_defaultsenddateenabled' is clicked on

2022-01-14 18:43:15 - [TEST_STEP][PASSED] - click(findTestObject("Object Repository/Page_Group10 Administration Courses Upload courses/input_Allow resets_submitbutton")): Object: 'Object Repository/Page_Group10 Administration Courses Upload courses/input_Allow resets_submitbutton' is clicked on

2022-01-14 18:43:16 - [MESSAGE][PASSED] - Object: 'Object Repository/Page_Group10 Administration Courses Upload courses/input_Allow resets_submitbutton' is clicked on

2022-01-14 18:43:16 - [TEST_STEP][PASSED] - click(findTestObject("Object Repository/Page_Group10 Administration Courses Upload courses/button_Continue")): Object: 'Object Repository/Page_Group10 Administration Courses Upload courses/button_Continue' is clicked on

2022-01-14 18:43:18 - [MESSAGE][PASSED] - Object: 'Object Repository/Page_Group10 Administration Courses Upload courses/button_Continue' is clicked on

2022-01-14 18:43:18 - [TEST_STEP][PASSED] - click(findTestObject("Object Repository/Page_Group10 Administration Courses Upload courses/a_Courses")): Object: 'Object Repository/Page_Group10 Administration Courses Upload courses/a_Courses' is clicked on

2022-01-14 18:43:19 - [MESSAGE][PASSED] - Object: 'Object Repository/Page_Group10 Administration Courses Upload courses/a_Courses' is clicked on

2022-01-14 18:43:19 - [TEST_STEP][PASSED] - click(findTestObject("Object Repository/Page_Group10 Administration Search/a_Manage courses and categories")): Object: 'Object Repository/Page_Group10 Administration Search/a_Manage courses and categories' is clicked on

2022-01-14 18:43:20 - [MESSAGE][PASSED] - Object: 'Object Repository/Page_Group10 Administration Search/a_Manage courses and categories' is clicked on

2022-01-14 18:43:20 - [TEST_STEP][PASSED] - click(findTestObject("Object Repository/Page_Course and category management/a_Sort courses")): Object: 'Object Repository/Page_Course and category management/a_Sort courses' is clicked on

2022-01-14 18:43:21 - [MESSAGE][PASSED] - Object: 'Object Repository/Page_Course and category management/a_Sort courses' is clicked on

2022-01-14 18:43:21 - [TEST_STEP][PASSED] - click(findTestObject("Object Repository/Page_Course and category management/span_Sort by Course time created descending")): Object: 'Object Repository/Page_Course and category management/span_Sort by Course time created descending' is clicked on

2022-01-14 18:43:22 - [MESSAGE][PASSED] - Object: 'Object Repository/Page_Course and category management/span_Sort by Course time created descending' is clicked on

2022-01-14 18:43:22 - [TEST_STEP][PASSED] - click(findTestObject("Object Repository/Page_Course and category management/i_Course restored 4_yui_3_17_2_1_1642036973057_625")): Object: 'Object Repository/Page_Course and category management/i_Course restored 4_yui_3_17_2_1_1642036973057_625' is clicked on

2022-01-14 18:43:23 - [MESSAGE][PASSED] - Object: 'Object Repository/Page_Course and category management/i_Course restored 4_yui_3_17_2_1_1642036973057_625' is clicked on

2022-01-14 18:43:23 - [TEST_STEP][PASSED] - click(findTestObject("Object Repository/Page_Group10 Delete courserestored4/button_Delete")): Object: 'Object Repository/Page_Group10 Delete courserestored4/button_Delete' is clicked on

2022-01-14 18:43:25 - [MESSAGE][PASSED] - Object: 'Object Repository/Page_Group10 Delete courserestored4/button_Delete' is clicked on

2022-01-14 18:43:25 - [TEST_STEP][PASSED] - click(findTestObject("Object Repository/Page_Group10 Deleting courserestored4/button_Continue")): Object: 'Object Repository/Page_Group10 Deleting courserestored4/button_Continue' is clicked on

2022-01-14 18:43:26 - [MESSAGE][PASSED] - Object: 'Object Repository/Page_Group10 Deleting courserestored4/button_Continue' is clicked on

2022-01-14 18:43:26 - [TEST_STEP][PASSED] - click(findTestObject("Object Repository/Page_Course and category management/i_Course restored 3_yui_3_17_2_1_1642037030374_504")): Object: 'Object Repository/Page_Course and category management/i_Course restored 3_yui_3_17_2_1_1642037030374_504' is clicked on

2022-01-14 18:43:27 - [MESSAGE][PASSED] - Object: 'Object Repository/Page_Course and category management/i_Course restored 3_yui_3_17_2_1_1642037030374_504' is clicked on

2022-01-14 18:43:27 - [TEST_STEP][PASSED] - click(findTestObject("Object Repository/Page_Group10 Delete courserestored3/button_Delete")): Object: 'Object Repository/Page_Group10 Delete courserestored3/button_Delete' is clicked on

2022-01-14 18:43:28 - [MESSAGE][PASSED] - Object: 'Object Repository/Page_Group10 Delete courserestored3/button_Delete' is clicked on

2022-01-14 18:43:28 - [TEST_STEP][PASSED] - click(findTestObject("Object Repository/Page_Group10 Deleting courserestored3/button_Continue")): Object: 'Object Repository/Page_Group10 Deleting courserestored3/button_Continue' is clicked on

2022-01-14 18:43:29 - [MESSAGE][PASSED] - Object: 'Object Repository/Page_Group10 Deleting courserestored3/button_Continue' is clicked on

2022-01-14 18:43:29 - [TEST_STEP][PASSED] - click(findTestObject("Object Repository/Page_Course and category management/i_Course restored 2_yui_3_17_2_1_1642037037091_442")): Object: 'Object Repository/Page_Course and category management/i_Course restored 2_yui_3_17_2_1_1642037037091_442' is clicked on

2022-01-14 18:43:31 - [MESSAGE][PASSED] - Object: 'Object Repository/Page_Course and category management/i_Course restored 2_yui_3_17_2_1_1642037037091_442' is clicked on

2022-01-14 18:43:31 - [TEST_STEP][PASSED] - click(findTestObject("Object Repository/Page_Group10 Delete courserestored2/button_Delete")): Object: 'Object Repository/Page_Group10 Delete courserestored2/button_Delete' is clicked on

2022-01-14 18:43:32 - [MESSAGE][PASSED] - Object: 'Object Repository/Page_Group10 Delete courserestored2/button_Delete' is clicked on

2022-01-14 18:43:32 - [TEST_STEP][PASSED] - click(findTestObject("Object Repository/Page_Group10 Deleting courserestored2/button_Continue")): Object: 'Object Repository/Page_Group10 Deleting courserestored2/button_Continue' is clicked on

2022-01-14 18:43:33 - [MESSAGE][PASSED] - Object: 'Object Repository/Page_Group10 Deleting courserestored2/button_Continue' is clicked on

2022-01-14 18:43:33 - [TEST_STEP][PASSED] - click(findTestObject("Object Repository/Page_Course and category management/i_Course restored_yui_3_17_2_1_1642037043486_382")): Object: 'Object Repository/Page_Course and category management/i_Course restored_yui_3_17_2_1_1642037043486_382' is clicked on

2022-01-14 18:43:34 - [MESSAGE][PASSED] - Object: 'Object Repository/Page_Course and category management/i_Course restored_yui_3_17_2_1_1642037043486_382' is clicked on

2022-01-14 18:43:34 - [TEST_STEP][PASSED] - click(findTestObject("Object Repository/Page_Group10 Delete courserestored/button_Delete")): Object: 'Object Repository/Page_Group10 Delete courserestored/button_Delete' is clicked on

2022-01-14 18:43:35 - [MESSAGE][PASSED] - Object: 'Object Repository/Page_Group10 Delete courserestored/button_Delete' is clicked on

2022-01-14 18:43:35 - [TEST_STEP][PASSED] - click(findTestObject("Object Repository/Page_Group10 Deleting courserestored/button_Continue")): Object: 'Object Repository/Page_Group10 Deleting courserestored/button_Continue' is clicked on

2022-01-14 18:43:37 - [MESSAGE][PASSED] - Object: 'Object Repository/Page_Group10 Deleting courserestored/button_Continue' is clicked on

2022-01-14 18:43:37 - [TEST_STEP][PASSED] - click(findTestObject("Object Repository/Page_Course and category management/a_AU")): Object: 'Object Repository/Page_Course and category management/a_AU' is clicked on

2022-01-14 18:43:37 - [MESSAGE][PASSED] - Object: 'Object Repository/Page_Course and category management/a_AU' is clicked on

2022-01-14 18:43:37 - [TEST_STEP][PASSED] - click(findTestObject("Object Repository/Page_Course and category management/a_Log out")): Object: 'Object Repository/Page_Course and category management/a_Log out' is clicked on

2022-01-14 18:43:38 - [MESSAGE][PASSED] - Object: 'Object Repository/Page_Course and category management/a_Log out' is clicked on

2022-01-14 18:43:38 - [TEST_STEP][PASSED] - closeBrowser(): Browser is closed

2022-01-14 18:43:39 - [MESSAGE][PASSED] - Browser is closed]]></system-out>
         <system-err><![CDATA[]]></system-err>
      </testcase>
      <testcase name="Test Cases/Edit course - ADMIN" time="28.03" classname="Test Cases/Edit course - ADMIN" status="PASSED">
         <system-out><![CDATA[2022-01-14 18:43:39 - [TEST_CASE][PASSED] - Test Cases/Edit course - ADMIN: Test Cases/Edit course - ADMIN

2022-01-14 18:43:39 - [TEST_STEP][PASSED] - openBrowser(""): Browser is opened with url: ''

2022-01-14 18:43:39 - [MESSAGE][INFO] - Starting 'Edge Chromium' driver

2022-01-14 18:43:42 - [MESSAGE][INFO] - Action delay is set to 0 milliseconds

2022-01-14 18:43:42 - [MESSAGE][PASSED] - Browser is opened with url: ''

2022-01-14 18:43:42 - [TEST_STEP][PASSED] - navigateToUrl("http://localhost/"): Navigate to 'http://localhost/' successfully

2022-01-14 18:43:43 - [MESSAGE][PASSED] - Navigate to 'http://localhost/' successfully

2022-01-14 18:43:43 - [TEST_STEP][PASSED] - click(findTestObject("Object Repository/Page_Home page/a_Log in")): Object: 'Object Repository/Page_Home page/a_Log in' is clicked on

2022-01-14 18:43:44 - [MESSAGE][PASSED] - Object: 'Object Repository/Page_Home page/a_Log in' is clicked on

2022-01-14 18:43:44 - [TEST_STEP][PASSED] - setText(findTestObject("Object Repository/Page_Home page Log in to the site/input_Username_username"), "admin"): Text 'admin' is set on object 'Object Repository/Page_Home page Log in to the site/input_Username_username'

2022-01-14 18:43:45 - [MESSAGE][PASSED] - Text 'admin' is set on object 'Object Repository/Page_Home page Log in to the site/input_Username_username'

2022-01-14 18:43:45 - [TEST_STEP][PASSED] - setEncryptedText(findTestObject("Object Repository/Page_Home page Log in to the site/input_Password_password"), "OFhcon1PzObx3ErJAwGfGA=="): Text ****** has been set on object 'Object Repository/Page_Home page Log in to the site/input_Password_password'

2022-01-14 18:43:45 - [MESSAGE][PASSED] - Text ****** has been set on object 'Object Repository/Page_Home page Log in to the site/input_Password_password'

2022-01-14 18:43:45 - [TEST_STEP][PASSED] - click(findTestObject("Object Repository/Page_Home page Log in to the site/button_Log in")): Object: 'Object Repository/Page_Home page Log in to the site/button_Log in' is clicked on

2022-01-14 18:43:47 - [MESSAGE][PASSED] - Object: 'Object Repository/Page_Home page Log in to the site/button_Log in' is clicked on

2022-01-14 18:43:47 - [TEST_STEP][PASSED] - click(findTestObject("Object Repository/Page_My courses/a_Site administration")): Object: 'Object Repository/Page_My courses/a_Site administration' is clicked on

2022-01-14 18:43:49 - [MESSAGE][PASSED] - Object: 'Object Repository/Page_My courses/a_Site administration' is clicked on

2022-01-14 18:43:49 - [TEST_STEP][PASSED] - click(findTestObject("Object Repository/Page_Group10 Administration Search/a_Courses")): Object: 'Object Repository/Page_Group10 Administration Search/a_Courses' is clicked on

2022-01-14 18:43:49 - [MESSAGE][PASSED] - Object: 'Object Repository/Page_Group10 Administration Search/a_Courses' is clicked on

2022-01-14 18:43:49 - [TEST_STEP][PASSED] - click(findTestObject("Object Repository/Page_Group10 Administration Search/a_Manage courses and categories")): Object: 'Object Repository/Page_Group10 Administration Search/a_Manage courses and categories' is clicked on

2022-01-14 18:43:50 - [MESSAGE][PASSED] - Object: 'Object Repository/Page_Group10 Administration Search/a_Manage courses and categories' is clicked on

2022-01-14 18:43:50 - [TEST_STEP][PASSED] - click(findTestObject("Object Repository/Page_Course and category management/i_H quan tri c s d liu_yui_3_17_2_1_1642039_4632b5")): Object: 'Object Repository/Page_Course and category management/i_H quan tri c s d liu_yui_3_17_2_1_1642039_4632b5' is clicked on

2022-01-14 18:43:52 - [MESSAGE][PASSED] - Object: 'Object Repository/Page_Course and category management/i_H quan tri c s d liu_yui_3_17_2_1_1642039_4632b5' is clicked on

2022-01-14 18:43:52 - [TEST_STEP][PASSED] - setText(findTestObject("Object Repository/Page_Edit course settings/input_Course full name_fullname"), "Hệ quản trị cơ sở dữ liệu (edited)"): Text 'Hệ quản trị cơ sở dữ liệu (edited)' is set on object 'Object Repository/Page_Edit course settings/input_Course full name_fullname'

2022-01-14 18:43:54 - [MESSAGE][PASSED] - Text 'Hệ quản trị cơ sở dữ liệu (edited)' is set on object 'Object Repository/Page_Edit course settings/input_Course full name_fullname'

2022-01-14 18:43:54 - [TEST_STEP][PASSED] - click(findTestObject("Object Repository/Page_Edit course settings/input_Enable_enddateenabled")): Object: 'Object Repository/Page_Edit course settings/input_Enable_enddateenabled' is clicked on

2022-01-14 18:43:54 - [MESSAGE][PASSED] - Object: 'Object Repository/Page_Edit course settings/input_Enable_enddateenabled' is clicked on

2022-01-14 18:43:54 - [TEST_STEP][PASSED] - setText(findTestObject("Object Repository/Page_Edit course settings/div_this is summary"), "this is summary"): Text 'this is summary' is set on object 'Object Repository/Page_Edit course settings/div_this is summary'

2022-01-14 18:43:55 - [MESSAGE][PASSED] - Text 'this is summary' is set on object 'Object Repository/Page_Edit course settings/div_this is summary'

2022-01-14 18:43:55 - [TEST_STEP][PASSED] - click(findTestObject("Object Repository/Page_Edit course settings/input__saveanddisplay")): Object: 'Object Repository/Page_Edit course settings/input__saveanddisplay' is clicked on

2022-01-14 18:43:56 - [MESSAGE][PASSED] - Object: 'Object Repository/Page_Edit course settings/input__saveanddisplay' is clicked on

2022-01-14 18:43:56 - [TEST_STEP][PASSED] - click(findTestObject("Object Repository/Page_Edit course settings/a_Site administration")): Object: 'Object Repository/Page_Edit course settings/a_Site administration' is clicked on

2022-01-14 18:43:58 - [MESSAGE][PASSED] - Object: 'Object Repository/Page_Edit course settings/a_Site administration' is clicked on

2022-01-14 18:43:58 - [TEST_STEP][PASSED] - click(findTestObject("Object Repository/Page_Group10 Administration Search/a_Courses")): Object: 'Object Repository/Page_Group10 Administration Search/a_Courses' is clicked on

2022-01-14 18:43:58 - [MESSAGE][PASSED] - Object: 'Object Repository/Page_Group10 Administration Search/a_Courses' is clicked on

2022-01-14 18:43:58 - [TEST_STEP][PASSED] - click(findTestObject("Object Repository/Page_Group10 Administration Search/a_Manage courses and categories")): Object: 'Object Repository/Page_Group10 Administration Search/a_Manage courses and categories' is clicked on

2022-01-14 18:44:00 - [MESSAGE][PASSED] - Object: 'Object Repository/Page_Group10 Administration Search/a_Manage courses and categories' is clicked on

2022-01-14 18:44:00 - [TEST_STEP][PASSED] - click(findTestObject("Object Repository/Page_Course and category management/i_H quan tri c s d liu (edited)_yui_3_17_2__de8f09")): Object: 'Object Repository/Page_Course and category management/i_H quan tri c s d liu (edited)_yui_3_17_2__de8f09' is clicked on

2022-01-14 18:44:01 - [MESSAGE][PASSED] - Object: 'Object Repository/Page_Course and category management/i_H quan tri c s d liu (edited)_yui_3_17_2__de8f09' is clicked on

2022-01-14 18:44:01 - [TEST_STEP][PASSED] - setText(findTestObject("Object Repository/Page_Edit course settings/input_Course full name_fullname"), "Hệ quản trị cơ sở dữ liệu"): Text 'Hệ quản trị cơ sở dữ liệu' is set on object 'Object Repository/Page_Edit course settings/input_Course full name_fullname'

2022-01-14 18:44:03 - [MESSAGE][PASSED] - Text 'Hệ quản trị cơ sở dữ liệu' is set on object 'Object Repository/Page_Edit course settings/input_Course full name_fullname'

2022-01-14 18:44:03 - [TEST_STEP][PASSED] - click(findTestObject("Object Repository/Page_Edit course settings/input_Enable_enddateenabled")): Object: 'Object Repository/Page_Edit course settings/input_Enable_enddateenabled' is clicked on

2022-01-14 18:44:03 - [MESSAGE][PASSED] - Object: 'Object Repository/Page_Edit course settings/input_Enable_enddateenabled' is clicked on

2022-01-14 18:44:03 - [TEST_STEP][PASSED] - click(findTestObject("Object Repository/Page_Edit course settings/input__saveandreturn")): Object: 'Object Repository/Page_Edit course settings/input__saveandreturn' is clicked on

2022-01-14 18:44:05 - [MESSAGE][PASSED] - Object: 'Object Repository/Page_Edit course settings/input__saveandreturn' is clicked on

2022-01-14 18:44:05 - [TEST_STEP][PASSED] - click(findTestObject("Object Repository/Page_Course and category management/a_AU")): Object: 'Object Repository/Page_Course and category management/a_AU' is clicked on

2022-01-14 18:44:05 - [MESSAGE][PASSED] - Object: 'Object Repository/Page_Course and category management/a_AU' is clicked on

2022-01-14 18:44:05 - [TEST_STEP][PASSED] - click(findTestObject("Object Repository/Page_Course and category management/a_Log out")): Object: 'Object Repository/Page_Course and category management/a_Log out' is clicked on

2022-01-14 18:44:06 - [MESSAGE][PASSED] - Object: 'Object Repository/Page_Course and category management/a_Log out' is clicked on

2022-01-14 18:44:06 - [TEST_STEP][PASSED] - closeBrowser(): Browser is closed

2022-01-14 18:44:07 - [MESSAGE][PASSED] - Browser is closed]]></system-out>
         <system-err><![CDATA[]]></system-err>
      </testcase>
      <testcase name="Test Cases/Delete a course - ADMIN" time="27.933" classname="Test Cases/Delete a course - ADMIN" status="PASSED">
         <system-out><![CDATA[2022-01-14 18:44:07 - [TEST_CASE][PASSED] - Test Cases/Delete a course - ADMIN: Test Cases/Delete a course - ADMIN

2022-01-14 18:44:07 - [TEST_STEP][PASSED] - openBrowser(""): Browser is opened with url: ''

2022-01-14 18:44:07 - [MESSAGE][INFO] - Starting 'Edge Chromium' driver

2022-01-14 18:44:10 - [MESSAGE][INFO] - Action delay is set to 0 milliseconds

2022-01-14 18:44:10 - [MESSAGE][PASSED] - Browser is opened with url: ''

2022-01-14 18:44:10 - [TEST_STEP][PASSED] - navigateToUrl("http://localhost/"): Navigate to 'http://localhost/' successfully

2022-01-14 18:44:11 - [MESSAGE][PASSED] - Navigate to 'http://localhost/' successfully

2022-01-14 18:44:11 - [TEST_STEP][PASSED] - click(findTestObject("Page_Home page/a_Log in")): Object: 'Object Repository/Page_Home page/a_Log in' is clicked on

2022-01-14 18:44:12 - [MESSAGE][PASSED] - Object: 'Object Repository/Page_Home page/a_Log in' is clicked on

2022-01-14 18:44:12 - [TEST_STEP][PASSED] - setText(findTestObject("Page_Home page Log in to the site/input_Username_username"), "admin"): Text 'admin' is set on object 'Object Repository/Page_Home page Log in to the site/input_Username_username'

2022-01-14 18:44:13 - [MESSAGE][PASSED] - Text 'admin' is set on object 'Object Repository/Page_Home page Log in to the site/input_Username_username'

2022-01-14 18:44:13 - [TEST_STEP][PASSED] - setEncryptedText(findTestObject("Page_Home page Log in to the site/input_Password_password"), "OFhcon1PzObx3ErJAwGfGA=="): Text ****** has been set on object 'Object Repository/Page_Home page Log in to the site/input_Password_password'

2022-01-14 18:44:13 - [MESSAGE][PASSED] - Text ****** has been set on object 'Object Repository/Page_Home page Log in to the site/input_Password_password'

2022-01-14 18:44:13 - [TEST_STEP][PASSED] - click(findTestObject("Page_Home page Log in to the site/button_Log in")): Object: 'Object Repository/Page_Home page Log in to the site/button_Log in' is clicked on

2022-01-14 18:44:15 - [MESSAGE][PASSED] - Object: 'Object Repository/Page_Home page Log in to the site/button_Log in' is clicked on

2022-01-14 18:44:15 - [TEST_STEP][PASSED] - click(findTestObject("Page_Dashboard/a_Site administration")): Object: 'Object Repository/Page_Dashboard/a_Site administration' is clicked on

2022-01-14 18:44:17 - [MESSAGE][PASSED] - Object: 'Object Repository/Page_Dashboard/a_Site administration' is clicked on

2022-01-14 18:44:17 - [TEST_STEP][PASSED] - click(findTestObject("Page_Group10 Administration Search/a_Courses")): Object: 'Object Repository/Page_Group10 Administration Search/a_Courses' is clicked on

2022-01-14 18:44:17 - [MESSAGE][PASSED] - Object: 'Object Repository/Page_Group10 Administration Search/a_Courses' is clicked on

2022-01-14 18:44:17 - [TEST_STEP][PASSED] - click(findTestObject("Page_Group10 Administration Search/a_Add a new course")): Object: 'Object Repository/Page_Group10 Administration Search/a_Add a new course' is clicked on

2022-01-14 18:44:19 - [MESSAGE][PASSED] - Object: 'Object Repository/Page_Group10 Administration Search/a_Add a new course' is clicked on

2022-01-14 18:44:19 - [TEST_STEP][PASSED] - click(findTestObject("Object Repository/Page_Group10 Add a new course/input_Course full name_fullname")): Object: 'Object Repository/Page_Group10 Add a new course/input_Course full name_fullname' is clicked on

2022-01-14 18:44:20 - [MESSAGE][PASSED] - Object: 'Object Repository/Page_Group10 Add a new course/input_Course full name_fullname' is clicked on

2022-01-14 18:44:20 - [TEST_STEP][PASSED] - setText(findTestObject("Object Repository/Page_Group10 Add a new course/input_Course full name_fullname"), "Course test for delete"): Text 'Course test for delete' is set on object 'Object Repository/Page_Group10 Add a new course/input_Course full name_fullname'

2022-01-14 18:44:21 - [MESSAGE][PASSED] - Text 'Course test for delete' is set on object 'Object Repository/Page_Group10 Add a new course/input_Course full name_fullname'

2022-01-14 18:44:21 - [TEST_STEP][PASSED] - setText(findTestObject("Object Repository/Page_Group10 Add a new course/input_Course short name_shortname"), "testdelete"): Text 'testdelete' is set on object 'Object Repository/Page_Group10 Add a new course/input_Course short name_shortname'

2022-01-14 18:44:21 - [MESSAGE][PASSED] - Text 'testdelete' is set on object 'Object Repository/Page_Group10 Add a new course/input_Course short name_shortname'

2022-01-14 18:44:21 - [TEST_STEP][PASSED] - click(findTestObject("Object Repository/Page_Group10 Add a new course/label_Enable")): Object: 'Object Repository/Page_Group10 Add a new course/label_Enable' is clicked on

2022-01-14 18:44:22 - [MESSAGE][PASSED] - Object: 'Object Repository/Page_Group10 Add a new course/label_Enable' is clicked on

2022-01-14 18:44:22 - [TEST_STEP][PASSED] - click(findTestObject("Object Repository/Page_Group10 Add a new course/input__saveanddisplay")): Object: 'Object Repository/Page_Group10 Add a new course/input__saveanddisplay' is clicked on

2022-01-14 18:44:23 - [MESSAGE][PASSED] - Object: 'Object Repository/Page_Group10 Add a new course/input__saveanddisplay' is clicked on

2022-01-14 18:44:23 - [TEST_STEP][PASSED] - click(findTestObject("Object Repository/Page_Course Course test for delete/a_Site administration")): Object: 'Object Repository/Page_Course Course test for delete/a_Site administration' is clicked on

2022-01-14 18:44:25 - [MESSAGE][PASSED] - Object: 'Object Repository/Page_Course Course test for delete/a_Site administration' is clicked on

2022-01-14 18:44:25 - [TEST_STEP][PASSED] - click(findTestObject("Page_Group10 Administration Search/a_Courses")): Object: 'Object Repository/Page_Group10 Administration Search/a_Courses' is clicked on

2022-01-14 18:44:26 - [MESSAGE][PASSED] - Object: 'Object Repository/Page_Group10 Administration Search/a_Courses' is clicked on

2022-01-14 18:44:26 - [TEST_STEP][PASSED] - click(findTestObject("Page_Group10 Administration Search/a_Manage courses and categories")): Object: 'Object Repository/Page_Group10 Administration Search/a_Manage courses and categories' is clicked on

2022-01-14 18:44:27 - [MESSAGE][PASSED] - Object: 'Object Repository/Page_Group10 Administration Search/a_Manage courses and categories' is clicked on

2022-01-14 18:44:27 - [TEST_STEP][PASSED] - click(findTestObject("Page_Course and category management/a_Sort courses")): Object: 'Object Repository/Page_Course and category management/a_Sort courses' is clicked on

2022-01-14 18:44:28 - [MESSAGE][PASSED] - Object: 'Object Repository/Page_Course and category management/a_Sort courses' is clicked on

2022-01-14 18:44:28 - [TEST_STEP][PASSED] - click(findTestObject("Page_Course and category management/span_Sort by Course time created descending")): Object: 'Object Repository/Page_Course and category management/span_Sort by Course time created descending' is clicked on

2022-01-14 18:44:29 - [MESSAGE][PASSED] - Object: 'Object Repository/Page_Course and category management/span_Sort by Course time created descending' is clicked on

2022-01-14 18:44:29 - [TEST_STEP][PASSED] - click(findTestObject("Object Repository/Page_Course and category management/i_Course test for delete_yui_3_17_2_1_16420_0ef4d4")): Object: 'Object Repository/Page_Course and category management/i_Course test for delete_yui_3_17_2_1_16420_0ef4d4' is clicked on

2022-01-14 18:44:30 - [MESSAGE][PASSED] - Object: 'Object Repository/Page_Course and category management/i_Course test for delete_yui_3_17_2_1_16420_0ef4d4' is clicked on

2022-01-14 18:44:30 - [TEST_STEP][PASSED] - click(findTestObject("Object Repository/Page_Group10 Delete testdelete/button_Delete")): Object: 'Object Repository/Page_Group10 Delete testdelete/button_Delete' is clicked on

2022-01-14 18:44:31 - [MESSAGE][PASSED] - Object: 'Object Repository/Page_Group10 Delete testdelete/button_Delete' is clicked on

2022-01-14 18:44:31 - [TEST_STEP][PASSED] - click(findTestObject("Object Repository/Page_Group10 Deleting testdelete/button_Continue")): Object: 'Object Repository/Page_Group10 Deleting testdelete/button_Continue' is clicked on

2022-01-14 18:44:33 - [MESSAGE][PASSED] - Object: 'Object Repository/Page_Group10 Deleting testdelete/button_Continue' is clicked on

2022-01-14 18:44:33 - [TEST_STEP][PASSED] - click(findTestObject("Object Repository/Page_Course and category management/span_AU")): Object: 'Object Repository/Page_Course and category management/span_AU' is clicked on

2022-01-14 18:44:33 - [MESSAGE][PASSED] - Object: 'Object Repository/Page_Course and category management/span_AU' is clicked on

2022-01-14 18:44:33 - [TEST_STEP][PASSED] - click(findTestObject("Page_Course and category management/a_Log out")): Object: 'Object Repository/Page_Course and category management/a_Log out' is clicked on

2022-01-14 18:44:34 - [MESSAGE][PASSED] - Object: 'Object Repository/Page_Course and category management/a_Log out' is clicked on

2022-01-14 18:44:34 - [TEST_STEP][PASSED] - closeBrowser(): Browser is closed

2022-01-14 18:44:35 - [MESSAGE][PASSED] - Browser is closed]]></system-out>
         <system-err><![CDATA[]]></system-err>
      </testcase>
      <testcase name="Test Cases/Edit role - ADMIN" time="41.349" classname="Test Cases/Edit role - ADMIN" status="FAILED">
         <failure type="FAILED" message="Test Cases/Edit role - ADMIN FAILED.
Reason:
com.kms.katalon.core.exception.StepFailedException: Unable to click on object 'Object Repository/Page_Group10 Administration Search/a_Define roles'
	at com.kms.katalon.core.webui.keyword.internal.WebUIKeywordMain.stepFailed(WebUIKeywordMain.groovy:64)
	at com.kms.katalon.core.webui.keyword.internal.WebUIKeywordMain.runKeyword(WebUIKeywordMain.groovy:26)
	at com.kms.katalon.core.webui.keyword.builtin.ClickKeyword.click(ClickKeyword.groovy:74)
	at com.kms.katalon.core.webui.keyword.builtin.ClickKeyword.execute(ClickKeyword.groovy:40)
	at com.kms.katalon.core.keyword.internal.KeywordExecutor.executeKeywordForPlatform(KeywordExecutor.groovy:74)
	at com.kms.katalon.core.webui.keyword.WebUiBuiltInKeywords.click(WebUiBuiltInKeywords.groovy:620)
	at com.kms.katalon.core.webui.keyword.WebUiBuiltInKeywords$click$1.call(Unknown Source)
	at Edit role - ADMIN.run(Edit role - ADMIN:36)
	at com.kms.katalon.core.main.ScriptEngine.run(ScriptEngine.java:194)
	at com.kms.katalon.core.main.ScriptEngine.runScriptAsRawText(ScriptEngine.java:119)
	at com.kms.katalon.core.main.TestCaseExecutor.runScript(TestCaseExecutor.java:442)
	at com.kms.katalon.core.main.TestCaseExecutor.doExecute(TestCaseExecutor.java:433)
	at com.kms.katalon.core.main.TestCaseExecutor.processExecutionPhase(TestCaseExecutor.java:412)
	at com.kms.katalon.core.main.TestCaseExecutor.accessMainPhase(TestCaseExecutor.java:404)
	at com.kms.katalon.core.main.TestCaseExecutor.execute(TestCaseExecutor.java:281)
	at com.kms.katalon.core.main.TestSuiteExecutor.accessTestCaseMainPhase(TestSuiteExecutor.java:202)
	at com.kms.katalon.core.main.TestSuiteExecutor.accessTestSuiteMainPhase(TestSuiteExecutor.java:164)
	at com.kms.katalon.core.main.TestSuiteExecutor.execute(TestSuiteExecutor.java:105)
	at com.kms.katalon.core.main.TestCaseMain.startTestSuite(TestCaseMain.java:181)
	at com.kms.katalon.core.main.TestCaseMain$startTestSuite$0.call(Unknown Source)
	at TempTestSuite1642159997020.run(TempTestSuite1642159997020.groovy:36)
Caused by: com.kms.katalon.core.webui.exception.WebElementNotFoundException: Web element with id: 'Object Repository/Page_Group10 Administration Search/a_Define roles' located by '//div[@id='linkusers']/div/div[3]/div[2]/ul/li[3]/a' not found
	at com.kms.katalon.core.webui.common.WebUiCommonHelper.findWebElement(WebUiCommonHelper.java:1368)
	at com.kms.katalon.core.webui.keyword.internal.WebUIAbstractKeyword.findWebElement(WebUIAbstractKeyword.groovy:27)
	at com.kms.katalon.core.webui.keyword.builtin.ClickKeyword$_click_closure1.doCall(ClickKeyword.groovy:65)
	at com.kms.katalon.core.webui.keyword.builtin.ClickKeyword$_click_closure1.call(ClickKeyword.groovy)
	at com.kms.katalon.core.webui.keyword.internal.WebUIKeywordMain.runKeyword(WebUIKeywordMain.groovy:20)
	... 19 more
"/>
         <system-out><![CDATA[2022-01-14 18:44:35 - [TEST_CASE][FAILED] - Test Cases/Edit role - ADMIN: Test Cases/Edit role - ADMIN FAILED.
Reason:
com.kms.katalon.core.exception.StepFailedException: Unable to click on object 'Object Repository/Page_Group10 Administration Search/a_Define roles'
	at com.kms.katalon.core.webui.keyword.internal.WebUIKeywordMain.stepFailed(WebUIKeywordMain.groovy:64)
	at com.kms.katalon.core.webui.keyword.internal.WebUIKeywordMain.runKeyword(WebUIKeywordMain.groovy:26)
	at com.kms.katalon.core.webui.keyword.builtin.ClickKeyword.click(ClickKeyword.groovy:74)
	at com.kms.katalon.core.webui.keyword.builtin.ClickKeyword.execute(ClickKeyword.groovy:40)
	at com.kms.katalon.core.keyword.internal.KeywordExecutor.executeKeywordForPlatform(KeywordExecutor.groovy:74)
	at com.kms.katalon.core.webui.keyword.WebUiBuiltInKeywords.click(WebUiBuiltInKeywords.groovy:620)
	at com.kms.katalon.core.webui.keyword.WebUiBuiltInKeywords$click$1.call(Unknown Source)
	at Edit role - ADMIN.run(Edit role - ADMIN:36)
	at com.kms.katalon.core.main.ScriptEngine.run(ScriptEngine.java:194)
	at com.kms.katalon.core.main.ScriptEngine.runScriptAsRawText(ScriptEngine.java:119)
	at com.kms.katalon.core.main.TestCaseExecutor.runScript(TestCaseExecutor.java:442)
	at com.kms.katalon.core.main.TestCaseExecutor.doExecute(TestCaseExecutor.java:433)
	at com.kms.katalon.core.main.TestCaseExecutor.processExecutionPhase(TestCaseExecutor.java:412)
	at com.kms.katalon.core.main.TestCaseExecutor.accessMainPhase(TestCaseExecutor.java:404)
	at com.kms.katalon.core.main.TestCaseExecutor.execute(TestCaseExecutor.java:281)
	at com.kms.katalon.core.main.TestSuiteExecutor.accessTestCaseMainPhase(TestSuiteExecutor.java:202)
	at com.kms.katalon.core.main.TestSuiteExecutor.accessTestSuiteMainPhase(TestSuiteExecutor.java:164)
	at com.kms.katalon.core.main.TestSuiteExecutor.execute(TestSuiteExecutor.java:105)
	at com.kms.katalon.core.main.TestCaseMain.startTestSuite(TestCaseMain.java:181)
	at com.kms.katalon.core.main.TestCaseMain$startTestSuite$0.call(Unknown Source)
	at TempTestSuite1642159997020.run(TempTestSuite1642159997020.groovy:36)
Caused by: com.kms.katalon.core.webui.exception.WebElementNotFoundException: Web element with id: 'Object Repository/Page_Group10 Administration Search/a_Define roles' located by '//div[@id='linkusers']/div/div[3]/div[2]/ul/li[3]/a' not found
	at com.kms.katalon.core.webui.common.WebUiCommonHelper.findWebElement(WebUiCommonHelper.java:1368)
	at com.kms.katalon.core.webui.keyword.internal.WebUIAbstractKeyword.findWebElement(WebUIAbstractKeyword.groovy:27)
	at com.kms.katalon.core.webui.keyword.builtin.ClickKeyword$_click_closure1.doCall(ClickKeyword.groovy:65)
	at com.kms.katalon.core.webui.keyword.builtin.ClickKeyword$_click_closure1.call(ClickKeyword.groovy)
	at com.kms.katalon.core.webui.keyword.internal.WebUIKeywordMain.runKeyword(WebUIKeywordMain.groovy:20)
	... 19 more


2022-01-14 18:44:35 - [TEST_STEP][PASSED] - openBrowser(""): Browser is opened with url: ''

2022-01-14 18:44:35 - [MESSAGE][INFO] - Starting 'Edge Chromium' driver

2022-01-14 18:44:38 - [MESSAGE][INFO] - Action delay is set to 0 milliseconds

2022-01-14 18:44:38 - [MESSAGE][PASSED] - Browser is opened with url: ''

2022-01-14 18:44:38 - [TEST_STEP][PASSED] - navigateToUrl("http://localhost/"): Navigate to 'http://localhost/' successfully

2022-01-14 18:44:39 - [MESSAGE][PASSED] - Navigate to 'http://localhost/' successfully

2022-01-14 18:44:39 - [TEST_STEP][PASSED] - click(findTestObject("Page_Home page/a_Log in")): Object: 'Object Repository/Page_Home page/a_Log in' is clicked on

2022-01-14 18:44:40 - [MESSAGE][PASSED] - Object: 'Object Repository/Page_Home page/a_Log in' is clicked on

2022-01-14 18:44:40 - [TEST_STEP][PASSED] - setText(findTestObject("Page_Home page Log in to the site/input_Username_username"), "admin"): Text 'admin' is set on object 'Object Repository/Page_Home page Log in to the site/input_Username_username'

2022-01-14 18:44:41 - [MESSAGE][PASSED] - Text 'admin' is set on object 'Object Repository/Page_Home page Log in to the site/input_Username_username'

2022-01-14 18:44:41 - [TEST_STEP][PASSED] - setEncryptedText(findTestObject("Page_Home page Log in to the site/input_Password_password"), "OFhcon1PzObx3ErJAwGfGA=="): Text ****** has been set on object 'Object Repository/Page_Home page Log in to the site/input_Password_password'

2022-01-14 18:44:41 - [MESSAGE][PASSED] - Text ****** has been set on object 'Object Repository/Page_Home page Log in to the site/input_Password_password'

2022-01-14 18:44:41 - [TEST_STEP][PASSED] - click(findTestObject("Page_Home page Log in to the site/button_Log in")): Object: 'Object Repository/Page_Home page Log in to the site/button_Log in' is clicked on

2022-01-14 18:44:43 - [MESSAGE][PASSED] - Object: 'Object Repository/Page_Home page Log in to the site/button_Log in' is clicked on

2022-01-14 18:44:43 - [TEST_STEP][PASSED] - click(findTestObject("Page_Dashboard/a_Site administration")): Object: 'Object Repository/Page_Dashboard/a_Site administration' is clicked on

2022-01-14 18:44:44 - [MESSAGE][PASSED] - Object: 'Object Repository/Page_Dashboard/a_Site administration' is clicked on

2022-01-14 18:44:44 - [TEST_STEP][PASSED] - click(findTestObject("Page_Group10 Administration Search/a_Users")): Object: 'Object Repository/Page_Group10 Administration Search/a_Users' is clicked on

2022-01-14 18:44:45 - [MESSAGE][PASSED] - Object: 'Object Repository/Page_Group10 Administration Search/a_Users' is clicked on

2022-01-14 18:44:45 - [TEST_STEP][FAILED] - click(findTestObject("Page_Group10 Administration Search/a_Define roles")): Unable to click on object 'Object Repository/Page_Group10 Administration Search/a_Define roles' (Root cause: com.kms.katalon.core.exception.StepFailedException: Unable to click on object 'Object Repository/Page_Group10 Administration Search/a_Define roles'
	at com.kms.katalon.core.webui.keyword.internal.WebUIKeywordMain.stepFailed(WebUIKeywordMain.groovy:64)
	at com.kms.katalon.core.webui.keyword.internal.WebUIKeywordMain.runKeyword(WebUIKeywordMain.groovy:26)
	at com.kms.katalon.core.webui.keyword.builtin.ClickKeyword.click(ClickKeyword.groovy:74)
	at com.kms.katalon.core.webui.keyword.builtin.ClickKeyword.execute(ClickKeyword.groovy:40)
	at com.kms.katalon.core.keyword.internal.KeywordExecutor.executeKeywordForPlatform(KeywordExecutor.groovy:74)
	at com.kms.katalon.core.webui.keyword.WebUiBuiltInKeywords.click(WebUiBuiltInKeywords.groovy:620)
	at com.kms.katalon.core.webui.keyword.WebUiBuiltInKeywords$click$1.call(Unknown Source)
	at Edit role - ADMIN.run(Edit role - ADMIN:36)
	at com.kms.katalon.core.main.ScriptEngine.run(ScriptEngine.java:194)
	at com.kms.katalon.core.main.ScriptEngine.runScriptAsRawText(ScriptEngine.java:119)
	at com.kms.katalon.core.main.TestCaseExecutor.runScript(TestCaseExecutor.java:442)
	at com.kms.katalon.core.main.TestCaseExecutor.doExecute(TestCaseExecutor.java:433)
	at com.kms.katalon.core.main.TestCaseExecutor.processExecutionPhase(TestCaseExecutor.java:412)
	at com.kms.katalon.core.main.TestCaseExecutor.accessMainPhase(TestCaseExecutor.java:404)
	at com.kms.katalon.core.main.TestCaseExecutor.execute(TestCaseExecutor.java:281)
	at com.kms.katalon.core.main.TestSuiteExecutor.accessTestCaseMainPhase(TestSuiteExecutor.java:202)
	at com.kms.katalon.core.main.TestSuiteExecutor.accessTestSuiteMainPhase(TestSuiteExecutor.java:164)
	at com.kms.katalon.core.main.TestSuiteExecutor.execute(TestSuiteExecutor.java:105)
	at com.kms.katalon.core.main.TestCaseMain.startTestSuite(TestCaseMain.java:181)
	at com.kms.katalon.core.main.TestCaseMain$startTestSuite$0.call(Unknown Source)
	at TempTestSuite1642159997020.run(TempTestSuite1642159997020.groovy:36)
Caused by: com.kms.katalon.core.webui.exception.WebElementNotFoundException: Web element with id: 'Object Repository/Page_Group10 Administration Search/a_Define roles' located by '//div[@id='linkusers']/div/div[3]/div[2]/ul/li[3]/a' not found
	at com.kms.katalon.core.webui.common.WebUiCommonHelper.findWebElement(WebUiCommonHelper.java:1368)
	at com.kms.katalon.core.webui.keyword.internal.WebUIAbstractKeyword.findWebElement(WebUIAbstractKeyword.groovy:27)
	at com.kms.katalon.core.webui.keyword.builtin.ClickKeyword$_click_closure1.doCall(ClickKeyword.groovy:65)
	at com.kms.katalon.core.webui.keyword.builtin.ClickKeyword$_click_closure1.call(ClickKeyword.groovy)
	at com.kms.katalon.core.webui.keyword.internal.WebUIKeywordMain.runKeyword(WebUIKeywordMain.groovy:20)
	at com.kms.katalon.core.webui.keyword.builtin.ClickKeyword.click(ClickKeyword.groovy:74)
	at com.kms.katalon.core.webui.keyword.builtin.ClickKeyword.execute(ClickKeyword.groovy:40)
	at com.kms.katalon.core.keyword.internal.KeywordExecutor.executeKeywordForPlatform(KeywordExecutor.groovy:74)
	at com.kms.katalon.core.webui.keyword.WebUiBuiltInKeywords.click(WebUiBuiltInKeywords.groovy:620)
	at com.kms.katalon.core.webui.keyword.WebUiBuiltInKeywords$click$1.call(Unknown Source)
	at Script1642046541169.run(Script1642046541169.groovy:36)
	... 13 more
)

2022-01-14 18:45:16 - [MESSAGE][INFO] - Unable to find the element located by 'By.xpath: //div[@id='linkusers']/div/div[3]/div[2]/ul/li[3]/a'. Please recheck the objects properties to make sure the desired element is located. 

2022-01-14 18:45:17 - [MESSAGE][FAILED] - Unable to click on object 'Object Repository/Page_Group10 Administration Search/a_Define roles' (Root cause: com.kms.katalon.core.exception.StepFailedException: Unable to click on object 'Object Repository/Page_Group10 Administration Search/a_Define roles'
	at com.kms.katalon.core.webui.keyword.internal.WebUIKeywordMain.stepFailed(WebUIKeywordMain.groovy:64)
	at com.kms.katalon.core.webui.keyword.internal.WebUIKeywordMain.runKeyword(WebUIKeywordMain.groovy:26)
	at com.kms.katalon.core.webui.keyword.builtin.ClickKeyword.click(ClickKeyword.groovy:74)
	at com.kms.katalon.core.webui.keyword.builtin.ClickKeyword.execute(ClickKeyword.groovy:40)
	at com.kms.katalon.core.keyword.internal.KeywordExecutor.executeKeywordForPlatform(KeywordExecutor.groovy:74)
	at com.kms.katalon.core.webui.keyword.WebUiBuiltInKeywords.click(WebUiBuiltInKeywords.groovy:620)
	at com.kms.katalon.core.webui.keyword.WebUiBuiltInKeywords$click$1.call(Unknown Source)
	at Edit role - ADMIN.run(Edit role - ADMIN:36)
	at com.kms.katalon.core.main.ScriptEngine.run(ScriptEngine.java:194)
	at com.kms.katalon.core.main.ScriptEngine.runScriptAsRawText(ScriptEngine.java:119)
	at com.kms.katalon.core.main.TestCaseExecutor.runScript(TestCaseExecutor.java:442)
	at com.kms.katalon.core.main.TestCaseExecutor.doExecute(TestCaseExecutor.java:433)
	at com.kms.katalon.core.main.TestCaseExecutor.processExecutionPhase(TestCaseExecutor.java:412)
	at com.kms.katalon.core.main.TestCaseExecutor.accessMainPhase(TestCaseExecutor.java:404)
	at com.kms.katalon.core.main.TestCaseExecutor.execute(TestCaseExecutor.java:281)
	at com.kms.katalon.core.main.TestSuiteExecutor.accessTestCaseMainPhase(TestSuiteExecutor.java:202)
	at com.kms.katalon.core.main.TestSuiteExecutor.accessTestSuiteMainPhase(TestSuiteExecutor.java:164)
	at com.kms.katalon.core.main.TestSuiteExecutor.execute(TestSuiteExecutor.java:105)
	at com.kms.katalon.core.main.TestCaseMain.startTestSuite(TestCaseMain.java:181)
	at com.kms.katalon.core.main.TestCaseMain$startTestSuite$0.call(Unknown Source)
	at TempTestSuite1642159997020.run(TempTestSuite1642159997020.groovy:36)
Caused by: com.kms.katalon.core.webui.exception.WebElementNotFoundException: Web element with id: 'Object Repository/Page_Group10 Administration Search/a_Define roles' located by '//div[@id='linkusers']/div/div[3]/div[2]/ul/li[3]/a' not found
	at com.kms.katalon.core.webui.common.WebUiCommonHelper.findWebElement(WebUiCommonHelper.java:1368)
	at com.kms.katalon.core.webui.keyword.internal.WebUIAbstractKeyword.findWebElement(WebUIAbstractKeyword.groovy:27)
	at com.kms.katalon.core.webui.keyword.builtin.ClickKeyword$_click_closure1.doCall(ClickKeyword.groovy:65)
	at com.kms.katalon.core.webui.keyword.builtin.ClickKeyword$_click_closure1.call(ClickKeyword.groovy)
	at com.kms.katalon.core.webui.keyword.internal.WebUIKeywordMain.runKeyword(WebUIKeywordMain.groovy:20)
	at com.kms.katalon.core.webui.keyword.builtin.ClickKeyword.click(ClickKeyword.groovy:74)
	at com.kms.katalon.core.webui.keyword.builtin.ClickKeyword.execute(ClickKeyword.groovy:40)
	at com.kms.katalon.core.keyword.internal.KeywordExecutor.executeKeywordForPlatform(KeywordExecutor.groovy:74)
	at com.kms.katalon.core.webui.keyword.WebUiBuiltInKeywords.click(WebUiBuiltInKeywords.groovy:620)
	at com.kms.katalon.core.webui.keyword.WebUiBuiltInKeywords$click$1.call(Unknown Source)
	at Script1642046541169.run(Script1642046541169.groovy:36)
	... 13 more
)
[[ATTACHMENT|D:\\TestAutomation-SEBonus-Group10\\Test Automation - SE Bonus\\Reports\\20220114_183317\\Run all test cases\\20220114_183317\\1642160716822.png]]]]></system-out>
         <system-err><![CDATA[2022-01-14 18:44:35 - [TEST_CASE][FAILED] - Test Cases/Edit role - ADMIN: Test Cases/Edit role - ADMIN FAILED.
Reason:
com.kms.katalon.core.exception.StepFailedException: Unable to click on object 'Object Repository/Page_Group10 Administration Search/a_Define roles'
	at com.kms.katalon.core.webui.keyword.internal.WebUIKeywordMain.stepFailed(WebUIKeywordMain.groovy:64)
	at com.kms.katalon.core.webui.keyword.internal.WebUIKeywordMain.runKeyword(WebUIKeywordMain.groovy:26)
	at com.kms.katalon.core.webui.keyword.builtin.ClickKeyword.click(ClickKeyword.groovy:74)
	at com.kms.katalon.core.webui.keyword.builtin.ClickKeyword.execute(ClickKeyword.groovy:40)
	at com.kms.katalon.core.keyword.internal.KeywordExecutor.executeKeywordForPlatform(KeywordExecutor.groovy:74)
	at com.kms.katalon.core.webui.keyword.WebUiBuiltInKeywords.click(WebUiBuiltInKeywords.groovy:620)
	at com.kms.katalon.core.webui.keyword.WebUiBuiltInKeywords$click$1.call(Unknown Source)
	at Edit role - ADMIN.run(Edit role - ADMIN:36)
	at com.kms.katalon.core.main.ScriptEngine.run(ScriptEngine.java:194)
	at com.kms.katalon.core.main.ScriptEngine.runScriptAsRawText(ScriptEngine.java:119)
	at com.kms.katalon.core.main.TestCaseExecutor.runScript(TestCaseExecutor.java:442)
	at com.kms.katalon.core.main.TestCaseExecutor.doExecute(TestCaseExecutor.java:433)
	at com.kms.katalon.core.main.TestCaseExecutor.processExecutionPhase(TestCaseExecutor.java:412)
	at com.kms.katalon.core.main.TestCaseExecutor.accessMainPhase(TestCaseExecutor.java:404)
	at com.kms.katalon.core.main.TestCaseExecutor.execute(TestCaseExecutor.java:281)
	at com.kms.katalon.core.main.TestSuiteExecutor.accessTestCaseMainPhase(TestSuiteExecutor.java:202)
	at com.kms.katalon.core.main.TestSuiteExecutor.accessTestSuiteMainPhase(TestSuiteExecutor.java:164)
	at com.kms.katalon.core.main.TestSuiteExecutor.execute(TestSuiteExecutor.java:105)
	at com.kms.katalon.core.main.TestCaseMain.startTestSuite(TestCaseMain.java:181)
	at com.kms.katalon.core.main.TestCaseMain$startTestSuite$0.call(Unknown Source)
	at TempTestSuite1642159997020.run(TempTestSuite1642159997020.groovy:36)
Caused by: com.kms.katalon.core.webui.exception.WebElementNotFoundException: Web element with id: 'Object Repository/Page_Group10 Administration Search/a_Define roles' located by '//div[@id='linkusers']/div/div[3]/div[2]/ul/li[3]/a' not found
	at com.kms.katalon.core.webui.common.WebUiCommonHelper.findWebElement(WebUiCommonHelper.java:1368)
	at com.kms.katalon.core.webui.keyword.internal.WebUIAbstractKeyword.findWebElement(WebUIAbstractKeyword.groovy:27)
	at com.kms.katalon.core.webui.keyword.builtin.ClickKeyword$_click_closure1.doCall(ClickKeyword.groovy:65)
	at com.kms.katalon.core.webui.keyword.builtin.ClickKeyword$_click_closure1.call(ClickKeyword.groovy)
	at com.kms.katalon.core.webui.keyword.internal.WebUIKeywordMain.runKeyword(WebUIKeywordMain.groovy:20)
	... 19 more]]></system-err>
      </testcase>
      <testcase name="Test Cases/Add a new role - ADMIN" time="42.073" classname="Test Cases/Add a new role - ADMIN" status="FAILED">
         <failure type="FAILED" message="Test Cases/Add a new role - ADMIN FAILED.
Reason:
com.kms.katalon.core.exception.StepFailedException: Unable to click on object 'Object Repository/Page_Group10 Administration Search/a_Define roles'
	at com.kms.katalon.core.webui.keyword.internal.WebUIKeywordMain.stepFailed(WebUIKeywordMain.groovy:64)
	at com.kms.katalon.core.webui.keyword.internal.WebUIKeywordMain.runKeyword(WebUIKeywordMain.groovy:26)
	at com.kms.katalon.core.webui.keyword.builtin.ClickKeyword.click(ClickKeyword.groovy:74)
	at com.kms.katalon.core.webui.keyword.builtin.ClickKeyword.execute(ClickKeyword.groovy:40)
	at com.kms.katalon.core.keyword.internal.KeywordExecutor.executeKeywordForPlatform(KeywordExecutor.groovy:74)
	at com.kms.katalon.core.webui.keyword.WebUiBuiltInKeywords.click(WebUiBuiltInKeywords.groovy:620)
	at com.kms.katalon.core.webui.keyword.WebUiBuiltInKeywords$click$1.call(Unknown Source)
	at Add a new role - ADMIN.run(Add a new role - ADMIN:36)
	at com.kms.katalon.core.main.ScriptEngine.run(ScriptEngine.java:194)
	at com.kms.katalon.core.main.ScriptEngine.runScriptAsRawText(ScriptEngine.java:119)
	at com.kms.katalon.core.main.TestCaseExecutor.runScript(TestCaseExecutor.java:442)
	at com.kms.katalon.core.main.TestCaseExecutor.doExecute(TestCaseExecutor.java:433)
	at com.kms.katalon.core.main.TestCaseExecutor.processExecutionPhase(TestCaseExecutor.java:412)
	at com.kms.katalon.core.main.TestCaseExecutor.accessMainPhase(TestCaseExecutor.java:404)
	at com.kms.katalon.core.main.TestCaseExecutor.execute(TestCaseExecutor.java:281)
	at com.kms.katalon.core.main.TestSuiteExecutor.accessTestCaseMainPhase(TestSuiteExecutor.java:202)
	at com.kms.katalon.core.main.TestSuiteExecutor.accessTestSuiteMainPhase(TestSuiteExecutor.java:164)
	at com.kms.katalon.core.main.TestSuiteExecutor.execute(TestSuiteExecutor.java:105)
	at com.kms.katalon.core.main.TestCaseMain.startTestSuite(TestCaseMain.java:181)
	at com.kms.katalon.core.main.TestCaseMain$startTestSuite$0.call(Unknown Source)
	at TempTestSuite1642159997020.run(TempTestSuite1642159997020.groovy:36)
Caused by: com.kms.katalon.core.webui.exception.WebElementNotFoundException: Web element with id: 'Object Repository/Page_Group10 Administration Search/a_Define roles' located by '//div[@id='linkusers']/div/div[3]/div[2]/ul/li[3]/a' not found
	at com.kms.katalon.core.webui.common.WebUiCommonHelper.findWebElement(WebUiCommonHelper.java:1368)
	at com.kms.katalon.core.webui.keyword.internal.WebUIAbstractKeyword.findWebElement(WebUIAbstractKeyword.groovy:27)
	at com.kms.katalon.core.webui.keyword.builtin.ClickKeyword$_click_closure1.doCall(ClickKeyword.groovy:65)
	at com.kms.katalon.core.webui.keyword.builtin.ClickKeyword$_click_closure1.call(ClickKeyword.groovy)
	at com.kms.katalon.core.webui.keyword.internal.WebUIKeywordMain.runKeyword(WebUIKeywordMain.groovy:20)
	... 19 more
"/>
         <system-out><![CDATA[2022-01-14 18:45:17 - [TEST_CASE][FAILED] - Test Cases/Add a new role - ADMIN: Test Cases/Add a new role - ADMIN FAILED.
Reason:
com.kms.katalon.core.exception.StepFailedException: Unable to click on object 'Object Repository/Page_Group10 Administration Search/a_Define roles'
	at com.kms.katalon.core.webui.keyword.internal.WebUIKeywordMain.stepFailed(WebUIKeywordMain.groovy:64)
	at com.kms.katalon.core.webui.keyword.internal.WebUIKeywordMain.runKeyword(WebUIKeywordMain.groovy:26)
	at com.kms.katalon.core.webui.keyword.builtin.ClickKeyword.click(ClickKeyword.groovy:74)
	at com.kms.katalon.core.webui.keyword.builtin.ClickKeyword.execute(ClickKeyword.groovy:40)
	at com.kms.katalon.core.keyword.internal.KeywordExecutor.executeKeywordForPlatform(KeywordExecutor.groovy:74)
	at com.kms.katalon.core.webui.keyword.WebUiBuiltInKeywords.click(WebUiBuiltInKeywords.groovy:620)
	at com.kms.katalon.core.webui.keyword.WebUiBuiltInKeywords$click$1.call(Unknown Source)
	at Add a new role - ADMIN.run(Add a new role - ADMIN:36)
	at com.kms.katalon.core.main.ScriptEngine.run(ScriptEngine.java:194)
	at com.kms.katalon.core.main.ScriptEngine.runScriptAsRawText(ScriptEngine.java:119)
	at com.kms.katalon.core.main.TestCaseExecutor.runScript(TestCaseExecutor.java:442)
	at com.kms.katalon.core.main.TestCaseExecutor.doExecute(TestCaseExecutor.java:433)
	at com.kms.katalon.core.main.TestCaseExecutor.processExecutionPhase(TestCaseExecutor.java:412)
	at com.kms.katalon.core.main.TestCaseExecutor.accessMainPhase(TestCaseExecutor.java:404)
	at com.kms.katalon.core.main.TestCaseExecutor.execute(TestCaseExecutor.java:281)
	at com.kms.katalon.core.main.TestSuiteExecutor.accessTestCaseMainPhase(TestSuiteExecutor.java:202)
	at com.kms.katalon.core.main.TestSuiteExecutor.accessTestSuiteMainPhase(TestSuiteExecutor.java:164)
	at com.kms.katalon.core.main.TestSuiteExecutor.execute(TestSuiteExecutor.java:105)
	at com.kms.katalon.core.main.TestCaseMain.startTestSuite(TestCaseMain.java:181)
	at com.kms.katalon.core.main.TestCaseMain$startTestSuite$0.call(Unknown Source)
	at TempTestSuite1642159997020.run(TempTestSuite1642159997020.groovy:36)
Caused by: com.kms.katalon.core.webui.exception.WebElementNotFoundException: Web element with id: 'Object Repository/Page_Group10 Administration Search/a_Define roles' located by '//div[@id='linkusers']/div/div[3]/div[2]/ul/li[3]/a' not found
	at com.kms.katalon.core.webui.common.WebUiCommonHelper.findWebElement(WebUiCommonHelper.java:1368)
	at com.kms.katalon.core.webui.keyword.internal.WebUIAbstractKeyword.findWebElement(WebUIAbstractKeyword.groovy:27)
	at com.kms.katalon.core.webui.keyword.builtin.ClickKeyword$_click_closure1.doCall(ClickKeyword.groovy:65)
	at com.kms.katalon.core.webui.keyword.builtin.ClickKeyword$_click_closure1.call(ClickKeyword.groovy)
	at com.kms.katalon.core.webui.keyword.internal.WebUIKeywordMain.runKeyword(WebUIKeywordMain.groovy:20)
	... 19 more


2022-01-14 18:45:17 - [TEST_STEP][PASSED] - openBrowser(""): Browser is opened with url: ''

2022-01-14 18:45:17 - [MESSAGE][WARNING] - A browser is already opened. Closing browser and opening a new one

2022-01-14 18:45:18 - [MESSAGE][INFO] - Starting 'Edge Chromium' driver

2022-01-14 18:45:20 - [MESSAGE][INFO] - Action delay is set to 0 milliseconds

2022-01-14 18:45:21 - [MESSAGE][PASSED] - Browser is opened with url: ''

2022-01-14 18:45:21 - [TEST_STEP][PASSED] - navigateToUrl("http://localhost/"): Navigate to 'http://localhost/' successfully

2022-01-14 18:45:21 - [MESSAGE][PASSED] - Navigate to 'http://localhost/' successfully

2022-01-14 18:45:21 - [TEST_STEP][PASSED] - click(findTestObject("Page_Home page/a_Log in")): Object: 'Object Repository/Page_Home page/a_Log in' is clicked on

2022-01-14 18:45:22 - [MESSAGE][PASSED] - Object: 'Object Repository/Page_Home page/a_Log in' is clicked on

2022-01-14 18:45:22 - [TEST_STEP][PASSED] - setText(findTestObject("Page_Home page Log in to the site/input_Username_username"), "admin"): Text 'admin' is set on object 'Object Repository/Page_Home page Log in to the site/input_Username_username'

2022-01-14 18:45:23 - [MESSAGE][PASSED] - Text 'admin' is set on object 'Object Repository/Page_Home page Log in to the site/input_Username_username'

2022-01-14 18:45:23 - [TEST_STEP][PASSED] - setEncryptedText(findTestObject("Page_Home page Log in to the site/input_Password_password"), "OFhcon1PzObx3ErJAwGfGA=="): Text ****** has been set on object 'Object Repository/Page_Home page Log in to the site/input_Password_password'

2022-01-14 18:45:23 - [MESSAGE][PASSED] - Text ****** has been set on object 'Object Repository/Page_Home page Log in to the site/input_Password_password'

2022-01-14 18:45:23 - [TEST_STEP][PASSED] - click(findTestObject("Page_Home page Log in to the site/button_Log in")): Object: 'Object Repository/Page_Home page Log in to the site/button_Log in' is clicked on

2022-01-14 18:45:25 - [MESSAGE][PASSED] - Object: 'Object Repository/Page_Home page Log in to the site/button_Log in' is clicked on

2022-01-14 18:45:25 - [TEST_STEP][PASSED] - click(findTestObject("Page_Dashboard/a_Site administration")): Object: 'Object Repository/Page_Dashboard/a_Site administration' is clicked on

2022-01-14 18:45:27 - [MESSAGE][PASSED] - Object: 'Object Repository/Page_Dashboard/a_Site administration' is clicked on

2022-01-14 18:45:27 - [TEST_STEP][PASSED] - click(findTestObject("Page_Group10 Administration Search/a_Users")): Object: 'Object Repository/Page_Group10 Administration Search/a_Users' is clicked on

2022-01-14 18:45:27 - [MESSAGE][PASSED] - Object: 'Object Repository/Page_Group10 Administration Search/a_Users' is clicked on

2022-01-14 18:45:27 - [TEST_STEP][FAILED] - click(findTestObject("Page_Group10 Administration Search/a_Define roles")): Unable to click on object 'Object Repository/Page_Group10 Administration Search/a_Define roles' (Root cause: com.kms.katalon.core.exception.StepFailedException: Unable to click on object 'Object Repository/Page_Group10 Administration Search/a_Define roles'
	at com.kms.katalon.core.webui.keyword.internal.WebUIKeywordMain.stepFailed(WebUIKeywordMain.groovy:64)
	at com.kms.katalon.core.webui.keyword.internal.WebUIKeywordMain.runKeyword(WebUIKeywordMain.groovy:26)
	at com.kms.katalon.core.webui.keyword.builtin.ClickKeyword.click(ClickKeyword.groovy:74)
	at com.kms.katalon.core.webui.keyword.builtin.ClickKeyword.execute(ClickKeyword.groovy:40)
	at com.kms.katalon.core.keyword.internal.KeywordExecutor.executeKeywordForPlatform(KeywordExecutor.groovy:74)
	at com.kms.katalon.core.webui.keyword.WebUiBuiltInKeywords.click(WebUiBuiltInKeywords.groovy:620)
	at com.kms.katalon.core.webui.keyword.WebUiBuiltInKeywords$click$1.call(Unknown Source)
	at Add a new role - ADMIN.run(Add a new role - ADMIN:36)
	at com.kms.katalon.core.main.ScriptEngine.run(ScriptEngine.java:194)
	at com.kms.katalon.core.main.ScriptEngine.runScriptAsRawText(ScriptEngine.java:119)
	at com.kms.katalon.core.main.TestCaseExecutor.runScript(TestCaseExecutor.java:442)
	at com.kms.katalon.core.main.TestCaseExecutor.doExecute(TestCaseExecutor.java:433)
	at com.kms.katalon.core.main.TestCaseExecutor.processExecutionPhase(TestCaseExecutor.java:412)
	at com.kms.katalon.core.main.TestCaseExecutor.accessMainPhase(TestCaseExecutor.java:404)
	at com.kms.katalon.core.main.TestCaseExecutor.execute(TestCaseExecutor.java:281)
	at com.kms.katalon.core.main.TestSuiteExecutor.accessTestCaseMainPhase(TestSuiteExecutor.java:202)
	at com.kms.katalon.core.main.TestSuiteExecutor.accessTestSuiteMainPhase(TestSuiteExecutor.java:164)
	at com.kms.katalon.core.main.TestSuiteExecutor.execute(TestSuiteExecutor.java:105)
	at com.kms.katalon.core.main.TestCaseMain.startTestSuite(TestCaseMain.java:181)
	at com.kms.katalon.core.main.TestCaseMain$startTestSuite$0.call(Unknown Source)
	at TempTestSuite1642159997020.run(TempTestSuite1642159997020.groovy:36)
Caused by: com.kms.katalon.core.webui.exception.WebElementNotFoundException: Web element with id: 'Object Repository/Page_Group10 Administration Search/a_Define roles' located by '//div[@id='linkusers']/div/div[3]/div[2]/ul/li[3]/a' not found
	at com.kms.katalon.core.webui.common.WebUiCommonHelper.findWebElement(WebUiCommonHelper.java:1368)
	at com.kms.katalon.core.webui.keyword.internal.WebUIAbstractKeyword.findWebElement(WebUIAbstractKeyword.groovy:27)
	at com.kms.katalon.core.webui.keyword.builtin.ClickKeyword$_click_closure1.doCall(ClickKeyword.groovy:65)
	at com.kms.katalon.core.webui.keyword.builtin.ClickKeyword$_click_closure1.call(ClickKeyword.groovy)
	at com.kms.katalon.core.webui.keyword.internal.WebUIKeywordMain.runKeyword(WebUIKeywordMain.groovy:20)
	at com.kms.katalon.core.webui.keyword.builtin.ClickKeyword.click(ClickKeyword.groovy:74)
	at com.kms.katalon.core.webui.keyword.builtin.ClickKeyword.execute(ClickKeyword.groovy:40)
	at com.kms.katalon.core.keyword.internal.KeywordExecutor.executeKeywordForPlatform(KeywordExecutor.groovy:74)
	at com.kms.katalon.core.webui.keyword.WebUiBuiltInKeywords.click(WebUiBuiltInKeywords.groovy:620)
	at com.kms.katalon.core.webui.keyword.WebUiBuiltInKeywords$click$1.call(Unknown Source)
	at Script1642050782114.run(Script1642050782114.groovy:36)
	... 13 more
)

2022-01-14 18:45:58 - [MESSAGE][INFO] - Unable to find the element located by 'By.xpath: //div[@id='linkusers']/div/div[3]/div[2]/ul/li[3]/a'. Please recheck the objects properties to make sure the desired element is located. 

2022-01-14 18:45:59 - [MESSAGE][FAILED] - Unable to click on object 'Object Repository/Page_Group10 Administration Search/a_Define roles' (Root cause: com.kms.katalon.core.exception.StepFailedException: Unable to click on object 'Object Repository/Page_Group10 Administration Search/a_Define roles'
	at com.kms.katalon.core.webui.keyword.internal.WebUIKeywordMain.stepFailed(WebUIKeywordMain.groovy:64)
	at com.kms.katalon.core.webui.keyword.internal.WebUIKeywordMain.runKeyword(WebUIKeywordMain.groovy:26)
	at com.kms.katalon.core.webui.keyword.builtin.ClickKeyword.click(ClickKeyword.groovy:74)
	at com.kms.katalon.core.webui.keyword.builtin.ClickKeyword.execute(ClickKeyword.groovy:40)
	at com.kms.katalon.core.keyword.internal.KeywordExecutor.executeKeywordForPlatform(KeywordExecutor.groovy:74)
	at com.kms.katalon.core.webui.keyword.WebUiBuiltInKeywords.click(WebUiBuiltInKeywords.groovy:620)
	at com.kms.katalon.core.webui.keyword.WebUiBuiltInKeywords$click$1.call(Unknown Source)
	at Add a new role - ADMIN.run(Add a new role - ADMIN:36)
	at com.kms.katalon.core.main.ScriptEngine.run(ScriptEngine.java:194)
	at com.kms.katalon.core.main.ScriptEngine.runScriptAsRawText(ScriptEngine.java:119)
	at com.kms.katalon.core.main.TestCaseExecutor.runScript(TestCaseExecutor.java:442)
	at com.kms.katalon.core.main.TestCaseExecutor.doExecute(TestCaseExecutor.java:433)
	at com.kms.katalon.core.main.TestCaseExecutor.processExecutionPhase(TestCaseExecutor.java:412)
	at com.kms.katalon.core.main.TestCaseExecutor.accessMainPhase(TestCaseExecutor.java:404)
	at com.kms.katalon.core.main.TestCaseExecutor.execute(TestCaseExecutor.java:281)
	at com.kms.katalon.core.main.TestSuiteExecutor.accessTestCaseMainPhase(TestSuiteExecutor.java:202)
	at com.kms.katalon.core.main.TestSuiteExecutor.accessTestSuiteMainPhase(TestSuiteExecutor.java:164)
	at com.kms.katalon.core.main.TestSuiteExecutor.execute(TestSuiteExecutor.java:105)
	at com.kms.katalon.core.main.TestCaseMain.startTestSuite(TestCaseMain.java:181)
	at com.kms.katalon.core.main.TestCaseMain$startTestSuite$0.call(Unknown Source)
	at TempTestSuite1642159997020.run(TempTestSuite1642159997020.groovy:36)
Caused by: com.kms.katalon.core.webui.exception.WebElementNotFoundException: Web element with id: 'Object Repository/Page_Group10 Administration Search/a_Define roles' located by '//div[@id='linkusers']/div/div[3]/div[2]/ul/li[3]/a' not found
	at com.kms.katalon.core.webui.common.WebUiCommonHelper.findWebElement(WebUiCommonHelper.java:1368)
	at com.kms.katalon.core.webui.keyword.internal.WebUIAbstractKeyword.findWebElement(WebUIAbstractKeyword.groovy:27)
	at com.kms.katalon.core.webui.keyword.builtin.ClickKeyword$_click_closure1.doCall(ClickKeyword.groovy:65)
	at com.kms.katalon.core.webui.keyword.builtin.ClickKeyword$_click_closure1.call(ClickKeyword.groovy)
	at com.kms.katalon.core.webui.keyword.internal.WebUIKeywordMain.runKeyword(WebUIKeywordMain.groovy:20)
	at com.kms.katalon.core.webui.keyword.builtin.ClickKeyword.click(ClickKeyword.groovy:74)
	at com.kms.katalon.core.webui.keyword.builtin.ClickKeyword.execute(ClickKeyword.groovy:40)
	at com.kms.katalon.core.keyword.internal.KeywordExecutor.executeKeywordForPlatform(KeywordExecutor.groovy:74)
	at com.kms.katalon.core.webui.keyword.WebUiBuiltInKeywords.click(WebUiBuiltInKeywords.groovy:620)
	at com.kms.katalon.core.webui.keyword.WebUiBuiltInKeywords$click$1.call(Unknown Source)
	at Script1642050782114.run(Script1642050782114.groovy:36)
	... 13 more
)
[[ATTACHMENT|D:\\TestAutomation-SEBonus-Group10\\Test Automation - SE Bonus\\Reports\\20220114_183317\\Run all test cases\\20220114_183317\\1642160758907.png]]]]></system-out>
         <system-err><![CDATA[2022-01-14 18:45:17 - [TEST_CASE][FAILED] - Test Cases/Add a new role - ADMIN: Test Cases/Add a new role - ADMIN FAILED.
Reason:
com.kms.katalon.core.exception.StepFailedException: Unable to click on object 'Object Repository/Page_Group10 Administration Search/a_Define roles'
	at com.kms.katalon.core.webui.keyword.internal.WebUIKeywordMain.stepFailed(WebUIKeywordMain.groovy:64)
	at com.kms.katalon.core.webui.keyword.internal.WebUIKeywordMain.runKeyword(WebUIKeywordMain.groovy:26)
	at com.kms.katalon.core.webui.keyword.builtin.ClickKeyword.click(ClickKeyword.groovy:74)
	at com.kms.katalon.core.webui.keyword.builtin.ClickKeyword.execute(ClickKeyword.groovy:40)
	at com.kms.katalon.core.keyword.internal.KeywordExecutor.executeKeywordForPlatform(KeywordExecutor.groovy:74)
	at com.kms.katalon.core.webui.keyword.WebUiBuiltInKeywords.click(WebUiBuiltInKeywords.groovy:620)
	at com.kms.katalon.core.webui.keyword.WebUiBuiltInKeywords$click$1.call(Unknown Source)
	at Add a new role - ADMIN.run(Add a new role - ADMIN:36)
	at com.kms.katalon.core.main.ScriptEngine.run(ScriptEngine.java:194)
	at com.kms.katalon.core.main.ScriptEngine.runScriptAsRawText(ScriptEngine.java:119)
	at com.kms.katalon.core.main.TestCaseExecutor.runScript(TestCaseExecutor.java:442)
	at com.kms.katalon.core.main.TestCaseExecutor.doExecute(TestCaseExecutor.java:433)
	at com.kms.katalon.core.main.TestCaseExecutor.processExecutionPhase(TestCaseExecutor.java:412)
	at com.kms.katalon.core.main.TestCaseExecutor.accessMainPhase(TestCaseExecutor.java:404)
	at com.kms.katalon.core.main.TestCaseExecutor.execute(TestCaseExecutor.java:281)
	at com.kms.katalon.core.main.TestSuiteExecutor.accessTestCaseMainPhase(TestSuiteExecutor.java:202)
	at com.kms.katalon.core.main.TestSuiteExecutor.accessTestSuiteMainPhase(TestSuiteExecutor.java:164)
	at com.kms.katalon.core.main.TestSuiteExecutor.execute(TestSuiteExecutor.java:105)
	at com.kms.katalon.core.main.TestCaseMain.startTestSuite(TestCaseMain.java:181)
	at com.kms.katalon.core.main.TestCaseMain$startTestSuite$0.call(Unknown Source)
	at TempTestSuite1642159997020.run(TempTestSuite1642159997020.groovy:36)
Caused by: com.kms.katalon.core.webui.exception.WebElementNotFoundException: Web element with id: 'Object Repository/Page_Group10 Administration Search/a_Define roles' located by '//div[@id='linkusers']/div/div[3]/div[2]/ul/li[3]/a' not found
	at com.kms.katalon.core.webui.common.WebUiCommonHelper.findWebElement(WebUiCommonHelper.java:1368)
	at com.kms.katalon.core.webui.keyword.internal.WebUIAbstractKeyword.findWebElement(WebUIAbstractKeyword.groovy:27)
	at com.kms.katalon.core.webui.keyword.builtin.ClickKeyword$_click_closure1.doCall(ClickKeyword.groovy:65)
	at com.kms.katalon.core.webui.keyword.builtin.ClickKeyword$_click_closure1.call(ClickKeyword.groovy)
	at com.kms.katalon.core.webui.keyword.internal.WebUIKeywordMain.runKeyword(WebUIKeywordMain.groovy:20)
	... 19 more]]></system-err>
      </testcase>
      <testcase name="Test Cases/Add a discussion topic - ADMIN" time="23.717" classname="Test Cases/Add a discussion topic - ADMIN" status="PASSED">
         <system-out><![CDATA[2022-01-14 18:45:59 - [TEST_CASE][PASSED] - Test Cases/Add a discussion topic - ADMIN: Test Cases/Add a discussion topic - ADMIN

2022-01-14 18:45:59 - [TEST_STEP][PASSED] - openBrowser(""): Browser is opened with url: ''

2022-01-14 18:45:59 - [MESSAGE][WARNING] - A browser is already opened. Closing browser and opening a new one

2022-01-14 18:46:00 - [MESSAGE][INFO] - Starting 'Edge Chromium' driver

2022-01-14 18:46:02 - [MESSAGE][INFO] - Action delay is set to 0 milliseconds

2022-01-14 18:46:03 - [MESSAGE][PASSED] - Browser is opened with url: ''

2022-01-14 18:46:03 - [TEST_STEP][PASSED] - navigateToUrl("http://localhost/"): Navigate to 'http://localhost/' successfully

2022-01-14 18:46:03 - [MESSAGE][PASSED] - Navigate to 'http://localhost/' successfully

2022-01-14 18:46:03 - [TEST_STEP][PASSED] - click(findTestObject("Page_Home page/a_Log in")): Object: 'Object Repository/Page_Home page/a_Log in' is clicked on

2022-01-14 18:46:04 - [MESSAGE][PASSED] - Object: 'Object Repository/Page_Home page/a_Log in' is clicked on

2022-01-14 18:46:04 - [TEST_STEP][PASSED] - setText(findTestObject("Page_Home page Log in to the site/input_Username_username"), "admin"): Text 'admin' is set on object 'Object Repository/Page_Home page Log in to the site/input_Username_username'

2022-01-14 18:46:05 - [MESSAGE][PASSED] - Text 'admin' is set on object 'Object Repository/Page_Home page Log in to the site/input_Username_username'

2022-01-14 18:46:05 - [TEST_STEP][PASSED] - setEncryptedText(findTestObject("Page_Home page Log in to the site/input_Password_password"), "OFhcon1PzObx3ErJAwGfGA=="): Text ****** has been set on object 'Object Repository/Page_Home page Log in to the site/input_Password_password'

2022-01-14 18:46:06 - [MESSAGE][PASSED] - Text ****** has been set on object 'Object Repository/Page_Home page Log in to the site/input_Password_password'

2022-01-14 18:46:06 - [TEST_STEP][PASSED] - click(findTestObject("Page_Home page Log in to the site/button_Log in")): Object: 'Object Repository/Page_Home page Log in to the site/button_Log in' is clicked on

2022-01-14 18:46:07 - [MESSAGE][PASSED] - Object: 'Object Repository/Page_Home page Log in to the site/button_Log in' is clicked on

2022-01-14 18:46:07 - [TEST_STEP][PASSED] - click(findTestObject("forum/Page_Dashboard/a_Home")): Object: 'Object Repository/forum/Page_Dashboard/a_Home' is clicked on

2022-01-14 18:46:09 - [MESSAGE][PASSED] - Object: 'Object Repository/forum/Page_Dashboard/a_Home' is clicked on

2022-01-14 18:46:09 - [TEST_STEP][PASSED] - click(findTestObject("Object Repository/forum/Page_Home page/a_Add a new topic")): Object: 'Object Repository/forum/Page_Home page/a_Add a new topic' is clicked on

2022-01-14 18:46:10 - [MESSAGE][PASSED] - Object: 'Object Repository/forum/Page_Home page/a_Add a new topic' is clicked on

2022-01-14 18:46:10 - [TEST_STEP][PASSED] - setText(findTestObject("Object Repository/forum/Page_Home page/input_Subject_subject"), "Testing add new topic"): Text 'Testing add new topic' is set on object 'Object Repository/forum/Page_Home page/input_Subject_subject'

2022-01-14 18:46:11 - [MESSAGE][PASSED] - Text 'Testing add new topic' is set on object 'Object Repository/forum/Page_Home page/input_Subject_subject'

2022-01-14 18:46:11 - [TEST_STEP][PASSED] - click(findTestObject("Object Repository/forum/Page_Home page/p")): Object: 'Object Repository/forum/Page_Home page/p' is clicked on

2022-01-14 18:46:11 - [MESSAGE][PASSED] - Object: 'Object Repository/forum/Page_Home page/p' is clicked on

2022-01-14 18:46:11 - [TEST_STEP][PASSED] - setText(findTestObject("Object Repository/forum/Page_Home page/div_Hello this is a new topic"), "Hello this is a new topic"): Text 'Hello this is a new topic' is set on object 'Object Repository/forum/Page_Home page/div_Hello this is a new topic'

2022-01-14 18:46:12 - [MESSAGE][PASSED] - Text 'Hello this is a new topic' is set on object 'Object Repository/forum/Page_Home page/div_Hello this is a new topic'

2022-01-14 18:46:12 - [TEST_STEP][PASSED] - click(findTestObject("Object Repository/forum/Page_Home page/input_Rich text editor_submitbutton")): Object: 'Object Repository/forum/Page_Home page/input_Rich text editor_submitbutton' is clicked on

2022-01-14 18:46:14 - [MESSAGE][PASSED] - Object: 'Object Repository/forum/Page_Home page/input_Rich text editor_submitbutton' is clicked on

2022-01-14 18:46:14 - [TEST_STEP][PASSED] - click(findTestObject("Object Repository/forum/Page_Site announcements/a_Testing add new topic")): Object: 'Object Repository/forum/Page_Site announcements/a_Testing add new topic' is clicked on

2022-01-14 18:46:15 - [MESSAGE][PASSED] - Object: 'Object Repository/forum/Page_Site announcements/a_Testing add new topic' is clicked on

2022-01-14 18:46:15 - [TEST_STEP][PASSED] - click(findTestObject("Object Repository/forum/Page_Group10 Testing add new topic/a_Home")): Object: 'Object Repository/forum/Page_Group10 Testing add new topic/a_Home' is clicked on

2022-01-14 18:46:16 - [MESSAGE][PASSED] - Object: 'Object Repository/forum/Page_Group10 Testing add new topic/a_Home' is clicked on

2022-01-14 18:46:16 - [TEST_STEP][PASSED] - click(findTestObject("Object Repository/forum/Page_Home page/a_Discuss this topic")): Object: 'Object Repository/forum/Page_Home page/a_Discuss this topic' is clicked on

2022-01-14 18:46:18 - [MESSAGE][PASSED] - Object: 'Object Repository/forum/Page_Home page/a_Discuss this topic' is clicked on

2022-01-14 18:46:18 - [TEST_STEP][PASSED] - click(findTestObject("Object Repository/forum/Page_Group10 Testing add new topic/a_Delete")): Object: 'Object Repository/forum/Page_Group10 Testing add new topic/a_Delete' is clicked on

2022-01-14 18:46:19 - [MESSAGE][PASSED] - Object: 'Object Repository/forum/Page_Group10 Testing add new topic/a_Delete' is clicked on

2022-01-14 18:46:19 - [TEST_STEP][PASSED] - click(findTestObject("Object Repository/forum/Page_Group10/button_Continue")): Object: 'Object Repository/forum/Page_Group10/button_Continue' is clicked on

2022-01-14 18:46:20 - [MESSAGE][PASSED] - Object: 'Object Repository/forum/Page_Group10/button_Continue' is clicked on

2022-01-14 18:46:20 - [TEST_STEP][PASSED] - click(findTestObject("Object Repository/forum/Page_Site announcements/a_AU")): Object: 'Object Repository/forum/Page_Site announcements/a_AU' is clicked on

2022-01-14 18:46:20 - [MESSAGE][PASSED] - Object: 'Object Repository/forum/Page_Site announcements/a_AU' is clicked on

2022-01-14 18:46:20 - [TEST_STEP][PASSED] - click(findTestObject("Object Repository/forum/Page_Site announcements/a_Log out")): Object: 'Object Repository/forum/Page_Site announcements/a_Log out' is clicked on

2022-01-14 18:46:21 - [MESSAGE][PASSED] - Object: 'Object Repository/forum/Page_Site announcements/a_Log out' is clicked on

2022-01-14 18:46:21 - [TEST_STEP][PASSED] - closeBrowser(): Browser is closed

2022-01-14 18:46:22 - [MESSAGE][PASSED] - Browser is closed]]></system-out>
         <system-err><![CDATA[]]></system-err>
      </testcase>
      <testcase name="Test Cases/Subscribe to forum - ADMIN" time="18.525" classname="Test Cases/Subscribe to forum - ADMIN" status="PASSED">
         <system-out><![CDATA[2022-01-14 18:46:22 - [TEST_CASE][PASSED] - Test Cases/Subscribe to forum - ADMIN: Test Cases/Subscribe to forum - ADMIN

2022-01-14 18:46:23 - [TEST_STEP][PASSED] - openBrowser(""): Browser is opened with url: ''

2022-01-14 18:46:23 - [MESSAGE][INFO] - Starting 'Edge Chromium' driver

2022-01-14 18:46:25 - [MESSAGE][INFO] - Action delay is set to 0 milliseconds

2022-01-14 18:46:26 - [MESSAGE][PASSED] - Browser is opened with url: ''

2022-01-14 18:46:26 - [TEST_STEP][PASSED] - navigateToUrl("http://localhost/"): Navigate to 'http://localhost/' successfully

2022-01-14 18:46:27 - [MESSAGE][PASSED] - Navigate to 'http://localhost/' successfully

2022-01-14 18:46:27 - [TEST_STEP][PASSED] - click(findTestObject("Object Repository/forum/Page_Home page/a_Log in")): Object: 'Object Repository/forum/Page_Home page/a_Log in' is clicked on

2022-01-14 18:46:28 - [MESSAGE][PASSED] - Object: 'Object Repository/forum/Page_Home page/a_Log in' is clicked on

2022-01-14 18:46:28 - [TEST_STEP][PASSED] - setText(findTestObject("Object Repository/forum/Page_Home page Log in to the site/input_Username_username"), "admin"): Text 'admin' is set on object 'Object Repository/forum/Page_Home page Log in to the site/input_Username_username'

2022-01-14 18:46:29 - [MESSAGE][PASSED] - Text 'admin' is set on object 'Object Repository/forum/Page_Home page Log in to the site/input_Username_username'

2022-01-14 18:46:29 - [TEST_STEP][PASSED] - setEncryptedText(findTestObject("Object Repository/forum/Page_Home page Log in to the site/input_Password_password"), "OFhcon1PzObx3ErJAwGfGA=="): Text ****** has been set on object 'Object Repository/forum/Page_Home page Log in to the site/input_Password_password'

2022-01-14 18:46:29 - [MESSAGE][PASSED] - Text ****** has been set on object 'Object Repository/forum/Page_Home page Log in to the site/input_Password_password'

2022-01-14 18:46:29 - [TEST_STEP][PASSED] - click(findTestObject("Object Repository/forum/Page_Home page Log in to the site/button_Log in")): Object: 'Object Repository/forum/Page_Home page Log in to the site/button_Log in' is clicked on

2022-01-14 18:46:30 - [MESSAGE][PASSED] - Object: 'Object Repository/forum/Page_Home page Log in to the site/button_Log in' is clicked on

2022-01-14 18:46:30 - [TEST_STEP][PASSED] - click(findTestObject("Object Repository/forum/Page_Dashboard/a_Home")): Object: 'Object Repository/forum/Page_Dashboard/a_Home' is clicked on

2022-01-14 18:46:32 - [MESSAGE][PASSED] - Object: 'Object Repository/forum/Page_Dashboard/a_Home' is clicked on

2022-01-14 18:46:32 - [TEST_STEP][PASSED] - click(findTestObject("Object Repository/forum/Page_Home page/a_Subscribe to forum")): Object: 'Object Repository/forum/Page_Home page/a_Subscribe to forum' is clicked on

2022-01-14 18:46:34 - [MESSAGE][PASSED] - Object: 'Object Repository/forum/Page_Home page/a_Subscribe to forum' is clicked on

2022-01-14 18:46:34 - [TEST_STEP][PASSED] - click(findTestObject("Object Repository/forum/Page_Site announcements/a_Subscriptions")): Object: 'Object Repository/forum/Page_Site announcements/a_Subscriptions' is clicked on

2022-01-14 18:46:35 - [MESSAGE][PASSED] - Object: 'Object Repository/forum/Page_Site announcements/a_Subscriptions' is clicked on

2022-01-14 18:46:35 - [TEST_STEP][PASSED] - click(findTestObject("Object Repository/forum/Page_Subscribers/a_Forum")): Object: 'Object Repository/forum/Page_Subscribers/a_Forum' is clicked on

2022-01-14 18:46:36 - [MESSAGE][PASSED] - Object: 'Object Repository/forum/Page_Subscribers/a_Forum' is clicked on

2022-01-14 18:46:36 - [TEST_STEP][PASSED] - click(findTestObject("Object Repository/forum/Page_Site announcements/a_Unsubscribe from forum")): Object: 'Object Repository/forum/Page_Site announcements/a_Unsubscribe from forum' is clicked on

2022-01-14 18:46:38 - [MESSAGE][PASSED] - Object: 'Object Repository/forum/Page_Site announcements/a_Unsubscribe from forum' is clicked on

2022-01-14 18:46:38 - [TEST_STEP][PASSED] - click(findTestObject("Object Repository/forum/Page_Site announcements/a_Subscriptions_1")): Object: 'Object Repository/forum/Page_Site announcements/a_Subscriptions_1' is clicked on

2022-01-14 18:46:39 - [MESSAGE][PASSED] - Object: 'Object Repository/forum/Page_Site announcements/a_Subscriptions_1' is clicked on

2022-01-14 18:46:39 - [TEST_STEP][PASSED] - click(findTestObject("Object Repository/forum/Page_Subscribers/a_AU")): Object: 'Object Repository/forum/Page_Subscribers/a_AU' is clicked on

2022-01-14 18:46:39 - [MESSAGE][PASSED] - Object: 'Object Repository/forum/Page_Subscribers/a_AU' is clicked on

2022-01-14 18:46:39 - [TEST_STEP][PASSED] - click(findTestObject("Object Repository/forum/Page_Subscribers/a_Log out")): Object: 'Object Repository/forum/Page_Subscribers/a_Log out' is clicked on

2022-01-14 18:46:40 - [MESSAGE][PASSED] - Object: 'Object Repository/forum/Page_Subscribers/a_Log out' is clicked on

2022-01-14 18:46:40 - [TEST_STEP][PASSED] - closeBrowser(): Browser is closed

2022-01-14 18:46:41 - [MESSAGE][PASSED] - Browser is closed]]></system-out>
         <system-err><![CDATA[]]></system-err>
      </testcase>
      <testcase name="Test Cases/Enroll teacher into course" time="53.424" classname="Test Cases/Enroll teacher into course" status="PASSED">
         <system-out><![CDATA[2022-01-14 18:46:41 - [TEST_CASE][PASSED] - Test Cases/Enroll teacher into course: Test Cases/Enroll teacher into course

2022-01-14 18:46:41 - [TEST_STEP][PASSED] - openBrowser(""): Browser is opened with url: ''

2022-01-14 18:46:41 - [MESSAGE][INFO] - Starting 'Edge Chromium' driver

2022-01-14 18:46:43 - [MESSAGE][INFO] - Action delay is set to 0 milliseconds

2022-01-14 18:46:44 - [MESSAGE][PASSED] - Browser is opened with url: ''

2022-01-14 18:46:44 - [TEST_STEP][PASSED] - navigateToUrl("http://localhost/"): Navigate to 'http://localhost/' successfully

2022-01-14 18:46:45 - [MESSAGE][PASSED] - Navigate to 'http://localhost/' successfully

2022-01-14 18:46:45 - [TEST_STEP][PASSED] - click(findTestObject("Page_Home page/a_Log in")): Object: 'Object Repository/Page_Home page/a_Log in' is clicked on

2022-01-14 18:46:46 - [MESSAGE][PASSED] - Object: 'Object Repository/Page_Home page/a_Log in' is clicked on

2022-01-14 18:46:46 - [TEST_STEP][PASSED] - setText(findTestObject("Page_Home page Log in to the site/input_Username_username"), "admin"): Text 'admin' is set on object 'Object Repository/Page_Home page Log in to the site/input_Username_username'

2022-01-14 18:46:47 - [MESSAGE][PASSED] - Text 'admin' is set on object 'Object Repository/Page_Home page Log in to the site/input_Username_username'

2022-01-14 18:46:47 - [TEST_STEP][PASSED] - setEncryptedText(findTestObject("Page_Home page Log in to the site/input_Password_password"), "OFhcon1PzObx3ErJAwGfGA=="): Text ****** has been set on object 'Object Repository/Page_Home page Log in to the site/input_Password_password'

2022-01-14 18:46:47 - [MESSAGE][PASSED] - Text ****** has been set on object 'Object Repository/Page_Home page Log in to the site/input_Password_password'

2022-01-14 18:46:47 - [TEST_STEP][PASSED] - click(findTestObject("Page_Home page Log in to the site/button_Log in")): Object: 'Object Repository/Page_Home page Log in to the site/button_Log in' is clicked on

2022-01-14 18:46:48 - [MESSAGE][PASSED] - Object: 'Object Repository/Page_Home page Log in to the site/button_Log in' is clicked on

2022-01-14 18:46:48 - [TEST_STEP][PASSED] - click(findTestObject("Object Repository/Page_TA Participants/a_My courses")): Object: 'Object Repository/Page_TA Participants/a_My courses' is clicked on

2022-01-14 18:46:50 - [MESSAGE][PASSED] - Object: 'Object Repository/Page_TA Participants/a_My courses' is clicked on

2022-01-14 18:46:50 - [TEST_STEP][PASSED] - click(findTestObject("Object Repository/Page_My courses/span_H quan tri c s d liu")): Object: 'Object Repository/Page_My courses/span_H quan tri c s d liu' is clicked on

2022-01-14 18:46:52 - [MESSAGE][PASSED] - Object: 'Object Repository/Page_My courses/span_H quan tri c s d liu' is clicked on

2022-01-14 18:46:52 - [TEST_STEP][PASSED] - click(findTestObject("Object Repository/Page_Course H quan tri c s d liu/a_Participants")): Object: 'Object Repository/Page_Course H quan tri c s d liu/a_Participants' is clicked on

2022-01-14 18:46:53 - [MESSAGE][PASSED] - Object: 'Object Repository/Page_Course H quan tri c s d liu/a_Participants' is clicked on

2022-01-14 18:46:53 - [TEST_STEP][PASSED] - click(findTestObject("Page_HQTCSDL Participants/input_Participants tertiary navigation_btn btn-primary")): Object: 'Object Repository/Page_HQTCSDL Participants/input_Participants tertiary navigation_btn btn-primary' is clicked on

2022-01-14 18:46:54 - [MESSAGE][PASSED] - Object: 'Object Repository/Page_HQTCSDL Participants/input_Participants tertiary navigation_btn btn-primary' is clicked on

2022-01-14 18:46:54 - [TEST_STEP][PASSED] - click(findTestObject("Page_HQTCSDL Participants/span_")): Object: 'Object Repository/Page_HQTCSDL Participants/span_' is clicked on

2022-01-14 18:46:55 - [MESSAGE][PASSED] - Object: 'Object Repository/Page_HQTCSDL Participants/span_' is clicked on

2022-01-14 18:46:55 - [TEST_STEP][PASSED] - click(findTestObject("Page_HQTCSDL Participants/li_Nguyen Nga    teacher1email.com")): Object: 'Object Repository/Page_HQTCSDL Participants/li_Nguyen Nga    teacher1email.com' is clicked on

2022-01-14 18:46:56 - [MESSAGE][PASSED] - Object: 'Object Repository/Page_HQTCSDL Participants/li_Nguyen Nga    teacher1email.com' is clicked on

2022-01-14 18:46:56 - [TEST_STEP][PASSED] - click(findTestObject("Object Repository/Page_HQTCSDL Participants/div_Assign role")): Object: 'Object Repository/Page_HQTCSDL Participants/div_Assign role' is clicked on

2022-01-14 18:46:57 - [MESSAGE][PASSED] - Object: 'Object Repository/Page_HQTCSDL Participants/div_Assign role' is clicked on

2022-01-14 18:46:57 - [TEST_STEP][PASSED] - selectOptionByLabel(findTestObject("Page_HQTCSDL Participants/select_Manager            Teacher          _ffc00f"), "Teacher", false): All options with label 'Teacher' are selected in object 'Object Repository/Page_HQTCSDL Participants/select_Manager            Teacher          _ffc00f' 

2022-01-14 18:46:58 - [MESSAGE][PASSED] - All options with label 'Teacher' are selected in object 'Object Repository/Page_HQTCSDL Participants/select_Manager            Teacher          _ffc00f' 

2022-01-14 18:46:58 - [TEST_STEP][PASSED] - click(findTestObject("Object Repository/Page_HQTCSDL Participants/button_Enrol users")): Object: 'Object Repository/Page_HQTCSDL Participants/button_Enrol users' is clicked on

2022-01-14 18:46:58 - [MESSAGE][PASSED] - Object: 'Object Repository/Page_HQTCSDL Participants/button_Enrol users' is clicked on

2022-01-14 18:46:58 - [TEST_STEP][PASSED] - click(findTestObject("Object Repository/Page_TA Participants/a_My courses")): Object: 'Object Repository/Page_TA Participants/a_My courses' is clicked on

2022-01-14 18:47:04 - [MESSAGE][PASSED] - Object: 'Object Repository/Page_TA Participants/a_My courses' is clicked on

2022-01-14 18:47:04 - [TEST_STEP][PASSED] - click(findTestObject("Page_My courses/span_Test Automation")): Object: 'Object Repository/Page_My courses/span_Test Automation' is clicked on

2022-01-14 18:47:06 - [MESSAGE][PASSED] - Object: 'Object Repository/Page_My courses/span_Test Automation' is clicked on

2022-01-14 18:47:06 - [TEST_STEP][PASSED] - click(findTestObject("Object Repository/Page_Course H quan tri c s d liu/a_Participants")): Object: 'Object Repository/Page_Course H quan tri c s d liu/a_Participants' is clicked on

2022-01-14 18:47:07 - [MESSAGE][PASSED] - Object: 'Object Repository/Page_Course H quan tri c s d liu/a_Participants' is clicked on

2022-01-14 18:47:07 - [TEST_STEP][PASSED] - click(findTestObject("Page_HQTCSDL Participants/input_Participants tertiary navigation_btn btn-primary")): Object: 'Object Repository/Page_HQTCSDL Participants/input_Participants tertiary navigation_btn btn-primary' is clicked on

2022-01-14 18:47:08 - [MESSAGE][PASSED] - Object: 'Object Repository/Page_HQTCSDL Participants/input_Participants tertiary navigation_btn btn-primary' is clicked on

2022-01-14 18:47:08 - [TEST_STEP][PASSED] - click(findTestObject("Page_HQTCSDL Participants/span_")): Object: 'Object Repository/Page_HQTCSDL Participants/span_' is clicked on

2022-01-14 18:47:09 - [MESSAGE][PASSED] - Object: 'Object Repository/Page_HQTCSDL Participants/span_' is clicked on

2022-01-14 18:47:09 - [TEST_STEP][PASSED] - click(findTestObject("Page_HQTCSDL Participants/li_Nguyen Nga    teacher1email.com")): Object: 'Object Repository/Page_HQTCSDL Participants/li_Nguyen Nga    teacher1email.com' is clicked on

2022-01-14 18:47:10 - [MESSAGE][PASSED] - Object: 'Object Repository/Page_HQTCSDL Participants/li_Nguyen Nga    teacher1email.com' is clicked on

2022-01-14 18:47:10 - [TEST_STEP][PASSED] - click(findTestObject("Object Repository/Page_HQTCSDL Participants/div_Assign role")): Object: 'Object Repository/Page_HQTCSDL Participants/div_Assign role' is clicked on

2022-01-14 18:47:11 - [MESSAGE][PASSED] - Object: 'Object Repository/Page_HQTCSDL Participants/div_Assign role' is clicked on

2022-01-14 18:47:11 - [TEST_STEP][PASSED] - selectOptionByLabel(findTestObject("Page_HQTCSDL Participants/select_Manager            Teacher            Non-editing teacher            Student"), "Teacher", false): All options with label 'Teacher' are selected in object 'Object Repository/Page_HQTCSDL Participants/select_Manager            Teacher            Non-editing teacher            Student' 

2022-01-14 18:47:12 - [MESSAGE][PASSED] - All options with label 'Teacher' are selected in object 'Object Repository/Page_HQTCSDL Participants/select_Manager            Teacher            Non-editing teacher            Student' 

2022-01-14 18:47:12 - [TEST_STEP][PASSED] - click(findTestObject("Object Repository/Page_HQTCSDL Participants/button_Enrol users")): Object: 'Object Repository/Page_HQTCSDL Participants/button_Enrol users' is clicked on

2022-01-14 18:47:12 - [MESSAGE][PASSED] - Object: 'Object Repository/Page_HQTCSDL Participants/button_Enrol users' is clicked on

2022-01-14 18:47:12 - [TEST_STEP][PASSED] - click(findTestObject("Object Repository/Page_HQTCSDL Participants/a_AU")): Object: 'Object Repository/Page_HQTCSDL Participants/a_AU' is clicked on

2022-01-14 18:47:13 - [MESSAGE][PASSED] - Object: 'Object Repository/Page_HQTCSDL Participants/a_AU' is clicked on

2022-01-14 18:47:13 - [TEST_STEP][PASSED] - click(findTestObject("Object Repository/Page_HQTCSDL Participants/a_Log out")): Object: 'Object Repository/Page_HQTCSDL Participants/a_Log out' is clicked on

2022-01-14 18:47:14 - [MESSAGE][PASSED] - Object: 'Object Repository/Page_HQTCSDL Participants/a_Log out' is clicked on

2022-01-14 18:47:14 - [TEST_STEP][PASSED] - click(findTestObject("Page_Home page/a_Log in")): Object: 'Object Repository/Page_Home page/a_Log in' is clicked on

2022-01-14 18:47:15 - [MESSAGE][PASSED] - Object: 'Object Repository/Page_Home page/a_Log in' is clicked on

2022-01-14 18:47:15 - [TEST_STEP][PASSED] - setText(findTestObject("Page_Home page Log in to the site/input_Username_username"), "teacher1"): Text 'teacher1' is set on object 'Object Repository/Page_Home page Log in to the site/input_Username_username'

2022-01-14 18:47:16 - [MESSAGE][PASSED] - Text 'teacher1' is set on object 'Object Repository/Page_Home page Log in to the site/input_Username_username'

2022-01-14 18:47:16 - [TEST_STEP][PASSED] - setEncryptedText(findTestObject("Page_Home page Log in to the site/input_Password_password"), "OFhcon1PzObx3ErJAwGfGA=="): Text ****** has been set on object 'Object Repository/Page_Home page Log in to the site/input_Password_password'

2022-01-14 18:47:16 - [MESSAGE][PASSED] - Text ****** has been set on object 'Object Repository/Page_Home page Log in to the site/input_Password_password'

2022-01-14 18:47:16 - [TEST_STEP][PASSED] - click(findTestObject("Page_Home page Log in to the site/button_Log in")): Object: 'Object Repository/Page_Home page Log in to the site/button_Log in' is clicked on

2022-01-14 18:47:17 - [MESSAGE][PASSED] - Object: 'Object Repository/Page_Home page Log in to the site/button_Log in' is clicked on

2022-01-14 18:47:17 - [TEST_STEP][PASSED] - click(findTestObject("Page_TA Participants/a_My courses")): Object: 'Object Repository/Page_TA Participants/a_My courses' is clicked on

2022-01-14 18:47:18 - [MESSAGE][PASSED] - Object: 'Object Repository/Page_TA Participants/a_My courses' is clicked on

2022-01-14 18:47:18 - [TEST_STEP][PASSED] - click(findTestObject("Object Repository/Page_My courses/span_H quan tri c s d liu")): Object: 'Object Repository/Page_My courses/span_H quan tri c s d liu' is clicked on

2022-01-14 18:47:20 - [MESSAGE][PASSED] - Object: 'Object Repository/Page_My courses/span_H quan tri c s d liu' is clicked on

2022-01-14 18:47:20 - [TEST_STEP][PASSED] - click(findTestObject("Object Repository/Page_Course H quan tri c s d liu/a_Participants")): Object: 'Object Repository/Page_Course H quan tri c s d liu/a_Participants' is clicked on

2022-01-14 18:47:22 - [MESSAGE][PASSED] - Object: 'Object Repository/Page_Course H quan tri c s d liu/a_Participants' is clicked on

2022-01-14 18:47:22 - [TEST_STEP][PASSED] - click(findTestObject("Object Repository/Page_HQTCSDL Participants/a_NN")): Object: 'Object Repository/Page_HQTCSDL Participants/a_NN' is clicked on

2022-01-14 18:47:22 - [MESSAGE][PASSED] - Object: 'Object Repository/Page_HQTCSDL Participants/a_NN' is clicked on

2022-01-14 18:47:22 - [TEST_STEP][PASSED] - click(findTestObject("Object Repository/Page_HQTCSDL Participants/a_Log out")): Object: 'Object Repository/Page_HQTCSDL Participants/a_Log out' is clicked on

2022-01-14 18:47:23 - [MESSAGE][PASSED] - Object: 'Object Repository/Page_HQTCSDL Participants/a_Log out' is clicked on

2022-01-14 18:47:23 - [TEST_STEP][PASSED] - click(findTestObject("Page_Home page/a_Log in")): Object: 'Object Repository/Page_Home page/a_Log in' is clicked on

2022-01-14 18:47:24 - [MESSAGE][PASSED] - Object: 'Object Repository/Page_Home page/a_Log in' is clicked on

2022-01-14 18:47:24 - [TEST_STEP][PASSED] - setText(findTestObject("Page_Home page Log in to the site/input_Username_username"), "admin"): Text 'admin' is set on object 'Object Repository/Page_Home page Log in to the site/input_Username_username'

2022-01-14 18:47:24 - [MESSAGE][PASSED] - Text 'admin' is set on object 'Object Repository/Page_Home page Log in to the site/input_Username_username'

2022-01-14 18:47:24 - [TEST_STEP][PASSED] - setEncryptedText(findTestObject("Page_Home page Log in to the site/input_Password_password"), "OFhcon1PzObx3ErJAwGfGA=="): Text ****** has been set on object 'Object Repository/Page_Home page Log in to the site/input_Password_password'

2022-01-14 18:47:25 - [MESSAGE][PASSED] - Text ****** has been set on object 'Object Repository/Page_Home page Log in to the site/input_Password_password'

2022-01-14 18:47:25 - [TEST_STEP][PASSED] - click(findTestObject("Page_Home page Log in to the site/button_Log in")): Object: 'Object Repository/Page_Home page Log in to the site/button_Log in' is clicked on

2022-01-14 18:47:26 - [MESSAGE][PASSED] - Object: 'Object Repository/Page_Home page Log in to the site/button_Log in' is clicked on

2022-01-14 18:47:26 - [TEST_STEP][PASSED] - click(findTestObject("Page_TA Participants/a_My courses")): Object: 'Object Repository/Page_TA Participants/a_My courses' is clicked on

2022-01-14 18:47:27 - [MESSAGE][PASSED] - Object: 'Object Repository/Page_TA Participants/a_My courses' is clicked on

2022-01-14 18:47:27 - [TEST_STEP][PASSED] - click(findTestObject("Object Repository/Page_My courses/span_H quan tri c s d liu")): Object: 'Object Repository/Page_My courses/span_H quan tri c s d liu' is clicked on

2022-01-14 18:47:29 - [MESSAGE][PASSED] - Object: 'Object Repository/Page_My courses/span_H quan tri c s d liu' is clicked on

2022-01-14 18:47:29 - [TEST_STEP][PASSED] - click(findTestObject("Object Repository/Page_Course H quan tri c s d liu/a_Participants")): Object: 'Object Repository/Page_Course H quan tri c s d liu/a_Participants' is clicked on

2022-01-14 18:47:31 - [MESSAGE][PASSED] - Object: 'Object Repository/Page_Course H quan tri c s d liu/a_Participants' is clicked on

2022-01-14 18:47:31 - [TEST_STEP][PASSED] - click(findTestObject("Object Repository/Page_HQTCSDL Participants/i_Active_icon fa fa-trash fa-fw")): Object: 'Object Repository/Page_HQTCSDL Participants/i_Active_icon fa fa-trash fa-fw' is clicked on

2022-01-14 18:47:31 - [MESSAGE][PASSED] - Object: 'Object Repository/Page_HQTCSDL Participants/i_Active_icon fa fa-trash fa-fw' is clicked on

2022-01-14 18:47:31 - [TEST_STEP][PASSED] - click(findTestObject("Object Repository/Page_HQTCSDL Participants/button_Unenrol")): Object: 'Object Repository/Page_HQTCSDL Participants/button_Unenrol' is clicked on

2022-01-14 18:47:32 - [MESSAGE][PASSED] - Object: 'Object Repository/Page_HQTCSDL Participants/button_Unenrol' is clicked on

2022-01-14 18:47:32 - [TEST_STEP][PASSED] - click(findTestObject("Object Repository/Page_HQTCSDL Participants/a_AU")): Object: 'Object Repository/Page_HQTCSDL Participants/a_AU' is clicked on

2022-01-14 18:47:33 - [MESSAGE][PASSED] - Object: 'Object Repository/Page_HQTCSDL Participants/a_AU' is clicked on

2022-01-14 18:47:33 - [TEST_STEP][PASSED] - click(findTestObject("Object Repository/Page_HQTCSDL Participants/a_Log out")): Object: 'Object Repository/Page_HQTCSDL Participants/a_Log out' is clicked on

2022-01-14 18:47:33 - [MESSAGE][PASSED] - Object: 'Object Repository/Page_HQTCSDL Participants/a_Log out' is clicked on

2022-01-14 18:47:33 - [TEST_STEP][PASSED] - closeBrowser(): Browser is closed

2022-01-14 18:47:34 - [MESSAGE][PASSED] - Browser is closed]]></system-out>
         <system-err><![CDATA[]]></system-err>
      </testcase>
      <testcase name="Test Cases/Edit Mode Home - ADMIN" time="37.079" classname="Test Cases/Edit Mode Home - ADMIN" status="PASSED">
         <system-out><![CDATA[2022-01-14 18:47:34 - [TEST_CASE][PASSED] - Test Cases/Edit Mode Home - ADMIN: Test Cases/Edit Mode Home - ADMIN

2022-01-14 18:47:35 - [TEST_STEP][PASSED] - openBrowser(""): Browser is opened with url: ''

2022-01-14 18:47:35 - [MESSAGE][INFO] - Starting 'Edge Chromium' driver

2022-01-14 18:47:37 - [MESSAGE][INFO] - Action delay is set to 0 milliseconds

2022-01-14 18:47:37 - [MESSAGE][PASSED] - Browser is opened with url: ''

2022-01-14 18:47:37 - [TEST_STEP][PASSED] - navigateToUrl("http://localhost/"): Navigate to 'http://localhost/' successfully

2022-01-14 18:47:38 - [MESSAGE][PASSED] - Navigate to 'http://localhost/' successfully

2022-01-14 18:47:38 - [TEST_STEP][PASSED] - click(findTestObject("Page_Home page/a_Log in")): Object: 'Object Repository/Page_Home page/a_Log in' is clicked on

2022-01-14 18:47:39 - [MESSAGE][PASSED] - Object: 'Object Repository/Page_Home page/a_Log in' is clicked on

2022-01-14 18:47:39 - [TEST_STEP][PASSED] - setText(findTestObject("Page_Home page Log in to the site/input_Username_username"), "admin"): Text 'admin' is set on object 'Object Repository/Page_Home page Log in to the site/input_Username_username'

2022-01-14 18:47:40 - [MESSAGE][PASSED] - Text 'admin' is set on object 'Object Repository/Page_Home page Log in to the site/input_Username_username'

2022-01-14 18:47:40 - [TEST_STEP][PASSED] - setEncryptedText(findTestObject("Page_Home page Log in to the site/input_Password_password"), "OFhcon1PzObx3ErJAwGfGA=="): Text ****** has been set on object 'Object Repository/Page_Home page Log in to the site/input_Password_password'

2022-01-14 18:47:41 - [MESSAGE][PASSED] - Text ****** has been set on object 'Object Repository/Page_Home page Log in to the site/input_Password_password'

2022-01-14 18:47:41 - [TEST_STEP][PASSED] - click(findTestObject("Page_Home page Log in to the site/button_Log in")): Object: 'Object Repository/Page_Home page Log in to the site/button_Log in' is clicked on

2022-01-14 18:47:42 - [MESSAGE][PASSED] - Object: 'Object Repository/Page_Home page Log in to the site/button_Log in' is clicked on

2022-01-14 18:47:42 - [TEST_STEP][PASSED] - click(findTestObject("forum/Page_Dashboard/a_Home")): Object: 'Object Repository/forum/Page_Dashboard/a_Home' is clicked on

2022-01-14 18:47:44 - [MESSAGE][PASSED] - Object: 'Object Repository/forum/Page_Dashboard/a_Home' is clicked on

2022-01-14 18:47:44 - [TEST_STEP][PASSED] - click(findTestObject("Object Repository/forum/Page_Home page/input_Edit mode_setmode")): Object: 'Object Repository/forum/Page_Home page/input_Edit mode_setmode' is clicked on

2022-01-14 18:47:45 - [MESSAGE][PASSED] - Object: 'Object Repository/forum/Page_Home page/input_Edit mode_setmode' is clicked on

2022-01-14 18:47:45 - [TEST_STEP][PASSED] - click(findTestObject("Object Repository/forum/Page_Home page/span_Add an activity or resource")): Object: 'Object Repository/forum/Page_Home page/span_Add an activity or resource' is clicked on

2022-01-14 18:47:47 - [MESSAGE][PASSED] - Object: 'Object Repository/forum/Page_Home page/span_Add an activity or resource' is clicked on

2022-01-14 18:47:47 - [TEST_STEP][PASSED] - click(findTestObject("Object Repository/forum/Page_Home page/div_Forum")): Object: 'Object Repository/forum/Page_Home page/div_Forum' is clicked on

2022-01-14 18:47:48 - [MESSAGE][PASSED] - Object: 'Object Repository/forum/Page_Home page/div_Forum' is clicked on

2022-01-14 18:47:48 - [TEST_STEP][PASSED] - setText(findTestObject("Object Repository/forum/Page_Editing Forum/input_Forum name_name"), "Forum test"): Text 'Forum test' is set on object 'Object Repository/forum/Page_Editing Forum/input_Forum name_name'

2022-01-14 18:47:50 - [MESSAGE][PASSED] - Text 'Forum test' is set on object 'Object Repository/forum/Page_Editing Forum/input_Forum name_name'

2022-01-14 18:47:50 - [TEST_STEP][PASSED] - click(findTestObject("Object Repository/forum/Page_Editing Forum/input_Send content change notification_subm_37cbed")): Object: 'Object Repository/forum/Page_Editing Forum/input_Send content change notification_subm_37cbed' is clicked on

2022-01-14 18:47:51 - [MESSAGE][PASSED] - Object: 'Object Repository/forum/Page_Editing Forum/input_Send content change notification_subm_37cbed' is clicked on

2022-01-14 18:47:51 - [TEST_STEP][PASSED] - click(findTestObject("Object Repository/forum/Page_Forum test/a_Home")): Object: 'Object Repository/forum/Page_Forum test/a_Home' is clicked on

2022-01-14 18:47:53 - [MESSAGE][PASSED] - Object: 'Object Repository/forum/Page_Forum test/a_Home' is clicked on

2022-01-14 18:47:53 - [TEST_STEP][PASSED] - click(findTestObject("Object Repository/forum/Page_Home page/a_Forum test")): Object: 'Object Repository/forum/Page_Home page/a_Forum test' is clicked on

2022-01-14 18:47:54 - [MESSAGE][PASSED] - Object: 'Object Repository/forum/Page_Home page/a_Forum test' is clicked on

2022-01-14 18:47:54 - [TEST_STEP][PASSED] - click(findTestObject("Object Repository/forum/Page_Forum test/a_Add discussion topic")): Object: 'Object Repository/forum/Page_Forum test/a_Add discussion topic' is clicked on

2022-01-14 18:47:56 - [MESSAGE][PASSED] - Object: 'Object Repository/forum/Page_Forum test/a_Add discussion topic' is clicked on

2022-01-14 18:47:56 - [TEST_STEP][PASSED] - setText(findTestObject("Object Repository/forum/Page_Forum test/input_Subject_subject"), "hello"): Text 'hello' is set on object 'Object Repository/forum/Page_Forum test/input_Subject_subject'

2022-01-14 18:47:56 - [MESSAGE][PASSED] - Text 'hello' is set on object 'Object Repository/forum/Page_Forum test/input_Subject_subject'

2022-01-14 18:47:56 - [TEST_STEP][PASSED] - click(findTestObject("Object Repository/forum/Page_Forum test/p")): Object: 'Object Repository/forum/Page_Forum test/p' is clicked on

2022-01-14 18:47:57 - [MESSAGE][PASSED] - Object: 'Object Repository/forum/Page_Forum test/p' is clicked on

2022-01-14 18:47:57 - [TEST_STEP][PASSED] - setText(findTestObject("forum/Page_Forum test/div_Rich text editor_id_messageeditable"), "hello"): Text 'hello' is set on object 'Object Repository/forum/Page_Forum test/div_Rich text editor_id_messageeditable'

2022-01-14 18:47:58 - [MESSAGE][PASSED] - Text 'hello' is set on object 'Object Repository/forum/Page_Forum test/div_Rich text editor_id_messageeditable'

2022-01-14 18:47:58 - [TEST_STEP][PASSED] - click(findTestObject("Object Repository/forum/Page_Forum test/input_Rich text editor_submitbutton")): Object: 'Object Repository/forum/Page_Forum test/input_Rich text editor_submitbutton' is clicked on

2022-01-14 18:47:59 - [MESSAGE][PASSED] - Object: 'Object Repository/forum/Page_Forum test/input_Rich text editor_submitbutton' is clicked on

2022-01-14 18:47:59 - [TEST_STEP][PASSED] - click(findTestObject("Object Repository/forum/Page_Forum test/a_Home_1")): Object: 'Object Repository/forum/Page_Forum test/a_Home_1' is clicked on

2022-01-14 18:48:01 - [MESSAGE][PASSED] - Object: 'Object Repository/forum/Page_Forum test/a_Home_1' is clicked on

2022-01-14 18:48:01 - [TEST_STEP][PASSED] - click(findTestObject("Object Repository/forum/Page_Home page/a_Forum test_1")): Object: 'Object Repository/forum/Page_Home page/a_Forum test_1' is clicked on

2022-01-14 18:48:03 - [MESSAGE][PASSED] - Object: 'Object Repository/forum/Page_Home page/a_Forum test_1' is clicked on

2022-01-14 18:48:03 - [TEST_STEP][PASSED] - click(findTestObject("Object Repository/forum/Page_Forum test/a_Site announcements")): Object: 'Object Repository/forum/Page_Forum test/a_Site announcements' is clicked on

2022-01-14 18:48:05 - [MESSAGE][PASSED] - Object: 'Object Repository/forum/Page_Forum test/a_Site announcements' is clicked on

2022-01-14 18:48:05 - [TEST_STEP][PASSED] - click(findTestObject("Object Repository/forum/Page_Site announcements/a_Home")): Object: 'Object Repository/forum/Page_Site announcements/a_Home' is clicked on

2022-01-14 18:48:06 - [MESSAGE][PASSED] - Object: 'Object Repository/forum/Page_Site announcements/a_Home' is clicked on

2022-01-14 18:48:06 - [TEST_STEP][PASSED] - click(findTestObject("Object Repository/forum/Page_Home page/i_Forum test_icon fa fa-ellipsis-v fa-fw")): Object: 'Object Repository/forum/Page_Home page/i_Forum test_icon fa fa-ellipsis-v fa-fw' is clicked on

2022-01-14 18:48:07 - [MESSAGE][PASSED] - Object: 'Object Repository/forum/Page_Home page/i_Forum test_icon fa fa-ellipsis-v fa-fw' is clicked on

2022-01-14 18:48:07 - [TEST_STEP][PASSED] - click(findTestObject("Object Repository/forum/Page_Home page/span_Delete")): Object: 'Object Repository/forum/Page_Home page/span_Delete' is clicked on

2022-01-14 18:48:08 - [MESSAGE][PASSED] - Object: 'Object Repository/forum/Page_Home page/span_Delete' is clicked on

2022-01-14 18:48:08 - [TEST_STEP][PASSED] - click(findTestObject("Object Repository/forum/Page_Home page/button_Yes")): Object: 'Object Repository/forum/Page_Home page/button_Yes' is clicked on

2022-01-14 18:48:09 - [MESSAGE][PASSED] - Object: 'Object Repository/forum/Page_Home page/button_Yes' is clicked on

2022-01-14 18:48:09 - [TEST_STEP][PASSED] - click(findTestObject("Object Repository/forum/Page_Home page/a_AU")): Object: 'Object Repository/forum/Page_Home page/a_AU' is clicked on

2022-01-14 18:48:09 - [MESSAGE][PASSED] - Object: 'Object Repository/forum/Page_Home page/a_AU' is clicked on

2022-01-14 18:48:09 - [TEST_STEP][PASSED] - click(findTestObject("Object Repository/forum/Page_Home page/a_Log out")): Object: 'Object Repository/forum/Page_Home page/a_Log out' is clicked on

2022-01-14 18:48:10 - [MESSAGE][PASSED] - Object: 'Object Repository/forum/Page_Home page/a_Log out' is clicked on

2022-01-14 18:48:10 - [TEST_STEP][PASSED] - closeBrowser(): Browser is closed

2022-01-14 18:48:11 - [MESSAGE][PASSED] - Browser is closed]]></system-out>
         <system-err><![CDATA[]]></system-err>
      </testcase>
      <testcase name="Test Cases/Edit Mode on Dashboard - ADMIN" time="20.105" classname="Test Cases/Edit Mode on Dashboard - ADMIN" status="PASSED">
         <system-out><![CDATA[2022-01-14 18:48:11 - [TEST_CASE][PASSED] - Test Cases/Edit Mode on Dashboard - ADMIN: Test Cases/Edit Mode on Dashboard - ADMIN

2022-01-14 18:48:12 - [TEST_STEP][PASSED] - openBrowser(""): Browser is opened with url: ''

2022-01-14 18:48:12 - [MESSAGE][INFO] - Starting 'Edge Chromium' driver

2022-01-14 18:48:14 - [MESSAGE][INFO] - Action delay is set to 0 milliseconds

2022-01-14 18:48:15 - [MESSAGE][PASSED] - Browser is opened with url: ''

2022-01-14 18:48:15 - [TEST_STEP][PASSED] - maximizeWindow(): Current window maximized

2022-01-14 18:48:15 - [MESSAGE][PASSED] - Current window maximized

2022-01-14 18:48:15 - [TEST_STEP][PASSED] - navigateToUrl("http://localhost/"): Navigate to 'http://localhost/' successfully

2022-01-14 18:48:16 - [MESSAGE][PASSED] - Navigate to 'http://localhost/' successfully

2022-01-14 18:48:16 - [TEST_STEP][PASSED] - click(findTestObject("Page_Home page/a_Log in")): Object: 'Object Repository/Page_Home page/a_Log in' is clicked on

2022-01-14 18:48:17 - [MESSAGE][PASSED] - Object: 'Object Repository/Page_Home page/a_Log in' is clicked on

2022-01-14 18:48:17 - [TEST_STEP][PASSED] - setText(findTestObject("Page_Home page Log in to the site/input_Username_username"), "admin"): Text 'admin' is set on object 'Object Repository/Page_Home page Log in to the site/input_Username_username'

2022-01-14 18:48:17 - [MESSAGE][PASSED] - Text 'admin' is set on object 'Object Repository/Page_Home page Log in to the site/input_Username_username'

2022-01-14 18:48:17 - [TEST_STEP][PASSED] - setEncryptedText(findTestObject("Page_Home page Log in to the site/input_Password_password"), "OFhcon1PzObx3ErJAwGfGA=="): Text ****** has been set on object 'Object Repository/Page_Home page Log in to the site/input_Password_password'

2022-01-14 18:48:18 - [MESSAGE][PASSED] - Text ****** has been set on object 'Object Repository/Page_Home page Log in to the site/input_Password_password'

2022-01-14 18:48:18 - [TEST_STEP][PASSED] - click(findTestObject("Page_Home page Log in to the site/button_Log in")): Object: 'Object Repository/Page_Home page Log in to the site/button_Log in' is clicked on

2022-01-14 18:48:19 - [MESSAGE][PASSED] - Object: 'Object Repository/Page_Home page Log in to the site/button_Log in' is clicked on

2022-01-14 18:48:19 - [TEST_STEP][PASSED] - click(findTestObject("Object Repository/forum/Page_Dashboard/input_Edit mode_setmode")): Object: 'Object Repository/forum/Page_Dashboard/input_Edit mode_setmode' is clicked on

2022-01-14 18:48:20 - [MESSAGE][PASSED] - Object: 'Object Repository/forum/Page_Dashboard/input_Edit mode_setmode' is clicked on

2022-01-14 18:48:20 - [TEST_STEP][PASSED] - click(findTestObject("Object Repository/forum/Page_Dashboard/a_Add a block")): Object: 'Object Repository/forum/Page_Dashboard/a_Add a block' is clicked on

2022-01-14 18:48:22 - [MESSAGE][PASSED] - Object: 'Object Repository/forum/Page_Dashboard/a_Add a block' is clicked on

2022-01-14 18:48:22 - [TEST_STEP][PASSED] - click(findTestObject("Object Repository/forum/Page_Dashboard/a_Online users")): Object: 'Object Repository/forum/Page_Dashboard/a_Online users' is clicked on

2022-01-14 18:48:24 - [MESSAGE][PASSED] - Object: 'Object Repository/forum/Page_Dashboard/a_Online users' is clicked on

2022-01-14 18:48:24 - [TEST_STEP][PASSED] - click(findTestObject("Object Repository/forum/Page_Dashboard/i_Online users_yui_3_17_2_1_1642063098227_327")): Object: 'Object Repository/forum/Page_Dashboard/i_Online users_yui_3_17_2_1_1642063098227_327' is clicked on

2022-01-14 18:48:25 - [MESSAGE][PASSED] - Object: 'Object Repository/forum/Page_Dashboard/i_Online users_yui_3_17_2_1_1642063098227_327' is clicked on

2022-01-14 18:48:25 - [TEST_STEP][PASSED] - click(findTestObject("Object Repository/forum/Page_Dashboard/a_To item Timeline")): Object: 'Object Repository/forum/Page_Dashboard/a_To item Timeline' is clicked on

2022-01-14 18:48:26 - [MESSAGE][PASSED] - Object: 'Object Repository/forum/Page_Dashboard/a_To item Timeline' is clicked on

2022-01-14 18:48:26 - [TEST_STEP][PASSED] - click(findTestObject("Object Repository/forum/Page_Dashboard/a_Online users_action-menu-toggle-6")): Object: 'Object Repository/forum/Page_Dashboard/a_Online users_action-menu-toggle-6' is clicked on

2022-01-14 18:48:27 - [MESSAGE][PASSED] - Object: 'Object Repository/forum/Page_Dashboard/a_Online users_action-menu-toggle-6' is clicked on

2022-01-14 18:48:27 - [TEST_STEP][PASSED] - click(findTestObject("Object Repository/forum/Page_Dashboard/span_Delete Online users block")): Object: 'Object Repository/forum/Page_Dashboard/span_Delete Online users block' is clicked on

2022-01-14 18:48:27 - [MESSAGE][PASSED] - Object: 'Object Repository/forum/Page_Dashboard/span_Delete Online users block' is clicked on

2022-01-14 18:48:27 - [TEST_STEP][PASSED] - click(findTestObject("Object Repository/forum/Page_Dashboard/button_Delete")): Object: 'Object Repository/forum/Page_Dashboard/button_Delete' is clicked on

2022-01-14 18:48:29 - [MESSAGE][PASSED] - Object: 'Object Repository/forum/Page_Dashboard/button_Delete' is clicked on

2022-01-14 18:48:29 - [TEST_STEP][PASSED] - click(findTestObject("Object Repository/forum/Page_Dashboard/a_AU")): Object: 'Object Repository/forum/Page_Dashboard/a_AU' is clicked on

2022-01-14 18:48:30 - [MESSAGE][PASSED] - Object: 'Object Repository/forum/Page_Dashboard/a_AU' is clicked on

2022-01-14 18:48:30 - [TEST_STEP][PASSED] - click(findTestObject("Object Repository/forum/Page_Dashboard/a_Log out")): Object: 'Object Repository/forum/Page_Dashboard/a_Log out' is clicked on

2022-01-14 18:48:31 - [MESSAGE][PASSED] - Object: 'Object Repository/forum/Page_Dashboard/a_Log out' is clicked on

2022-01-14 18:48:31 - [TEST_STEP][PASSED] - closeBrowser(): Browser is closed

2022-01-14 18:48:31 - [MESSAGE][PASSED] - Browser is closed]]></system-out>
         <system-err><![CDATA[]]></system-err>
      </testcase>
      <testcase name="Test Cases/Make an announcement" time="18.906" classname="Test Cases/Make an announcement" status="PASSED">
         <system-out><![CDATA[2022-01-14 18:48:32 - [TEST_CASE][PASSED] - Test Cases/Make an announcement: Test Cases/Make an announcement

2022-01-14 18:48:32 - [TEST_STEP][PASSED] - openBrowser(""): Browser is opened with url: ''

2022-01-14 18:48:32 - [MESSAGE][INFO] - Starting 'Edge Chromium' driver

2022-01-14 18:48:34 - [MESSAGE][INFO] - Action delay is set to 0 milliseconds

2022-01-14 18:48:35 - [MESSAGE][PASSED] - Browser is opened with url: ''

2022-01-14 18:48:35 - [TEST_STEP][PASSED] - navigateToUrl("localhost"): Navigate to 'http://localhost' successfully

2022-01-14 18:48:35 - [MESSAGE][PASSED] - Navigate to 'http://localhost' successfully

2022-01-14 18:48:35 - [TEST_STEP][PASSED] - click(findTestObject("Page_Home page/a_Log in")): Object: 'Object Repository/Page_Home page/a_Log in' is clicked on

2022-01-14 18:48:36 - [MESSAGE][PASSED] - Object: 'Object Repository/Page_Home page/a_Log in' is clicked on

2022-01-14 18:48:36 - [TEST_STEP][PASSED] - setText(findTestObject("Page_Home page Log in to the site/input_Username_username"), "teacher1"): Text 'teacher1' is set on object 'Object Repository/Page_Home page Log in to the site/input_Username_username'

2022-01-14 18:48:37 - [MESSAGE][PASSED] - Text 'teacher1' is set on object 'Object Repository/Page_Home page Log in to the site/input_Username_username'

2022-01-14 18:48:37 - [TEST_STEP][PASSED] - setText(findTestObject("Page_Home page Log in to the site/input_Password_password (1)"), "Group_10"): Text 'Group_10' is set on object 'Object Repository/Page_Home page Log in to the site/input_Password_password (1)'

2022-01-14 18:48:38 - [MESSAGE][PASSED] - Text 'Group_10' is set on object 'Object Repository/Page_Home page Log in to the site/input_Password_password (1)'

2022-01-14 18:48:38 - [TEST_STEP][PASSED] - click(findTestObject("Page_Home page Log in to the site/button_Log in")): Object: 'Object Repository/Page_Home page Log in to the site/button_Log in' is clicked on

2022-01-14 18:48:39 - [MESSAGE][PASSED] - Object: 'Object Repository/Page_Home page Log in to the site/button_Log in' is clicked on

2022-01-14 18:48:39 - [TEST_STEP][PASSED] - click(findTestObject("Page_Dashboard/a_My courses (1)")): Object: 'Object Repository/Page_Dashboard/a_My courses (1)' is clicked on

2022-01-14 18:48:40 - [MESSAGE][PASSED] - Object: 'Object Repository/Page_Dashboard/a_My courses (1)' is clicked on

2022-01-14 18:48:40 - [TEST_STEP][PASSED] - click(findTestObject("Page_My courses/span_Test Automation")): Object: 'Object Repository/Page_My courses/span_Test Automation' is clicked on

2022-01-14 18:48:42 - [MESSAGE][PASSED] - Object: 'Object Repository/Page_My courses/span_Test Automation' is clicked on

2022-01-14 18:48:42 - [TEST_STEP][PASSED] - click(findTestObject("Page_Course Test Automation/a_Announcements  Forum")): Object: 'Object Repository/Page_Course Test Automation/a_Announcements  Forum' is clicked on

2022-01-14 18:48:43 - [MESSAGE][PASSED] - Object: 'Object Repository/Page_Course Test Automation/a_Announcements  Forum' is clicked on

2022-01-14 18:48:43 - [TEST_STEP][PASSED] - click(findTestObject("Page_Course Test Automation/Page_Announcements/a_Add discussion topic")): Object: 'Object Repository/Page_Course Test Automation/Page_Announcements/a_Add discussion topic' is clicked on

2022-01-14 18:48:44 - [MESSAGE][PASSED] - Object: 'Object Repository/Page_Course Test Automation/Page_Announcements/a_Add discussion topic' is clicked on

2022-01-14 18:48:44 - [TEST_STEP][PASSED] - setText(findTestObject("Page_Course Test Automation/Page_Announcements/input_Subject_subject"), "Off next week"): Text 'Off next week' is set on object 'Object Repository/Page_Course Test Automation/Page_Announcements/input_Subject_subject'

2022-01-14 18:48:45 - [MESSAGE][PASSED] - Text 'Off next week' is set on object 'Object Repository/Page_Course Test Automation/Page_Announcements/input_Subject_subject'

2022-01-14 18:48:45 - [TEST_STEP][PASSED] - setText(findTestObject("Page_Course Test Automation/Page_Announcements/input_Message"), "Lecturer has a meeting next week"): Text 'Lecturer has a meeting next week' is set on object 'Object Repository/Page_Course Test Automation/Page_Announcements/input_Message'

2022-01-14 18:48:47 - [MESSAGE][PASSED] - Text 'Lecturer has a meeting next week' is set on object 'Object Repository/Page_Course Test Automation/Page_Announcements/input_Message'

2022-01-14 18:48:47 - [TEST_STEP][PASSED] - click(findTestObject("Page_Course Test Automation/Page_Announcements/submitbutton")): Object: 'Object Repository/Page_Course Test Automation/Page_Announcements/submitbutton' is clicked on

2022-01-14 18:48:48 - [MESSAGE][PASSED] - Object: 'Object Repository/Page_Course Test Automation/Page_Announcements/submitbutton' is clicked on

2022-01-14 18:48:48 - [TEST_STEP][PASSED] - click(findTestObject("Page_Dashboard/a_NH")): Object: 'Object Repository/Page_Dashboard/a_NH' is clicked on

2022-01-14 18:48:49 - [MESSAGE][PASSED] - Object: 'Object Repository/Page_Dashboard/a_NH' is clicked on

2022-01-14 18:48:49 - [TEST_STEP][PASSED] - click(findTestObject("Page_Dashboard/a_Log out")): Object: 'Object Repository/Page_Dashboard/a_Log out' is clicked on

2022-01-14 18:48:50 - [MESSAGE][PASSED] - Object: 'Object Repository/Page_Dashboard/a_Log out' is clicked on

2022-01-14 18:48:50 - [TEST_STEP][PASSED] - closeBrowser(): Browser is closed

2022-01-14 18:48:50 - [MESSAGE][PASSED] - Browser is closed]]></system-out>
         <system-err><![CDATA[]]></system-err>
      </testcase>
      <testcase name="Test Cases/Add assignment to course" time="22.253" classname="Test Cases/Add assignment to course" status="PASSED">
         <system-out><![CDATA[2022-01-14 18:48:50 - [TEST_CASE][PASSED] - Test Cases/Add assignment to course: Test Cases/Add assignment to course

2022-01-14 18:48:51 - [TEST_STEP][PASSED] - openBrowser(""): Browser is opened with url: ''

2022-01-14 18:48:51 - [MESSAGE][INFO] - Starting 'Edge Chromium' driver

2022-01-14 18:48:53 - [MESSAGE][INFO] - Action delay is set to 0 milliseconds

2022-01-14 18:48:54 - [MESSAGE][PASSED] - Browser is opened with url: ''

2022-01-14 18:48:54 - [TEST_STEP][PASSED] - navigateToUrl("localhost"): Navigate to 'http://localhost' successfully

2022-01-14 18:48:54 - [MESSAGE][PASSED] - Navigate to 'http://localhost' successfully

2022-01-14 18:48:54 - [TEST_STEP][PASSED] - click(findTestObject("Page_Home page/a_Log in")): Object: 'Object Repository/Page_Home page/a_Log in' is clicked on

2022-01-14 18:48:55 - [MESSAGE][PASSED] - Object: 'Object Repository/Page_Home page/a_Log in' is clicked on

2022-01-14 18:48:55 - [TEST_STEP][PASSED] - setText(findTestObject("Page_Home page Log in to the site/input_Username_username"), "teacher1"): Text 'teacher1' is set on object 'Object Repository/Page_Home page Log in to the site/input_Username_username'

2022-01-14 18:48:56 - [MESSAGE][PASSED] - Text 'teacher1' is set on object 'Object Repository/Page_Home page Log in to the site/input_Username_username'

2022-01-14 18:48:56 - [TEST_STEP][PASSED] - setText(findTestObject("Page_Home page Log in to the site/input_Password_password (1)"), "Group_10"): Text 'Group_10' is set on object 'Object Repository/Page_Home page Log in to the site/input_Password_password (1)'

2022-01-14 18:48:57 - [MESSAGE][PASSED] - Text 'Group_10' is set on object 'Object Repository/Page_Home page Log in to the site/input_Password_password (1)'

2022-01-14 18:48:57 - [TEST_STEP][PASSED] - click(findTestObject("Page_Home page Log in to the site/button_Log in")): Object: 'Object Repository/Page_Home page Log in to the site/button_Log in' is clicked on

2022-01-14 18:48:58 - [MESSAGE][PASSED] - Object: 'Object Repository/Page_Home page Log in to the site/button_Log in' is clicked on

2022-01-14 18:48:58 - [TEST_STEP][PASSED] - click(findTestObject("Page_Dashboard/a_My courses (1)")): Object: 'Object Repository/Page_Dashboard/a_My courses (1)' is clicked on

2022-01-14 18:48:59 - [MESSAGE][PASSED] - Object: 'Object Repository/Page_Dashboard/a_My courses (1)' is clicked on

2022-01-14 18:48:59 - [TEST_STEP][PASSED] - click(findTestObject("Page_My courses/span_Test Automation")): Object: 'Object Repository/Page_My courses/span_Test Automation' is clicked on

2022-01-14 18:49:01 - [MESSAGE][PASSED] - Object: 'Object Repository/Page_My courses/span_Test Automation' is clicked on

2022-01-14 18:49:01 - [TEST_STEP][PASSED] - click(findTestObject("Page_Course Test Automation/input_Edit mode_setmode")): Object: 'Object Repository/Page_Course Test Automation/input_Edit mode_setmode' is clicked on

2022-01-14 18:49:02 - [MESSAGE][PASSED] - Object: 'Object Repository/Page_Course Test Automation/input_Edit mode_setmode' is clicked on

2022-01-14 18:49:02 - [TEST_STEP][PASSED] - click(findTestObject("Page_Course Test Automation/span_Add an activity or resource")): Object: 'Object Repository/Page_Course Test Automation/span_Add an activity or resource' is clicked on

2022-01-14 18:49:03 - [MESSAGE][PASSED] - Object: 'Object Repository/Page_Course Test Automation/span_Add an activity or resource' is clicked on

2022-01-14 18:49:03 - [TEST_STEP][PASSED] - click(findTestObject("Page_Course Test Automation/img_Recommended_icon icon activityicon")): Object: 'Object Repository/Page_Course Test Automation/img_Recommended_icon icon activityicon' is clicked on

2022-01-14 18:49:06 - [MESSAGE][PASSED] - Object: 'Object Repository/Page_Course Test Automation/img_Recommended_icon icon activityicon' is clicked on

2022-01-14 18:49:06 - [TEST_STEP][PASSED] - setText(findTestObject("Page_Course Test Automation/Page_Editing Assignment/input_name-assignment"), "Bonus assignment"): Text 'Bonus assignment' is set on object 'Object Repository/Page_Course Test Automation/Page_Editing Assignment/input_name-assignment'

2022-01-14 18:49:07 - [MESSAGE][PASSED] - Text 'Bonus assignment' is set on object 'Object Repository/Page_Course Test Automation/Page_Editing Assignment/input_name-assignment'

2022-01-14 18:49:07 - [TEST_STEP][PASSED] - setText(findTestObject("Page_Course Test Automation/Page_Editing Assignment/input_description_assignment"), "MSSV.zip/rar"): Text 'MSSV.zip/rar' is set on object 'Object Repository/Page_Course Test Automation/Page_Editing Assignment/input_description_assignment'

2022-01-14 18:49:08 - [MESSAGE][PASSED] - Text 'MSSV.zip/rar' is set on object 'Object Repository/Page_Course Test Automation/Page_Editing Assignment/input_description_assignment'

2022-01-14 18:49:08 - [TEST_STEP][PASSED] - click(findTestObject("Page_Course Test Automation/Page_Editing Assignment/submitbutton-assignment")): Object: 'Object Repository/Page_Course Test Automation/Page_Editing Assignment/submitbutton-assignment' is clicked on

2022-01-14 18:49:10 - [MESSAGE][PASSED] - Object: 'Object Repository/Page_Course Test Automation/Page_Editing Assignment/submitbutton-assignment' is clicked on

2022-01-14 18:49:10 - [TEST_STEP][PASSED] - click(findTestObject("Page_Dashboard/a_NH")): Object: 'Object Repository/Page_Dashboard/a_NH' is clicked on

2022-01-14 18:49:11 - [MESSAGE][PASSED] - Object: 'Object Repository/Page_Dashboard/a_NH' is clicked on

2022-01-14 18:49:11 - [TEST_STEP][PASSED] - click(findTestObject("Page_Dashboard/a_Log out")): Object: 'Object Repository/Page_Dashboard/a_Log out' is clicked on

2022-01-14 18:49:12 - [MESSAGE][PASSED] - Object: 'Object Repository/Page_Dashboard/a_Log out' is clicked on

2022-01-14 18:49:12 - [TEST_STEP][PASSED] - closeBrowser(): Browser is closed

2022-01-14 18:49:13 - [MESSAGE][PASSED] - Browser is closed]]></system-out>
         <system-err><![CDATA[]]></system-err>
      </testcase>
      <testcase name="Test Cases/Edit assignment" time="21.288" classname="Test Cases/Edit assignment" status="PASSED">
         <system-out><![CDATA[2022-01-14 18:49:13 - [TEST_CASE][PASSED] - Test Cases/Edit assignment: Test Cases/Edit assignment

2022-01-14 18:49:13 - [TEST_STEP][PASSED] - openBrowser(""): Browser is opened with url: ''

2022-01-14 18:49:13 - [MESSAGE][INFO] - Starting 'Edge Chromium' driver

2022-01-14 18:49:15 - [MESSAGE][INFO] - Action delay is set to 0 milliseconds

2022-01-14 18:49:16 - [MESSAGE][PASSED] - Browser is opened with url: ''

2022-01-14 18:49:16 - [TEST_STEP][PASSED] - navigateToUrl("localhost"): Navigate to 'http://localhost' successfully

2022-01-14 18:49:17 - [MESSAGE][PASSED] - Navigate to 'http://localhost' successfully

2022-01-14 18:49:17 - [TEST_STEP][PASSED] - click(findTestObject("Page_Home page/a_Log in")): Object: 'Object Repository/Page_Home page/a_Log in' is clicked on

2022-01-14 18:49:17 - [MESSAGE][PASSED] - Object: 'Object Repository/Page_Home page/a_Log in' is clicked on

2022-01-14 18:49:17 - [TEST_STEP][PASSED] - setText(findTestObject("Page_Home page Log in to the site/input_Username_username"), "teacher1"): Text 'teacher1' is set on object 'Object Repository/Page_Home page Log in to the site/input_Username_username'

2022-01-14 18:49:18 - [MESSAGE][PASSED] - Text 'teacher1' is set on object 'Object Repository/Page_Home page Log in to the site/input_Username_username'

2022-01-14 18:49:18 - [TEST_STEP][PASSED] - setText(findTestObject("Page_Home page Log in to the site/input_Password_password (1)"), "Group_10"): Text 'Group_10' is set on object 'Object Repository/Page_Home page Log in to the site/input_Password_password (1)'

2022-01-14 18:49:19 - [MESSAGE][PASSED] - Text 'Group_10' is set on object 'Object Repository/Page_Home page Log in to the site/input_Password_password (1)'

2022-01-14 18:49:19 - [TEST_STEP][PASSED] - click(findTestObject("Page_Home page Log in to the site/button_Log in")): Object: 'Object Repository/Page_Home page Log in to the site/button_Log in' is clicked on

2022-01-14 18:49:20 - [MESSAGE][PASSED] - Object: 'Object Repository/Page_Home page Log in to the site/button_Log in' is clicked on

2022-01-14 18:49:20 - [TEST_STEP][PASSED] - click(findTestObject("Page_Dashboard/a_My courses (1)")): Object: 'Object Repository/Page_Dashboard/a_My courses (1)' is clicked on

2022-01-14 18:49:21 - [MESSAGE][PASSED] - Object: 'Object Repository/Page_Dashboard/a_My courses (1)' is clicked on

2022-01-14 18:49:21 - [TEST_STEP][PASSED] - click(findTestObject("Page_My courses/span_Test Automation")): Object: 'Object Repository/Page_My courses/span_Test Automation' is clicked on

2022-01-14 18:49:23 - [MESSAGE][PASSED] - Object: 'Object Repository/Page_My courses/span_Test Automation' is clicked on

2022-01-14 18:49:23 - [TEST_STEP][PASSED] - click(findTestObject("Page_Course Test Automation/input_Edit mode_setmode")): Object: 'Object Repository/Page_Course Test Automation/input_Edit mode_setmode' is clicked on

2022-01-14 18:49:24 - [MESSAGE][PASSED] - Object: 'Object Repository/Page_Course Test Automation/input_Edit mode_setmode' is clicked on

2022-01-14 18:49:24 - [TEST_STEP][PASSED] - click(findTestObject("Page_Course Test Automation/btn-setting-assignment")): Object: 'Object Repository/Page_Course Test Automation/btn-setting-assignment' is clicked on

2022-01-14 18:49:25 - [MESSAGE][PASSED] - Object: 'Object Repository/Page_Course Test Automation/btn-setting-assignment' is clicked on

2022-01-14 18:49:25 - [TEST_STEP][PASSED] - click(findTestObject("Page_Course Test Automation/span_Edit settings")): Object: 'Object Repository/Page_Course Test Automation/span_Edit settings' is clicked on

2022-01-14 18:49:27 - [MESSAGE][PASSED] - Object: 'Object Repository/Page_Course Test Automation/span_Edit settings' is clicked on

2022-01-14 18:49:27 - [TEST_STEP][PASSED] - setText(findTestObject("Page_Course Test Automation/Page_Editing Assignment/input_name-assignment"), "Bonus assignment (Extend 1 week)"): Text 'Bonus assignment (Extend 1 week)' is set on object 'Object Repository/Page_Course Test Automation/Page_Editing Assignment/input_name-assignment'

2022-01-14 18:49:29 - [MESSAGE][PASSED] - Text 'Bonus assignment (Extend 1 week)' is set on object 'Object Repository/Page_Course Test Automation/Page_Editing Assignment/input_name-assignment'

2022-01-14 18:49:29 - [TEST_STEP][PASSED] - selectOptionByValue(findTestObject("Page_Course Test Automation/Page_Editing Assignment/set-deadline"), "27", false): All options with value '27' are selected in object 'Object Repository/Page_Course Test Automation/Page_Editing Assignment/set-deadline' 

2022-01-14 18:49:30 - [MESSAGE][PASSED] - All options with value '27' are selected in object 'Object Repository/Page_Course Test Automation/Page_Editing Assignment/set-deadline' 

2022-01-14 18:49:30 - [TEST_STEP][PASSED] - click(findTestObject("Page_Course Test Automation/Page_Editing Assignment/submitbutton-assignment")): Object: 'Object Repository/Page_Course Test Automation/Page_Editing Assignment/submitbutton-assignment' is clicked on

2022-01-14 18:49:31 - [MESSAGE][PASSED] - Object: 'Object Repository/Page_Course Test Automation/Page_Editing Assignment/submitbutton-assignment' is clicked on

2022-01-14 18:49:31 - [TEST_STEP][PASSED] - click(findTestObject("Page_Dashboard/a_NH")): Object: 'Object Repository/Page_Dashboard/a_NH' is clicked on

2022-01-14 18:49:32 - [MESSAGE][PASSED] - Object: 'Object Repository/Page_Dashboard/a_NH' is clicked on

2022-01-14 18:49:32 - [TEST_STEP][PASSED] - click(findTestObject("Page_Dashboard/a_Log out")): Object: 'Object Repository/Page_Dashboard/a_Log out' is clicked on

2022-01-14 18:49:33 - [MESSAGE][PASSED] - Object: 'Object Repository/Page_Dashboard/a_Log out' is clicked on

2022-01-14 18:49:33 - [TEST_STEP][PASSED] - closeBrowser(): Browser is closed

2022-01-14 18:49:34 - [MESSAGE][PASSED] - Browser is closed]]></system-out>
         <system-err><![CDATA[]]></system-err>
      </testcase>
      <testcase name="Test Cases/Add event to calendar" time="31.541" classname="Test Cases/Add event to calendar" status="PASSED">
         <system-out><![CDATA[2022-01-14 18:49:34 - [TEST_CASE][PASSED] - Test Cases/Add event to calendar: Test Cases/Add event to calendar

2022-01-14 18:49:34 - [TEST_STEP][PASSED] - openBrowser(""): Browser is opened with url: ''

2022-01-14 18:49:34 - [MESSAGE][INFO] - Starting 'Edge Chromium' driver

2022-01-14 18:49:36 - [MESSAGE][INFO] - Action delay is set to 0 milliseconds

2022-01-14 18:49:37 - [MESSAGE][PASSED] - Browser is opened with url: ''

2022-01-14 18:49:37 - [TEST_STEP][PASSED] - navigateToUrl("localhost"): Navigate to 'http://localhost' successfully

2022-01-14 18:49:38 - [MESSAGE][PASSED] - Navigate to 'http://localhost' successfully

2022-01-14 18:49:38 - [TEST_STEP][PASSED] - click(findTestObject("Page_Home page/a_Log in")): Object: 'Object Repository/Page_Home page/a_Log in' is clicked on

2022-01-14 18:49:39 - [MESSAGE][PASSED] - Object: 'Object Repository/Page_Home page/a_Log in' is clicked on

2022-01-14 18:49:39 - [TEST_STEP][PASSED] - setText(findTestObject("Page_Home page Log in to the site/input_Username_username"), "teacher1"): Text 'teacher1' is set on object 'Object Repository/Page_Home page Log in to the site/input_Username_username'

2022-01-14 18:49:40 - [MESSAGE][PASSED] - Text 'teacher1' is set on object 'Object Repository/Page_Home page Log in to the site/input_Username_username'

2022-01-14 18:49:40 - [TEST_STEP][PASSED] - setText(findTestObject("Page_Home page Log in to the site/input_Password_password (1)"), "Group_10"): Text 'Group_10' is set on object 'Object Repository/Page_Home page Log in to the site/input_Password_password (1)'

2022-01-14 18:49:40 - [MESSAGE][PASSED] - Text 'Group_10' is set on object 'Object Repository/Page_Home page Log in to the site/input_Password_password (1)'

2022-01-14 18:49:40 - [TEST_STEP][PASSED] - click(findTestObject("Page_Home page Log in to the site/button_Log in")): Object: 'Object Repository/Page_Home page Log in to the site/button_Log in' is clicked on

2022-01-14 18:49:42 - [MESSAGE][PASSED] - Object: 'Object Repository/Page_Home page Log in to the site/button_Log in' is clicked on

2022-01-14 18:49:42 - [TEST_STEP][PASSED] - click(findTestObject("Page_Dashboard/a_My courses (1)")): Object: 'Object Repository/Page_Dashboard/a_My courses (1)' is clicked on

2022-01-14 18:49:43 - [MESSAGE][PASSED] - Object: 'Object Repository/Page_Dashboard/a_My courses (1)' is clicked on

2022-01-14 18:49:43 - [TEST_STEP][PASSED] - click(findTestObject("Page_My courses/span_Test Automation")): Object: 'Object Repository/Page_My courses/span_Test Automation' is clicked on

2022-01-14 18:49:45 - [MESSAGE][PASSED] - Object: 'Object Repository/Page_My courses/span_Test Automation' is clicked on

2022-01-14 18:49:45 - [TEST_STEP][PASSED] - click(findTestObject("Page_Course Test Automation/input_Edit mode_setmode")): Object: 'Object Repository/Page_Course Test Automation/input_Edit mode_setmode' is clicked on

2022-01-14 18:49:45 - [MESSAGE][PASSED] - Object: 'Object Repository/Page_Course Test Automation/input_Edit mode_setmode' is clicked on

2022-01-14 18:49:45 - [TEST_STEP][PASSED] - click(findTestObject("Page_Course Test Automation/span_Add an activity or resource_2")): Object: 'Object Repository/Page_Course Test Automation/span_Add an activity or resource_2' is clicked on

2022-01-14 18:49:47 - [MESSAGE][PASSED] - Object: 'Object Repository/Page_Course Test Automation/span_Add an activity or resource_2' is clicked on

2022-01-14 18:49:47 - [TEST_STEP][PASSED] - click(findTestObject("Page_Course Test Automation/img_Recommended_icon icon activityicon")): Object: 'Object Repository/Page_Course Test Automation/img_Recommended_icon icon activityicon' is clicked on

2022-01-14 18:49:49 - [MESSAGE][PASSED] - Object: 'Object Repository/Page_Course Test Automation/img_Recommended_icon icon activityicon' is clicked on

2022-01-14 18:49:49 - [TEST_STEP][PASSED] - setText(findTestObject("Page_Course Test Automation/Page_Editing Assignment/input_name-assignment"), "Midterm"): Text 'Midterm' is set on object 'Object Repository/Page_Course Test Automation/Page_Editing Assignment/input_name-assignment'

2022-01-14 18:49:51 - [MESSAGE][PASSED] - Text 'Midterm' is set on object 'Object Repository/Page_Course Test Automation/Page_Editing Assignment/input_name-assignment'

2022-01-14 18:49:51 - [TEST_STEP][PASSED] - setText(findTestObject("Page_Course Test Automation/Page_Editing Assignment/input_description_assignment"), "MSSV.pdf"): Text 'MSSV.pdf' is set on object 'Object Repository/Page_Course Test Automation/Page_Editing Assignment/input_description_assignment'

2022-01-14 18:49:52 - [MESSAGE][PASSED] - Text 'MSSV.pdf' is set on object 'Object Repository/Page_Course Test Automation/Page_Editing Assignment/input_description_assignment'

2022-01-14 18:49:52 - [TEST_STEP][PASSED] - selectOptionByValue(findTestObject("Page_Course Test Automation/Page_Editing Assignment/select_allow_submit_day"), "20", false): All options with value '20' are selected in object 'Object Repository/Page_Course Test Automation/Page_Editing Assignment/select_allow_submit_day' 

2022-01-14 18:49:52 - [MESSAGE][PASSED] - All options with value '20' are selected in object 'Object Repository/Page_Course Test Automation/Page_Editing Assignment/select_allow_submit_day' 

2022-01-14 18:49:52 - [TEST_STEP][PASSED] - selectOptionByValue(findTestObject("Page_Course Test Automation/Page_Editing Assignment/select_allow_submit_time"), "13", false): All options with value '13' are selected in object 'Object Repository/Page_Course Test Automation/Page_Editing Assignment/select_allow_submit_time' 

2022-01-14 18:49:53 - [MESSAGE][PASSED] - All options with value '13' are selected in object 'Object Repository/Page_Course Test Automation/Page_Editing Assignment/select_allow_submit_time' 

2022-01-14 18:49:53 - [TEST_STEP][PASSED] - selectOptionByValue(findTestObject("Page_Course Test Automation/Page_Editing Assignment/select_due_date_day"), "20", false): All options with value '20' are selected in object 'Object Repository/Page_Course Test Automation/Page_Editing Assignment/select_due_date_day' 

2022-01-14 18:49:54 - [MESSAGE][PASSED] - All options with value '20' are selected in object 'Object Repository/Page_Course Test Automation/Page_Editing Assignment/select_due_date_day' 

2022-01-14 18:49:54 - [TEST_STEP][PASSED] - selectOptionByValue(findTestObject("Page_Course Test Automation/Page_Editing Assignment/select_due_date_time"), "15", false): All options with value '15' are selected in object 'Object Repository/Page_Course Test Automation/Page_Editing Assignment/select_due_date_time' 

2022-01-14 18:49:55 - [MESSAGE][PASSED] - All options with value '15' are selected in object 'Object Repository/Page_Course Test Automation/Page_Editing Assignment/select_due_date_time' 

2022-01-14 18:49:55 - [TEST_STEP][PASSED] - click(findTestObject("Page_Course Test Automation/Page_Editing Assignment/submitbutton-assignment")): Object: 'Object Repository/Page_Course Test Automation/Page_Editing Assignment/submitbutton-assignment' is clicked on

2022-01-14 18:49:57 - [MESSAGE][PASSED] - Object: 'Object Repository/Page_Course Test Automation/Page_Editing Assignment/submitbutton-assignment' is clicked on

2022-01-14 18:49:57 - [TEST_STEP][PASSED] - click(findTestObject("Page_My courses/a_Dashboard")): Object: 'Object Repository/Page_My courses/a_Dashboard' is clicked on

2022-01-14 18:49:58 - [MESSAGE][PASSED] - Object: 'Object Repository/Page_My courses/a_Dashboard' is clicked on

2022-01-14 18:49:58 - [TEST_STEP][PASSED] - click(findTestObject("Page_Course Test Automation/input_Edit mode_setmode")): Object: 'Object Repository/Page_Course Test Automation/input_Edit mode_setmode' is clicked on

2022-01-14 18:49:59 - [MESSAGE][PASSED] - Object: 'Object Repository/Page_Course Test Automation/input_Edit mode_setmode' is clicked on

2022-01-14 18:49:59 - [TEST_STEP][PASSED] - click(findTestObject("Page_Course Test Automation/view_event")): Object: 'Object Repository/Page_Course Test Automation/view_event' is clicked on

2022-01-14 18:50:01 - [MESSAGE][PASSED] - Object: 'Object Repository/Page_Course Test Automation/view_event' is clicked on

2022-01-14 18:50:01 - [TEST_STEP][PASSED] - click(findTestObject("Page_Course Test Automation/Page_Group10 Calendar Day view Thursday, 20 January 2022/h3_Midterm is due")): Object: 'Object Repository/Page_Course Test Automation/Page_Group10 Calendar Day view Thursday, 20 January 2022/h3_Midterm is due' is clicked on

2022-01-14 18:50:02 - [MESSAGE][PASSED] - Object: 'Object Repository/Page_Course Test Automation/Page_Group10 Calendar Day view Thursday, 20 January 2022/h3_Midterm is due' is clicked on

2022-01-14 18:50:02 - [TEST_STEP][PASSED] - click(findTestObject("Page_Course Test Automation/Page_Group10 Calendar Day view Thursday, 20 January 2022/a_Go to activity")): Object: 'Object Repository/Page_Course Test Automation/Page_Group10 Calendar Day view Thursday, 20 January 2022/a_Go to activity' is clicked on

2022-01-14 18:50:03 - [MESSAGE][PASSED] - Object: 'Object Repository/Page_Course Test Automation/Page_Group10 Calendar Day view Thursday, 20 January 2022/a_Go to activity' is clicked on

2022-01-14 18:50:03 - [TEST_STEP][PASSED] - click(findTestObject("Page_Dashboard/a_NH")): Object: 'Object Repository/Page_Dashboard/a_NH' is clicked on

2022-01-14 18:50:03 - [MESSAGE][PASSED] - Object: 'Object Repository/Page_Dashboard/a_NH' is clicked on

2022-01-14 18:50:03 - [TEST_STEP][PASSED] - click(findTestObject("Page_Dashboard/a_Log out")): Object: 'Object Repository/Page_Dashboard/a_Log out' is clicked on

2022-01-14 18:50:05 - [MESSAGE][PASSED] - Object: 'Object Repository/Page_Dashboard/a_Log out' is clicked on

2022-01-14 18:50:05 - [TEST_STEP][PASSED] - closeBrowser(): Browser is closed

2022-01-14 18:50:06 - [MESSAGE][PASSED] - Browser is closed]]></system-out>
         <system-err><![CDATA[]]></system-err>
      </testcase>
      <system-out><![CDATA[2022-01-14 18:33:24 - [TEST_SUITE][FAILED] - Run all test cases: Test Cases/Create Manager FAILED.
Reason:
com.kms.katalon.core.exception.StepFailedException: Unable to click on object 'Object Repository/Page_Group10 Administration Search/a_Add a new user'
	at com.kms.katalon.core.webui.keyword.internal.WebUIKeywordMain.stepFailed(WebUIKeywordMain.groovy:64)
	at com.kms.katalon.core.webui.keyword.internal.WebUIKeywordMain.runKeyword(WebUIKeywordMain.groovy:26)
	at com.kms.katalon.core.webui.keyword.builtin.ClickKeyword.click(ClickKeyword.groovy:74)
	at com.kms.katalon.core.webui.keyword.builtin.ClickKeyword.execute(ClickKeyword.groovy:40)
	at com.kms.katalon.core.keyword.internal.KeywordExecutor.executeKeywordForPlatform(KeywordExecutor.groovy:74)
	at com.kms.katalon.core.webui.keyword.WebUiBuiltInKeywords.click(WebUiBuiltInKeywords.groovy:620)
	at com.kms.katalon.core.webui.keyword.WebUiBuiltInKeywords$click$1.call(Unknown Source)
	at Create Manager.run(Create Manager:38)
	at com.kms.katalon.core.main.ScriptEngine.run(ScriptEngine.java:194)
	at com.kms.katalon.core.main.ScriptEngine.runScriptAsRawText(ScriptEngine.java:119)
	at com.kms.katalon.core.main.TestCaseExecutor.runScript(TestCaseExecutor.java:442)
	at com.kms.katalon.core.main.TestCaseExecutor.doExecute(TestCaseExecutor.java:433)
	at com.kms.katalon.core.main.TestCaseExecutor.processExecutionPhase(TestCaseExecutor.java:412)
	at com.kms.katalon.core.main.TestCaseExecutor.accessMainPhase(TestCaseExecutor.java:404)
	at com.kms.katalon.core.main.TestCaseExecutor.execute(TestCaseExecutor.java:281)
	at com.kms.katalon.core.main.TestSuiteExecutor.accessTestCaseMainPhase(TestSuiteExecutor.java:202)
	at com.kms.katalon.core.main.TestSuiteExecutor.accessTestSuiteMainPhase(TestSuiteExecutor.java:164)
	at com.kms.katalon.core.main.TestSuiteExecutor.execute(TestSuiteExecutor.java:105)
	at com.kms.katalon.core.main.TestCaseMain.startTestSuite(TestCaseMain.java:181)
	at com.kms.katalon.core.main.TestCaseMain$startTestSuite$0.call(Unknown Source)
	at TempTestSuite1642159997020.run(TempTestSuite1642159997020.groovy:36)
Caused by: com.kms.katalon.core.webui.exception.WebElementNotFoundException: Web element with id: 'Object Repository/Page_Group10 Administration Search/a_Add a new user' located by '//div[@id='linkusers']/div/div[2]/div[2]/ul/li[3]/a' not found
	at com.kms.katalon.core.webui.common.WebUiCommonHelper.findWebElement(WebUiCommonHelper.java:1368)
	at com.kms.katalon.core.webui.keyword.internal.WebUIAbstractKeyword.findWebElement(WebUIAbstractKeyword.groovy:27)
	at com.kms.katalon.core.webui.keyword.builtin.ClickKeyword$_click_closure1.doCall(ClickKeyword.groovy:65)
	at com.kms.katalon.core.webui.keyword.builtin.ClickKeyword$_click_closure1.call(ClickKeyword.groovy)
	at com.kms.katalon.core.webui.keyword.internal.WebUIKeywordMain.runKeyword(WebUIKeywordMain.groovy:20)
	... 19 more]]></system-out>
      <system-err><![CDATA[2022-01-14 18:33:24 - [TEST_SUITE][FAILED] - Run all test cases: Test Cases/Create Manager FAILED.
Reason:
com.kms.katalon.core.exception.StepFailedException: Unable to click on object 'Object Repository/Page_Group10 Administration Search/a_Add a new user'
	at com.kms.katalon.core.webui.keyword.internal.WebUIKeywordMain.stepFailed(WebUIKeywordMain.groovy:64)
	at com.kms.katalon.core.webui.keyword.internal.WebUIKeywordMain.runKeyword(WebUIKeywordMain.groovy:26)
	at com.kms.katalon.core.webui.keyword.builtin.ClickKeyword.click(ClickKeyword.groovy:74)
	at com.kms.katalon.core.webui.keyword.builtin.ClickKeyword.execute(ClickKeyword.groovy:40)
	at com.kms.katalon.core.keyword.internal.KeywordExecutor.executeKeywordForPlatform(KeywordExecutor.groovy:74)
	at com.kms.katalon.core.webui.keyword.WebUiBuiltInKeywords.click(WebUiBuiltInKeywords.groovy:620)
	at com.kms.katalon.core.webui.keyword.WebUiBuiltInKeywords$click$1.call(Unknown Source)
	at Create Manager.run(Create Manager:38)
	at com.kms.katalon.core.main.ScriptEngine.run(ScriptEngine.java:194)
	at com.kms.katalon.core.main.ScriptEngine.runScriptAsRawText(ScriptEngine.java:119)
	at com.kms.katalon.core.main.TestCaseExecutor.runScript(TestCaseExecutor.java:442)
	at com.kms.katalon.core.main.TestCaseExecutor.doExecute(TestCaseExecutor.java:433)
	at com.kms.katalon.core.main.TestCaseExecutor.processExecutionPhase(TestCaseExecutor.java:412)
	at com.kms.katalon.core.main.TestCaseExecutor.accessMainPhase(TestCaseExecutor.java:404)
	at com.kms.katalon.core.main.TestCaseExecutor.execute(TestCaseExecutor.java:281)
	at com.kms.katalon.core.main.TestSuiteExecutor.accessTestCaseMainPhase(TestSuiteExecutor.java:202)
	at com.kms.katalon.core.main.TestSuiteExecutor.accessTestSuiteMainPhase(TestSuiteExecutor.java:164)
	at com.kms.katalon.core.main.TestSuiteExecutor.execute(TestSuiteExecutor.java:105)
	at com.kms.katalon.core.main.TestCaseMain.startTestSuite(TestCaseMain.java:181)
	at com.kms.katalon.core.main.TestCaseMain$startTestSuite$0.call(Unknown Source)
	at TempTestSuite1642159997020.run(TempTestSuite1642159997020.groovy:36)
Caused by: com.kms.katalon.core.webui.exception.WebElementNotFoundException: Web element with id: 'Object Repository/Page_Group10 Administration Search/a_Add a new user' located by '//div[@id='linkusers']/div/div[2]/div[2]/ul/li[3]/a' not found
	at com.kms.katalon.core.webui.common.WebUiCommonHelper.findWebElement(WebUiCommonHelper.java:1368)
	at com.kms.katalon.core.webui.keyword.internal.WebUIAbstractKeyword.findWebElement(WebUIAbstractKeyword.groovy:27)
	at com.kms.katalon.core.webui.keyword.builtin.ClickKeyword$_click_closure1.doCall(ClickKeyword.groovy:65)
	at com.kms.katalon.core.webui.keyword.builtin.ClickKeyword$_click_closure1.call(ClickKeyword.groovy)
	at com.kms.katalon.core.webui.keyword.internal.WebUIKeywordMain.runKeyword(WebUIKeywordMain.groovy:20)
	... 19 more]]></system-err>
   </testsuite>
</testsuites>
