<?xml version="1.0" encoding="UTF-8"?>
<testsuites name="Run all test cases" time="1693.463" tests="50" failures="9" errors="0">
   <testsuite name="Run all test cases" tests="50" failures="9" errors="0" time="1693.463" skipped="0" timestamp="2022-01-15 22:06:34" hostname="Minh Sĩ Lê - host.docker.internal" id="Test Suites/Run all test cases">
      <properties>
         <property name="deviceName" value=""/>
         <property name="devicePlatform" value=""/>
         <property name="logFolder" value="D:\\TestAutomation-SEBonus-Group10\\Test Automation - SE Bonus\\Reports\\20220115_220621\\Run all test cases\\20220115_220621"/>
         <property name="logFiles" value="D:\\TestAutomation-SEBonus-Group10\\Test Automation - SE Bonus\\Reports\\20220115_220621\\Run all test cases\\20220115_220621\\execution0.log"/>
         <property name="attachments" value="D:\\TestAutomation-SEBonus-Group10\\Test Automation - SE Bonus\\Reports\\20220115_220621\\Run all test cases\\20220115_220621\\1642260010659.png, D:\\TestAutomation-SEBonus-Group10\\Test Automation - SE Bonus\\Reports\\20220115_220621\\Run all test cases\\20220115_220621\\1642260056636.png, D:\\TestAutomation-SEBonus-Group10\\Test Automation - SE Bonus\\Reports\\20220115_220621\\Run all test cases\\20220115_220621\\1642260122334.png, D:\\TestAutomation-SEBonus-Group10\\Test Automation - SE Bonus\\Reports\\20220115_220621\\Run all test cases\\20220115_220621\\1642260171633.png, D:\\TestAutomation-SEBonus-Group10\\Test Automation - SE Bonus\\Reports\\20220115_220621\\Run all test cases\\20220115_220621\\1642260218940.png, D:\\TestAutomation-SEBonus-Group10\\Test Automation - SE Bonus\\Reports\\20220115_220621\\Run all test cases\\20220115_220621\\1642260264334.png, D:\\TestAutomation-SEBonus-Group10\\Test Automation - SE Bonus\\Reports\\20220115_220621\\Run all test cases\\20220115_220621\\1642260310414.png, D:\\TestAutomation-SEBonus-Group10\\Test Automation - SE Bonus\\Reports\\20220115_220621\\Run all test cases\\20220115_220621\\1642260354839.png, D:\\TestAutomation-SEBonus-Group10\\Test Automation - SE Bonus\\Reports\\20220115_220621\\Run all test cases\\20220115_220621\\1642260877225.png"/>
         <property name="hostName" value="Minh Sĩ Lê - host.docker.internal"/>
         <property name="os" value="Windows 10 64bit"/>
         <property name="katalonVersion" value="8.2.0.208"/>
         <property name="browser" value="Edge Chromium 97"/>
         <property name="hostAddress" value="192.168.1.10"/>
         <property name="sessionId" value="8f5315d5b40ef1cf5fd6880e809e9cb1"/>
         <property name="seleniumVersion" value="3.141.59"/>
         <property name="proxyInformation" value="ProxyInformation { proxyOption=NO_PROXY, proxyServerType=HTTP, username=, password=********, proxyServerAddress=, proxyServerPort=0, executionList=&quot;&quot;, isApplyToDesiredCapabilities=true }"/>
         <property name="platform" value="Windows 10"/>
      </properties>
      <testcase name="Test Cases/Create Manager" time="44.948" classname="Test Cases/Create Manager" status="PASSED">
         <system-out><![CDATA[2022-01-15 22:06:35 - [TEST_CASE][PASSED] - Test Cases/Create Manager: Test Cases/Create Manager

2022-01-15 22:06:35 - [TEST_STEP][PASSED] - openBrowser(""): Browser is opened with url: ''

2022-01-15 22:06:36 - [MESSAGE][INFO] - Starting 'Edge Chromium' driver

2022-01-15 22:06:39 - [MESSAGE][INFO] - Action delay is set to 0 milliseconds

2022-01-15 22:06:41 - [MESSAGE][PASSED] - Browser is opened with url: ''

2022-01-15 22:06:41 - [TEST_STEP][PASSED] - navigateToUrl("http://localhost/"): Navigate to 'http://localhost/' successfully

2022-01-15 22:06:43 - [MESSAGE][PASSED] - Navigate to 'http://localhost/' successfully

2022-01-15 22:06:43 - [TEST_STEP][PASSED] - click(findTestObject("Object Repository/Page_Home page/a_Log in")): Object: 'Object Repository/Page_Home page/a_Log in' is clicked on

2022-01-15 22:06:44 - [MESSAGE][PASSED] - Object: 'Object Repository/Page_Home page/a_Log in' is clicked on

2022-01-15 22:06:44 - [TEST_STEP][PASSED] - setText(findTestObject("Object Repository/Page_Home page Log in to the site/input_Username_username"), "admin"): Text 'admin' is set on object 'Object Repository/Page_Home page Log in to the site/input_Username_username'

2022-01-15 22:06:46 - [MESSAGE][PASSED] - Text 'admin' is set on object 'Object Repository/Page_Home page Log in to the site/input_Username_username'

2022-01-15 22:06:46 - [TEST_STEP][PASSED] - setEncryptedText(findTestObject("Page_Home page Log in to the site/input_Password_password (1)"), "OFhcon1PzObx3ErJAwGfGA=="): Text ****** has been set on object 'Object Repository/Page_Home page Log in to the site/input_Password_password (1)'

2022-01-15 22:06:46 - [MESSAGE][PASSED] - Text ****** has been set on object 'Object Repository/Page_Home page Log in to the site/input_Password_password (1)'

2022-01-15 22:06:46 - [TEST_STEP][PASSED] - click(findTestObject("Object Repository/Page_Home page Log in to the site/button_Log in")): Object: 'Object Repository/Page_Home page Log in to the site/button_Log in' is clicked on

2022-01-15 22:06:49 - [MESSAGE][PASSED] - Object: 'Object Repository/Page_Home page Log in to the site/button_Log in' is clicked on

2022-01-15 22:06:49 - [TEST_STEP][PASSED] - click(findTestObject("Object Repository/Page_Dashboard/a_Site administration")): Object: 'Object Repository/Page_Dashboard/a_Site administration' is clicked on

2022-01-15 22:06:52 - [MESSAGE][PASSED] - Object: 'Object Repository/Page_Dashboard/a_Site administration' is clicked on

2022-01-15 22:06:52 - [TEST_STEP][PASSED] - scrollToPosition(0, 0): Browser is scrolled to position x = 0, y = 0

2022-01-15 22:06:52 - [MESSAGE][PASSED] - Browser is scrolled to position x = 0, y = 0

2022-01-15 22:06:52 - [TEST_STEP][PASSED] - click(findTestObject("Object Repository/Page_Group10 Administration Search/a_Users")): Object: 'Object Repository/Page_Group10 Administration Search/a_Users' is clicked on

2022-01-15 22:06:52 - [MESSAGE][PASSED] - Object: 'Object Repository/Page_Group10 Administration Search/a_Users' is clicked on

2022-01-15 22:06:52 - [TEST_STEP][PASSED] - click(findTestObject("Object Repository/Page_Group10 Administration Search/a_Add a new user")): Object: 'Object Repository/Page_Group10 Administration Search/a_Add a new user' is clicked on

2022-01-15 22:06:55 - [MESSAGE][PASSED] - Object: 'Object Repository/Page_Group10 Administration Search/a_Add a new user' is clicked on

2022-01-15 22:06:55 - [TEST_STEP][PASSED] - setText(findTestObject("Object Repository/Page_Group10 Administration Users Accounts _5007a8/input_Username_username"), "manager1"): Text 'manager1' is set on object 'Object Repository/Page_Group10 Administration Users Accounts _5007a8/input_Username_username'

2022-01-15 22:06:56 - [MESSAGE][PASSED] - Text 'manager1' is set on object 'Object Repository/Page_Group10 Administration Users Accounts _5007a8/input_Username_username'

2022-01-15 22:06:56 - [TEST_STEP][PASSED] - click(findTestObject("Object Repository/Page_Group10 Administration Users Accounts _5007a8/em_Click to enter text")): Object: 'Object Repository/Page_Group10 Administration Users Accounts _5007a8/em_Click to enter text' is clicked on

2022-01-15 22:06:57 - [MESSAGE][PASSED] - Object: 'Object Repository/Page_Group10 Administration Users Accounts _5007a8/em_Click to enter text' is clicked on

2022-01-15 22:06:57 - [TEST_STEP][PASSED] - setEncryptedText(findTestObject("Object Repository/Page_Group10 Administration Users Accounts _5007a8/input_New password_newpassword"), "OFhcon1PzObx3ErJAwGfGA=="): Text ****** has been set on object 'Object Repository/Page_Group10 Administration Users Accounts _5007a8/input_New password_newpassword'

2022-01-15 22:06:57 - [MESSAGE][PASSED] - Text ****** has been set on object 'Object Repository/Page_Group10 Administration Users Accounts _5007a8/input_New password_newpassword'

2022-01-15 22:06:57 - [TEST_STEP][PASSED] - click(findTestObject("Object Repository/Page_Group10 Administration Users Accounts _5007a8/i_Click to enter text_icon fa fa-eye fa-fw")): Object: 'Object Repository/Page_Group10 Administration Users Accounts _5007a8/i_Click to enter text_icon fa fa-eye fa-fw' is clicked on

2022-01-15 22:06:58 - [MESSAGE][PASSED] - Object: 'Object Repository/Page_Group10 Administration Users Accounts _5007a8/i_Click to enter text_icon fa fa-eye fa-fw' is clicked on

2022-01-15 22:06:58 - [TEST_STEP][PASSED] - setText(findTestObject("Object Repository/Page_Group10 Administration Users Accounts _5007a8/input_First name_firstname"), "Nguyen"): Text 'Nguyen' is set on object 'Object Repository/Page_Group10 Administration Users Accounts _5007a8/input_First name_firstname'

2022-01-15 22:06:59 - [MESSAGE][PASSED] - Text 'Nguyen' is set on object 'Object Repository/Page_Group10 Administration Users Accounts _5007a8/input_First name_firstname'

2022-01-15 22:06:59 - [TEST_STEP][PASSED] - setText(findTestObject("Object Repository/Page_Group10 Administration Users Accounts _5007a8/input_Surname_lastname"), "Vy"): Text 'Vy' is set on object 'Object Repository/Page_Group10 Administration Users Accounts _5007a8/input_Surname_lastname'

2022-01-15 22:07:00 - [MESSAGE][PASSED] - Text 'Vy' is set on object 'Object Repository/Page_Group10 Administration Users Accounts _5007a8/input_Surname_lastname'

2022-01-15 22:07:00 - [TEST_STEP][PASSED] - setText(findTestObject("Object Repository/Page_Group10 Administration Users Accounts _5007a8/input_Email address_email"), "manager1@email.com"): Text 'manager1@email.com' is set on object 'Object Repository/Page_Group10 Administration Users Accounts _5007a8/input_Email address_email'

2022-01-15 22:07:01 - [MESSAGE][PASSED] - Text 'manager1@email.com' is set on object 'Object Repository/Page_Group10 Administration Users Accounts _5007a8/input_Email address_email'

2022-01-15 22:07:01 - [TEST_STEP][PASSED] - click(findTestObject("Object Repository/Page_Group10 Administration Users Accounts _5007a8/input_Address_submitbutton")): Object: 'Object Repository/Page_Group10 Administration Users Accounts _5007a8/input_Address_submitbutton' is clicked on

2022-01-15 22:07:04 - [MESSAGE][PASSED] - Object: 'Object Repository/Page_Group10 Administration Users Accounts _5007a8/input_Address_submitbutton' is clicked on

2022-01-15 22:07:04 - [TEST_STEP][PASSED] - click(findTestObject("Object Repository/Page_Group10 Administration Users Permissio_4e74a7/a_Site administration")): Object: 'Object Repository/Page_Group10 Administration Users Permissio_4e74a7/a_Site administration' is clicked on

2022-01-15 22:07:06 - [MESSAGE][PASSED] - Object: 'Object Repository/Page_Group10 Administration Users Permissio_4e74a7/a_Site administration' is clicked on

2022-01-15 22:07:06 - [TEST_STEP][PASSED] - scrollToPosition(0, 0): Browser is scrolled to position x = 0, y = 0

2022-01-15 22:07:06 - [MESSAGE][PASSED] - Browser is scrolled to position x = 0, y = 0

2022-01-15 22:07:06 - [TEST_STEP][PASSED] - click(findTestObject("Object Repository/Page_Group10 Administration Search/a_Users")): Object: 'Object Repository/Page_Group10 Administration Search/a_Users' is clicked on

2022-01-15 22:07:06 - [MESSAGE][PASSED] - Object: 'Object Repository/Page_Group10 Administration Search/a_Users' is clicked on

2022-01-15 22:07:06 - [TEST_STEP][PASSED] - click(findTestObject("Object Repository/Page_Group10 Administration Search/a_Assign system roles")): Object: 'Object Repository/Page_Group10 Administration Search/a_Assign system roles' is clicked on

2022-01-15 22:07:08 - [MESSAGE][PASSED] - Object: 'Object Repository/Page_Group10 Administration Search/a_Assign system roles' is clicked on

2022-01-15 22:07:08 - [TEST_STEP][PASSED] - click(findTestObject("Object Repository/Page_Group10 Administration Users Permissio_fb4295/a_Manager")): Object: 'Object Repository/Page_Group10 Administration Users Permissio_fb4295/a_Manager' is clicked on

2022-01-15 22:07:09 - [MESSAGE][PASSED] - Object: 'Object Repository/Page_Group10 Administration Users Permissio_fb4295/a_Manager' is clicked on

2022-01-15 22:07:09 - [TEST_STEP][PASSED] - click(findTestObject("Page_Group10 Administration Users Permissions Assign system roles/option_Nguyen Vy (manager1email.com)")): Object: 'Object Repository/Page_Group10 Administration Users Permissions Assign system roles/option_Nguyen Vy (manager1email.com)' is clicked on

2022-01-15 22:07:10 - [MESSAGE][PASSED] - Object: 'Object Repository/Page_Group10 Administration Users Permissions Assign system roles/option_Nguyen Vy (manager1email.com)' is clicked on

2022-01-15 22:07:10 - [TEST_STEP][PASSED] - click(findTestObject("Object Repository/Page_Group10 Administration Users Permissio_fb4295/input_Match the search text anywhere in the_89f7b5")): Object: 'Object Repository/Page_Group10 Administration Users Permissio_fb4295/input_Match the search text anywhere in the_89f7b5' is clicked on

2022-01-15 22:07:11 - [MESSAGE][PASSED] - Object: 'Object Repository/Page_Group10 Administration Users Permissio_fb4295/input_Match the search text anywhere in the_89f7b5' is clicked on

2022-01-15 22:07:11 - [TEST_STEP][PASSED] - click(findTestObject("Object Repository/Page_Group10 Administration Users Accounts _9567d5/span_AU")): Object: 'Object Repository/Page_Group10 Administration Users Accounts _9567d5/span_AU' is clicked on

2022-01-15 22:07:12 - [MESSAGE][PASSED] - Object: 'Object Repository/Page_Group10 Administration Users Accounts _9567d5/span_AU' is clicked on

2022-01-15 22:07:12 - [TEST_STEP][PASSED] - click(findTestObject("Object Repository/Page_Group10 Administration Users Accounts _9567d5/a_Log out")): Object: 'Object Repository/Page_Group10 Administration Users Accounts _9567d5/a_Log out' is clicked on

2022-01-15 22:07:13 - [MESSAGE][PASSED] - Object: 'Object Repository/Page_Group10 Administration Users Accounts _9567d5/a_Log out' is clicked on

2022-01-15 22:07:13 - [TEST_STEP][PASSED] - click(findTestObject("Object Repository/Page_Home page/span_Log in")): Object: 'Object Repository/Page_Home page/span_Log in' is clicked on

2022-01-15 22:07:14 - [MESSAGE][PASSED] - Object: 'Object Repository/Page_Home page/span_Log in' is clicked on

2022-01-15 22:07:14 - [TEST_STEP][PASSED] - setText(findTestObject("Object Repository/Page_Home page Log in to the site/input_Username_username"), "manager1"): Text 'manager1' is set on object 'Object Repository/Page_Home page Log in to the site/input_Username_username'

2022-01-15 22:07:15 - [MESSAGE][PASSED] - Text 'manager1' is set on object 'Object Repository/Page_Home page Log in to the site/input_Username_username'

2022-01-15 22:07:15 - [TEST_STEP][PASSED] - setEncryptedText(findTestObject("Page_Home page Log in to the site/input_Password_password (1)"), "OFhcon1PzObx3ErJAwGfGA=="): Text ****** has been set on object 'Object Repository/Page_Home page Log in to the site/input_Password_password (1)'

2022-01-15 22:07:15 - [MESSAGE][PASSED] - Text ****** has been set on object 'Object Repository/Page_Home page Log in to the site/input_Password_password (1)'

2022-01-15 22:07:15 - [TEST_STEP][PASSED] - click(findTestObject("Object Repository/Page_Home page Log in to the site/button_Log in")): Object: 'Object Repository/Page_Home page Log in to the site/button_Log in' is clicked on

2022-01-15 22:07:17 - [MESSAGE][PASSED] - Object: 'Object Repository/Page_Home page Log in to the site/button_Log in' is clicked on

2022-01-15 22:07:17 - [TEST_STEP][PASSED] - click(findTestObject("Object Repository/Page_Dashboard/a_NV")): Object: 'Object Repository/Page_Dashboard/a_NV' is clicked on

2022-01-15 22:07:18 - [MESSAGE][PASSED] - Object: 'Object Repository/Page_Dashboard/a_NV' is clicked on

2022-01-15 22:07:18 - [TEST_STEP][PASSED] - click(findTestObject("Object Repository/Page_Dashboard/a_Log out")): Object: 'Object Repository/Page_Dashboard/a_Log out' is clicked on

2022-01-15 22:07:19 - [MESSAGE][PASSED] - Object: 'Object Repository/Page_Dashboard/a_Log out' is clicked on

2022-01-15 22:07:19 - [TEST_STEP][PASSED] - closeBrowser(): Browser is closed

2022-01-15 22:07:20 - [MESSAGE][PASSED] - Browser is closed]]></system-out>
         <system-err><![CDATA[]]></system-err>
      </testcase>
      <testcase name="Test Cases/Create Course creator" time="39.295" classname="Test Cases/Create Course creator" status="PASSED">
         <system-out><![CDATA[2022-01-15 22:07:20 - [TEST_CASE][PASSED] - Test Cases/Create Course creator: Test Cases/Create Course creator

2022-01-15 22:07:20 - [TEST_STEP][PASSED] - openBrowser(""): Browser is opened with url: ''

2022-01-15 22:07:20 - [MESSAGE][INFO] - Starting 'Edge Chromium' driver

2022-01-15 22:07:22 - [MESSAGE][INFO] - Action delay is set to 0 milliseconds

2022-01-15 22:07:23 - [MESSAGE][PASSED] - Browser is opened with url: ''

2022-01-15 22:07:23 - [TEST_STEP][PASSED] - navigateToUrl("http://localhost/"): Navigate to 'http://localhost/' successfully

2022-01-15 22:07:25 - [MESSAGE][PASSED] - Navigate to 'http://localhost/' successfully

2022-01-15 22:07:25 - [TEST_STEP][PASSED] - click(findTestObject("Object Repository/Page_Home page/a_Log in")): Object: 'Object Repository/Page_Home page/a_Log in' is clicked on

2022-01-15 22:07:26 - [MESSAGE][PASSED] - Object: 'Object Repository/Page_Home page/a_Log in' is clicked on

2022-01-15 22:07:26 - [TEST_STEP][PASSED] - setText(findTestObject("Object Repository/Page_Home page Log in to the site/input_Username_username"), "admin"): Text 'admin' is set on object 'Object Repository/Page_Home page Log in to the site/input_Username_username'

2022-01-15 22:07:27 - [MESSAGE][PASSED] - Text 'admin' is set on object 'Object Repository/Page_Home page Log in to the site/input_Username_username'

2022-01-15 22:07:27 - [TEST_STEP][PASSED] - setEncryptedText(findTestObject("Page_Home page Log in to the site/input_Password_password (1)"), "OFhcon1PzObx3ErJAwGfGA=="): Text ****** has been set on object 'Object Repository/Page_Home page Log in to the site/input_Password_password (1)'

2022-01-15 22:07:28 - [MESSAGE][PASSED] - Text ****** has been set on object 'Object Repository/Page_Home page Log in to the site/input_Password_password (1)'

2022-01-15 22:07:28 - [TEST_STEP][PASSED] - click(findTestObject("Object Repository/Page_Home page Log in to the site/button_Log in")): Object: 'Object Repository/Page_Home page Log in to the site/button_Log in' is clicked on

2022-01-15 22:07:30 - [MESSAGE][PASSED] - Object: 'Object Repository/Page_Home page Log in to the site/button_Log in' is clicked on

2022-01-15 22:07:30 - [TEST_STEP][PASSED] - click(findTestObject("Object Repository/Page_Dashboard/a_Site administration")): Object: 'Object Repository/Page_Dashboard/a_Site administration' is clicked on

2022-01-15 22:07:32 - [MESSAGE][PASSED] - Object: 'Object Repository/Page_Dashboard/a_Site administration' is clicked on

2022-01-15 22:07:32 - [TEST_STEP][PASSED] - scrollToPosition(0, 0): Browser is scrolled to position x = 0, y = 0

2022-01-15 22:07:32 - [MESSAGE][PASSED] - Browser is scrolled to position x = 0, y = 0

2022-01-15 22:07:32 - [TEST_STEP][PASSED] - click(findTestObject("Object Repository/Page_Group10 Administration Search/a_Users")): Object: 'Object Repository/Page_Group10 Administration Search/a_Users' is clicked on

2022-01-15 22:07:33 - [MESSAGE][PASSED] - Object: 'Object Repository/Page_Group10 Administration Search/a_Users' is clicked on

2022-01-15 22:07:33 - [TEST_STEP][PASSED] - click(findTestObject("Object Repository/Page_Group10 Administration Search/a_Add a new user")): Object: 'Object Repository/Page_Group10 Administration Search/a_Add a new user' is clicked on

2022-01-15 22:07:35 - [MESSAGE][PASSED] - Object: 'Object Repository/Page_Group10 Administration Search/a_Add a new user' is clicked on

2022-01-15 22:07:35 - [TEST_STEP][PASSED] - setText(findTestObject("Object Repository/Page_Group10 Administration Users Accounts _5007a8/input_Username_username"), "coursecreator1"): Text 'coursecreator1' is set on object 'Object Repository/Page_Group10 Administration Users Accounts _5007a8/input_Username_username'

2022-01-15 22:07:37 - [MESSAGE][PASSED] - Text 'coursecreator1' is set on object 'Object Repository/Page_Group10 Administration Users Accounts _5007a8/input_Username_username'

2022-01-15 22:07:37 - [TEST_STEP][PASSED] - click(findTestObject("Object Repository/Page_Group10 Administration Users Accounts _5007a8/em_Click to enter text")): Object: 'Object Repository/Page_Group10 Administration Users Accounts _5007a8/em_Click to enter text' is clicked on

2022-01-15 22:07:37 - [MESSAGE][PASSED] - Object: 'Object Repository/Page_Group10 Administration Users Accounts _5007a8/em_Click to enter text' is clicked on

2022-01-15 22:07:37 - [TEST_STEP][PASSED] - setEncryptedText(findTestObject("Object Repository/Page_Group10 Administration Users Accounts _5007a8/input_New password_newpassword"), "OFhcon1PzObx3ErJAwGfGA=="): Text ****** has been set on object 'Object Repository/Page_Group10 Administration Users Accounts _5007a8/input_New password_newpassword'

2022-01-15 22:07:38 - [MESSAGE][PASSED] - Text ****** has been set on object 'Object Repository/Page_Group10 Administration Users Accounts _5007a8/input_New password_newpassword'

2022-01-15 22:07:38 - [TEST_STEP][PASSED] - click(findTestObject("Object Repository/Page_Group10 Administration Users Accounts _5007a8/i_Click to enter text_icon fa fa-eye fa-fw")): Object: 'Object Repository/Page_Group10 Administration Users Accounts _5007a8/i_Click to enter text_icon fa fa-eye fa-fw' is clicked on

2022-01-15 22:07:38 - [MESSAGE][PASSED] - Object: 'Object Repository/Page_Group10 Administration Users Accounts _5007a8/i_Click to enter text_icon fa fa-eye fa-fw' is clicked on

2022-01-15 22:07:38 - [TEST_STEP][PASSED] - setText(findTestObject("Object Repository/Page_Group10 Administration Users Accounts _5007a8/input_First name_firstname"), "Nguyen"): Text 'Nguyen' is set on object 'Object Repository/Page_Group10 Administration Users Accounts _5007a8/input_First name_firstname'

2022-01-15 22:07:39 - [MESSAGE][PASSED] - Text 'Nguyen' is set on object 'Object Repository/Page_Group10 Administration Users Accounts _5007a8/input_First name_firstname'

2022-01-15 22:07:39 - [TEST_STEP][PASSED] - setText(findTestObject("Object Repository/Page_Group10 Administration Users Accounts _5007a8/input_Surname_lastname"), "Nga"): Text 'Nga' is set on object 'Object Repository/Page_Group10 Administration Users Accounts _5007a8/input_Surname_lastname'

2022-01-15 22:07:40 - [MESSAGE][PASSED] - Text 'Nga' is set on object 'Object Repository/Page_Group10 Administration Users Accounts _5007a8/input_Surname_lastname'

2022-01-15 22:07:40 - [TEST_STEP][PASSED] - setText(findTestObject("Object Repository/Page_Group10 Administration Users Accounts _5007a8/input_Email address_email"), "coursecreator1@email.com"): Text 'coursecreator1@email.com' is set on object 'Object Repository/Page_Group10 Administration Users Accounts _5007a8/input_Email address_email'

2022-01-15 22:07:41 - [MESSAGE][PASSED] - Text 'coursecreator1@email.com' is set on object 'Object Repository/Page_Group10 Administration Users Accounts _5007a8/input_Email address_email'

2022-01-15 22:07:41 - [TEST_STEP][PASSED] - click(findTestObject("Object Repository/Page_Group10 Administration Users Accounts _5007a8/input_Address_submitbutton")): Object: 'Object Repository/Page_Group10 Administration Users Accounts _5007a8/input_Address_submitbutton' is clicked on

2022-01-15 22:07:44 - [MESSAGE][PASSED] - Object: 'Object Repository/Page_Group10 Administration Users Accounts _5007a8/input_Address_submitbutton' is clicked on

2022-01-15 22:07:44 - [TEST_STEP][PASSED] - click(findTestObject("Object Repository/Page_Group10 Administration Users Permissio_4e74a7/a_Site administration")): Object: 'Object Repository/Page_Group10 Administration Users Permissio_4e74a7/a_Site administration' is clicked on

2022-01-15 22:07:45 - [MESSAGE][PASSED] - Object: 'Object Repository/Page_Group10 Administration Users Permissio_4e74a7/a_Site administration' is clicked on

2022-01-15 22:07:45 - [TEST_STEP][PASSED] - scrollToPosition(0, 0): Browser is scrolled to position x = 0, y = 0

2022-01-15 22:07:45 - [MESSAGE][PASSED] - Browser is scrolled to position x = 0, y = 0

2022-01-15 22:07:45 - [TEST_STEP][PASSED] - click(findTestObject("Object Repository/Page_Group10 Administration Search/a_Users")): Object: 'Object Repository/Page_Group10 Administration Search/a_Users' is clicked on

2022-01-15 22:07:46 - [MESSAGE][PASSED] - Object: 'Object Repository/Page_Group10 Administration Search/a_Users' is clicked on

2022-01-15 22:07:46 - [TEST_STEP][PASSED] - click(findTestObject("Object Repository/Page_Group10 Administration Search/a_Assign system roles")): Object: 'Object Repository/Page_Group10 Administration Search/a_Assign system roles' is clicked on

2022-01-15 22:07:47 - [MESSAGE][PASSED] - Object: 'Object Repository/Page_Group10 Administration Search/a_Assign system roles' is clicked on

2022-01-15 22:07:47 - [TEST_STEP][PASSED] - click(findTestObject("Page_Group10 Administration Users Permissions Assign system roles/a_Course creator")): Object: 'Object Repository/Page_Group10 Administration Users Permissions Assign system roles/a_Course creator' is clicked on

2022-01-15 22:07:49 - [MESSAGE][PASSED] - Object: 'Object Repository/Page_Group10 Administration Users Permissions Assign system roles/a_Course creator' is clicked on

2022-01-15 22:07:49 - [TEST_STEP][PASSED] - click(findTestObject("Page_Group10 Administration Users Permissions Assign system roles/option_Nguyen Nga (coursecreator1email.com)")): Object: 'Object Repository/Page_Group10 Administration Users Permissions Assign system roles/option_Nguyen Nga (coursecreator1email.com)' is clicked on

2022-01-15 22:07:50 - [MESSAGE][PASSED] - Object: 'Object Repository/Page_Group10 Administration Users Permissions Assign system roles/option_Nguyen Nga (coursecreator1email.com)' is clicked on

2022-01-15 22:07:50 - [TEST_STEP][PASSED] - click(findTestObject("Object Repository/Page_Group10 Administration Users Permissio_fb4295/input_Match the search text anywhere in the_89f7b5")): Object: 'Object Repository/Page_Group10 Administration Users Permissio_fb4295/input_Match the search text anywhere in the_89f7b5' is clicked on

2022-01-15 22:07:51 - [MESSAGE][PASSED] - Object: 'Object Repository/Page_Group10 Administration Users Permissio_fb4295/input_Match the search text anywhere in the_89f7b5' is clicked on

2022-01-15 22:07:51 - [TEST_STEP][PASSED] - click(findTestObject("Object Repository/Page_Group10 Administration Users Accounts _9567d5/span_AU")): Object: 'Object Repository/Page_Group10 Administration Users Accounts _9567d5/span_AU' is clicked on

2022-01-15 22:07:51 - [MESSAGE][PASSED] - Object: 'Object Repository/Page_Group10 Administration Users Accounts _9567d5/span_AU' is clicked on

2022-01-15 22:07:51 - [TEST_STEP][PASSED] - click(findTestObject("Object Repository/Page_Group10 Administration Users Accounts _9567d5/a_Log out")): Object: 'Object Repository/Page_Group10 Administration Users Accounts _9567d5/a_Log out' is clicked on

2022-01-15 22:07:52 - [MESSAGE][PASSED] - Object: 'Object Repository/Page_Group10 Administration Users Accounts _9567d5/a_Log out' is clicked on

2022-01-15 22:07:52 - [TEST_STEP][PASSED] - click(findTestObject("Object Repository/Page_Home page/span_Log in")): Object: 'Object Repository/Page_Home page/span_Log in' is clicked on

2022-01-15 22:07:54 - [MESSAGE][PASSED] - Object: 'Object Repository/Page_Home page/span_Log in' is clicked on

2022-01-15 22:07:54 - [TEST_STEP][PASSED] - setText(findTestObject("Object Repository/Page_Home page Log in to the site/input_Username_username"), "coursecreator1"): Text 'coursecreator1' is set on object 'Object Repository/Page_Home page Log in to the site/input_Username_username'

2022-01-15 22:07:55 - [MESSAGE][PASSED] - Text 'coursecreator1' is set on object 'Object Repository/Page_Home page Log in to the site/input_Username_username'

2022-01-15 22:07:55 - [TEST_STEP][PASSED] - setEncryptedText(findTestObject("Page_Home page Log in to the site/input_Password_password (1)"), "OFhcon1PzObx3ErJAwGfGA=="): Text ****** has been set on object 'Object Repository/Page_Home page Log in to the site/input_Password_password (1)'

2022-01-15 22:07:55 - [MESSAGE][PASSED] - Text ****** has been set on object 'Object Repository/Page_Home page Log in to the site/input_Password_password (1)'

2022-01-15 22:07:55 - [TEST_STEP][PASSED] - click(findTestObject("Object Repository/Page_Home page Log in to the site/button_Log in")): Object: 'Object Repository/Page_Home page Log in to the site/button_Log in' is clicked on

2022-01-15 22:07:56 - [MESSAGE][PASSED] - Object: 'Object Repository/Page_Home page Log in to the site/button_Log in' is clicked on

2022-01-15 22:07:56 - [TEST_STEP][PASSED] - click(findTestObject("Object Repository/Page_Dashboard/a_NV")): Object: 'Object Repository/Page_Dashboard/a_NV' is clicked on

2022-01-15 22:07:57 - [MESSAGE][PASSED] - Object: 'Object Repository/Page_Dashboard/a_NV' is clicked on

2022-01-15 22:07:57 - [TEST_STEP][PASSED] - click(findTestObject("Object Repository/Page_Dashboard/a_Log out")): Object: 'Object Repository/Page_Dashboard/a_Log out' is clicked on

2022-01-15 22:07:58 - [MESSAGE][PASSED] - Object: 'Object Repository/Page_Dashboard/a_Log out' is clicked on

2022-01-15 22:07:58 - [TEST_STEP][PASSED] - closeBrowser(): Browser is closed

2022-01-15 22:07:59 - [MESSAGE][PASSED] - Browser is closed]]></system-out>
         <system-err><![CDATA[]]></system-err>
      </testcase>
      <testcase name="Test Cases/Create Teacher" time="35.042" classname="Test Cases/Create Teacher" status="PASSED">
         <system-out><![CDATA[2022-01-15 22:07:59 - [TEST_CASE][PASSED] - Test Cases/Create Teacher: Test Cases/Create Teacher

2022-01-15 22:07:59 - [TEST_STEP][PASSED] - openBrowser(""): Browser is opened with url: ''

2022-01-15 22:07:59 - [MESSAGE][INFO] - Starting 'Edge Chromium' driver

2022-01-15 22:08:01 - [MESSAGE][INFO] - Action delay is set to 0 milliseconds

2022-01-15 22:08:02 - [MESSAGE][PASSED] - Browser is opened with url: ''

2022-01-15 22:08:02 - [TEST_STEP][PASSED] - navigateToUrl("http://localhost/"): Navigate to 'http://localhost/' successfully

2022-01-15 22:08:03 - [MESSAGE][PASSED] - Navigate to 'http://localhost/' successfully

2022-01-15 22:08:03 - [TEST_STEP][PASSED] - click(findTestObject("Object Repository/Page_Home page/a_Log in")): Object: 'Object Repository/Page_Home page/a_Log in' is clicked on

2022-01-15 22:08:04 - [MESSAGE][PASSED] - Object: 'Object Repository/Page_Home page/a_Log in' is clicked on

2022-01-15 22:08:04 - [TEST_STEP][PASSED] - setText(findTestObject("Object Repository/Page_Home page Log in to the site/input_Username_username"), "admin"): Text 'admin' is set on object 'Object Repository/Page_Home page Log in to the site/input_Username_username'

2022-01-15 22:08:05 - [MESSAGE][PASSED] - Text 'admin' is set on object 'Object Repository/Page_Home page Log in to the site/input_Username_username'

2022-01-15 22:08:05 - [TEST_STEP][PASSED] - setEncryptedText(findTestObject("Page_Home page Log in to the site/input_Password_password (1)"), "OFhcon1PzObx3ErJAwGfGA=="): Text ****** has been set on object 'Object Repository/Page_Home page Log in to the site/input_Password_password (1)'

2022-01-15 22:08:05 - [MESSAGE][PASSED] - Text ****** has been set on object 'Object Repository/Page_Home page Log in to the site/input_Password_password (1)'

2022-01-15 22:08:05 - [TEST_STEP][PASSED] - click(findTestObject("Object Repository/Page_Home page Log in to the site/button_Log in")): Object: 'Object Repository/Page_Home page Log in to the site/button_Log in' is clicked on

2022-01-15 22:08:07 - [MESSAGE][PASSED] - Object: 'Object Repository/Page_Home page Log in to the site/button_Log in' is clicked on

2022-01-15 22:08:07 - [TEST_STEP][PASSED] - click(findTestObject("Object Repository/Page_Dashboard/a_Site administration")): Object: 'Object Repository/Page_Dashboard/a_Site administration' is clicked on

2022-01-15 22:08:09 - [MESSAGE][PASSED] - Object: 'Object Repository/Page_Dashboard/a_Site administration' is clicked on

2022-01-15 22:08:09 - [TEST_STEP][PASSED] - click(findTestObject("Object Repository/Page_Group10 Administration Search/a_Users")): Object: 'Object Repository/Page_Group10 Administration Search/a_Users' is clicked on

2022-01-15 22:08:09 - [MESSAGE][PASSED] - Object: 'Object Repository/Page_Group10 Administration Search/a_Users' is clicked on

2022-01-15 22:08:09 - [TEST_STEP][PASSED] - click(findTestObject("Object Repository/Page_Group10 Administration Search/a_Add a new user")): Object: 'Object Repository/Page_Group10 Administration Search/a_Add a new user' is clicked on

2022-01-15 22:08:11 - [MESSAGE][PASSED] - Object: 'Object Repository/Page_Group10 Administration Search/a_Add a new user' is clicked on

2022-01-15 22:08:11 - [TEST_STEP][PASSED] - setText(findTestObject("Object Repository/Page_Group10 Administration Users Accounts _5007a8/input_Username_username"), "teacher1"): Text 'teacher1' is set on object 'Object Repository/Page_Group10 Administration Users Accounts _5007a8/input_Username_username'

2022-01-15 22:08:12 - [MESSAGE][PASSED] - Text 'teacher1' is set on object 'Object Repository/Page_Group10 Administration Users Accounts _5007a8/input_Username_username'

2022-01-15 22:08:12 - [TEST_STEP][PASSED] - click(findTestObject("Object Repository/Page_Group10 Administration Users Accounts _5007a8/em_Click to enter text")): Object: 'Object Repository/Page_Group10 Administration Users Accounts _5007a8/em_Click to enter text' is clicked on

2022-01-15 22:08:13 - [MESSAGE][PASSED] - Object: 'Object Repository/Page_Group10 Administration Users Accounts _5007a8/em_Click to enter text' is clicked on

2022-01-15 22:08:13 - [TEST_STEP][PASSED] - setEncryptedText(findTestObject("Object Repository/Page_Group10 Administration Users Accounts _5007a8/input_New password_newpassword"), "OFhcon1PzObx3ErJAwGfGA=="): Text ****** has been set on object 'Object Repository/Page_Group10 Administration Users Accounts _5007a8/input_New password_newpassword'

2022-01-15 22:08:13 - [MESSAGE][PASSED] - Text ****** has been set on object 'Object Repository/Page_Group10 Administration Users Accounts _5007a8/input_New password_newpassword'

2022-01-15 22:08:13 - [TEST_STEP][PASSED] - click(findTestObject("Object Repository/Page_Group10 Administration Users Accounts _5007a8/i_Click to enter text_icon fa fa-eye fa-fw")): Object: 'Object Repository/Page_Group10 Administration Users Accounts _5007a8/i_Click to enter text_icon fa fa-eye fa-fw' is clicked on

2022-01-15 22:08:14 - [MESSAGE][PASSED] - Object: 'Object Repository/Page_Group10 Administration Users Accounts _5007a8/i_Click to enter text_icon fa fa-eye fa-fw' is clicked on

2022-01-15 22:08:14 - [TEST_STEP][PASSED] - setText(findTestObject("Object Repository/Page_Group10 Administration Users Accounts _5007a8/input_First name_firstname"), "Nguyen"): Text 'Nguyen' is set on object 'Object Repository/Page_Group10 Administration Users Accounts _5007a8/input_First name_firstname'

2022-01-15 22:08:15 - [MESSAGE][PASSED] - Text 'Nguyen' is set on object 'Object Repository/Page_Group10 Administration Users Accounts _5007a8/input_First name_firstname'

2022-01-15 22:08:15 - [TEST_STEP][PASSED] - setText(findTestObject("Object Repository/Page_Group10 Administration Users Accounts _5007a8/input_Surname_lastname"), "Nga"): Text 'Nga' is set on object 'Object Repository/Page_Group10 Administration Users Accounts _5007a8/input_Surname_lastname'

2022-01-15 22:08:15 - [MESSAGE][PASSED] - Text 'Nga' is set on object 'Object Repository/Page_Group10 Administration Users Accounts _5007a8/input_Surname_lastname'

2022-01-15 22:08:15 - [TEST_STEP][PASSED] - setText(findTestObject("Object Repository/Page_Group10 Administration Users Accounts _5007a8/input_Email address_email"), "teacher1@email.com"): Text 'teacher1@email.com' is set on object 'Object Repository/Page_Group10 Administration Users Accounts _5007a8/input_Email address_email'

2022-01-15 22:08:16 - [MESSAGE][PASSED] - Text 'teacher1@email.com' is set on object 'Object Repository/Page_Group10 Administration Users Accounts _5007a8/input_Email address_email'

2022-01-15 22:08:16 - [TEST_STEP][PASSED] - click(findTestObject("Object Repository/Page_Group10 Administration Users Accounts _5007a8/input_Address_submitbutton")): Object: 'Object Repository/Page_Group10 Administration Users Accounts _5007a8/input_Address_submitbutton' is clicked on

2022-01-15 22:08:18 - [MESSAGE][PASSED] - Object: 'Object Repository/Page_Group10 Administration Users Accounts _5007a8/input_Address_submitbutton' is clicked on

2022-01-15 22:08:18 - [TEST_STEP][PASSED] - click(findTestObject("Object Repository/Page_Group10 Administration Users Permissio_4e74a7/a_Site administration")): Object: 'Object Repository/Page_Group10 Administration Users Permissio_4e74a7/a_Site administration' is clicked on

2022-01-15 22:08:20 - [MESSAGE][PASSED] - Object: 'Object Repository/Page_Group10 Administration Users Permissio_4e74a7/a_Site administration' is clicked on

2022-01-15 22:08:20 - [TEST_STEP][PASSED] - scrollToPosition(0, 0): Browser is scrolled to position x = 0, y = 0

2022-01-15 22:08:20 - [MESSAGE][PASSED] - Browser is scrolled to position x = 0, y = 0

2022-01-15 22:08:20 - [TEST_STEP][PASSED] - click(findTestObject("Object Repository/Page_Group10 Administration Search/a_Users")): Object: 'Object Repository/Page_Group10 Administration Search/a_Users' is clicked on

2022-01-15 22:08:21 - [MESSAGE][PASSED] - Object: 'Object Repository/Page_Group10 Administration Search/a_Users' is clicked on

2022-01-15 22:08:21 - [TEST_STEP][PASSED] - click(findTestObject("Object Repository/Page_Group10 Administration Search/a_Assign system roles")): Object: 'Object Repository/Page_Group10 Administration Search/a_Assign system roles' is clicked on

2022-01-15 22:08:22 - [MESSAGE][PASSED] - Object: 'Object Repository/Page_Group10 Administration Search/a_Assign system roles' is clicked on

2022-01-15 22:08:22 - [TEST_STEP][PASSED] - click(findTestObject("Page_Group10 Administration Users Permissions Assign system roles/a_Teacher")): Object: 'Object Repository/Page_Group10 Administration Users Permissions Assign system roles/a_Teacher' is clicked on

2022-01-15 22:08:24 - [MESSAGE][PASSED] - Object: 'Object Repository/Page_Group10 Administration Users Permissions Assign system roles/a_Teacher' is clicked on

2022-01-15 22:08:24 - [TEST_STEP][PASSED] - click(findTestObject("Page_Group10 Administration Users Permissions Assign system roles/option_Nguyen Nga (teacher1email.com)")): Object: 'Object Repository/Page_Group10 Administration Users Permissions Assign system roles/option_Nguyen Nga (teacher1email.com)' is clicked on

2022-01-15 22:08:24 - [MESSAGE][PASSED] - Object: 'Object Repository/Page_Group10 Administration Users Permissions Assign system roles/option_Nguyen Nga (teacher1email.com)' is clicked on

2022-01-15 22:08:24 - [TEST_STEP][PASSED] - click(findTestObject("Object Repository/Page_Group10 Administration Users Permissio_fb4295/input_Match the search text anywhere in the_89f7b5")): Object: 'Object Repository/Page_Group10 Administration Users Permissio_fb4295/input_Match the search text anywhere in the_89f7b5' is clicked on

2022-01-15 22:08:26 - [MESSAGE][PASSED] - Object: 'Object Repository/Page_Group10 Administration Users Permissio_fb4295/input_Match the search text anywhere in the_89f7b5' is clicked on

2022-01-15 22:08:26 - [TEST_STEP][PASSED] - click(findTestObject("Object Repository/Page_Group10 Administration Users Accounts _9567d5/span_AU")): Object: 'Object Repository/Page_Group10 Administration Users Accounts _9567d5/span_AU' is clicked on

2022-01-15 22:08:26 - [MESSAGE][PASSED] - Object: 'Object Repository/Page_Group10 Administration Users Accounts _9567d5/span_AU' is clicked on

2022-01-15 22:08:26 - [TEST_STEP][PASSED] - click(findTestObject("Object Repository/Page_Group10 Administration Users Accounts _9567d5/a_Log out")): Object: 'Object Repository/Page_Group10 Administration Users Accounts _9567d5/a_Log out' is clicked on

2022-01-15 22:08:27 - [MESSAGE][PASSED] - Object: 'Object Repository/Page_Group10 Administration Users Accounts _9567d5/a_Log out' is clicked on

2022-01-15 22:08:27 - [TEST_STEP][PASSED] - click(findTestObject("Object Repository/Page_Home page/span_Log in")): Object: 'Object Repository/Page_Home page/span_Log in' is clicked on

2022-01-15 22:08:28 - [MESSAGE][PASSED] - Object: 'Object Repository/Page_Home page/span_Log in' is clicked on

2022-01-15 22:08:28 - [TEST_STEP][PASSED] - setText(findTestObject("Object Repository/Page_Home page Log in to the site/input_Username_username"), "teacher1"): Text 'teacher1' is set on object 'Object Repository/Page_Home page Log in to the site/input_Username_username'

2022-01-15 22:08:29 - [MESSAGE][PASSED] - Text 'teacher1' is set on object 'Object Repository/Page_Home page Log in to the site/input_Username_username'

2022-01-15 22:08:29 - [TEST_STEP][PASSED] - setEncryptedText(findTestObject("Page_Home page Log in to the site/input_Password_password (1)"), "OFhcon1PzObx3ErJAwGfGA=="): Text ****** has been set on object 'Object Repository/Page_Home page Log in to the site/input_Password_password (1)'

2022-01-15 22:08:30 - [MESSAGE][PASSED] - Text ****** has been set on object 'Object Repository/Page_Home page Log in to the site/input_Password_password (1)'

2022-01-15 22:08:30 - [TEST_STEP][PASSED] - click(findTestObject("Object Repository/Page_Home page Log in to the site/button_Log in")): Object: 'Object Repository/Page_Home page Log in to the site/button_Log in' is clicked on

2022-01-15 22:08:31 - [MESSAGE][PASSED] - Object: 'Object Repository/Page_Home page Log in to the site/button_Log in' is clicked on

2022-01-15 22:08:31 - [TEST_STEP][PASSED] - click(findTestObject("Object Repository/Page_Dashboard/a_NV")): Object: 'Object Repository/Page_Dashboard/a_NV' is clicked on

2022-01-15 22:08:32 - [MESSAGE][PASSED] - Object: 'Object Repository/Page_Dashboard/a_NV' is clicked on

2022-01-15 22:08:32 - [TEST_STEP][PASSED] - click(findTestObject("Object Repository/Page_Dashboard/a_Log out")): Object: 'Object Repository/Page_Dashboard/a_Log out' is clicked on

2022-01-15 22:08:33 - [MESSAGE][PASSED] - Object: 'Object Repository/Page_Dashboard/a_Log out' is clicked on

2022-01-15 22:08:33 - [TEST_STEP][PASSED] - closeBrowser(): Browser is closed

2022-01-15 22:08:34 - [MESSAGE][PASSED] - Browser is closed]]></system-out>
         <system-err><![CDATA[]]></system-err>
      </testcase>
      <testcase name="Test Cases/Create nonediting teacher" time="38.517" classname="Test Cases/Create nonediting teacher" status="PASSED">
         <system-out><![CDATA[2022-01-15 22:08:34 - [TEST_CASE][PASSED] - Test Cases/Create nonediting teacher: Test Cases/Create nonediting teacher

2022-01-15 22:08:34 - [TEST_STEP][PASSED] - openBrowser(""): Browser is opened with url: ''

2022-01-15 22:08:34 - [MESSAGE][INFO] - Starting 'Edge Chromium' driver

2022-01-15 22:08:37 - [MESSAGE][INFO] - Action delay is set to 0 milliseconds

2022-01-15 22:08:38 - [MESSAGE][PASSED] - Browser is opened with url: ''

2022-01-15 22:08:38 - [TEST_STEP][PASSED] - navigateToUrl("http://localhost/"): Navigate to 'http://localhost/' successfully

2022-01-15 22:08:39 - [MESSAGE][PASSED] - Navigate to 'http://localhost/' successfully

2022-01-15 22:08:39 - [TEST_STEP][PASSED] - click(findTestObject("Object Repository/Page_Home page/a_Log in")): Object: 'Object Repository/Page_Home page/a_Log in' is clicked on

2022-01-15 22:08:40 - [MESSAGE][PASSED] - Object: 'Object Repository/Page_Home page/a_Log in' is clicked on

2022-01-15 22:08:40 - [TEST_STEP][PASSED] - setText(findTestObject("Object Repository/Page_Home page Log in to the site/input_Username_username"), "admin"): Text 'admin' is set on object 'Object Repository/Page_Home page Log in to the site/input_Username_username'

2022-01-15 22:08:41 - [MESSAGE][PASSED] - Text 'admin' is set on object 'Object Repository/Page_Home page Log in to the site/input_Username_username'

2022-01-15 22:08:41 - [TEST_STEP][PASSED] - setEncryptedText(findTestObject("Page_Home page Log in to the site/input_Password_password (1)"), "OFhcon1PzObx3ErJAwGfGA=="): Text ****** has been set on object 'Object Repository/Page_Home page Log in to the site/input_Password_password (1)'

2022-01-15 22:08:41 - [MESSAGE][PASSED] - Text ****** has been set on object 'Object Repository/Page_Home page Log in to the site/input_Password_password (1)'

2022-01-15 22:08:41 - [TEST_STEP][PASSED] - click(findTestObject("Object Repository/Page_Home page Log in to the site/button_Log in")): Object: 'Object Repository/Page_Home page Log in to the site/button_Log in' is clicked on

2022-01-15 22:08:43 - [MESSAGE][PASSED] - Object: 'Object Repository/Page_Home page Log in to the site/button_Log in' is clicked on

2022-01-15 22:08:43 - [TEST_STEP][PASSED] - click(findTestObject("Object Repository/Page_Dashboard/a_Site administration")): Object: 'Object Repository/Page_Dashboard/a_Site administration' is clicked on

2022-01-15 22:08:46 - [MESSAGE][PASSED] - Object: 'Object Repository/Page_Dashboard/a_Site administration' is clicked on

2022-01-15 22:08:46 - [TEST_STEP][PASSED] - click(findTestObject("Object Repository/Page_Group10 Administration Search/a_Users")): Object: 'Object Repository/Page_Group10 Administration Search/a_Users' is clicked on

2022-01-15 22:08:46 - [MESSAGE][PASSED] - Object: 'Object Repository/Page_Group10 Administration Search/a_Users' is clicked on

2022-01-15 22:08:46 - [TEST_STEP][PASSED] - click(findTestObject("Object Repository/Page_Group10 Administration Search/a_Add a new user")): Object: 'Object Repository/Page_Group10 Administration Search/a_Add a new user' is clicked on

2022-01-15 22:08:48 - [MESSAGE][PASSED] - Object: 'Object Repository/Page_Group10 Administration Search/a_Add a new user' is clicked on

2022-01-15 22:08:48 - [TEST_STEP][PASSED] - setText(findTestObject("Object Repository/Page_Group10 Administration Users Accounts _5007a8/input_Username_username"), "noneditingteacher1"): Text 'noneditingteacher1' is set on object 'Object Repository/Page_Group10 Administration Users Accounts _5007a8/input_Username_username'

2022-01-15 22:08:50 - [MESSAGE][PASSED] - Text 'noneditingteacher1' is set on object 'Object Repository/Page_Group10 Administration Users Accounts _5007a8/input_Username_username'

2022-01-15 22:08:50 - [TEST_STEP][PASSED] - click(findTestObject("Object Repository/Page_Group10 Administration Users Accounts _5007a8/em_Click to enter text")): Object: 'Object Repository/Page_Group10 Administration Users Accounts _5007a8/em_Click to enter text' is clicked on

2022-01-15 22:08:51 - [MESSAGE][PASSED] - Object: 'Object Repository/Page_Group10 Administration Users Accounts _5007a8/em_Click to enter text' is clicked on

2022-01-15 22:08:51 - [TEST_STEP][PASSED] - setEncryptedText(findTestObject("Object Repository/Page_Group10 Administration Users Accounts _5007a8/input_New password_newpassword"), "OFhcon1PzObx3ErJAwGfGA=="): Text ****** has been set on object 'Object Repository/Page_Group10 Administration Users Accounts _5007a8/input_New password_newpassword'

2022-01-15 22:08:51 - [MESSAGE][PASSED] - Text ****** has been set on object 'Object Repository/Page_Group10 Administration Users Accounts _5007a8/input_New password_newpassword'

2022-01-15 22:08:51 - [TEST_STEP][PASSED] - click(findTestObject("Object Repository/Page_Group10 Administration Users Accounts _5007a8/i_Click to enter text_icon fa fa-eye fa-fw")): Object: 'Object Repository/Page_Group10 Administration Users Accounts _5007a8/i_Click to enter text_icon fa fa-eye fa-fw' is clicked on

2022-01-15 22:08:52 - [MESSAGE][PASSED] - Object: 'Object Repository/Page_Group10 Administration Users Accounts _5007a8/i_Click to enter text_icon fa fa-eye fa-fw' is clicked on

2022-01-15 22:08:52 - [TEST_STEP][PASSED] - setText(findTestObject("Object Repository/Page_Group10 Administration Users Accounts _5007a8/input_First name_firstname"), "Tran"): Text 'Tran' is set on object 'Object Repository/Page_Group10 Administration Users Accounts _5007a8/input_First name_firstname'

2022-01-15 22:08:53 - [MESSAGE][PASSED] - Text 'Tran' is set on object 'Object Repository/Page_Group10 Administration Users Accounts _5007a8/input_First name_firstname'

2022-01-15 22:08:53 - [TEST_STEP][PASSED] - setText(findTestObject("Object Repository/Page_Group10 Administration Users Accounts _5007a8/input_Surname_lastname"), "Lam"): Text 'Lam' is set on object 'Object Repository/Page_Group10 Administration Users Accounts _5007a8/input_Surname_lastname'

2022-01-15 22:08:54 - [MESSAGE][PASSED] - Text 'Lam' is set on object 'Object Repository/Page_Group10 Administration Users Accounts _5007a8/input_Surname_lastname'

2022-01-15 22:08:54 - [TEST_STEP][PASSED] - setText(findTestObject("Object Repository/Page_Group10 Administration Users Accounts _5007a8/input_Email address_email"), "noneditingteacher1@email.com"): Text 'noneditingteacher1@email.com' is set on object 'Object Repository/Page_Group10 Administration Users Accounts _5007a8/input_Email address_email'

2022-01-15 22:08:55 - [MESSAGE][PASSED] - Text 'noneditingteacher1@email.com' is set on object 'Object Repository/Page_Group10 Administration Users Accounts _5007a8/input_Email address_email'

2022-01-15 22:08:55 - [TEST_STEP][PASSED] - click(findTestObject("Object Repository/Page_Group10 Administration Users Accounts _5007a8/input_Address_submitbutton")): Object: 'Object Repository/Page_Group10 Administration Users Accounts _5007a8/input_Address_submitbutton' is clicked on

2022-01-15 22:08:57 - [MESSAGE][PASSED] - Object: 'Object Repository/Page_Group10 Administration Users Accounts _5007a8/input_Address_submitbutton' is clicked on

2022-01-15 22:08:57 - [TEST_STEP][PASSED] - click(findTestObject("Object Repository/Page_Group10 Administration Users Permissio_4e74a7/a_Site administration")): Object: 'Object Repository/Page_Group10 Administration Users Permissio_4e74a7/a_Site administration' is clicked on

2022-01-15 22:08:58 - [MESSAGE][PASSED] - Object: 'Object Repository/Page_Group10 Administration Users Permissio_4e74a7/a_Site administration' is clicked on

2022-01-15 22:08:58 - [TEST_STEP][PASSED] - scrollToPosition(0, 0): Browser is scrolled to position x = 0, y = 0

2022-01-15 22:08:58 - [MESSAGE][PASSED] - Browser is scrolled to position x = 0, y = 0

2022-01-15 22:08:58 - [TEST_STEP][PASSED] - click(findTestObject("Object Repository/Page_Group10 Administration Search/a_Users")): Object: 'Object Repository/Page_Group10 Administration Search/a_Users' is clicked on

2022-01-15 22:08:59 - [MESSAGE][PASSED] - Object: 'Object Repository/Page_Group10 Administration Search/a_Users' is clicked on

2022-01-15 22:08:59 - [TEST_STEP][PASSED] - click(findTestObject("Object Repository/Page_Group10 Administration Search/a_Assign system roles")): Object: 'Object Repository/Page_Group10 Administration Search/a_Assign system roles' is clicked on

2022-01-15 22:09:00 - [MESSAGE][PASSED] - Object: 'Object Repository/Page_Group10 Administration Search/a_Assign system roles' is clicked on

2022-01-15 22:09:00 - [TEST_STEP][PASSED] - click(findTestObject("Page_Group10 Administration Users Permissions Assign system roles/a_Non-editing teacher")): Object: 'Object Repository/Page_Group10 Administration Users Permissions Assign system roles/a_Non-editing teacher' is clicked on

2022-01-15 22:09:02 - [MESSAGE][PASSED] - Object: 'Object Repository/Page_Group10 Administration Users Permissions Assign system roles/a_Non-editing teacher' is clicked on

2022-01-15 22:09:02 - [TEST_STEP][PASSED] - click(findTestObject("Page_Group10 Administration Users Permissions Assign system roles/option_Tran Lam (noneditingteacher1email.com)")): Object: 'Object Repository/Page_Group10 Administration Users Permissions Assign system roles/option_Tran Lam (noneditingteacher1email.com)' is clicked on

2022-01-15 22:09:02 - [MESSAGE][PASSED] - Object: 'Object Repository/Page_Group10 Administration Users Permissions Assign system roles/option_Tran Lam (noneditingteacher1email.com)' is clicked on

2022-01-15 22:09:02 - [TEST_STEP][PASSED] - click(findTestObject("Object Repository/Page_Group10 Administration Users Permissio_fb4295/input_Match the search text anywhere in the_89f7b5")): Object: 'Object Repository/Page_Group10 Administration Users Permissio_fb4295/input_Match the search text anywhere in the_89f7b5' is clicked on

2022-01-15 22:09:04 - [MESSAGE][PASSED] - Object: 'Object Repository/Page_Group10 Administration Users Permissio_fb4295/input_Match the search text anywhere in the_89f7b5' is clicked on

2022-01-15 22:09:04 - [TEST_STEP][PASSED] - click(findTestObject("Object Repository/Page_Group10 Administration Users Accounts _9567d5/span_AU")): Object: 'Object Repository/Page_Group10 Administration Users Accounts _9567d5/span_AU' is clicked on

2022-01-15 22:09:05 - [MESSAGE][PASSED] - Object: 'Object Repository/Page_Group10 Administration Users Accounts _9567d5/span_AU' is clicked on

2022-01-15 22:09:05 - [TEST_STEP][PASSED] - click(findTestObject("Object Repository/Page_Group10 Administration Users Accounts _9567d5/a_Log out")): Object: 'Object Repository/Page_Group10 Administration Users Accounts _9567d5/a_Log out' is clicked on

2022-01-15 22:09:06 - [MESSAGE][PASSED] - Object: 'Object Repository/Page_Group10 Administration Users Accounts _9567d5/a_Log out' is clicked on

2022-01-15 22:09:06 - [TEST_STEP][PASSED] - click(findTestObject("Object Repository/Page_Home page/span_Log in")): Object: 'Object Repository/Page_Home page/span_Log in' is clicked on

2022-01-15 22:09:07 - [MESSAGE][PASSED] - Object: 'Object Repository/Page_Home page/span_Log in' is clicked on

2022-01-15 22:09:07 - [TEST_STEP][PASSED] - setText(findTestObject("Object Repository/Page_Home page Log in to the site/input_Username_username"), "noneditingteacher1"): Text 'noneditingteacher1' is set on object 'Object Repository/Page_Home page Log in to the site/input_Username_username'

2022-01-15 22:09:08 - [MESSAGE][PASSED] - Text 'noneditingteacher1' is set on object 'Object Repository/Page_Home page Log in to the site/input_Username_username'

2022-01-15 22:09:08 - [TEST_STEP][PASSED] - setEncryptedText(findTestObject("Page_Home page Log in to the site/input_Password_password (1)"), "OFhcon1PzObx3ErJAwGfGA=="): Text ****** has been set on object 'Object Repository/Page_Home page Log in to the site/input_Password_password (1)'

2022-01-15 22:09:08 - [MESSAGE][PASSED] - Text ****** has been set on object 'Object Repository/Page_Home page Log in to the site/input_Password_password (1)'

2022-01-15 22:09:08 - [TEST_STEP][PASSED] - click(findTestObject("Object Repository/Page_Home page Log in to the site/button_Log in")): Object: 'Object Repository/Page_Home page Log in to the site/button_Log in' is clicked on

2022-01-15 22:09:10 - [MESSAGE][PASSED] - Object: 'Object Repository/Page_Home page Log in to the site/button_Log in' is clicked on

2022-01-15 22:09:10 - [TEST_STEP][PASSED] - click(findTestObject("Object Repository/Page_Dashboard/a_NV")): Object: 'Object Repository/Page_Dashboard/a_NV' is clicked on

2022-01-15 22:09:10 - [MESSAGE][PASSED] - Object: 'Object Repository/Page_Dashboard/a_NV' is clicked on

2022-01-15 22:09:10 - [TEST_STEP][PASSED] - click(findTestObject("Object Repository/Page_Dashboard/a_Log out")): Object: 'Object Repository/Page_Dashboard/a_Log out' is clicked on

2022-01-15 22:09:11 - [MESSAGE][PASSED] - Object: 'Object Repository/Page_Dashboard/a_Log out' is clicked on

2022-01-15 22:09:11 - [TEST_STEP][PASSED] - closeBrowser(): Browser is closed

2022-01-15 22:09:12 - [MESSAGE][PASSED] - Browser is closed]]></system-out>
         <system-err><![CDATA[]]></system-err>
      </testcase>
      <testcase name="Test Cases/Create Student" time="36.565" classname="Test Cases/Create Student" status="PASSED">
         <system-out><![CDATA[2022-01-15 22:09:13 - [TEST_CASE][PASSED] - Test Cases/Create Student: Test Cases/Create Student

2022-01-15 22:09:13 - [TEST_STEP][PASSED] - openBrowser(""): Browser is opened with url: ''

2022-01-15 22:09:13 - [MESSAGE][INFO] - Starting 'Edge Chromium' driver

2022-01-15 22:09:15 - [MESSAGE][INFO] - Action delay is set to 0 milliseconds

2022-01-15 22:09:16 - [MESSAGE][PASSED] - Browser is opened with url: ''

2022-01-15 22:09:16 - [TEST_STEP][PASSED] - navigateToUrl("http://localhost/"): Navigate to 'http://localhost/' successfully

2022-01-15 22:09:18 - [MESSAGE][PASSED] - Navigate to 'http://localhost/' successfully

2022-01-15 22:09:18 - [TEST_STEP][PASSED] - click(findTestObject("Object Repository/Page_Home page/a_Log in")): Object: 'Object Repository/Page_Home page/a_Log in' is clicked on

2022-01-15 22:09:19 - [MESSAGE][PASSED] - Object: 'Object Repository/Page_Home page/a_Log in' is clicked on

2022-01-15 22:09:19 - [TEST_STEP][PASSED] - setText(findTestObject("Object Repository/Page_Home page Log in to the site/input_Username_username"), "admin"): Text 'admin' is set on object 'Object Repository/Page_Home page Log in to the site/input_Username_username'

2022-01-15 22:09:20 - [MESSAGE][PASSED] - Text 'admin' is set on object 'Object Repository/Page_Home page Log in to the site/input_Username_username'

2022-01-15 22:09:20 - [TEST_STEP][PASSED] - setEncryptedText(findTestObject("Page_Home page Log in to the site/input_Password_password (1)"), "OFhcon1PzObx3ErJAwGfGA=="): Text ****** has been set on object 'Object Repository/Page_Home page Log in to the site/input_Password_password (1)'

2022-01-15 22:09:21 - [MESSAGE][PASSED] - Text ****** has been set on object 'Object Repository/Page_Home page Log in to the site/input_Password_password (1)'

2022-01-15 22:09:21 - [TEST_STEP][PASSED] - click(findTestObject("Object Repository/Page_Home page Log in to the site/button_Log in")): Object: 'Object Repository/Page_Home page Log in to the site/button_Log in' is clicked on

2022-01-15 22:09:23 - [MESSAGE][PASSED] - Object: 'Object Repository/Page_Home page Log in to the site/button_Log in' is clicked on

2022-01-15 22:09:23 - [TEST_STEP][PASSED] - click(findTestObject("Object Repository/Page_Dashboard/a_Site administration")): Object: 'Object Repository/Page_Dashboard/a_Site administration' is clicked on

2022-01-15 22:09:25 - [MESSAGE][PASSED] - Object: 'Object Repository/Page_Dashboard/a_Site administration' is clicked on

2022-01-15 22:09:25 - [TEST_STEP][PASSED] - scrollToPosition(0, 0): Browser is scrolled to position x = 0, y = 0

2022-01-15 22:09:25 - [MESSAGE][PASSED] - Browser is scrolled to position x = 0, y = 0

2022-01-15 22:09:25 - [TEST_STEP][PASSED] - click(findTestObject("Object Repository/Page_Group10 Administration Search/a_Users")): Object: 'Object Repository/Page_Group10 Administration Search/a_Users' is clicked on

2022-01-15 22:09:26 - [MESSAGE][PASSED] - Object: 'Object Repository/Page_Group10 Administration Search/a_Users' is clicked on

2022-01-15 22:09:26 - [TEST_STEP][PASSED] - click(findTestObject("Object Repository/Page_Group10 Administration Search/a_Add a new user")): Object: 'Object Repository/Page_Group10 Administration Search/a_Add a new user' is clicked on

2022-01-15 22:09:27 - [MESSAGE][PASSED] - Object: 'Object Repository/Page_Group10 Administration Search/a_Add a new user' is clicked on

2022-01-15 22:09:27 - [TEST_STEP][PASSED] - setText(findTestObject("Object Repository/Page_Group10 Administration Users Accounts _5007a8/input_Username_username"), "student1"): Text 'student1' is set on object 'Object Repository/Page_Group10 Administration Users Accounts _5007a8/input_Username_username'

2022-01-15 22:09:28 - [MESSAGE][PASSED] - Text 'student1' is set on object 'Object Repository/Page_Group10 Administration Users Accounts _5007a8/input_Username_username'

2022-01-15 22:09:28 - [TEST_STEP][PASSED] - click(findTestObject("Object Repository/Page_Group10 Administration Users Accounts _5007a8/em_Click to enter text")): Object: 'Object Repository/Page_Group10 Administration Users Accounts _5007a8/em_Click to enter text' is clicked on

2022-01-15 22:09:29 - [MESSAGE][PASSED] - Object: 'Object Repository/Page_Group10 Administration Users Accounts _5007a8/em_Click to enter text' is clicked on

2022-01-15 22:09:29 - [TEST_STEP][PASSED] - setEncryptedText(findTestObject("Object Repository/Page_Group10 Administration Users Accounts _5007a8/input_New password_newpassword"), "9ExR24d8uBTe5Y0Xu9Ji6w=="): Text ****** has been set on object 'Object Repository/Page_Group10 Administration Users Accounts _5007a8/input_New password_newpassword'

2022-01-15 22:09:30 - [MESSAGE][PASSED] - Text ****** has been set on object 'Object Repository/Page_Group10 Administration Users Accounts _5007a8/input_New password_newpassword'

2022-01-15 22:09:30 - [TEST_STEP][PASSED] - click(findTestObject("Object Repository/Page_Group10 Administration Users Accounts _5007a8/i_Click to enter text_icon fa fa-eye fa-fw")): Object: 'Object Repository/Page_Group10 Administration Users Accounts _5007a8/i_Click to enter text_icon fa fa-eye fa-fw' is clicked on

2022-01-15 22:09:30 - [MESSAGE][PASSED] - Object: 'Object Repository/Page_Group10 Administration Users Accounts _5007a8/i_Click to enter text_icon fa fa-eye fa-fw' is clicked on

2022-01-15 22:09:30 - [TEST_STEP][PASSED] - setText(findTestObject("Object Repository/Page_Group10 Administration Users Accounts _5007a8/input_First name_firstname"), "Nguyen"): Text 'Nguyen' is set on object 'Object Repository/Page_Group10 Administration Users Accounts _5007a8/input_First name_firstname'

2022-01-15 22:09:31 - [MESSAGE][PASSED] - Text 'Nguyen' is set on object 'Object Repository/Page_Group10 Administration Users Accounts _5007a8/input_First name_firstname'

2022-01-15 22:09:31 - [TEST_STEP][PASSED] - setText(findTestObject("Object Repository/Page_Group10 Administration Users Accounts _5007a8/input_Surname_lastname"), "Hoa"): Text 'Hoa' is set on object 'Object Repository/Page_Group10 Administration Users Accounts _5007a8/input_Surname_lastname'

2022-01-15 22:09:32 - [MESSAGE][PASSED] - Text 'Hoa' is set on object 'Object Repository/Page_Group10 Administration Users Accounts _5007a8/input_Surname_lastname'

2022-01-15 22:09:32 - [TEST_STEP][PASSED] - setText(findTestObject("Object Repository/Page_Group10 Administration Users Accounts _5007a8/input_Email address_email"), "student1@email.com"): Text 'student1@email.com' is set on object 'Object Repository/Page_Group10 Administration Users Accounts _5007a8/input_Email address_email'

2022-01-15 22:09:33 - [MESSAGE][PASSED] - Text 'student1@email.com' is set on object 'Object Repository/Page_Group10 Administration Users Accounts _5007a8/input_Email address_email'

2022-01-15 22:09:33 - [TEST_STEP][PASSED] - click(findTestObject("Object Repository/Page_Group10 Administration Users Accounts _5007a8/input_Address_submitbutton")): Object: 'Object Repository/Page_Group10 Administration Users Accounts _5007a8/input_Address_submitbutton' is clicked on

2022-01-15 22:09:35 - [MESSAGE][PASSED] - Object: 'Object Repository/Page_Group10 Administration Users Accounts _5007a8/input_Address_submitbutton' is clicked on

2022-01-15 22:09:35 - [TEST_STEP][PASSED] - click(findTestObject("Object Repository/Page_Group10 Administration Users Accounts _9567d5/span_AU")): Object: 'Object Repository/Page_Group10 Administration Users Accounts _9567d5/span_AU' is clicked on

2022-01-15 22:09:35 - [MESSAGE][PASSED] - Object: 'Object Repository/Page_Group10 Administration Users Accounts _9567d5/span_AU' is clicked on

2022-01-15 22:09:35 - [TEST_STEP][PASSED] - click(findTestObject("Object Repository/Page_Group10 Administration Users Permissio_4e74a7/a_Site administration")): Object: 'Object Repository/Page_Group10 Administration Users Permissio_4e74a7/a_Site administration' is clicked on

2022-01-15 22:09:37 - [MESSAGE][PASSED] - Object: 'Object Repository/Page_Group10 Administration Users Permissio_4e74a7/a_Site administration' is clicked on

2022-01-15 22:09:37 - [TEST_STEP][PASSED] - scrollToPosition(0, 0): Browser is scrolled to position x = 0, y = 0

2022-01-15 22:09:37 - [MESSAGE][PASSED] - Browser is scrolled to position x = 0, y = 0

2022-01-15 22:09:37 - [TEST_STEP][PASSED] - click(findTestObject("Object Repository/Page_Group10 Administration Search/a_Users")): Object: 'Object Repository/Page_Group10 Administration Search/a_Users' is clicked on

2022-01-15 22:09:38 - [MESSAGE][PASSED] - Object: 'Object Repository/Page_Group10 Administration Search/a_Users' is clicked on

2022-01-15 22:09:38 - [TEST_STEP][PASSED] - click(findTestObject("Object Repository/Page_Group10 Administration Search/a_Assign system roles")): Object: 'Object Repository/Page_Group10 Administration Search/a_Assign system roles' is clicked on

2022-01-15 22:09:39 - [MESSAGE][PASSED] - Object: 'Object Repository/Page_Group10 Administration Search/a_Assign system roles' is clicked on

2022-01-15 22:09:39 - [TEST_STEP][PASSED] - click(findTestObject("Page_Group10 Administration Users Permissions Assign system roles/a_Student")): Object: 'Object Repository/Page_Group10 Administration Users Permissions Assign system roles/a_Student' is clicked on

2022-01-15 22:09:40 - [MESSAGE][PASSED] - Object: 'Object Repository/Page_Group10 Administration Users Permissions Assign system roles/a_Student' is clicked on

2022-01-15 22:09:40 - [TEST_STEP][PASSED] - click(findTestObject("Page_Group10 Administration Users Permissions Assign system roles/option_Nguyen Hoa (student1email.com)")): Object: 'Object Repository/Page_Group10 Administration Users Permissions Assign system roles/option_Nguyen Hoa (student1email.com)' is clicked on

2022-01-15 22:09:40 - [MESSAGE][PASSED] - Object: 'Object Repository/Page_Group10 Administration Users Permissions Assign system roles/option_Nguyen Hoa (student1email.com)' is clicked on

2022-01-15 22:09:40 - [TEST_STEP][PASSED] - click(findTestObject("Object Repository/Page_Group10 Administration Users Permissio_fb4295/input_Match the search text anywhere in the_89f7b5")): Object: 'Object Repository/Page_Group10 Administration Users Permissio_fb4295/input_Match the search text anywhere in the_89f7b5' is clicked on

2022-01-15 22:09:42 - [MESSAGE][PASSED] - Object: 'Object Repository/Page_Group10 Administration Users Permissio_fb4295/input_Match the search text anywhere in the_89f7b5' is clicked on

2022-01-15 22:09:42 - [TEST_STEP][PASSED] - click(findTestObject("Object Repository/Page_Group10 Administration Users Accounts _9567d5/span_AU")): Object: 'Object Repository/Page_Group10 Administration Users Accounts _9567d5/span_AU' is clicked on

2022-01-15 22:09:42 - [MESSAGE][PASSED] - Object: 'Object Repository/Page_Group10 Administration Users Accounts _9567d5/span_AU' is clicked on

2022-01-15 22:09:42 - [TEST_STEP][PASSED] - click(findTestObject("Object Repository/Page_Group10 Administration Users Accounts _9567d5/a_Log out")): Object: 'Object Repository/Page_Group10 Administration Users Accounts _9567d5/a_Log out' is clicked on

2022-01-15 22:09:43 - [MESSAGE][PASSED] - Object: 'Object Repository/Page_Group10 Administration Users Accounts _9567d5/a_Log out' is clicked on

2022-01-15 22:09:43 - [TEST_STEP][PASSED] - click(findTestObject("Object Repository/Page_Home page/span_Log in")): Object: 'Object Repository/Page_Home page/span_Log in' is clicked on

2022-01-15 22:09:44 - [MESSAGE][PASSED] - Object: 'Object Repository/Page_Home page/span_Log in' is clicked on

2022-01-15 22:09:44 - [TEST_STEP][PASSED] - setText(findTestObject("Object Repository/Page_Home page Log in to the site/input_Username_username"), "student1"): Text 'student1' is set on object 'Object Repository/Page_Home page Log in to the site/input_Username_username'

2022-01-15 22:09:45 - [MESSAGE][PASSED] - Text 'student1' is set on object 'Object Repository/Page_Home page Log in to the site/input_Username_username'

2022-01-15 22:09:45 - [TEST_STEP][PASSED] - setEncryptedText(findTestObject("Page_Home page Log in to the site/input_Password_password (1)"), "9ExR24d8uBTe5Y0Xu9Ji6w=="): Text ****** has been set on object 'Object Repository/Page_Home page Log in to the site/input_Password_password (1)'

2022-01-15 22:09:45 - [MESSAGE][PASSED] - Text ****** has been set on object 'Object Repository/Page_Home page Log in to the site/input_Password_password (1)'

2022-01-15 22:09:45 - [TEST_STEP][PASSED] - click(findTestObject("Object Repository/Page_Home page Log in to the site/button_Log in")): Object: 'Object Repository/Page_Home page Log in to the site/button_Log in' is clicked on

2022-01-15 22:09:47 - [MESSAGE][PASSED] - Object: 'Object Repository/Page_Home page Log in to the site/button_Log in' is clicked on

2022-01-15 22:09:47 - [TEST_STEP][PASSED] - click(findTestObject("Object Repository/Page_Dashboard/a_NV")): Object: 'Object Repository/Page_Dashboard/a_NV' is clicked on

2022-01-15 22:09:47 - [MESSAGE][PASSED] - Object: 'Object Repository/Page_Dashboard/a_NV' is clicked on

2022-01-15 22:09:47 - [TEST_STEP][PASSED] - click(findTestObject("Object Repository/Page_Dashboard/a_Log out")): Object: 'Object Repository/Page_Dashboard/a_Log out' is clicked on

2022-01-15 22:09:48 - [MESSAGE][PASSED] - Object: 'Object Repository/Page_Dashboard/a_Log out' is clicked on

2022-01-15 22:09:48 - [TEST_STEP][PASSED] - closeBrowser(): Browser is closed

2022-01-15 22:09:49 - [MESSAGE][PASSED] - Browser is closed]]></system-out>
         <system-err><![CDATA[]]></system-err>
      </testcase>
      <testcase name="Test Cases/Create student by upload file" time="26.806" classname="Test Cases/Create student by upload file" status="PASSED">
         <system-out><![CDATA[2022-01-15 22:09:49 - [TEST_CASE][PASSED] - Test Cases/Create student by upload file: Test Cases/Create student by upload file

2022-01-15 22:09:49 - [TEST_STEP][PASSED] - openBrowser(""): Browser is opened with url: ''

2022-01-15 22:09:49 - [MESSAGE][INFO] - Starting 'Edge Chromium' driver

2022-01-15 22:09:52 - [MESSAGE][INFO] - Action delay is set to 0 milliseconds

2022-01-15 22:09:52 - [MESSAGE][PASSED] - Browser is opened with url: ''

2022-01-15 22:09:52 - [TEST_STEP][PASSED] - navigateToUrl("http://localhost/"): Navigate to 'http://localhost/' successfully

2022-01-15 22:09:53 - [MESSAGE][PASSED] - Navigate to 'http://localhost/' successfully

2022-01-15 22:09:53 - [TEST_STEP][PASSED] - click(findTestObject("Object Repository/Page_Home page/a_Log in")): Object: 'Object Repository/Page_Home page/a_Log in' is clicked on

2022-01-15 22:09:55 - [MESSAGE][PASSED] - Object: 'Object Repository/Page_Home page/a_Log in' is clicked on

2022-01-15 22:09:55 - [TEST_STEP][PASSED] - setText(findTestObject("Object Repository/Page_Home page Log in to the site/input_Username_username"), "admin"): Text 'admin' is set on object 'Object Repository/Page_Home page Log in to the site/input_Username_username'

2022-01-15 22:09:55 - [MESSAGE][PASSED] - Text 'admin' is set on object 'Object Repository/Page_Home page Log in to the site/input_Username_username'

2022-01-15 22:09:55 - [TEST_STEP][PASSED] - setEncryptedText(findTestObject("Page_Home page Log in to the site/input_Password_password (1)"), "OFhcon1PzObx3ErJAwGfGA=="): Text ****** has been set on object 'Object Repository/Page_Home page Log in to the site/input_Password_password (1)'

2022-01-15 22:09:56 - [MESSAGE][PASSED] - Text ****** has been set on object 'Object Repository/Page_Home page Log in to the site/input_Password_password (1)'

2022-01-15 22:09:56 - [TEST_STEP][PASSED] - click(findTestObject("Object Repository/Page_Home page Log in to the site/button_Log in")): Object: 'Object Repository/Page_Home page Log in to the site/button_Log in' is clicked on

2022-01-15 22:09:58 - [MESSAGE][PASSED] - Object: 'Object Repository/Page_Home page Log in to the site/button_Log in' is clicked on

2022-01-15 22:09:58 - [TEST_STEP][PASSED] - click(findTestObject("Object Repository/Page_Dashboard/a_Site administration")): Object: 'Object Repository/Page_Dashboard/a_Site administration' is clicked on

2022-01-15 22:10:00 - [MESSAGE][PASSED] - Object: 'Object Repository/Page_Dashboard/a_Site administration' is clicked on

2022-01-15 22:10:00 - [TEST_STEP][PASSED] - click(findTestObject("Object Repository/Page_Group10 Administration Search/a_Users")): Object: 'Object Repository/Page_Group10 Administration Search/a_Users' is clicked on

2022-01-15 22:10:00 - [MESSAGE][PASSED] - Object: 'Object Repository/Page_Group10 Administration Search/a_Users' is clicked on

2022-01-15 22:10:00 - [TEST_STEP][PASSED] - click(findTestObject("Object Repository/Page_Group10 Administration Search/a_Upload users")): Object: 'Object Repository/Page_Group10 Administration Search/a_Upload users' is clicked on

2022-01-15 22:10:02 - [MESSAGE][PASSED] - Object: 'Object Repository/Page_Group10 Administration Search/a_Upload users' is clicked on

2022-01-15 22:10:02 - [TEST_STEP][PASSED] - click(findTestObject("Object Repository/Page_Group10 Administration Users Accounts _c9beb9/input_File_userfilechoose")): Object: 'Object Repository/Page_Group10 Administration Users Accounts _c9beb9/input_File_userfilechoose' is clicked on

2022-01-15 22:10:03 - [MESSAGE][PASSED] - Object: 'Object Repository/Page_Group10 Administration Users Accounts _c9beb9/input_File_userfilechoose' is clicked on

2022-01-15 22:10:03 - [TEST_STEP][PASSED] - uploadFile(findTestObject("Object Repository/Page_Group10 Administration Users Accounts _c9beb9/input_Attachment_repo_upload_file"), "D:\TestAutomation-SEBonus-Group10\student.csv"): File 'D:\TestAutomation-SEBonus-Group10\student.csv' sent to object: 'Object Repository/Page_Group10 Administration Users Accounts _c9beb9/input_Attachment_repo_upload_file'

2022-01-15 22:10:03 - [MESSAGE][PASSED] - File 'D:\TestAutomation-SEBonus-Group10\student.csv' sent to object: 'Object Repository/Page_Group10 Administration Users Accounts _c9beb9/input_Attachment_repo_upload_file'

2022-01-15 22:10:03 - [TEST_STEP][PASSED] - click(findTestObject("Object Repository/Page_Group10 Administration Users Accounts _c9beb9/button_Upload this file")): Object: 'Object Repository/Page_Group10 Administration Users Accounts _c9beb9/button_Upload this file' is clicked on

2022-01-15 22:10:04 - [MESSAGE][PASSED] - Object: 'Object Repository/Page_Group10 Administration Users Accounts _c9beb9/button_Upload this file' is clicked on

2022-01-15 22:10:04 - [TEST_STEP][PASSED] - click(findTestObject("Object Repository/Page_Group10 Administration Users Accounts _c9beb9/input_Preview rows_submitbutton")): Object: 'Object Repository/Page_Group10 Administration Users Accounts _c9beb9/input_Preview rows_submitbutton' is clicked on

2022-01-15 22:10:06 - [MESSAGE][PASSED] - Object: 'Object Repository/Page_Group10 Administration Users Accounts _c9beb9/input_Preview rows_submitbutton' is clicked on

2022-01-15 22:10:06 - [TEST_STEP][PASSED] - click(findTestObject("Page_Group10 Administration Users Accounts Upload users/input_Department_submitbutton")): Object: 'Object Repository/Page_Group10 Administration Users Accounts Upload users/input_Department_submitbutton' is clicked on

2022-01-15 22:10:07 - [MESSAGE][PASSED] - Object: 'Object Repository/Page_Group10 Administration Users Accounts Upload users/input_Department_submitbutton' is clicked on

2022-01-15 22:10:07 - [TEST_STEP][PASSED] - click(findTestObject("Object Repository/Page_Group10 Administration Users Accounts _c9beb9/a_Site administration")): Object: 'Object Repository/Page_Group10 Administration Users Accounts _c9beb9/a_Site administration' is clicked on

2022-01-15 22:10:09 - [MESSAGE][PASSED] - Object: 'Object Repository/Page_Group10 Administration Users Accounts _c9beb9/a_Site administration' is clicked on

2022-01-15 22:10:09 - [TEST_STEP][PASSED] - click(findTestObject("Object Repository/Page_Group10 Administration Search/a_Users")): Object: 'Object Repository/Page_Group10 Administration Search/a_Users' is clicked on

2022-01-15 22:10:09 - [MESSAGE][PASSED] - Object: 'Object Repository/Page_Group10 Administration Search/a_Users' is clicked on

2022-01-15 22:10:09 - [TEST_STEP][PASSED] - click(findTestObject("Object Repository/Page_Group10 Administration Search/a_Assign system roles")): Object: 'Object Repository/Page_Group10 Administration Search/a_Assign system roles' is clicked on

2022-01-15 22:10:10 - [MESSAGE][PASSED] - Object: 'Object Repository/Page_Group10 Administration Search/a_Assign system roles' is clicked on

2022-01-15 22:10:10 - [TEST_STEP][PASSED] - click(findTestObject("Object Repository/Page_Group10 Administration Users Permissio_fb4295/a_Student_1")): Object: 'Object Repository/Page_Group10 Administration Users Permissio_fb4295/a_Student_1' is clicked on

2022-01-15 22:10:11 - [MESSAGE][PASSED] - Object: 'Object Repository/Page_Group10 Administration Users Permissio_fb4295/a_Student_1' is clicked on

2022-01-15 22:10:11 - [TEST_STEP][PASSED] - click(findTestObject("Page_Group10 Administration Users Permissions Assign system roles/option_Le Minh Si (19127064student.hcmus.edu.vn)")): Object: 'Object Repository/Page_Group10 Administration Users Permissions Assign system roles/option_Le Minh Si (19127064student.hcmus.edu.vn)' is clicked on

2022-01-15 22:10:12 - [MESSAGE][PASSED] - Object: 'Object Repository/Page_Group10 Administration Users Permissions Assign system roles/option_Le Minh Si (19127064student.hcmus.edu.vn)' is clicked on

2022-01-15 22:10:12 - [TEST_STEP][PASSED] - click(findTestObject("Page_Group10 Administration Users Permissions Assign system roles/option_Nguyen Kim Thi To Nga (19127219student.hcmus.edu.vn)")): Object: 'Object Repository/Page_Group10 Administration Users Permissions Assign system roles/option_Nguyen Kim Thi To Nga (19127219student.hcmus.edu.vn)' is clicked on

2022-01-15 22:10:12 - [MESSAGE][PASSED] - Object: 'Object Repository/Page_Group10 Administration Users Permissions Assign system roles/option_Nguyen Kim Thi To Nga (19127219student.hcmus.edu.vn)' is clicked on

2022-01-15 22:10:12 - [TEST_STEP][PASSED] - click(findTestObject("Page_Group10 Administration Users Permissions Assign system roles/option_Nguyen Phuong Vy (19127088student.hcmus.edu.vn)")): Object: 'Object Repository/Page_Group10 Administration Users Permissions Assign system roles/option_Nguyen Phuong Vy (19127088student.hcmus.edu.vn)' is clicked on

2022-01-15 22:10:13 - [MESSAGE][PASSED] - Object: 'Object Repository/Page_Group10 Administration Users Permissions Assign system roles/option_Nguyen Phuong Vy (19127088student.hcmus.edu.vn)' is clicked on

2022-01-15 22:10:13 - [TEST_STEP][PASSED] - click(findTestObject("Page_Group10 Administration Users Permissions Assign system roles/option_Tran Ngoc Lam (19127040student.hcmus.edu.vn)")): Object: 'Object Repository/Page_Group10 Administration Users Permissions Assign system roles/option_Tran Ngoc Lam (19127040student.hcmus.edu.vn)' is clicked on

2022-01-15 22:10:13 - [MESSAGE][PASSED] - Object: 'Object Repository/Page_Group10 Administration Users Permissions Assign system roles/option_Tran Ngoc Lam (19127040student.hcmus.edu.vn)' is clicked on

2022-01-15 22:10:13 - [TEST_STEP][PASSED] - click(findTestObject("Object Repository/Page_Group10 Administration Users Permissio_fb4295/input_Match the search text anywhere in the_89f7b5_1")): Object: 'Object Repository/Page_Group10 Administration Users Permissio_fb4295/input_Match the search text anywhere in the_89f7b5_1' is clicked on

2022-01-15 22:10:15 - [MESSAGE][PASSED] - Object: 'Object Repository/Page_Group10 Administration Users Permissio_fb4295/input_Match the search text anywhere in the_89f7b5_1' is clicked on

2022-01-15 22:10:15 - [TEST_STEP][PASSED] - closeBrowser(): Browser is closed

2022-01-15 22:10:16 - [MESSAGE][PASSED] - Browser is closed]]></system-out>
         <system-err><![CDATA[]]></system-err>
      </testcase>
      <testcase name="Test Cases/Create teacher by upload file" time="28.606" classname="Test Cases/Create teacher by upload file" status="PASSED">
         <system-out><![CDATA[2022-01-15 22:10:16 - [TEST_CASE][PASSED] - Test Cases/Create teacher by upload file: Test Cases/Create teacher by upload file

2022-01-15 22:10:16 - [TEST_STEP][PASSED] - openBrowser(""): Browser is opened with url: ''

2022-01-15 22:10:16 - [MESSAGE][INFO] - Starting 'Edge Chromium' driver

2022-01-15 22:10:18 - [MESSAGE][INFO] - Action delay is set to 0 milliseconds

2022-01-15 22:10:19 - [MESSAGE][PASSED] - Browser is opened with url: ''

2022-01-15 22:10:19 - [TEST_STEP][PASSED] - navigateToUrl("http://localhost/"): Navigate to 'http://localhost/' successfully

2022-01-15 22:10:20 - [MESSAGE][PASSED] - Navigate to 'http://localhost/' successfully

2022-01-15 22:10:20 - [TEST_STEP][PASSED] - click(findTestObject("Object Repository/Page_Home page/a_Log in")): Object: 'Object Repository/Page_Home page/a_Log in' is clicked on

2022-01-15 22:10:21 - [MESSAGE][PASSED] - Object: 'Object Repository/Page_Home page/a_Log in' is clicked on

2022-01-15 22:10:21 - [TEST_STEP][PASSED] - setText(findTestObject("Object Repository/Page_Home page Log in to the site/input_Username_username"), "admin"): Text 'admin' is set on object 'Object Repository/Page_Home page Log in to the site/input_Username_username'

2022-01-15 22:10:22 - [MESSAGE][PASSED] - Text 'admin' is set on object 'Object Repository/Page_Home page Log in to the site/input_Username_username'

2022-01-15 22:10:22 - [TEST_STEP][PASSED] - setEncryptedText(findTestObject("Page_Home page Log in to the site/input_Password_password (1)"), "OFhcon1PzObx3ErJAwGfGA=="): Text ****** has been set on object 'Object Repository/Page_Home page Log in to the site/input_Password_password (1)'

2022-01-15 22:10:23 - [MESSAGE][PASSED] - Text ****** has been set on object 'Object Repository/Page_Home page Log in to the site/input_Password_password (1)'

2022-01-15 22:10:23 - [TEST_STEP][PASSED] - click(findTestObject("Object Repository/Page_Home page Log in to the site/button_Log in")): Object: 'Object Repository/Page_Home page Log in to the site/button_Log in' is clicked on

2022-01-15 22:10:25 - [MESSAGE][PASSED] - Object: 'Object Repository/Page_Home page Log in to the site/button_Log in' is clicked on

2022-01-15 22:10:25 - [TEST_STEP][PASSED] - click(findTestObject("Object Repository/Page_Dashboard/a_Site administration")): Object: 'Object Repository/Page_Dashboard/a_Site administration' is clicked on

2022-01-15 22:10:27 - [MESSAGE][PASSED] - Object: 'Object Repository/Page_Dashboard/a_Site administration' is clicked on

2022-01-15 22:10:27 - [TEST_STEP][PASSED] - click(findTestObject("Object Repository/Page_Group10 Administration Search/a_Users")): Object: 'Object Repository/Page_Group10 Administration Search/a_Users' is clicked on

2022-01-15 22:10:28 - [MESSAGE][PASSED] - Object: 'Object Repository/Page_Group10 Administration Search/a_Users' is clicked on

2022-01-15 22:10:28 - [TEST_STEP][PASSED] - click(findTestObject("Object Repository/Page_Group10 Administration Search/a_Upload users")): Object: 'Object Repository/Page_Group10 Administration Search/a_Upload users' is clicked on

2022-01-15 22:10:29 - [MESSAGE][PASSED] - Object: 'Object Repository/Page_Group10 Administration Search/a_Upload users' is clicked on

2022-01-15 22:10:29 - [TEST_STEP][PASSED] - click(findTestObject("Object Repository/Page_Group10 Administration Users Accounts _c9beb9/input_File_userfilechoose")): Object: 'Object Repository/Page_Group10 Administration Users Accounts _c9beb9/input_File_userfilechoose' is clicked on

2022-01-15 22:10:30 - [MESSAGE][PASSED] - Object: 'Object Repository/Page_Group10 Administration Users Accounts _c9beb9/input_File_userfilechoose' is clicked on

2022-01-15 22:10:30 - [TEST_STEP][PASSED] - uploadFile(findTestObject("Object Repository/Page_Group10 Administration Users Accounts _c9beb9/input_Attachment_repo_upload_file"), "D:\TestAutomation-SEBonus-Group10\teacher.csv"): File 'D:\TestAutomation-SEBonus-Group10\teacher.csv' sent to object: 'Object Repository/Page_Group10 Administration Users Accounts _c9beb9/input_Attachment_repo_upload_file'

2022-01-15 22:10:30 - [MESSAGE][PASSED] - File 'D:\TestAutomation-SEBonus-Group10\teacher.csv' sent to object: 'Object Repository/Page_Group10 Administration Users Accounts _c9beb9/input_Attachment_repo_upload_file'

2022-01-15 22:10:30 - [TEST_STEP][PASSED] - click(findTestObject("Object Repository/Page_Group10 Administration Users Accounts _c9beb9/button_Upload this file")): Object: 'Object Repository/Page_Group10 Administration Users Accounts _c9beb9/button_Upload this file' is clicked on

2022-01-15 22:10:31 - [MESSAGE][PASSED] - Object: 'Object Repository/Page_Group10 Administration Users Accounts _c9beb9/button_Upload this file' is clicked on

2022-01-15 22:10:31 - [TEST_STEP][PASSED] - click(findTestObject("Object Repository/Page_Group10 Administration Users Accounts _c9beb9/input_Preview rows_submitbutton")): Object: 'Object Repository/Page_Group10 Administration Users Accounts _c9beb9/input_Preview rows_submitbutton' is clicked on

2022-01-15 22:10:33 - [MESSAGE][PASSED] - Object: 'Object Repository/Page_Group10 Administration Users Accounts _c9beb9/input_Preview rows_submitbutton' is clicked on

2022-01-15 22:10:33 - [TEST_STEP][PASSED] - click(findTestObject("Page_Group10 Administration Users Accounts Upload users/input_Department_submitbutton")): Object: 'Object Repository/Page_Group10 Administration Users Accounts Upload users/input_Department_submitbutton' is clicked on

2022-01-15 22:10:34 - [MESSAGE][PASSED] - Object: 'Object Repository/Page_Group10 Administration Users Accounts Upload users/input_Department_submitbutton' is clicked on

2022-01-15 22:10:34 - [TEST_STEP][PASSED] - click(findTestObject("Object Repository/Page_Group10 Administration Users Accounts _c9beb9/a_Site administration")): Object: 'Object Repository/Page_Group10 Administration Users Accounts _c9beb9/a_Site administration' is clicked on

2022-01-15 22:10:36 - [MESSAGE][PASSED] - Object: 'Object Repository/Page_Group10 Administration Users Accounts _c9beb9/a_Site administration' is clicked on

2022-01-15 22:10:36 - [TEST_STEP][PASSED] - click(findTestObject("Object Repository/Page_Group10 Administration Search/a_Users")): Object: 'Object Repository/Page_Group10 Administration Search/a_Users' is clicked on

2022-01-15 22:10:37 - [MESSAGE][PASSED] - Object: 'Object Repository/Page_Group10 Administration Search/a_Users' is clicked on

2022-01-15 22:10:37 - [TEST_STEP][PASSED] - click(findTestObject("Object Repository/Page_Group10 Administration Search/a_Assign system roles")): Object: 'Object Repository/Page_Group10 Administration Search/a_Assign system roles' is clicked on

2022-01-15 22:10:38 - [MESSAGE][PASSED] - Object: 'Object Repository/Page_Group10 Administration Search/a_Assign system roles' is clicked on

2022-01-15 22:10:38 - [TEST_STEP][PASSED] - click(findTestObject("Object Repository/Page_Group10 Administration Users Permissio_fb4295/a_Teacher")): Object: 'Object Repository/Page_Group10 Administration Users Permissio_fb4295/a_Teacher' is clicked on

2022-01-15 22:10:40 - [MESSAGE][PASSED] - Object: 'Object Repository/Page_Group10 Administration Users Permissio_fb4295/a_Teacher' is clicked on

2022-01-15 22:10:40 - [TEST_STEP][PASSED] - click(findTestObject("Page_Group10 Administration Users Permissions Assign system roles/option_Ho Thi Hoang Vy (hthvfit.us.edu.vn)")): Object: 'Object Repository/Page_Group10 Administration Users Permissions Assign system roles/option_Ho Thi Hoang Vy (hthvfit.us.edu.vn)' is clicked on

2022-01-15 22:10:40 - [MESSAGE][PASSED] - Object: 'Object Repository/Page_Group10 Administration Users Permissions Assign system roles/option_Ho Thi Hoang Vy (hthvfit.us.edu.vn)' is clicked on

2022-01-15 22:10:40 - [TEST_STEP][PASSED] - click(findTestObject("Page_Group10 Administration Users Permissions Assign system roles/option_Luong Vi Minh (lvmfit.us.edu.vn)")): Object: 'Object Repository/Page_Group10 Administration Users Permissions Assign system roles/option_Luong Vi Minh (lvmfit.us.edu.vn)' is clicked on

2022-01-15 22:10:41 - [MESSAGE][PASSED] - Object: 'Object Repository/Page_Group10 Administration Users Permissions Assign system roles/option_Luong Vi Minh (lvmfit.us.edu.vn)' is clicked on

2022-01-15 22:10:41 - [TEST_STEP][PASSED] - click(findTestObject("Page_Group10 Administration Users Permissions Assign system roles/option_Nguyen Le Hoang Dung (nlhdfit.us.edu.vn)")): Object: 'Object Repository/Page_Group10 Administration Users Permissions Assign system roles/option_Nguyen Le Hoang Dung (nlhdfit.us.edu.vn)' is clicked on

2022-01-15 22:10:41 - [MESSAGE][PASSED] - Object: 'Object Repository/Page_Group10 Administration Users Permissions Assign system roles/option_Nguyen Le Hoang Dung (nlhdfit.us.edu.vn)' is clicked on

2022-01-15 22:10:41 - [TEST_STEP][PASSED] - click(findTestObject("Page_Group10 Administration Users Permissions Assign system roles/option_Pham Thi Bach Hue (ptbhfit.us.edu.vn)")): Object: 'Object Repository/Page_Group10 Administration Users Permissions Assign system roles/option_Pham Thi Bach Hue (ptbhfit.us.edu.vn)' is clicked on

2022-01-15 22:10:42 - [MESSAGE][PASSED] - Object: 'Object Repository/Page_Group10 Administration Users Permissions Assign system roles/option_Pham Thi Bach Hue (ptbhfit.us.edu.vn)' is clicked on

2022-01-15 22:10:42 - [TEST_STEP][PASSED] - click(findTestObject("Object Repository/Page_Group10 Administration Users Permissio_fb4295/input_Match the search text anywhere in the_89f7b5_1")): Object: 'Object Repository/Page_Group10 Administration Users Permissio_fb4295/input_Match the search text anywhere in the_89f7b5_1' is clicked on

2022-01-15 22:10:44 - [MESSAGE][PASSED] - Object: 'Object Repository/Page_Group10 Administration Users Permissio_fb4295/input_Match the search text anywhere in the_89f7b5_1' is clicked on

2022-01-15 22:10:44 - [TEST_STEP][PASSED] - closeBrowser(): Browser is closed

2022-01-15 22:10:44 - [MESSAGE][PASSED] - Browser is closed]]></system-out>
         <system-err><![CDATA[]]></system-err>
      </testcase>
      <testcase name="Test Cases/Create manager by upload file" time="29.154" classname="Test Cases/Create manager by upload file" status="PASSED">
         <system-out><![CDATA[2022-01-15 22:10:44 - [TEST_CASE][PASSED] - Test Cases/Create manager by upload file: Test Cases/Create manager by upload file

2022-01-15 22:10:45 - [TEST_STEP][PASSED] - openBrowser(""): Browser is opened with url: ''

2022-01-15 22:10:45 - [MESSAGE][INFO] - Starting 'Edge Chromium' driver

2022-01-15 22:10:47 - [MESSAGE][INFO] - Action delay is set to 0 milliseconds

2022-01-15 22:10:48 - [MESSAGE][PASSED] - Browser is opened with url: ''

2022-01-15 22:10:48 - [TEST_STEP][PASSED] - navigateToUrl("http://localhost/"): Navigate to 'http://localhost/' successfully

2022-01-15 22:10:49 - [MESSAGE][PASSED] - Navigate to 'http://localhost/' successfully

2022-01-15 22:10:49 - [TEST_STEP][PASSED] - click(findTestObject("Object Repository/Page_Home page/a_Log in")): Object: 'Object Repository/Page_Home page/a_Log in' is clicked on

2022-01-15 22:10:50 - [MESSAGE][PASSED] - Object: 'Object Repository/Page_Home page/a_Log in' is clicked on

2022-01-15 22:10:50 - [TEST_STEP][PASSED] - setText(findTestObject("Object Repository/Page_Home page Log in to the site/input_Username_username"), "admin"): Text 'admin' is set on object 'Object Repository/Page_Home page Log in to the site/input_Username_username'

2022-01-15 22:10:51 - [MESSAGE][PASSED] - Text 'admin' is set on object 'Object Repository/Page_Home page Log in to the site/input_Username_username'

2022-01-15 22:10:51 - [TEST_STEP][PASSED] - setEncryptedText(findTestObject("Page_Home page Log in to the site/input_Password_password (1)"), "OFhcon1PzObx3ErJAwGfGA=="): Text ****** has been set on object 'Object Repository/Page_Home page Log in to the site/input_Password_password (1)'

2022-01-15 22:10:52 - [MESSAGE][PASSED] - Text ****** has been set on object 'Object Repository/Page_Home page Log in to the site/input_Password_password (1)'

2022-01-15 22:10:52 - [TEST_STEP][PASSED] - click(findTestObject("Object Repository/Page_Home page Log in to the site/button_Log in")): Object: 'Object Repository/Page_Home page Log in to the site/button_Log in' is clicked on

2022-01-15 22:10:54 - [MESSAGE][PASSED] - Object: 'Object Repository/Page_Home page Log in to the site/button_Log in' is clicked on

2022-01-15 22:10:54 - [TEST_STEP][PASSED] - click(findTestObject("Object Repository/Page_Dashboard/a_Site administration")): Object: 'Object Repository/Page_Dashboard/a_Site administration' is clicked on

2022-01-15 22:10:57 - [MESSAGE][PASSED] - Object: 'Object Repository/Page_Dashboard/a_Site administration' is clicked on

2022-01-15 22:10:57 - [TEST_STEP][PASSED] - click(findTestObject("Object Repository/Page_Group10 Administration Search/a_Users")): Object: 'Object Repository/Page_Group10 Administration Search/a_Users' is clicked on

2022-01-15 22:10:57 - [MESSAGE][PASSED] - Object: 'Object Repository/Page_Group10 Administration Search/a_Users' is clicked on

2022-01-15 22:10:57 - [TEST_STEP][PASSED] - click(findTestObject("Object Repository/Page_Group10 Administration Search/a_Upload users")): Object: 'Object Repository/Page_Group10 Administration Search/a_Upload users' is clicked on

2022-01-15 22:10:59 - [MESSAGE][PASSED] - Object: 'Object Repository/Page_Group10 Administration Search/a_Upload users' is clicked on

2022-01-15 22:10:59 - [TEST_STEP][PASSED] - click(findTestObject("Object Repository/Page_Group10 Administration Users Accounts _c9beb9/input_File_userfilechoose")): Object: 'Object Repository/Page_Group10 Administration Users Accounts _c9beb9/input_File_userfilechoose' is clicked on

2022-01-15 22:10:59 - [MESSAGE][PASSED] - Object: 'Object Repository/Page_Group10 Administration Users Accounts _c9beb9/input_File_userfilechoose' is clicked on

2022-01-15 22:10:59 - [TEST_STEP][PASSED] - uploadFile(findTestObject("Object Repository/Page_Group10 Administration Users Accounts _c9beb9/input_Attachment_repo_upload_file"), "D:\TestAutomation-SEBonus-Group10\manager.csv"): File 'D:\TestAutomation-SEBonus-Group10\manager.csv' sent to object: 'Object Repository/Page_Group10 Administration Users Accounts _c9beb9/input_Attachment_repo_upload_file'

2022-01-15 22:11:00 - [MESSAGE][PASSED] - File 'D:\TestAutomation-SEBonus-Group10\manager.csv' sent to object: 'Object Repository/Page_Group10 Administration Users Accounts _c9beb9/input_Attachment_repo_upload_file'

2022-01-15 22:11:00 - [TEST_STEP][PASSED] - click(findTestObject("Object Repository/Page_Group10 Administration Users Accounts _c9beb9/button_Upload this file")): Object: 'Object Repository/Page_Group10 Administration Users Accounts _c9beb9/button_Upload this file' is clicked on

2022-01-15 22:11:01 - [MESSAGE][PASSED] - Object: 'Object Repository/Page_Group10 Administration Users Accounts _c9beb9/button_Upload this file' is clicked on

2022-01-15 22:11:01 - [TEST_STEP][PASSED] - click(findTestObject("Object Repository/Page_Group10 Administration Users Accounts _c9beb9/input_Preview rows_submitbutton")): Object: 'Object Repository/Page_Group10 Administration Users Accounts _c9beb9/input_Preview rows_submitbutton' is clicked on

2022-01-15 22:11:03 - [MESSAGE][PASSED] - Object: 'Object Repository/Page_Group10 Administration Users Accounts _c9beb9/input_Preview rows_submitbutton' is clicked on

2022-01-15 22:11:03 - [TEST_STEP][PASSED] - click(findTestObject("Page_Group10 Administration Users Accounts Upload users/input_Department_submitbutton")): Object: 'Object Repository/Page_Group10 Administration Users Accounts Upload users/input_Department_submitbutton' is clicked on

2022-01-15 22:11:04 - [MESSAGE][PASSED] - Object: 'Object Repository/Page_Group10 Administration Users Accounts Upload users/input_Department_submitbutton' is clicked on

2022-01-15 22:11:04 - [TEST_STEP][PASSED] - click(findTestObject("Object Repository/Page_Group10 Administration Users Accounts _c9beb9/a_Site administration")): Object: 'Object Repository/Page_Group10 Administration Users Accounts _c9beb9/a_Site administration' is clicked on

2022-01-15 22:11:06 - [MESSAGE][PASSED] - Object: 'Object Repository/Page_Group10 Administration Users Accounts _c9beb9/a_Site administration' is clicked on

2022-01-15 22:11:06 - [TEST_STEP][PASSED] - click(findTestObject("Object Repository/Page_Group10 Administration Search/a_Users")): Object: 'Object Repository/Page_Group10 Administration Search/a_Users' is clicked on

2022-01-15 22:11:07 - [MESSAGE][PASSED] - Object: 'Object Repository/Page_Group10 Administration Search/a_Users' is clicked on

2022-01-15 22:11:07 - [TEST_STEP][PASSED] - click(findTestObject("Object Repository/Page_Group10 Administration Search/a_Assign system roles")): Object: 'Object Repository/Page_Group10 Administration Search/a_Assign system roles' is clicked on

2022-01-15 22:11:08 - [MESSAGE][PASSED] - Object: 'Object Repository/Page_Group10 Administration Search/a_Assign system roles' is clicked on

2022-01-15 22:11:08 - [TEST_STEP][PASSED] - click(findTestObject("Page_Group10 Administration Users Permissio_fb4295/a_Manager")): Object: 'Object Repository/Page_Group10 Administration Users Permissio_fb4295/a_Manager' is clicked on

2022-01-15 22:11:09 - [MESSAGE][PASSED] - Object: 'Object Repository/Page_Group10 Administration Users Permissio_fb4295/a_Manager' is clicked on

2022-01-15 22:11:09 - [TEST_STEP][PASSED] - click(findTestObject("Page_Group10 Administration Users Permissions Assign system roles/option_Le Thu Thao (lttfitus.edu.vn)")): Object: 'Object Repository/Page_Group10 Administration Users Permissions Assign system roles/option_Le Thu Thao (lttfitus.edu.vn)' is clicked on

2022-01-15 22:11:10 - [MESSAGE][PASSED] - Object: 'Object Repository/Page_Group10 Administration Users Permissions Assign system roles/option_Le Thu Thao (lttfitus.edu.vn)' is clicked on

2022-01-15 22:11:10 - [TEST_STEP][PASSED] - click(findTestObject("Page_Group10 Administration Users Permissions Assign system roles/option_Nguyen Hoang Dung (nhdfitus.edu.vn)")): Object: 'Object Repository/Page_Group10 Administration Users Permissions Assign system roles/option_Nguyen Hoang Dung (nhdfitus.edu.vn)' is clicked on

2022-01-15 22:11:10 - [MESSAGE][PASSED] - Object: 'Object Repository/Page_Group10 Administration Users Permissions Assign system roles/option_Nguyen Hoang Dung (nhdfitus.edu.vn)' is clicked on

2022-01-15 22:11:10 - [TEST_STEP][PASSED] - click(findTestObject("Page_Group10 Administration Users Permissions Assign system roles/option_Nguyen Thi Thu Hang (ntthfitus.edu.vn)")): Object: 'Object Repository/Page_Group10 Administration Users Permissions Assign system roles/option_Nguyen Thi Thu Hang (ntthfitus.edu.vn)' is clicked on

2022-01-15 22:11:11 - [MESSAGE][PASSED] - Object: 'Object Repository/Page_Group10 Administration Users Permissions Assign system roles/option_Nguyen Thi Thu Hang (ntthfitus.edu.vn)' is clicked on

2022-01-15 22:11:11 - [TEST_STEP][PASSED] - click(findTestObject("Page_Group10 Administration Users Permissions Assign system roles/option_Pham Thi Bach Hue (ptbhfit.us.edu.vn)")): Object: 'Object Repository/Page_Group10 Administration Users Permissions Assign system roles/option_Pham Thi Bach Hue (ptbhfit.us.edu.vn)' is clicked on

2022-01-15 22:11:11 - [MESSAGE][PASSED] - Object: 'Object Repository/Page_Group10 Administration Users Permissions Assign system roles/option_Pham Thi Bach Hue (ptbhfit.us.edu.vn)' is clicked on

2022-01-15 22:11:11 - [TEST_STEP][PASSED] - click(findTestObject("Object Repository/Page_Group10 Administration Users Permissio_fb4295/input_Match the search text anywhere in the_89f7b5_1")): Object: 'Object Repository/Page_Group10 Administration Users Permissio_fb4295/input_Match the search text anywhere in the_89f7b5_1' is clicked on

2022-01-15 22:11:13 - [MESSAGE][PASSED] - Object: 'Object Repository/Page_Group10 Administration Users Permissio_fb4295/input_Match the search text anywhere in the_89f7b5_1' is clicked on

2022-01-15 22:11:13 - [TEST_STEP][PASSED] - closeBrowser(): Browser is closed

2022-01-15 22:11:14 - [MESSAGE][PASSED] - Browser is closed]]></system-out>
         <system-err><![CDATA[]]></system-err>
      </testcase>
      <testcase name="Test Cases/Change pass" time="25.726" classname="Test Cases/Change pass" status="PASSED">
         <system-out><![CDATA[2022-01-15 22:11:14 - [TEST_CASE][PASSED] - Test Cases/Change pass: Test Cases/Change pass

2022-01-15 22:11:14 - [TEST_STEP][PASSED] - openBrowser(""): Browser is opened with url: ''

2022-01-15 22:11:14 - [MESSAGE][INFO] - Starting 'Edge Chromium' driver

2022-01-15 22:11:16 - [MESSAGE][INFO] - Action delay is set to 0 milliseconds

2022-01-15 22:11:17 - [MESSAGE][PASSED] - Browser is opened with url: ''

2022-01-15 22:11:17 - [TEST_STEP][PASSED] - navigateToUrl("http://localhost/"): Navigate to 'http://localhost/' successfully

2022-01-15 22:11:18 - [MESSAGE][PASSED] - Navigate to 'http://localhost/' successfully

2022-01-15 22:11:18 - [TEST_STEP][PASSED] - click(findTestObject("Object Repository/changepass/Page_Home page/a_Log in")): Object: 'Object Repository/changepass/Page_Home page/a_Log in' is clicked on

2022-01-15 22:11:20 - [MESSAGE][PASSED] - Object: 'Object Repository/changepass/Page_Home page/a_Log in' is clicked on

2022-01-15 22:11:20 - [TEST_STEP][PASSED] - setText(findTestObject("Object Repository/changepass/Page_Home page Log in to the site/input_Username_username"), "student1"): Text 'student1' is set on object 'Object Repository/changepass/Page_Home page Log in to the site/input_Username_username'

2022-01-15 22:11:21 - [MESSAGE][PASSED] - Text 'student1' is set on object 'Object Repository/changepass/Page_Home page Log in to the site/input_Username_username'

2022-01-15 22:11:21 - [TEST_STEP][PASSED] - setEncryptedText(findTestObject("Object Repository/changepass/Page_Home page Log in to the site/input_Password_password"), "9ExR24d8uBTe5Y0Xu9Ji6w=="): Text ****** has been set on object 'Object Repository/changepass/Page_Home page Log in to the site/input_Password_password'

2022-01-15 22:11:21 - [MESSAGE][PASSED] - Text ****** has been set on object 'Object Repository/changepass/Page_Home page Log in to the site/input_Password_password'

2022-01-15 22:11:21 - [TEST_STEP][PASSED] - click(findTestObject("Object Repository/changepass/Page_Home page Log in to the site/button_Log in")): Object: 'Object Repository/changepass/Page_Home page Log in to the site/button_Log in' is clicked on

2022-01-15 22:11:23 - [MESSAGE][PASSED] - Object: 'Object Repository/changepass/Page_Home page Log in to the site/button_Log in' is clicked on

2022-01-15 22:11:23 - [TEST_STEP][PASSED] - click(findTestObject("Object Repository/changepass/Page_Dashboard/a_NH")): Object: 'Object Repository/changepass/Page_Dashboard/a_NH' is clicked on

2022-01-15 22:11:24 - [MESSAGE][PASSED] - Object: 'Object Repository/changepass/Page_Dashboard/a_NH' is clicked on

2022-01-15 22:11:24 - [TEST_STEP][PASSED] - click(findTestObject("Object Repository/changepass/Page_Dashboard/a_Profile")): Object: 'Object Repository/changepass/Page_Dashboard/a_Profile' is clicked on

2022-01-15 22:11:25 - [MESSAGE][PASSED] - Object: 'Object Repository/changepass/Page_Dashboard/a_Profile' is clicked on

2022-01-15 22:11:25 - [TEST_STEP][PASSED] - click(findTestObject("Object Repository/changepass/Page_Nguyen Hoa Public profile/a_Edit profile")): Object: 'Object Repository/changepass/Page_Nguyen Hoa Public profile/a_Edit profile' is clicked on

2022-01-15 22:11:27 - [MESSAGE][PASSED] - Object: 'Object Repository/changepass/Page_Nguyen Hoa Public profile/a_Edit profile' is clicked on

2022-01-15 22:11:27 - [TEST_STEP][PASSED] - click(findTestObject("Object Repository/changepass/Page_Group10 Edit profile/a_Preferences")): Object: 'Object Repository/changepass/Page_Group10 Edit profile/a_Preferences' is clicked on

2022-01-15 22:11:28 - [MESSAGE][PASSED] - Object: 'Object Repository/changepass/Page_Group10 Edit profile/a_Preferences' is clicked on

2022-01-15 22:11:28 - [TEST_STEP][PASSED] - click(findTestObject("Object Repository/changepass/Page_Preferences/a_Change password")): Object: 'Object Repository/changepass/Page_Preferences/a_Change password' is clicked on

2022-01-15 22:11:29 - [MESSAGE][PASSED] - Object: 'Object Repository/changepass/Page_Preferences/a_Change password' is clicked on

2022-01-15 22:11:29 - [TEST_STEP][PASSED] - setEncryptedText(findTestObject("Object Repository/changepass/Page_Change password/input_Current password_password"), "9ExR24d8uBTe5Y0Xu9Ji6w=="): Text ****** has been set on object 'Object Repository/changepass/Page_Change password/input_Current password_password'

2022-01-15 22:11:30 - [MESSAGE][PASSED] - Text ****** has been set on object 'Object Repository/changepass/Page_Change password/input_Current password_password'

2022-01-15 22:11:30 - [TEST_STEP][PASSED] - setEncryptedText(findTestObject("Object Repository/changepass/Page_Change password/input_New password_newpassword1"), "OFhcon1PzObx3ErJAwGfGA=="): Text ****** has been set on object 'Object Repository/changepass/Page_Change password/input_New password_newpassword1'

2022-01-15 22:11:30 - [MESSAGE][PASSED] - Text ****** has been set on object 'Object Repository/changepass/Page_Change password/input_New password_newpassword1'

2022-01-15 22:11:30 - [TEST_STEP][PASSED] - setEncryptedText(findTestObject("Object Repository/changepass/Page_Change password/input_New password (again)_newpassword2"), "OFhcon1PzObx3ErJAwGfGA=="): Text ****** has been set on object 'Object Repository/changepass/Page_Change password/input_New password (again)_newpassword2'

2022-01-15 22:11:31 - [MESSAGE][PASSED] - Text ****** has been set on object 'Object Repository/changepass/Page_Change password/input_New password (again)_newpassword2'

2022-01-15 22:11:31 - [TEST_STEP][PASSED] - click(findTestObject("Object Repository/changepass/Page_Change password/input_New password (again)_submitbutton")): Object: 'Object Repository/changepass/Page_Change password/input_New password (again)_submitbutton' is clicked on

2022-01-15 22:11:33 - [MESSAGE][PASSED] - Object: 'Object Repository/changepass/Page_Change password/input_New password (again)_submitbutton' is clicked on

2022-01-15 22:11:33 - [TEST_STEP][PASSED] - click(findTestObject("Object Repository/changepass/Page_Preferences/a_NH")): Object: 'Object Repository/changepass/Page_Preferences/a_NH' is clicked on

2022-01-15 22:11:33 - [MESSAGE][PASSED] - Object: 'Object Repository/changepass/Page_Preferences/a_NH' is clicked on

2022-01-15 22:11:33 - [TEST_STEP][PASSED] - click(findTestObject("Object Repository/changepass/Page_Preferences/a_Log out")): Object: 'Object Repository/changepass/Page_Preferences/a_Log out' is clicked on

2022-01-15 22:11:34 - [MESSAGE][PASSED] - Object: 'Object Repository/changepass/Page_Preferences/a_Log out' is clicked on

2022-01-15 22:11:34 - [TEST_STEP][PASSED] - click(findTestObject("Object Repository/changepass/Page_Home page/a_Log in")): Object: 'Object Repository/changepass/Page_Home page/a_Log in' is clicked on

2022-01-15 22:11:35 - [MESSAGE][PASSED] - Object: 'Object Repository/changepass/Page_Home page/a_Log in' is clicked on

2022-01-15 22:11:35 - [TEST_STEP][PASSED] - setText(findTestObject("Object Repository/changepass/Page_Home page Log in to the site/input_Username_username"), "student1"): Text 'student1' is set on object 'Object Repository/changepass/Page_Home page Log in to the site/input_Username_username'

2022-01-15 22:11:36 - [MESSAGE][PASSED] - Text 'student1' is set on object 'Object Repository/changepass/Page_Home page Log in to the site/input_Username_username'

2022-01-15 22:11:36 - [TEST_STEP][PASSED] - setEncryptedText(findTestObject("Object Repository/changepass/Page_Home page Log in to the site/input_Password_password"), "OFhcon1PzObx3ErJAwGfGA=="): Text ****** has been set on object 'Object Repository/changepass/Page_Home page Log in to the site/input_Password_password'

2022-01-15 22:11:37 - [MESSAGE][PASSED] - Text ****** has been set on object 'Object Repository/changepass/Page_Home page Log in to the site/input_Password_password'

2022-01-15 22:11:37 - [TEST_STEP][PASSED] - click(findTestObject("Object Repository/changepass/Page_Home page Log in to the site/button_Log in")): Object: 'Object Repository/changepass/Page_Home page Log in to the site/button_Log in' is clicked on

2022-01-15 22:11:38 - [MESSAGE][PASSED] - Object: 'Object Repository/changepass/Page_Home page Log in to the site/button_Log in' is clicked on

2022-01-15 22:11:38 - [TEST_STEP][PASSED] - closeBrowser(): Browser is closed

2022-01-15 22:11:39 - [MESSAGE][PASSED] - Browser is closed]]></system-out>
         <system-err><![CDATA[]]></system-err>
      </testcase>
      <testcase name="Test Cases/Login with incorrect username" time="40.918" classname="Test Cases/Login with incorrect username" status="PASSED">
         <system-out><![CDATA[2022-01-15 22:11:39 - [TEST_CASE][PASSED] - Test Cases/Login with incorrect username: Test Cases/Login with incorrect username

2022-01-15 22:11:40 - [TEST_STEP][PASSED] - openBrowser(""): Browser is opened with url: ''

2022-01-15 22:11:40 - [MESSAGE][INFO] - Starting 'Edge Chromium' driver

2022-01-15 22:11:42 - [MESSAGE][INFO] - Action delay is set to 0 milliseconds

2022-01-15 22:11:43 - [MESSAGE][PASSED] - Browser is opened with url: ''

2022-01-15 22:11:43 - [TEST_STEP][PASSED] - navigateToUrl("http://localhost/"): Navigate to 'http://localhost/' successfully

2022-01-15 22:11:44 - [MESSAGE][PASSED] - Navigate to 'http://localhost/' successfully

2022-01-15 22:11:44 - [TEST_STEP][PASSED] - click(findTestObject("Object Repository/Page_Home page/a_Log in")): Object: 'Object Repository/Page_Home page/a_Log in' is clicked on

2022-01-15 22:11:46 - [MESSAGE][PASSED] - Object: 'Object Repository/Page_Home page/a_Log in' is clicked on

2022-01-15 22:11:46 - [TEST_STEP][PASSED] - setText(findTestObject("Object Repository/Page_Home page Log in to the site/input_Username_username"), "student"): Text 'student' is set on object 'Object Repository/Page_Home page Log in to the site/input_Username_username'

2022-01-15 22:11:47 - [MESSAGE][PASSED] - Text 'student' is set on object 'Object Repository/Page_Home page Log in to the site/input_Username_username'

2022-01-15 22:11:47 - [TEST_STEP][PASSED] - setEncryptedText(findTestObject("Page_Home page Log in to the site/input_Password_password (1)"), "OFhcon1PzObx3ErJAwGfGA=="): Text ****** has been set on object 'Object Repository/Page_Home page Log in to the site/input_Password_password (1)'

2022-01-15 22:11:47 - [MESSAGE][PASSED] - Text ****** has been set on object 'Object Repository/Page_Home page Log in to the site/input_Password_password (1)'

2022-01-15 22:11:47 - [TEST_STEP][PASSED] - click(findTestObject("Object Repository/Page_Home page Log in to the site/button_Log in")): Object: 'Object Repository/Page_Home page Log in to the site/button_Log in' is clicked on

2022-01-15 22:11:48 - [MESSAGE][PASSED] - Object: 'Object Repository/Page_Home page Log in to the site/button_Log in' is clicked on

2022-01-15 22:11:48 - [TEST_STEP][PASSED] - verifyElementNotVisibleInViewport(findTestObject("Object Repository/Page_Dashboard/a_Site administration"), 0): Object 'Object Repository/Page_Dashboard/a_Site administration' is not present

2022-01-15 22:11:48 - [MESSAGE][WARNING] - Timeout '0' is invalid. Using default page load timeout: '30'

2022-01-15 22:12:19 - [MESSAGE][INFO] - Unable to find the element located by 'By.xpath: //a[contains(text(),'Site administration')]'. Please recheck the objects properties to make sure the desired element is located. 

2022-01-15 22:12:19 - [MESSAGE][WARNING] - Object 'Object Repository/Page_Dashboard/a_Site administration' is not present

2022-01-15 22:12:19 - [TEST_STEP][PASSED] - closeBrowser(): Browser is closed

2022-01-15 22:12:20 - [MESSAGE][PASSED] - Browser is closed]]></system-out>
         <system-err><![CDATA[]]></system-err>
      </testcase>
      <testcase name="Test Cases/Login with incorrect password" time="40.524" classname="Test Cases/Login with incorrect password" status="PASSED">
         <system-out><![CDATA[2022-01-15 22:12:20 - [TEST_CASE][PASSED] - Test Cases/Login with incorrect password: Test Cases/Login with incorrect password

2022-01-15 22:12:21 - [TEST_STEP][PASSED] - openBrowser(""): Browser is opened with url: ''

2022-01-15 22:12:21 - [MESSAGE][INFO] - Starting 'Edge Chromium' driver

2022-01-15 22:12:23 - [MESSAGE][INFO] - Action delay is set to 0 milliseconds

2022-01-15 22:12:24 - [MESSAGE][PASSED] - Browser is opened with url: ''

2022-01-15 22:12:24 - [TEST_STEP][PASSED] - navigateToUrl("http://localhost/"): Navigate to 'http://localhost/' successfully

2022-01-15 22:12:25 - [MESSAGE][PASSED] - Navigate to 'http://localhost/' successfully

2022-01-15 22:12:25 - [TEST_STEP][PASSED] - click(findTestObject("Object Repository/Page_Home page/a_Log in")): Object: 'Object Repository/Page_Home page/a_Log in' is clicked on

2022-01-15 22:12:26 - [MESSAGE][PASSED] - Object: 'Object Repository/Page_Home page/a_Log in' is clicked on

2022-01-15 22:12:26 - [TEST_STEP][PASSED] - setText(findTestObject("Object Repository/Page_Home page Log in to the site/input_Username_username"), "student1"): Text 'student1' is set on object 'Object Repository/Page_Home page Log in to the site/input_Username_username'

2022-01-15 22:12:27 - [MESSAGE][PASSED] - Text 'student1' is set on object 'Object Repository/Page_Home page Log in to the site/input_Username_username'

2022-01-15 22:12:27 - [TEST_STEP][PASSED] - setEncryptedText(findTestObject("Page_Home page Log in to the site/input_Password_password (1)"), "suoVCwEpf9Y="): Text ****** has been set on object 'Object Repository/Page_Home page Log in to the site/input_Password_password (1)'

2022-01-15 22:12:28 - [MESSAGE][PASSED] - Text ****** has been set on object 'Object Repository/Page_Home page Log in to the site/input_Password_password (1)'

2022-01-15 22:12:28 - [TEST_STEP][PASSED] - click(findTestObject("Object Repository/Page_Home page Log in to the site/button_Log in")): Object: 'Object Repository/Page_Home page Log in to the site/button_Log in' is clicked on

2022-01-15 22:12:29 - [MESSAGE][PASSED] - Object: 'Object Repository/Page_Home page Log in to the site/button_Log in' is clicked on

2022-01-15 22:12:29 - [TEST_STEP][PASSED] - verifyElementNotVisibleInViewport(findTestObject("Object Repository/Page_Dashboard/a_Site administration"), 0): Object 'Object Repository/Page_Dashboard/a_Site administration' is not present

2022-01-15 22:12:29 - [MESSAGE][WARNING] - Timeout '0' is invalid. Using default page load timeout: '30'

2022-01-15 22:13:00 - [MESSAGE][INFO] - Unable to find the element located by 'By.xpath: //a[contains(text(),'Site administration')]'. Please recheck the objects properties to make sure the desired element is located. 

2022-01-15 22:13:00 - [MESSAGE][WARNING] - Object 'Object Repository/Page_Dashboard/a_Site administration' is not present

2022-01-15 22:13:00 - [TEST_STEP][PASSED] - closeBrowser(): Browser is closed

2022-01-15 22:13:01 - [MESSAGE][PASSED] - Browser is closed]]></system-out>
         <system-err><![CDATA[]]></system-err>
      </testcase>
      <testcase name="Test Cases/Login with valid account" time="10.256" classname="Test Cases/Login with valid account" status="PASSED">
         <system-out><![CDATA[2022-01-15 22:13:01 - [TEST_CASE][PASSED] - Test Cases/Login with valid account: Test Cases/Login with valid account

2022-01-15 22:13:01 - [TEST_STEP][PASSED] - openBrowser(""): Browser is opened with url: ''

2022-01-15 22:13:01 - [MESSAGE][INFO] - Starting 'Edge Chromium' driver

2022-01-15 22:13:03 - [MESSAGE][INFO] - Action delay is set to 0 milliseconds

2022-01-15 22:13:04 - [MESSAGE][PASSED] - Browser is opened with url: ''

2022-01-15 22:13:04 - [TEST_STEP][PASSED] - navigateToUrl("http://localhost/"): Navigate to 'http://localhost/' successfully

2022-01-15 22:13:05 - [MESSAGE][PASSED] - Navigate to 'http://localhost/' successfully

2022-01-15 22:13:05 - [TEST_STEP][PASSED] - click(findTestObject("Object Repository/Page_Home page/a_Log in")): Object: 'Object Repository/Page_Home page/a_Log in' is clicked on

2022-01-15 22:13:06 - [MESSAGE][PASSED] - Object: 'Object Repository/Page_Home page/a_Log in' is clicked on

2022-01-15 22:13:06 - [TEST_STEP][PASSED] - setText(findTestObject("Object Repository/Page_Home page Log in to the site/input_Username_username"), "student1"): Text 'student1' is set on object 'Object Repository/Page_Home page Log in to the site/input_Username_username'

2022-01-15 22:13:07 - [MESSAGE][PASSED] - Text 'student1' is set on object 'Object Repository/Page_Home page Log in to the site/input_Username_username'

2022-01-15 22:13:07 - [TEST_STEP][PASSED] - setEncryptedText(findTestObject("Page_Home page Log in to the site/input_Password_password (1)"), "OFhcon1PzObx3ErJAwGfGA=="): Text ****** has been set on object 'Object Repository/Page_Home page Log in to the site/input_Password_password (1)'

2022-01-15 22:13:07 - [MESSAGE][PASSED] - Text ****** has been set on object 'Object Repository/Page_Home page Log in to the site/input_Password_password (1)'

2022-01-15 22:13:07 - [TEST_STEP][PASSED] - click(findTestObject("Object Repository/Page_Home page Log in to the site/button_Log in")): Object: 'Object Repository/Page_Home page Log in to the site/button_Log in' is clicked on

2022-01-15 22:13:09 - [MESSAGE][PASSED] - Object: 'Object Repository/Page_Home page Log in to the site/button_Log in' is clicked on

2022-01-15 22:13:09 - [TEST_STEP][PASSED] - click(findTestObject("Object Repository/Page_Dashboard/a_NV")): Object: 'Object Repository/Page_Dashboard/a_NV' is clicked on

2022-01-15 22:13:09 - [MESSAGE][PASSED] - Object: 'Object Repository/Page_Dashboard/a_NV' is clicked on

2022-01-15 22:13:09 - [TEST_STEP][PASSED] - click(findTestObject("Object Repository/Page_Dashboard/a_Log out")): Object: 'Object Repository/Page_Dashboard/a_Log out' is clicked on

2022-01-15 22:13:10 - [MESSAGE][PASSED] - Object: 'Object Repository/Page_Dashboard/a_Log out' is clicked on

2022-01-15 22:13:10 - [TEST_STEP][PASSED] - closeBrowser(): Browser is closed

2022-01-15 22:13:11 - [MESSAGE][PASSED] - Browser is closed]]></system-out>
         <system-err><![CDATA[]]></system-err>
      </testcase>
      <testcase name="Test Cases/Edit Profile" time="35.15" classname="Test Cases/Edit Profile" status="PASSED">
         <system-out><![CDATA[2022-01-15 22:13:11 - [TEST_CASE][PASSED] - Test Cases/Edit Profile: Test Cases/Edit Profile

2022-01-15 22:13:11 - [TEST_STEP][PASSED] - openBrowser(""): Browser is opened with url: ''

2022-01-15 22:13:11 - [MESSAGE][INFO] - Starting 'Edge Chromium' driver

2022-01-15 22:13:14 - [MESSAGE][INFO] - Action delay is set to 0 milliseconds

2022-01-15 22:13:15 - [MESSAGE][PASSED] - Browser is opened with url: ''

2022-01-15 22:13:15 - [TEST_STEP][PASSED] - navigateToUrl("http://localhost/"): Navigate to 'http://localhost/' successfully

2022-01-15 22:13:15 - [MESSAGE][PASSED] - Navigate to 'http://localhost/' successfully

2022-01-15 22:13:15 - [TEST_STEP][PASSED] - click(findTestObject("Object Repository/edit profile/Page_Home page/a_Log in")): Object: 'Object Repository/edit profile/Page_Home page/a_Log in' is clicked on

2022-01-15 22:13:16 - [MESSAGE][PASSED] - Object: 'Object Repository/edit profile/Page_Home page/a_Log in' is clicked on

2022-01-15 22:13:16 - [TEST_STEP][PASSED] - setText(findTestObject("Object Repository/edit profile/Page_Home page Log in to the site/input_Username_username"), "student1"): Text 'student1' is set on object 'Object Repository/edit profile/Page_Home page Log in to the site/input_Username_username'

2022-01-15 22:13:17 - [MESSAGE][PASSED] - Text 'student1' is set on object 'Object Repository/edit profile/Page_Home page Log in to the site/input_Username_username'

2022-01-15 22:13:17 - [TEST_STEP][PASSED] - setEncryptedText(findTestObject("Object Repository/edit profile/Page_Home page Log in to the site/input_Password_password"), "OFhcon1PzObx3ErJAwGfGA=="): Text ****** has been set on object 'Object Repository/edit profile/Page_Home page Log in to the site/input_Password_password'

2022-01-15 22:13:18 - [MESSAGE][PASSED] - Text ****** has been set on object 'Object Repository/edit profile/Page_Home page Log in to the site/input_Password_password'

2022-01-15 22:13:18 - [TEST_STEP][PASSED] - click(findTestObject("Object Repository/edit profile/Page_Home page Log in to the site/button_Log in")): Object: 'Object Repository/edit profile/Page_Home page Log in to the site/button_Log in' is clicked on

2022-01-15 22:13:20 - [MESSAGE][PASSED] - Object: 'Object Repository/edit profile/Page_Home page Log in to the site/button_Log in' is clicked on

2022-01-15 22:13:20 - [TEST_STEP][PASSED] - click(findTestObject("Object Repository/edit profile/Page_Dashboard/a_NH")): Object: 'Object Repository/edit profile/Page_Dashboard/a_NH' is clicked on

2022-01-15 22:13:20 - [MESSAGE][PASSED] - Object: 'Object Repository/edit profile/Page_Dashboard/a_NH' is clicked on

2022-01-15 22:13:20 - [TEST_STEP][PASSED] - click(findTestObject("Page_Preferences/a_Preferences")): Object: 'Object Repository/Page_Preferences/a_Preferences' is clicked on

2022-01-15 22:13:21 - [MESSAGE][PASSED] - Object: 'Object Repository/Page_Preferences/a_Preferences' is clicked on

2022-01-15 22:13:21 - [TEST_STEP][PASSED] - click(findTestObject("Object Repository/edit profile/Page_Nguyen Hoa Public profile/a_Edit profile")): Object: 'Object Repository/edit profile/Page_Nguyen Hoa Public profile/a_Edit profile' is clicked on

2022-01-15 22:13:23 - [MESSAGE][PASSED] - Object: 'Object Repository/edit profile/Page_Nguyen Hoa Public profile/a_Edit profile' is clicked on

2022-01-15 22:13:23 - [TEST_STEP][PASSED] - selectOptionByValue(findTestObject("Object Repository/edit profile/Page_Group10 Edit profile/select_Select a country.            Afghani_160506"), "VN", true): All options with value 'VN' are selected in object 'Object Repository/edit profile/Page_Group10 Edit profile/select_Select a country.            Afghani_160506'  using regular expression

2022-01-15 22:13:33 - [MESSAGE][PASSED] - All options with value 'VN' are selected in object 'Object Repository/edit profile/Page_Group10 Edit profile/select_Select a country.            Afghani_160506'  using regular expression

2022-01-15 22:13:33 - [TEST_STEP][PASSED] - setText(findTestObject("Object Repository/edit profile/Page_Group10 Edit profile/input_Citytown_city"), "HCM"): Text 'HCM' is set on object 'Object Repository/edit profile/Page_Group10 Edit profile/input_Citytown_city'

2022-01-15 22:13:34 - [MESSAGE][PASSED] - Text 'HCM' is set on object 'Object Repository/edit profile/Page_Group10 Edit profile/input_Citytown_city'

2022-01-15 22:13:34 - [TEST_STEP][PASSED] - click(findTestObject("Object Repository/edit profile/Page_Group10 Edit profile/input_Address_submitbutton")): Object: 'Object Repository/edit profile/Page_Group10 Edit profile/input_Address_submitbutton' is clicked on

2022-01-15 22:13:35 - [MESSAGE][PASSED] - Object: 'Object Repository/edit profile/Page_Group10 Edit profile/input_Address_submitbutton' is clicked on

2022-01-15 22:13:35 - [TEST_STEP][PASSED] - click(findTestObject("Object Repository/edit profile/Page_Nguyen Hoa Public profile/a_NH")): Object: 'Object Repository/edit profile/Page_Nguyen Hoa Public profile/a_NH' is clicked on

2022-01-15 22:13:36 - [MESSAGE][PASSED] - Object: 'Object Repository/edit profile/Page_Nguyen Hoa Public profile/a_NH' is clicked on

2022-01-15 22:13:36 - [TEST_STEP][PASSED] - click(findTestObject("Object Repository/edit profile/Page_Nguyen Hoa Public profile/a_Log out")): Object: 'Object Repository/edit profile/Page_Nguyen Hoa Public profile/a_Log out' is clicked on

2022-01-15 22:13:37 - [MESSAGE][PASSED] - Object: 'Object Repository/edit profile/Page_Nguyen Hoa Public profile/a_Log out' is clicked on

2022-01-15 22:13:37 - [TEST_STEP][PASSED] - click(findTestObject("Object Repository/edit profile/Page_Home page/a_Log in")): Object: 'Object Repository/edit profile/Page_Home page/a_Log in' is clicked on

2022-01-15 22:13:38 - [MESSAGE][PASSED] - Object: 'Object Repository/edit profile/Page_Home page/a_Log in' is clicked on

2022-01-15 22:13:38 - [TEST_STEP][PASSED] - setText(findTestObject("Object Repository/edit profile/Page_Home page Log in to the site/input_Username_username"), "admin"): Text 'admin' is set on object 'Object Repository/edit profile/Page_Home page Log in to the site/input_Username_username'

2022-01-15 22:13:39 - [MESSAGE][PASSED] - Text 'admin' is set on object 'Object Repository/edit profile/Page_Home page Log in to the site/input_Username_username'

2022-01-15 22:13:39 - [TEST_STEP][PASSED] - setEncryptedText(findTestObject("Object Repository/edit profile/Page_Home page Log in to the site/input_Password_password"), "OFhcon1PzObx3ErJAwGfGA=="): Text ****** has been set on object 'Object Repository/edit profile/Page_Home page Log in to the site/input_Password_password'

2022-01-15 22:13:39 - [MESSAGE][PASSED] - Text ****** has been set on object 'Object Repository/edit profile/Page_Home page Log in to the site/input_Password_password'

2022-01-15 22:13:39 - [TEST_STEP][PASSED] - click(findTestObject("Object Repository/edit profile/Page_Home page Log in to the site/button_Log in")): Object: 'Object Repository/edit profile/Page_Home page Log in to the site/button_Log in' is clicked on

2022-01-15 22:13:41 - [MESSAGE][PASSED] - Object: 'Object Repository/edit profile/Page_Home page Log in to the site/button_Log in' is clicked on

2022-01-15 22:13:41 - [TEST_STEP][PASSED] - click(findTestObject("Object Repository/edit profile/Page_Dashboard/a_Site administration")): Object: 'Object Repository/edit profile/Page_Dashboard/a_Site administration' is clicked on

2022-01-15 22:13:42 - [MESSAGE][PASSED] - Object: 'Object Repository/edit profile/Page_Dashboard/a_Site administration' is clicked on

2022-01-15 22:13:42 - [TEST_STEP][PASSED] - click(findTestObject("Object Repository/edit profile/Page_Group10 Administration Search/a_Users")): Object: 'Object Repository/edit profile/Page_Group10 Administration Search/a_Users' is clicked on

2022-01-15 22:13:43 - [MESSAGE][PASSED] - Object: 'Object Repository/edit profile/Page_Group10 Administration Search/a_Users' is clicked on

2022-01-15 22:13:43 - [TEST_STEP][PASSED] - click(findTestObject("Object Repository/edit profile/Page_Group10 Administration Search/a_Browse list of users")): Object: 'Object Repository/edit profile/Page_Group10 Administration Search/a_Browse list of users' is clicked on

2022-01-15 22:13:45 - [MESSAGE][PASSED] - Object: 'Object Repository/edit profile/Page_Group10 Administration Search/a_Browse list of users' is clicked on

2022-01-15 22:13:45 - [TEST_STEP][PASSED] - verifyElementText(findTestObject("Page_Group10 Administration Users Accounts Browse list of users/td_HCM"), "HCM"): Actual text and expected text of test object 'Object Repository/Page_Group10 Administration Users Accounts Browse list of users/td_HCM' are matched.

2022-01-15 22:13:45 - [MESSAGE][PASSED] - Actual text and expected text of test object 'Object Repository/Page_Group10 Administration Users Accounts Browse list of users/td_HCM' are matched.

2022-01-15 22:13:45 - [TEST_STEP][PASSED] - closeBrowser(): Browser is closed

2022-01-15 22:13:46 - [MESSAGE][PASSED] - Browser is closed]]></system-out>
         <system-err><![CDATA[]]></system-err>
      </testcase>
      <testcase name="Test Cases/Search Course" time="12.366" classname="Test Cases/Search Course" status="PASSED">
         <system-out><![CDATA[2022-01-15 22:13:46 - [TEST_CASE][PASSED] - Test Cases/Search Course: Test Cases/Search Course

2022-01-15 22:13:47 - [TEST_STEP][PASSED] - openBrowser(""): Browser is opened with url: ''

2022-01-15 22:13:47 - [MESSAGE][INFO] - Starting 'Edge Chromium' driver

2022-01-15 22:13:49 - [MESSAGE][INFO] - Action delay is set to 0 milliseconds

2022-01-15 22:13:50 - [MESSAGE][PASSED] - Browser is opened with url: ''

2022-01-15 22:13:50 - [TEST_STEP][PASSED] - navigateToUrl("http://localhost/"): Navigate to 'http://localhost/' successfully

2022-01-15 22:13:51 - [MESSAGE][PASSED] - Navigate to 'http://localhost/' successfully

2022-01-15 22:13:51 - [TEST_STEP][PASSED] - click(findTestObject("Object Repository/search/Page_Home page/a_Log in")): Object: 'Object Repository/search/Page_Home page/a_Log in' is clicked on

2022-01-15 22:13:52 - [MESSAGE][PASSED] - Object: 'Object Repository/search/Page_Home page/a_Log in' is clicked on

2022-01-15 22:13:52 - [TEST_STEP][PASSED] - setText(findTestObject("Object Repository/search/Page_Home page Log in to the site/input_Username_username"), "student1"): Text 'student1' is set on object 'Object Repository/search/Page_Home page Log in to the site/input_Username_username'

2022-01-15 22:13:52 - [MESSAGE][PASSED] - Text 'student1' is set on object 'Object Repository/search/Page_Home page Log in to the site/input_Username_username'

2022-01-15 22:13:52 - [TEST_STEP][PASSED] - setEncryptedText(findTestObject("Page_Home page Log in to the site/input_Password_password (1)"), "OFhcon1PzObx3ErJAwGfGA=="): Text ****** has been set on object 'Object Repository/Page_Home page Log in to the site/input_Password_password (1)'

2022-01-15 22:13:53 - [MESSAGE][PASSED] - Text ****** has been set on object 'Object Repository/Page_Home page Log in to the site/input_Password_password (1)'

2022-01-15 22:13:53 - [TEST_STEP][PASSED] - click(findTestObject("Object Repository/search/Page_Home page Log in to the site/button_Log in")): Object: 'Object Repository/search/Page_Home page Log in to the site/button_Log in' is clicked on

2022-01-15 22:13:54 - [MESSAGE][PASSED] - Object: 'Object Repository/search/Page_Home page Log in to the site/button_Log in' is clicked on

2022-01-15 22:13:54 - [TEST_STEP][PASSED] - click(findTestObject("Object Repository/search/Page_Dashboard/a_Home")): Object: 'Object Repository/search/Page_Dashboard/a_Home' is clicked on

2022-01-15 22:13:56 - [MESSAGE][PASSED] - Object: 'Object Repository/search/Page_Dashboard/a_Home' is clicked on

2022-01-15 22:13:56 - [TEST_STEP][PASSED] - setText(findTestObject("Object Repository/search/Page_Home page/input_Search courses_q"), "SE"): Text 'SE' is set on object 'Object Repository/search/Page_Home page/input_Search courses_q'

2022-01-15 22:13:56 - [MESSAGE][PASSED] - Text 'SE' is set on object 'Object Repository/search/Page_Home page/input_Search courses_q'

2022-01-15 22:13:56 - [TEST_STEP][PASSED] - click(findTestObject("Object Repository/search/Page_Home page/i_Search courses_icon fa fa-search fa-fw")): Object: 'Object Repository/search/Page_Home page/i_Search courses_icon fa fa-search fa-fw' is clicked on

2022-01-15 22:13:57 - [MESSAGE][PASSED] - Object: 'Object Repository/search/Page_Home page/i_Search courses_icon fa fa-search fa-fw' is clicked on

2022-01-15 22:13:57 - [TEST_STEP][PASSED] - verifyElementClickable(findTestObject("Object Repository/search/Page_Home page  Search results/a_Software Engineering")): Object 'Object Repository/search/Page_Home page  Search results/a_Software Engineering' is clickable

2022-01-15 22:13:58 - [MESSAGE][PASSED] - Object 'Object Repository/search/Page_Home page  Search results/a_Software Engineering' is clickable

2022-01-15 22:13:58 - [TEST_STEP][PASSED] - closeBrowser(): Browser is closed

2022-01-15 22:13:59 - [MESSAGE][PASSED] - Browser is closed]]></system-out>
         <system-err><![CDATA[]]></system-err>
      </testcase>
      <testcase name="Test Cases/Add a category - ADMIN" time="23.41" classname="Test Cases/Add a category - ADMIN" status="PASSED">
         <system-out><![CDATA[2022-01-15 22:13:59 - [TEST_CASE][PASSED] - Test Cases/Add a category - ADMIN: Test Cases/Add a category - ADMIN

2022-01-15 22:13:59 - [TEST_STEP][PASSED] - openBrowser(""): Browser is opened with url: ''

2022-01-15 22:13:59 - [MESSAGE][INFO] - Starting 'Edge Chromium' driver

2022-01-15 22:14:01 - [MESSAGE][INFO] - Action delay is set to 0 milliseconds

2022-01-15 22:14:02 - [MESSAGE][PASSED] - Browser is opened with url: ''

2022-01-15 22:14:02 - [TEST_STEP][PASSED] - navigateToUrl("http://localhost/"): Navigate to 'http://localhost/' successfully

2022-01-15 22:14:03 - [MESSAGE][PASSED] - Navigate to 'http://localhost/' successfully

2022-01-15 22:14:03 - [TEST_STEP][PASSED] - click(findTestObject("Object Repository/Page_Home page/a_Log in")): Object: 'Object Repository/Page_Home page/a_Log in' is clicked on

2022-01-15 22:14:04 - [MESSAGE][PASSED] - Object: 'Object Repository/Page_Home page/a_Log in' is clicked on

2022-01-15 22:14:04 - [TEST_STEP][PASSED] - setText(findTestObject("Object Repository/Page_Home page Log in to the site/input_Username_username"), "admin"): Text 'admin' is set on object 'Object Repository/Page_Home page Log in to the site/input_Username_username'

2022-01-15 22:14:05 - [MESSAGE][PASSED] - Text 'admin' is set on object 'Object Repository/Page_Home page Log in to the site/input_Username_username'

2022-01-15 22:14:05 - [TEST_STEP][PASSED] - setEncryptedText(findTestObject("Object Repository/Page_Home page Log in to the site/input_Password_password"), "OFhcon1PzObx3ErJAwGfGA=="): Text ****** has been set on object 'Object Repository/Page_Home page Log in to the site/input_Password_password'

2022-01-15 22:14:05 - [MESSAGE][PASSED] - Text ****** has been set on object 'Object Repository/Page_Home page Log in to the site/input_Password_password'

2022-01-15 22:14:05 - [TEST_STEP][PASSED] - click(findTestObject("Object Repository/Page_Home page Log in to the site/button_Log in")): Object: 'Object Repository/Page_Home page Log in to the site/button_Log in' is clicked on

2022-01-15 22:14:07 - [MESSAGE][PASSED] - Object: 'Object Repository/Page_Home page Log in to the site/button_Log in' is clicked on

2022-01-15 22:14:07 - [TEST_STEP][PASSED] - click(findTestObject("Object Repository/Page_Dashboard/a_Site administration")): Object: 'Object Repository/Page_Dashboard/a_Site administration' is clicked on

2022-01-15 22:14:09 - [MESSAGE][PASSED] - Object: 'Object Repository/Page_Dashboard/a_Site administration' is clicked on

2022-01-15 22:14:09 - [TEST_STEP][PASSED] - click(findTestObject("Object Repository/Page_Group10 Administration Search/a_Courses")): Object: 'Object Repository/Page_Group10 Administration Search/a_Courses' is clicked on

2022-01-15 22:14:10 - [MESSAGE][PASSED] - Object: 'Object Repository/Page_Group10 Administration Search/a_Courses' is clicked on

2022-01-15 22:14:10 - [TEST_STEP][PASSED] - click(findTestObject("Object Repository/Page_Group10 Administration Search/a_Add a category")): Object: 'Object Repository/Page_Group10 Administration Search/a_Add a category' is clicked on

2022-01-15 22:14:11 - [MESSAGE][PASSED] - Object: 'Object Repository/Page_Group10 Administration Search/a_Add a category' is clicked on

2022-01-15 22:14:11 - [TEST_STEP][PASSED] - setText(findTestObject("Object Repository/Page_Group10 Add new category/input_Category name_name"), "CHƯƠNG TRÌNH CHẤT LƯỢNG CAO (CLC)"): Text 'CHƯƠNG TRÌNH CHẤT LƯỢNG CAO (CLC)' is set on object 'Object Repository/Page_Group10 Add new category/input_Category name_name'

2022-01-15 22:14:13 - [MESSAGE][PASSED] - Text 'CHƯƠNG TRÌNH CHẤT LƯỢNG CAO (CLC)' is set on object 'Object Repository/Page_Group10 Add new category/input_Category name_name'

2022-01-15 22:14:13 - [TEST_STEP][PASSED] - click(findTestObject("Object Repository/Page_Group10 Add new category/input_Rich text editor_submitbutton")): Object: 'Object Repository/Page_Group10 Add new category/input_Rich text editor_submitbutton' is clicked on

2022-01-15 22:14:14 - [MESSAGE][PASSED] - Object: 'Object Repository/Page_Group10 Add new category/input_Rich text editor_submitbutton' is clicked on

2022-01-15 22:14:14 - [TEST_STEP][PASSED] - click(findTestObject("Object Repository/Page_Course and category management/a_CHNG TRNH CHT LNG CAO (CLC)_action-menu-toggle-3")): Object: 'Object Repository/Page_Course and category management/a_CHNG TRNH CHT LNG CAO (CLC)_action-menu-toggle-3' is clicked on

2022-01-15 22:14:15 - [MESSAGE][PASSED] - Object: 'Object Repository/Page_Course and category management/a_CHNG TRNH CHT LNG CAO (CLC)_action-menu-toggle-3' is clicked on

2022-01-15 22:14:15 - [TEST_STEP][PASSED] - click(findTestObject("Object Repository/Page_Course and category management/span_Delete")): Object: 'Object Repository/Page_Course and category management/span_Delete' is clicked on

2022-01-15 22:14:16 - [MESSAGE][PASSED] - Object: 'Object Repository/Page_Course and category management/span_Delete' is clicked on

2022-01-15 22:14:16 - [TEST_STEP][PASSED] - click(findTestObject("Object Repository/Page_Course and category management/input_Delete all - cannot be undone_submitbutton")): Object: 'Object Repository/Page_Course and category management/input_Delete all - cannot be undone_submitbutton' is clicked on

2022-01-15 22:14:18 - [MESSAGE][PASSED] - Object: 'Object Repository/Page_Course and category management/input_Delete all - cannot be undone_submitbutton' is clicked on

2022-01-15 22:14:18 - [TEST_STEP][PASSED] - click(findTestObject("Object Repository/Page_Course and category management/button_Continue")): Object: 'Object Repository/Page_Course and category management/button_Continue' is clicked on

2022-01-15 22:14:20 - [MESSAGE][PASSED] - Object: 'Object Repository/Page_Course and category management/button_Continue' is clicked on

2022-01-15 22:14:20 - [TEST_STEP][PASSED] - click(findTestObject("Object Repository/Page_Course and category management/a_AU")): Object: 'Object Repository/Page_Course and category management/a_AU' is clicked on

2022-01-15 22:14:20 - [MESSAGE][PASSED] - Object: 'Object Repository/Page_Course and category management/a_AU' is clicked on

2022-01-15 22:14:20 - [TEST_STEP][PASSED] - click(findTestObject("Object Repository/Page_Course and category management/a_Log out")): Object: 'Object Repository/Page_Course and category management/a_Log out' is clicked on

2022-01-15 22:14:21 - [MESSAGE][PASSED] - Object: 'Object Repository/Page_Course and category management/a_Log out' is clicked on

2022-01-15 22:14:21 - [TEST_STEP][PASSED] - closeBrowser(): Browser is closed

2022-01-15 22:14:22 - [MESSAGE][PASSED] - Browser is closed]]></system-out>
         <system-err><![CDATA[]]></system-err>
      </testcase>
      <testcase name="Test Cases/Add a new course - ADMIN" time="31.39" classname="Test Cases/Add a new course - ADMIN" status="PASSED">
         <system-out><![CDATA[2022-01-15 22:14:22 - [TEST_CASE][PASSED] - Test Cases/Add a new course - ADMIN: Test Cases/Add a new course - ADMIN

2022-01-15 22:14:22 - [TEST_STEP][PASSED] - openBrowser(""): Browser is opened with url: ''

2022-01-15 22:14:22 - [MESSAGE][INFO] - Starting 'Edge Chromium' driver

2022-01-15 22:14:25 - [MESSAGE][INFO] - Action delay is set to 0 milliseconds

2022-01-15 22:14:25 - [MESSAGE][PASSED] - Browser is opened with url: ''

2022-01-15 22:14:25 - [TEST_STEP][PASSED] - navigateToUrl("http://localhost/"): Navigate to 'http://localhost/' successfully

2022-01-15 22:14:26 - [MESSAGE][PASSED] - Navigate to 'http://localhost/' successfully

2022-01-15 22:14:26 - [TEST_STEP][PASSED] - click(findTestObject("Object Repository/Page_Home page/a_Log in")): Object: 'Object Repository/Page_Home page/a_Log in' is clicked on

2022-01-15 22:14:27 - [MESSAGE][PASSED] - Object: 'Object Repository/Page_Home page/a_Log in' is clicked on

2022-01-15 22:14:27 - [TEST_STEP][PASSED] - setText(findTestObject("Object Repository/Page_Home page Log in to the site/input_Username_username"), "admin"): Text 'admin' is set on object 'Object Repository/Page_Home page Log in to the site/input_Username_username'

2022-01-15 22:14:28 - [MESSAGE][PASSED] - Text 'admin' is set on object 'Object Repository/Page_Home page Log in to the site/input_Username_username'

2022-01-15 22:14:28 - [TEST_STEP][PASSED] - setEncryptedText(findTestObject("Object Repository/Page_Home page Log in to the site/input_Password_password"), "OFhcon1PzObx3ErJAwGfGA=="): Text ****** has been set on object 'Object Repository/Page_Home page Log in to the site/input_Password_password'

2022-01-15 22:14:29 - [MESSAGE][PASSED] - Text ****** has been set on object 'Object Repository/Page_Home page Log in to the site/input_Password_password'

2022-01-15 22:14:29 - [TEST_STEP][PASSED] - click(findTestObject("Object Repository/Page_Home page Log in to the site/button_Log in")): Object: 'Object Repository/Page_Home page Log in to the site/button_Log in' is clicked on

2022-01-15 22:14:30 - [MESSAGE][PASSED] - Object: 'Object Repository/Page_Home page Log in to the site/button_Log in' is clicked on

2022-01-15 22:14:30 - [TEST_STEP][PASSED] - click(findTestObject("Object Repository/Page_Dashboard/a_Site administration")): Object: 'Object Repository/Page_Dashboard/a_Site administration' is clicked on

2022-01-15 22:14:33 - [MESSAGE][PASSED] - Object: 'Object Repository/Page_Dashboard/a_Site administration' is clicked on

2022-01-15 22:14:33 - [TEST_STEP][PASSED] - click(findTestObject("Object Repository/Page_Group10 Administration Search/a_Courses")): Object: 'Object Repository/Page_Group10 Administration Search/a_Courses' is clicked on

2022-01-15 22:14:34 - [MESSAGE][PASSED] - Object: 'Object Repository/Page_Group10 Administration Search/a_Courses' is clicked on

2022-01-15 22:14:34 - [TEST_STEP][PASSED] - click(findTestObject("Object Repository/Page_Group10 Administration Search/a_Add a new course")): Object: 'Object Repository/Page_Group10 Administration Search/a_Add a new course' is clicked on

2022-01-15 22:14:35 - [MESSAGE][PASSED] - Object: 'Object Repository/Page_Group10 Administration Search/a_Add a new course' is clicked on

2022-01-15 22:14:35 - [TEST_STEP][PASSED] - setText(findTestObject("Object Repository/Page_Group10 Add a new course/input_Course full name_fullname"), "System Engineering Test Automation"): Text 'System Engineering Test Automation' is set on object 'Object Repository/Page_Group10 Add a new course/input_Course full name_fullname'

2022-01-15 22:14:37 - [MESSAGE][PASSED] - Text 'System Engineering Test Automation' is set on object 'Object Repository/Page_Group10 Add a new course/input_Course full name_fullname'

2022-01-15 22:14:37 - [TEST_STEP][PASSED] - setText(findTestObject("Object Repository/Page_Group10 Add a new course/input_Course short name_shortname"), "SE TA"): Text 'SE TA' is set on object 'Object Repository/Page_Group10 Add a new course/input_Course short name_shortname'

2022-01-15 22:14:38 - [MESSAGE][PASSED] - Text 'SE TA' is set on object 'Object Repository/Page_Group10 Add a new course/input_Course short name_shortname'

2022-01-15 22:14:38 - [TEST_STEP][PASSED] - click(findTestObject("Object Repository/Page_Group10 Add a new course/input_Enable_enddateenabled")): Object: 'Object Repository/Page_Group10 Add a new course/input_Enable_enddateenabled' is clicked on

2022-01-15 22:14:38 - [MESSAGE][PASSED] - Object: 'Object Repository/Page_Group10 Add a new course/input_Enable_enddateenabled' is clicked on

2022-01-15 22:14:38 - [TEST_STEP][PASSED] - click(findTestObject("Object Repository/Page_Group10 Add a new course/input__saveanddisplay")): Object: 'Object Repository/Page_Group10 Add a new course/input__saveanddisplay' is clicked on

2022-01-15 22:14:40 - [MESSAGE][PASSED] - Object: 'Object Repository/Page_Group10 Add a new course/input__saveanddisplay' is clicked on

2022-01-15 22:14:40 - [TEST_STEP][PASSED] - click(findTestObject("Object Repository/Page_Course System Engineering Test Automation/a_My courses")): Object: 'Object Repository/Page_Course System Engineering Test Automation/a_My courses' is clicked on

2022-01-15 22:14:42 - [MESSAGE][PASSED] - Object: 'Object Repository/Page_Course System Engineering Test Automation/a_My courses' is clicked on

2022-01-15 22:14:42 - [TEST_STEP][PASSED] - click(findTestObject("Object Repository/Page_My courses/span_System Engineering Test Automation")): Object: 'Object Repository/Page_My courses/span_System Engineering Test Automation' is clicked on

2022-01-15 22:14:44 - [MESSAGE][PASSED] - Object: 'Object Repository/Page_My courses/span_System Engineering Test Automation' is clicked on

2022-01-15 22:14:44 - [TEST_STEP][PASSED] - click(findTestObject("Object Repository/Page_Course System Engineering Test Automation/a_Site administration")): Object: 'Object Repository/Page_Course System Engineering Test Automation/a_Site administration' is clicked on

2022-01-15 22:14:45 - [MESSAGE][PASSED] - Object: 'Object Repository/Page_Course System Engineering Test Automation/a_Site administration' is clicked on

2022-01-15 22:14:45 - [TEST_STEP][PASSED] - click(findTestObject("Object Repository/Page_Group10 Administration Search/a_Courses")): Object: 'Object Repository/Page_Group10 Administration Search/a_Courses' is clicked on

2022-01-15 22:14:46 - [MESSAGE][PASSED] - Object: 'Object Repository/Page_Group10 Administration Search/a_Courses' is clicked on

2022-01-15 22:14:46 - [TEST_STEP][PASSED] - click(findTestObject("Object Repository/Page_Group10 Administration Search/a_Manage courses and categories")): Object: 'Object Repository/Page_Group10 Administration Search/a_Manage courses and categories' is clicked on

2022-01-15 22:14:47 - [MESSAGE][PASSED] - Object: 'Object Repository/Page_Group10 Administration Search/a_Manage courses and categories' is clicked on

2022-01-15 22:14:47 - [TEST_STEP][PASSED] - click(findTestObject("Object Repository/Page_Course and category management/i_System Engineering Test Automation_yui_3__c80082")): Object: 'Object Repository/Page_Course and category management/i_System Engineering Test Automation_yui_3__c80082' is clicked on

2022-01-15 22:14:48 - [MESSAGE][PASSED] - Object: 'Object Repository/Page_Course and category management/i_System Engineering Test Automation_yui_3__c80082' is clicked on

2022-01-15 22:14:48 - [TEST_STEP][PASSED] - click(findTestObject("Object Repository/Page_Group10 Delete SE TA/button_Delete")): Object: 'Object Repository/Page_Group10 Delete SE TA/button_Delete' is clicked on

2022-01-15 22:14:50 - [MESSAGE][PASSED] - Object: 'Object Repository/Page_Group10 Delete SE TA/button_Delete' is clicked on

2022-01-15 22:14:50 - [TEST_STEP][PASSED] - click(findTestObject("Page_Group10 Delete SE TA/button_Continue")): Object: 'Object Repository/Page_Group10 Delete SE TA/button_Continue' is clicked on

2022-01-15 22:14:51 - [MESSAGE][PASSED] - Object: 'Object Repository/Page_Group10 Delete SE TA/button_Continue' is clicked on

2022-01-15 22:14:51 - [TEST_STEP][PASSED] - click(findTestObject("Object Repository/Page_Course and category management/a_AU")): Object: 'Object Repository/Page_Course and category management/a_AU' is clicked on

2022-01-15 22:14:52 - [MESSAGE][PASSED] - Object: 'Object Repository/Page_Course and category management/a_AU' is clicked on

2022-01-15 22:14:52 - [TEST_STEP][PASSED] - click(findTestObject("Object Repository/Page_Course and category management/a_Log out")): Object: 'Object Repository/Page_Course and category management/a_Log out' is clicked on

2022-01-15 22:14:53 - [MESSAGE][PASSED] - Object: 'Object Repository/Page_Course and category management/a_Log out' is clicked on

2022-01-15 22:14:53 - [TEST_STEP][PASSED] - closeBrowser(): Browser is closed

2022-01-15 22:14:53 - [MESSAGE][PASSED] - Browser is closed]]></system-out>
         <system-err><![CDATA[]]></system-err>
      </testcase>
      <testcase name="Test Cases/Add course by file - ADMIN" time="40.389" classname="Test Cases/Add course by file - ADMIN" status="PASSED">
         <system-out><![CDATA[2022-01-15 22:14:53 - [TEST_CASE][PASSED] - Test Cases/Add course by file - ADMIN: Test Cases/Add course by file - ADMIN

2022-01-15 22:14:54 - [TEST_STEP][PASSED] - openBrowser(""): Browser is opened with url: ''

2022-01-15 22:14:54 - [MESSAGE][INFO] - Starting 'Edge Chromium' driver

2022-01-15 22:14:56 - [MESSAGE][INFO] - Action delay is set to 0 milliseconds

2022-01-15 22:14:57 - [MESSAGE][PASSED] - Browser is opened with url: ''

2022-01-15 22:14:57 - [TEST_STEP][PASSED] - navigateToUrl("http://localhost/"): Navigate to 'http://localhost/' successfully

2022-01-15 22:14:57 - [MESSAGE][PASSED] - Navigate to 'http://localhost/' successfully

2022-01-15 22:14:57 - [TEST_STEP][PASSED] - click(findTestObject("Object Repository/Page_Home page/a_Log in")): Object: 'Object Repository/Page_Home page/a_Log in' is clicked on

2022-01-15 22:14:58 - [MESSAGE][PASSED] - Object: 'Object Repository/Page_Home page/a_Log in' is clicked on

2022-01-15 22:14:58 - [TEST_STEP][PASSED] - setText(findTestObject("Object Repository/Page_Home page Log in to the site/input_Username_username"), "admin"): Text 'admin' is set on object 'Object Repository/Page_Home page Log in to the site/input_Username_username'

2022-01-15 22:14:59 - [MESSAGE][PASSED] - Text 'admin' is set on object 'Object Repository/Page_Home page Log in to the site/input_Username_username'

2022-01-15 22:14:59 - [TEST_STEP][PASSED] - setEncryptedText(findTestObject("Object Repository/Page_Home page Log in to the site/input_Password_password"), "OFhcon1PzObx3ErJAwGfGA=="): Text ****** has been set on object 'Object Repository/Page_Home page Log in to the site/input_Password_password'

2022-01-15 22:15:00 - [MESSAGE][PASSED] - Text ****** has been set on object 'Object Repository/Page_Home page Log in to the site/input_Password_password'

2022-01-15 22:15:00 - [TEST_STEP][PASSED] - click(findTestObject("Object Repository/Page_Home page Log in to the site/button_Log in")): Object: 'Object Repository/Page_Home page Log in to the site/button_Log in' is clicked on

2022-01-15 22:15:01 - [MESSAGE][PASSED] - Object: 'Object Repository/Page_Home page Log in to the site/button_Log in' is clicked on

2022-01-15 22:15:01 - [TEST_STEP][PASSED] - click(findTestObject("Object Repository/Page_Dashboard/a_Site administration")): Object: 'Object Repository/Page_Dashboard/a_Site administration' is clicked on

2022-01-15 22:15:03 - [MESSAGE][PASSED] - Object: 'Object Repository/Page_Dashboard/a_Site administration' is clicked on

2022-01-15 22:15:03 - [TEST_STEP][PASSED] - click(findTestObject("Object Repository/Page_Group10 Administration Search/a_Courses")): Object: 'Object Repository/Page_Group10 Administration Search/a_Courses' is clicked on

2022-01-15 22:15:04 - [MESSAGE][PASSED] - Object: 'Object Repository/Page_Group10 Administration Search/a_Courses' is clicked on

2022-01-15 22:15:04 - [TEST_STEP][PASSED] - click(findTestObject("Object Repository/Page_Group10 Administration Search/a_Upload courses")): Object: 'Object Repository/Page_Group10 Administration Search/a_Upload courses' is clicked on

2022-01-15 22:15:05 - [MESSAGE][PASSED] - Object: 'Object Repository/Page_Group10 Administration Search/a_Upload courses' is clicked on

2022-01-15 22:15:05 - [TEST_STEP][PASSED] - click(findTestObject("Object Repository/Page_Group10 Administration Courses Upload courses/input_File_coursefilechoose")): Object: 'Object Repository/Page_Group10 Administration Courses Upload courses/input_File_coursefilechoose' is clicked on

2022-01-15 22:15:06 - [MESSAGE][PASSED] - Object: 'Object Repository/Page_Group10 Administration Courses Upload courses/input_File_coursefilechoose' is clicked on

2022-01-15 22:15:06 - [TEST_STEP][PASSED] - uploadFile(findTestObject("Object Repository/Page_Group10 Administration Courses Upload courses/input_Attachment_repo_upload_file"), "D:\TestAutomation-SEBonus-Group10\course.csv"): File 'D:\TestAutomation-SEBonus-Group10\course.csv' sent to object: 'Object Repository/Page_Group10 Administration Courses Upload courses/input_Attachment_repo_upload_file'

2022-01-15 22:15:06 - [MESSAGE][PASSED] - File 'D:\TestAutomation-SEBonus-Group10\course.csv' sent to object: 'Object Repository/Page_Group10 Administration Courses Upload courses/input_Attachment_repo_upload_file'

2022-01-15 22:15:06 - [TEST_STEP][PASSED] - click(findTestObject("Object Repository/Page_Group10 Administration Courses Upload courses/button_Upload this file")): Object: 'Object Repository/Page_Group10 Administration Courses Upload courses/button_Upload this file' is clicked on

2022-01-15 22:15:07 - [MESSAGE][PASSED] - Object: 'Object Repository/Page_Group10 Administration Courses Upload courses/button_Upload this file' is clicked on

2022-01-15 22:15:07 - [TEST_STEP][PASSED] - click(findTestObject("Object Repository/Page_Group10 Administration Courses Upload courses/input_Allow resets_submitbutton")): Object: 'Object Repository/Page_Group10 Administration Courses Upload courses/input_Allow resets_submitbutton' is clicked on

2022-01-15 22:15:08 - [MESSAGE][PASSED] - Object: 'Object Repository/Page_Group10 Administration Courses Upload courses/input_Allow resets_submitbutton' is clicked on

2022-01-15 22:15:08 - [TEST_STEP][PASSED] - click(findTestObject("Object Repository/Page_Group10 Administration Courses Upload courses/input_Enable_defaultsenddateenabled")): Object: 'Object Repository/Page_Group10 Administration Courses Upload courses/input_Enable_defaultsenddateenabled' is clicked on

2022-01-15 22:15:09 - [MESSAGE][PASSED] - Object: 'Object Repository/Page_Group10 Administration Courses Upload courses/input_Enable_defaultsenddateenabled' is clicked on

2022-01-15 22:15:09 - [TEST_STEP][PASSED] - click(findTestObject("Object Repository/Page_Group10 Administration Courses Upload courses/input_Allow resets_submitbutton")): Object: 'Object Repository/Page_Group10 Administration Courses Upload courses/input_Allow resets_submitbutton' is clicked on

2022-01-15 22:15:10 - [MESSAGE][PASSED] - Object: 'Object Repository/Page_Group10 Administration Courses Upload courses/input_Allow resets_submitbutton' is clicked on

2022-01-15 22:15:10 - [TEST_STEP][PASSED] - click(findTestObject("Object Repository/Page_Group10 Administration Courses Upload courses/button_Continue")): Object: 'Object Repository/Page_Group10 Administration Courses Upload courses/button_Continue' is clicked on

2022-01-15 22:15:12 - [MESSAGE][PASSED] - Object: 'Object Repository/Page_Group10 Administration Courses Upload courses/button_Continue' is clicked on

2022-01-15 22:15:12 - [TEST_STEP][PASSED] - click(findTestObject("Object Repository/Page_Group10 Administration Courses Upload courses/a_Courses")): Object: 'Object Repository/Page_Group10 Administration Courses Upload courses/a_Courses' is clicked on

2022-01-15 22:15:13 - [MESSAGE][PASSED] - Object: 'Object Repository/Page_Group10 Administration Courses Upload courses/a_Courses' is clicked on

2022-01-15 22:15:13 - [TEST_STEP][PASSED] - click(findTestObject("Object Repository/Page_Group10 Administration Search/a_Manage courses and categories")): Object: 'Object Repository/Page_Group10 Administration Search/a_Manage courses and categories' is clicked on

2022-01-15 22:15:14 - [MESSAGE][PASSED] - Object: 'Object Repository/Page_Group10 Administration Search/a_Manage courses and categories' is clicked on

2022-01-15 22:15:14 - [TEST_STEP][PASSED] - click(findTestObject("Object Repository/Page_Course and category management/a_Sort courses")): Object: 'Object Repository/Page_Course and category management/a_Sort courses' is clicked on

2022-01-15 22:15:15 - [MESSAGE][PASSED] - Object: 'Object Repository/Page_Course and category management/a_Sort courses' is clicked on

2022-01-15 22:15:15 - [TEST_STEP][PASSED] - click(findTestObject("Object Repository/Page_Course and category management/span_Sort by Course time created descending")): Object: 'Object Repository/Page_Course and category management/span_Sort by Course time created descending' is clicked on

2022-01-15 22:15:16 - [MESSAGE][PASSED] - Object: 'Object Repository/Page_Course and category management/span_Sort by Course time created descending' is clicked on

2022-01-15 22:15:16 - [TEST_STEP][PASSED] - click(findTestObject("Object Repository/Page_Course and category management/i_Course restored 4_yui_3_17_2_1_1642036973057_625")): Object: 'Object Repository/Page_Course and category management/i_Course restored 4_yui_3_17_2_1_1642036973057_625' is clicked on

2022-01-15 22:15:17 - [MESSAGE][PASSED] - Object: 'Object Repository/Page_Course and category management/i_Course restored 4_yui_3_17_2_1_1642036973057_625' is clicked on

2022-01-15 22:15:17 - [TEST_STEP][PASSED] - click(findTestObject("Object Repository/Page_Group10 Delete courserestored4/button_Delete")): Object: 'Object Repository/Page_Group10 Delete courserestored4/button_Delete' is clicked on

2022-01-15 22:15:19 - [MESSAGE][PASSED] - Object: 'Object Repository/Page_Group10 Delete courserestored4/button_Delete' is clicked on

2022-01-15 22:15:19 - [TEST_STEP][PASSED] - click(findTestObject("Object Repository/Page_Group10 Deleting courserestored4/button_Continue")): Object: 'Object Repository/Page_Group10 Deleting courserestored4/button_Continue' is clicked on

2022-01-15 22:15:20 - [MESSAGE][PASSED] - Object: 'Object Repository/Page_Group10 Deleting courserestored4/button_Continue' is clicked on

2022-01-15 22:15:20 - [TEST_STEP][PASSED] - click(findTestObject("Object Repository/Page_Course and category management/i_Course restored 3_yui_3_17_2_1_1642037030374_504")): Object: 'Object Repository/Page_Course and category management/i_Course restored 3_yui_3_17_2_1_1642037030374_504' is clicked on

2022-01-15 22:15:21 - [MESSAGE][PASSED] - Object: 'Object Repository/Page_Course and category management/i_Course restored 3_yui_3_17_2_1_1642037030374_504' is clicked on

2022-01-15 22:15:21 - [TEST_STEP][PASSED] - click(findTestObject("Object Repository/Page_Group10 Delete courserestored3/button_Delete")): Object: 'Object Repository/Page_Group10 Delete courserestored3/button_Delete' is clicked on

2022-01-15 22:15:23 - [MESSAGE][PASSED] - Object: 'Object Repository/Page_Group10 Delete courserestored3/button_Delete' is clicked on

2022-01-15 22:15:23 - [TEST_STEP][PASSED] - click(findTestObject("Object Repository/Page_Group10 Deleting courserestored3/button_Continue")): Object: 'Object Repository/Page_Group10 Deleting courserestored3/button_Continue' is clicked on

2022-01-15 22:15:24 - [MESSAGE][PASSED] - Object: 'Object Repository/Page_Group10 Deleting courserestored3/button_Continue' is clicked on

2022-01-15 22:15:24 - [TEST_STEP][PASSED] - click(findTestObject("Object Repository/Page_Course and category management/i_Course restored 2_yui_3_17_2_1_1642037037091_442")): Object: 'Object Repository/Page_Course and category management/i_Course restored 2_yui_3_17_2_1_1642037037091_442' is clicked on

2022-01-15 22:15:25 - [MESSAGE][PASSED] - Object: 'Object Repository/Page_Course and category management/i_Course restored 2_yui_3_17_2_1_1642037037091_442' is clicked on

2022-01-15 22:15:25 - [TEST_STEP][PASSED] - click(findTestObject("Object Repository/Page_Group10 Delete courserestored2/button_Delete")): Object: 'Object Repository/Page_Group10 Delete courserestored2/button_Delete' is clicked on

2022-01-15 22:15:26 - [MESSAGE][PASSED] - Object: 'Object Repository/Page_Group10 Delete courserestored2/button_Delete' is clicked on

2022-01-15 22:15:26 - [TEST_STEP][PASSED] - click(findTestObject("Object Repository/Page_Group10 Deleting courserestored2/button_Continue")): Object: 'Object Repository/Page_Group10 Deleting courserestored2/button_Continue' is clicked on

2022-01-15 22:15:28 - [MESSAGE][PASSED] - Object: 'Object Repository/Page_Group10 Deleting courserestored2/button_Continue' is clicked on

2022-01-15 22:15:28 - [TEST_STEP][PASSED] - click(findTestObject("Object Repository/Page_Course and category management/i_Course restored_yui_3_17_2_1_1642037043486_382")): Object: 'Object Repository/Page_Course and category management/i_Course restored_yui_3_17_2_1_1642037043486_382' is clicked on

2022-01-15 22:15:29 - [MESSAGE][PASSED] - Object: 'Object Repository/Page_Course and category management/i_Course restored_yui_3_17_2_1_1642037043486_382' is clicked on

2022-01-15 22:15:29 - [TEST_STEP][PASSED] - click(findTestObject("Object Repository/Page_Group10 Delete courserestored/button_Delete")): Object: 'Object Repository/Page_Group10 Delete courserestored/button_Delete' is clicked on

2022-01-15 22:15:30 - [MESSAGE][PASSED] - Object: 'Object Repository/Page_Group10 Delete courserestored/button_Delete' is clicked on

2022-01-15 22:15:30 - [TEST_STEP][PASSED] - click(findTestObject("Object Repository/Page_Group10 Deleting courserestored/button_Continue")): Object: 'Object Repository/Page_Group10 Deleting courserestored/button_Continue' is clicked on

2022-01-15 22:15:31 - [MESSAGE][PASSED] - Object: 'Object Repository/Page_Group10 Deleting courserestored/button_Continue' is clicked on

2022-01-15 22:15:31 - [TEST_STEP][PASSED] - click(findTestObject("Object Repository/Page_Course and category management/a_AU")): Object: 'Object Repository/Page_Course and category management/a_AU' is clicked on

2022-01-15 22:15:32 - [MESSAGE][PASSED] - Object: 'Object Repository/Page_Course and category management/a_AU' is clicked on

2022-01-15 22:15:32 - [TEST_STEP][PASSED] - click(findTestObject("Object Repository/Page_Course and category management/a_Log out")): Object: 'Object Repository/Page_Course and category management/a_Log out' is clicked on

2022-01-15 22:15:33 - [MESSAGE][PASSED] - Object: 'Object Repository/Page_Course and category management/a_Log out' is clicked on

2022-01-15 22:15:33 - [TEST_STEP][PASSED] - closeBrowser(): Browser is closed

2022-01-15 22:15:34 - [MESSAGE][PASSED] - Browser is closed]]></system-out>
         <system-err><![CDATA[]]></system-err>
      </testcase>
      <testcase name="Test Cases/Edit course - ADMIN" time="31.363" classname="Test Cases/Edit course - ADMIN" status="PASSED">
         <system-out><![CDATA[2022-01-15 22:15:34 - [TEST_CASE][PASSED] - Test Cases/Edit course - ADMIN: Test Cases/Edit course - ADMIN

2022-01-15 22:15:34 - [TEST_STEP][PASSED] - openBrowser(""): Browser is opened with url: ''

2022-01-15 22:15:34 - [MESSAGE][INFO] - Starting 'Edge Chromium' driver

2022-01-15 22:15:36 - [MESSAGE][INFO] - Action delay is set to 0 milliseconds

2022-01-15 22:15:37 - [MESSAGE][PASSED] - Browser is opened with url: ''

2022-01-15 22:15:37 - [TEST_STEP][PASSED] - navigateToUrl("http://localhost/"): Navigate to 'http://localhost/' successfully

2022-01-15 22:15:39 - [MESSAGE][PASSED] - Navigate to 'http://localhost/' successfully

2022-01-15 22:15:39 - [TEST_STEP][PASSED] - click(findTestObject("Object Repository/Page_Home page/a_Log in")): Object: 'Object Repository/Page_Home page/a_Log in' is clicked on

2022-01-15 22:15:40 - [MESSAGE][PASSED] - Object: 'Object Repository/Page_Home page/a_Log in' is clicked on

2022-01-15 22:15:40 - [TEST_STEP][PASSED] - setText(findTestObject("Object Repository/Page_Home page Log in to the site/input_Username_username"), "admin"): Text 'admin' is set on object 'Object Repository/Page_Home page Log in to the site/input_Username_username'

2022-01-15 22:15:41 - [MESSAGE][PASSED] - Text 'admin' is set on object 'Object Repository/Page_Home page Log in to the site/input_Username_username'

2022-01-15 22:15:41 - [TEST_STEP][PASSED] - setEncryptedText(findTestObject("Object Repository/Page_Home page Log in to the site/input_Password_password"), "OFhcon1PzObx3ErJAwGfGA=="): Text ****** has been set on object 'Object Repository/Page_Home page Log in to the site/input_Password_password'

2022-01-15 22:15:41 - [MESSAGE][PASSED] - Text ****** has been set on object 'Object Repository/Page_Home page Log in to the site/input_Password_password'

2022-01-15 22:15:41 - [TEST_STEP][PASSED] - click(findTestObject("Object Repository/Page_Home page Log in to the site/button_Log in")): Object: 'Object Repository/Page_Home page Log in to the site/button_Log in' is clicked on

2022-01-15 22:15:43 - [MESSAGE][PASSED] - Object: 'Object Repository/Page_Home page Log in to the site/button_Log in' is clicked on

2022-01-15 22:15:43 - [TEST_STEP][PASSED] - click(findTestObject("Object Repository/Page_My courses/a_Site administration")): Object: 'Object Repository/Page_My courses/a_Site administration' is clicked on

2022-01-15 22:15:46 - [MESSAGE][PASSED] - Object: 'Object Repository/Page_My courses/a_Site administration' is clicked on

2022-01-15 22:15:46 - [TEST_STEP][PASSED] - click(findTestObject("Object Repository/Page_Group10 Administration Search/a_Courses")): Object: 'Object Repository/Page_Group10 Administration Search/a_Courses' is clicked on

2022-01-15 22:15:46 - [MESSAGE][PASSED] - Object: 'Object Repository/Page_Group10 Administration Search/a_Courses' is clicked on

2022-01-15 22:15:46 - [TEST_STEP][PASSED] - click(findTestObject("Object Repository/Page_Group10 Administration Search/a_Manage courses and categories")): Object: 'Object Repository/Page_Group10 Administration Search/a_Manage courses and categories' is clicked on

2022-01-15 22:15:47 - [MESSAGE][PASSED] - Object: 'Object Repository/Page_Group10 Administration Search/a_Manage courses and categories' is clicked on

2022-01-15 22:15:47 - [TEST_STEP][PASSED] - click(findTestObject("Object Repository/Page_Course and category management/i_H quan tri c s d liu_yui_3_17_2_1_1642039_4632b5")): Object: 'Object Repository/Page_Course and category management/i_H quan tri c s d liu_yui_3_17_2_1_1642039_4632b5' is clicked on

2022-01-15 22:15:49 - [MESSAGE][PASSED] - Object: 'Object Repository/Page_Course and category management/i_H quan tri c s d liu_yui_3_17_2_1_1642039_4632b5' is clicked on

2022-01-15 22:15:49 - [TEST_STEP][PASSED] - setText(findTestObject("Object Repository/Page_Edit course settings/input_Course full name_fullname"), "Hệ quản trị cơ sở dữ liệu (edited)"): Text 'Hệ quản trị cơ sở dữ liệu (edited)' is set on object 'Object Repository/Page_Edit course settings/input_Course full name_fullname'

2022-01-15 22:15:51 - [MESSAGE][PASSED] - Text 'Hệ quản trị cơ sở dữ liệu (edited)' is set on object 'Object Repository/Page_Edit course settings/input_Course full name_fullname'

2022-01-15 22:15:51 - [TEST_STEP][PASSED] - click(findTestObject("Object Repository/Page_Edit course settings/input_Enable_enddateenabled")): Object: 'Object Repository/Page_Edit course settings/input_Enable_enddateenabled' is clicked on

2022-01-15 22:15:51 - [MESSAGE][PASSED] - Object: 'Object Repository/Page_Edit course settings/input_Enable_enddateenabled' is clicked on

2022-01-15 22:15:51 - [TEST_STEP][PASSED] - setText(findTestObject("Object Repository/Page_Edit course settings/div_this is summary"), "this is summary"): Text 'this is summary' is set on object 'Object Repository/Page_Edit course settings/div_this is summary'

2022-01-15 22:15:52 - [MESSAGE][PASSED] - Text 'this is summary' is set on object 'Object Repository/Page_Edit course settings/div_this is summary'

2022-01-15 22:15:52 - [TEST_STEP][PASSED] - click(findTestObject("Object Repository/Page_Edit course settings/input__saveanddisplay")): Object: 'Object Repository/Page_Edit course settings/input__saveanddisplay' is clicked on

2022-01-15 22:15:54 - [MESSAGE][PASSED] - Object: 'Object Repository/Page_Edit course settings/input__saveanddisplay' is clicked on

2022-01-15 22:15:54 - [TEST_STEP][PASSED] - click(findTestObject("Object Repository/Page_Edit course settings/a_Site administration")): Object: 'Object Repository/Page_Edit course settings/a_Site administration' is clicked on

2022-01-15 22:15:56 - [MESSAGE][PASSED] - Object: 'Object Repository/Page_Edit course settings/a_Site administration' is clicked on

2022-01-15 22:15:56 - [TEST_STEP][PASSED] - click(findTestObject("Object Repository/Page_Group10 Administration Search/a_Courses")): Object: 'Object Repository/Page_Group10 Administration Search/a_Courses' is clicked on

2022-01-15 22:15:56 - [MESSAGE][PASSED] - Object: 'Object Repository/Page_Group10 Administration Search/a_Courses' is clicked on

2022-01-15 22:15:56 - [TEST_STEP][PASSED] - click(findTestObject("Object Repository/Page_Group10 Administration Search/a_Manage courses and categories")): Object: 'Object Repository/Page_Group10 Administration Search/a_Manage courses and categories' is clicked on

2022-01-15 22:15:57 - [MESSAGE][PASSED] - Object: 'Object Repository/Page_Group10 Administration Search/a_Manage courses and categories' is clicked on

2022-01-15 22:15:57 - [TEST_STEP][PASSED] - click(findTestObject("Object Repository/Page_Course and category management/i_H quan tri c s d liu (edited)_yui_3_17_2__de8f09")): Object: 'Object Repository/Page_Course and category management/i_H quan tri c s d liu (edited)_yui_3_17_2__de8f09' is clicked on

2022-01-15 22:15:59 - [MESSAGE][PASSED] - Object: 'Object Repository/Page_Course and category management/i_H quan tri c s d liu (edited)_yui_3_17_2__de8f09' is clicked on

2022-01-15 22:15:59 - [TEST_STEP][PASSED] - setText(findTestObject("Object Repository/Page_Edit course settings/input_Course full name_fullname"), "Hệ quản trị cơ sở dữ liệu"): Text 'Hệ quản trị cơ sở dữ liệu' is set on object 'Object Repository/Page_Edit course settings/input_Course full name_fullname'

2022-01-15 22:16:01 - [MESSAGE][PASSED] - Text 'Hệ quản trị cơ sở dữ liệu' is set on object 'Object Repository/Page_Edit course settings/input_Course full name_fullname'

2022-01-15 22:16:01 - [TEST_STEP][PASSED] - click(findTestObject("Object Repository/Page_Edit course settings/input_Enable_enddateenabled")): Object: 'Object Repository/Page_Edit course settings/input_Enable_enddateenabled' is clicked on

2022-01-15 22:16:01 - [MESSAGE][PASSED] - Object: 'Object Repository/Page_Edit course settings/input_Enable_enddateenabled' is clicked on

2022-01-15 22:16:01 - [TEST_STEP][PASSED] - click(findTestObject("Object Repository/Page_Edit course settings/input__saveandreturn")): Object: 'Object Repository/Page_Edit course settings/input__saveandreturn' is clicked on

2022-01-15 22:16:03 - [MESSAGE][PASSED] - Object: 'Object Repository/Page_Edit course settings/input__saveandreturn' is clicked on

2022-01-15 22:16:03 - [TEST_STEP][PASSED] - click(findTestObject("Object Repository/Page_Course and category management/a_AU")): Object: 'Object Repository/Page_Course and category management/a_AU' is clicked on

2022-01-15 22:16:03 - [MESSAGE][PASSED] - Object: 'Object Repository/Page_Course and category management/a_AU' is clicked on

2022-01-15 22:16:03 - [TEST_STEP][PASSED] - click(findTestObject("Object Repository/Page_Course and category management/a_Log out")): Object: 'Object Repository/Page_Course and category management/a_Log out' is clicked on

2022-01-15 22:16:04 - [MESSAGE][PASSED] - Object: 'Object Repository/Page_Course and category management/a_Log out' is clicked on

2022-01-15 22:16:04 - [TEST_STEP][PASSED] - closeBrowser(): Browser is closed

2022-01-15 22:16:05 - [MESSAGE][PASSED] - Browser is closed]]></system-out>
         <system-err><![CDATA[]]></system-err>
      </testcase>
      <testcase name="Test Cases/Delete a course - ADMIN" time="31.273" classname="Test Cases/Delete a course - ADMIN" status="PASSED">
         <system-out><![CDATA[2022-01-15 22:16:05 - [TEST_CASE][PASSED] - Test Cases/Delete a course - ADMIN: Test Cases/Delete a course - ADMIN

2022-01-15 22:16:05 - [TEST_STEP][PASSED] - openBrowser(""): Browser is opened with url: ''

2022-01-15 22:16:05 - [MESSAGE][INFO] - Starting 'Edge Chromium' driver

2022-01-15 22:16:08 - [MESSAGE][INFO] - Action delay is set to 0 milliseconds

2022-01-15 22:16:09 - [MESSAGE][PASSED] - Browser is opened with url: ''

2022-01-15 22:16:09 - [TEST_STEP][PASSED] - navigateToUrl("http://localhost/"): Navigate to 'http://localhost/' successfully

2022-01-15 22:16:09 - [MESSAGE][PASSED] - Navigate to 'http://localhost/' successfully

2022-01-15 22:16:09 - [TEST_STEP][PASSED] - click(findTestObject("Page_Home page/a_Log in")): Object: 'Object Repository/Page_Home page/a_Log in' is clicked on

2022-01-15 22:16:10 - [MESSAGE][PASSED] - Object: 'Object Repository/Page_Home page/a_Log in' is clicked on

2022-01-15 22:16:10 - [TEST_STEP][PASSED] - setText(findTestObject("Page_Home page Log in to the site/input_Username_username"), "admin"): Text 'admin' is set on object 'Object Repository/Page_Home page Log in to the site/input_Username_username'

2022-01-15 22:16:11 - [MESSAGE][PASSED] - Text 'admin' is set on object 'Object Repository/Page_Home page Log in to the site/input_Username_username'

2022-01-15 22:16:11 - [TEST_STEP][PASSED] - setEncryptedText(findTestObject("Page_Home page Log in to the site/input_Password_password"), "OFhcon1PzObx3ErJAwGfGA=="): Text ****** has been set on object 'Object Repository/Page_Home page Log in to the site/input_Password_password'

2022-01-15 22:16:12 - [MESSAGE][PASSED] - Text ****** has been set on object 'Object Repository/Page_Home page Log in to the site/input_Password_password'

2022-01-15 22:16:12 - [TEST_STEP][PASSED] - click(findTestObject("Page_Home page Log in to the site/button_Log in")): Object: 'Object Repository/Page_Home page Log in to the site/button_Log in' is clicked on

2022-01-15 22:16:13 - [MESSAGE][PASSED] - Object: 'Object Repository/Page_Home page Log in to the site/button_Log in' is clicked on

2022-01-15 22:16:13 - [TEST_STEP][PASSED] - click(findTestObject("Page_Dashboard/a_Site administration")): Object: 'Object Repository/Page_Dashboard/a_Site administration' is clicked on

2022-01-15 22:16:15 - [MESSAGE][PASSED] - Object: 'Object Repository/Page_Dashboard/a_Site administration' is clicked on

2022-01-15 22:16:15 - [TEST_STEP][PASSED] - click(findTestObject("Page_Group10 Administration Search/a_Courses")): Object: 'Object Repository/Page_Group10 Administration Search/a_Courses' is clicked on

2022-01-15 22:16:16 - [MESSAGE][PASSED] - Object: 'Object Repository/Page_Group10 Administration Search/a_Courses' is clicked on

2022-01-15 22:16:16 - [TEST_STEP][PASSED] - click(findTestObject("Page_Group10 Administration Search/a_Add a new course")): Object: 'Object Repository/Page_Group10 Administration Search/a_Add a new course' is clicked on

2022-01-15 22:16:17 - [MESSAGE][PASSED] - Object: 'Object Repository/Page_Group10 Administration Search/a_Add a new course' is clicked on

2022-01-15 22:16:17 - [TEST_STEP][PASSED] - click(findTestObject("Object Repository/Page_Group10 Add a new course/input_Course full name_fullname")): Object: 'Object Repository/Page_Group10 Add a new course/input_Course full name_fullname' is clicked on

2022-01-15 22:16:19 - [MESSAGE][PASSED] - Object: 'Object Repository/Page_Group10 Add a new course/input_Course full name_fullname' is clicked on

2022-01-15 22:16:19 - [TEST_STEP][PASSED] - setText(findTestObject("Object Repository/Page_Group10 Add a new course/input_Course full name_fullname"), "Course test for delete"): Text 'Course test for delete' is set on object 'Object Repository/Page_Group10 Add a new course/input_Course full name_fullname'

2022-01-15 22:16:20 - [MESSAGE][PASSED] - Text 'Course test for delete' is set on object 'Object Repository/Page_Group10 Add a new course/input_Course full name_fullname'

2022-01-15 22:16:20 - [TEST_STEP][PASSED] - setText(findTestObject("Object Repository/Page_Group10 Add a new course/input_Course short name_shortname"), "testdelete"): Text 'testdelete' is set on object 'Object Repository/Page_Group10 Add a new course/input_Course short name_shortname'

2022-01-15 22:16:20 - [MESSAGE][PASSED] - Text 'testdelete' is set on object 'Object Repository/Page_Group10 Add a new course/input_Course short name_shortname'

2022-01-15 22:16:20 - [TEST_STEP][PASSED] - click(findTestObject("Object Repository/Page_Group10 Add a new course/label_Enable")): Object: 'Object Repository/Page_Group10 Add a new course/label_Enable' is clicked on

2022-01-15 22:16:21 - [MESSAGE][PASSED] - Object: 'Object Repository/Page_Group10 Add a new course/label_Enable' is clicked on

2022-01-15 22:16:21 - [TEST_STEP][PASSED] - click(findTestObject("Object Repository/Page_Group10 Add a new course/input__saveanddisplay")): Object: 'Object Repository/Page_Group10 Add a new course/input__saveanddisplay' is clicked on

2022-01-15 22:16:22 - [MESSAGE][PASSED] - Object: 'Object Repository/Page_Group10 Add a new course/input__saveanddisplay' is clicked on

2022-01-15 22:16:22 - [TEST_STEP][PASSED] - click(findTestObject("Object Repository/Page_Course Course test for delete/a_Site administration")): Object: 'Object Repository/Page_Course Course test for delete/a_Site administration' is clicked on

2022-01-15 22:16:24 - [MESSAGE][PASSED] - Object: 'Object Repository/Page_Course Course test for delete/a_Site administration' is clicked on

2022-01-15 22:16:24 - [TEST_STEP][PASSED] - click(findTestObject("Page_Group10 Administration Search/a_Courses")): Object: 'Object Repository/Page_Group10 Administration Search/a_Courses' is clicked on

2022-01-15 22:16:25 - [MESSAGE][PASSED] - Object: 'Object Repository/Page_Group10 Administration Search/a_Courses' is clicked on

2022-01-15 22:16:25 - [TEST_STEP][PASSED] - click(findTestObject("Page_Group10 Administration Search/a_Manage courses and categories")): Object: 'Object Repository/Page_Group10 Administration Search/a_Manage courses and categories' is clicked on

2022-01-15 22:16:26 - [MESSAGE][PASSED] - Object: 'Object Repository/Page_Group10 Administration Search/a_Manage courses and categories' is clicked on

2022-01-15 22:16:26 - [TEST_STEP][PASSED] - click(findTestObject("Page_Course and category management/a_Sort courses")): Object: 'Object Repository/Page_Course and category management/a_Sort courses' is clicked on

2022-01-15 22:16:27 - [MESSAGE][PASSED] - Object: 'Object Repository/Page_Course and category management/a_Sort courses' is clicked on

2022-01-15 22:16:27 - [TEST_STEP][PASSED] - click(findTestObject("Page_Course and category management/span_Sort by Course time created descending")): Object: 'Object Repository/Page_Course and category management/span_Sort by Course time created descending' is clicked on

2022-01-15 22:16:29 - [MESSAGE][PASSED] - Object: 'Object Repository/Page_Course and category management/span_Sort by Course time created descending' is clicked on

2022-01-15 22:16:29 - [TEST_STEP][PASSED] - click(findTestObject("Object Repository/Page_Course and category management/i_Course test for delete_yui_3_17_2_1_16420_0ef4d4")): Object: 'Object Repository/Page_Course and category management/i_Course test for delete_yui_3_17_2_1_16420_0ef4d4' is clicked on

2022-01-15 22:16:30 - [MESSAGE][PASSED] - Object: 'Object Repository/Page_Course and category management/i_Course test for delete_yui_3_17_2_1_16420_0ef4d4' is clicked on

2022-01-15 22:16:30 - [TEST_STEP][PASSED] - click(findTestObject("Object Repository/Page_Group10 Delete testdelete/button_Delete")): Object: 'Object Repository/Page_Group10 Delete testdelete/button_Delete' is clicked on

2022-01-15 22:16:32 - [MESSAGE][PASSED] - Object: 'Object Repository/Page_Group10 Delete testdelete/button_Delete' is clicked on

2022-01-15 22:16:32 - [TEST_STEP][PASSED] - click(findTestObject("Object Repository/Page_Group10 Deleting testdelete/button_Continue")): Object: 'Object Repository/Page_Group10 Deleting testdelete/button_Continue' is clicked on

2022-01-15 22:16:34 - [MESSAGE][PASSED] - Object: 'Object Repository/Page_Group10 Deleting testdelete/button_Continue' is clicked on

2022-01-15 22:16:34 - [TEST_STEP][PASSED] - click(findTestObject("Object Repository/Page_Course and category management/span_AU")): Object: 'Object Repository/Page_Course and category management/span_AU' is clicked on

2022-01-15 22:16:35 - [MESSAGE][PASSED] - Object: 'Object Repository/Page_Course and category management/span_AU' is clicked on

2022-01-15 22:16:35 - [TEST_STEP][PASSED] - click(findTestObject("Page_Course and category management/a_Log out")): Object: 'Object Repository/Page_Course and category management/a_Log out' is clicked on

2022-01-15 22:16:36 - [MESSAGE][PASSED] - Object: 'Object Repository/Page_Course and category management/a_Log out' is clicked on

2022-01-15 22:16:36 - [TEST_STEP][PASSED] - closeBrowser(): Browser is closed

2022-01-15 22:16:36 - [MESSAGE][PASSED] - Browser is closed]]></system-out>
         <system-err><![CDATA[]]></system-err>
      </testcase>
      <testcase name="Test Cases/Edit role - ADMIN" time="30.263" classname="Test Cases/Edit role - ADMIN" status="PASSED">
         <system-out><![CDATA[2022-01-15 22:16:36 - [TEST_CASE][PASSED] - Test Cases/Edit role - ADMIN: Test Cases/Edit role - ADMIN

2022-01-15 22:16:37 - [TEST_STEP][PASSED] - openBrowser(""): Browser is opened with url: ''

2022-01-15 22:16:37 - [MESSAGE][INFO] - Starting 'Edge Chromium' driver

2022-01-15 22:16:39 - [MESSAGE][INFO] - Action delay is set to 0 milliseconds

2022-01-15 22:16:40 - [MESSAGE][PASSED] - Browser is opened with url: ''

2022-01-15 22:16:40 - [TEST_STEP][PASSED] - navigateToUrl("http://localhost/"): Navigate to 'http://localhost/' successfully

2022-01-15 22:16:42 - [MESSAGE][PASSED] - Navigate to 'http://localhost/' successfully

2022-01-15 22:16:42 - [TEST_STEP][PASSED] - click(findTestObject("Page_Home page/a_Log in")): Object: 'Object Repository/Page_Home page/a_Log in' is clicked on

2022-01-15 22:16:43 - [MESSAGE][PASSED] - Object: 'Object Repository/Page_Home page/a_Log in' is clicked on

2022-01-15 22:16:43 - [TEST_STEP][PASSED] - setText(findTestObject("Page_Home page Log in to the site/input_Username_username"), "admin"): Text 'admin' is set on object 'Object Repository/Page_Home page Log in to the site/input_Username_username'

2022-01-15 22:16:44 - [MESSAGE][PASSED] - Text 'admin' is set on object 'Object Repository/Page_Home page Log in to the site/input_Username_username'

2022-01-15 22:16:44 - [TEST_STEP][PASSED] - setEncryptedText(findTestObject("Page_Home page Log in to the site/input_Password_password"), "OFhcon1PzObx3ErJAwGfGA=="): Text ****** has been set on object 'Object Repository/Page_Home page Log in to the site/input_Password_password'

2022-01-15 22:16:45 - [MESSAGE][PASSED] - Text ****** has been set on object 'Object Repository/Page_Home page Log in to the site/input_Password_password'

2022-01-15 22:16:45 - [TEST_STEP][PASSED] - click(findTestObject("Page_Home page Log in to the site/button_Log in")): Object: 'Object Repository/Page_Home page Log in to the site/button_Log in' is clicked on

2022-01-15 22:16:46 - [MESSAGE][PASSED] - Object: 'Object Repository/Page_Home page Log in to the site/button_Log in' is clicked on

2022-01-15 22:16:46 - [TEST_STEP][PASSED] - click(findTestObject("Page_Dashboard/a_Site administration")): Object: 'Object Repository/Page_Dashboard/a_Site administration' is clicked on

2022-01-15 22:16:48 - [MESSAGE][PASSED] - Object: 'Object Repository/Page_Dashboard/a_Site administration' is clicked on

2022-01-15 22:16:48 - [TEST_STEP][PASSED] - click(findTestObject("Page_Group10 Administration Search/a_Users")): Object: 'Object Repository/Page_Group10 Administration Search/a_Users' is clicked on

2022-01-15 22:16:49 - [MESSAGE][PASSED] - Object: 'Object Repository/Page_Group10 Administration Search/a_Users' is clicked on

2022-01-15 22:16:49 - [TEST_STEP][PASSED] - click(findTestObject("Page_Group10 Administration Search/a_Define roles")): Object: 'Object Repository/Page_Group10 Administration Search/a_Define roles' is clicked on

2022-01-15 22:16:50 - [MESSAGE][PASSED] - Object: 'Object Repository/Page_Group10 Administration Search/a_Define roles' is clicked on

2022-01-15 22:16:50 - [TEST_STEP][PASSED] - click(findTestObject("Object Repository/Page_Group10 Administration Users Permissio_4e74a7/i_guest_icon fa fa-cog fa-fw")): Object: 'Object Repository/Page_Group10 Administration Users Permissio_4e74a7/i_guest_icon fa fa-cog fa-fw' is clicked on

2022-01-15 22:16:52 - [MESSAGE][PASSED] - Object: 'Object Repository/Page_Group10 Administration Users Permissio_4e74a7/i_guest_icon fa fa-cog fa-fw' is clicked on

2022-01-15 22:16:52 - [TEST_STEP][PASSED] - click(findTestObject("Object Repository/Page_Group10 Administration Users Permissio_4e74a7/input_Short name_shortname")): Object: 'Object Repository/Page_Group10 Administration Users Permissio_4e74a7/input_Short name_shortname' is clicked on

2022-01-15 22:16:52 - [MESSAGE][PASSED] - Object: 'Object Repository/Page_Group10 Administration Users Permissio_4e74a7/input_Short name_shortname' is clicked on

2022-01-15 22:16:52 - [TEST_STEP][PASSED] - setText(findTestObject("Object Repository/Page_Group10 Administration Users Permissio_4e74a7/input_Custom full name_name"), "Guest of Site"): Text 'Guest of Site' is set on object 'Object Repository/Page_Group10 Administration Users Permissio_4e74a7/input_Custom full name_name'

2022-01-15 22:16:53 - [MESSAGE][PASSED] - Text 'Guest of Site' is set on object 'Object Repository/Page_Group10 Administration Users Permissio_4e74a7/input_Custom full name_name'

2022-01-15 22:16:53 - [TEST_STEP][PASSED] - setText(findTestObject("Object Repository/Page_Group10 Administration Users Permissio_4e74a7/textarea_Custom description_description"), "this is the guest"): Text 'this is the guest' is set on object 'Object Repository/Page_Group10 Administration Users Permissio_4e74a7/textarea_Custom description_description'

2022-01-15 22:16:54 - [MESSAGE][PASSED] - Text 'this is the guest' is set on object 'Object Repository/Page_Group10 Administration Users Permissio_4e74a7/textarea_Custom description_description'

2022-01-15 22:16:54 - [TEST_STEP][PASSED] - click(findTestObject("Object Repository/Page_Group10 Administration Users Permissio_4e74a7/input_Context types where this role may be _9568cf")): Object: 'Object Repository/Page_Group10 Administration Users Permissio_4e74a7/input_Context types where this role may be _9568cf' is clicked on

2022-01-15 22:16:54 - [MESSAGE][PASSED] - Object: 'Object Repository/Page_Group10 Administration Users Permissio_4e74a7/input_Context types where this role may be _9568cf' is clicked on

2022-01-15 22:16:54 - [TEST_STEP][PASSED] - click(findTestObject("Object Repository/Page_Group10 Administration Users Permissio_4e74a7/input_concat(Editing role , , Guest, , )_sa_01291b")): Object: 'Object Repository/Page_Group10 Administration Users Permissio_4e74a7/input_concat(Editing role , , Guest, , )_sa_01291b' is clicked on

2022-01-15 22:16:56 - [MESSAGE][PASSED] - Object: 'Object Repository/Page_Group10 Administration Users Permissio_4e74a7/input_concat(Editing role , , Guest, , )_sa_01291b' is clicked on

2022-01-15 22:16:56 - [TEST_STEP][PASSED] - click(findTestObject("Page_Dashboard/a_Site administration")): Object: 'Object Repository/Page_Dashboard/a_Site administration' is clicked on

2022-01-15 22:16:57 - [MESSAGE][PASSED] - Object: 'Object Repository/Page_Dashboard/a_Site administration' is clicked on

2022-01-15 22:16:57 - [TEST_STEP][PASSED] - click(findTestObject("Page_Group10 Administration Search/a_Users")): Object: 'Object Repository/Page_Group10 Administration Search/a_Users' is clicked on

2022-01-15 22:16:58 - [MESSAGE][PASSED] - Object: 'Object Repository/Page_Group10 Administration Search/a_Users' is clicked on

2022-01-15 22:16:58 - [TEST_STEP][PASSED] - click(findTestObject("Page_Group10 Administration Search/a_Define roles")): Object: 'Object Repository/Page_Group10 Administration Search/a_Define roles' is clicked on

2022-01-15 22:16:59 - [MESSAGE][PASSED] - Object: 'Object Repository/Page_Group10 Administration Search/a_Define roles' is clicked on

2022-01-15 22:16:59 - [TEST_STEP][PASSED] - click(findTestObject("Object Repository/Page_Group10 Administration Users Permissio_4e74a7/i_guest_icon fa fa-cog fa-fw")): Object: 'Object Repository/Page_Group10 Administration Users Permissio_4e74a7/i_guest_icon fa fa-cog fa-fw' is clicked on

2022-01-15 22:17:01 - [MESSAGE][PASSED] - Object: 'Object Repository/Page_Group10 Administration Users Permissio_4e74a7/i_guest_icon fa fa-cog fa-fw' is clicked on

2022-01-15 22:17:01 - [TEST_STEP][PASSED] - click(findTestObject("Object Repository/Page_Group10 Administration Users Permissio_4e74a7/div_Custom full name")): Object: 'Object Repository/Page_Group10 Administration Users Permissio_4e74a7/div_Custom full name' is clicked on

2022-01-15 22:17:01 - [MESSAGE][PASSED] - Object: 'Object Repository/Page_Group10 Administration Users Permissio_4e74a7/div_Custom full name' is clicked on

2022-01-15 22:17:01 - [TEST_STEP][PASSED] - setText(findTestObject("Object Repository/Page_Group10 Administration Users Permissio_4e74a7/input_Custom full name_name"), ""): Text '' is set on object 'Object Repository/Page_Group10 Administration Users Permissio_4e74a7/input_Custom full name_name'

2022-01-15 22:17:02 - [MESSAGE][PASSED] - Text '' is set on object 'Object Repository/Page_Group10 Administration Users Permissio_4e74a7/input_Custom full name_name'

2022-01-15 22:17:02 - [TEST_STEP][PASSED] - setText(findTestObject("Object Repository/Page_Group10 Administration Users Permissio_4e74a7/textarea_this is the guest"), ""): Text '' is set on object 'Object Repository/Page_Group10 Administration Users Permissio_4e74a7/textarea_this is the guest'

2022-01-15 22:17:03 - [MESSAGE][PASSED] - Text '' is set on object 'Object Repository/Page_Group10 Administration Users Permissio_4e74a7/textarea_this is the guest'

2022-01-15 22:17:03 - [TEST_STEP][PASSED] - click(findTestObject("Object Repository/Page_Group10 Administration Users Permissio_4e74a7/input_concat(Editing role , , Guest, , )_sa_01291b")): Object: 'Object Repository/Page_Group10 Administration Users Permissio_4e74a7/input_concat(Editing role , , Guest, , )_sa_01291b' is clicked on

2022-01-15 22:17:04 - [MESSAGE][PASSED] - Object: 'Object Repository/Page_Group10 Administration Users Permissio_4e74a7/input_concat(Editing role , , Guest, , )_sa_01291b' is clicked on

2022-01-15 22:17:04 - [TEST_STEP][PASSED] - click(findTestObject("Object Repository/Page_Group10 Administration Users Permissio_4e74a7/a_AU")): Object: 'Object Repository/Page_Group10 Administration Users Permissio_4e74a7/a_AU' is clicked on

2022-01-15 22:17:05 - [MESSAGE][PASSED] - Object: 'Object Repository/Page_Group10 Administration Users Permissio_4e74a7/a_AU' is clicked on

2022-01-15 22:17:05 - [TEST_STEP][PASSED] - click(findTestObject("Object Repository/Page_Group10 Administration Users Permissio_4e74a7/a_Log out")): Object: 'Object Repository/Page_Group10 Administration Users Permissio_4e74a7/a_Log out' is clicked on

2022-01-15 22:17:06 - [MESSAGE][PASSED] - Object: 'Object Repository/Page_Group10 Administration Users Permissio_4e74a7/a_Log out' is clicked on

2022-01-15 22:17:06 - [TEST_STEP][PASSED] - closeBrowser(): Browser is closed

2022-01-15 22:17:07 - [MESSAGE][PASSED] - Browser is closed]]></system-out>
         <system-err><![CDATA[]]></system-err>
      </testcase>
      <testcase name="Test Cases/Add a new role - ADMIN" time="30.274" classname="Test Cases/Add a new role - ADMIN" status="PASSED">
         <system-out><![CDATA[2022-01-15 22:17:07 - [TEST_CASE][PASSED] - Test Cases/Add a new role - ADMIN: Test Cases/Add a new role - ADMIN

2022-01-15 22:17:07 - [TEST_STEP][PASSED] - openBrowser(""): Browser is opened with url: ''

2022-01-15 22:17:07 - [MESSAGE][INFO] - Starting 'Edge Chromium' driver

2022-01-15 22:17:09 - [MESSAGE][INFO] - Action delay is set to 0 milliseconds

2022-01-15 22:17:10 - [MESSAGE][PASSED] - Browser is opened with url: ''

2022-01-15 22:17:10 - [TEST_STEP][PASSED] - navigateToUrl("http://localhost/"): Navigate to 'http://localhost/' successfully

2022-01-15 22:17:11 - [MESSAGE][PASSED] - Navigate to 'http://localhost/' successfully

2022-01-15 22:17:11 - [TEST_STEP][PASSED] - click(findTestObject("Page_Home page/a_Log in")): Object: 'Object Repository/Page_Home page/a_Log in' is clicked on

2022-01-15 22:17:13 - [MESSAGE][PASSED] - Object: 'Object Repository/Page_Home page/a_Log in' is clicked on

2022-01-15 22:17:13 - [TEST_STEP][PASSED] - setText(findTestObject("Page_Home page Log in to the site/input_Username_username"), "admin"): Text 'admin' is set on object 'Object Repository/Page_Home page Log in to the site/input_Username_username'

2022-01-15 22:17:13 - [MESSAGE][PASSED] - Text 'admin' is set on object 'Object Repository/Page_Home page Log in to the site/input_Username_username'

2022-01-15 22:17:13 - [TEST_STEP][PASSED] - setEncryptedText(findTestObject("Page_Home page Log in to the site/input_Password_password"), "OFhcon1PzObx3ErJAwGfGA=="): Text ****** has been set on object 'Object Repository/Page_Home page Log in to the site/input_Password_password'

2022-01-15 22:17:14 - [MESSAGE][PASSED] - Text ****** has been set on object 'Object Repository/Page_Home page Log in to the site/input_Password_password'

2022-01-15 22:17:14 - [TEST_STEP][PASSED] - click(findTestObject("Page_Home page Log in to the site/button_Log in")): Object: 'Object Repository/Page_Home page Log in to the site/button_Log in' is clicked on

2022-01-15 22:17:16 - [MESSAGE][PASSED] - Object: 'Object Repository/Page_Home page Log in to the site/button_Log in' is clicked on

2022-01-15 22:17:16 - [TEST_STEP][PASSED] - click(findTestObject("Page_Dashboard/a_Site administration")): Object: 'Object Repository/Page_Dashboard/a_Site administration' is clicked on

2022-01-15 22:17:18 - [MESSAGE][PASSED] - Object: 'Object Repository/Page_Dashboard/a_Site administration' is clicked on

2022-01-15 22:17:18 - [TEST_STEP][PASSED] - click(findTestObject("Page_Group10 Administration Search/a_Users")): Object: 'Object Repository/Page_Group10 Administration Search/a_Users' is clicked on

2022-01-15 22:17:19 - [MESSAGE][PASSED] - Object: 'Object Repository/Page_Group10 Administration Search/a_Users' is clicked on

2022-01-15 22:17:19 - [TEST_STEP][PASSED] - click(findTestObject("Page_Group10 Administration Search/a_Define roles")): Object: 'Object Repository/Page_Group10 Administration Search/a_Define roles' is clicked on

2022-01-15 22:17:20 - [MESSAGE][PASSED] - Object: 'Object Repository/Page_Group10 Administration Search/a_Define roles' is clicked on

2022-01-15 22:17:20 - [TEST_STEP][PASSED] - click(findTestObject("Object Repository/Page_Group10 Administration Users Permissio_4e74a7/button_Add a new role")): Object: 'Object Repository/Page_Group10 Administration Users Permissio_4e74a7/button_Add a new role' is clicked on

2022-01-15 22:17:22 - [MESSAGE][PASSED] - Object: 'Object Repository/Page_Group10 Administration Users Permissio_4e74a7/button_Add a new role' is clicked on

2022-01-15 22:17:22 - [TEST_STEP][PASSED] - selectOptionByValue(findTestObject("Object Repository/Page_Group10 Administration Users Permissio_4e74a7/select_No role                        Manag_ae1fc0"), "guest", true): All options with value 'guest' are selected in object 'Object Repository/Page_Group10 Administration Users Permissio_4e74a7/select_No role                        Manag_ae1fc0'  using regular expression

2022-01-15 22:17:23 - [MESSAGE][PASSED] - All options with value 'guest' are selected in object 'Object Repository/Page_Group10 Administration Users Permissio_4e74a7/select_No role                        Manag_ae1fc0'  using regular expression

2022-01-15 22:17:23 - [TEST_STEP][PASSED] - click(findTestObject("Object Repository/Page_Group10 Administration Users Permissio_4e74a7/input_Drop files here to upload_submitbutton")): Object: 'Object Repository/Page_Group10 Administration Users Permissio_4e74a7/input_Drop files here to upload_submitbutton' is clicked on

2022-01-15 22:17:26 - [MESSAGE][PASSED] - Object: 'Object Repository/Page_Group10 Administration Users Permissio_4e74a7/input_Drop files here to upload_submitbutton' is clicked on

2022-01-15 22:17:26 - [TEST_STEP][PASSED] - setText(findTestObject("Page_Group10 Administration Users Permissio_4e74a7/input_Short name_shortname"), "guesttest"): Text 'guesttest' is set on object 'Object Repository/Page_Group10 Administration Users Permissio_4e74a7/input_Short name_shortname'

2022-01-15 22:17:26 - [MESSAGE][PASSED] - Text 'guesttest' is set on object 'Object Repository/Page_Group10 Administration Users Permissio_4e74a7/input_Short name_shortname'

2022-01-15 22:17:26 - [TEST_STEP][PASSED] - setText(findTestObject("Page_Group10 Administration Users Permissio_4e74a7/input_Custom full name_name"), "Guest For Test"): Text 'Guest For Test' is set on object 'Object Repository/Page_Group10 Administration Users Permissio_4e74a7/input_Custom full name_name'

2022-01-15 22:17:27 - [MESSAGE][PASSED] - Text 'Guest For Test' is set on object 'Object Repository/Page_Group10 Administration Users Permissio_4e74a7/input_Custom full name_name'

2022-01-15 22:17:27 - [TEST_STEP][PASSED] - setText(findTestObject("Page_Group10 Administration Users Permissio_4e74a7/textarea_Custom description_description"), "This is role for testing automation"): Text 'This is role for testing automation' is set on object 'Object Repository/Page_Group10 Administration Users Permissio_4e74a7/textarea_Custom description_description'

2022-01-15 22:17:28 - [MESSAGE][PASSED] - Text 'This is role for testing automation' is set on object 'Object Repository/Page_Group10 Administration Users Permissio_4e74a7/textarea_Custom description_description'

2022-01-15 22:17:28 - [TEST_STEP][PASSED] - click(findTestObject("Page_Group10 Administration Users Permissio_4e74a7/input_Context types where this role may be _9568cf")): Object: 'Object Repository/Page_Group10 Administration Users Permissio_4e74a7/input_Context types where this role may be _9568cf' is clicked on

2022-01-15 22:17:29 - [MESSAGE][PASSED] - Object: 'Object Repository/Page_Group10 Administration Users Permissio_4e74a7/input_Context types where this role may be _9568cf' is clicked on

2022-01-15 22:17:29 - [TEST_STEP][PASSED] - click(findTestObject("Object Repository/Page_Group10 Administration Users Permissio_4e74a7/input_Adding a new role_savechanges")): Object: 'Object Repository/Page_Group10 Administration Users Permissio_4e74a7/input_Adding a new role_savechanges' is clicked on

2022-01-15 22:17:31 - [MESSAGE][PASSED] - Object: 'Object Repository/Page_Group10 Administration Users Permissio_4e74a7/input_Adding a new role_savechanges' is clicked on

2022-01-15 22:17:31 - [TEST_STEP][PASSED] - click(findTestObject("Object Repository/Page_Group10 Administration Users Permissio_4e74a7/button_List all roles")): Object: 'Object Repository/Page_Group10 Administration Users Permissio_4e74a7/button_List all roles' is clicked on

2022-01-15 22:17:32 - [MESSAGE][PASSED] - Object: 'Object Repository/Page_Group10 Administration Users Permissio_4e74a7/button_List all roles' is clicked on

2022-01-15 22:17:32 - [TEST_STEP][PASSED] - click(findTestObject("Object Repository/Page_Group10 Administration Users Permissio_4e74a7/i_guesttest_icon fa fa-trash fa-fw")): Object: 'Object Repository/Page_Group10 Administration Users Permissio_4e74a7/i_guesttest_icon fa fa-trash fa-fw' is clicked on

2022-01-15 22:17:33 - [MESSAGE][PASSED] - Object: 'Object Repository/Page_Group10 Administration Users Permissio_4e74a7/i_guesttest_icon fa fa-trash fa-fw' is clicked on

2022-01-15 22:17:33 - [TEST_STEP][PASSED] - click(findTestObject("Object Repository/Page_Group10 Administration Users Permissio_4e74a7/button_Yes")): Object: 'Object Repository/Page_Group10 Administration Users Permissio_4e74a7/button_Yes' is clicked on

2022-01-15 22:17:35 - [MESSAGE][PASSED] - Object: 'Object Repository/Page_Group10 Administration Users Permissio_4e74a7/button_Yes' is clicked on

2022-01-15 22:17:35 - [TEST_STEP][PASSED] - click(findTestObject("Page_Group10 Administration Users Permissio_4e74a7/a_AU")): Object: 'Object Repository/Page_Group10 Administration Users Permissio_4e74a7/a_AU' is clicked on

2022-01-15 22:17:35 - [MESSAGE][PASSED] - Object: 'Object Repository/Page_Group10 Administration Users Permissio_4e74a7/a_AU' is clicked on

2022-01-15 22:17:35 - [TEST_STEP][PASSED] - click(findTestObject("Page_Group10 Administration Users Permissio_4e74a7/a_Log out")): Object: 'Object Repository/Page_Group10 Administration Users Permissio_4e74a7/a_Log out' is clicked on

2022-01-15 22:17:36 - [MESSAGE][PASSED] - Object: 'Object Repository/Page_Group10 Administration Users Permissio_4e74a7/a_Log out' is clicked on

2022-01-15 22:17:36 - [TEST_STEP][PASSED] - closeBrowser(): Browser is closed

2022-01-15 22:17:37 - [MESSAGE][PASSED] - Browser is closed]]></system-out>
         <system-err><![CDATA[]]></system-err>
      </testcase>
      <testcase name="Test Cases/Add a discussion topic - ADMIN" time="28.438" classname="Test Cases/Add a discussion topic - ADMIN" status="PASSED">
         <system-out><![CDATA[2022-01-15 22:17:37 - [TEST_CASE][PASSED] - Test Cases/Add a discussion topic - ADMIN: Test Cases/Add a discussion topic - ADMIN

2022-01-15 22:17:37 - [TEST_STEP][PASSED] - openBrowser(""): Browser is opened with url: ''

2022-01-15 22:17:37 - [MESSAGE][INFO] - Starting 'Edge Chromium' driver

2022-01-15 22:17:40 - [MESSAGE][INFO] - Action delay is set to 0 milliseconds

2022-01-15 22:17:40 - [MESSAGE][PASSED] - Browser is opened with url: ''

2022-01-15 22:17:40 - [TEST_STEP][PASSED] - navigateToUrl("http://localhost/"): Navigate to 'http://localhost/' successfully

2022-01-15 22:17:42 - [MESSAGE][PASSED] - Navigate to 'http://localhost/' successfully

2022-01-15 22:17:42 - [TEST_STEP][PASSED] - click(findTestObject("Page_Home page/a_Log in")): Object: 'Object Repository/Page_Home page/a_Log in' is clicked on

2022-01-15 22:17:43 - [MESSAGE][PASSED] - Object: 'Object Repository/Page_Home page/a_Log in' is clicked on

2022-01-15 22:17:43 - [TEST_STEP][PASSED] - setText(findTestObject("Page_Home page Log in to the site/input_Username_username"), "admin"): Text 'admin' is set on object 'Object Repository/Page_Home page Log in to the site/input_Username_username'

2022-01-15 22:17:44 - [MESSAGE][PASSED] - Text 'admin' is set on object 'Object Repository/Page_Home page Log in to the site/input_Username_username'

2022-01-15 22:17:44 - [TEST_STEP][PASSED] - setEncryptedText(findTestObject("Page_Home page Log in to the site/input_Password_password"), "OFhcon1PzObx3ErJAwGfGA=="): Text ****** has been set on object 'Object Repository/Page_Home page Log in to the site/input_Password_password'

2022-01-15 22:17:44 - [MESSAGE][PASSED] - Text ****** has been set on object 'Object Repository/Page_Home page Log in to the site/input_Password_password'

2022-01-15 22:17:44 - [TEST_STEP][PASSED] - click(findTestObject("Page_Home page Log in to the site/button_Log in")): Object: 'Object Repository/Page_Home page Log in to the site/button_Log in' is clicked on

2022-01-15 22:17:46 - [MESSAGE][PASSED] - Object: 'Object Repository/Page_Home page Log in to the site/button_Log in' is clicked on

2022-01-15 22:17:46 - [TEST_STEP][PASSED] - click(findTestObject("forum/Page_Dashboard/a_Home")): Object: 'Object Repository/forum/Page_Dashboard/a_Home' is clicked on

2022-01-15 22:17:49 - [MESSAGE][PASSED] - Object: 'Object Repository/forum/Page_Dashboard/a_Home' is clicked on

2022-01-15 22:17:49 - [TEST_STEP][PASSED] - click(findTestObject("Object Repository/forum/Page_Home page/a_Add a new topic")): Object: 'Object Repository/forum/Page_Home page/a_Add a new topic' is clicked on

2022-01-15 22:17:50 - [MESSAGE][PASSED] - Object: 'Object Repository/forum/Page_Home page/a_Add a new topic' is clicked on

2022-01-15 22:17:50 - [TEST_STEP][PASSED] - setText(findTestObject("Object Repository/forum/Page_Home page/input_Subject_subject"), "Testing add new topic"): Text 'Testing add new topic' is set on object 'Object Repository/forum/Page_Home page/input_Subject_subject'

2022-01-15 22:17:51 - [MESSAGE][PASSED] - Text 'Testing add new topic' is set on object 'Object Repository/forum/Page_Home page/input_Subject_subject'

2022-01-15 22:17:51 - [TEST_STEP][PASSED] - click(findTestObject("Object Repository/forum/Page_Home page/p")): Object: 'Object Repository/forum/Page_Home page/p' is clicked on

2022-01-15 22:17:51 - [MESSAGE][PASSED] - Object: 'Object Repository/forum/Page_Home page/p' is clicked on

2022-01-15 22:17:51 - [TEST_STEP][PASSED] - setText(findTestObject("Object Repository/forum/Page_Home page/div_Hello this is a new topic"), "Hello this is a new topic"): Text 'Hello this is a new topic' is set on object 'Object Repository/forum/Page_Home page/div_Hello this is a new topic'

2022-01-15 22:17:53 - [MESSAGE][PASSED] - Text 'Hello this is a new topic' is set on object 'Object Repository/forum/Page_Home page/div_Hello this is a new topic'

2022-01-15 22:17:53 - [TEST_STEP][PASSED] - click(findTestObject("Object Repository/forum/Page_Home page/input_Rich text editor_submitbutton")): Object: 'Object Repository/forum/Page_Home page/input_Rich text editor_submitbutton' is clicked on

2022-01-15 22:17:55 - [MESSAGE][PASSED] - Object: 'Object Repository/forum/Page_Home page/input_Rich text editor_submitbutton' is clicked on

2022-01-15 22:17:55 - [TEST_STEP][PASSED] - click(findTestObject("Object Repository/forum/Page_Site announcements/a_Testing add new topic")): Object: 'Object Repository/forum/Page_Site announcements/a_Testing add new topic' is clicked on

2022-01-15 22:17:56 - [MESSAGE][PASSED] - Object: 'Object Repository/forum/Page_Site announcements/a_Testing add new topic' is clicked on

2022-01-15 22:17:56 - [TEST_STEP][PASSED] - click(findTestObject("Object Repository/forum/Page_Group10 Testing add new topic/a_Home")): Object: 'Object Repository/forum/Page_Group10 Testing add new topic/a_Home' is clicked on

2022-01-15 22:17:58 - [MESSAGE][PASSED] - Object: 'Object Repository/forum/Page_Group10 Testing add new topic/a_Home' is clicked on

2022-01-15 22:17:58 - [TEST_STEP][PASSED] - click(findTestObject("Object Repository/forum/Page_Home page/a_Discuss this topic")): Object: 'Object Repository/forum/Page_Home page/a_Discuss this topic' is clicked on

2022-01-15 22:18:00 - [MESSAGE][PASSED] - Object: 'Object Repository/forum/Page_Home page/a_Discuss this topic' is clicked on

2022-01-15 22:18:00 - [TEST_STEP][PASSED] - click(findTestObject("Object Repository/forum/Page_Group10 Testing add new topic/a_Delete")): Object: 'Object Repository/forum/Page_Group10 Testing add new topic/a_Delete' is clicked on

2022-01-15 22:18:01 - [MESSAGE][PASSED] - Object: 'Object Repository/forum/Page_Group10 Testing add new topic/a_Delete' is clicked on

2022-01-15 22:18:01 - [TEST_STEP][PASSED] - click(findTestObject("Object Repository/forum/Page_Group10/button_Continue")): Object: 'Object Repository/forum/Page_Group10/button_Continue' is clicked on

2022-01-15 22:18:03 - [MESSAGE][PASSED] - Object: 'Object Repository/forum/Page_Group10/button_Continue' is clicked on

2022-01-15 22:18:03 - [TEST_STEP][PASSED] - click(findTestObject("Object Repository/forum/Page_Site announcements/a_AU")): Object: 'Object Repository/forum/Page_Site announcements/a_AU' is clicked on

2022-01-15 22:18:03 - [MESSAGE][PASSED] - Object: 'Object Repository/forum/Page_Site announcements/a_AU' is clicked on

2022-01-15 22:18:03 - [TEST_STEP][PASSED] - click(findTestObject("Object Repository/forum/Page_Site announcements/a_Log out")): Object: 'Object Repository/forum/Page_Site announcements/a_Log out' is clicked on

2022-01-15 22:18:05 - [MESSAGE][PASSED] - Object: 'Object Repository/forum/Page_Site announcements/a_Log out' is clicked on

2022-01-15 22:18:05 - [TEST_STEP][PASSED] - closeBrowser(): Browser is closed

2022-01-15 22:18:05 - [MESSAGE][PASSED] - Browser is closed]]></system-out>
         <system-err><![CDATA[]]></system-err>
      </testcase>
      <testcase name="Test Cases/Subscribe to forum - ADMIN" time="21.477" classname="Test Cases/Subscribe to forum - ADMIN" status="PASSED">
         <system-out><![CDATA[2022-01-15 22:18:05 - [TEST_CASE][PASSED] - Test Cases/Subscribe to forum - ADMIN: Test Cases/Subscribe to forum - ADMIN

2022-01-15 22:18:06 - [TEST_STEP][PASSED] - openBrowser(""): Browser is opened with url: ''

2022-01-15 22:18:06 - [MESSAGE][INFO] - Starting 'Edge Chromium' driver

2022-01-15 22:18:08 - [MESSAGE][INFO] - Action delay is set to 0 milliseconds

2022-01-15 22:18:09 - [MESSAGE][PASSED] - Browser is opened with url: ''

2022-01-15 22:18:09 - [TEST_STEP][PASSED] - navigateToUrl("http://localhost/"): Navigate to 'http://localhost/' successfully

2022-01-15 22:18:10 - [MESSAGE][PASSED] - Navigate to 'http://localhost/' successfully

2022-01-15 22:18:10 - [TEST_STEP][PASSED] - click(findTestObject("Object Repository/forum/Page_Home page/a_Log in")): Object: 'Object Repository/forum/Page_Home page/a_Log in' is clicked on

2022-01-15 22:18:11 - [MESSAGE][PASSED] - Object: 'Object Repository/forum/Page_Home page/a_Log in' is clicked on

2022-01-15 22:18:11 - [TEST_STEP][PASSED] - setText(findTestObject("Object Repository/forum/Page_Home page Log in to the site/input_Username_username"), "admin"): Text 'admin' is set on object 'Object Repository/forum/Page_Home page Log in to the site/input_Username_username'

2022-01-15 22:18:12 - [MESSAGE][PASSED] - Text 'admin' is set on object 'Object Repository/forum/Page_Home page Log in to the site/input_Username_username'

2022-01-15 22:18:12 - [TEST_STEP][PASSED] - setEncryptedText(findTestObject("Object Repository/forum/Page_Home page Log in to the site/input_Password_password"), "OFhcon1PzObx3ErJAwGfGA=="): Text ****** has been set on object 'Object Repository/forum/Page_Home page Log in to the site/input_Password_password'

2022-01-15 22:18:13 - [MESSAGE][PASSED] - Text ****** has been set on object 'Object Repository/forum/Page_Home page Log in to the site/input_Password_password'

2022-01-15 22:18:13 - [TEST_STEP][PASSED] - click(findTestObject("Object Repository/forum/Page_Home page Log in to the site/button_Log in")): Object: 'Object Repository/forum/Page_Home page Log in to the site/button_Log in' is clicked on

2022-01-15 22:18:14 - [MESSAGE][PASSED] - Object: 'Object Repository/forum/Page_Home page Log in to the site/button_Log in' is clicked on

2022-01-15 22:18:14 - [TEST_STEP][PASSED] - click(findTestObject("Object Repository/forum/Page_Dashboard/a_Home")): Object: 'Object Repository/forum/Page_Dashboard/a_Home' is clicked on

2022-01-15 22:18:17 - [MESSAGE][PASSED] - Object: 'Object Repository/forum/Page_Dashboard/a_Home' is clicked on

2022-01-15 22:18:17 - [TEST_STEP][PASSED] - click(findTestObject("Object Repository/forum/Page_Home page/a_Subscribe to forum")): Object: 'Object Repository/forum/Page_Home page/a_Subscribe to forum' is clicked on

2022-01-15 22:18:19 - [MESSAGE][PASSED] - Object: 'Object Repository/forum/Page_Home page/a_Subscribe to forum' is clicked on

2022-01-15 22:18:19 - [TEST_STEP][PASSED] - click(findTestObject("Object Repository/forum/Page_Site announcements/a_Subscriptions")): Object: 'Object Repository/forum/Page_Site announcements/a_Subscriptions' is clicked on

2022-01-15 22:18:20 - [MESSAGE][PASSED] - Object: 'Object Repository/forum/Page_Site announcements/a_Subscriptions' is clicked on

2022-01-15 22:18:20 - [TEST_STEP][PASSED] - click(findTestObject("Object Repository/forum/Page_Subscribers/a_Forum")): Object: 'Object Repository/forum/Page_Subscribers/a_Forum' is clicked on

2022-01-15 22:18:21 - [MESSAGE][PASSED] - Object: 'Object Repository/forum/Page_Subscribers/a_Forum' is clicked on

2022-01-15 22:18:21 - [TEST_STEP][PASSED] - click(findTestObject("Object Repository/forum/Page_Site announcements/a_Unsubscribe from forum")): Object: 'Object Repository/forum/Page_Site announcements/a_Unsubscribe from forum' is clicked on

2022-01-15 22:18:23 - [MESSAGE][PASSED] - Object: 'Object Repository/forum/Page_Site announcements/a_Unsubscribe from forum' is clicked on

2022-01-15 22:18:23 - [TEST_STEP][PASSED] - click(findTestObject("Object Repository/forum/Page_Site announcements/a_Subscriptions_1")): Object: 'Object Repository/forum/Page_Site announcements/a_Subscriptions_1' is clicked on

2022-01-15 22:18:24 - [MESSAGE][PASSED] - Object: 'Object Repository/forum/Page_Site announcements/a_Subscriptions_1' is clicked on

2022-01-15 22:18:24 - [TEST_STEP][PASSED] - click(findTestObject("Object Repository/forum/Page_Subscribers/a_AU")): Object: 'Object Repository/forum/Page_Subscribers/a_AU' is clicked on

2022-01-15 22:18:25 - [MESSAGE][PASSED] - Object: 'Object Repository/forum/Page_Subscribers/a_AU' is clicked on

2022-01-15 22:18:25 - [TEST_STEP][PASSED] - click(findTestObject("Object Repository/forum/Page_Subscribers/a_Log out")): Object: 'Object Repository/forum/Page_Subscribers/a_Log out' is clicked on

2022-01-15 22:18:26 - [MESSAGE][PASSED] - Object: 'Object Repository/forum/Page_Subscribers/a_Log out' is clicked on

2022-01-15 22:18:26 - [TEST_STEP][PASSED] - closeBrowser(): Browser is closed

2022-01-15 22:18:27 - [MESSAGE][PASSED] - Browser is closed]]></system-out>
         <system-err><![CDATA[]]></system-err>
      </testcase>
      <testcase name="Test Cases/Enroll teacher into course" time="60.463" classname="Test Cases/Enroll teacher into course" status="PASSED">
         <system-out><![CDATA[2022-01-15 22:18:27 - [TEST_CASE][PASSED] - Test Cases/Enroll teacher into course: Test Cases/Enroll teacher into course

2022-01-15 22:18:27 - [TEST_STEP][PASSED] - openBrowser(""): Browser is opened with url: ''

2022-01-15 22:18:27 - [MESSAGE][INFO] - Starting 'Edge Chromium' driver

2022-01-15 22:18:30 - [MESSAGE][INFO] - Action delay is set to 0 milliseconds

2022-01-15 22:18:31 - [MESSAGE][PASSED] - Browser is opened with url: ''

2022-01-15 22:18:31 - [TEST_STEP][PASSED] - navigateToUrl("http://localhost/"): Navigate to 'http://localhost/' successfully

2022-01-15 22:18:32 - [MESSAGE][PASSED] - Navigate to 'http://localhost/' successfully

2022-01-15 22:18:32 - [TEST_STEP][PASSED] - click(findTestObject("Page_Home page/a_Log in")): Object: 'Object Repository/Page_Home page/a_Log in' is clicked on

2022-01-15 22:18:33 - [MESSAGE][PASSED] - Object: 'Object Repository/Page_Home page/a_Log in' is clicked on

2022-01-15 22:18:33 - [TEST_STEP][PASSED] - setText(findTestObject("Page_Home page Log in to the site/input_Username_username"), "admin"): Text 'admin' is set on object 'Object Repository/Page_Home page Log in to the site/input_Username_username'

2022-01-15 22:18:34 - [MESSAGE][PASSED] - Text 'admin' is set on object 'Object Repository/Page_Home page Log in to the site/input_Username_username'

2022-01-15 22:18:34 - [TEST_STEP][PASSED] - setEncryptedText(findTestObject("Page_Home page Log in to the site/input_Password_password"), "OFhcon1PzObx3ErJAwGfGA=="): Text ****** has been set on object 'Object Repository/Page_Home page Log in to the site/input_Password_password'

2022-01-15 22:18:34 - [MESSAGE][PASSED] - Text ****** has been set on object 'Object Repository/Page_Home page Log in to the site/input_Password_password'

2022-01-15 22:18:34 - [TEST_STEP][PASSED] - click(findTestObject("Page_Home page Log in to the site/button_Log in")): Object: 'Object Repository/Page_Home page Log in to the site/button_Log in' is clicked on

2022-01-15 22:18:36 - [MESSAGE][PASSED] - Object: 'Object Repository/Page_Home page Log in to the site/button_Log in' is clicked on

2022-01-15 22:18:36 - [TEST_STEP][PASSED] - click(findTestObject("Object Repository/Page_TA Participants/a_My courses")): Object: 'Object Repository/Page_TA Participants/a_My courses' is clicked on

2022-01-15 22:18:38 - [MESSAGE][PASSED] - Object: 'Object Repository/Page_TA Participants/a_My courses' is clicked on

2022-01-15 22:18:38 - [TEST_STEP][PASSED] - click(findTestObject("Object Repository/Page_My courses/span_H quan tri c s d liu")): Object: 'Object Repository/Page_My courses/span_H quan tri c s d liu' is clicked on

2022-01-15 22:18:40 - [MESSAGE][PASSED] - Object: 'Object Repository/Page_My courses/span_H quan tri c s d liu' is clicked on

2022-01-15 22:18:40 - [TEST_STEP][PASSED] - click(findTestObject("Object Repository/Page_Course H quan tri c s d liu/a_Participants")): Object: 'Object Repository/Page_Course H quan tri c s d liu/a_Participants' is clicked on

2022-01-15 22:18:42 - [MESSAGE][PASSED] - Object: 'Object Repository/Page_Course H quan tri c s d liu/a_Participants' is clicked on

2022-01-15 22:18:42 - [TEST_STEP][PASSED] - click(findTestObject("Page_HQTCSDL Participants/input_Participants tertiary navigation_btn btn-primary")): Object: 'Object Repository/Page_HQTCSDL Participants/input_Participants tertiary navigation_btn btn-primary' is clicked on

2022-01-15 22:18:42 - [MESSAGE][PASSED] - Object: 'Object Repository/Page_HQTCSDL Participants/input_Participants tertiary navigation_btn btn-primary' is clicked on

2022-01-15 22:18:42 - [TEST_STEP][PASSED] - click(findTestObject("Page_HQTCSDL Participants/span_")): Object: 'Object Repository/Page_HQTCSDL Participants/span_' is clicked on

2022-01-15 22:18:44 - [MESSAGE][PASSED] - Object: 'Object Repository/Page_HQTCSDL Participants/span_' is clicked on

2022-01-15 22:18:44 - [TEST_STEP][PASSED] - click(findTestObject("Page_HQTCSDL Participants/li_Nguyen Nga    teacher1email.com")): Object: 'Object Repository/Page_HQTCSDL Participants/li_Nguyen Nga    teacher1email.com' is clicked on

2022-01-15 22:18:45 - [MESSAGE][PASSED] - Object: 'Object Repository/Page_HQTCSDL Participants/li_Nguyen Nga    teacher1email.com' is clicked on

2022-01-15 22:18:45 - [TEST_STEP][PASSED] - click(findTestObject("Object Repository/Page_HQTCSDL Participants/div_Assign role")): Object: 'Object Repository/Page_HQTCSDL Participants/div_Assign role' is clicked on

2022-01-15 22:18:46 - [MESSAGE][PASSED] - Object: 'Object Repository/Page_HQTCSDL Participants/div_Assign role' is clicked on

2022-01-15 22:18:46 - [TEST_STEP][PASSED] - selectOptionByLabel(findTestObject("Page_HQTCSDL Participants/select_Manager            Teacher          _ffc00f"), "Teacher", false): All options with label 'Teacher' are selected in object 'Object Repository/Page_HQTCSDL Participants/select_Manager            Teacher          _ffc00f' 

2022-01-15 22:18:47 - [MESSAGE][PASSED] - All options with label 'Teacher' are selected in object 'Object Repository/Page_HQTCSDL Participants/select_Manager            Teacher          _ffc00f' 

2022-01-15 22:18:47 - [TEST_STEP][PASSED] - click(findTestObject("Object Repository/Page_HQTCSDL Participants/button_Enrol users")): Object: 'Object Repository/Page_HQTCSDL Participants/button_Enrol users' is clicked on

2022-01-15 22:18:47 - [MESSAGE][PASSED] - Object: 'Object Repository/Page_HQTCSDL Participants/button_Enrol users' is clicked on

2022-01-15 22:18:47 - [TEST_STEP][PASSED] - click(findTestObject("Object Repository/Page_TA Participants/a_My courses")): Object: 'Object Repository/Page_TA Participants/a_My courses' is clicked on

2022-01-15 22:18:53 - [MESSAGE][PASSED] - Object: 'Object Repository/Page_TA Participants/a_My courses' is clicked on

2022-01-15 22:18:53 - [TEST_STEP][PASSED] - click(findTestObject("Page_My courses/span_Test Automation")): Object: 'Object Repository/Page_My courses/span_Test Automation' is clicked on

2022-01-15 22:18:55 - [MESSAGE][PASSED] - Object: 'Object Repository/Page_My courses/span_Test Automation' is clicked on

2022-01-15 22:18:55 - [TEST_STEP][PASSED] - click(findTestObject("Object Repository/Page_Course H quan tri c s d liu/a_Participants")): Object: 'Object Repository/Page_Course H quan tri c s d liu/a_Participants' is clicked on

2022-01-15 22:18:57 - [MESSAGE][PASSED] - Object: 'Object Repository/Page_Course H quan tri c s d liu/a_Participants' is clicked on

2022-01-15 22:18:57 - [TEST_STEP][PASSED] - click(findTestObject("Page_HQTCSDL Participants/input_Participants tertiary navigation_btn btn-primary")): Object: 'Object Repository/Page_HQTCSDL Participants/input_Participants tertiary navigation_btn btn-primary' is clicked on

2022-01-15 22:18:58 - [MESSAGE][PASSED] - Object: 'Object Repository/Page_HQTCSDL Participants/input_Participants tertiary navigation_btn btn-primary' is clicked on

2022-01-15 22:18:58 - [TEST_STEP][PASSED] - click(findTestObject("Page_HQTCSDL Participants/span_")): Object: 'Object Repository/Page_HQTCSDL Participants/span_' is clicked on

2022-01-15 22:18:59 - [MESSAGE][PASSED] - Object: 'Object Repository/Page_HQTCSDL Participants/span_' is clicked on

2022-01-15 22:18:59 - [TEST_STEP][PASSED] - click(findTestObject("Page_HQTCSDL Participants/li_Nguyen Nga    teacher1email.com")): Object: 'Object Repository/Page_HQTCSDL Participants/li_Nguyen Nga    teacher1email.com' is clicked on

2022-01-15 22:19:00 - [MESSAGE][PASSED] - Object: 'Object Repository/Page_HQTCSDL Participants/li_Nguyen Nga    teacher1email.com' is clicked on

2022-01-15 22:19:00 - [TEST_STEP][PASSED] - click(findTestObject("Object Repository/Page_HQTCSDL Participants/div_Assign role")): Object: 'Object Repository/Page_HQTCSDL Participants/div_Assign role' is clicked on

2022-01-15 22:19:01 - [MESSAGE][PASSED] - Object: 'Object Repository/Page_HQTCSDL Participants/div_Assign role' is clicked on

2022-01-15 22:19:01 - [TEST_STEP][PASSED] - selectOptionByLabel(findTestObject("Page_HQTCSDL Participants/select_Manager            Teacher            Non-editing teacher            Student"), "Teacher", false): All options with label 'Teacher' are selected in object 'Object Repository/Page_HQTCSDL Participants/select_Manager            Teacher            Non-editing teacher            Student' 

2022-01-15 22:19:02 - [MESSAGE][PASSED] - All options with label 'Teacher' are selected in object 'Object Repository/Page_HQTCSDL Participants/select_Manager            Teacher            Non-editing teacher            Student' 

2022-01-15 22:19:02 - [TEST_STEP][PASSED] - click(findTestObject("Object Repository/Page_HQTCSDL Participants/button_Enrol users")): Object: 'Object Repository/Page_HQTCSDL Participants/button_Enrol users' is clicked on

2022-01-15 22:19:02 - [MESSAGE][PASSED] - Object: 'Object Repository/Page_HQTCSDL Participants/button_Enrol users' is clicked on

2022-01-15 22:19:02 - [TEST_STEP][PASSED] - click(findTestObject("Object Repository/Page_HQTCSDL Participants/a_AU")): Object: 'Object Repository/Page_HQTCSDL Participants/a_AU' is clicked on

2022-01-15 22:19:03 - [MESSAGE][PASSED] - Object: 'Object Repository/Page_HQTCSDL Participants/a_AU' is clicked on

2022-01-15 22:19:03 - [TEST_STEP][PASSED] - click(findTestObject("Object Repository/Page_HQTCSDL Participants/a_Log out")): Object: 'Object Repository/Page_HQTCSDL Participants/a_Log out' is clicked on

2022-01-15 22:19:05 - [MESSAGE][PASSED] - Object: 'Object Repository/Page_HQTCSDL Participants/a_Log out' is clicked on

2022-01-15 22:19:05 - [TEST_STEP][PASSED] - click(findTestObject("Page_Home page/a_Log in")): Object: 'Object Repository/Page_Home page/a_Log in' is clicked on

2022-01-15 22:19:05 - [MESSAGE][PASSED] - Object: 'Object Repository/Page_Home page/a_Log in' is clicked on

2022-01-15 22:19:05 - [TEST_STEP][PASSED] - setText(findTestObject("Page_Home page Log in to the site/input_Username_username"), "teacher1"): Text 'teacher1' is set on object 'Object Repository/Page_Home page Log in to the site/input_Username_username'

2022-01-15 22:19:06 - [MESSAGE][PASSED] - Text 'teacher1' is set on object 'Object Repository/Page_Home page Log in to the site/input_Username_username'

2022-01-15 22:19:06 - [TEST_STEP][PASSED] - setEncryptedText(findTestObject("Page_Home page Log in to the site/input_Password_password"), "OFhcon1PzObx3ErJAwGfGA=="): Text ****** has been set on object 'Object Repository/Page_Home page Log in to the site/input_Password_password'

2022-01-15 22:19:07 - [MESSAGE][PASSED] - Text ****** has been set on object 'Object Repository/Page_Home page Log in to the site/input_Password_password'

2022-01-15 22:19:07 - [TEST_STEP][PASSED] - click(findTestObject("Page_Home page Log in to the site/button_Log in")): Object: 'Object Repository/Page_Home page Log in to the site/button_Log in' is clicked on

2022-01-15 22:19:09 - [MESSAGE][PASSED] - Object: 'Object Repository/Page_Home page Log in to the site/button_Log in' is clicked on

2022-01-15 22:19:09 - [TEST_STEP][PASSED] - click(findTestObject("Page_TA Participants/a_My courses")): Object: 'Object Repository/Page_TA Participants/a_My courses' is clicked on

2022-01-15 22:19:10 - [MESSAGE][PASSED] - Object: 'Object Repository/Page_TA Participants/a_My courses' is clicked on

2022-01-15 22:19:10 - [TEST_STEP][PASSED] - click(findTestObject("Object Repository/Page_My courses/span_H quan tri c s d liu")): Object: 'Object Repository/Page_My courses/span_H quan tri c s d liu' is clicked on

2022-01-15 22:19:12 - [MESSAGE][PASSED] - Object: 'Object Repository/Page_My courses/span_H quan tri c s d liu' is clicked on

2022-01-15 22:19:12 - [TEST_STEP][PASSED] - click(findTestObject("Object Repository/Page_Course H quan tri c s d liu/a_Participants")): Object: 'Object Repository/Page_Course H quan tri c s d liu/a_Participants' is clicked on

2022-01-15 22:19:13 - [MESSAGE][PASSED] - Object: 'Object Repository/Page_Course H quan tri c s d liu/a_Participants' is clicked on

2022-01-15 22:19:13 - [TEST_STEP][PASSED] - click(findTestObject("Object Repository/Page_HQTCSDL Participants/a_NN")): Object: 'Object Repository/Page_HQTCSDL Participants/a_NN' is clicked on

2022-01-15 22:19:14 - [MESSAGE][PASSED] - Object: 'Object Repository/Page_HQTCSDL Participants/a_NN' is clicked on

2022-01-15 22:19:14 - [TEST_STEP][PASSED] - click(findTestObject("Object Repository/Page_HQTCSDL Participants/a_Log out")): Object: 'Object Repository/Page_HQTCSDL Participants/a_Log out' is clicked on

2022-01-15 22:19:15 - [MESSAGE][PASSED] - Object: 'Object Repository/Page_HQTCSDL Participants/a_Log out' is clicked on

2022-01-15 22:19:15 - [TEST_STEP][PASSED] - click(findTestObject("Page_Home page/a_Log in")): Object: 'Object Repository/Page_Home page/a_Log in' is clicked on

2022-01-15 22:19:15 - [MESSAGE][PASSED] - Object: 'Object Repository/Page_Home page/a_Log in' is clicked on

2022-01-15 22:19:15 - [TEST_STEP][PASSED] - setText(findTestObject("Page_Home page Log in to the site/input_Username_username"), "admin"): Text 'admin' is set on object 'Object Repository/Page_Home page Log in to the site/input_Username_username'

2022-01-15 22:19:16 - [MESSAGE][PASSED] - Text 'admin' is set on object 'Object Repository/Page_Home page Log in to the site/input_Username_username'

2022-01-15 22:19:16 - [TEST_STEP][PASSED] - setEncryptedText(findTestObject("Page_Home page Log in to the site/input_Password_password"), "OFhcon1PzObx3ErJAwGfGA=="): Text ****** has been set on object 'Object Repository/Page_Home page Log in to the site/input_Password_password'

2022-01-15 22:19:17 - [MESSAGE][PASSED] - Text ****** has been set on object 'Object Repository/Page_Home page Log in to the site/input_Password_password'

2022-01-15 22:19:17 - [TEST_STEP][PASSED] - click(findTestObject("Page_Home page Log in to the site/button_Log in")): Object: 'Object Repository/Page_Home page Log in to the site/button_Log in' is clicked on

2022-01-15 22:19:18 - [MESSAGE][PASSED] - Object: 'Object Repository/Page_Home page Log in to the site/button_Log in' is clicked on

2022-01-15 22:19:18 - [TEST_STEP][PASSED] - click(findTestObject("Page_TA Participants/a_My courses")): Object: 'Object Repository/Page_TA Participants/a_My courses' is clicked on

2022-01-15 22:19:20 - [MESSAGE][PASSED] - Object: 'Object Repository/Page_TA Participants/a_My courses' is clicked on

2022-01-15 22:19:20 - [TEST_STEP][PASSED] - click(findTestObject("Object Repository/Page_My courses/span_H quan tri c s d liu")): Object: 'Object Repository/Page_My courses/span_H quan tri c s d liu' is clicked on

2022-01-15 22:19:22 - [MESSAGE][PASSED] - Object: 'Object Repository/Page_My courses/span_H quan tri c s d liu' is clicked on

2022-01-15 22:19:22 - [TEST_STEP][PASSED] - click(findTestObject("Object Repository/Page_Course H quan tri c s d liu/a_Participants")): Object: 'Object Repository/Page_Course H quan tri c s d liu/a_Participants' is clicked on

2022-01-15 22:19:23 - [MESSAGE][PASSED] - Object: 'Object Repository/Page_Course H quan tri c s d liu/a_Participants' is clicked on

2022-01-15 22:19:23 - [TEST_STEP][PASSED] - click(findTestObject("Object Repository/Page_HQTCSDL Participants/i_Active_icon fa fa-trash fa-fw")): Object: 'Object Repository/Page_HQTCSDL Participants/i_Active_icon fa fa-trash fa-fw' is clicked on

2022-01-15 22:19:24 - [MESSAGE][PASSED] - Object: 'Object Repository/Page_HQTCSDL Participants/i_Active_icon fa fa-trash fa-fw' is clicked on

2022-01-15 22:19:24 - [TEST_STEP][PASSED] - click(findTestObject("Object Repository/Page_HQTCSDL Participants/button_Unenrol")): Object: 'Object Repository/Page_HQTCSDL Participants/button_Unenrol' is clicked on

2022-01-15 22:19:25 - [MESSAGE][PASSED] - Object: 'Object Repository/Page_HQTCSDL Participants/button_Unenrol' is clicked on

2022-01-15 22:19:25 - [TEST_STEP][PASSED] - click(findTestObject("Object Repository/Page_HQTCSDL Participants/a_AU")): Object: 'Object Repository/Page_HQTCSDL Participants/a_AU' is clicked on

2022-01-15 22:19:25 - [MESSAGE][PASSED] - Object: 'Object Repository/Page_HQTCSDL Participants/a_AU' is clicked on

2022-01-15 22:19:25 - [TEST_STEP][PASSED] - click(findTestObject("Object Repository/Page_HQTCSDL Participants/a_Log out")): Object: 'Object Repository/Page_HQTCSDL Participants/a_Log out' is clicked on

2022-01-15 22:19:26 - [MESSAGE][PASSED] - Object: 'Object Repository/Page_HQTCSDL Participants/a_Log out' is clicked on

2022-01-15 22:19:26 - [TEST_STEP][PASSED] - closeBrowser(): Browser is closed

2022-01-15 22:19:27 - [MESSAGE][PASSED] - Browser is closed]]></system-out>
         <system-err><![CDATA[]]></system-err>
      </testcase>
      <testcase name="Test Cases/Edit Mode Home - ADMIN" time="42.992" classname="Test Cases/Edit Mode Home - ADMIN" status="FAILED">
         <failure type="FAILED" message="Test Cases/Edit Mode Home - ADMIN FAILED.
Reason:
com.kms.katalon.core.exception.StepFailedException: Unable to click on object 'Object Repository/forum/Page_Home page/span_Add an activity or resource'
	at com.kms.katalon.core.webui.keyword.internal.WebUIKeywordMain.stepFailed(WebUIKeywordMain.groovy:64)
	at com.kms.katalon.core.webui.keyword.internal.WebUIKeywordMain.runKeyword(WebUIKeywordMain.groovy:26)
	at com.kms.katalon.core.webui.keyword.builtin.ClickKeyword.click(ClickKeyword.groovy:74)
	at com.kms.katalon.core.webui.keyword.builtin.ClickKeyword.execute(ClickKeyword.groovy:40)
	at com.kms.katalon.core.keyword.internal.KeywordExecutor.executeKeywordForPlatform(KeywordExecutor.groovy:74)
	at com.kms.katalon.core.webui.keyword.WebUiBuiltInKeywords.click(WebUiBuiltInKeywords.groovy:620)
	at com.kms.katalon.core.webui.keyword.WebUiBuiltInKeywords$click$1.call(Unknown Source)
	at Edit Mode Home - ADMIN.run(Edit Mode Home - ADMIN:36)
	at com.kms.katalon.core.main.ScriptEngine.run(ScriptEngine.java:194)
	at com.kms.katalon.core.main.ScriptEngine.runScriptAsRawText(ScriptEngine.java:119)
	at com.kms.katalon.core.main.TestCaseExecutor.runScript(TestCaseExecutor.java:442)
	at com.kms.katalon.core.main.TestCaseExecutor.doExecute(TestCaseExecutor.java:433)
	at com.kms.katalon.core.main.TestCaseExecutor.processExecutionPhase(TestCaseExecutor.java:412)
	at com.kms.katalon.core.main.TestCaseExecutor.accessMainPhase(TestCaseExecutor.java:404)
	at com.kms.katalon.core.main.TestCaseExecutor.execute(TestCaseExecutor.java:281)
	at com.kms.katalon.core.main.TestSuiteExecutor.accessTestCaseMainPhase(TestSuiteExecutor.java:202)
	at com.kms.katalon.core.main.TestSuiteExecutor.accessTestSuiteMainPhase(TestSuiteExecutor.java:164)
	at com.kms.katalon.core.main.TestSuiteExecutor.execute(TestSuiteExecutor.java:105)
	at com.kms.katalon.core.main.TestCaseMain.startTestSuite(TestCaseMain.java:181)
	at com.kms.katalon.core.main.TestCaseMain$startTestSuite$0.call(Unknown Source)
	at TempTestSuite1642259181016.run(TempTestSuite1642259181016.groovy:36)
Caused by: com.kms.katalon.core.webui.exception.WebElementNotFoundException: Web element with id: 'Object Repository/forum/Page_Home page/span_Add an activity or resource' located by '//*/text()[normalize-space(.)='Add an activity or resource']/parent::*' not found
	at com.kms.katalon.core.webui.common.WebUiCommonHelper.findWebElement(WebUiCommonHelper.java:1368)
	at com.kms.katalon.core.webui.keyword.internal.WebUIAbstractKeyword.findWebElement(WebUIAbstractKeyword.groovy:27)
	at com.kms.katalon.core.webui.keyword.builtin.ClickKeyword$_click_closure1.doCall(ClickKeyword.groovy:65)
	at com.kms.katalon.core.webui.keyword.builtin.ClickKeyword$_click_closure1.call(ClickKeyword.groovy)
	at com.kms.katalon.core.webui.keyword.internal.WebUIKeywordMain.runKeyword(WebUIKeywordMain.groovy:20)
	... 19 more
"/>
         <system-out><![CDATA[2022-01-15 22:19:27 - [TEST_CASE][FAILED] - Test Cases/Edit Mode Home - ADMIN: Test Cases/Edit Mode Home - ADMIN FAILED.
Reason:
com.kms.katalon.core.exception.StepFailedException: Unable to click on object 'Object Repository/forum/Page_Home page/span_Add an activity or resource'
	at com.kms.katalon.core.webui.keyword.internal.WebUIKeywordMain.stepFailed(WebUIKeywordMain.groovy:64)
	at com.kms.katalon.core.webui.keyword.internal.WebUIKeywordMain.runKeyword(WebUIKeywordMain.groovy:26)
	at com.kms.katalon.core.webui.keyword.builtin.ClickKeyword.click(ClickKeyword.groovy:74)
	at com.kms.katalon.core.webui.keyword.builtin.ClickKeyword.execute(ClickKeyword.groovy:40)
	at com.kms.katalon.core.keyword.internal.KeywordExecutor.executeKeywordForPlatform(KeywordExecutor.groovy:74)
	at com.kms.katalon.core.webui.keyword.WebUiBuiltInKeywords.click(WebUiBuiltInKeywords.groovy:620)
	at com.kms.katalon.core.webui.keyword.WebUiBuiltInKeywords$click$1.call(Unknown Source)
	at Edit Mode Home - ADMIN.run(Edit Mode Home - ADMIN:36)
	at com.kms.katalon.core.main.ScriptEngine.run(ScriptEngine.java:194)
	at com.kms.katalon.core.main.ScriptEngine.runScriptAsRawText(ScriptEngine.java:119)
	at com.kms.katalon.core.main.TestCaseExecutor.runScript(TestCaseExecutor.java:442)
	at com.kms.katalon.core.main.TestCaseExecutor.doExecute(TestCaseExecutor.java:433)
	at com.kms.katalon.core.main.TestCaseExecutor.processExecutionPhase(TestCaseExecutor.java:412)
	at com.kms.katalon.core.main.TestCaseExecutor.accessMainPhase(TestCaseExecutor.java:404)
	at com.kms.katalon.core.main.TestCaseExecutor.execute(TestCaseExecutor.java:281)
	at com.kms.katalon.core.main.TestSuiteExecutor.accessTestCaseMainPhase(TestSuiteExecutor.java:202)
	at com.kms.katalon.core.main.TestSuiteExecutor.accessTestSuiteMainPhase(TestSuiteExecutor.java:164)
	at com.kms.katalon.core.main.TestSuiteExecutor.execute(TestSuiteExecutor.java:105)
	at com.kms.katalon.core.main.TestCaseMain.startTestSuite(TestCaseMain.java:181)
	at com.kms.katalon.core.main.TestCaseMain$startTestSuite$0.call(Unknown Source)
	at TempTestSuite1642259181016.run(TempTestSuite1642259181016.groovy:36)
Caused by: com.kms.katalon.core.webui.exception.WebElementNotFoundException: Web element with id: 'Object Repository/forum/Page_Home page/span_Add an activity or resource' located by '//*/text()[normalize-space(.)='Add an activity or resource']/parent::*' not found
	at com.kms.katalon.core.webui.common.WebUiCommonHelper.findWebElement(WebUiCommonHelper.java:1368)
	at com.kms.katalon.core.webui.keyword.internal.WebUIAbstractKeyword.findWebElement(WebUIAbstractKeyword.groovy:27)
	at com.kms.katalon.core.webui.keyword.builtin.ClickKeyword$_click_closure1.doCall(ClickKeyword.groovy:65)
	at com.kms.katalon.core.webui.keyword.builtin.ClickKeyword$_click_closure1.call(ClickKeyword.groovy)
	at com.kms.katalon.core.webui.keyword.internal.WebUIKeywordMain.runKeyword(WebUIKeywordMain.groovy:20)
	... 19 more


2022-01-15 22:19:28 - [TEST_STEP][PASSED] - openBrowser(""): Browser is opened with url: ''

2022-01-15 22:19:28 - [MESSAGE][INFO] - Starting 'Edge Chromium' driver

2022-01-15 22:19:30 - [MESSAGE][INFO] - Action delay is set to 0 milliseconds

2022-01-15 22:19:31 - [MESSAGE][PASSED] - Browser is opened with url: ''

2022-01-15 22:19:31 - [TEST_STEP][PASSED] - navigateToUrl("http://localhost/"): Navigate to 'http://localhost/' successfully

2022-01-15 22:19:32 - [MESSAGE][PASSED] - Navigate to 'http://localhost/' successfully

2022-01-15 22:19:32 - [TEST_STEP][PASSED] - click(findTestObject("Page_Home page/a_Log in")): Object: 'Object Repository/Page_Home page/a_Log in' is clicked on

2022-01-15 22:19:33 - [MESSAGE][PASSED] - Object: 'Object Repository/Page_Home page/a_Log in' is clicked on

2022-01-15 22:19:33 - [TEST_STEP][PASSED] - setText(findTestObject("Page_Home page Log in to the site/input_Username_username"), "admin"): Text 'admin' is set on object 'Object Repository/Page_Home page Log in to the site/input_Username_username'

2022-01-15 22:19:34 - [MESSAGE][PASSED] - Text 'admin' is set on object 'Object Repository/Page_Home page Log in to the site/input_Username_username'

2022-01-15 22:19:34 - [TEST_STEP][PASSED] - setEncryptedText(findTestObject("Page_Home page Log in to the site/input_Password_password"), "OFhcon1PzObx3ErJAwGfGA=="): Text ****** has been set on object 'Object Repository/Page_Home page Log in to the site/input_Password_password'

2022-01-15 22:19:34 - [MESSAGE][PASSED] - Text ****** has been set on object 'Object Repository/Page_Home page Log in to the site/input_Password_password'

2022-01-15 22:19:34 - [TEST_STEP][PASSED] - click(findTestObject("Page_Home page Log in to the site/button_Log in")): Object: 'Object Repository/Page_Home page Log in to the site/button_Log in' is clicked on

2022-01-15 22:19:36 - [MESSAGE][PASSED] - Object: 'Object Repository/Page_Home page Log in to the site/button_Log in' is clicked on

2022-01-15 22:19:36 - [TEST_STEP][PASSED] - click(findTestObject("forum/Page_Dashboard/a_Home")): Object: 'Object Repository/forum/Page_Dashboard/a_Home' is clicked on

2022-01-15 22:19:38 - [MESSAGE][PASSED] - Object: 'Object Repository/forum/Page_Dashboard/a_Home' is clicked on

2022-01-15 22:19:38 - [TEST_STEP][PASSED] - click(findTestObject("Object Repository/forum/Page_Home page/input_Edit mode_setmode")): Object: 'Object Repository/forum/Page_Home page/input_Edit mode_setmode' is clicked on

2022-01-15 22:19:39 - [MESSAGE][PASSED] - Object: 'Object Repository/forum/Page_Home page/input_Edit mode_setmode' is clicked on

2022-01-15 22:19:39 - [TEST_STEP][FAILED] - click(findTestObject("Object Repository/forum/Page_Home page/span_Add an activity or resource")): Unable to click on object 'Object Repository/forum/Page_Home page/span_Add an activity or resource' (Root cause: com.kms.katalon.core.exception.StepFailedException: Unable to click on object 'Object Repository/forum/Page_Home page/span_Add an activity or resource'
	at com.kms.katalon.core.webui.keyword.internal.WebUIKeywordMain.stepFailed(WebUIKeywordMain.groovy:64)
	at com.kms.katalon.core.webui.keyword.internal.WebUIKeywordMain.runKeyword(WebUIKeywordMain.groovy:26)
	at com.kms.katalon.core.webui.keyword.builtin.ClickKeyword.click(ClickKeyword.groovy:74)
	at com.kms.katalon.core.webui.keyword.builtin.ClickKeyword.execute(ClickKeyword.groovy:40)
	at com.kms.katalon.core.keyword.internal.KeywordExecutor.executeKeywordForPlatform(KeywordExecutor.groovy:74)
	at com.kms.katalon.core.webui.keyword.WebUiBuiltInKeywords.click(WebUiBuiltInKeywords.groovy:620)
	at com.kms.katalon.core.webui.keyword.WebUiBuiltInKeywords$click$1.call(Unknown Source)
	at Edit Mode Home - ADMIN.run(Edit Mode Home - ADMIN:36)
	at com.kms.katalon.core.main.ScriptEngine.run(ScriptEngine.java:194)
	at com.kms.katalon.core.main.ScriptEngine.runScriptAsRawText(ScriptEngine.java:119)
	at com.kms.katalon.core.main.TestCaseExecutor.runScript(TestCaseExecutor.java:442)
	at com.kms.katalon.core.main.TestCaseExecutor.doExecute(TestCaseExecutor.java:433)
	at com.kms.katalon.core.main.TestCaseExecutor.processExecutionPhase(TestCaseExecutor.java:412)
	at com.kms.katalon.core.main.TestCaseExecutor.accessMainPhase(TestCaseExecutor.java:404)
	at com.kms.katalon.core.main.TestCaseExecutor.execute(TestCaseExecutor.java:281)
	at com.kms.katalon.core.main.TestSuiteExecutor.accessTestCaseMainPhase(TestSuiteExecutor.java:202)
	at com.kms.katalon.core.main.TestSuiteExecutor.accessTestSuiteMainPhase(TestSuiteExecutor.java:164)
	at com.kms.katalon.core.main.TestSuiteExecutor.execute(TestSuiteExecutor.java:105)
	at com.kms.katalon.core.main.TestCaseMain.startTestSuite(TestCaseMain.java:181)
	at com.kms.katalon.core.main.TestCaseMain$startTestSuite$0.call(Unknown Source)
	at TempTestSuite1642259181016.run(TempTestSuite1642259181016.groovy:36)
Caused by: com.kms.katalon.core.webui.exception.WebElementNotFoundException: Web element with id: 'Object Repository/forum/Page_Home page/span_Add an activity or resource' located by '//*/text()[normalize-space(.)='Add an activity or resource']/parent::*' not found
	at com.kms.katalon.core.webui.common.WebUiCommonHelper.findWebElement(WebUiCommonHelper.java:1368)
	at com.kms.katalon.core.webui.keyword.internal.WebUIAbstractKeyword.findWebElement(WebUIAbstractKeyword.groovy:27)
	at com.kms.katalon.core.webui.keyword.builtin.ClickKeyword$_click_closure1.doCall(ClickKeyword.groovy:65)
	at com.kms.katalon.core.webui.keyword.builtin.ClickKeyword$_click_closure1.call(ClickKeyword.groovy)
	at com.kms.katalon.core.webui.keyword.internal.WebUIKeywordMain.runKeyword(WebUIKeywordMain.groovy:20)
	at com.kms.katalon.core.webui.keyword.builtin.ClickKeyword.click(ClickKeyword.groovy:74)
	at com.kms.katalon.core.webui.keyword.builtin.ClickKeyword.execute(ClickKeyword.groovy:40)
	at com.kms.katalon.core.keyword.internal.KeywordExecutor.executeKeywordForPlatform(KeywordExecutor.groovy:74)
	at com.kms.katalon.core.webui.keyword.WebUiBuiltInKeywords.click(WebUiBuiltInKeywords.groovy:620)
	at com.kms.katalon.core.webui.keyword.WebUiBuiltInKeywords$click$1.call(Unknown Source)
	at Script1642063014127.run(Script1642063014127.groovy:36)
	... 13 more
)

2022-01-15 22:20:10 - [MESSAGE][INFO] - Unable to find the element located by 'By.xpath: //*/text()[normalize-space(.)='Add an activity or resource']/parent::*'. Please recheck the objects properties to make sure the desired element is located. 

2022-01-15 22:20:10 - [MESSAGE][FAILED] - Unable to click on object 'Object Repository/forum/Page_Home page/span_Add an activity or resource' (Root cause: com.kms.katalon.core.exception.StepFailedException: Unable to click on object 'Object Repository/forum/Page_Home page/span_Add an activity or resource'
	at com.kms.katalon.core.webui.keyword.internal.WebUIKeywordMain.stepFailed(WebUIKeywordMain.groovy:64)
	at com.kms.katalon.core.webui.keyword.internal.WebUIKeywordMain.runKeyword(WebUIKeywordMain.groovy:26)
	at com.kms.katalon.core.webui.keyword.builtin.ClickKeyword.click(ClickKeyword.groovy:74)
	at com.kms.katalon.core.webui.keyword.builtin.ClickKeyword.execute(ClickKeyword.groovy:40)
	at com.kms.katalon.core.keyword.internal.KeywordExecutor.executeKeywordForPlatform(KeywordExecutor.groovy:74)
	at com.kms.katalon.core.webui.keyword.WebUiBuiltInKeywords.click(WebUiBuiltInKeywords.groovy:620)
	at com.kms.katalon.core.webui.keyword.WebUiBuiltInKeywords$click$1.call(Unknown Source)
	at Edit Mode Home - ADMIN.run(Edit Mode Home - ADMIN:36)
	at com.kms.katalon.core.main.ScriptEngine.run(ScriptEngine.java:194)
	at com.kms.katalon.core.main.ScriptEngine.runScriptAsRawText(ScriptEngine.java:119)
	at com.kms.katalon.core.main.TestCaseExecutor.runScript(TestCaseExecutor.java:442)
	at com.kms.katalon.core.main.TestCaseExecutor.doExecute(TestCaseExecutor.java:433)
	at com.kms.katalon.core.main.TestCaseExecutor.processExecutionPhase(TestCaseExecutor.java:412)
	at com.kms.katalon.core.main.TestCaseExecutor.accessMainPhase(TestCaseExecutor.java:404)
	at com.kms.katalon.core.main.TestCaseExecutor.execute(TestCaseExecutor.java:281)
	at com.kms.katalon.core.main.TestSuiteExecutor.accessTestCaseMainPhase(TestSuiteExecutor.java:202)
	at com.kms.katalon.core.main.TestSuiteExecutor.accessTestSuiteMainPhase(TestSuiteExecutor.java:164)
	at com.kms.katalon.core.main.TestSuiteExecutor.execute(TestSuiteExecutor.java:105)
	at com.kms.katalon.core.main.TestCaseMain.startTestSuite(TestCaseMain.java:181)
	at com.kms.katalon.core.main.TestCaseMain$startTestSuite$0.call(Unknown Source)
	at TempTestSuite1642259181016.run(TempTestSuite1642259181016.groovy:36)
Caused by: com.kms.katalon.core.webui.exception.WebElementNotFoundException: Web element with id: 'Object Repository/forum/Page_Home page/span_Add an activity or resource' located by '//*/text()[normalize-space(.)='Add an activity or resource']/parent::*' not found
	at com.kms.katalon.core.webui.common.WebUiCommonHelper.findWebElement(WebUiCommonHelper.java:1368)
	at com.kms.katalon.core.webui.keyword.internal.WebUIAbstractKeyword.findWebElement(WebUIAbstractKeyword.groovy:27)
	at com.kms.katalon.core.webui.keyword.builtin.ClickKeyword$_click_closure1.doCall(ClickKeyword.groovy:65)
	at com.kms.katalon.core.webui.keyword.builtin.ClickKeyword$_click_closure1.call(ClickKeyword.groovy)
	at com.kms.katalon.core.webui.keyword.internal.WebUIKeywordMain.runKeyword(WebUIKeywordMain.groovy:20)
	at com.kms.katalon.core.webui.keyword.builtin.ClickKeyword.click(ClickKeyword.groovy:74)
	at com.kms.katalon.core.webui.keyword.builtin.ClickKeyword.execute(ClickKeyword.groovy:40)
	at com.kms.katalon.core.keyword.internal.KeywordExecutor.executeKeywordForPlatform(KeywordExecutor.groovy:74)
	at com.kms.katalon.core.webui.keyword.WebUiBuiltInKeywords.click(WebUiBuiltInKeywords.groovy:620)
	at com.kms.katalon.core.webui.keyword.WebUiBuiltInKeywords$click$1.call(Unknown Source)
	at Script1642063014127.run(Script1642063014127.groovy:36)
	... 13 more
)
[[ATTACHMENT|D:\\TestAutomation-SEBonus-Group10\\Test Automation - SE Bonus\\Reports\\20220115_220621\\Run all test cases\\20220115_220621\\1642260010659.png]]]]></system-out>
         <system-err><![CDATA[2022-01-15 22:19:27 - [TEST_CASE][FAILED] - Test Cases/Edit Mode Home - ADMIN: Test Cases/Edit Mode Home - ADMIN FAILED.
Reason:
com.kms.katalon.core.exception.StepFailedException: Unable to click on object 'Object Repository/forum/Page_Home page/span_Add an activity or resource'
	at com.kms.katalon.core.webui.keyword.internal.WebUIKeywordMain.stepFailed(WebUIKeywordMain.groovy:64)
	at com.kms.katalon.core.webui.keyword.internal.WebUIKeywordMain.runKeyword(WebUIKeywordMain.groovy:26)
	at com.kms.katalon.core.webui.keyword.builtin.ClickKeyword.click(ClickKeyword.groovy:74)
	at com.kms.katalon.core.webui.keyword.builtin.ClickKeyword.execute(ClickKeyword.groovy:40)
	at com.kms.katalon.core.keyword.internal.KeywordExecutor.executeKeywordForPlatform(KeywordExecutor.groovy:74)
	at com.kms.katalon.core.webui.keyword.WebUiBuiltInKeywords.click(WebUiBuiltInKeywords.groovy:620)
	at com.kms.katalon.core.webui.keyword.WebUiBuiltInKeywords$click$1.call(Unknown Source)
	at Edit Mode Home - ADMIN.run(Edit Mode Home - ADMIN:36)
	at com.kms.katalon.core.main.ScriptEngine.run(ScriptEngine.java:194)
	at com.kms.katalon.core.main.ScriptEngine.runScriptAsRawText(ScriptEngine.java:119)
	at com.kms.katalon.core.main.TestCaseExecutor.runScript(TestCaseExecutor.java:442)
	at com.kms.katalon.core.main.TestCaseExecutor.doExecute(TestCaseExecutor.java:433)
	at com.kms.katalon.core.main.TestCaseExecutor.processExecutionPhase(TestCaseExecutor.java:412)
	at com.kms.katalon.core.main.TestCaseExecutor.accessMainPhase(TestCaseExecutor.java:404)
	at com.kms.katalon.core.main.TestCaseExecutor.execute(TestCaseExecutor.java:281)
	at com.kms.katalon.core.main.TestSuiteExecutor.accessTestCaseMainPhase(TestSuiteExecutor.java:202)
	at com.kms.katalon.core.main.TestSuiteExecutor.accessTestSuiteMainPhase(TestSuiteExecutor.java:164)
	at com.kms.katalon.core.main.TestSuiteExecutor.execute(TestSuiteExecutor.java:105)
	at com.kms.katalon.core.main.TestCaseMain.startTestSuite(TestCaseMain.java:181)
	at com.kms.katalon.core.main.TestCaseMain$startTestSuite$0.call(Unknown Source)
	at TempTestSuite1642259181016.run(TempTestSuite1642259181016.groovy:36)
Caused by: com.kms.katalon.core.webui.exception.WebElementNotFoundException: Web element with id: 'Object Repository/forum/Page_Home page/span_Add an activity or resource' located by '//*/text()[normalize-space(.)='Add an activity or resource']/parent::*' not found
	at com.kms.katalon.core.webui.common.WebUiCommonHelper.findWebElement(WebUiCommonHelper.java:1368)
	at com.kms.katalon.core.webui.keyword.internal.WebUIAbstractKeyword.findWebElement(WebUIAbstractKeyword.groovy:27)
	at com.kms.katalon.core.webui.keyword.builtin.ClickKeyword$_click_closure1.doCall(ClickKeyword.groovy:65)
	at com.kms.katalon.core.webui.keyword.builtin.ClickKeyword$_click_closure1.call(ClickKeyword.groovy)
	at com.kms.katalon.core.webui.keyword.internal.WebUIKeywordMain.runKeyword(WebUIKeywordMain.groovy:20)
	... 19 more]]></system-err>
      </testcase>
      <testcase name="Test Cases/Edit Mode on Dashboard - ADMIN" time="46.092" classname="Test Cases/Edit Mode on Dashboard - ADMIN" status="FAILED">
         <failure type="FAILED" message="Test Cases/Edit Mode on Dashboard - ADMIN FAILED.
Reason:
com.kms.katalon.core.exception.StepFailedException: Unable to click on object 'Object Repository/forum/Page_Dashboard/a_Online users'
	at com.kms.katalon.core.webui.keyword.internal.WebUIKeywordMain.stepFailed(WebUIKeywordMain.groovy:64)
	at com.kms.katalon.core.webui.keyword.internal.WebUIKeywordMain.runKeyword(WebUIKeywordMain.groovy:26)
	at com.kms.katalon.core.webui.keyword.builtin.ClickKeyword.click(ClickKeyword.groovy:74)
	at com.kms.katalon.core.webui.keyword.builtin.ClickKeyword.execute(ClickKeyword.groovy:40)
	at com.kms.katalon.core.keyword.internal.KeywordExecutor.executeKeywordForPlatform(KeywordExecutor.groovy:74)
	at com.kms.katalon.core.webui.keyword.WebUiBuiltInKeywords.click(WebUiBuiltInKeywords.groovy:620)
	at com.kms.katalon.core.webui.keyword.WebUiBuiltInKeywords$click$1.call(Unknown Source)
	at Edit Mode on Dashboard - ADMIN.run(Edit Mode on Dashboard - ADMIN:38)
	at com.kms.katalon.core.main.ScriptEngine.run(ScriptEngine.java:194)
	at com.kms.katalon.core.main.ScriptEngine.runScriptAsRawText(ScriptEngine.java:119)
	at com.kms.katalon.core.main.TestCaseExecutor.runScript(TestCaseExecutor.java:442)
	at com.kms.katalon.core.main.TestCaseExecutor.doExecute(TestCaseExecutor.java:433)
	at com.kms.katalon.core.main.TestCaseExecutor.processExecutionPhase(TestCaseExecutor.java:412)
	at com.kms.katalon.core.main.TestCaseExecutor.accessMainPhase(TestCaseExecutor.java:404)
	at com.kms.katalon.core.main.TestCaseExecutor.execute(TestCaseExecutor.java:281)
	at com.kms.katalon.core.main.TestSuiteExecutor.accessTestCaseMainPhase(TestSuiteExecutor.java:202)
	at com.kms.katalon.core.main.TestSuiteExecutor.accessTestSuiteMainPhase(TestSuiteExecutor.java:164)
	at com.kms.katalon.core.main.TestSuiteExecutor.execute(TestSuiteExecutor.java:105)
	at com.kms.katalon.core.main.TestCaseMain.startTestSuite(TestCaseMain.java:181)
	at com.kms.katalon.core.main.TestCaseMain$startTestSuite$0.call(Unknown Source)
	at TempTestSuite1642259181016.run(TempTestSuite1642259181016.groovy:36)
Caused by: com.kms.katalon.core.webui.exception.WebElementNotFoundException: Web element with id: 'Object Repository/forum/Page_Dashboard/a_Online users' located by '//*/text()[normalize-space(.)='Online users']/parent::*' not found
	at com.kms.katalon.core.webui.common.WebUiCommonHelper.findWebElement(WebUiCommonHelper.java:1368)
	at com.kms.katalon.core.webui.keyword.internal.WebUIAbstractKeyword.findWebElement(WebUIAbstractKeyword.groovy:27)
	at com.kms.katalon.core.webui.keyword.builtin.ClickKeyword$_click_closure1.doCall(ClickKeyword.groovy:65)
	at com.kms.katalon.core.webui.keyword.builtin.ClickKeyword$_click_closure1.call(ClickKeyword.groovy)
	at com.kms.katalon.core.webui.keyword.internal.WebUIKeywordMain.runKeyword(WebUIKeywordMain.groovy:20)
	... 19 more
"/>
         <system-out><![CDATA[2022-01-15 22:20:10 - [TEST_CASE][FAILED] - Test Cases/Edit Mode on Dashboard - ADMIN: Test Cases/Edit Mode on Dashboard - ADMIN FAILED.
Reason:
com.kms.katalon.core.exception.StepFailedException: Unable to click on object 'Object Repository/forum/Page_Dashboard/a_Online users'
	at com.kms.katalon.core.webui.keyword.internal.WebUIKeywordMain.stepFailed(WebUIKeywordMain.groovy:64)
	at com.kms.katalon.core.webui.keyword.internal.WebUIKeywordMain.runKeyword(WebUIKeywordMain.groovy:26)
	at com.kms.katalon.core.webui.keyword.builtin.ClickKeyword.click(ClickKeyword.groovy:74)
	at com.kms.katalon.core.webui.keyword.builtin.ClickKeyword.execute(ClickKeyword.groovy:40)
	at com.kms.katalon.core.keyword.internal.KeywordExecutor.executeKeywordForPlatform(KeywordExecutor.groovy:74)
	at com.kms.katalon.core.webui.keyword.WebUiBuiltInKeywords.click(WebUiBuiltInKeywords.groovy:620)
	at com.kms.katalon.core.webui.keyword.WebUiBuiltInKeywords$click$1.call(Unknown Source)
	at Edit Mode on Dashboard - ADMIN.run(Edit Mode on Dashboard - ADMIN:38)
	at com.kms.katalon.core.main.ScriptEngine.run(ScriptEngine.java:194)
	at com.kms.katalon.core.main.ScriptEngine.runScriptAsRawText(ScriptEngine.java:119)
	at com.kms.katalon.core.main.TestCaseExecutor.runScript(TestCaseExecutor.java:442)
	at com.kms.katalon.core.main.TestCaseExecutor.doExecute(TestCaseExecutor.java:433)
	at com.kms.katalon.core.main.TestCaseExecutor.processExecutionPhase(TestCaseExecutor.java:412)
	at com.kms.katalon.core.main.TestCaseExecutor.accessMainPhase(TestCaseExecutor.java:404)
	at com.kms.katalon.core.main.TestCaseExecutor.execute(TestCaseExecutor.java:281)
	at com.kms.katalon.core.main.TestSuiteExecutor.accessTestCaseMainPhase(TestSuiteExecutor.java:202)
	at com.kms.katalon.core.main.TestSuiteExecutor.accessTestSuiteMainPhase(TestSuiteExecutor.java:164)
	at com.kms.katalon.core.main.TestSuiteExecutor.execute(TestSuiteExecutor.java:105)
	at com.kms.katalon.core.main.TestCaseMain.startTestSuite(TestCaseMain.java:181)
	at com.kms.katalon.core.main.TestCaseMain$startTestSuite$0.call(Unknown Source)
	at TempTestSuite1642259181016.run(TempTestSuite1642259181016.groovy:36)
Caused by: com.kms.katalon.core.webui.exception.WebElementNotFoundException: Web element with id: 'Object Repository/forum/Page_Dashboard/a_Online users' located by '//*/text()[normalize-space(.)='Online users']/parent::*' not found
	at com.kms.katalon.core.webui.common.WebUiCommonHelper.findWebElement(WebUiCommonHelper.java:1368)
	at com.kms.katalon.core.webui.keyword.internal.WebUIAbstractKeyword.findWebElement(WebUIAbstractKeyword.groovy:27)
	at com.kms.katalon.core.webui.keyword.builtin.ClickKeyword$_click_closure1.doCall(ClickKeyword.groovy:65)
	at com.kms.katalon.core.webui.keyword.builtin.ClickKeyword$_click_closure1.call(ClickKeyword.groovy)
	at com.kms.katalon.core.webui.keyword.internal.WebUIKeywordMain.runKeyword(WebUIKeywordMain.groovy:20)
	... 19 more


2022-01-15 22:20:11 - [TEST_STEP][PASSED] - openBrowser(""): Browser is opened with url: ''

2022-01-15 22:20:11 - [MESSAGE][WARNING] - A browser is already opened. Closing browser and opening a new one

2022-01-15 22:20:12 - [MESSAGE][INFO] - Starting 'Edge Chromium' driver

2022-01-15 22:20:14 - [MESSAGE][INFO] - Action delay is set to 0 milliseconds

2022-01-15 22:20:15 - [MESSAGE][PASSED] - Browser is opened with url: ''

2022-01-15 22:20:15 - [TEST_STEP][PASSED] - maximizeWindow(): Current window maximized

2022-01-15 22:20:15 - [MESSAGE][PASSED] - Current window maximized

2022-01-15 22:20:15 - [TEST_STEP][PASSED] - navigateToUrl("http://localhost/"): Navigate to 'http://localhost/' successfully

2022-01-15 22:20:16 - [MESSAGE][PASSED] - Navigate to 'http://localhost/' successfully

2022-01-15 22:20:16 - [TEST_STEP][PASSED] - click(findTestObject("Page_Home page/a_Log in")): Object: 'Object Repository/Page_Home page/a_Log in' is clicked on

2022-01-15 22:20:17 - [MESSAGE][PASSED] - Object: 'Object Repository/Page_Home page/a_Log in' is clicked on

2022-01-15 22:20:17 - [TEST_STEP][PASSED] - setText(findTestObject("Page_Home page Log in to the site/input_Username_username"), "admin"): Text 'admin' is set on object 'Object Repository/Page_Home page Log in to the site/input_Username_username'

2022-01-15 22:20:18 - [MESSAGE][PASSED] - Text 'admin' is set on object 'Object Repository/Page_Home page Log in to the site/input_Username_username'

2022-01-15 22:20:18 - [TEST_STEP][PASSED] - setEncryptedText(findTestObject("Page_Home page Log in to the site/input_Password_password"), "OFhcon1PzObx3ErJAwGfGA=="): Text ****** has been set on object 'Object Repository/Page_Home page Log in to the site/input_Password_password'

2022-01-15 22:20:19 - [MESSAGE][PASSED] - Text ****** has been set on object 'Object Repository/Page_Home page Log in to the site/input_Password_password'

2022-01-15 22:20:19 - [TEST_STEP][PASSED] - click(findTestObject("Page_Home page Log in to the site/button_Log in")): Object: 'Object Repository/Page_Home page Log in to the site/button_Log in' is clicked on

2022-01-15 22:20:21 - [MESSAGE][PASSED] - Object: 'Object Repository/Page_Home page Log in to the site/button_Log in' is clicked on

2022-01-15 22:20:21 - [TEST_STEP][PASSED] - click(findTestObject("Object Repository/forum/Page_Dashboard/input_Edit mode_setmode")): Object: 'Object Repository/forum/Page_Dashboard/input_Edit mode_setmode' is clicked on

2022-01-15 22:20:22 - [MESSAGE][PASSED] - Object: 'Object Repository/forum/Page_Dashboard/input_Edit mode_setmode' is clicked on

2022-01-15 22:20:22 - [TEST_STEP][PASSED] - click(findTestObject("Object Repository/forum/Page_Dashboard/a_Add a block")): Object: 'Object Repository/forum/Page_Dashboard/a_Add a block' is clicked on

2022-01-15 22:20:25 - [MESSAGE][PASSED] - Object: 'Object Repository/forum/Page_Dashboard/a_Add a block' is clicked on

2022-01-15 22:20:25 - [TEST_STEP][FAILED] - click(findTestObject("Object Repository/forum/Page_Dashboard/a_Online users")): Unable to click on object 'Object Repository/forum/Page_Dashboard/a_Online users' (Root cause: com.kms.katalon.core.exception.StepFailedException: Unable to click on object 'Object Repository/forum/Page_Dashboard/a_Online users'
	at com.kms.katalon.core.webui.keyword.internal.WebUIKeywordMain.stepFailed(WebUIKeywordMain.groovy:64)
	at com.kms.katalon.core.webui.keyword.internal.WebUIKeywordMain.runKeyword(WebUIKeywordMain.groovy:26)
	at com.kms.katalon.core.webui.keyword.builtin.ClickKeyword.click(ClickKeyword.groovy:74)
	at com.kms.katalon.core.webui.keyword.builtin.ClickKeyword.execute(ClickKeyword.groovy:40)
	at com.kms.katalon.core.keyword.internal.KeywordExecutor.executeKeywordForPlatform(KeywordExecutor.groovy:74)
	at com.kms.katalon.core.webui.keyword.WebUiBuiltInKeywords.click(WebUiBuiltInKeywords.groovy:620)
	at com.kms.katalon.core.webui.keyword.WebUiBuiltInKeywords$click$1.call(Unknown Source)
	at Edit Mode on Dashboard - ADMIN.run(Edit Mode on Dashboard - ADMIN:38)
	at com.kms.katalon.core.main.ScriptEngine.run(ScriptEngine.java:194)
	at com.kms.katalon.core.main.ScriptEngine.runScriptAsRawText(ScriptEngine.java:119)
	at com.kms.katalon.core.main.TestCaseExecutor.runScript(TestCaseExecutor.java:442)
	at com.kms.katalon.core.main.TestCaseExecutor.doExecute(TestCaseExecutor.java:433)
	at com.kms.katalon.core.main.TestCaseExecutor.processExecutionPhase(TestCaseExecutor.java:412)
	at com.kms.katalon.core.main.TestCaseExecutor.accessMainPhase(TestCaseExecutor.java:404)
	at com.kms.katalon.core.main.TestCaseExecutor.execute(TestCaseExecutor.java:281)
	at com.kms.katalon.core.main.TestSuiteExecutor.accessTestCaseMainPhase(TestSuiteExecutor.java:202)
	at com.kms.katalon.core.main.TestSuiteExecutor.accessTestSuiteMainPhase(TestSuiteExecutor.java:164)
	at com.kms.katalon.core.main.TestSuiteExecutor.execute(TestSuiteExecutor.java:105)
	at com.kms.katalon.core.main.TestCaseMain.startTestSuite(TestCaseMain.java:181)
	at com.kms.katalon.core.main.TestCaseMain$startTestSuite$0.call(Unknown Source)
	at TempTestSuite1642259181016.run(TempTestSuite1642259181016.groovy:36)
Caused by: com.kms.katalon.core.webui.exception.WebElementNotFoundException: Web element with id: 'Object Repository/forum/Page_Dashboard/a_Online users' located by '//*/text()[normalize-space(.)='Online users']/parent::*' not found
	at com.kms.katalon.core.webui.common.WebUiCommonHelper.findWebElement(WebUiCommonHelper.java:1368)
	at com.kms.katalon.core.webui.keyword.internal.WebUIAbstractKeyword.findWebElement(WebUIAbstractKeyword.groovy:27)
	at com.kms.katalon.core.webui.keyword.builtin.ClickKeyword$_click_closure1.doCall(ClickKeyword.groovy:65)
	at com.kms.katalon.core.webui.keyword.builtin.ClickKeyword$_click_closure1.call(ClickKeyword.groovy)
	at com.kms.katalon.core.webui.keyword.internal.WebUIKeywordMain.runKeyword(WebUIKeywordMain.groovy:20)
	at com.kms.katalon.core.webui.keyword.builtin.ClickKeyword.click(ClickKeyword.groovy:74)
	at com.kms.katalon.core.webui.keyword.builtin.ClickKeyword.execute(ClickKeyword.groovy:40)
	at com.kms.katalon.core.keyword.internal.KeywordExecutor.executeKeywordForPlatform(KeywordExecutor.groovy:74)
	at com.kms.katalon.core.webui.keyword.WebUiBuiltInKeywords.click(WebUiBuiltInKeywords.groovy:620)
	at com.kms.katalon.core.webui.keyword.WebUiBuiltInKeywords$click$1.call(Unknown Source)
	at Script1642063263421.run(Script1642063263421.groovy:38)
	... 13 more
)

2022-01-15 22:20:56 - [MESSAGE][INFO] - Unable to find the element located by 'By.xpath: //*/text()[normalize-space(.)='Online users']/parent::*'. Please recheck the objects properties to make sure the desired element is located. 

2022-01-15 22:20:57 - [MESSAGE][FAILED] - Unable to click on object 'Object Repository/forum/Page_Dashboard/a_Online users' (Root cause: com.kms.katalon.core.exception.StepFailedException: Unable to click on object 'Object Repository/forum/Page_Dashboard/a_Online users'
	at com.kms.katalon.core.webui.keyword.internal.WebUIKeywordMain.stepFailed(WebUIKeywordMain.groovy:64)
	at com.kms.katalon.core.webui.keyword.internal.WebUIKeywordMain.runKeyword(WebUIKeywordMain.groovy:26)
	at com.kms.katalon.core.webui.keyword.builtin.ClickKeyword.click(ClickKeyword.groovy:74)
	at com.kms.katalon.core.webui.keyword.builtin.ClickKeyword.execute(ClickKeyword.groovy:40)
	at com.kms.katalon.core.keyword.internal.KeywordExecutor.executeKeywordForPlatform(KeywordExecutor.groovy:74)
	at com.kms.katalon.core.webui.keyword.WebUiBuiltInKeywords.click(WebUiBuiltInKeywords.groovy:620)
	at com.kms.katalon.core.webui.keyword.WebUiBuiltInKeywords$click$1.call(Unknown Source)
	at Edit Mode on Dashboard - ADMIN.run(Edit Mode on Dashboard - ADMIN:38)
	at com.kms.katalon.core.main.ScriptEngine.run(ScriptEngine.java:194)
	at com.kms.katalon.core.main.ScriptEngine.runScriptAsRawText(ScriptEngine.java:119)
	at com.kms.katalon.core.main.TestCaseExecutor.runScript(TestCaseExecutor.java:442)
	at com.kms.katalon.core.main.TestCaseExecutor.doExecute(TestCaseExecutor.java:433)
	at com.kms.katalon.core.main.TestCaseExecutor.processExecutionPhase(TestCaseExecutor.java:412)
	at com.kms.katalon.core.main.TestCaseExecutor.accessMainPhase(TestCaseExecutor.java:404)
	at com.kms.katalon.core.main.TestCaseExecutor.execute(TestCaseExecutor.java:281)
	at com.kms.katalon.core.main.TestSuiteExecutor.accessTestCaseMainPhase(TestSuiteExecutor.java:202)
	at com.kms.katalon.core.main.TestSuiteExecutor.accessTestSuiteMainPhase(TestSuiteExecutor.java:164)
	at com.kms.katalon.core.main.TestSuiteExecutor.execute(TestSuiteExecutor.java:105)
	at com.kms.katalon.core.main.TestCaseMain.startTestSuite(TestCaseMain.java:181)
	at com.kms.katalon.core.main.TestCaseMain$startTestSuite$0.call(Unknown Source)
	at TempTestSuite1642259181016.run(TempTestSuite1642259181016.groovy:36)
Caused by: com.kms.katalon.core.webui.exception.WebElementNotFoundException: Web element with id: 'Object Repository/forum/Page_Dashboard/a_Online users' located by '//*/text()[normalize-space(.)='Online users']/parent::*' not found
	at com.kms.katalon.core.webui.common.WebUiCommonHelper.findWebElement(WebUiCommonHelper.java:1368)
	at com.kms.katalon.core.webui.keyword.internal.WebUIAbstractKeyword.findWebElement(WebUIAbstractKeyword.groovy:27)
	at com.kms.katalon.core.webui.keyword.builtin.ClickKeyword$_click_closure1.doCall(ClickKeyword.groovy:65)
	at com.kms.katalon.core.webui.keyword.builtin.ClickKeyword$_click_closure1.call(ClickKeyword.groovy)
	at com.kms.katalon.core.webui.keyword.internal.WebUIKeywordMain.runKeyword(WebUIKeywordMain.groovy:20)
	at com.kms.katalon.core.webui.keyword.builtin.ClickKeyword.click(ClickKeyword.groovy:74)
	at com.kms.katalon.core.webui.keyword.builtin.ClickKeyword.execute(ClickKeyword.groovy:40)
	at com.kms.katalon.core.keyword.internal.KeywordExecutor.executeKeywordForPlatform(KeywordExecutor.groovy:74)
	at com.kms.katalon.core.webui.keyword.WebUiBuiltInKeywords.click(WebUiBuiltInKeywords.groovy:620)
	at com.kms.katalon.core.webui.keyword.WebUiBuiltInKeywords$click$1.call(Unknown Source)
	at Script1642063263421.run(Script1642063263421.groovy:38)
	... 13 more
)
[[ATTACHMENT|D:\\TestAutomation-SEBonus-Group10\\Test Automation - SE Bonus\\Reports\\20220115_220621\\Run all test cases\\20220115_220621\\1642260056636.png]]]]></system-out>
         <system-err><![CDATA[2022-01-15 22:20:10 - [TEST_CASE][FAILED] - Test Cases/Edit Mode on Dashboard - ADMIN: Test Cases/Edit Mode on Dashboard - ADMIN FAILED.
Reason:
com.kms.katalon.core.exception.StepFailedException: Unable to click on object 'Object Repository/forum/Page_Dashboard/a_Online users'
	at com.kms.katalon.core.webui.keyword.internal.WebUIKeywordMain.stepFailed(WebUIKeywordMain.groovy:64)
	at com.kms.katalon.core.webui.keyword.internal.WebUIKeywordMain.runKeyword(WebUIKeywordMain.groovy:26)
	at com.kms.katalon.core.webui.keyword.builtin.ClickKeyword.click(ClickKeyword.groovy:74)
	at com.kms.katalon.core.webui.keyword.builtin.ClickKeyword.execute(ClickKeyword.groovy:40)
	at com.kms.katalon.core.keyword.internal.KeywordExecutor.executeKeywordForPlatform(KeywordExecutor.groovy:74)
	at com.kms.katalon.core.webui.keyword.WebUiBuiltInKeywords.click(WebUiBuiltInKeywords.groovy:620)
	at com.kms.katalon.core.webui.keyword.WebUiBuiltInKeywords$click$1.call(Unknown Source)
	at Edit Mode on Dashboard - ADMIN.run(Edit Mode on Dashboard - ADMIN:38)
	at com.kms.katalon.core.main.ScriptEngine.run(ScriptEngine.java:194)
	at com.kms.katalon.core.main.ScriptEngine.runScriptAsRawText(ScriptEngine.java:119)
	at com.kms.katalon.core.main.TestCaseExecutor.runScript(TestCaseExecutor.java:442)
	at com.kms.katalon.core.main.TestCaseExecutor.doExecute(TestCaseExecutor.java:433)
	at com.kms.katalon.core.main.TestCaseExecutor.processExecutionPhase(TestCaseExecutor.java:412)
	at com.kms.katalon.core.main.TestCaseExecutor.accessMainPhase(TestCaseExecutor.java:404)
	at com.kms.katalon.core.main.TestCaseExecutor.execute(TestCaseExecutor.java:281)
	at com.kms.katalon.core.main.TestSuiteExecutor.accessTestCaseMainPhase(TestSuiteExecutor.java:202)
	at com.kms.katalon.core.main.TestSuiteExecutor.accessTestSuiteMainPhase(TestSuiteExecutor.java:164)
	at com.kms.katalon.core.main.TestSuiteExecutor.execute(TestSuiteExecutor.java:105)
	at com.kms.katalon.core.main.TestCaseMain.startTestSuite(TestCaseMain.java:181)
	at com.kms.katalon.core.main.TestCaseMain$startTestSuite$0.call(Unknown Source)
	at TempTestSuite1642259181016.run(TempTestSuite1642259181016.groovy:36)
Caused by: com.kms.katalon.core.webui.exception.WebElementNotFoundException: Web element with id: 'Object Repository/forum/Page_Dashboard/a_Online users' located by '//*/text()[normalize-space(.)='Online users']/parent::*' not found
	at com.kms.katalon.core.webui.common.WebUiCommonHelper.findWebElement(WebUiCommonHelper.java:1368)
	at com.kms.katalon.core.webui.keyword.internal.WebUIAbstractKeyword.findWebElement(WebUIAbstractKeyword.groovy:27)
	at com.kms.katalon.core.webui.keyword.builtin.ClickKeyword$_click_closure1.doCall(ClickKeyword.groovy:65)
	at com.kms.katalon.core.webui.keyword.builtin.ClickKeyword$_click_closure1.call(ClickKeyword.groovy)
	at com.kms.katalon.core.webui.keyword.internal.WebUIKeywordMain.runKeyword(WebUIKeywordMain.groovy:20)
	... 19 more]]></system-err>
      </testcase>
      <testcase name="Test Cases/Make an announcement" time="21.326" classname="Test Cases/Make an announcement" status="PASSED">
         <system-out><![CDATA[2022-01-15 22:20:57 - [TEST_CASE][PASSED] - Test Cases/Make an announcement: Test Cases/Make an announcement

2022-01-15 22:20:57 - [TEST_STEP][PASSED] - openBrowser(""): Browser is opened with url: ''

2022-01-15 22:20:57 - [MESSAGE][WARNING] - A browser is already opened. Closing browser and opening a new one

2022-01-15 22:20:58 - [MESSAGE][INFO] - Starting 'Edge Chromium' driver

2022-01-15 22:21:00 - [MESSAGE][INFO] - Action delay is set to 0 milliseconds

2022-01-15 22:21:01 - [MESSAGE][PASSED] - Browser is opened with url: ''

2022-01-15 22:21:01 - [TEST_STEP][PASSED] - navigateToUrl("localhost"): Navigate to 'http://localhost' successfully

2022-01-15 22:21:02 - [MESSAGE][PASSED] - Navigate to 'http://localhost' successfully

2022-01-15 22:21:02 - [TEST_STEP][PASSED] - click(findTestObject("Page_Home page/a_Log in")): Object: 'Object Repository/Page_Home page/a_Log in' is clicked on

2022-01-15 22:21:03 - [MESSAGE][PASSED] - Object: 'Object Repository/Page_Home page/a_Log in' is clicked on

2022-01-15 22:21:03 - [TEST_STEP][PASSED] - setText(findTestObject("Page_Home page Log in to the site/input_Username_username"), "teacher1"): Text 'teacher1' is set on object 'Object Repository/Page_Home page Log in to the site/input_Username_username'

2022-01-15 22:21:03 - [MESSAGE][PASSED] - Text 'teacher1' is set on object 'Object Repository/Page_Home page Log in to the site/input_Username_username'

2022-01-15 22:21:03 - [TEST_STEP][PASSED] - setText(findTestObject("Page_Home page Log in to the site/input_Password_password (1)"), "Group_10"): Text 'Group_10' is set on object 'Object Repository/Page_Home page Log in to the site/input_Password_password (1)'

2022-01-15 22:21:04 - [MESSAGE][PASSED] - Text 'Group_10' is set on object 'Object Repository/Page_Home page Log in to the site/input_Password_password (1)'

2022-01-15 22:21:04 - [TEST_STEP][PASSED] - click(findTestObject("Page_Home page Log in to the site/button_Log in")): Object: 'Object Repository/Page_Home page Log in to the site/button_Log in' is clicked on

2022-01-15 22:21:06 - [MESSAGE][PASSED] - Object: 'Object Repository/Page_Home page Log in to the site/button_Log in' is clicked on

2022-01-15 22:21:06 - [TEST_STEP][PASSED] - click(findTestObject("Page_Dashboard/a_My courses (1)")): Object: 'Object Repository/Page_Dashboard/a_My courses (1)' is clicked on

2022-01-15 22:21:07 - [MESSAGE][PASSED] - Object: 'Object Repository/Page_Dashboard/a_My courses (1)' is clicked on

2022-01-15 22:21:07 - [TEST_STEP][PASSED] - click(findTestObject("Page_My courses/span_Test Automation")): Object: 'Object Repository/Page_My courses/span_Test Automation' is clicked on

2022-01-15 22:21:09 - [MESSAGE][PASSED] - Object: 'Object Repository/Page_My courses/span_Test Automation' is clicked on

2022-01-15 22:21:09 - [TEST_STEP][PASSED] - click(findTestObject("Page_Course Test Automation/a_Announcements  Forum")): Object: 'Object Repository/Page_Course Test Automation/a_Announcements  Forum' is clicked on

2022-01-15 22:21:11 - [MESSAGE][PASSED] - Object: 'Object Repository/Page_Course Test Automation/a_Announcements  Forum' is clicked on

2022-01-15 22:21:11 - [TEST_STEP][PASSED] - click(findTestObject("Page_Course Test Automation/Page_Announcements/a_Add discussion topic")): Object: 'Object Repository/Page_Course Test Automation/Page_Announcements/a_Add discussion topic' is clicked on

2022-01-15 22:21:12 - [MESSAGE][PASSED] - Object: 'Object Repository/Page_Course Test Automation/Page_Announcements/a_Add discussion topic' is clicked on

2022-01-15 22:21:12 - [TEST_STEP][PASSED] - setText(findTestObject("Page_Course Test Automation/Page_Announcements/input_Subject_subject"), "Off next week"): Text 'Off next week' is set on object 'Object Repository/Page_Course Test Automation/Page_Announcements/input_Subject_subject'

2022-01-15 22:21:13 - [MESSAGE][PASSED] - Text 'Off next week' is set on object 'Object Repository/Page_Course Test Automation/Page_Announcements/input_Subject_subject'

2022-01-15 22:21:13 - [TEST_STEP][PASSED] - setText(findTestObject("Page_Course Test Automation/Page_Announcements/input_Message"), "Lecturer has a meeting next week"): Text 'Lecturer has a meeting next week' is set on object 'Object Repository/Page_Course Test Automation/Page_Announcements/input_Message'

2022-01-15 22:21:14 - [MESSAGE][PASSED] - Text 'Lecturer has a meeting next week' is set on object 'Object Repository/Page_Course Test Automation/Page_Announcements/input_Message'

2022-01-15 22:21:14 - [TEST_STEP][PASSED] - click(findTestObject("Page_Course Test Automation/Page_Announcements/submitbutton")): Object: 'Object Repository/Page_Course Test Automation/Page_Announcements/submitbutton' is clicked on

2022-01-15 22:21:15 - [MESSAGE][PASSED] - Object: 'Object Repository/Page_Course Test Automation/Page_Announcements/submitbutton' is clicked on

2022-01-15 22:21:15 - [TEST_STEP][PASSED] - click(findTestObject("Page_Dashboard/a_NH")): Object: 'Object Repository/Page_Dashboard/a_NH' is clicked on

2022-01-15 22:21:16 - [MESSAGE][PASSED] - Object: 'Object Repository/Page_Dashboard/a_NH' is clicked on

2022-01-15 22:21:16 - [TEST_STEP][PASSED] - click(findTestObject("Page_Dashboard/a_Log out")): Object: 'Object Repository/Page_Dashboard/a_Log out' is clicked on

2022-01-15 22:21:17 - [MESSAGE][PASSED] - Object: 'Object Repository/Page_Dashboard/a_Log out' is clicked on

2022-01-15 22:21:17 - [TEST_STEP][PASSED] - closeBrowser(): Browser is closed

2022-01-15 22:21:18 - [MESSAGE][PASSED] - Browser is closed]]></system-out>
         <system-err><![CDATA[]]></system-err>
      </testcase>
      <testcase name="Test Cases/Add assignment to course" time="44.231" classname="Test Cases/Add assignment to course" status="FAILED">
         <failure type="FAILED" message="Test Cases/Add assignment to course FAILED.
Reason:
com.kms.katalon.core.exception.StepFailedException: Unable to click on object 'Object Repository/Page_Course Test Automation/span_Add an activity or resource'
	at com.kms.katalon.core.webui.keyword.internal.WebUIKeywordMain.stepFailed(WebUIKeywordMain.groovy:64)
	at com.kms.katalon.core.webui.keyword.internal.WebUIKeywordMain.runKeyword(WebUIKeywordMain.groovy:26)
	at com.kms.katalon.core.webui.keyword.builtin.ClickKeyword.click(ClickKeyword.groovy:74)
	at com.kms.katalon.core.webui.keyword.builtin.ClickKeyword.execute(ClickKeyword.groovy:40)
	at com.kms.katalon.core.keyword.internal.KeywordExecutor.executeKeywordForPlatform(KeywordExecutor.groovy:74)
	at com.kms.katalon.core.webui.keyword.WebUiBuiltInKeywords.click(WebUiBuiltInKeywords.groovy:620)
	at com.kms.katalon.core.webui.keyword.WebUiBuiltInKeywords$click$1.call(Unknown Source)
	at Add assignment to course.run(Add assignment to course:38)
	at com.kms.katalon.core.main.ScriptEngine.run(ScriptEngine.java:194)
	at com.kms.katalon.core.main.ScriptEngine.runScriptAsRawText(ScriptEngine.java:119)
	at com.kms.katalon.core.main.TestCaseExecutor.runScript(TestCaseExecutor.java:442)
	at com.kms.katalon.core.main.TestCaseExecutor.doExecute(TestCaseExecutor.java:433)
	at com.kms.katalon.core.main.TestCaseExecutor.processExecutionPhase(TestCaseExecutor.java:412)
	at com.kms.katalon.core.main.TestCaseExecutor.accessMainPhase(TestCaseExecutor.java:404)
	at com.kms.katalon.core.main.TestCaseExecutor.execute(TestCaseExecutor.java:281)
	at com.kms.katalon.core.main.TestSuiteExecutor.accessTestCaseMainPhase(TestSuiteExecutor.java:202)
	at com.kms.katalon.core.main.TestSuiteExecutor.accessTestSuiteMainPhase(TestSuiteExecutor.java:164)
	at com.kms.katalon.core.main.TestSuiteExecutor.execute(TestSuiteExecutor.java:105)
	at com.kms.katalon.core.main.TestCaseMain.startTestSuite(TestCaseMain.java:181)
	at com.kms.katalon.core.main.TestCaseMain$startTestSuite$0.call(Unknown Source)
	at TempTestSuite1642259181016.run(TempTestSuite1642259181016.groovy:36)
Caused by: com.kms.katalon.core.webui.exception.WebElementNotFoundException: Web element with id: 'Object Repository/Page_Course Test Automation/span_Add an activity or resource' located by '//div[@id='coursecontentcollapse2']/button/span[2]' not found
	at com.kms.katalon.core.webui.common.WebUiCommonHelper.findWebElement(WebUiCommonHelper.java:1368)
	at com.kms.katalon.core.webui.keyword.internal.WebUIAbstractKeyword.findWebElement(WebUIAbstractKeyword.groovy:27)
	at com.kms.katalon.core.webui.keyword.builtin.ClickKeyword$_click_closure1.doCall(ClickKeyword.groovy:65)
	at com.kms.katalon.core.webui.keyword.builtin.ClickKeyword$_click_closure1.call(ClickKeyword.groovy)
	at com.kms.katalon.core.webui.keyword.internal.WebUIKeywordMain.runKeyword(WebUIKeywordMain.groovy:20)
	... 19 more
"/>
         <system-out><![CDATA[2022-01-15 22:21:18 - [TEST_CASE][FAILED] - Test Cases/Add assignment to course: Test Cases/Add assignment to course FAILED.
Reason:
com.kms.katalon.core.exception.StepFailedException: Unable to click on object 'Object Repository/Page_Course Test Automation/span_Add an activity or resource'
	at com.kms.katalon.core.webui.keyword.internal.WebUIKeywordMain.stepFailed(WebUIKeywordMain.groovy:64)
	at com.kms.katalon.core.webui.keyword.internal.WebUIKeywordMain.runKeyword(WebUIKeywordMain.groovy:26)
	at com.kms.katalon.core.webui.keyword.builtin.ClickKeyword.click(ClickKeyword.groovy:74)
	at com.kms.katalon.core.webui.keyword.builtin.ClickKeyword.execute(ClickKeyword.groovy:40)
	at com.kms.katalon.core.keyword.internal.KeywordExecutor.executeKeywordForPlatform(KeywordExecutor.groovy:74)
	at com.kms.katalon.core.webui.keyword.WebUiBuiltInKeywords.click(WebUiBuiltInKeywords.groovy:620)
	at com.kms.katalon.core.webui.keyword.WebUiBuiltInKeywords$click$1.call(Unknown Source)
	at Add assignment to course.run(Add assignment to course:38)
	at com.kms.katalon.core.main.ScriptEngine.run(ScriptEngine.java:194)
	at com.kms.katalon.core.main.ScriptEngine.runScriptAsRawText(ScriptEngine.java:119)
	at com.kms.katalon.core.main.TestCaseExecutor.runScript(TestCaseExecutor.java:442)
	at com.kms.katalon.core.main.TestCaseExecutor.doExecute(TestCaseExecutor.java:433)
	at com.kms.katalon.core.main.TestCaseExecutor.processExecutionPhase(TestCaseExecutor.java:412)
	at com.kms.katalon.core.main.TestCaseExecutor.accessMainPhase(TestCaseExecutor.java:404)
	at com.kms.katalon.core.main.TestCaseExecutor.execute(TestCaseExecutor.java:281)
	at com.kms.katalon.core.main.TestSuiteExecutor.accessTestCaseMainPhase(TestSuiteExecutor.java:202)
	at com.kms.katalon.core.main.TestSuiteExecutor.accessTestSuiteMainPhase(TestSuiteExecutor.java:164)
	at com.kms.katalon.core.main.TestSuiteExecutor.execute(TestSuiteExecutor.java:105)
	at com.kms.katalon.core.main.TestCaseMain.startTestSuite(TestCaseMain.java:181)
	at com.kms.katalon.core.main.TestCaseMain$startTestSuite$0.call(Unknown Source)
	at TempTestSuite1642259181016.run(TempTestSuite1642259181016.groovy:36)
Caused by: com.kms.katalon.core.webui.exception.WebElementNotFoundException: Web element with id: 'Object Repository/Page_Course Test Automation/span_Add an activity or resource' located by '//div[@id='coursecontentcollapse2']/button/span[2]' not found
	at com.kms.katalon.core.webui.common.WebUiCommonHelper.findWebElement(WebUiCommonHelper.java:1368)
	at com.kms.katalon.core.webui.keyword.internal.WebUIAbstractKeyword.findWebElement(WebUIAbstractKeyword.groovy:27)
	at com.kms.katalon.core.webui.keyword.builtin.ClickKeyword$_click_closure1.doCall(ClickKeyword.groovy:65)
	at com.kms.katalon.core.webui.keyword.builtin.ClickKeyword$_click_closure1.call(ClickKeyword.groovy)
	at com.kms.katalon.core.webui.keyword.internal.WebUIKeywordMain.runKeyword(WebUIKeywordMain.groovy:20)
	... 19 more


2022-01-15 22:21:18 - [TEST_STEP][PASSED] - openBrowser(""): Browser is opened with url: ''

2022-01-15 22:21:18 - [MESSAGE][INFO] - Starting 'Edge Chromium' driver

2022-01-15 22:21:20 - [MESSAGE][INFO] - Action delay is set to 0 milliseconds

2022-01-15 22:21:21 - [MESSAGE][PASSED] - Browser is opened with url: ''

2022-01-15 22:21:21 - [TEST_STEP][PASSED] - navigateToUrl("localhost"): Navigate to 'http://localhost' successfully

2022-01-15 22:21:22 - [MESSAGE][PASSED] - Navigate to 'http://localhost' successfully

2022-01-15 22:21:22 - [TEST_STEP][PASSED] - click(findTestObject("Page_Home page/a_Log in")): Object: 'Object Repository/Page_Home page/a_Log in' is clicked on

2022-01-15 22:21:24 - [MESSAGE][PASSED] - Object: 'Object Repository/Page_Home page/a_Log in' is clicked on

2022-01-15 22:21:24 - [TEST_STEP][PASSED] - setText(findTestObject("Page_Home page Log in to the site/input_Username_username"), "teacher1"): Text 'teacher1' is set on object 'Object Repository/Page_Home page Log in to the site/input_Username_username'

2022-01-15 22:21:25 - [MESSAGE][PASSED] - Text 'teacher1' is set on object 'Object Repository/Page_Home page Log in to the site/input_Username_username'

2022-01-15 22:21:25 - [TEST_STEP][PASSED] - setText(findTestObject("Page_Home page Log in to the site/input_Password_password (1)"), "Group_10"): Text 'Group_10' is set on object 'Object Repository/Page_Home page Log in to the site/input_Password_password (1)'

2022-01-15 22:21:25 - [MESSAGE][PASSED] - Text 'Group_10' is set on object 'Object Repository/Page_Home page Log in to the site/input_Password_password (1)'

2022-01-15 22:21:25 - [TEST_STEP][PASSED] - click(findTestObject("Page_Home page Log in to the site/button_Log in")): Object: 'Object Repository/Page_Home page Log in to the site/button_Log in' is clicked on

2022-01-15 22:21:27 - [MESSAGE][PASSED] - Object: 'Object Repository/Page_Home page Log in to the site/button_Log in' is clicked on

2022-01-15 22:21:27 - [TEST_STEP][PASSED] - click(findTestObject("Page_Dashboard/a_My courses (1)")): Object: 'Object Repository/Page_Dashboard/a_My courses (1)' is clicked on

2022-01-15 22:21:28 - [MESSAGE][PASSED] - Object: 'Object Repository/Page_Dashboard/a_My courses (1)' is clicked on

2022-01-15 22:21:28 - [TEST_STEP][PASSED] - click(findTestObject("Page_My courses/span_Test Automation")): Object: 'Object Repository/Page_My courses/span_Test Automation' is clicked on

2022-01-15 22:21:30 - [MESSAGE][PASSED] - Object: 'Object Repository/Page_My courses/span_Test Automation' is clicked on

2022-01-15 22:21:30 - [TEST_STEP][PASSED] - click(findTestObject("Page_Course Test Automation/input_Edit mode_setmode")): Object: 'Object Repository/Page_Course Test Automation/input_Edit mode_setmode' is clicked on

2022-01-15 22:21:31 - [MESSAGE][PASSED] - Object: 'Object Repository/Page_Course Test Automation/input_Edit mode_setmode' is clicked on

2022-01-15 22:21:31 - [TEST_STEP][FAILED] - click(findTestObject("Page_Course Test Automation/span_Add an activity or resource")): Unable to click on object 'Object Repository/Page_Course Test Automation/span_Add an activity or resource' (Root cause: com.kms.katalon.core.exception.StepFailedException: Unable to click on object 'Object Repository/Page_Course Test Automation/span_Add an activity or resource'
	at com.kms.katalon.core.webui.keyword.internal.WebUIKeywordMain.stepFailed(WebUIKeywordMain.groovy:64)
	at com.kms.katalon.core.webui.keyword.internal.WebUIKeywordMain.runKeyword(WebUIKeywordMain.groovy:26)
	at com.kms.katalon.core.webui.keyword.builtin.ClickKeyword.click(ClickKeyword.groovy:74)
	at com.kms.katalon.core.webui.keyword.builtin.ClickKeyword.execute(ClickKeyword.groovy:40)
	at com.kms.katalon.core.keyword.internal.KeywordExecutor.executeKeywordForPlatform(KeywordExecutor.groovy:74)
	at com.kms.katalon.core.webui.keyword.WebUiBuiltInKeywords.click(WebUiBuiltInKeywords.groovy:620)
	at com.kms.katalon.core.webui.keyword.WebUiBuiltInKeywords$click$1.call(Unknown Source)
	at Add assignment to course.run(Add assignment to course:38)
	at com.kms.katalon.core.main.ScriptEngine.run(ScriptEngine.java:194)
	at com.kms.katalon.core.main.ScriptEngine.runScriptAsRawText(ScriptEngine.java:119)
	at com.kms.katalon.core.main.TestCaseExecutor.runScript(TestCaseExecutor.java:442)
	at com.kms.katalon.core.main.TestCaseExecutor.doExecute(TestCaseExecutor.java:433)
	at com.kms.katalon.core.main.TestCaseExecutor.processExecutionPhase(TestCaseExecutor.java:412)
	at com.kms.katalon.core.main.TestCaseExecutor.accessMainPhase(TestCaseExecutor.java:404)
	at com.kms.katalon.core.main.TestCaseExecutor.execute(TestCaseExecutor.java:281)
	at com.kms.katalon.core.main.TestSuiteExecutor.accessTestCaseMainPhase(TestSuiteExecutor.java:202)
	at com.kms.katalon.core.main.TestSuiteExecutor.accessTestSuiteMainPhase(TestSuiteExecutor.java:164)
	at com.kms.katalon.core.main.TestSuiteExecutor.execute(TestSuiteExecutor.java:105)
	at com.kms.katalon.core.main.TestCaseMain.startTestSuite(TestCaseMain.java:181)
	at com.kms.katalon.core.main.TestCaseMain$startTestSuite$0.call(Unknown Source)
	at TempTestSuite1642259181016.run(TempTestSuite1642259181016.groovy:36)
Caused by: com.kms.katalon.core.webui.exception.WebElementNotFoundException: Web element with id: 'Object Repository/Page_Course Test Automation/span_Add an activity or resource' located by '//div[@id='coursecontentcollapse2']/button/span[2]' not found
	at com.kms.katalon.core.webui.common.WebUiCommonHelper.findWebElement(WebUiCommonHelper.java:1368)
	at com.kms.katalon.core.webui.keyword.internal.WebUIAbstractKeyword.findWebElement(WebUIAbstractKeyword.groovy:27)
	at com.kms.katalon.core.webui.keyword.builtin.ClickKeyword$_click_closure1.doCall(ClickKeyword.groovy:65)
	at com.kms.katalon.core.webui.keyword.builtin.ClickKeyword$_click_closure1.call(ClickKeyword.groovy)
	at com.kms.katalon.core.webui.keyword.internal.WebUIKeywordMain.runKeyword(WebUIKeywordMain.groovy:20)
	at com.kms.katalon.core.webui.keyword.builtin.ClickKeyword.click(ClickKeyword.groovy:74)
	at com.kms.katalon.core.webui.keyword.builtin.ClickKeyword.execute(ClickKeyword.groovy:40)
	at com.kms.katalon.core.keyword.internal.KeywordExecutor.executeKeywordForPlatform(KeywordExecutor.groovy:74)
	at com.kms.katalon.core.webui.keyword.WebUiBuiltInKeywords.click(WebUiBuiltInKeywords.groovy:620)
	at com.kms.katalon.core.webui.keyword.WebUiBuiltInKeywords$click$1.call(Unknown Source)
	at Script1642040214652.run(Script1642040214652.groovy:38)
	... 13 more
)

2022-01-15 22:22:02 - [MESSAGE][INFO] - Unable to find the element located by 'By.xpath: //div[@id='coursecontentcollapse2']/button/span[2]'. Please recheck the objects properties to make sure the desired element is located. 

2022-01-15 22:22:02 - [MESSAGE][FAILED] - Unable to click on object 'Object Repository/Page_Course Test Automation/span_Add an activity or resource' (Root cause: com.kms.katalon.core.exception.StepFailedException: Unable to click on object 'Object Repository/Page_Course Test Automation/span_Add an activity or resource'
	at com.kms.katalon.core.webui.keyword.internal.WebUIKeywordMain.stepFailed(WebUIKeywordMain.groovy:64)
	at com.kms.katalon.core.webui.keyword.internal.WebUIKeywordMain.runKeyword(WebUIKeywordMain.groovy:26)
	at com.kms.katalon.core.webui.keyword.builtin.ClickKeyword.click(ClickKeyword.groovy:74)
	at com.kms.katalon.core.webui.keyword.builtin.ClickKeyword.execute(ClickKeyword.groovy:40)
	at com.kms.katalon.core.keyword.internal.KeywordExecutor.executeKeywordForPlatform(KeywordExecutor.groovy:74)
	at com.kms.katalon.core.webui.keyword.WebUiBuiltInKeywords.click(WebUiBuiltInKeywords.groovy:620)
	at com.kms.katalon.core.webui.keyword.WebUiBuiltInKeywords$click$1.call(Unknown Source)
	at Add assignment to course.run(Add assignment to course:38)
	at com.kms.katalon.core.main.ScriptEngine.run(ScriptEngine.java:194)
	at com.kms.katalon.core.main.ScriptEngine.runScriptAsRawText(ScriptEngine.java:119)
	at com.kms.katalon.core.main.TestCaseExecutor.runScript(TestCaseExecutor.java:442)
	at com.kms.katalon.core.main.TestCaseExecutor.doExecute(TestCaseExecutor.java:433)
	at com.kms.katalon.core.main.TestCaseExecutor.processExecutionPhase(TestCaseExecutor.java:412)
	at com.kms.katalon.core.main.TestCaseExecutor.accessMainPhase(TestCaseExecutor.java:404)
	at com.kms.katalon.core.main.TestCaseExecutor.execute(TestCaseExecutor.java:281)
	at com.kms.katalon.core.main.TestSuiteExecutor.accessTestCaseMainPhase(TestSuiteExecutor.java:202)
	at com.kms.katalon.core.main.TestSuiteExecutor.accessTestSuiteMainPhase(TestSuiteExecutor.java:164)
	at com.kms.katalon.core.main.TestSuiteExecutor.execute(TestSuiteExecutor.java:105)
	at com.kms.katalon.core.main.TestCaseMain.startTestSuite(TestCaseMain.java:181)
	at com.kms.katalon.core.main.TestCaseMain$startTestSuite$0.call(Unknown Source)
	at TempTestSuite1642259181016.run(TempTestSuite1642259181016.groovy:36)
Caused by: com.kms.katalon.core.webui.exception.WebElementNotFoundException: Web element with id: 'Object Repository/Page_Course Test Automation/span_Add an activity or resource' located by '//div[@id='coursecontentcollapse2']/button/span[2]' not found
	at com.kms.katalon.core.webui.common.WebUiCommonHelper.findWebElement(WebUiCommonHelper.java:1368)
	at com.kms.katalon.core.webui.keyword.internal.WebUIAbstractKeyword.findWebElement(WebUIAbstractKeyword.groovy:27)
	at com.kms.katalon.core.webui.keyword.builtin.ClickKeyword$_click_closure1.doCall(ClickKeyword.groovy:65)
	at com.kms.katalon.core.webui.keyword.builtin.ClickKeyword$_click_closure1.call(ClickKeyword.groovy)
	at com.kms.katalon.core.webui.keyword.internal.WebUIKeywordMain.runKeyword(WebUIKeywordMain.groovy:20)
	at com.kms.katalon.core.webui.keyword.builtin.ClickKeyword.click(ClickKeyword.groovy:74)
	at com.kms.katalon.core.webui.keyword.builtin.ClickKeyword.execute(ClickKeyword.groovy:40)
	at com.kms.katalon.core.keyword.internal.KeywordExecutor.executeKeywordForPlatform(KeywordExecutor.groovy:74)
	at com.kms.katalon.core.webui.keyword.WebUiBuiltInKeywords.click(WebUiBuiltInKeywords.groovy:620)
	at com.kms.katalon.core.webui.keyword.WebUiBuiltInKeywords$click$1.call(Unknown Source)
	at Script1642040214652.run(Script1642040214652.groovy:38)
	... 13 more
)
[[ATTACHMENT|D:\\TestAutomation-SEBonus-Group10\\Test Automation - SE Bonus\\Reports\\20220115_220621\\Run all test cases\\20220115_220621\\1642260122334.png]]]]></system-out>
         <system-err><![CDATA[2022-01-15 22:21:18 - [TEST_CASE][FAILED] - Test Cases/Add assignment to course: Test Cases/Add assignment to course FAILED.
Reason:
com.kms.katalon.core.exception.StepFailedException: Unable to click on object 'Object Repository/Page_Course Test Automation/span_Add an activity or resource'
	at com.kms.katalon.core.webui.keyword.internal.WebUIKeywordMain.stepFailed(WebUIKeywordMain.groovy:64)
	at com.kms.katalon.core.webui.keyword.internal.WebUIKeywordMain.runKeyword(WebUIKeywordMain.groovy:26)
	at com.kms.katalon.core.webui.keyword.builtin.ClickKeyword.click(ClickKeyword.groovy:74)
	at com.kms.katalon.core.webui.keyword.builtin.ClickKeyword.execute(ClickKeyword.groovy:40)
	at com.kms.katalon.core.keyword.internal.KeywordExecutor.executeKeywordForPlatform(KeywordExecutor.groovy:74)
	at com.kms.katalon.core.webui.keyword.WebUiBuiltInKeywords.click(WebUiBuiltInKeywords.groovy:620)
	at com.kms.katalon.core.webui.keyword.WebUiBuiltInKeywords$click$1.call(Unknown Source)
	at Add assignment to course.run(Add assignment to course:38)
	at com.kms.katalon.core.main.ScriptEngine.run(ScriptEngine.java:194)
	at com.kms.katalon.core.main.ScriptEngine.runScriptAsRawText(ScriptEngine.java:119)
	at com.kms.katalon.core.main.TestCaseExecutor.runScript(TestCaseExecutor.java:442)
	at com.kms.katalon.core.main.TestCaseExecutor.doExecute(TestCaseExecutor.java:433)
	at com.kms.katalon.core.main.TestCaseExecutor.processExecutionPhase(TestCaseExecutor.java:412)
	at com.kms.katalon.core.main.TestCaseExecutor.accessMainPhase(TestCaseExecutor.java:404)
	at com.kms.katalon.core.main.TestCaseExecutor.execute(TestCaseExecutor.java:281)
	at com.kms.katalon.core.main.TestSuiteExecutor.accessTestCaseMainPhase(TestSuiteExecutor.java:202)
	at com.kms.katalon.core.main.TestSuiteExecutor.accessTestSuiteMainPhase(TestSuiteExecutor.java:164)
	at com.kms.katalon.core.main.TestSuiteExecutor.execute(TestSuiteExecutor.java:105)
	at com.kms.katalon.core.main.TestCaseMain.startTestSuite(TestCaseMain.java:181)
	at com.kms.katalon.core.main.TestCaseMain$startTestSuite$0.call(Unknown Source)
	at TempTestSuite1642259181016.run(TempTestSuite1642259181016.groovy:36)
Caused by: com.kms.katalon.core.webui.exception.WebElementNotFoundException: Web element with id: 'Object Repository/Page_Course Test Automation/span_Add an activity or resource' located by '//div[@id='coursecontentcollapse2']/button/span[2]' not found
	at com.kms.katalon.core.webui.common.WebUiCommonHelper.findWebElement(WebUiCommonHelper.java:1368)
	at com.kms.katalon.core.webui.keyword.internal.WebUIAbstractKeyword.findWebElement(WebUIAbstractKeyword.groovy:27)
	at com.kms.katalon.core.webui.keyword.builtin.ClickKeyword$_click_closure1.doCall(ClickKeyword.groovy:65)
	at com.kms.katalon.core.webui.keyword.builtin.ClickKeyword$_click_closure1.call(ClickKeyword.groovy)
	at com.kms.katalon.core.webui.keyword.internal.WebUIKeywordMain.runKeyword(WebUIKeywordMain.groovy:20)
	... 19 more]]></system-err>
      </testcase>
      <testcase name="Test Cases/Edit assignment" time="49.294" classname="Test Cases/Edit assignment" status="FAILED">
         <failure type="FAILED" message="Test Cases/Edit assignment FAILED.
Reason:
com.kms.katalon.core.exception.StepFailedException: Unable to set text 'Bonus assignment (Extend 1 week)' of object 'Object Repository/Page_Course Test Automation/Page_Editing Assignment/input_name-assignment'
	at com.kms.katalon.core.webui.keyword.internal.WebUIKeywordMain.stepFailed(WebUIKeywordMain.groovy:64)
	at com.kms.katalon.core.webui.keyword.internal.WebUIKeywordMain.runKeyword(WebUIKeywordMain.groovy:26)
	at com.kms.katalon.core.webui.keyword.builtin.SetTextKeyword.setText(SetTextKeyword.groovy:66)
	at com.kms.katalon.core.webui.keyword.builtin.SetTextKeyword.execute(SetTextKeyword.groovy:37)
	at com.kms.katalon.core.keyword.internal.KeywordExecutor.executeKeywordForPlatform(KeywordExecutor.groovy:74)
	at com.kms.katalon.core.webui.keyword.WebUiBuiltInKeywords.setText(WebUiBuiltInKeywords.groovy:980)
	at com.kms.katalon.core.webui.keyword.WebUiBuiltInKeywords$setText$2.call(Unknown Source)
	at Edit assignment.run(Edit assignment:42)
	at com.kms.katalon.core.main.ScriptEngine.run(ScriptEngine.java:194)
	at com.kms.katalon.core.main.ScriptEngine.runScriptAsRawText(ScriptEngine.java:119)
	at com.kms.katalon.core.main.TestCaseExecutor.runScript(TestCaseExecutor.java:442)
	at com.kms.katalon.core.main.TestCaseExecutor.doExecute(TestCaseExecutor.java:433)
	at com.kms.katalon.core.main.TestCaseExecutor.processExecutionPhase(TestCaseExecutor.java:412)
	at com.kms.katalon.core.main.TestCaseExecutor.accessMainPhase(TestCaseExecutor.java:404)
	at com.kms.katalon.core.main.TestCaseExecutor.execute(TestCaseExecutor.java:281)
	at com.kms.katalon.core.main.TestSuiteExecutor.accessTestCaseMainPhase(TestSuiteExecutor.java:202)
	at com.kms.katalon.core.main.TestSuiteExecutor.accessTestSuiteMainPhase(TestSuiteExecutor.java:164)
	at com.kms.katalon.core.main.TestSuiteExecutor.execute(TestSuiteExecutor.java:105)
	at com.kms.katalon.core.main.TestCaseMain.startTestSuite(TestCaseMain.java:181)
	at com.kms.katalon.core.main.TestCaseMain$startTestSuite$0.call(Unknown Source)
	at TempTestSuite1642259181016.run(TempTestSuite1642259181016.groovy:36)
Caused by: com.kms.katalon.core.webui.exception.WebElementNotFoundException: Web element with id: 'Object Repository/Page_Course Test Automation/Page_Editing Assignment/input_name-assignment' located by '//input[@id='id_name']' not found
	at com.kms.katalon.core.webui.common.WebUiCommonHelper.findWebElement(WebUiCommonHelper.java:1368)
	at com.kms.katalon.core.webui.keyword.internal.WebUIAbstractKeyword.findWebElement(WebUIAbstractKeyword.groovy:27)
	at com.kms.katalon.core.webui.keyword.internal.WebUIAbstractKeyword.findWebElement(WebUIAbstractKeyword.groovy:26)
	at com.kms.katalon.core.webui.keyword.builtin.SetTextKeyword$_setText_closure1.doCall(SetTextKeyword.groovy:51)
	at com.kms.katalon.core.webui.keyword.builtin.SetTextKeyword$_setText_closure1.call(SetTextKeyword.groovy)
	at com.kms.katalon.core.webui.keyword.internal.WebUIKeywordMain.runKeyword(WebUIKeywordMain.groovy:20)
	... 19 more
"/>
         <system-out><![CDATA[2022-01-15 22:22:02 - [TEST_CASE][FAILED] - Test Cases/Edit assignment: Test Cases/Edit assignment FAILED.
Reason:
com.kms.katalon.core.exception.StepFailedException: Unable to set text 'Bonus assignment (Extend 1 week)' of object 'Object Repository/Page_Course Test Automation/Page_Editing Assignment/input_name-assignment'
	at com.kms.katalon.core.webui.keyword.internal.WebUIKeywordMain.stepFailed(WebUIKeywordMain.groovy:64)
	at com.kms.katalon.core.webui.keyword.internal.WebUIKeywordMain.runKeyword(WebUIKeywordMain.groovy:26)
	at com.kms.katalon.core.webui.keyword.builtin.SetTextKeyword.setText(SetTextKeyword.groovy:66)
	at com.kms.katalon.core.webui.keyword.builtin.SetTextKeyword.execute(SetTextKeyword.groovy:37)
	at com.kms.katalon.core.keyword.internal.KeywordExecutor.executeKeywordForPlatform(KeywordExecutor.groovy:74)
	at com.kms.katalon.core.webui.keyword.WebUiBuiltInKeywords.setText(WebUiBuiltInKeywords.groovy:980)
	at com.kms.katalon.core.webui.keyword.WebUiBuiltInKeywords$setText$2.call(Unknown Source)
	at Edit assignment.run(Edit assignment:42)
	at com.kms.katalon.core.main.ScriptEngine.run(ScriptEngine.java:194)
	at com.kms.katalon.core.main.ScriptEngine.runScriptAsRawText(ScriptEngine.java:119)
	at com.kms.katalon.core.main.TestCaseExecutor.runScript(TestCaseExecutor.java:442)
	at com.kms.katalon.core.main.TestCaseExecutor.doExecute(TestCaseExecutor.java:433)
	at com.kms.katalon.core.main.TestCaseExecutor.processExecutionPhase(TestCaseExecutor.java:412)
	at com.kms.katalon.core.main.TestCaseExecutor.accessMainPhase(TestCaseExecutor.java:404)
	at com.kms.katalon.core.main.TestCaseExecutor.execute(TestCaseExecutor.java:281)
	at com.kms.katalon.core.main.TestSuiteExecutor.accessTestCaseMainPhase(TestSuiteExecutor.java:202)
	at com.kms.katalon.core.main.TestSuiteExecutor.accessTestSuiteMainPhase(TestSuiteExecutor.java:164)
	at com.kms.katalon.core.main.TestSuiteExecutor.execute(TestSuiteExecutor.java:105)
	at com.kms.katalon.core.main.TestCaseMain.startTestSuite(TestCaseMain.java:181)
	at com.kms.katalon.core.main.TestCaseMain$startTestSuite$0.call(Unknown Source)
	at TempTestSuite1642259181016.run(TempTestSuite1642259181016.groovy:36)
Caused by: com.kms.katalon.core.webui.exception.WebElementNotFoundException: Web element with id: 'Object Repository/Page_Course Test Automation/Page_Editing Assignment/input_name-assignment' located by '//input[@id='id_name']' not found
	at com.kms.katalon.core.webui.common.WebUiCommonHelper.findWebElement(WebUiCommonHelper.java:1368)
	at com.kms.katalon.core.webui.keyword.internal.WebUIAbstractKeyword.findWebElement(WebUIAbstractKeyword.groovy:27)
	at com.kms.katalon.core.webui.keyword.internal.WebUIAbstractKeyword.findWebElement(WebUIAbstractKeyword.groovy:26)
	at com.kms.katalon.core.webui.keyword.builtin.SetTextKeyword$_setText_closure1.doCall(SetTextKeyword.groovy:51)
	at com.kms.katalon.core.webui.keyword.builtin.SetTextKeyword$_setText_closure1.call(SetTextKeyword.groovy)
	at com.kms.katalon.core.webui.keyword.internal.WebUIKeywordMain.runKeyword(WebUIKeywordMain.groovy:20)
	... 19 more


2022-01-15 22:22:03 - [TEST_STEP][PASSED] - openBrowser(""): Browser is opened with url: ''

2022-01-15 22:22:03 - [MESSAGE][WARNING] - A browser is already opened. Closing browser and opening a new one

2022-01-15 22:22:04 - [MESSAGE][INFO] - Starting 'Edge Chromium' driver

2022-01-15 22:22:06 - [MESSAGE][INFO] - Action delay is set to 0 milliseconds

2022-01-15 22:22:07 - [MESSAGE][PASSED] - Browser is opened with url: ''

2022-01-15 22:22:07 - [TEST_STEP][PASSED] - navigateToUrl("localhost"): Navigate to 'http://localhost' successfully

2022-01-15 22:22:08 - [MESSAGE][PASSED] - Navigate to 'http://localhost' successfully

2022-01-15 22:22:08 - [TEST_STEP][PASSED] - click(findTestObject("Page_Home page/a_Log in")): Object: 'Object Repository/Page_Home page/a_Log in' is clicked on

2022-01-15 22:22:09 - [MESSAGE][PASSED] - Object: 'Object Repository/Page_Home page/a_Log in' is clicked on

2022-01-15 22:22:09 - [TEST_STEP][PASSED] - setText(findTestObject("Page_Home page Log in to the site/input_Username_username"), "teacher1"): Text 'teacher1' is set on object 'Object Repository/Page_Home page Log in to the site/input_Username_username'

2022-01-15 22:22:10 - [MESSAGE][PASSED] - Text 'teacher1' is set on object 'Object Repository/Page_Home page Log in to the site/input_Username_username'

2022-01-15 22:22:10 - [TEST_STEP][PASSED] - setText(findTestObject("Page_Home page Log in to the site/input_Password_password (1)"), "Group_10"): Text 'Group_10' is set on object 'Object Repository/Page_Home page Log in to the site/input_Password_password (1)'

2022-01-15 22:22:11 - [MESSAGE][PASSED] - Text 'Group_10' is set on object 'Object Repository/Page_Home page Log in to the site/input_Password_password (1)'

2022-01-15 22:22:11 - [TEST_STEP][PASSED] - click(findTestObject("Page_Home page Log in to the site/button_Log in")): Object: 'Object Repository/Page_Home page Log in to the site/button_Log in' is clicked on

2022-01-15 22:22:13 - [MESSAGE][PASSED] - Object: 'Object Repository/Page_Home page Log in to the site/button_Log in' is clicked on

2022-01-15 22:22:13 - [TEST_STEP][PASSED] - click(findTestObject("Page_Dashboard/a_My courses (1)")): Object: 'Object Repository/Page_Dashboard/a_My courses (1)' is clicked on

2022-01-15 22:22:14 - [MESSAGE][PASSED] - Object: 'Object Repository/Page_Dashboard/a_My courses (1)' is clicked on

2022-01-15 22:22:14 - [TEST_STEP][PASSED] - click(findTestObject("Page_My courses/span_Test Automation")): Object: 'Object Repository/Page_My courses/span_Test Automation' is clicked on

2022-01-15 22:22:16 - [MESSAGE][PASSED] - Object: 'Object Repository/Page_My courses/span_Test Automation' is clicked on

2022-01-15 22:22:16 - [TEST_STEP][PASSED] - click(findTestObject("Page_Course Test Automation/input_Edit mode_setmode")): Object: 'Object Repository/Page_Course Test Automation/input_Edit mode_setmode' is clicked on

2022-01-15 22:22:17 - [MESSAGE][PASSED] - Object: 'Object Repository/Page_Course Test Automation/input_Edit mode_setmode' is clicked on

2022-01-15 22:22:17 - [TEST_STEP][PASSED] - click(findTestObject("Page_Course Test Automation/btn-setting-assignment")): Object: 'Object Repository/Page_Course Test Automation/btn-setting-assignment' is clicked on

2022-01-15 22:22:18 - [MESSAGE][PASSED] - Object: 'Object Repository/Page_Course Test Automation/btn-setting-assignment' is clicked on

2022-01-15 22:22:18 - [TEST_STEP][PASSED] - click(findTestObject("Page_Course Test Automation/span_Edit settings")): Object: 'Object Repository/Page_Course Test Automation/span_Edit settings' is clicked on

2022-01-15 22:22:20 - [MESSAGE][PASSED] - Object: 'Object Repository/Page_Course Test Automation/span_Edit settings' is clicked on

2022-01-15 22:22:20 - [TEST_STEP][FAILED] - setText(findTestObject("Page_Course Test Automation/Page_Editing Assignment/input_name-assignment"), "Bonus assignment (Extend 1 week)"): Unable to set text 'Bonus assignment (Extend 1 week)' of object 'Object Repository/Page_Course Test Automation/Page_Editing Assignment/input_name-assignment' (Root cause: com.kms.katalon.core.exception.StepFailedException: Unable to set text 'Bonus assignment (Extend 1 week)' of object 'Object Repository/Page_Course Test Automation/Page_Editing Assignment/input_name-assignment'
	at com.kms.katalon.core.webui.keyword.internal.WebUIKeywordMain.stepFailed(WebUIKeywordMain.groovy:64)
	at com.kms.katalon.core.webui.keyword.internal.WebUIKeywordMain.runKeyword(WebUIKeywordMain.groovy:26)
	at com.kms.katalon.core.webui.keyword.builtin.SetTextKeyword.setText(SetTextKeyword.groovy:66)
	at com.kms.katalon.core.webui.keyword.builtin.SetTextKeyword.execute(SetTextKeyword.groovy:37)
	at com.kms.katalon.core.keyword.internal.KeywordExecutor.executeKeywordForPlatform(KeywordExecutor.groovy:74)
	at com.kms.katalon.core.webui.keyword.WebUiBuiltInKeywords.setText(WebUiBuiltInKeywords.groovy:980)
	at com.kms.katalon.core.webui.keyword.WebUiBuiltInKeywords$setText$2.call(Unknown Source)
	at Edit assignment.run(Edit assignment:42)
	at com.kms.katalon.core.main.ScriptEngine.run(ScriptEngine.java:194)
	at com.kms.katalon.core.main.ScriptEngine.runScriptAsRawText(ScriptEngine.java:119)
	at com.kms.katalon.core.main.TestCaseExecutor.runScript(TestCaseExecutor.java:442)
	at com.kms.katalon.core.main.TestCaseExecutor.doExecute(TestCaseExecutor.java:433)
	at com.kms.katalon.core.main.TestCaseExecutor.processExecutionPhase(TestCaseExecutor.java:412)
	at com.kms.katalon.core.main.TestCaseExecutor.accessMainPhase(TestCaseExecutor.java:404)
	at com.kms.katalon.core.main.TestCaseExecutor.execute(TestCaseExecutor.java:281)
	at com.kms.katalon.core.main.TestSuiteExecutor.accessTestCaseMainPhase(TestSuiteExecutor.java:202)
	at com.kms.katalon.core.main.TestSuiteExecutor.accessTestSuiteMainPhase(TestSuiteExecutor.java:164)
	at com.kms.katalon.core.main.TestSuiteExecutor.execute(TestSuiteExecutor.java:105)
	at com.kms.katalon.core.main.TestCaseMain.startTestSuite(TestCaseMain.java:181)
	at com.kms.katalon.core.main.TestCaseMain$startTestSuite$0.call(Unknown Source)
	at TempTestSuite1642259181016.run(TempTestSuite1642259181016.groovy:36)
Caused by: com.kms.katalon.core.webui.exception.WebElementNotFoundException: Web element with id: 'Object Repository/Page_Course Test Automation/Page_Editing Assignment/input_name-assignment' located by '//input[@id='id_name']' not found
	at com.kms.katalon.core.webui.common.WebUiCommonHelper.findWebElement(WebUiCommonHelper.java:1368)
	at com.kms.katalon.core.webui.keyword.internal.WebUIAbstractKeyword.findWebElement(WebUIAbstractKeyword.groovy:27)
	at com.kms.katalon.core.webui.keyword.internal.WebUIAbstractKeyword.findWebElement(WebUIAbstractKeyword.groovy:26)
	at com.kms.katalon.core.webui.keyword.builtin.SetTextKeyword$_setText_closure1.doCall(SetTextKeyword.groovy:51)
	at com.kms.katalon.core.webui.keyword.builtin.SetTextKeyword$_setText_closure1.call(SetTextKeyword.groovy)
	at com.kms.katalon.core.webui.keyword.internal.WebUIKeywordMain.runKeyword(WebUIKeywordMain.groovy:20)
	at com.kms.katalon.core.webui.keyword.builtin.SetTextKeyword.setText(SetTextKeyword.groovy:66)
	at com.kms.katalon.core.webui.keyword.builtin.SetTextKeyword.execute(SetTextKeyword.groovy:37)
	at com.kms.katalon.core.keyword.internal.KeywordExecutor.executeKeywordForPlatform(KeywordExecutor.groovy:74)
	at com.kms.katalon.core.webui.keyword.WebUiBuiltInKeywords.setText(WebUiBuiltInKeywords.groovy:980)
	at com.kms.katalon.core.webui.keyword.WebUiBuiltInKeywords$setText$2.call(Unknown Source)
	at Script1642041026688.run(Script1642041026688.groovy:42)
	... 13 more
)

2022-01-15 22:22:51 - [MESSAGE][INFO] - Unable to find the element located by 'By.xpath: //input[@id='id_name']'. Please recheck the objects properties to make sure the desired element is located. 

2022-01-15 22:22:51 - [MESSAGE][FAILED] - Unable to set text 'Bonus assignment (Extend 1 week)' of object 'Object Repository/Page_Course Test Automation/Page_Editing Assignment/input_name-assignment' (Root cause: com.kms.katalon.core.exception.StepFailedException: Unable to set text 'Bonus assignment (Extend 1 week)' of object 'Object Repository/Page_Course Test Automation/Page_Editing Assignment/input_name-assignment'
	at com.kms.katalon.core.webui.keyword.internal.WebUIKeywordMain.stepFailed(WebUIKeywordMain.groovy:64)
	at com.kms.katalon.core.webui.keyword.internal.WebUIKeywordMain.runKeyword(WebUIKeywordMain.groovy:26)
	at com.kms.katalon.core.webui.keyword.builtin.SetTextKeyword.setText(SetTextKeyword.groovy:66)
	at com.kms.katalon.core.webui.keyword.builtin.SetTextKeyword.execute(SetTextKeyword.groovy:37)
	at com.kms.katalon.core.keyword.internal.KeywordExecutor.executeKeywordForPlatform(KeywordExecutor.groovy:74)
	at com.kms.katalon.core.webui.keyword.WebUiBuiltInKeywords.setText(WebUiBuiltInKeywords.groovy:980)
	at com.kms.katalon.core.webui.keyword.WebUiBuiltInKeywords$setText$2.call(Unknown Source)
	at Edit assignment.run(Edit assignment:42)
	at com.kms.katalon.core.main.ScriptEngine.run(ScriptEngine.java:194)
	at com.kms.katalon.core.main.ScriptEngine.runScriptAsRawText(ScriptEngine.java:119)
	at com.kms.katalon.core.main.TestCaseExecutor.runScript(TestCaseExecutor.java:442)
	at com.kms.katalon.core.main.TestCaseExecutor.doExecute(TestCaseExecutor.java:433)
	at com.kms.katalon.core.main.TestCaseExecutor.processExecutionPhase(TestCaseExecutor.java:412)
	at com.kms.katalon.core.main.TestCaseExecutor.accessMainPhase(TestCaseExecutor.java:404)
	at com.kms.katalon.core.main.TestCaseExecutor.execute(TestCaseExecutor.java:281)
	at com.kms.katalon.core.main.TestSuiteExecutor.accessTestCaseMainPhase(TestSuiteExecutor.java:202)
	at com.kms.katalon.core.main.TestSuiteExecutor.accessTestSuiteMainPhase(TestSuiteExecutor.java:164)
	at com.kms.katalon.core.main.TestSuiteExecutor.execute(TestSuiteExecutor.java:105)
	at com.kms.katalon.core.main.TestCaseMain.startTestSuite(TestCaseMain.java:181)
	at com.kms.katalon.core.main.TestCaseMain$startTestSuite$0.call(Unknown Source)
	at TempTestSuite1642259181016.run(TempTestSuite1642259181016.groovy:36)
Caused by: com.kms.katalon.core.webui.exception.WebElementNotFoundException: Web element with id: 'Object Repository/Page_Course Test Automation/Page_Editing Assignment/input_name-assignment' located by '//input[@id='id_name']' not found
	at com.kms.katalon.core.webui.common.WebUiCommonHelper.findWebElement(WebUiCommonHelper.java:1368)
	at com.kms.katalon.core.webui.keyword.internal.WebUIAbstractKeyword.findWebElement(WebUIAbstractKeyword.groovy:27)
	at com.kms.katalon.core.webui.keyword.internal.WebUIAbstractKeyword.findWebElement(WebUIAbstractKeyword.groovy:26)
	at com.kms.katalon.core.webui.keyword.builtin.SetTextKeyword$_setText_closure1.doCall(SetTextKeyword.groovy:51)
	at com.kms.katalon.core.webui.keyword.builtin.SetTextKeyword$_setText_closure1.call(SetTextKeyword.groovy)
	at com.kms.katalon.core.webui.keyword.internal.WebUIKeywordMain.runKeyword(WebUIKeywordMain.groovy:20)
	at com.kms.katalon.core.webui.keyword.builtin.SetTextKeyword.setText(SetTextKeyword.groovy:66)
	at com.kms.katalon.core.webui.keyword.builtin.SetTextKeyword.execute(SetTextKeyword.groovy:37)
	at com.kms.katalon.core.keyword.internal.KeywordExecutor.executeKeywordForPlatform(KeywordExecutor.groovy:74)
	at com.kms.katalon.core.webui.keyword.WebUiBuiltInKeywords.setText(WebUiBuiltInKeywords.groovy:980)
	at com.kms.katalon.core.webui.keyword.WebUiBuiltInKeywords$setText$2.call(Unknown Source)
	at Script1642041026688.run(Script1642041026688.groovy:42)
	... 13 more
)
[[ATTACHMENT|D:\\TestAutomation-SEBonus-Group10\\Test Automation - SE Bonus\\Reports\\20220115_220621\\Run all test cases\\20220115_220621\\1642260171633.png]]]]></system-out>
         <system-err><![CDATA[2022-01-15 22:22:02 - [TEST_CASE][FAILED] - Test Cases/Edit assignment: Test Cases/Edit assignment FAILED.
Reason:
com.kms.katalon.core.exception.StepFailedException: Unable to set text 'Bonus assignment (Extend 1 week)' of object 'Object Repository/Page_Course Test Automation/Page_Editing Assignment/input_name-assignment'
	at com.kms.katalon.core.webui.keyword.internal.WebUIKeywordMain.stepFailed(WebUIKeywordMain.groovy:64)
	at com.kms.katalon.core.webui.keyword.internal.WebUIKeywordMain.runKeyword(WebUIKeywordMain.groovy:26)
	at com.kms.katalon.core.webui.keyword.builtin.SetTextKeyword.setText(SetTextKeyword.groovy:66)
	at com.kms.katalon.core.webui.keyword.builtin.SetTextKeyword.execute(SetTextKeyword.groovy:37)
	at com.kms.katalon.core.keyword.internal.KeywordExecutor.executeKeywordForPlatform(KeywordExecutor.groovy:74)
	at com.kms.katalon.core.webui.keyword.WebUiBuiltInKeywords.setText(WebUiBuiltInKeywords.groovy:980)
	at com.kms.katalon.core.webui.keyword.WebUiBuiltInKeywords$setText$2.call(Unknown Source)
	at Edit assignment.run(Edit assignment:42)
	at com.kms.katalon.core.main.ScriptEngine.run(ScriptEngine.java:194)
	at com.kms.katalon.core.main.ScriptEngine.runScriptAsRawText(ScriptEngine.java:119)
	at com.kms.katalon.core.main.TestCaseExecutor.runScript(TestCaseExecutor.java:442)
	at com.kms.katalon.core.main.TestCaseExecutor.doExecute(TestCaseExecutor.java:433)
	at com.kms.katalon.core.main.TestCaseExecutor.processExecutionPhase(TestCaseExecutor.java:412)
	at com.kms.katalon.core.main.TestCaseExecutor.accessMainPhase(TestCaseExecutor.java:404)
	at com.kms.katalon.core.main.TestCaseExecutor.execute(TestCaseExecutor.java:281)
	at com.kms.katalon.core.main.TestSuiteExecutor.accessTestCaseMainPhase(TestSuiteExecutor.java:202)
	at com.kms.katalon.core.main.TestSuiteExecutor.accessTestSuiteMainPhase(TestSuiteExecutor.java:164)
	at com.kms.katalon.core.main.TestSuiteExecutor.execute(TestSuiteExecutor.java:105)
	at com.kms.katalon.core.main.TestCaseMain.startTestSuite(TestCaseMain.java:181)
	at com.kms.katalon.core.main.TestCaseMain$startTestSuite$0.call(Unknown Source)
	at TempTestSuite1642259181016.run(TempTestSuite1642259181016.groovy:36)
Caused by: com.kms.katalon.core.webui.exception.WebElementNotFoundException: Web element with id: 'Object Repository/Page_Course Test Automation/Page_Editing Assignment/input_name-assignment' located by '//input[@id='id_name']' not found
	at com.kms.katalon.core.webui.common.WebUiCommonHelper.findWebElement(WebUiCommonHelper.java:1368)
	at com.kms.katalon.core.webui.keyword.internal.WebUIAbstractKeyword.findWebElement(WebUIAbstractKeyword.groovy:27)
	at com.kms.katalon.core.webui.keyword.internal.WebUIAbstractKeyword.findWebElement(WebUIAbstractKeyword.groovy:26)
	at com.kms.katalon.core.webui.keyword.builtin.SetTextKeyword$_setText_closure1.doCall(SetTextKeyword.groovy:51)
	at com.kms.katalon.core.webui.keyword.builtin.SetTextKeyword$_setText_closure1.call(SetTextKeyword.groovy)
	at com.kms.katalon.core.webui.keyword.internal.WebUIKeywordMain.runKeyword(WebUIKeywordMain.groovy:20)
	... 19 more]]></system-err>
      </testcase>
      <testcase name="Test Cases/Add event to calendar" time="47.247" classname="Test Cases/Add event to calendar" status="FAILED">
         <failure type="FAILED" message="Test Cases/Add event to calendar FAILED.
Reason:
com.kms.katalon.core.exception.StepFailedException: Unable to click on object 'Object Repository/Page_Course Test Automation/span_Add an activity or resource_2'
	at com.kms.katalon.core.webui.keyword.internal.WebUIKeywordMain.stepFailed(WebUIKeywordMain.groovy:64)
	at com.kms.katalon.core.webui.keyword.internal.WebUIKeywordMain.runKeyword(WebUIKeywordMain.groovy:26)
	at com.kms.katalon.core.webui.keyword.builtin.ClickKeyword.click(ClickKeyword.groovy:74)
	at com.kms.katalon.core.webui.keyword.builtin.ClickKeyword.execute(ClickKeyword.groovy:40)
	at com.kms.katalon.core.keyword.internal.KeywordExecutor.executeKeywordForPlatform(KeywordExecutor.groovy:74)
	at com.kms.katalon.core.webui.keyword.WebUiBuiltInKeywords.click(WebUiBuiltInKeywords.groovy:620)
	at com.kms.katalon.core.webui.keyword.WebUiBuiltInKeywords$click$1.call(Unknown Source)
	at Add event to calendar.run(Add event to calendar:38)
	at com.kms.katalon.core.main.ScriptEngine.run(ScriptEngine.java:194)
	at com.kms.katalon.core.main.ScriptEngine.runScriptAsRawText(ScriptEngine.java:119)
	at com.kms.katalon.core.main.TestCaseExecutor.runScript(TestCaseExecutor.java:442)
	at com.kms.katalon.core.main.TestCaseExecutor.doExecute(TestCaseExecutor.java:433)
	at com.kms.katalon.core.main.TestCaseExecutor.processExecutionPhase(TestCaseExecutor.java:412)
	at com.kms.katalon.core.main.TestCaseExecutor.accessMainPhase(TestCaseExecutor.java:404)
	at com.kms.katalon.core.main.TestCaseExecutor.execute(TestCaseExecutor.java:281)
	at com.kms.katalon.core.main.TestSuiteExecutor.accessTestCaseMainPhase(TestSuiteExecutor.java:202)
	at com.kms.katalon.core.main.TestSuiteExecutor.accessTestSuiteMainPhase(TestSuiteExecutor.java:164)
	at com.kms.katalon.core.main.TestSuiteExecutor.execute(TestSuiteExecutor.java:105)
	at com.kms.katalon.core.main.TestCaseMain.startTestSuite(TestCaseMain.java:181)
	at com.kms.katalon.core.main.TestCaseMain$startTestSuite$0.call(Unknown Source)
	at TempTestSuite1642259181016.run(TempTestSuite1642259181016.groovy:36)
Caused by: com.kms.katalon.core.webui.exception.WebElementNotFoundException: Web element with id: 'Object Repository/Page_Course Test Automation/span_Add an activity or resource_2' located by '//div[@id='coursecontentcollapse4']/button/span[2]' not found
	at com.kms.katalon.core.webui.common.WebUiCommonHelper.findWebElement(WebUiCommonHelper.java:1368)
	at com.kms.katalon.core.webui.keyword.internal.WebUIAbstractKeyword.findWebElement(WebUIAbstractKeyword.groovy:27)
	at com.kms.katalon.core.webui.keyword.builtin.ClickKeyword$_click_closure1.doCall(ClickKeyword.groovy:65)
	at com.kms.katalon.core.webui.keyword.builtin.ClickKeyword$_click_closure1.call(ClickKeyword.groovy)
	at com.kms.katalon.core.webui.keyword.internal.WebUIKeywordMain.runKeyword(WebUIKeywordMain.groovy:20)
	... 19 more
"/>
         <system-out><![CDATA[2022-01-15 22:22:51 - [TEST_CASE][FAILED] - Test Cases/Add event to calendar: Test Cases/Add event to calendar FAILED.
Reason:
com.kms.katalon.core.exception.StepFailedException: Unable to click on object 'Object Repository/Page_Course Test Automation/span_Add an activity or resource_2'
	at com.kms.katalon.core.webui.keyword.internal.WebUIKeywordMain.stepFailed(WebUIKeywordMain.groovy:64)
	at com.kms.katalon.core.webui.keyword.internal.WebUIKeywordMain.runKeyword(WebUIKeywordMain.groovy:26)
	at com.kms.katalon.core.webui.keyword.builtin.ClickKeyword.click(ClickKeyword.groovy:74)
	at com.kms.katalon.core.webui.keyword.builtin.ClickKeyword.execute(ClickKeyword.groovy:40)
	at com.kms.katalon.core.keyword.internal.KeywordExecutor.executeKeywordForPlatform(KeywordExecutor.groovy:74)
	at com.kms.katalon.core.webui.keyword.WebUiBuiltInKeywords.click(WebUiBuiltInKeywords.groovy:620)
	at com.kms.katalon.core.webui.keyword.WebUiBuiltInKeywords$click$1.call(Unknown Source)
	at Add event to calendar.run(Add event to calendar:38)
	at com.kms.katalon.core.main.ScriptEngine.run(ScriptEngine.java:194)
	at com.kms.katalon.core.main.ScriptEngine.runScriptAsRawText(ScriptEngine.java:119)
	at com.kms.katalon.core.main.TestCaseExecutor.runScript(TestCaseExecutor.java:442)
	at com.kms.katalon.core.main.TestCaseExecutor.doExecute(TestCaseExecutor.java:433)
	at com.kms.katalon.core.main.TestCaseExecutor.processExecutionPhase(TestCaseExecutor.java:412)
	at com.kms.katalon.core.main.TestCaseExecutor.accessMainPhase(TestCaseExecutor.java:404)
	at com.kms.katalon.core.main.TestCaseExecutor.execute(TestCaseExecutor.java:281)
	at com.kms.katalon.core.main.TestSuiteExecutor.accessTestCaseMainPhase(TestSuiteExecutor.java:202)
	at com.kms.katalon.core.main.TestSuiteExecutor.accessTestSuiteMainPhase(TestSuiteExecutor.java:164)
	at com.kms.katalon.core.main.TestSuiteExecutor.execute(TestSuiteExecutor.java:105)
	at com.kms.katalon.core.main.TestCaseMain.startTestSuite(TestCaseMain.java:181)
	at com.kms.katalon.core.main.TestCaseMain$startTestSuite$0.call(Unknown Source)
	at TempTestSuite1642259181016.run(TempTestSuite1642259181016.groovy:36)
Caused by: com.kms.katalon.core.webui.exception.WebElementNotFoundException: Web element with id: 'Object Repository/Page_Course Test Automation/span_Add an activity or resource_2' located by '//div[@id='coursecontentcollapse4']/button/span[2]' not found
	at com.kms.katalon.core.webui.common.WebUiCommonHelper.findWebElement(WebUiCommonHelper.java:1368)
	at com.kms.katalon.core.webui.keyword.internal.WebUIAbstractKeyword.findWebElement(WebUIAbstractKeyword.groovy:27)
	at com.kms.katalon.core.webui.keyword.builtin.ClickKeyword$_click_closure1.doCall(ClickKeyword.groovy:65)
	at com.kms.katalon.core.webui.keyword.builtin.ClickKeyword$_click_closure1.call(ClickKeyword.groovy)
	at com.kms.katalon.core.webui.keyword.internal.WebUIKeywordMain.runKeyword(WebUIKeywordMain.groovy:20)
	... 19 more


2022-01-15 22:22:52 - [TEST_STEP][PASSED] - openBrowser(""): Browser is opened with url: ''

2022-01-15 22:22:52 - [MESSAGE][WARNING] - A browser is already opened. Closing browser and opening a new one

2022-01-15 22:22:53 - [MESSAGE][INFO] - Starting 'Edge Chromium' driver

2022-01-15 22:22:55 - [MESSAGE][INFO] - Action delay is set to 0 milliseconds

2022-01-15 22:22:56 - [MESSAGE][PASSED] - Browser is opened with url: ''

2022-01-15 22:22:56 - [TEST_STEP][PASSED] - navigateToUrl("localhost"): Navigate to 'http://localhost' successfully

2022-01-15 22:22:57 - [MESSAGE][PASSED] - Navigate to 'http://localhost' successfully

2022-01-15 22:22:57 - [TEST_STEP][PASSED] - click(findTestObject("Page_Home page/a_Log in")): Object: 'Object Repository/Page_Home page/a_Log in' is clicked on

2022-01-15 22:22:59 - [MESSAGE][PASSED] - Object: 'Object Repository/Page_Home page/a_Log in' is clicked on

2022-01-15 22:22:59 - [TEST_STEP][PASSED] - setText(findTestObject("Page_Home page Log in to the site/input_Username_username"), "teacher1"): Text 'teacher1' is set on object 'Object Repository/Page_Home page Log in to the site/input_Username_username'

2022-01-15 22:23:00 - [MESSAGE][PASSED] - Text 'teacher1' is set on object 'Object Repository/Page_Home page Log in to the site/input_Username_username'

2022-01-15 22:23:00 - [TEST_STEP][PASSED] - setText(findTestObject("Page_Home page Log in to the site/input_Password_password (1)"), "Group_10"): Text 'Group_10' is set on object 'Object Repository/Page_Home page Log in to the site/input_Password_password (1)'

2022-01-15 22:23:00 - [MESSAGE][PASSED] - Text 'Group_10' is set on object 'Object Repository/Page_Home page Log in to the site/input_Password_password (1)'

2022-01-15 22:23:00 - [TEST_STEP][PASSED] - click(findTestObject("Page_Home page Log in to the site/button_Log in")): Object: 'Object Repository/Page_Home page Log in to the site/button_Log in' is clicked on

2022-01-15 22:23:02 - [MESSAGE][PASSED] - Object: 'Object Repository/Page_Home page Log in to the site/button_Log in' is clicked on

2022-01-15 22:23:02 - [TEST_STEP][PASSED] - click(findTestObject("Page_Dashboard/a_My courses (1)")): Object: 'Object Repository/Page_Dashboard/a_My courses (1)' is clicked on

2022-01-15 22:23:04 - [MESSAGE][PASSED] - Object: 'Object Repository/Page_Dashboard/a_My courses (1)' is clicked on

2022-01-15 22:23:04 - [TEST_STEP][PASSED] - click(findTestObject("Page_My courses/span_Test Automation")): Object: 'Object Repository/Page_My courses/span_Test Automation' is clicked on

2022-01-15 22:23:06 - [MESSAGE][PASSED] - Object: 'Object Repository/Page_My courses/span_Test Automation' is clicked on

2022-01-15 22:23:06 - [TEST_STEP][PASSED] - click(findTestObject("Page_Course Test Automation/input_Edit mode_setmode")): Object: 'Object Repository/Page_Course Test Automation/input_Edit mode_setmode' is clicked on

2022-01-15 22:23:07 - [MESSAGE][PASSED] - Object: 'Object Repository/Page_Course Test Automation/input_Edit mode_setmode' is clicked on

2022-01-15 22:23:07 - [TEST_STEP][FAILED] - click(findTestObject("Page_Course Test Automation/span_Add an activity or resource_2")): Unable to click on object 'Object Repository/Page_Course Test Automation/span_Add an activity or resource_2' (Root cause: com.kms.katalon.core.exception.StepFailedException: Unable to click on object 'Object Repository/Page_Course Test Automation/span_Add an activity or resource_2'
	at com.kms.katalon.core.webui.keyword.internal.WebUIKeywordMain.stepFailed(WebUIKeywordMain.groovy:64)
	at com.kms.katalon.core.webui.keyword.internal.WebUIKeywordMain.runKeyword(WebUIKeywordMain.groovy:26)
	at com.kms.katalon.core.webui.keyword.builtin.ClickKeyword.click(ClickKeyword.groovy:74)
	at com.kms.katalon.core.webui.keyword.builtin.ClickKeyword.execute(ClickKeyword.groovy:40)
	at com.kms.katalon.core.keyword.internal.KeywordExecutor.executeKeywordForPlatform(KeywordExecutor.groovy:74)
	at com.kms.katalon.core.webui.keyword.WebUiBuiltInKeywords.click(WebUiBuiltInKeywords.groovy:620)
	at com.kms.katalon.core.webui.keyword.WebUiBuiltInKeywords$click$1.call(Unknown Source)
	at Add event to calendar.run(Add event to calendar:38)
	at com.kms.katalon.core.main.ScriptEngine.run(ScriptEngine.java:194)
	at com.kms.katalon.core.main.ScriptEngine.runScriptAsRawText(ScriptEngine.java:119)
	at com.kms.katalon.core.main.TestCaseExecutor.runScript(TestCaseExecutor.java:442)
	at com.kms.katalon.core.main.TestCaseExecutor.doExecute(TestCaseExecutor.java:433)
	at com.kms.katalon.core.main.TestCaseExecutor.processExecutionPhase(TestCaseExecutor.java:412)
	at com.kms.katalon.core.main.TestCaseExecutor.accessMainPhase(TestCaseExecutor.java:404)
	at com.kms.katalon.core.main.TestCaseExecutor.execute(TestCaseExecutor.java:281)
	at com.kms.katalon.core.main.TestSuiteExecutor.accessTestCaseMainPhase(TestSuiteExecutor.java:202)
	at com.kms.katalon.core.main.TestSuiteExecutor.accessTestSuiteMainPhase(TestSuiteExecutor.java:164)
	at com.kms.katalon.core.main.TestSuiteExecutor.execute(TestSuiteExecutor.java:105)
	at com.kms.katalon.core.main.TestCaseMain.startTestSuite(TestCaseMain.java:181)
	at com.kms.katalon.core.main.TestCaseMain$startTestSuite$0.call(Unknown Source)
	at TempTestSuite1642259181016.run(TempTestSuite1642259181016.groovy:36)
Caused by: com.kms.katalon.core.webui.exception.WebElementNotFoundException: Web element with id: 'Object Repository/Page_Course Test Automation/span_Add an activity or resource_2' located by '//div[@id='coursecontentcollapse4']/button/span[2]' not found
	at com.kms.katalon.core.webui.common.WebUiCommonHelper.findWebElement(WebUiCommonHelper.java:1368)
	at com.kms.katalon.core.webui.keyword.internal.WebUIAbstractKeyword.findWebElement(WebUIAbstractKeyword.groovy:27)
	at com.kms.katalon.core.webui.keyword.builtin.ClickKeyword$_click_closure1.doCall(ClickKeyword.groovy:65)
	at com.kms.katalon.core.webui.keyword.builtin.ClickKeyword$_click_closure1.call(ClickKeyword.groovy)
	at com.kms.katalon.core.webui.keyword.internal.WebUIKeywordMain.runKeyword(WebUIKeywordMain.groovy:20)
	at com.kms.katalon.core.webui.keyword.builtin.ClickKeyword.click(ClickKeyword.groovy:74)
	at com.kms.katalon.core.webui.keyword.builtin.ClickKeyword.execute(ClickKeyword.groovy:40)
	at com.kms.katalon.core.keyword.internal.KeywordExecutor.executeKeywordForPlatform(KeywordExecutor.groovy:74)
	at com.kms.katalon.core.webui.keyword.WebUiBuiltInKeywords.click(WebUiBuiltInKeywords.groovy:620)
	at com.kms.katalon.core.webui.keyword.WebUiBuiltInKeywords$click$1.call(Unknown Source)
	at Script1642047087227.run(Script1642047087227.groovy:38)
	... 13 more
)

2022-01-15 22:23:38 - [MESSAGE][INFO] - Unable to find the element located by 'By.xpath: //div[@id='coursecontentcollapse4']/button/span[2]'. Please recheck the objects properties to make sure the desired element is located. 

2022-01-15 22:23:39 - [MESSAGE][FAILED] - Unable to click on object 'Object Repository/Page_Course Test Automation/span_Add an activity or resource_2' (Root cause: com.kms.katalon.core.exception.StepFailedException: Unable to click on object 'Object Repository/Page_Course Test Automation/span_Add an activity or resource_2'
	at com.kms.katalon.core.webui.keyword.internal.WebUIKeywordMain.stepFailed(WebUIKeywordMain.groovy:64)
	at com.kms.katalon.core.webui.keyword.internal.WebUIKeywordMain.runKeyword(WebUIKeywordMain.groovy:26)
	at com.kms.katalon.core.webui.keyword.builtin.ClickKeyword.click(ClickKeyword.groovy:74)
	at com.kms.katalon.core.webui.keyword.builtin.ClickKeyword.execute(ClickKeyword.groovy:40)
	at com.kms.katalon.core.keyword.internal.KeywordExecutor.executeKeywordForPlatform(KeywordExecutor.groovy:74)
	at com.kms.katalon.core.webui.keyword.WebUiBuiltInKeywords.click(WebUiBuiltInKeywords.groovy:620)
	at com.kms.katalon.core.webui.keyword.WebUiBuiltInKeywords$click$1.call(Unknown Source)
	at Add event to calendar.run(Add event to calendar:38)
	at com.kms.katalon.core.main.ScriptEngine.run(ScriptEngine.java:194)
	at com.kms.katalon.core.main.ScriptEngine.runScriptAsRawText(ScriptEngine.java:119)
	at com.kms.katalon.core.main.TestCaseExecutor.runScript(TestCaseExecutor.java:442)
	at com.kms.katalon.core.main.TestCaseExecutor.doExecute(TestCaseExecutor.java:433)
	at com.kms.katalon.core.main.TestCaseExecutor.processExecutionPhase(TestCaseExecutor.java:412)
	at com.kms.katalon.core.main.TestCaseExecutor.accessMainPhase(TestCaseExecutor.java:404)
	at com.kms.katalon.core.main.TestCaseExecutor.execute(TestCaseExecutor.java:281)
	at com.kms.katalon.core.main.TestSuiteExecutor.accessTestCaseMainPhase(TestSuiteExecutor.java:202)
	at com.kms.katalon.core.main.TestSuiteExecutor.accessTestSuiteMainPhase(TestSuiteExecutor.java:164)
	at com.kms.katalon.core.main.TestSuiteExecutor.execute(TestSuiteExecutor.java:105)
	at com.kms.katalon.core.main.TestCaseMain.startTestSuite(TestCaseMain.java:181)
	at com.kms.katalon.core.main.TestCaseMain$startTestSuite$0.call(Unknown Source)
	at TempTestSuite1642259181016.run(TempTestSuite1642259181016.groovy:36)
Caused by: com.kms.katalon.core.webui.exception.WebElementNotFoundException: Web element with id: 'Object Repository/Page_Course Test Automation/span_Add an activity or resource_2' located by '//div[@id='coursecontentcollapse4']/button/span[2]' not found
	at com.kms.katalon.core.webui.common.WebUiCommonHelper.findWebElement(WebUiCommonHelper.java:1368)
	at com.kms.katalon.core.webui.keyword.internal.WebUIAbstractKeyword.findWebElement(WebUIAbstractKeyword.groovy:27)
	at com.kms.katalon.core.webui.keyword.builtin.ClickKeyword$_click_closure1.doCall(ClickKeyword.groovy:65)
	at com.kms.katalon.core.webui.keyword.builtin.ClickKeyword$_click_closure1.call(ClickKeyword.groovy)
	at com.kms.katalon.core.webui.keyword.internal.WebUIKeywordMain.runKeyword(WebUIKeywordMain.groovy:20)
	at com.kms.katalon.core.webui.keyword.builtin.ClickKeyword.click(ClickKeyword.groovy:74)
	at com.kms.katalon.core.webui.keyword.builtin.ClickKeyword.execute(ClickKeyword.groovy:40)
	at com.kms.katalon.core.keyword.internal.KeywordExecutor.executeKeywordForPlatform(KeywordExecutor.groovy:74)
	at com.kms.katalon.core.webui.keyword.WebUiBuiltInKeywords.click(WebUiBuiltInKeywords.groovy:620)
	at com.kms.katalon.core.webui.keyword.WebUiBuiltInKeywords$click$1.call(Unknown Source)
	at Script1642047087227.run(Script1642047087227.groovy:38)
	... 13 more
)
[[ATTACHMENT|D:\\TestAutomation-SEBonus-Group10\\Test Automation - SE Bonus\\Reports\\20220115_220621\\Run all test cases\\20220115_220621\\1642260218940.png]]]]></system-out>
         <system-err><![CDATA[2022-01-15 22:22:51 - [TEST_CASE][FAILED] - Test Cases/Add event to calendar: Test Cases/Add event to calendar FAILED.
Reason:
com.kms.katalon.core.exception.StepFailedException: Unable to click on object 'Object Repository/Page_Course Test Automation/span_Add an activity or resource_2'
	at com.kms.katalon.core.webui.keyword.internal.WebUIKeywordMain.stepFailed(WebUIKeywordMain.groovy:64)
	at com.kms.katalon.core.webui.keyword.internal.WebUIKeywordMain.runKeyword(WebUIKeywordMain.groovy:26)
	at com.kms.katalon.core.webui.keyword.builtin.ClickKeyword.click(ClickKeyword.groovy:74)
	at com.kms.katalon.core.webui.keyword.builtin.ClickKeyword.execute(ClickKeyword.groovy:40)
	at com.kms.katalon.core.keyword.internal.KeywordExecutor.executeKeywordForPlatform(KeywordExecutor.groovy:74)
	at com.kms.katalon.core.webui.keyword.WebUiBuiltInKeywords.click(WebUiBuiltInKeywords.groovy:620)
	at com.kms.katalon.core.webui.keyword.WebUiBuiltInKeywords$click$1.call(Unknown Source)
	at Add event to calendar.run(Add event to calendar:38)
	at com.kms.katalon.core.main.ScriptEngine.run(ScriptEngine.java:194)
	at com.kms.katalon.core.main.ScriptEngine.runScriptAsRawText(ScriptEngine.java:119)
	at com.kms.katalon.core.main.TestCaseExecutor.runScript(TestCaseExecutor.java:442)
	at com.kms.katalon.core.main.TestCaseExecutor.doExecute(TestCaseExecutor.java:433)
	at com.kms.katalon.core.main.TestCaseExecutor.processExecutionPhase(TestCaseExecutor.java:412)
	at com.kms.katalon.core.main.TestCaseExecutor.accessMainPhase(TestCaseExecutor.java:404)
	at com.kms.katalon.core.main.TestCaseExecutor.execute(TestCaseExecutor.java:281)
	at com.kms.katalon.core.main.TestSuiteExecutor.accessTestCaseMainPhase(TestSuiteExecutor.java:202)
	at com.kms.katalon.core.main.TestSuiteExecutor.accessTestSuiteMainPhase(TestSuiteExecutor.java:164)
	at com.kms.katalon.core.main.TestSuiteExecutor.execute(TestSuiteExecutor.java:105)
	at com.kms.katalon.core.main.TestCaseMain.startTestSuite(TestCaseMain.java:181)
	at com.kms.katalon.core.main.TestCaseMain$startTestSuite$0.call(Unknown Source)
	at TempTestSuite1642259181016.run(TempTestSuite1642259181016.groovy:36)
Caused by: com.kms.katalon.core.webui.exception.WebElementNotFoundException: Web element with id: 'Object Repository/Page_Course Test Automation/span_Add an activity or resource_2' located by '//div[@id='coursecontentcollapse4']/button/span[2]' not found
	at com.kms.katalon.core.webui.common.WebUiCommonHelper.findWebElement(WebUiCommonHelper.java:1368)
	at com.kms.katalon.core.webui.keyword.internal.WebUIAbstractKeyword.findWebElement(WebUIAbstractKeyword.groovy:27)
	at com.kms.katalon.core.webui.keyword.builtin.ClickKeyword$_click_closure1.doCall(ClickKeyword.groovy:65)
	at com.kms.katalon.core.webui.keyword.builtin.ClickKeyword$_click_closure1.call(ClickKeyword.groovy)
	at com.kms.katalon.core.webui.keyword.internal.WebUIKeywordMain.runKeyword(WebUIKeywordMain.groovy:20)
	... 19 more]]></system-err>
      </testcase>
      <testcase name="Test Cases/Add a lesson note" time="45.457" classname="Test Cases/Add a lesson note" status="FAILED">
         <failure type="FAILED" message="Test Cases/Add a lesson note FAILED.
Reason:
com.kms.katalon.core.exception.StepFailedException: Unable to click on object 'Object Repository/Page_Course Test Automation/Add lesson note/button_Add an activity or resource'
	at com.kms.katalon.core.webui.keyword.internal.WebUIKeywordMain.stepFailed(WebUIKeywordMain.groovy:64)
	at com.kms.katalon.core.webui.keyword.internal.WebUIKeywordMain.runKeyword(WebUIKeywordMain.groovy:26)
	at com.kms.katalon.core.webui.keyword.builtin.ClickKeyword.click(ClickKeyword.groovy:74)
	at com.kms.katalon.core.webui.keyword.builtin.ClickKeyword.execute(ClickKeyword.groovy:40)
	at com.kms.katalon.core.keyword.internal.KeywordExecutor.executeKeywordForPlatform(KeywordExecutor.groovy:74)
	at com.kms.katalon.core.webui.keyword.WebUiBuiltInKeywords.click(WebUiBuiltInKeywords.groovy:620)
	at com.kms.katalon.core.webui.keyword.WebUiBuiltInKeywords$click$1.call(Unknown Source)
	at Add a lesson note.run(Add a lesson note:38)
	at com.kms.katalon.core.main.ScriptEngine.run(ScriptEngine.java:194)
	at com.kms.katalon.core.main.ScriptEngine.runScriptAsRawText(ScriptEngine.java:119)
	at com.kms.katalon.core.main.TestCaseExecutor.runScript(TestCaseExecutor.java:442)
	at com.kms.katalon.core.main.TestCaseExecutor.doExecute(TestCaseExecutor.java:433)
	at com.kms.katalon.core.main.TestCaseExecutor.processExecutionPhase(TestCaseExecutor.java:412)
	at com.kms.katalon.core.main.TestCaseExecutor.accessMainPhase(TestCaseExecutor.java:404)
	at com.kms.katalon.core.main.TestCaseExecutor.execute(TestCaseExecutor.java:281)
	at com.kms.katalon.core.main.TestSuiteExecutor.accessTestCaseMainPhase(TestSuiteExecutor.java:202)
	at com.kms.katalon.core.main.TestSuiteExecutor.accessTestSuiteMainPhase(TestSuiteExecutor.java:164)
	at com.kms.katalon.core.main.TestSuiteExecutor.execute(TestSuiteExecutor.java:105)
	at com.kms.katalon.core.main.TestCaseMain.startTestSuite(TestCaseMain.java:181)
	at com.kms.katalon.core.main.TestCaseMain$startTestSuite$0.call(Unknown Source)
	at TempTestSuite1642259181016.run(TempTestSuite1642259181016.groovy:36)
Caused by: com.kms.katalon.core.webui.exception.WebElementNotFoundException: Web element with id: 'Object Repository/Page_Course Test Automation/Add lesson note/button_Add an activity or resource' located by '//div[@id='coursecontentcollapse0']/button' not found
	at com.kms.katalon.core.webui.common.WebUiCommonHelper.findWebElement(WebUiCommonHelper.java:1368)
	at com.kms.katalon.core.webui.keyword.internal.WebUIAbstractKeyword.findWebElement(WebUIAbstractKeyword.groovy:27)
	at com.kms.katalon.core.webui.keyword.builtin.ClickKeyword$_click_closure1.doCall(ClickKeyword.groovy:65)
	at com.kms.katalon.core.webui.keyword.builtin.ClickKeyword$_click_closure1.call(ClickKeyword.groovy)
	at com.kms.katalon.core.webui.keyword.internal.WebUIKeywordMain.runKeyword(WebUIKeywordMain.groovy:20)
	... 19 more
"/>
         <system-out><![CDATA[2022-01-15 22:23:39 - [TEST_CASE][FAILED] - Test Cases/Add a lesson note: Test Cases/Add a lesson note FAILED.
Reason:
com.kms.katalon.core.exception.StepFailedException: Unable to click on object 'Object Repository/Page_Course Test Automation/Add lesson note/button_Add an activity or resource'
	at com.kms.katalon.core.webui.keyword.internal.WebUIKeywordMain.stepFailed(WebUIKeywordMain.groovy:64)
	at com.kms.katalon.core.webui.keyword.internal.WebUIKeywordMain.runKeyword(WebUIKeywordMain.groovy:26)
	at com.kms.katalon.core.webui.keyword.builtin.ClickKeyword.click(ClickKeyword.groovy:74)
	at com.kms.katalon.core.webui.keyword.builtin.ClickKeyword.execute(ClickKeyword.groovy:40)
	at com.kms.katalon.core.keyword.internal.KeywordExecutor.executeKeywordForPlatform(KeywordExecutor.groovy:74)
	at com.kms.katalon.core.webui.keyword.WebUiBuiltInKeywords.click(WebUiBuiltInKeywords.groovy:620)
	at com.kms.katalon.core.webui.keyword.WebUiBuiltInKeywords$click$1.call(Unknown Source)
	at Add a lesson note.run(Add a lesson note:38)
	at com.kms.katalon.core.main.ScriptEngine.run(ScriptEngine.java:194)
	at com.kms.katalon.core.main.ScriptEngine.runScriptAsRawText(ScriptEngine.java:119)
	at com.kms.katalon.core.main.TestCaseExecutor.runScript(TestCaseExecutor.java:442)
	at com.kms.katalon.core.main.TestCaseExecutor.doExecute(TestCaseExecutor.java:433)
	at com.kms.katalon.core.main.TestCaseExecutor.processExecutionPhase(TestCaseExecutor.java:412)
	at com.kms.katalon.core.main.TestCaseExecutor.accessMainPhase(TestCaseExecutor.java:404)
	at com.kms.katalon.core.main.TestCaseExecutor.execute(TestCaseExecutor.java:281)
	at com.kms.katalon.core.main.TestSuiteExecutor.accessTestCaseMainPhase(TestSuiteExecutor.java:202)
	at com.kms.katalon.core.main.TestSuiteExecutor.accessTestSuiteMainPhase(TestSuiteExecutor.java:164)
	at com.kms.katalon.core.main.TestSuiteExecutor.execute(TestSuiteExecutor.java:105)
	at com.kms.katalon.core.main.TestCaseMain.startTestSuite(TestCaseMain.java:181)
	at com.kms.katalon.core.main.TestCaseMain$startTestSuite$0.call(Unknown Source)
	at TempTestSuite1642259181016.run(TempTestSuite1642259181016.groovy:36)
Caused by: com.kms.katalon.core.webui.exception.WebElementNotFoundException: Web element with id: 'Object Repository/Page_Course Test Automation/Add lesson note/button_Add an activity or resource' located by '//div[@id='coursecontentcollapse0']/button' not found
	at com.kms.katalon.core.webui.common.WebUiCommonHelper.findWebElement(WebUiCommonHelper.java:1368)
	at com.kms.katalon.core.webui.keyword.internal.WebUIAbstractKeyword.findWebElement(WebUIAbstractKeyword.groovy:27)
	at com.kms.katalon.core.webui.keyword.builtin.ClickKeyword$_click_closure1.doCall(ClickKeyword.groovy:65)
	at com.kms.katalon.core.webui.keyword.builtin.ClickKeyword$_click_closure1.call(ClickKeyword.groovy)
	at com.kms.katalon.core.webui.keyword.internal.WebUIKeywordMain.runKeyword(WebUIKeywordMain.groovy:20)
	... 19 more


2022-01-15 22:23:39 - [TEST_STEP][PASSED] - openBrowser(""): Browser is opened with url: ''

2022-01-15 22:23:39 - [MESSAGE][WARNING] - A browser is already opened. Closing browser and opening a new one

2022-01-15 22:23:40 - [MESSAGE][INFO] - Starting 'Edge Chromium' driver

2022-01-15 22:23:42 - [MESSAGE][INFO] - Action delay is set to 0 milliseconds

2022-01-15 22:23:43 - [MESSAGE][PASSED] - Browser is opened with url: ''

2022-01-15 22:23:43 - [TEST_STEP][PASSED] - navigateToUrl("localhost"): Navigate to 'http://localhost' successfully

2022-01-15 22:23:44 - [MESSAGE][PASSED] - Navigate to 'http://localhost' successfully

2022-01-15 22:23:44 - [TEST_STEP][PASSED] - click(findTestObject("Page_Home page/a_Log in")): Object: 'Object Repository/Page_Home page/a_Log in' is clicked on

2022-01-15 22:23:45 - [MESSAGE][PASSED] - Object: 'Object Repository/Page_Home page/a_Log in' is clicked on

2022-01-15 22:23:45 - [TEST_STEP][PASSED] - setText(findTestObject("Page_Home page Log in to the site/input_Username_username"), "teacher1"): Text 'teacher1' is set on object 'Object Repository/Page_Home page Log in to the site/input_Username_username'

2022-01-15 22:23:45 - [MESSAGE][PASSED] - Text 'teacher1' is set on object 'Object Repository/Page_Home page Log in to the site/input_Username_username'

2022-01-15 22:23:45 - [TEST_STEP][PASSED] - setText(findTestObject("Page_Home page Log in to the site/input_Password_password (1)"), "Group_10"): Text 'Group_10' is set on object 'Object Repository/Page_Home page Log in to the site/input_Password_password (1)'

2022-01-15 22:23:46 - [MESSAGE][PASSED] - Text 'Group_10' is set on object 'Object Repository/Page_Home page Log in to the site/input_Password_password (1)'

2022-01-15 22:23:46 - [TEST_STEP][PASSED] - click(findTestObject("Page_Home page Log in to the site/button_Log in")): Object: 'Object Repository/Page_Home page Log in to the site/button_Log in' is clicked on

2022-01-15 22:23:48 - [MESSAGE][PASSED] - Object: 'Object Repository/Page_Home page Log in to the site/button_Log in' is clicked on

2022-01-15 22:23:48 - [TEST_STEP][PASSED] - click(findTestObject("Page_Dashboard/a_My courses (1)")): Object: 'Object Repository/Page_Dashboard/a_My courses (1)' is clicked on

2022-01-15 22:23:50 - [MESSAGE][PASSED] - Object: 'Object Repository/Page_Dashboard/a_My courses (1)' is clicked on

2022-01-15 22:23:50 - [TEST_STEP][PASSED] - click(findTestObject("Page_My courses/span_Test Automation")): Object: 'Object Repository/Page_My courses/span_Test Automation' is clicked on

2022-01-15 22:23:52 - [MESSAGE][PASSED] - Object: 'Object Repository/Page_My courses/span_Test Automation' is clicked on

2022-01-15 22:23:52 - [TEST_STEP][PASSED] - click(findTestObject("Page_Course Test Automation/input_Edit mode_setmode")): Object: 'Object Repository/Page_Course Test Automation/input_Edit mode_setmode' is clicked on

2022-01-15 22:23:53 - [MESSAGE][PASSED] - Object: 'Object Repository/Page_Course Test Automation/input_Edit mode_setmode' is clicked on

2022-01-15 22:23:53 - [TEST_STEP][FAILED] - click(findTestObject("Page_Course Test Automation/Add lesson note/button_Add an activity or resource")): Unable to click on object 'Object Repository/Page_Course Test Automation/Add lesson note/button_Add an activity or resource' (Root cause: com.kms.katalon.core.exception.StepFailedException: Unable to click on object 'Object Repository/Page_Course Test Automation/Add lesson note/button_Add an activity or resource'
	at com.kms.katalon.core.webui.keyword.internal.WebUIKeywordMain.stepFailed(WebUIKeywordMain.groovy:64)
	at com.kms.katalon.core.webui.keyword.internal.WebUIKeywordMain.runKeyword(WebUIKeywordMain.groovy:26)
	at com.kms.katalon.core.webui.keyword.builtin.ClickKeyword.click(ClickKeyword.groovy:74)
	at com.kms.katalon.core.webui.keyword.builtin.ClickKeyword.execute(ClickKeyword.groovy:40)
	at com.kms.katalon.core.keyword.internal.KeywordExecutor.executeKeywordForPlatform(KeywordExecutor.groovy:74)
	at com.kms.katalon.core.webui.keyword.WebUiBuiltInKeywords.click(WebUiBuiltInKeywords.groovy:620)
	at com.kms.katalon.core.webui.keyword.WebUiBuiltInKeywords$click$1.call(Unknown Source)
	at Add a lesson note.run(Add a lesson note:38)
	at com.kms.katalon.core.main.ScriptEngine.run(ScriptEngine.java:194)
	at com.kms.katalon.core.main.ScriptEngine.runScriptAsRawText(ScriptEngine.java:119)
	at com.kms.katalon.core.main.TestCaseExecutor.runScript(TestCaseExecutor.java:442)
	at com.kms.katalon.core.main.TestCaseExecutor.doExecute(TestCaseExecutor.java:433)
	at com.kms.katalon.core.main.TestCaseExecutor.processExecutionPhase(TestCaseExecutor.java:412)
	at com.kms.katalon.core.main.TestCaseExecutor.accessMainPhase(TestCaseExecutor.java:404)
	at com.kms.katalon.core.main.TestCaseExecutor.execute(TestCaseExecutor.java:281)
	at com.kms.katalon.core.main.TestSuiteExecutor.accessTestCaseMainPhase(TestSuiteExecutor.java:202)
	at com.kms.katalon.core.main.TestSuiteExecutor.accessTestSuiteMainPhase(TestSuiteExecutor.java:164)
	at com.kms.katalon.core.main.TestSuiteExecutor.execute(TestSuiteExecutor.java:105)
	at com.kms.katalon.core.main.TestCaseMain.startTestSuite(TestCaseMain.java:181)
	at com.kms.katalon.core.main.TestCaseMain$startTestSuite$0.call(Unknown Source)
	at TempTestSuite1642259181016.run(TempTestSuite1642259181016.groovy:36)
Caused by: com.kms.katalon.core.webui.exception.WebElementNotFoundException: Web element with id: 'Object Repository/Page_Course Test Automation/Add lesson note/button_Add an activity or resource' located by '//div[@id='coursecontentcollapse0']/button' not found
	at com.kms.katalon.core.webui.common.WebUiCommonHelper.findWebElement(WebUiCommonHelper.java:1368)
	at com.kms.katalon.core.webui.keyword.internal.WebUIAbstractKeyword.findWebElement(WebUIAbstractKeyword.groovy:27)
	at com.kms.katalon.core.webui.keyword.builtin.ClickKeyword$_click_closure1.doCall(ClickKeyword.groovy:65)
	at com.kms.katalon.core.webui.keyword.builtin.ClickKeyword$_click_closure1.call(ClickKeyword.groovy)
	at com.kms.katalon.core.webui.keyword.internal.WebUIKeywordMain.runKeyword(WebUIKeywordMain.groovy:20)
	at com.kms.katalon.core.webui.keyword.builtin.ClickKeyword.click(ClickKeyword.groovy:74)
	at com.kms.katalon.core.webui.keyword.builtin.ClickKeyword.execute(ClickKeyword.groovy:40)
	at com.kms.katalon.core.keyword.internal.KeywordExecutor.executeKeywordForPlatform(KeywordExecutor.groovy:74)
	at com.kms.katalon.core.webui.keyword.WebUiBuiltInKeywords.click(WebUiBuiltInKeywords.groovy:620)
	at com.kms.katalon.core.webui.keyword.WebUiBuiltInKeywords$click$1.call(Unknown Source)
	at Script1642056342872.run(Script1642056342872.groovy:38)
	... 13 more
)

2022-01-15 22:24:24 - [MESSAGE][INFO] - Unable to find the element located by 'By.xpath: //div[@id='coursecontentcollapse0']/button'. Please recheck the objects properties to make sure the desired element is located. 

2022-01-15 22:24:24 - [MESSAGE][FAILED] - Unable to click on object 'Object Repository/Page_Course Test Automation/Add lesson note/button_Add an activity or resource' (Root cause: com.kms.katalon.core.exception.StepFailedException: Unable to click on object 'Object Repository/Page_Course Test Automation/Add lesson note/button_Add an activity or resource'
	at com.kms.katalon.core.webui.keyword.internal.WebUIKeywordMain.stepFailed(WebUIKeywordMain.groovy:64)
	at com.kms.katalon.core.webui.keyword.internal.WebUIKeywordMain.runKeyword(WebUIKeywordMain.groovy:26)
	at com.kms.katalon.core.webui.keyword.builtin.ClickKeyword.click(ClickKeyword.groovy:74)
	at com.kms.katalon.core.webui.keyword.builtin.ClickKeyword.execute(ClickKeyword.groovy:40)
	at com.kms.katalon.core.keyword.internal.KeywordExecutor.executeKeywordForPlatform(KeywordExecutor.groovy:74)
	at com.kms.katalon.core.webui.keyword.WebUiBuiltInKeywords.click(WebUiBuiltInKeywords.groovy:620)
	at com.kms.katalon.core.webui.keyword.WebUiBuiltInKeywords$click$1.call(Unknown Source)
	at Add a lesson note.run(Add a lesson note:38)
	at com.kms.katalon.core.main.ScriptEngine.run(ScriptEngine.java:194)
	at com.kms.katalon.core.main.ScriptEngine.runScriptAsRawText(ScriptEngine.java:119)
	at com.kms.katalon.core.main.TestCaseExecutor.runScript(TestCaseExecutor.java:442)
	at com.kms.katalon.core.main.TestCaseExecutor.doExecute(TestCaseExecutor.java:433)
	at com.kms.katalon.core.main.TestCaseExecutor.processExecutionPhase(TestCaseExecutor.java:412)
	at com.kms.katalon.core.main.TestCaseExecutor.accessMainPhase(TestCaseExecutor.java:404)
	at com.kms.katalon.core.main.TestCaseExecutor.execute(TestCaseExecutor.java:281)
	at com.kms.katalon.core.main.TestSuiteExecutor.accessTestCaseMainPhase(TestSuiteExecutor.java:202)
	at com.kms.katalon.core.main.TestSuiteExecutor.accessTestSuiteMainPhase(TestSuiteExecutor.java:164)
	at com.kms.katalon.core.main.TestSuiteExecutor.execute(TestSuiteExecutor.java:105)
	at com.kms.katalon.core.main.TestCaseMain.startTestSuite(TestCaseMain.java:181)
	at com.kms.katalon.core.main.TestCaseMain$startTestSuite$0.call(Unknown Source)
	at TempTestSuite1642259181016.run(TempTestSuite1642259181016.groovy:36)
Caused by: com.kms.katalon.core.webui.exception.WebElementNotFoundException: Web element with id: 'Object Repository/Page_Course Test Automation/Add lesson note/button_Add an activity or resource' located by '//div[@id='coursecontentcollapse0']/button' not found
	at com.kms.katalon.core.webui.common.WebUiCommonHelper.findWebElement(WebUiCommonHelper.java:1368)
	at com.kms.katalon.core.webui.keyword.internal.WebUIAbstractKeyword.findWebElement(WebUIAbstractKeyword.groovy:27)
	at com.kms.katalon.core.webui.keyword.builtin.ClickKeyword$_click_closure1.doCall(ClickKeyword.groovy:65)
	at com.kms.katalon.core.webui.keyword.builtin.ClickKeyword$_click_closure1.call(ClickKeyword.groovy)
	at com.kms.katalon.core.webui.keyword.internal.WebUIKeywordMain.runKeyword(WebUIKeywordMain.groovy:20)
	at com.kms.katalon.core.webui.keyword.builtin.ClickKeyword.click(ClickKeyword.groovy:74)
	at com.kms.katalon.core.webui.keyword.builtin.ClickKeyword.execute(ClickKeyword.groovy:40)
	at com.kms.katalon.core.keyword.internal.KeywordExecutor.executeKeywordForPlatform(KeywordExecutor.groovy:74)
	at com.kms.katalon.core.webui.keyword.WebUiBuiltInKeywords.click(WebUiBuiltInKeywords.groovy:620)
	at com.kms.katalon.core.webui.keyword.WebUiBuiltInKeywords$click$1.call(Unknown Source)
	at Script1642056342872.run(Script1642056342872.groovy:38)
	... 13 more
)
[[ATTACHMENT|D:\\TestAutomation-SEBonus-Group10\\Test Automation - SE Bonus\\Reports\\20220115_220621\\Run all test cases\\20220115_220621\\1642260264334.png]]]]></system-out>
         <system-err><![CDATA[2022-01-15 22:23:39 - [TEST_CASE][FAILED] - Test Cases/Add a lesson note: Test Cases/Add a lesson note FAILED.
Reason:
com.kms.katalon.core.exception.StepFailedException: Unable to click on object 'Object Repository/Page_Course Test Automation/Add lesson note/button_Add an activity or resource'
	at com.kms.katalon.core.webui.keyword.internal.WebUIKeywordMain.stepFailed(WebUIKeywordMain.groovy:64)
	at com.kms.katalon.core.webui.keyword.internal.WebUIKeywordMain.runKeyword(WebUIKeywordMain.groovy:26)
	at com.kms.katalon.core.webui.keyword.builtin.ClickKeyword.click(ClickKeyword.groovy:74)
	at com.kms.katalon.core.webui.keyword.builtin.ClickKeyword.execute(ClickKeyword.groovy:40)
	at com.kms.katalon.core.keyword.internal.KeywordExecutor.executeKeywordForPlatform(KeywordExecutor.groovy:74)
	at com.kms.katalon.core.webui.keyword.WebUiBuiltInKeywords.click(WebUiBuiltInKeywords.groovy:620)
	at com.kms.katalon.core.webui.keyword.WebUiBuiltInKeywords$click$1.call(Unknown Source)
	at Add a lesson note.run(Add a lesson note:38)
	at com.kms.katalon.core.main.ScriptEngine.run(ScriptEngine.java:194)
	at com.kms.katalon.core.main.ScriptEngine.runScriptAsRawText(ScriptEngine.java:119)
	at com.kms.katalon.core.main.TestCaseExecutor.runScript(TestCaseExecutor.java:442)
	at com.kms.katalon.core.main.TestCaseExecutor.doExecute(TestCaseExecutor.java:433)
	at com.kms.katalon.core.main.TestCaseExecutor.processExecutionPhase(TestCaseExecutor.java:412)
	at com.kms.katalon.core.main.TestCaseExecutor.accessMainPhase(TestCaseExecutor.java:404)
	at com.kms.katalon.core.main.TestCaseExecutor.execute(TestCaseExecutor.java:281)
	at com.kms.katalon.core.main.TestSuiteExecutor.accessTestCaseMainPhase(TestSuiteExecutor.java:202)
	at com.kms.katalon.core.main.TestSuiteExecutor.accessTestSuiteMainPhase(TestSuiteExecutor.java:164)
	at com.kms.katalon.core.main.TestSuiteExecutor.execute(TestSuiteExecutor.java:105)
	at com.kms.katalon.core.main.TestCaseMain.startTestSuite(TestCaseMain.java:181)
	at com.kms.katalon.core.main.TestCaseMain$startTestSuite$0.call(Unknown Source)
	at TempTestSuite1642259181016.run(TempTestSuite1642259181016.groovy:36)
Caused by: com.kms.katalon.core.webui.exception.WebElementNotFoundException: Web element with id: 'Object Repository/Page_Course Test Automation/Add lesson note/button_Add an activity or resource' located by '//div[@id='coursecontentcollapse0']/button' not found
	at com.kms.katalon.core.webui.common.WebUiCommonHelper.findWebElement(WebUiCommonHelper.java:1368)
	at com.kms.katalon.core.webui.keyword.internal.WebUIAbstractKeyword.findWebElement(WebUIAbstractKeyword.groovy:27)
	at com.kms.katalon.core.webui.keyword.builtin.ClickKeyword$_click_closure1.doCall(ClickKeyword.groovy:65)
	at com.kms.katalon.core.webui.keyword.builtin.ClickKeyword$_click_closure1.call(ClickKeyword.groovy)
	at com.kms.katalon.core.webui.keyword.internal.WebUIKeywordMain.runKeyword(WebUIKeywordMain.groovy:20)
	... 19 more]]></system-err>
      </testcase>
      <testcase name="Test Cases/Delete a lesson note" time="46.042" classname="Test Cases/Delete a lesson note" status="FAILED">
         <failure type="FAILED" message="Test Cases/Delete a lesson note FAILED.
Reason:
com.kms.katalon.core.exception.StepFailedException: Unable to click on object 'Object Repository/Page_Course Test Automation/Add lesson note/button_Add an activity or resource'
	at com.kms.katalon.core.webui.keyword.internal.WebUIKeywordMain.stepFailed(WebUIKeywordMain.groovy:64)
	at com.kms.katalon.core.webui.keyword.internal.WebUIKeywordMain.runKeyword(WebUIKeywordMain.groovy:26)
	at com.kms.katalon.core.webui.keyword.builtin.ClickKeyword.click(ClickKeyword.groovy:74)
	at com.kms.katalon.core.webui.keyword.builtin.ClickKeyword.execute(ClickKeyword.groovy:40)
	at com.kms.katalon.core.keyword.internal.KeywordExecutor.executeKeywordForPlatform(KeywordExecutor.groovy:74)
	at com.kms.katalon.core.webui.keyword.WebUiBuiltInKeywords.click(WebUiBuiltInKeywords.groovy:620)
	at com.kms.katalon.core.webui.keyword.WebUiBuiltInKeywords$click$1.call(Unknown Source)
	at Delete a lesson note.run(Delete a lesson note:38)
	at com.kms.katalon.core.main.ScriptEngine.run(ScriptEngine.java:194)
	at com.kms.katalon.core.main.ScriptEngine.runScriptAsRawText(ScriptEngine.java:119)
	at com.kms.katalon.core.main.TestCaseExecutor.runScript(TestCaseExecutor.java:442)
	at com.kms.katalon.core.main.TestCaseExecutor.doExecute(TestCaseExecutor.java:433)
	at com.kms.katalon.core.main.TestCaseExecutor.processExecutionPhase(TestCaseExecutor.java:412)
	at com.kms.katalon.core.main.TestCaseExecutor.accessMainPhase(TestCaseExecutor.java:404)
	at com.kms.katalon.core.main.TestCaseExecutor.execute(TestCaseExecutor.java:281)
	at com.kms.katalon.core.main.TestSuiteExecutor.accessTestCaseMainPhase(TestSuiteExecutor.java:202)
	at com.kms.katalon.core.main.TestSuiteExecutor.accessTestSuiteMainPhase(TestSuiteExecutor.java:164)
	at com.kms.katalon.core.main.TestSuiteExecutor.execute(TestSuiteExecutor.java:105)
	at com.kms.katalon.core.main.TestCaseMain.startTestSuite(TestCaseMain.java:181)
	at com.kms.katalon.core.main.TestCaseMain$startTestSuite$0.call(Unknown Source)
	at TempTestSuite1642259181016.run(TempTestSuite1642259181016.groovy:36)
Caused by: com.kms.katalon.core.webui.exception.WebElementNotFoundException: Web element with id: 'Object Repository/Page_Course Test Automation/Add lesson note/button_Add an activity or resource' located by '//div[@id='coursecontentcollapse0']/button' not found
	at com.kms.katalon.core.webui.common.WebUiCommonHelper.findWebElement(WebUiCommonHelper.java:1368)
	at com.kms.katalon.core.webui.keyword.internal.WebUIAbstractKeyword.findWebElement(WebUIAbstractKeyword.groovy:27)
	at com.kms.katalon.core.webui.keyword.builtin.ClickKeyword$_click_closure1.doCall(ClickKeyword.groovy:65)
	at com.kms.katalon.core.webui.keyword.builtin.ClickKeyword$_click_closure1.call(ClickKeyword.groovy)
	at com.kms.katalon.core.webui.keyword.internal.WebUIKeywordMain.runKeyword(WebUIKeywordMain.groovy:20)
	... 19 more
"/>
         <system-out><![CDATA[2022-01-15 22:24:24 - [TEST_CASE][FAILED] - Test Cases/Delete a lesson note: Test Cases/Delete a lesson note FAILED.
Reason:
com.kms.katalon.core.exception.StepFailedException: Unable to click on object 'Object Repository/Page_Course Test Automation/Add lesson note/button_Add an activity or resource'
	at com.kms.katalon.core.webui.keyword.internal.WebUIKeywordMain.stepFailed(WebUIKeywordMain.groovy:64)
	at com.kms.katalon.core.webui.keyword.internal.WebUIKeywordMain.runKeyword(WebUIKeywordMain.groovy:26)
	at com.kms.katalon.core.webui.keyword.builtin.ClickKeyword.click(ClickKeyword.groovy:74)
	at com.kms.katalon.core.webui.keyword.builtin.ClickKeyword.execute(ClickKeyword.groovy:40)
	at com.kms.katalon.core.keyword.internal.KeywordExecutor.executeKeywordForPlatform(KeywordExecutor.groovy:74)
	at com.kms.katalon.core.webui.keyword.WebUiBuiltInKeywords.click(WebUiBuiltInKeywords.groovy:620)
	at com.kms.katalon.core.webui.keyword.WebUiBuiltInKeywords$click$1.call(Unknown Source)
	at Delete a lesson note.run(Delete a lesson note:38)
	at com.kms.katalon.core.main.ScriptEngine.run(ScriptEngine.java:194)
	at com.kms.katalon.core.main.ScriptEngine.runScriptAsRawText(ScriptEngine.java:119)
	at com.kms.katalon.core.main.TestCaseExecutor.runScript(TestCaseExecutor.java:442)
	at com.kms.katalon.core.main.TestCaseExecutor.doExecute(TestCaseExecutor.java:433)
	at com.kms.katalon.core.main.TestCaseExecutor.processExecutionPhase(TestCaseExecutor.java:412)
	at com.kms.katalon.core.main.TestCaseExecutor.accessMainPhase(TestCaseExecutor.java:404)
	at com.kms.katalon.core.main.TestCaseExecutor.execute(TestCaseExecutor.java:281)
	at com.kms.katalon.core.main.TestSuiteExecutor.accessTestCaseMainPhase(TestSuiteExecutor.java:202)
	at com.kms.katalon.core.main.TestSuiteExecutor.accessTestSuiteMainPhase(TestSuiteExecutor.java:164)
	at com.kms.katalon.core.main.TestSuiteExecutor.execute(TestSuiteExecutor.java:105)
	at com.kms.katalon.core.main.TestCaseMain.startTestSuite(TestCaseMain.java:181)
	at com.kms.katalon.core.main.TestCaseMain$startTestSuite$0.call(Unknown Source)
	at TempTestSuite1642259181016.run(TempTestSuite1642259181016.groovy:36)
Caused by: com.kms.katalon.core.webui.exception.WebElementNotFoundException: Web element with id: 'Object Repository/Page_Course Test Automation/Add lesson note/button_Add an activity or resource' located by '//div[@id='coursecontentcollapse0']/button' not found
	at com.kms.katalon.core.webui.common.WebUiCommonHelper.findWebElement(WebUiCommonHelper.java:1368)
	at com.kms.katalon.core.webui.keyword.internal.WebUIAbstractKeyword.findWebElement(WebUIAbstractKeyword.groovy:27)
	at com.kms.katalon.core.webui.keyword.builtin.ClickKeyword$_click_closure1.doCall(ClickKeyword.groovy:65)
	at com.kms.katalon.core.webui.keyword.builtin.ClickKeyword$_click_closure1.call(ClickKeyword.groovy)
	at com.kms.katalon.core.webui.keyword.internal.WebUIKeywordMain.runKeyword(WebUIKeywordMain.groovy:20)
	... 19 more


2022-01-15 22:24:24 - [TEST_STEP][PASSED] - openBrowser(""): Browser is opened with url: ''

2022-01-15 22:24:24 - [MESSAGE][WARNING] - A browser is already opened. Closing browser and opening a new one

2022-01-15 22:24:25 - [MESSAGE][INFO] - Starting 'Edge Chromium' driver

2022-01-15 22:24:28 - [MESSAGE][INFO] - Action delay is set to 0 milliseconds

2022-01-15 22:24:29 - [MESSAGE][PASSED] - Browser is opened with url: ''

2022-01-15 22:24:29 - [TEST_STEP][PASSED] - navigateToUrl("localhost"): Navigate to 'http://localhost' successfully

2022-01-15 22:24:29 - [MESSAGE][PASSED] - Navigate to 'http://localhost' successfully

2022-01-15 22:24:29 - [TEST_STEP][PASSED] - click(findTestObject("Page_Home page/a_Log in")): Object: 'Object Repository/Page_Home page/a_Log in' is clicked on

2022-01-15 22:24:30 - [MESSAGE][PASSED] - Object: 'Object Repository/Page_Home page/a_Log in' is clicked on

2022-01-15 22:24:30 - [TEST_STEP][PASSED] - setText(findTestObject("Page_Home page Log in to the site/input_Username_username"), "teacher1"): Text 'teacher1' is set on object 'Object Repository/Page_Home page Log in to the site/input_Username_username'

2022-01-15 22:24:31 - [MESSAGE][PASSED] - Text 'teacher1' is set on object 'Object Repository/Page_Home page Log in to the site/input_Username_username'

2022-01-15 22:24:31 - [TEST_STEP][PASSED] - setText(findTestObject("Page_Home page Log in to the site/input_Password_password (1)"), "Group_10"): Text 'Group_10' is set on object 'Object Repository/Page_Home page Log in to the site/input_Password_password (1)'

2022-01-15 22:24:32 - [MESSAGE][PASSED] - Text 'Group_10' is set on object 'Object Repository/Page_Home page Log in to the site/input_Password_password (1)'

2022-01-15 22:24:32 - [TEST_STEP][PASSED] - click(findTestObject("Page_Home page Log in to the site/button_Log in")): Object: 'Object Repository/Page_Home page Log in to the site/button_Log in' is clicked on

2022-01-15 22:24:34 - [MESSAGE][PASSED] - Object: 'Object Repository/Page_Home page Log in to the site/button_Log in' is clicked on

2022-01-15 22:24:34 - [TEST_STEP][PASSED] - click(findTestObject("Page_Dashboard/a_My courses (1)")): Object: 'Object Repository/Page_Dashboard/a_My courses (1)' is clicked on

2022-01-15 22:24:35 - [MESSAGE][PASSED] - Object: 'Object Repository/Page_Dashboard/a_My courses (1)' is clicked on

2022-01-15 22:24:35 - [TEST_STEP][PASSED] - click(findTestObject("Page_My courses/span_Test Automation")): Object: 'Object Repository/Page_My courses/span_Test Automation' is clicked on

2022-01-15 22:24:38 - [MESSAGE][PASSED] - Object: 'Object Repository/Page_My courses/span_Test Automation' is clicked on

2022-01-15 22:24:38 - [TEST_STEP][PASSED] - click(findTestObject("Page_Course Test Automation/input_Edit mode_setmode")): Object: 'Object Repository/Page_Course Test Automation/input_Edit mode_setmode' is clicked on

2022-01-15 22:24:39 - [MESSAGE][PASSED] - Object: 'Object Repository/Page_Course Test Automation/input_Edit mode_setmode' is clicked on

2022-01-15 22:24:39 - [TEST_STEP][FAILED] - click(findTestObject("Page_Course Test Automation/Add lesson note/button_Add an activity or resource")): Unable to click on object 'Object Repository/Page_Course Test Automation/Add lesson note/button_Add an activity or resource' (Root cause: com.kms.katalon.core.exception.StepFailedException: Unable to click on object 'Object Repository/Page_Course Test Automation/Add lesson note/button_Add an activity or resource'
	at com.kms.katalon.core.webui.keyword.internal.WebUIKeywordMain.stepFailed(WebUIKeywordMain.groovy:64)
	at com.kms.katalon.core.webui.keyword.internal.WebUIKeywordMain.runKeyword(WebUIKeywordMain.groovy:26)
	at com.kms.katalon.core.webui.keyword.builtin.ClickKeyword.click(ClickKeyword.groovy:74)
	at com.kms.katalon.core.webui.keyword.builtin.ClickKeyword.execute(ClickKeyword.groovy:40)
	at com.kms.katalon.core.keyword.internal.KeywordExecutor.executeKeywordForPlatform(KeywordExecutor.groovy:74)
	at com.kms.katalon.core.webui.keyword.WebUiBuiltInKeywords.click(WebUiBuiltInKeywords.groovy:620)
	at com.kms.katalon.core.webui.keyword.WebUiBuiltInKeywords$click$1.call(Unknown Source)
	at Delete a lesson note.run(Delete a lesson note:38)
	at com.kms.katalon.core.main.ScriptEngine.run(ScriptEngine.java:194)
	at com.kms.katalon.core.main.ScriptEngine.runScriptAsRawText(ScriptEngine.java:119)
	at com.kms.katalon.core.main.TestCaseExecutor.runScript(TestCaseExecutor.java:442)
	at com.kms.katalon.core.main.TestCaseExecutor.doExecute(TestCaseExecutor.java:433)
	at com.kms.katalon.core.main.TestCaseExecutor.processExecutionPhase(TestCaseExecutor.java:412)
	at com.kms.katalon.core.main.TestCaseExecutor.accessMainPhase(TestCaseExecutor.java:404)
	at com.kms.katalon.core.main.TestCaseExecutor.execute(TestCaseExecutor.java:281)
	at com.kms.katalon.core.main.TestSuiteExecutor.accessTestCaseMainPhase(TestSuiteExecutor.java:202)
	at com.kms.katalon.core.main.TestSuiteExecutor.accessTestSuiteMainPhase(TestSuiteExecutor.java:164)
	at com.kms.katalon.core.main.TestSuiteExecutor.execute(TestSuiteExecutor.java:105)
	at com.kms.katalon.core.main.TestCaseMain.startTestSuite(TestCaseMain.java:181)
	at com.kms.katalon.core.main.TestCaseMain$startTestSuite$0.call(Unknown Source)
	at TempTestSuite1642259181016.run(TempTestSuite1642259181016.groovy:36)
Caused by: com.kms.katalon.core.webui.exception.WebElementNotFoundException: Web element with id: 'Object Repository/Page_Course Test Automation/Add lesson note/button_Add an activity or resource' located by '//div[@id='coursecontentcollapse0']/button' not found
	at com.kms.katalon.core.webui.common.WebUiCommonHelper.findWebElement(WebUiCommonHelper.java:1368)
	at com.kms.katalon.core.webui.keyword.internal.WebUIAbstractKeyword.findWebElement(WebUIAbstractKeyword.groovy:27)
	at com.kms.katalon.core.webui.keyword.builtin.ClickKeyword$_click_closure1.doCall(ClickKeyword.groovy:65)
	at com.kms.katalon.core.webui.keyword.builtin.ClickKeyword$_click_closure1.call(ClickKeyword.groovy)
	at com.kms.katalon.core.webui.keyword.internal.WebUIKeywordMain.runKeyword(WebUIKeywordMain.groovy:20)
	at com.kms.katalon.core.webui.keyword.builtin.ClickKeyword.click(ClickKeyword.groovy:74)
	at com.kms.katalon.core.webui.keyword.builtin.ClickKeyword.execute(ClickKeyword.groovy:40)
	at com.kms.katalon.core.keyword.internal.KeywordExecutor.executeKeywordForPlatform(KeywordExecutor.groovy:74)
	at com.kms.katalon.core.webui.keyword.WebUiBuiltInKeywords.click(WebUiBuiltInKeywords.groovy:620)
	at com.kms.katalon.core.webui.keyword.WebUiBuiltInKeywords$click$1.call(Unknown Source)
	at Script1642153983826.run(Script1642153983826.groovy:38)
	... 13 more
)

2022-01-15 22:25:10 - [MESSAGE][INFO] - Unable to find the element located by 'By.xpath: //div[@id='coursecontentcollapse0']/button'. Please recheck the objects properties to make sure the desired element is located. 

2022-01-15 22:25:10 - [MESSAGE][FAILED] - Unable to click on object 'Object Repository/Page_Course Test Automation/Add lesson note/button_Add an activity or resource' (Root cause: com.kms.katalon.core.exception.StepFailedException: Unable to click on object 'Object Repository/Page_Course Test Automation/Add lesson note/button_Add an activity or resource'
	at com.kms.katalon.core.webui.keyword.internal.WebUIKeywordMain.stepFailed(WebUIKeywordMain.groovy:64)
	at com.kms.katalon.core.webui.keyword.internal.WebUIKeywordMain.runKeyword(WebUIKeywordMain.groovy:26)
	at com.kms.katalon.core.webui.keyword.builtin.ClickKeyword.click(ClickKeyword.groovy:74)
	at com.kms.katalon.core.webui.keyword.builtin.ClickKeyword.execute(ClickKeyword.groovy:40)
	at com.kms.katalon.core.keyword.internal.KeywordExecutor.executeKeywordForPlatform(KeywordExecutor.groovy:74)
	at com.kms.katalon.core.webui.keyword.WebUiBuiltInKeywords.click(WebUiBuiltInKeywords.groovy:620)
	at com.kms.katalon.core.webui.keyword.WebUiBuiltInKeywords$click$1.call(Unknown Source)
	at Delete a lesson note.run(Delete a lesson note:38)
	at com.kms.katalon.core.main.ScriptEngine.run(ScriptEngine.java:194)
	at com.kms.katalon.core.main.ScriptEngine.runScriptAsRawText(ScriptEngine.java:119)
	at com.kms.katalon.core.main.TestCaseExecutor.runScript(TestCaseExecutor.java:442)
	at com.kms.katalon.core.main.TestCaseExecutor.doExecute(TestCaseExecutor.java:433)
	at com.kms.katalon.core.main.TestCaseExecutor.processExecutionPhase(TestCaseExecutor.java:412)
	at com.kms.katalon.core.main.TestCaseExecutor.accessMainPhase(TestCaseExecutor.java:404)
	at com.kms.katalon.core.main.TestCaseExecutor.execute(TestCaseExecutor.java:281)
	at com.kms.katalon.core.main.TestSuiteExecutor.accessTestCaseMainPhase(TestSuiteExecutor.java:202)
	at com.kms.katalon.core.main.TestSuiteExecutor.accessTestSuiteMainPhase(TestSuiteExecutor.java:164)
	at com.kms.katalon.core.main.TestSuiteExecutor.execute(TestSuiteExecutor.java:105)
	at com.kms.katalon.core.main.TestCaseMain.startTestSuite(TestCaseMain.java:181)
	at com.kms.katalon.core.main.TestCaseMain$startTestSuite$0.call(Unknown Source)
	at TempTestSuite1642259181016.run(TempTestSuite1642259181016.groovy:36)
Caused by: com.kms.katalon.core.webui.exception.WebElementNotFoundException: Web element with id: 'Object Repository/Page_Course Test Automation/Add lesson note/button_Add an activity or resource' located by '//div[@id='coursecontentcollapse0']/button' not found
	at com.kms.katalon.core.webui.common.WebUiCommonHelper.findWebElement(WebUiCommonHelper.java:1368)
	at com.kms.katalon.core.webui.keyword.internal.WebUIAbstractKeyword.findWebElement(WebUIAbstractKeyword.groovy:27)
	at com.kms.katalon.core.webui.keyword.builtin.ClickKeyword$_click_closure1.doCall(ClickKeyword.groovy:65)
	at com.kms.katalon.core.webui.keyword.builtin.ClickKeyword$_click_closure1.call(ClickKeyword.groovy)
	at com.kms.katalon.core.webui.keyword.internal.WebUIKeywordMain.runKeyword(WebUIKeywordMain.groovy:20)
	at com.kms.katalon.core.webui.keyword.builtin.ClickKeyword.click(ClickKeyword.groovy:74)
	at com.kms.katalon.core.webui.keyword.builtin.ClickKeyword.execute(ClickKeyword.groovy:40)
	at com.kms.katalon.core.keyword.internal.KeywordExecutor.executeKeywordForPlatform(KeywordExecutor.groovy:74)
	at com.kms.katalon.core.webui.keyword.WebUiBuiltInKeywords.click(WebUiBuiltInKeywords.groovy:620)
	at com.kms.katalon.core.webui.keyword.WebUiBuiltInKeywords$click$1.call(Unknown Source)
	at Script1642153983826.run(Script1642153983826.groovy:38)
	... 13 more
)
[[ATTACHMENT|D:\\TestAutomation-SEBonus-Group10\\Test Automation - SE Bonus\\Reports\\20220115_220621\\Run all test cases\\20220115_220621\\1642260310414.png]]]]></system-out>
         <system-err><![CDATA[2022-01-15 22:24:24 - [TEST_CASE][FAILED] - Test Cases/Delete a lesson note: Test Cases/Delete a lesson note FAILED.
Reason:
com.kms.katalon.core.exception.StepFailedException: Unable to click on object 'Object Repository/Page_Course Test Automation/Add lesson note/button_Add an activity or resource'
	at com.kms.katalon.core.webui.keyword.internal.WebUIKeywordMain.stepFailed(WebUIKeywordMain.groovy:64)
	at com.kms.katalon.core.webui.keyword.internal.WebUIKeywordMain.runKeyword(WebUIKeywordMain.groovy:26)
	at com.kms.katalon.core.webui.keyword.builtin.ClickKeyword.click(ClickKeyword.groovy:74)
	at com.kms.katalon.core.webui.keyword.builtin.ClickKeyword.execute(ClickKeyword.groovy:40)
	at com.kms.katalon.core.keyword.internal.KeywordExecutor.executeKeywordForPlatform(KeywordExecutor.groovy:74)
	at com.kms.katalon.core.webui.keyword.WebUiBuiltInKeywords.click(WebUiBuiltInKeywords.groovy:620)
	at com.kms.katalon.core.webui.keyword.WebUiBuiltInKeywords$click$1.call(Unknown Source)
	at Delete a lesson note.run(Delete a lesson note:38)
	at com.kms.katalon.core.main.ScriptEngine.run(ScriptEngine.java:194)
	at com.kms.katalon.core.main.ScriptEngine.runScriptAsRawText(ScriptEngine.java:119)
	at com.kms.katalon.core.main.TestCaseExecutor.runScript(TestCaseExecutor.java:442)
	at com.kms.katalon.core.main.TestCaseExecutor.doExecute(TestCaseExecutor.java:433)
	at com.kms.katalon.core.main.TestCaseExecutor.processExecutionPhase(TestCaseExecutor.java:412)
	at com.kms.katalon.core.main.TestCaseExecutor.accessMainPhase(TestCaseExecutor.java:404)
	at com.kms.katalon.core.main.TestCaseExecutor.execute(TestCaseExecutor.java:281)
	at com.kms.katalon.core.main.TestSuiteExecutor.accessTestCaseMainPhase(TestSuiteExecutor.java:202)
	at com.kms.katalon.core.main.TestSuiteExecutor.accessTestSuiteMainPhase(TestSuiteExecutor.java:164)
	at com.kms.katalon.core.main.TestSuiteExecutor.execute(TestSuiteExecutor.java:105)
	at com.kms.katalon.core.main.TestCaseMain.startTestSuite(TestCaseMain.java:181)
	at com.kms.katalon.core.main.TestCaseMain$startTestSuite$0.call(Unknown Source)
	at TempTestSuite1642259181016.run(TempTestSuite1642259181016.groovy:36)
Caused by: com.kms.katalon.core.webui.exception.WebElementNotFoundException: Web element with id: 'Object Repository/Page_Course Test Automation/Add lesson note/button_Add an activity or resource' located by '//div[@id='coursecontentcollapse0']/button' not found
	at com.kms.katalon.core.webui.common.WebUiCommonHelper.findWebElement(WebUiCommonHelper.java:1368)
	at com.kms.katalon.core.webui.keyword.internal.WebUIAbstractKeyword.findWebElement(WebUIAbstractKeyword.groovy:27)
	at com.kms.katalon.core.webui.keyword.builtin.ClickKeyword$_click_closure1.doCall(ClickKeyword.groovy:65)
	at com.kms.katalon.core.webui.keyword.builtin.ClickKeyword$_click_closure1.call(ClickKeyword.groovy)
	at com.kms.katalon.core.webui.keyword.internal.WebUIKeywordMain.runKeyword(WebUIKeywordMain.groovy:20)
	... 19 more]]></system-err>
      </testcase>
      <testcase name="Test Cases/Add a URL" time="44.393" classname="Test Cases/Add a URL" status="FAILED">
         <failure type="FAILED" message="Test Cases/Add a URL FAILED.
Reason:
com.kms.katalon.core.exception.StepFailedException: Unable to click on object 'Object Repository/Page_Course Test Automation/Add lesson note/button_Add an activity or resource'
	at com.kms.katalon.core.webui.keyword.internal.WebUIKeywordMain.stepFailed(WebUIKeywordMain.groovy:64)
	at com.kms.katalon.core.webui.keyword.internal.WebUIKeywordMain.runKeyword(WebUIKeywordMain.groovy:26)
	at com.kms.katalon.core.webui.keyword.builtin.ClickKeyword.click(ClickKeyword.groovy:74)
	at com.kms.katalon.core.webui.keyword.builtin.ClickKeyword.execute(ClickKeyword.groovy:40)
	at com.kms.katalon.core.keyword.internal.KeywordExecutor.executeKeywordForPlatform(KeywordExecutor.groovy:74)
	at com.kms.katalon.core.webui.keyword.WebUiBuiltInKeywords.click(WebUiBuiltInKeywords.groovy:620)
	at com.kms.katalon.core.webui.keyword.WebUiBuiltInKeywords$click$1.call(Unknown Source)
	at Add a URL.run(Add a URL:38)
	at com.kms.katalon.core.main.ScriptEngine.run(ScriptEngine.java:194)
	at com.kms.katalon.core.main.ScriptEngine.runScriptAsRawText(ScriptEngine.java:119)
	at com.kms.katalon.core.main.TestCaseExecutor.runScript(TestCaseExecutor.java:442)
	at com.kms.katalon.core.main.TestCaseExecutor.doExecute(TestCaseExecutor.java:433)
	at com.kms.katalon.core.main.TestCaseExecutor.processExecutionPhase(TestCaseExecutor.java:412)
	at com.kms.katalon.core.main.TestCaseExecutor.accessMainPhase(TestCaseExecutor.java:404)
	at com.kms.katalon.core.main.TestCaseExecutor.execute(TestCaseExecutor.java:281)
	at com.kms.katalon.core.main.TestSuiteExecutor.accessTestCaseMainPhase(TestSuiteExecutor.java:202)
	at com.kms.katalon.core.main.TestSuiteExecutor.accessTestSuiteMainPhase(TestSuiteExecutor.java:164)
	at com.kms.katalon.core.main.TestSuiteExecutor.execute(TestSuiteExecutor.java:105)
	at com.kms.katalon.core.main.TestCaseMain.startTestSuite(TestCaseMain.java:181)
	at com.kms.katalon.core.main.TestCaseMain$startTestSuite$0.call(Unknown Source)
	at TempTestSuite1642259181016.run(TempTestSuite1642259181016.groovy:36)
Caused by: com.kms.katalon.core.webui.exception.WebElementNotFoundException: Web element with id: 'Object Repository/Page_Course Test Automation/Add lesson note/button_Add an activity or resource' located by '//div[@id='coursecontentcollapse0']/button' not found
	at com.kms.katalon.core.webui.common.WebUiCommonHelper.findWebElement(WebUiCommonHelper.java:1368)
	at com.kms.katalon.core.webui.keyword.internal.WebUIAbstractKeyword.findWebElement(WebUIAbstractKeyword.groovy:27)
	at com.kms.katalon.core.webui.keyword.builtin.ClickKeyword$_click_closure1.doCall(ClickKeyword.groovy:65)
	at com.kms.katalon.core.webui.keyword.builtin.ClickKeyword$_click_closure1.call(ClickKeyword.groovy)
	at com.kms.katalon.core.webui.keyword.internal.WebUIKeywordMain.runKeyword(WebUIKeywordMain.groovy:20)
	... 19 more
"/>
         <system-out><![CDATA[2022-01-15 22:25:10 - [TEST_CASE][FAILED] - Test Cases/Add a URL: Test Cases/Add a URL FAILED.
Reason:
com.kms.katalon.core.exception.StepFailedException: Unable to click on object 'Object Repository/Page_Course Test Automation/Add lesson note/button_Add an activity or resource'
	at com.kms.katalon.core.webui.keyword.internal.WebUIKeywordMain.stepFailed(WebUIKeywordMain.groovy:64)
	at com.kms.katalon.core.webui.keyword.internal.WebUIKeywordMain.runKeyword(WebUIKeywordMain.groovy:26)
	at com.kms.katalon.core.webui.keyword.builtin.ClickKeyword.click(ClickKeyword.groovy:74)
	at com.kms.katalon.core.webui.keyword.builtin.ClickKeyword.execute(ClickKeyword.groovy:40)
	at com.kms.katalon.core.keyword.internal.KeywordExecutor.executeKeywordForPlatform(KeywordExecutor.groovy:74)
	at com.kms.katalon.core.webui.keyword.WebUiBuiltInKeywords.click(WebUiBuiltInKeywords.groovy:620)
	at com.kms.katalon.core.webui.keyword.WebUiBuiltInKeywords$click$1.call(Unknown Source)
	at Add a URL.run(Add a URL:38)
	at com.kms.katalon.core.main.ScriptEngine.run(ScriptEngine.java:194)
	at com.kms.katalon.core.main.ScriptEngine.runScriptAsRawText(ScriptEngine.java:119)
	at com.kms.katalon.core.main.TestCaseExecutor.runScript(TestCaseExecutor.java:442)
	at com.kms.katalon.core.main.TestCaseExecutor.doExecute(TestCaseExecutor.java:433)
	at com.kms.katalon.core.main.TestCaseExecutor.processExecutionPhase(TestCaseExecutor.java:412)
	at com.kms.katalon.core.main.TestCaseExecutor.accessMainPhase(TestCaseExecutor.java:404)
	at com.kms.katalon.core.main.TestCaseExecutor.execute(TestCaseExecutor.java:281)
	at com.kms.katalon.core.main.TestSuiteExecutor.accessTestCaseMainPhase(TestSuiteExecutor.java:202)
	at com.kms.katalon.core.main.TestSuiteExecutor.accessTestSuiteMainPhase(TestSuiteExecutor.java:164)
	at com.kms.katalon.core.main.TestSuiteExecutor.execute(TestSuiteExecutor.java:105)
	at com.kms.katalon.core.main.TestCaseMain.startTestSuite(TestCaseMain.java:181)
	at com.kms.katalon.core.main.TestCaseMain$startTestSuite$0.call(Unknown Source)
	at TempTestSuite1642259181016.run(TempTestSuite1642259181016.groovy:36)
Caused by: com.kms.katalon.core.webui.exception.WebElementNotFoundException: Web element with id: 'Object Repository/Page_Course Test Automation/Add lesson note/button_Add an activity or resource' located by '//div[@id='coursecontentcollapse0']/button' not found
	at com.kms.katalon.core.webui.common.WebUiCommonHelper.findWebElement(WebUiCommonHelper.java:1368)
	at com.kms.katalon.core.webui.keyword.internal.WebUIAbstractKeyword.findWebElement(WebUIAbstractKeyword.groovy:27)
	at com.kms.katalon.core.webui.keyword.builtin.ClickKeyword$_click_closure1.doCall(ClickKeyword.groovy:65)
	at com.kms.katalon.core.webui.keyword.builtin.ClickKeyword$_click_closure1.call(ClickKeyword.groovy)
	at com.kms.katalon.core.webui.keyword.internal.WebUIKeywordMain.runKeyword(WebUIKeywordMain.groovy:20)
	... 19 more


2022-01-15 22:25:10 - [TEST_STEP][PASSED] - openBrowser(""): Browser is opened with url: ''

2022-01-15 22:25:10 - [MESSAGE][WARNING] - A browser is already opened. Closing browser and opening a new one

2022-01-15 22:25:11 - [MESSAGE][INFO] - Starting 'Edge Chromium' driver

2022-01-15 22:25:14 - [MESSAGE][INFO] - Action delay is set to 0 milliseconds

2022-01-15 22:25:14 - [MESSAGE][PASSED] - Browser is opened with url: ''

2022-01-15 22:25:14 - [TEST_STEP][PASSED] - navigateToUrl("localhost"): Navigate to 'http://localhost' successfully

2022-01-15 22:25:15 - [MESSAGE][PASSED] - Navigate to 'http://localhost' successfully

2022-01-15 22:25:15 - [TEST_STEP][PASSED] - click(findTestObject("Page_Home page/a_Log in")): Object: 'Object Repository/Page_Home page/a_Log in' is clicked on

2022-01-15 22:25:16 - [MESSAGE][PASSED] - Object: 'Object Repository/Page_Home page/a_Log in' is clicked on

2022-01-15 22:25:16 - [TEST_STEP][PASSED] - setText(findTestObject("Page_Home page Log in to the site/input_Username_username"), "teacher1"): Text 'teacher1' is set on object 'Object Repository/Page_Home page Log in to the site/input_Username_username'

2022-01-15 22:25:17 - [MESSAGE][PASSED] - Text 'teacher1' is set on object 'Object Repository/Page_Home page Log in to the site/input_Username_username'

2022-01-15 22:25:17 - [TEST_STEP][PASSED] - setText(findTestObject("Page_Home page Log in to the site/input_Password_password (1)"), "Group_10"): Text 'Group_10' is set on object 'Object Repository/Page_Home page Log in to the site/input_Password_password (1)'

2022-01-15 22:25:18 - [MESSAGE][PASSED] - Text 'Group_10' is set on object 'Object Repository/Page_Home page Log in to the site/input_Password_password (1)'

2022-01-15 22:25:18 - [TEST_STEP][PASSED] - click(findTestObject("Page_Home page Log in to the site/button_Log in")): Object: 'Object Repository/Page_Home page Log in to the site/button_Log in' is clicked on

2022-01-15 22:25:19 - [MESSAGE][PASSED] - Object: 'Object Repository/Page_Home page Log in to the site/button_Log in' is clicked on

2022-01-15 22:25:19 - [TEST_STEP][PASSED] - click(findTestObject("Page_Dashboard/a_My courses (1)")): Object: 'Object Repository/Page_Dashboard/a_My courses (1)' is clicked on

2022-01-15 22:25:21 - [MESSAGE][PASSED] - Object: 'Object Repository/Page_Dashboard/a_My courses (1)' is clicked on

2022-01-15 22:25:21 - [TEST_STEP][PASSED] - click(findTestObject("Page_My courses/span_Test Automation")): Object: 'Object Repository/Page_My courses/span_Test Automation' is clicked on

2022-01-15 22:25:22 - [MESSAGE][PASSED] - Object: 'Object Repository/Page_My courses/span_Test Automation' is clicked on

2022-01-15 22:25:22 - [TEST_STEP][PASSED] - click(findTestObject("Page_Course Test Automation/input_Edit mode_setmode")): Object: 'Object Repository/Page_Course Test Automation/input_Edit mode_setmode' is clicked on

2022-01-15 22:25:23 - [MESSAGE][PASSED] - Object: 'Object Repository/Page_Course Test Automation/input_Edit mode_setmode' is clicked on

2022-01-15 22:25:23 - [TEST_STEP][FAILED] - click(findTestObject("Page_Course Test Automation/Add lesson note/button_Add an activity or resource")): Unable to click on object 'Object Repository/Page_Course Test Automation/Add lesson note/button_Add an activity or resource' (Root cause: com.kms.katalon.core.exception.StepFailedException: Unable to click on object 'Object Repository/Page_Course Test Automation/Add lesson note/button_Add an activity or resource'
	at com.kms.katalon.core.webui.keyword.internal.WebUIKeywordMain.stepFailed(WebUIKeywordMain.groovy:64)
	at com.kms.katalon.core.webui.keyword.internal.WebUIKeywordMain.runKeyword(WebUIKeywordMain.groovy:26)
	at com.kms.katalon.core.webui.keyword.builtin.ClickKeyword.click(ClickKeyword.groovy:74)
	at com.kms.katalon.core.webui.keyword.builtin.ClickKeyword.execute(ClickKeyword.groovy:40)
	at com.kms.katalon.core.keyword.internal.KeywordExecutor.executeKeywordForPlatform(KeywordExecutor.groovy:74)
	at com.kms.katalon.core.webui.keyword.WebUiBuiltInKeywords.click(WebUiBuiltInKeywords.groovy:620)
	at com.kms.katalon.core.webui.keyword.WebUiBuiltInKeywords$click$1.call(Unknown Source)
	at Add a URL.run(Add a URL:38)
	at com.kms.katalon.core.main.ScriptEngine.run(ScriptEngine.java:194)
	at com.kms.katalon.core.main.ScriptEngine.runScriptAsRawText(ScriptEngine.java:119)
	at com.kms.katalon.core.main.TestCaseExecutor.runScript(TestCaseExecutor.java:442)
	at com.kms.katalon.core.main.TestCaseExecutor.doExecute(TestCaseExecutor.java:433)
	at com.kms.katalon.core.main.TestCaseExecutor.processExecutionPhase(TestCaseExecutor.java:412)
	at com.kms.katalon.core.main.TestCaseExecutor.accessMainPhase(TestCaseExecutor.java:404)
	at com.kms.katalon.core.main.TestCaseExecutor.execute(TestCaseExecutor.java:281)
	at com.kms.katalon.core.main.TestSuiteExecutor.accessTestCaseMainPhase(TestSuiteExecutor.java:202)
	at com.kms.katalon.core.main.TestSuiteExecutor.accessTestSuiteMainPhase(TestSuiteExecutor.java:164)
	at com.kms.katalon.core.main.TestSuiteExecutor.execute(TestSuiteExecutor.java:105)
	at com.kms.katalon.core.main.TestCaseMain.startTestSuite(TestCaseMain.java:181)
	at com.kms.katalon.core.main.TestCaseMain$startTestSuite$0.call(Unknown Source)
	at TempTestSuite1642259181016.run(TempTestSuite1642259181016.groovy:36)
Caused by: com.kms.katalon.core.webui.exception.WebElementNotFoundException: Web element with id: 'Object Repository/Page_Course Test Automation/Add lesson note/button_Add an activity or resource' located by '//div[@id='coursecontentcollapse0']/button' not found
	at com.kms.katalon.core.webui.common.WebUiCommonHelper.findWebElement(WebUiCommonHelper.java:1368)
	at com.kms.katalon.core.webui.keyword.internal.WebUIAbstractKeyword.findWebElement(WebUIAbstractKeyword.groovy:27)
	at com.kms.katalon.core.webui.keyword.builtin.ClickKeyword$_click_closure1.doCall(ClickKeyword.groovy:65)
	at com.kms.katalon.core.webui.keyword.builtin.ClickKeyword$_click_closure1.call(ClickKeyword.groovy)
	at com.kms.katalon.core.webui.keyword.internal.WebUIKeywordMain.runKeyword(WebUIKeywordMain.groovy:20)
	at com.kms.katalon.core.webui.keyword.builtin.ClickKeyword.click(ClickKeyword.groovy:74)
	at com.kms.katalon.core.webui.keyword.builtin.ClickKeyword.execute(ClickKeyword.groovy:40)
	at com.kms.katalon.core.keyword.internal.KeywordExecutor.executeKeywordForPlatform(KeywordExecutor.groovy:74)
	at com.kms.katalon.core.webui.keyword.WebUiBuiltInKeywords.click(WebUiBuiltInKeywords.groovy:620)
	at com.kms.katalon.core.webui.keyword.WebUiBuiltInKeywords$click$1.call(Unknown Source)
	at Script1642056193950.run(Script1642056193950.groovy:38)
	... 13 more
)

2022-01-15 22:25:54 - [MESSAGE][INFO] - Unable to find the element located by 'By.xpath: //div[@id='coursecontentcollapse0']/button'. Please recheck the objects properties to make sure the desired element is located. 

2022-01-15 22:25:55 - [MESSAGE][FAILED] - Unable to click on object 'Object Repository/Page_Course Test Automation/Add lesson note/button_Add an activity or resource' (Root cause: com.kms.katalon.core.exception.StepFailedException: Unable to click on object 'Object Repository/Page_Course Test Automation/Add lesson note/button_Add an activity or resource'
	at com.kms.katalon.core.webui.keyword.internal.WebUIKeywordMain.stepFailed(WebUIKeywordMain.groovy:64)
	at com.kms.katalon.core.webui.keyword.internal.WebUIKeywordMain.runKeyword(WebUIKeywordMain.groovy:26)
	at com.kms.katalon.core.webui.keyword.builtin.ClickKeyword.click(ClickKeyword.groovy:74)
	at com.kms.katalon.core.webui.keyword.builtin.ClickKeyword.execute(ClickKeyword.groovy:40)
	at com.kms.katalon.core.keyword.internal.KeywordExecutor.executeKeywordForPlatform(KeywordExecutor.groovy:74)
	at com.kms.katalon.core.webui.keyword.WebUiBuiltInKeywords.click(WebUiBuiltInKeywords.groovy:620)
	at com.kms.katalon.core.webui.keyword.WebUiBuiltInKeywords$click$1.call(Unknown Source)
	at Add a URL.run(Add a URL:38)
	at com.kms.katalon.core.main.ScriptEngine.run(ScriptEngine.java:194)
	at com.kms.katalon.core.main.ScriptEngine.runScriptAsRawText(ScriptEngine.java:119)
	at com.kms.katalon.core.main.TestCaseExecutor.runScript(TestCaseExecutor.java:442)
	at com.kms.katalon.core.main.TestCaseExecutor.doExecute(TestCaseExecutor.java:433)
	at com.kms.katalon.core.main.TestCaseExecutor.processExecutionPhase(TestCaseExecutor.java:412)
	at com.kms.katalon.core.main.TestCaseExecutor.accessMainPhase(TestCaseExecutor.java:404)
	at com.kms.katalon.core.main.TestCaseExecutor.execute(TestCaseExecutor.java:281)
	at com.kms.katalon.core.main.TestSuiteExecutor.accessTestCaseMainPhase(TestSuiteExecutor.java:202)
	at com.kms.katalon.core.main.TestSuiteExecutor.accessTestSuiteMainPhase(TestSuiteExecutor.java:164)
	at com.kms.katalon.core.main.TestSuiteExecutor.execute(TestSuiteExecutor.java:105)
	at com.kms.katalon.core.main.TestCaseMain.startTestSuite(TestCaseMain.java:181)
	at com.kms.katalon.core.main.TestCaseMain$startTestSuite$0.call(Unknown Source)
	at TempTestSuite1642259181016.run(TempTestSuite1642259181016.groovy:36)
Caused by: com.kms.katalon.core.webui.exception.WebElementNotFoundException: Web element with id: 'Object Repository/Page_Course Test Automation/Add lesson note/button_Add an activity or resource' located by '//div[@id='coursecontentcollapse0']/button' not found
	at com.kms.katalon.core.webui.common.WebUiCommonHelper.findWebElement(WebUiCommonHelper.java:1368)
	at com.kms.katalon.core.webui.keyword.internal.WebUIAbstractKeyword.findWebElement(WebUIAbstractKeyword.groovy:27)
	at com.kms.katalon.core.webui.keyword.builtin.ClickKeyword$_click_closure1.doCall(ClickKeyword.groovy:65)
	at com.kms.katalon.core.webui.keyword.builtin.ClickKeyword$_click_closure1.call(ClickKeyword.groovy)
	at com.kms.katalon.core.webui.keyword.internal.WebUIKeywordMain.runKeyword(WebUIKeywordMain.groovy:20)
	at com.kms.katalon.core.webui.keyword.builtin.ClickKeyword.click(ClickKeyword.groovy:74)
	at com.kms.katalon.core.webui.keyword.builtin.ClickKeyword.execute(ClickKeyword.groovy:40)
	at com.kms.katalon.core.keyword.internal.KeywordExecutor.executeKeywordForPlatform(KeywordExecutor.groovy:74)
	at com.kms.katalon.core.webui.keyword.WebUiBuiltInKeywords.click(WebUiBuiltInKeywords.groovy:620)
	at com.kms.katalon.core.webui.keyword.WebUiBuiltInKeywords$click$1.call(Unknown Source)
	at Script1642056193950.run(Script1642056193950.groovy:38)
	... 13 more
)
[[ATTACHMENT|D:\\TestAutomation-SEBonus-Group10\\Test Automation - SE Bonus\\Reports\\20220115_220621\\Run all test cases\\20220115_220621\\1642260354839.png]]]]></system-out>
         <system-err><![CDATA[2022-01-15 22:25:10 - [TEST_CASE][FAILED] - Test Cases/Add a URL: Test Cases/Add a URL FAILED.
Reason:
com.kms.katalon.core.exception.StepFailedException: Unable to click on object 'Object Repository/Page_Course Test Automation/Add lesson note/button_Add an activity or resource'
	at com.kms.katalon.core.webui.keyword.internal.WebUIKeywordMain.stepFailed(WebUIKeywordMain.groovy:64)
	at com.kms.katalon.core.webui.keyword.internal.WebUIKeywordMain.runKeyword(WebUIKeywordMain.groovy:26)
	at com.kms.katalon.core.webui.keyword.builtin.ClickKeyword.click(ClickKeyword.groovy:74)
	at com.kms.katalon.core.webui.keyword.builtin.ClickKeyword.execute(ClickKeyword.groovy:40)
	at com.kms.katalon.core.keyword.internal.KeywordExecutor.executeKeywordForPlatform(KeywordExecutor.groovy:74)
	at com.kms.katalon.core.webui.keyword.WebUiBuiltInKeywords.click(WebUiBuiltInKeywords.groovy:620)
	at com.kms.katalon.core.webui.keyword.WebUiBuiltInKeywords$click$1.call(Unknown Source)
	at Add a URL.run(Add a URL:38)
	at com.kms.katalon.core.main.ScriptEngine.run(ScriptEngine.java:194)
	at com.kms.katalon.core.main.ScriptEngine.runScriptAsRawText(ScriptEngine.java:119)
	at com.kms.katalon.core.main.TestCaseExecutor.runScript(TestCaseExecutor.java:442)
	at com.kms.katalon.core.main.TestCaseExecutor.doExecute(TestCaseExecutor.java:433)
	at com.kms.katalon.core.main.TestCaseExecutor.processExecutionPhase(TestCaseExecutor.java:412)
	at com.kms.katalon.core.main.TestCaseExecutor.accessMainPhase(TestCaseExecutor.java:404)
	at com.kms.katalon.core.main.TestCaseExecutor.execute(TestCaseExecutor.java:281)
	at com.kms.katalon.core.main.TestSuiteExecutor.accessTestCaseMainPhase(TestSuiteExecutor.java:202)
	at com.kms.katalon.core.main.TestSuiteExecutor.accessTestSuiteMainPhase(TestSuiteExecutor.java:164)
	at com.kms.katalon.core.main.TestSuiteExecutor.execute(TestSuiteExecutor.java:105)
	at com.kms.katalon.core.main.TestCaseMain.startTestSuite(TestCaseMain.java:181)
	at com.kms.katalon.core.main.TestCaseMain$startTestSuite$0.call(Unknown Source)
	at TempTestSuite1642259181016.run(TempTestSuite1642259181016.groovy:36)
Caused by: com.kms.katalon.core.webui.exception.WebElementNotFoundException: Web element with id: 'Object Repository/Page_Course Test Automation/Add lesson note/button_Add an activity or resource' located by '//div[@id='coursecontentcollapse0']/button' not found
	at com.kms.katalon.core.webui.common.WebUiCommonHelper.findWebElement(WebUiCommonHelper.java:1368)
	at com.kms.katalon.core.webui.keyword.internal.WebUIAbstractKeyword.findWebElement(WebUIAbstractKeyword.groovy:27)
	at com.kms.katalon.core.webui.keyword.builtin.ClickKeyword$_click_closure1.doCall(ClickKeyword.groovy:65)
	at com.kms.katalon.core.webui.keyword.builtin.ClickKeyword$_click_closure1.call(ClickKeyword.groovy)
	at com.kms.katalon.core.webui.keyword.internal.WebUIKeywordMain.runKeyword(WebUIKeywordMain.groovy:20)
	... 19 more]]></system-err>
      </testcase>
      <testcase name="Test Cases/Enroll student in a course" time="21.774" classname="Test Cases/Enroll student in a course" status="PASSED">
         <system-out><![CDATA[2022-01-15 22:25:55 - [TEST_CASE][PASSED] - Test Cases/Enroll student in a course: Test Cases/Enroll student in a course

2022-01-15 22:25:55 - [TEST_STEP][PASSED] - openBrowser(""): Browser is opened with url: ''

2022-01-15 22:25:55 - [MESSAGE][WARNING] - A browser is already opened. Closing browser and opening a new one

2022-01-15 22:25:56 - [MESSAGE][INFO] - Starting 'Edge Chromium' driver

2022-01-15 22:25:58 - [MESSAGE][INFO] - Action delay is set to 0 milliseconds

2022-01-15 22:25:59 - [MESSAGE][PASSED] - Browser is opened with url: ''

2022-01-15 22:25:59 - [TEST_STEP][PASSED] - navigateToUrl("localhost"): Navigate to 'http://localhost' successfully

2022-01-15 22:26:00 - [MESSAGE][PASSED] - Navigate to 'http://localhost' successfully

2022-01-15 22:26:00 - [TEST_STEP][PASSED] - click(findTestObject("Page_Home page/a_Log in")): Object: 'Object Repository/Page_Home page/a_Log in' is clicked on

2022-01-15 22:26:01 - [MESSAGE][PASSED] - Object: 'Object Repository/Page_Home page/a_Log in' is clicked on

2022-01-15 22:26:01 - [TEST_STEP][PASSED] - setText(findTestObject("Page_Home page Log in to the site/input_Username_username"), "teacher1"): Text 'teacher1' is set on object 'Object Repository/Page_Home page Log in to the site/input_Username_username'

2022-01-15 22:26:02 - [MESSAGE][PASSED] - Text 'teacher1' is set on object 'Object Repository/Page_Home page Log in to the site/input_Username_username'

2022-01-15 22:26:02 - [TEST_STEP][PASSED] - setText(findTestObject("Page_Home page Log in to the site/input_Password_password (1)"), "Group_10"): Text 'Group_10' is set on object 'Object Repository/Page_Home page Log in to the site/input_Password_password (1)'

2022-01-15 22:26:02 - [MESSAGE][PASSED] - Text 'Group_10' is set on object 'Object Repository/Page_Home page Log in to the site/input_Password_password (1)'

2022-01-15 22:26:02 - [TEST_STEP][PASSED] - click(findTestObject("Page_Home page Log in to the site/button_Log in")): Object: 'Object Repository/Page_Home page Log in to the site/button_Log in' is clicked on

2022-01-15 22:26:04 - [MESSAGE][PASSED] - Object: 'Object Repository/Page_Home page Log in to the site/button_Log in' is clicked on

2022-01-15 22:26:04 - [TEST_STEP][PASSED] - click(findTestObject("Page_Dashboard/a_My courses (1)")): Object: 'Object Repository/Page_Dashboard/a_My courses (1)' is clicked on

2022-01-15 22:26:05 - [MESSAGE][PASSED] - Object: 'Object Repository/Page_Dashboard/a_My courses (1)' is clicked on

2022-01-15 22:26:05 - [TEST_STEP][PASSED] - click(findTestObject("Page_My courses/span_Test Automation")): Object: 'Object Repository/Page_My courses/span_Test Automation' is clicked on

2022-01-15 22:26:07 - [MESSAGE][PASSED] - Object: 'Object Repository/Page_My courses/span_Test Automation' is clicked on

2022-01-15 22:26:07 - [TEST_STEP][PASSED] - click(findTestObject("Page_Course Test Automation/Enroll student/a_Participants")): Object: 'Object Repository/Page_Course Test Automation/Enroll student/a_Participants' is clicked on

2022-01-15 22:26:08 - [MESSAGE][PASSED] - Object: 'Object Repository/Page_Course Test Automation/Enroll student/a_Participants' is clicked on

2022-01-15 22:26:08 - [TEST_STEP][PASSED] - click(findTestObject("Page_Course Test Automation/Enroll student/input_With selected users_btn btn-primary")): Object: 'Object Repository/Page_Course Test Automation/Enroll student/input_With selected users_btn btn-primary' is clicked on

2022-01-15 22:26:09 - [MESSAGE][PASSED] - Object: 'Object Repository/Page_Course Test Automation/Enroll student/input_With selected users_btn btn-primary' is clicked on

2022-01-15 22:26:09 - [TEST_STEP][PASSED] - setText(findTestObject("Page_Course Test Automation/Enroll student/input_name_user"), "Nguyen Hoa"): Text 'Nguyen Hoa' is set on object 'Object Repository/Page_Course Test Automation/Enroll student/input_name_user'

2022-01-15 22:26:11 - [MESSAGE][PASSED] - Text 'Nguyen Hoa' is set on object 'Object Repository/Page_Course Test Automation/Enroll student/input_name_user'

2022-01-15 22:26:11 - [TEST_STEP][PASSED] - click(findTestObject("Page_Course Test Automation/Enroll student/span_Si Minh")): Object: 'Object Repository/Page_Course Test Automation/Enroll student/span_Si Minh' is clicked on

2022-01-15 22:26:12 - [MESSAGE][PASSED] - Object: 'Object Repository/Page_Course Test Automation/Enroll student/span_Si Minh' is clicked on

2022-01-15 22:26:12 - [TEST_STEP][PASSED] - click(findTestObject("Page_Course Test Automation/Enroll student/button_Enrol users")): Object: 'Object Repository/Page_Course Test Automation/Enroll student/button_Enrol users' is clicked on

2022-01-15 22:26:13 - [MESSAGE][PASSED] - Object: 'Object Repository/Page_Course Test Automation/Enroll student/button_Enrol users' is clicked on

2022-01-15 22:26:13 - [TEST_STEP][PASSED] - click(findTestObject("Page_Dashboard/a_NH")): Object: 'Object Repository/Page_Dashboard/a_NH' is clicked on

2022-01-15 22:26:14 - [MESSAGE][PASSED] - Object: 'Object Repository/Page_Dashboard/a_NH' is clicked on

2022-01-15 22:26:14 - [TEST_STEP][PASSED] - click(findTestObject("Page_Dashboard/a_Log out")): Object: 'Object Repository/Page_Dashboard/a_Log out' is clicked on

2022-01-15 22:26:15 - [MESSAGE][PASSED] - Object: 'Object Repository/Page_Dashboard/a_Log out' is clicked on

2022-01-15 22:26:15 - [TEST_STEP][PASSED] - closeBrowser(): Browser is closed

2022-01-15 22:26:16 - [MESSAGE][PASSED] - Browser is closed]]></system-out>
         <system-err><![CDATA[]]></system-err>
      </testcase>
      <testcase name="Test Cases/Enroll in a course with incorrect key" time="45.576" classname="Test Cases/Enroll in a course with incorrect key" status="PASSED">
         <system-out><![CDATA[2022-01-15 22:26:16 - [TEST_CASE][PASSED] - Test Cases/Enroll in a course with incorrect key: Test Cases/Enroll in a course with incorrect key

2022-01-15 22:26:17 - [TEST_STEP][PASSED] - openBrowser(""): Browser is opened with url: ''

2022-01-15 22:26:17 - [MESSAGE][INFO] - Starting 'Edge Chromium' driver

2022-01-15 22:26:19 - [MESSAGE][INFO] - Action delay is set to 0 milliseconds

2022-01-15 22:26:20 - [MESSAGE][PASSED] - Browser is opened with url: ''

2022-01-15 22:26:20 - [TEST_STEP][PASSED] - navigateToUrl("http://localhost/"): Navigate to 'http://localhost/' successfully

2022-01-15 22:26:21 - [MESSAGE][PASSED] - Navigate to 'http://localhost/' successfully

2022-01-15 22:26:21 - [TEST_STEP][PASSED] - click(findTestObject("Object Repository/Page_Home page/a_Log in")): Object: 'Object Repository/Page_Home page/a_Log in' is clicked on

2022-01-15 22:26:22 - [MESSAGE][PASSED] - Object: 'Object Repository/Page_Home page/a_Log in' is clicked on

2022-01-15 22:26:22 - [TEST_STEP][PASSED] - setText(findTestObject("Object Repository/Page_Home page Log in to the site/input_Username_username"), "admin"): Text 'admin' is set on object 'Object Repository/Page_Home page Log in to the site/input_Username_username'

2022-01-15 22:26:23 - [MESSAGE][PASSED] - Text 'admin' is set on object 'Object Repository/Page_Home page Log in to the site/input_Username_username'

2022-01-15 22:26:23 - [TEST_STEP][PASSED] - setEncryptedText(findTestObject("Page_Home page Log in to the site/input_Password_password (1)"), "OFhcon1PzObx3ErJAwGfGA=="): Text ****** has been set on object 'Object Repository/Page_Home page Log in to the site/input_Password_password (1)'

2022-01-15 22:26:23 - [MESSAGE][PASSED] - Text ****** has been set on object 'Object Repository/Page_Home page Log in to the site/input_Password_password (1)'

2022-01-15 22:26:23 - [TEST_STEP][PASSED] - click(findTestObject("Object Repository/Page_Home page Log in to the site/button_Log in")): Object: 'Object Repository/Page_Home page Log in to the site/button_Log in' is clicked on

2022-01-15 22:26:25 - [MESSAGE][PASSED] - Object: 'Object Repository/Page_Home page Log in to the site/button_Log in' is clicked on

2022-01-15 22:26:25 - [TEST_STEP][PASSED] - click(findTestObject("Object Repository/Page_Dashboard/a_Site administration")): Object: 'Object Repository/Page_Dashboard/a_Site administration' is clicked on

2022-01-15 22:26:28 - [MESSAGE][PASSED] - Object: 'Object Repository/Page_Dashboard/a_Site administration' is clicked on

2022-01-15 22:26:28 - [TEST_STEP][PASSED] - scrollToPosition(0, 0): Browser is scrolled to position x = 0, y = 0

2022-01-15 22:26:28 - [MESSAGE][PASSED] - Browser is scrolled to position x = 0, y = 0

2022-01-15 22:26:28 - [TEST_STEP][PASSED] - click(findTestObject("Object Repository/Page_Group10 Administration Search/a_Users")): Object: 'Object Repository/Page_Group10 Administration Search/a_Users' is clicked on

2022-01-15 22:26:29 - [MESSAGE][PASSED] - Object: 'Object Repository/Page_Group10 Administration Search/a_Users' is clicked on

2022-01-15 22:26:29 - [TEST_STEP][PASSED] - click(findTestObject("Object Repository/Page_Group10 Administration Search/a_Add a new user")): Object: 'Object Repository/Page_Group10 Administration Search/a_Add a new user' is clicked on

2022-01-15 22:26:30 - [MESSAGE][PASSED] - Object: 'Object Repository/Page_Group10 Administration Search/a_Add a new user' is clicked on

2022-01-15 22:26:30 - [TEST_STEP][PASSED] - setText(findTestObject("Object Repository/Page_Group10 Administration Users Accounts _5007a8/input_Username_username"), "student2"): Text 'student2' is set on object 'Object Repository/Page_Group10 Administration Users Accounts _5007a8/input_Username_username'

2022-01-15 22:26:32 - [MESSAGE][PASSED] - Text 'student2' is set on object 'Object Repository/Page_Group10 Administration Users Accounts _5007a8/input_Username_username'

2022-01-15 22:26:32 - [TEST_STEP][PASSED] - click(findTestObject("Object Repository/Page_Group10 Administration Users Accounts _5007a8/em_Click to enter text")): Object: 'Object Repository/Page_Group10 Administration Users Accounts _5007a8/em_Click to enter text' is clicked on

2022-01-15 22:26:32 - [MESSAGE][PASSED] - Object: 'Object Repository/Page_Group10 Administration Users Accounts _5007a8/em_Click to enter text' is clicked on

2022-01-15 22:26:32 - [TEST_STEP][PASSED] - setEncryptedText(findTestObject("Object Repository/Page_Group10 Administration Users Accounts _5007a8/input_New password_newpassword"), "OFhcon1PzObx3ErJAwGfGA=="): Text ****** has been set on object 'Object Repository/Page_Group10 Administration Users Accounts _5007a8/input_New password_newpassword'

2022-01-15 22:26:33 - [MESSAGE][PASSED] - Text ****** has been set on object 'Object Repository/Page_Group10 Administration Users Accounts _5007a8/input_New password_newpassword'

2022-01-15 22:26:33 - [TEST_STEP][PASSED] - click(findTestObject("Object Repository/Page_Group10 Administration Users Accounts _5007a8/i_Click to enter text_icon fa fa-eye fa-fw")): Object: 'Object Repository/Page_Group10 Administration Users Accounts _5007a8/i_Click to enter text_icon fa fa-eye fa-fw' is clicked on

2022-01-15 22:26:33 - [MESSAGE][PASSED] - Object: 'Object Repository/Page_Group10 Administration Users Accounts _5007a8/i_Click to enter text_icon fa fa-eye fa-fw' is clicked on

2022-01-15 22:26:33 - [TEST_STEP][PASSED] - setText(findTestObject("Object Repository/Page_Group10 Administration Users Accounts _5007a8/input_First name_firstname"), "Si"): Text 'Si' is set on object 'Object Repository/Page_Group10 Administration Users Accounts _5007a8/input_First name_firstname'

2022-01-15 22:26:34 - [MESSAGE][PASSED] - Text 'Si' is set on object 'Object Repository/Page_Group10 Administration Users Accounts _5007a8/input_First name_firstname'

2022-01-15 22:26:34 - [TEST_STEP][PASSED] - setText(findTestObject("Object Repository/Page_Group10 Administration Users Accounts _5007a8/input_Surname_lastname"), "Minh"): Text 'Minh' is set on object 'Object Repository/Page_Group10 Administration Users Accounts _5007a8/input_Surname_lastname'

2022-01-15 22:26:35 - [MESSAGE][PASSED] - Text 'Minh' is set on object 'Object Repository/Page_Group10 Administration Users Accounts _5007a8/input_Surname_lastname'

2022-01-15 22:26:35 - [TEST_STEP][PASSED] - setText(findTestObject("Object Repository/Page_Group10 Administration Users Accounts _5007a8/input_Email address_email"), "student2@email.com"): Text 'student2@email.com' is set on object 'Object Repository/Page_Group10 Administration Users Accounts _5007a8/input_Email address_email'

2022-01-15 22:26:36 - [MESSAGE][PASSED] - Text 'student2@email.com' is set on object 'Object Repository/Page_Group10 Administration Users Accounts _5007a8/input_Email address_email'

2022-01-15 22:26:36 - [TEST_STEP][PASSED] - click(findTestObject("Object Repository/Page_Group10 Administration Users Accounts _5007a8/input_Address_submitbutton")): Object: 'Object Repository/Page_Group10 Administration Users Accounts _5007a8/input_Address_submitbutton' is clicked on

2022-01-15 22:26:39 - [MESSAGE][PASSED] - Object: 'Object Repository/Page_Group10 Administration Users Accounts _5007a8/input_Address_submitbutton' is clicked on

2022-01-15 22:26:39 - [TEST_STEP][PASSED] - click(findTestObject("Object Repository/Page_Group10 Administration Users Accounts _9567d5/span_AU")): Object: 'Object Repository/Page_Group10 Administration Users Accounts _9567d5/span_AU' is clicked on

2022-01-15 22:26:39 - [MESSAGE][PASSED] - Object: 'Object Repository/Page_Group10 Administration Users Accounts _9567d5/span_AU' is clicked on

2022-01-15 22:26:39 - [TEST_STEP][PASSED] - click(findTestObject("Object Repository/Page_Group10 Administration Users Permissio_4e74a7/a_Site administration")): Object: 'Object Repository/Page_Group10 Administration Users Permissio_4e74a7/a_Site administration' is clicked on

2022-01-15 22:26:41 - [MESSAGE][PASSED] - Object: 'Object Repository/Page_Group10 Administration Users Permissio_4e74a7/a_Site administration' is clicked on

2022-01-15 22:26:41 - [TEST_STEP][PASSED] - scrollToPosition(0, 0): Browser is scrolled to position x = 0, y = 0

2022-01-15 22:26:41 - [MESSAGE][PASSED] - Browser is scrolled to position x = 0, y = 0

2022-01-15 22:26:41 - [TEST_STEP][PASSED] - click(findTestObject("Object Repository/Page_Group10 Administration Search/a_Users")): Object: 'Object Repository/Page_Group10 Administration Search/a_Users' is clicked on

2022-01-15 22:26:42 - [MESSAGE][PASSED] - Object: 'Object Repository/Page_Group10 Administration Search/a_Users' is clicked on

2022-01-15 22:26:42 - [TEST_STEP][PASSED] - click(findTestObject("Object Repository/Page_Group10 Administration Search/a_Assign system roles")): Object: 'Object Repository/Page_Group10 Administration Search/a_Assign system roles' is clicked on

2022-01-15 22:26:43 - [MESSAGE][PASSED] - Object: 'Object Repository/Page_Group10 Administration Search/a_Assign system roles' is clicked on

2022-01-15 22:26:43 - [TEST_STEP][PASSED] - click(findTestObject("Page_Group10 Administration Users Permissions Assign system roles/a_Student")): Object: 'Object Repository/Page_Group10 Administration Users Permissions Assign system roles/a_Student' is clicked on

2022-01-15 22:26:44 - [MESSAGE][PASSED] - Object: 'Object Repository/Page_Group10 Administration Users Permissions Assign system roles/a_Student' is clicked on

2022-01-15 22:26:44 - [TEST_STEP][PASSED] - click(findTestObject("Page_Group10 Administration Users Permissions Assign system roles/option_Si Minh (student2email.com)")): Object: 'Object Repository/Page_Group10 Administration Users Permissions Assign system roles/option_Si Minh (student2email.com)' is clicked on

2022-01-15 22:26:45 - [MESSAGE][PASSED] - Object: 'Object Repository/Page_Group10 Administration Users Permissions Assign system roles/option_Si Minh (student2email.com)' is clicked on

2022-01-15 22:26:45 - [TEST_STEP][PASSED] - click(findTestObject("Object Repository/Page_Group10 Administration Users Permissio_fb4295/input_Match the search text anywhere in the_89f7b5")): Object: 'Object Repository/Page_Group10 Administration Users Permissio_fb4295/input_Match the search text anywhere in the_89f7b5' is clicked on

2022-01-15 22:26:46 - [MESSAGE][PASSED] - Object: 'Object Repository/Page_Group10 Administration Users Permissio_fb4295/input_Match the search text anywhere in the_89f7b5' is clicked on

2022-01-15 22:26:46 - [TEST_STEP][PASSED] - click(findTestObject("Object Repository/Page_Group10 Administration Users Accounts _9567d5/span_AU")): Object: 'Object Repository/Page_Group10 Administration Users Accounts _9567d5/span_AU' is clicked on

2022-01-15 22:26:47 - [MESSAGE][PASSED] - Object: 'Object Repository/Page_Group10 Administration Users Accounts _9567d5/span_AU' is clicked on

2022-01-15 22:26:47 - [TEST_STEP][PASSED] - click(findTestObject("Object Repository/Page_Group10 Administration Users Accounts _9567d5/a_Log out")): Object: 'Object Repository/Page_Group10 Administration Users Accounts _9567d5/a_Log out' is clicked on

2022-01-15 22:26:48 - [MESSAGE][PASSED] - Object: 'Object Repository/Page_Group10 Administration Users Accounts _9567d5/a_Log out' is clicked on

2022-01-15 22:26:48 - [TEST_STEP][PASSED] - click(findTestObject("Page_Home page/a_Log in")): Object: 'Object Repository/Page_Home page/a_Log in' is clicked on

2022-01-15 22:26:49 - [MESSAGE][PASSED] - Object: 'Object Repository/Page_Home page/a_Log in' is clicked on

2022-01-15 22:26:49 - [TEST_STEP][PASSED] - setText(findTestObject("Page_Home page Log in to the site/input_Username_username"), "student2"): Text 'student2' is set on object 'Object Repository/Page_Home page Log in to the site/input_Username_username'

2022-01-15 22:26:50 - [MESSAGE][PASSED] - Text 'student2' is set on object 'Object Repository/Page_Home page Log in to the site/input_Username_username'

2022-01-15 22:26:50 - [TEST_STEP][PASSED] - setText(findTestObject("Page_Home page Log in to the site/input_Password_password (1)"), "Group_10"): Text 'Group_10' is set on object 'Object Repository/Page_Home page Log in to the site/input_Password_password (1)'

2022-01-15 22:26:51 - [MESSAGE][PASSED] - Text 'Group_10' is set on object 'Object Repository/Page_Home page Log in to the site/input_Password_password (1)'

2022-01-15 22:26:51 - [TEST_STEP][PASSED] - click(findTestObject("Page_Home page Log in to the site/button_Log in")): Object: 'Object Repository/Page_Home page Log in to the site/button_Log in' is clicked on

2022-01-15 22:26:52 - [MESSAGE][PASSED] - Object: 'Object Repository/Page_Home page Log in to the site/button_Log in' is clicked on

2022-01-15 22:26:52 - [TEST_STEP][PASSED] - click(findTestObject("Self enroll course/a_Home")): Object: 'Object Repository/Self enroll course/a_Home' is clicked on

2022-01-15 22:26:53 - [MESSAGE][PASSED] - Object: 'Object Repository/Self enroll course/a_Home' is clicked on

2022-01-15 22:26:53 - [TEST_STEP][PASSED] - setText(findTestObject("Self enroll course/input_Search courses_q"), "Test automation"): Text 'Test automation' is set on object 'Object Repository/Self enroll course/input_Search courses_q'

2022-01-15 22:26:54 - [MESSAGE][PASSED] - Text 'Test automation' is set on object 'Object Repository/Self enroll course/input_Search courses_q'

2022-01-15 22:26:54 - [TEST_STEP][PASSED] - click(findTestObject("Self enroll course/icon search")): Object: 'Object Repository/Self enroll course/icon search' is clicked on

2022-01-15 22:26:55 - [MESSAGE][PASSED] - Object: 'Object Repository/Self enroll course/icon search' is clicked on

2022-01-15 22:26:55 - [TEST_STEP][PASSED] - click(findTestObject("Self enroll course/a_Test Automation")): Object: 'Object Repository/Self enroll course/a_Test Automation' is clicked on

2022-01-15 22:26:57 - [MESSAGE][PASSED] - Object: 'Object Repository/Self enroll course/a_Test Automation' is clicked on

2022-01-15 22:26:57 - [TEST_STEP][PASSED] - setText(findTestObject("Self enroll course/input_Enrolment key_enrolpassword"), "12345"): Text '12345' is set on object 'Object Repository/Self enroll course/input_Enrolment key_enrolpassword'

2022-01-15 22:26:58 - [MESSAGE][PASSED] - Text '12345' is set on object 'Object Repository/Self enroll course/input_Enrolment key_enrolpassword'

2022-01-15 22:26:58 - [TEST_STEP][PASSED] - click(findTestObject("Self enroll course/input_Enrolment key_submitbutton")): Object: 'Object Repository/Self enroll course/input_Enrolment key_submitbutton' is clicked on

2022-01-15 22:26:59 - [MESSAGE][PASSED] - Object: 'Object Repository/Self enroll course/input_Enrolment key_submitbutton' is clicked on

2022-01-15 22:26:59 - [TEST_STEP][PASSED] - verifyTextPresent("Incorrect enrolment key, please try again", false): Text 'Incorrect enrolment key, please try again' is present on page 

2022-01-15 22:26:59 - [MESSAGE][PASSED] - Text 'Incorrect enrolment key, please try again' is present on page 

2022-01-15 22:26:59 - [TEST_STEP][PASSED] - click(findTestObject("Page_Dashboard/a_NH")): Object: 'Object Repository/Page_Dashboard/a_NH' is clicked on

2022-01-15 22:27:00 - [MESSAGE][PASSED] - Object: 'Object Repository/Page_Dashboard/a_NH' is clicked on

2022-01-15 22:27:00 - [TEST_STEP][PASSED] - click(findTestObject("Page_Dashboard/a_Log out")): Object: 'Object Repository/Page_Dashboard/a_Log out' is clicked on

2022-01-15 22:27:01 - [MESSAGE][PASSED] - Object: 'Object Repository/Page_Dashboard/a_Log out' is clicked on

2022-01-15 22:27:01 - [TEST_STEP][PASSED] - closeBrowser(): Browser is closed

2022-01-15 22:27:02 - [MESSAGE][PASSED] - Browser is closed]]></system-out>
         <system-err><![CDATA[]]></system-err>
      </testcase>
      <testcase name="Test Cases/Enroll in a course with valid key" time="21.835" classname="Test Cases/Enroll in a course with valid key" status="PASSED">
         <system-out><![CDATA[2022-01-15 22:27:02 - [TEST_CASE][PASSED] - Test Cases/Enroll in a course with valid key: Test Cases/Enroll in a course with valid key

2022-01-15 22:27:02 - [TEST_STEP][PASSED] - openBrowser(""): Browser is opened with url: ''

2022-01-15 22:27:02 - [MESSAGE][INFO] - Starting 'Edge Chromium' driver

2022-01-15 22:27:05 - [MESSAGE][INFO] - Action delay is set to 0 milliseconds

2022-01-15 22:27:05 - [MESSAGE][PASSED] - Browser is opened with url: ''

2022-01-15 22:27:05 - [TEST_STEP][PASSED] - navigateToUrl("localhost"): Navigate to 'http://localhost' successfully

2022-01-15 22:27:06 - [MESSAGE][PASSED] - Navigate to 'http://localhost' successfully

2022-01-15 22:27:06 - [TEST_STEP][PASSED] - click(findTestObject("Page_Home page/a_Log in")): Object: 'Object Repository/Page_Home page/a_Log in' is clicked on

2022-01-15 22:27:07 - [MESSAGE][PASSED] - Object: 'Object Repository/Page_Home page/a_Log in' is clicked on

2022-01-15 22:27:07 - [TEST_STEP][PASSED] - setText(findTestObject("Page_Home page Log in to the site/input_Username_username"), "student2"): Text 'student2' is set on object 'Object Repository/Page_Home page Log in to the site/input_Username_username'

2022-01-15 22:27:08 - [MESSAGE][PASSED] - Text 'student2' is set on object 'Object Repository/Page_Home page Log in to the site/input_Username_username'

2022-01-15 22:27:08 - [TEST_STEP][PASSED] - setText(findTestObject("Page_Home page Log in to the site/input_Password_password (1)"), "Group_10"): Text 'Group_10' is set on object 'Object Repository/Page_Home page Log in to the site/input_Password_password (1)'

2022-01-15 22:27:09 - [MESSAGE][PASSED] - Text 'Group_10' is set on object 'Object Repository/Page_Home page Log in to the site/input_Password_password (1)'

2022-01-15 22:27:09 - [TEST_STEP][PASSED] - click(findTestObject("Page_Home page Log in to the site/button_Log in")): Object: 'Object Repository/Page_Home page Log in to the site/button_Log in' is clicked on

2022-01-15 22:27:11 - [MESSAGE][PASSED] - Object: 'Object Repository/Page_Home page Log in to the site/button_Log in' is clicked on

2022-01-15 22:27:11 - [TEST_STEP][PASSED] - click(findTestObject("Self enroll course/a_Home")): Object: 'Object Repository/Self enroll course/a_Home' is clicked on

2022-01-15 22:27:12 - [MESSAGE][PASSED] - Object: 'Object Repository/Self enroll course/a_Home' is clicked on

2022-01-15 22:27:12 - [TEST_STEP][PASSED] - setText(findTestObject("Self enroll course/input_Search courses_q"), "Test automation"): Text 'Test automation' is set on object 'Object Repository/Self enroll course/input_Search courses_q'

2022-01-15 22:27:13 - [MESSAGE][PASSED] - Text 'Test automation' is set on object 'Object Repository/Self enroll course/input_Search courses_q'

2022-01-15 22:27:13 - [TEST_STEP][PASSED] - click(findTestObject("Self enroll course/icon search")): Object: 'Object Repository/Self enroll course/icon search' is clicked on

2022-01-15 22:27:14 - [MESSAGE][PASSED] - Object: 'Object Repository/Self enroll course/icon search' is clicked on

2022-01-15 22:27:14 - [TEST_STEP][PASSED] - click(findTestObject("Self enroll course/a_Test Automation")): Object: 'Object Repository/Self enroll course/a_Test Automation' is clicked on

2022-01-15 22:27:15 - [MESSAGE][PASSED] - Object: 'Object Repository/Self enroll course/a_Test Automation' is clicked on

2022-01-15 22:27:15 - [TEST_STEP][PASSED] - setText(findTestObject("Self enroll course/input_Enrolment key_enrolpassword"), "Group_10"): Text 'Group_10' is set on object 'Object Repository/Self enroll course/input_Enrolment key_enrolpassword'

2022-01-15 22:27:16 - [MESSAGE][PASSED] - Text 'Group_10' is set on object 'Object Repository/Self enroll course/input_Enrolment key_enrolpassword'

2022-01-15 22:27:16 - [TEST_STEP][PASSED] - click(findTestObject("Self enroll course/input_Enrolment key_submitbutton")): Object: 'Object Repository/Self enroll course/input_Enrolment key_submitbutton' is clicked on

2022-01-15 22:27:20 - [MESSAGE][PASSED] - Object: 'Object Repository/Self enroll course/input_Enrolment key_submitbutton' is clicked on

2022-01-15 22:27:20 - [TEST_STEP][PASSED] - verifyTextPresent("You are enrolled in the course.", false): Text 'You are enrolled in the course.' is present on page 

2022-01-15 22:27:21 - [MESSAGE][PASSED] - Text 'You are enrolled in the course.' is present on page 

2022-01-15 22:27:21 - [TEST_STEP][PASSED] - click(findTestObject("Page_Dashboard/a_NH")): Object: 'Object Repository/Page_Dashboard/a_NH' is clicked on

2022-01-15 22:27:22 - [MESSAGE][PASSED] - Object: 'Object Repository/Page_Dashboard/a_NH' is clicked on

2022-01-15 22:27:22 - [TEST_STEP][PASSED] - click(findTestObject("Page_Dashboard/a_Log out")): Object: 'Object Repository/Page_Dashboard/a_Log out' is clicked on

2022-01-15 22:27:23 - [MESSAGE][PASSED] - Object: 'Object Repository/Page_Dashboard/a_Log out' is clicked on

2022-01-15 22:27:23 - [TEST_STEP][PASSED] - closeBrowser(): Browser is closed

2022-01-15 22:27:24 - [MESSAGE][PASSED] - Browser is closed]]></system-out>
         <system-err><![CDATA[]]></system-err>
      </testcase>
      <testcase name="Test Cases/View notification - Student" time="32.988" classname="Test Cases/View notification - Student" status="PASSED">
         <system-out><![CDATA[2022-01-15 22:27:24 - [TEST_CASE][PASSED] - Test Cases/View notification - Student: Test Cases/View notification - Student

2022-01-15 22:27:24 - [TEST_STEP][PASSED] - openBrowser(""): Browser is opened with url: ''

2022-01-15 22:27:24 - [MESSAGE][INFO] - Starting 'Edge Chromium' driver

2022-01-15 22:27:26 - [MESSAGE][INFO] - Action delay is set to 0 milliseconds

2022-01-15 22:27:27 - [MESSAGE][PASSED] - Browser is opened with url: ''

2022-01-15 22:27:27 - [TEST_STEP][PASSED] - navigateToUrl("http://localhost/"): Navigate to 'http://localhost/' successfully

2022-01-15 22:27:28 - [MESSAGE][PASSED] - Navigate to 'http://localhost/' successfully

2022-01-15 22:27:28 - [TEST_STEP][PASSED] - click(findTestObject("Page_Home page/a_Log in")): Object: 'Object Repository/Page_Home page/a_Log in' is clicked on

2022-01-15 22:27:29 - [MESSAGE][PASSED] - Object: 'Object Repository/Page_Home page/a_Log in' is clicked on

2022-01-15 22:27:29 - [TEST_STEP][PASSED] - setText(findTestObject("Page_Home page Log in to the site/input_Username_username"), "student1"): Text 'student1' is set on object 'Object Repository/Page_Home page Log in to the site/input_Username_username'

2022-01-15 22:27:30 - [MESSAGE][PASSED] - Text 'student1' is set on object 'Object Repository/Page_Home page Log in to the site/input_Username_username'

2022-01-15 22:27:30 - [TEST_STEP][PASSED] - setEncryptedText(findTestObject("Page_Home page Log in to the site/input_Password_password (1)"), "OFhcon1PzObx3ErJAwGfGA=="): Text ****** has been set on object 'Object Repository/Page_Home page Log in to the site/input_Password_password (1)'

2022-01-15 22:27:31 - [MESSAGE][PASSED] - Text ****** has been set on object 'Object Repository/Page_Home page Log in to the site/input_Password_password (1)'

2022-01-15 22:27:31 - [TEST_STEP][PASSED] - click(findTestObject("Page_Home page Log in to the site/button_Log in")): Object: 'Object Repository/Page_Home page Log in to the site/button_Log in' is clicked on

2022-01-15 22:27:32 - [MESSAGE][PASSED] - Object: 'Object Repository/Page_Home page Log in to the site/button_Log in' is clicked on

2022-01-15 22:27:32 - [TEST_STEP][PASSED] - click(findTestObject("View notification/icon_notification_menu")): Object: 'Object Repository/View notification/icon_notification_menu' is clicked on

2022-01-15 22:27:34 - [MESSAGE][PASSED] - Object: 'Object Repository/View notification/icon_notification_menu' is clicked on

2022-01-15 22:27:34 - [TEST_STEP][PASSED] - click(findTestObject("View notification/icon_setting")): Object: 'Object Repository/View notification/icon_setting' is clicked on

2022-01-15 22:27:35 - [MESSAGE][PASSED] - Object: 'Object Repository/View notification/icon_setting' is clicked on

2022-01-15 22:27:35 - [TEST_STEP][PASSED] - click(findTestObject("View notification/switch_off_on")): Object: 'Object Repository/View notification/switch_off_on' is clicked on

2022-01-15 22:27:36 - [MESSAGE][PASSED] - Object: 'Object Repository/View notification/switch_off_on' is clicked on

2022-01-15 22:27:36 - [TEST_STEP][PASSED] - click(findTestObject("Page_Dashboard/a_My courses (1)")): Object: 'Object Repository/Page_Dashboard/a_My courses (1)' is clicked on

2022-01-15 22:27:37 - [MESSAGE][PASSED] - Object: 'Object Repository/Page_Dashboard/a_My courses (1)' is clicked on

2022-01-15 22:27:37 - [TEST_STEP][PASSED] - click(findTestObject("Object Repository/Page_My courses/span_Test Automation")): Object: 'Object Repository/Page_My courses/span_Test Automation' is clicked on

2022-01-15 22:27:39 - [MESSAGE][PASSED] - Object: 'Object Repository/Page_My courses/span_Test Automation' is clicked on

2022-01-15 22:27:39 - [TEST_STEP][PASSED] - click(findTestObject("Object Repository/Page_Course Test Automation/a_Homework 1  Assignment")): Object: 'Object Repository/Page_Course Test Automation/a_Homework 1  Assignment' is clicked on

2022-01-15 22:27:40 - [MESSAGE][PASSED] - Object: 'Object Repository/Page_Course Test Automation/a_Homework 1  Assignment' is clicked on

2022-01-15 22:27:40 - [TEST_STEP][PASSED] - click(findTestObject("Object Repository/Page_TA Homework 1/button_Edit submission")): Object: 'Object Repository/Page_TA Homework 1/button_Edit submission' is clicked on

2022-01-15 22:27:42 - [MESSAGE][PASSED] - Object: 'Object Repository/Page_TA Homework 1/button_Edit submission' is clicked on

2022-01-15 22:27:42 - [TEST_STEP][PASSED] - setText(findTestObject("Object Repository/Page_TA Homework 1 - Edit submission/div_Test homework1"), "Test homework1"): Text 'Test homework1' is set on object 'Object Repository/Page_TA Homework 1 - Edit submission/div_Test homework1'

2022-01-15 22:27:44 - [MESSAGE][PASSED] - Text 'Test homework1' is set on object 'Object Repository/Page_TA Homework 1 - Edit submission/div_Test homework1'

2022-01-15 22:27:44 - [TEST_STEP][PASSED] - click(findTestObject("Object Repository/Page_TA Homework 1 - Edit submission/input_Loading_submitbutton")): Object: 'Object Repository/Page_TA Homework 1 - Edit submission/input_Loading_submitbutton' is clicked on

2022-01-15 22:27:52 - [MESSAGE][PASSED] - Object: 'Object Repository/Page_TA Homework 1 - Edit submission/input_Loading_submitbutton' is clicked on

2022-01-15 22:27:52 - [TEST_STEP][PASSED] - click(findTestObject("Object Repository/Page_TA Homework 1/i_My courses_icon fa fa-bell-o fa-fw")): Object: 'Object Repository/Page_TA Homework 1/i_My courses_icon fa fa-bell-o fa-fw' is clicked on

2022-01-15 22:27:52 - [MESSAGE][PASSED] - Object: 'Object Repository/Page_TA Homework 1/i_My courses_icon fa fa-bell-o fa-fw' is clicked on

2022-01-15 22:27:52 - [TEST_STEP][PASSED] - click(findTestObject("Object Repository/Page_TA Homework 1/div_You have submitted your assignment subm_a37a40")): Object: 'Object Repository/Page_TA Homework 1/div_You have submitted your assignment subm_a37a40' is clicked on

2022-01-15 22:27:54 - [MESSAGE][PASSED] - Object: 'Object Repository/Page_TA Homework 1/div_You have submitted your assignment subm_a37a40' is clicked on

2022-01-15 22:27:54 - [TEST_STEP][PASSED] - click(findTestObject("Object Repository/Page_TA Homework 1/a_NH")): Object: 'Object Repository/Page_TA Homework 1/a_NH' is clicked on

2022-01-15 22:27:54 - [MESSAGE][PASSED] - Object: 'Object Repository/Page_TA Homework 1/a_NH' is clicked on

2022-01-15 22:27:54 - [TEST_STEP][PASSED] - click(findTestObject("Object Repository/Page_TA Homework 1/a_Log out")): Object: 'Object Repository/Page_TA Homework 1/a_Log out' is clicked on

2022-01-15 22:27:56 - [MESSAGE][PASSED] - Object: 'Object Repository/Page_TA Homework 1/a_Log out' is clicked on

2022-01-15 22:27:56 - [TEST_STEP][PASSED] - closeBrowser(): Browser is closed

2022-01-15 22:27:57 - [MESSAGE][PASSED] - Browser is closed]]></system-out>
         <system-err><![CDATA[]]></system-err>
      </testcase>
      <testcase name="Test Cases/View event on calendar - Student" time="15.439" classname="Test Cases/View event on calendar - Student" status="PASSED">
         <system-out><![CDATA[2022-01-15 22:27:57 - [TEST_CASE][PASSED] - Test Cases/View event on calendar - Student: Test Cases/View event on calendar - Student

2022-01-15 22:27:57 - [TEST_STEP][PASSED] - openBrowser(""): Browser is opened with url: ''

2022-01-15 22:27:57 - [MESSAGE][INFO] - Starting 'Edge Chromium' driver

2022-01-15 22:27:59 - [MESSAGE][INFO] - Action delay is set to 0 milliseconds

2022-01-15 22:28:00 - [MESSAGE][PASSED] - Browser is opened with url: ''

2022-01-15 22:28:00 - [TEST_STEP][PASSED] - navigateToUrl("http://localhost/"): Navigate to 'http://localhost/' successfully

2022-01-15 22:28:01 - [MESSAGE][PASSED] - Navigate to 'http://localhost/' successfully

2022-01-15 22:28:01 - [TEST_STEP][PASSED] - click(findTestObject("Object Repository/Page_Home page/a_Log in")): Object: 'Object Repository/Page_Home page/a_Log in' is clicked on

2022-01-15 22:28:03 - [MESSAGE][PASSED] - Object: 'Object Repository/Page_Home page/a_Log in' is clicked on

2022-01-15 22:28:03 - [TEST_STEP][PASSED] - setText(findTestObject("Object Repository/Page_Home page Log in to the site/input_Username_username"), "student1"): Text 'student1' is set on object 'Object Repository/Page_Home page Log in to the site/input_Username_username'

2022-01-15 22:28:04 - [MESSAGE][PASSED] - Text 'student1' is set on object 'Object Repository/Page_Home page Log in to the site/input_Username_username'

2022-01-15 22:28:04 - [TEST_STEP][PASSED] - setEncryptedText(findTestObject("Page_Home page Log in to the site/input_Password_password (1)"), "OFhcon1PzObx3ErJAwGfGA=="): Text ****** has been set on object 'Object Repository/Page_Home page Log in to the site/input_Password_password (1)'

2022-01-15 22:28:04 - [MESSAGE][PASSED] - Text ****** has been set on object 'Object Repository/Page_Home page Log in to the site/input_Password_password (1)'

2022-01-15 22:28:04 - [TEST_STEP][PASSED] - click(findTestObject("Object Repository/Page_Home page Log in to the site/button_Log in")): Object: 'Object Repository/Page_Home page Log in to the site/button_Log in' is clicked on

2022-01-15 22:28:06 - [MESSAGE][PASSED] - Object: 'Object Repository/Page_Home page Log in to the site/button_Log in' is clicked on

2022-01-15 22:28:06 - [TEST_STEP][PASSED] - click(findTestObject("Object Repository/Page_Dashboard/span_19")): Object: 'Object Repository/Page_Dashboard/span_19' is clicked on

2022-01-15 22:28:08 - [MESSAGE][PASSED] - Object: 'Object Repository/Page_Dashboard/span_19' is clicked on

2022-01-15 22:28:08 - [TEST_STEP][PASSED] - click(findTestObject("Object Repository/Page_Group10 Calendar Day view Wednesday, 1_465f57/a_Go to activity")): Object: 'Object Repository/Page_Group10 Calendar Day view Wednesday, 1_465f57/a_Go to activity' is clicked on

2022-01-15 22:28:09 - [MESSAGE][PASSED] - Object: 'Object Repository/Page_Group10 Calendar Day view Wednesday, 1_465f57/a_Go to activity' is clicked on

2022-01-15 22:28:09 - [TEST_STEP][PASSED] - click(findTestObject("Object Repository/Page_TA Homework 1/a_NH")): Object: 'Object Repository/Page_TA Homework 1/a_NH' is clicked on

2022-01-15 22:28:10 - [MESSAGE][PASSED] - Object: 'Object Repository/Page_TA Homework 1/a_NH' is clicked on

2022-01-15 22:28:10 - [TEST_STEP][PASSED] - click(findTestObject("Object Repository/Page_TA Homework 1/a_Log out")): Object: 'Object Repository/Page_TA Homework 1/a_Log out' is clicked on

2022-01-15 22:28:11 - [MESSAGE][PASSED] - Object: 'Object Repository/Page_TA Homework 1/a_Log out' is clicked on

2022-01-15 22:28:11 - [TEST_STEP][PASSED] - closeBrowser(): Browser is closed

2022-01-15 22:28:12 - [MESSAGE][PASSED] - Browser is closed]]></system-out>
         <system-err><![CDATA[]]></system-err>
      </testcase>
      <testcase name="Test Cases/Chatting - Student" time="25.679" classname="Test Cases/Chatting - Student" status="PASSED">
         <system-out><![CDATA[2022-01-15 22:28:12 - [TEST_CASE][PASSED] - Test Cases/Chatting - Student: Test Cases/Chatting - Student

2022-01-15 22:28:12 - [TEST_STEP][PASSED] - openBrowser(""): Browser is opened with url: ''

2022-01-15 22:28:12 - [MESSAGE][INFO] - Starting 'Edge Chromium' driver

2022-01-15 22:28:15 - [MESSAGE][INFO] - Action delay is set to 0 milliseconds

2022-01-15 22:28:16 - [MESSAGE][PASSED] - Browser is opened with url: ''

2022-01-15 22:28:16 - [TEST_STEP][PASSED] - navigateToUrl("http://localhost/"): Navigate to 'http://localhost/' successfully

2022-01-15 22:28:16 - [MESSAGE][PASSED] - Navigate to 'http://localhost/' successfully

2022-01-15 22:28:16 - [TEST_STEP][PASSED] - click(findTestObject("Object Repository/Page_Home page/a_Log in")): Object: 'Object Repository/Page_Home page/a_Log in' is clicked on

2022-01-15 22:28:17 - [MESSAGE][PASSED] - Object: 'Object Repository/Page_Home page/a_Log in' is clicked on

2022-01-15 22:28:17 - [TEST_STEP][PASSED] - setText(findTestObject("Object Repository/Page_Home page Log in to the site/input_Username_username"), "student1"): Text 'student1' is set on object 'Object Repository/Page_Home page Log in to the site/input_Username_username'

2022-01-15 22:28:18 - [MESSAGE][PASSED] - Text 'student1' is set on object 'Object Repository/Page_Home page Log in to the site/input_Username_username'

2022-01-15 22:28:18 - [TEST_STEP][PASSED] - setEncryptedText(findTestObject("Page_Home page Log in to the site/input_Password_password (1)"), "OFhcon1PzObx3ErJAwGfGA=="): Text ****** has been set on object 'Object Repository/Page_Home page Log in to the site/input_Password_password (1)'

2022-01-15 22:28:19 - [MESSAGE][PASSED] - Text ****** has been set on object 'Object Repository/Page_Home page Log in to the site/input_Password_password (1)'

2022-01-15 22:28:19 - [TEST_STEP][PASSED] - click(findTestObject("Object Repository/Page_Home page Log in to the site/button_Log in")): Object: 'Object Repository/Page_Home page Log in to the site/button_Log in' is clicked on

2022-01-15 22:28:21 - [MESSAGE][PASSED] - Object: 'Object Repository/Page_Home page Log in to the site/button_Log in' is clicked on

2022-01-15 22:28:21 - [TEST_STEP][PASSED] - click(findTestObject("Page_Dashboard/i_See all_icon fa fa-comment-o fa-fw")): Object: 'Object Repository/Page_Dashboard/i_See all_icon fa fa-comment-o fa-fw' is clicked on

2022-01-15 22:28:22 - [MESSAGE][PASSED] - Object: 'Object Repository/Page_Dashboard/i_See all_icon fa fa-comment-o fa-fw' is clicked on

2022-01-15 22:28:22 - [TEST_STEP][PASSED] - setText(findTestObject("Object Repository/Page_Dashboard/input_Messages selected_form-control"), "Nguyen Nga"): Text 'Nguyen Nga' is set on object 'Object Repository/Page_Dashboard/input_Messages selected_form-control'

2022-01-15 22:28:23 - [MESSAGE][PASSED] - Text 'Nguyen Nga' is set on object 'Object Repository/Page_Dashboard/input_Messages selected_form-control'

2022-01-15 22:28:23 - [TEST_STEP][PASSED] - click(findTestObject("Object Repository/Page_Dashboard/i_Messages selected_icon fa fa-search fa-fw")): Object: 'Object Repository/Page_Dashboard/i_Messages selected_icon fa fa-search fa-fw' is clicked on

2022-01-15 22:28:24 - [MESSAGE][PASSED] - Object: 'Object Repository/Page_Dashboard/i_Messages selected_icon fa fa-search fa-fw' is clicked on

2022-01-15 22:28:24 - [TEST_STEP][PASSED] - click(findTestObject("Object Repository/Page_Dashboard/span_Nguyen Nga")): Object: 'Object Repository/Page_Dashboard/span_Nguyen Nga' is clicked on

2022-01-15 22:28:25 - [MESSAGE][PASSED] - Object: 'Object Repository/Page_Dashboard/span_Nguyen Nga' is clicked on

2022-01-15 22:28:25 - [TEST_STEP][PASSED] - setText(findTestObject("Object Repository/Page_Dashboard/textarea_Use enter to send_yui_3_17_2_1_164_f666ba"), "Em chào cô ạ"): Text 'Em chào cô ạ' is set on object 'Object Repository/Page_Dashboard/textarea_Use enter to send_yui_3_17_2_1_164_f666ba'

2022-01-15 22:28:26 - [MESSAGE][PASSED] - Text 'Em chào cô ạ' is set on object 'Object Repository/Page_Dashboard/textarea_Use enter to send_yui_3_17_2_1_164_f666ba'

2022-01-15 22:28:26 - [TEST_STEP][PASSED] - click(findTestObject("Object Repository/Page_Dashboard/i__icon fa fa-paper-plane fa-fw")): Object: 'Object Repository/Page_Dashboard/i__icon fa fa-paper-plane fa-fw' is clicked on

2022-01-15 22:28:26 - [MESSAGE][PASSED] - Object: 'Object Repository/Page_Dashboard/i__icon fa fa-paper-plane fa-fw' is clicked on

2022-01-15 22:28:26 - [TEST_STEP][PASSED] - click(findTestObject("Object Repository/Page_Dashboard/a_NH")): Object: 'Object Repository/Page_Dashboard/a_NH' is clicked on

2022-01-15 22:28:27 - [MESSAGE][PASSED] - Object: 'Object Repository/Page_Dashboard/a_NH' is clicked on

2022-01-15 22:28:27 - [TEST_STEP][PASSED] - click(findTestObject("Page_Dashboard/a_Log out")): Object: 'Object Repository/Page_Dashboard/a_Log out' is clicked on

2022-01-15 22:28:28 - [MESSAGE][PASSED] - Object: 'Object Repository/Page_Dashboard/a_Log out' is clicked on

2022-01-15 22:28:28 - [TEST_STEP][PASSED] - click(findTestObject("Object Repository/Page_Home page/a_Log in")): Object: 'Object Repository/Page_Home page/a_Log in' is clicked on

2022-01-15 22:28:29 - [MESSAGE][PASSED] - Object: 'Object Repository/Page_Home page/a_Log in' is clicked on

2022-01-15 22:28:29 - [TEST_STEP][PASSED] - setText(findTestObject("Object Repository/Page_Home page Log in to the site/input_Username_username"), "coursecreator1"): Text 'coursecreator1' is set on object 'Object Repository/Page_Home page Log in to the site/input_Username_username'

2022-01-15 22:28:30 - [MESSAGE][PASSED] - Text 'coursecreator1' is set on object 'Object Repository/Page_Home page Log in to the site/input_Username_username'

2022-01-15 22:28:30 - [TEST_STEP][PASSED] - setEncryptedText(findTestObject("Page_Home page Log in to the site/input_Password_password (1)"), "OFhcon1PzObx3ErJAwGfGA=="): Text ****** has been set on object 'Object Repository/Page_Home page Log in to the site/input_Password_password (1)'

2022-01-15 22:28:30 - [MESSAGE][PASSED] - Text ****** has been set on object 'Object Repository/Page_Home page Log in to the site/input_Password_password (1)'

2022-01-15 22:28:30 - [TEST_STEP][PASSED] - click(findTestObject("Object Repository/Page_Home page Log in to the site/button_Log in")): Object: 'Object Repository/Page_Home page Log in to the site/button_Log in' is clicked on

2022-01-15 22:28:32 - [MESSAGE][PASSED] - Object: 'Object Repository/Page_Home page Log in to the site/button_Log in' is clicked on

2022-01-15 22:28:32 - [TEST_STEP][PASSED] - click(findTestObject("Object Repository/Page_Dashboard/i_See all_icon fa fa-comment-o fa-fw")): Object: 'Object Repository/Page_Dashboard/i_See all_icon fa fa-comment-o fa-fw' is clicked on

2022-01-15 22:28:33 - [MESSAGE][PASSED] - Object: 'Object Repository/Page_Dashboard/i_See all_icon fa fa-comment-o fa-fw' is clicked on

2022-01-15 22:28:33 - [TEST_STEP][PASSED] - click(findTestObject("Object Repository/Page_Dashboard/strong_Nguyen Hoa")): Object: 'Object Repository/Page_Dashboard/strong_Nguyen Hoa' is clicked on

2022-01-15 22:28:33 - [MESSAGE][PASSED] - Object: 'Object Repository/Page_Dashboard/strong_Nguyen Hoa' is clicked on

2022-01-15 22:28:33 - [TEST_STEP][PASSED] - setText(findTestObject("Object Repository/Page_Dashboard/textarea_Use enter to send_yui_3_17_2_1_164_f0879e"), "Cô chào em"): Text 'Cô chào em' is set on object 'Object Repository/Page_Dashboard/textarea_Use enter to send_yui_3_17_2_1_164_f0879e'

2022-01-15 22:28:35 - [MESSAGE][PASSED] - Text 'Cô chào em' is set on object 'Object Repository/Page_Dashboard/textarea_Use enter to send_yui_3_17_2_1_164_f0879e'

2022-01-15 22:28:35 - [TEST_STEP][PASSED] - click(findTestObject("Object Repository/Page_Dashboard/i__icon fa fa-paper-plane fa-fw_1")): Object: 'Object Repository/Page_Dashboard/i__icon fa fa-paper-plane fa-fw_1' is clicked on

2022-01-15 22:28:35 - [MESSAGE][PASSED] - Object: 'Object Repository/Page_Dashboard/i__icon fa fa-paper-plane fa-fw_1' is clicked on

2022-01-15 22:28:35 - [TEST_STEP][PASSED] - click(findTestObject("Object Repository/Page_Dashboard/a_NN")): Object: 'Object Repository/Page_Dashboard/a_NN' is clicked on

2022-01-15 22:28:36 - [MESSAGE][PASSED] - Object: 'Object Repository/Page_Dashboard/a_NN' is clicked on

2022-01-15 22:28:36 - [TEST_STEP][PASSED] - click(findTestObject("Page_Dashboard/a_Log out")): Object: 'Object Repository/Page_Dashboard/a_Log out' is clicked on

2022-01-15 22:28:37 - [MESSAGE][PASSED] - Object: 'Object Repository/Page_Dashboard/a_Log out' is clicked on

2022-01-15 22:28:37 - [TEST_STEP][PASSED] - closeBrowser(): Browser is closed

2022-01-15 22:28:38 - [MESSAGE][PASSED] - Browser is closed]]></system-out>
         <system-err><![CDATA[]]></system-err>
      </testcase>
      <testcase name="Test Cases/Take the quiz on time - Student" time="143.843" classname="Test Cases/Take the quiz on time - Student" status="PASSED">
         <system-out><![CDATA[2022-01-15 22:28:38 - [TEST_CASE][PASSED] - Test Cases/Take the quiz on time - Student: Test Cases/Take the quiz on time - Student

2022-01-15 22:28:38 - [TEST_STEP][PASSED] - openBrowser(""): Browser is opened with url: ''

2022-01-15 22:28:38 - [MESSAGE][INFO] - Starting 'Edge Chromium' driver

2022-01-15 22:28:40 - [MESSAGE][INFO] - Action delay is set to 0 milliseconds

2022-01-15 22:28:41 - [MESSAGE][PASSED] - Browser is opened with url: ''

2022-01-15 22:28:41 - [TEST_STEP][PASSED] - navigateToUrl("http://localhost/"): Navigate to 'http://localhost/' successfully

2022-01-15 22:28:42 - [MESSAGE][PASSED] - Navigate to 'http://localhost/' successfully

2022-01-15 22:28:42 - [TEST_STEP][PASSED] - click(findTestObject("Object Repository/Page_Home page/a_Log in")): Object: 'Object Repository/Page_Home page/a_Log in' is clicked on

2022-01-15 22:28:43 - [MESSAGE][PASSED] - Object: 'Object Repository/Page_Home page/a_Log in' is clicked on

2022-01-15 22:28:43 - [TEST_STEP][PASSED] - setText(findTestObject("Object Repository/Page_Home page Log in to the site/input_Username_username"), "student1"): Text 'student1' is set on object 'Object Repository/Page_Home page Log in to the site/input_Username_username'

2022-01-15 22:28:44 - [MESSAGE][PASSED] - Text 'student1' is set on object 'Object Repository/Page_Home page Log in to the site/input_Username_username'

2022-01-15 22:28:44 - [TEST_STEP][PASSED] - setEncryptedText(findTestObject("Page_Home page Log in to the site/input_Password_password (1)"), "OFhcon1PzObx3ErJAwGfGA=="): Text ****** has been set on object 'Object Repository/Page_Home page Log in to the site/input_Password_password (1)'

2022-01-15 22:28:44 - [MESSAGE][PASSED] - Text ****** has been set on object 'Object Repository/Page_Home page Log in to the site/input_Password_password (1)'

2022-01-15 22:28:44 - [TEST_STEP][PASSED] - click(findTestObject("Object Repository/Page_Home page Log in to the site/button_Log in")): Object: 'Object Repository/Page_Home page Log in to the site/button_Log in' is clicked on

2022-01-15 22:28:46 - [MESSAGE][PASSED] - Object: 'Object Repository/Page_Home page Log in to the site/button_Log in' is clicked on

2022-01-15 22:28:46 - [TEST_STEP][PASSED] - click(findTestObject("Page_Group10 Administration Users Accounts _c9beb9/a_My courses")): Object: 'Object Repository/Page_Group10 Administration Users Accounts _c9beb9/a_My courses' is clicked on

2022-01-15 22:28:48 - [MESSAGE][PASSED] - Object: 'Object Repository/Page_Group10 Administration Users Accounts _c9beb9/a_My courses' is clicked on

2022-01-15 22:28:48 - [TEST_STEP][PASSED] - click(findTestObject("Object Repository/Page_My courses/span_Test Automation")): Object: 'Object Repository/Page_My courses/span_Test Automation' is clicked on

2022-01-15 22:28:50 - [MESSAGE][PASSED] - Object: 'Object Repository/Page_My courses/span_Test Automation' is clicked on

2022-01-15 22:28:50 - [TEST_STEP][PASSED] - click(findTestObject("Object Repository/Page_Course Test Automation/a_Quiz1")): Object: 'Object Repository/Page_Course Test Automation/a_Quiz1' is clicked on

2022-01-15 22:28:51 - [MESSAGE][PASSED] - Object: 'Object Repository/Page_Course Test Automation/a_Quiz1' is clicked on

2022-01-15 22:28:51 - [TEST_STEP][PASSED] - click(findTestObject("Object Repository/Page_TA Quiz1/a_Attempt quiz")): Object: 'Object Repository/Page_TA Quiz1/a_Attempt quiz' is clicked on

2022-01-15 22:28:52 - [MESSAGE][PASSED] - Object: 'Object Repository/Page_TA Quiz1/a_Attempt quiz' is clicked on

2022-01-15 22:28:52 - [TEST_STEP][PASSED] - click(findTestObject("Object Repository/Page_Quiz1/input_Time limit_submitbutton")): Object: 'Object Repository/Page_Quiz1/input_Time limit_submitbutton' is clicked on

2022-01-15 22:28:54 - [MESSAGE][PASSED] - Object: 'Object Repository/Page_Quiz1/input_Time limit_submitbutton' is clicked on

2022-01-15 22:28:54 - [TEST_STEP][PASSED] - click(findTestObject("Object Repository/Page_Quiz1/label_True")): Object: 'Object Repository/Page_Quiz1/label_True' is clicked on

2022-01-15 22:29:24 - [MESSAGE][PASSED] - Object: 'Object Repository/Page_Quiz1/label_True' is clicked on

2022-01-15 22:29:24 - [TEST_STEP][PASSED] - click(findTestObject("Page_TA Quiz1/finish attempt new")): Object: 'Object Repository/Page_TA Quiz1/finish attempt new' is clicked on

2022-01-15 22:29:55 - [MESSAGE][PASSED] - Object: 'Object Repository/Page_TA Quiz1/finish attempt new' is clicked on

2022-01-15 22:29:55 - [TEST_STEP][PASSED] - click(findTestObject("Object Repository/Page_Quiz1 Attempt summary/button_Submit all and finish")): Object: 'Object Repository/Page_Quiz1 Attempt summary/button_Submit all and finish' is clicked on

2022-01-15 22:30:26 - [MESSAGE][PASSED] - Object: 'Object Repository/Page_Quiz1 Attempt summary/button_Submit all and finish' is clicked on

2022-01-15 22:30:26 - [TEST_STEP][PASSED] - click(findTestObject("Object Repository/Page_Quiz1 Attempt summary/input_Once you submit, you will no longer b_5f1420")): Object: 'Object Repository/Page_Quiz1 Attempt summary/input_Once you submit, you will no longer b_5f1420' is clicked on

2022-01-15 22:30:57 - [MESSAGE][PASSED] - Object: 'Object Repository/Page_Quiz1 Attempt summary/input_Once you submit, you will no longer b_5f1420' is clicked on

2022-01-15 22:30:57 - [TEST_STEP][PASSED] - click(findTestObject("Object Repository/Page_Quiz1 Attempt review/a_Finish review")): Object: 'Object Repository/Page_Quiz1 Attempt review/a_Finish review' is clicked on

2022-01-15 22:30:58 - [MESSAGE][PASSED] - Object: 'Object Repository/Page_Quiz1 Attempt review/a_Finish review' is clicked on

2022-01-15 22:30:58 - [TEST_STEP][PASSED] - click(findTestObject("Object Repository/Page_TA Quiz1/a_NH")): Object: 'Object Repository/Page_TA Quiz1/a_NH' is clicked on

2022-01-15 22:30:59 - [MESSAGE][PASSED] - Object: 'Object Repository/Page_TA Quiz1/a_NH' is clicked on

2022-01-15 22:30:59 - [TEST_STEP][PASSED] - click(findTestObject("Object Repository/Page_TA Quiz1/a_Log out")): Object: 'Object Repository/Page_TA Quiz1/a_Log out' is clicked on

2022-01-15 22:31:01 - [MESSAGE][PASSED] - Object: 'Object Repository/Page_TA Quiz1/a_Log out' is clicked on

2022-01-15 22:31:01 - [TEST_STEP][PASSED] - closeBrowser(): Browser is closed

2022-01-15 22:31:02 - [MESSAGE][PASSED] - Browser is closed]]></system-out>
         <system-err><![CDATA[]]></system-err>
      </testcase>
      <testcase name="Test Cases/Take the quiz late - Student" time="19.091" classname="Test Cases/Take the quiz late - Student" status="PASSED">
         <system-out><![CDATA[2022-01-15 22:31:02 - [TEST_CASE][PASSED] - Test Cases/Take the quiz late - Student: Test Cases/Take the quiz late - Student

2022-01-15 22:31:02 - [TEST_STEP][PASSED] - openBrowser(""): Browser is opened with url: ''

2022-01-15 22:31:02 - [MESSAGE][INFO] - Starting 'Edge Chromium' driver

2022-01-15 22:31:04 - [MESSAGE][INFO] - Action delay is set to 0 milliseconds

2022-01-15 22:31:05 - [MESSAGE][PASSED] - Browser is opened with url: ''

2022-01-15 22:31:05 - [TEST_STEP][PASSED] - navigateToUrl("http://localhost/"): Navigate to 'http://localhost/' successfully

2022-01-15 22:31:06 - [MESSAGE][PASSED] - Navigate to 'http://localhost/' successfully

2022-01-15 22:31:06 - [TEST_STEP][PASSED] - click(findTestObject("Object Repository/Page_Home page/a_Log in")): Object: 'Object Repository/Page_Home page/a_Log in' is clicked on

2022-01-15 22:31:07 - [MESSAGE][PASSED] - Object: 'Object Repository/Page_Home page/a_Log in' is clicked on

2022-01-15 22:31:07 - [TEST_STEP][PASSED] - setText(findTestObject("Object Repository/Page_Home page Log in to the site/input_Username_username"), "student1"): Text 'student1' is set on object 'Object Repository/Page_Home page Log in to the site/input_Username_username'

2022-01-15 22:31:08 - [MESSAGE][PASSED] - Text 'student1' is set on object 'Object Repository/Page_Home page Log in to the site/input_Username_username'

2022-01-15 22:31:08 - [TEST_STEP][PASSED] - setEncryptedText(findTestObject("Page_Home page Log in to the site/input_Password_password (1)"), "OFhcon1PzObx3ErJAwGfGA=="): Text ****** has been set on object 'Object Repository/Page_Home page Log in to the site/input_Password_password (1)'

2022-01-15 22:31:09 - [MESSAGE][PASSED] - Text ****** has been set on object 'Object Repository/Page_Home page Log in to the site/input_Password_password (1)'

2022-01-15 22:31:09 - [TEST_STEP][PASSED] - click(findTestObject("Object Repository/Page_Home page Log in to the site/button_Log in")): Object: 'Object Repository/Page_Home page Log in to the site/button_Log in' is clicked on

2022-01-15 22:31:10 - [MESSAGE][PASSED] - Object: 'Object Repository/Page_Home page Log in to the site/button_Log in' is clicked on

2022-01-15 22:31:10 - [TEST_STEP][PASSED] - click(findTestObject("Page_Group10 Administration Users Accounts _9567d5/a_My courses")): Object: 'Object Repository/Page_Group10 Administration Users Accounts _9567d5/a_My courses' is clicked on

2022-01-15 22:31:12 - [MESSAGE][PASSED] - Object: 'Object Repository/Page_Group10 Administration Users Accounts _9567d5/a_My courses' is clicked on

2022-01-15 22:31:12 - [TEST_STEP][PASSED] - click(findTestObject("Object Repository/Page_My courses/span_Test Automation")): Object: 'Object Repository/Page_My courses/span_Test Automation' is clicked on

2022-01-15 22:31:13 - [MESSAGE][PASSED] - Object: 'Object Repository/Page_My courses/span_Test Automation' is clicked on

2022-01-15 22:31:13 - [TEST_STEP][PASSED] - click(findTestObject("Object Repository/Page_Course Test Automation/a_Quiz2")): Object: 'Object Repository/Page_Course Test Automation/a_Quiz2' is clicked on

2022-01-15 22:31:16 - [MESSAGE][PASSED] - Object: 'Object Repository/Page_Course Test Automation/a_Quiz2' is clicked on

2022-01-15 22:31:16 - [TEST_STEP][PASSED] - click(findTestObject("Object Repository/Page_TA Quiz2/a_Attempt quiz")): Object: 'Object Repository/Page_TA Quiz2/a_Attempt quiz' is clicked on

2022-01-15 22:31:17 - [MESSAGE][PASSED] - Object: 'Object Repository/Page_TA Quiz2/a_Attempt quiz' is clicked on

2022-01-15 22:31:17 - [TEST_STEP][PASSED] - click(findTestObject("Object Repository/Page_Error/button_Continue")): Object: 'Object Repository/Page_Error/button_Continue' is clicked on

2022-01-15 22:31:18 - [MESSAGE][PASSED] - Object: 'Object Repository/Page_Error/button_Continue' is clicked on

2022-01-15 22:31:18 - [TEST_STEP][PASSED] - click(findTestObject("Object Repository/Page_TA Quiz2/a_NH")): Object: 'Object Repository/Page_TA Quiz2/a_NH' is clicked on

2022-01-15 22:31:19 - [MESSAGE][PASSED] - Object: 'Object Repository/Page_TA Quiz2/a_NH' is clicked on

2022-01-15 22:31:19 - [TEST_STEP][PASSED] - click(findTestObject("Object Repository/Page_TA Quiz2/a_Log out")): Object: 'Object Repository/Page_TA Quiz2/a_Log out' is clicked on

2022-01-15 22:31:20 - [MESSAGE][PASSED] - Object: 'Object Repository/Page_TA Quiz2/a_Log out' is clicked on

2022-01-15 22:31:20 - [TEST_STEP][PASSED] - closeBrowser(): Browser is closed

2022-01-15 22:31:21 - [MESSAGE][PASSED] - Browser is closed]]></system-out>
         <system-err><![CDATA[]]></system-err>
      </testcase>
      <testcase name="Test Cases/Review quizz result - Student" time="17.588" classname="Test Cases/Review quizz result - Student" status="PASSED">
         <system-out><![CDATA[2022-01-15 22:31:21 - [TEST_CASE][PASSED] - Test Cases/Review quizz result - Student: Test Cases/Review quizz result - Student

2022-01-15 22:31:21 - [TEST_STEP][PASSED] - openBrowser(""): Browser is opened with url: ''

2022-01-15 22:31:21 - [MESSAGE][INFO] - Starting 'Edge Chromium' driver

2022-01-15 22:31:23 - [MESSAGE][INFO] - Action delay is set to 0 milliseconds

2022-01-15 22:31:24 - [MESSAGE][PASSED] - Browser is opened with url: ''

2022-01-15 22:31:24 - [TEST_STEP][PASSED] - navigateToUrl("http://localhost/"): Navigate to 'http://localhost/' successfully

2022-01-15 22:31:25 - [MESSAGE][PASSED] - Navigate to 'http://localhost/' successfully

2022-01-15 22:31:25 - [TEST_STEP][PASSED] - click(findTestObject("Page_Home page/a_Log in")): Object: 'Object Repository/Page_Home page/a_Log in' is clicked on

2022-01-15 22:31:26 - [MESSAGE][PASSED] - Object: 'Object Repository/Page_Home page/a_Log in' is clicked on

2022-01-15 22:31:26 - [TEST_STEP][PASSED] - setText(findTestObject("Page_Home page Log in to the site/input_Username_username"), "student1"): Text 'student1' is set on object 'Object Repository/Page_Home page Log in to the site/input_Username_username'

2022-01-15 22:31:27 - [MESSAGE][PASSED] - Text 'student1' is set on object 'Object Repository/Page_Home page Log in to the site/input_Username_username'

2022-01-15 22:31:27 - [TEST_STEP][PASSED] - setEncryptedText(findTestObject("Page_Home page Log in to the site/input_Password_password (1)"), "OFhcon1PzObx3ErJAwGfGA=="): Text ****** has been set on object 'Object Repository/Page_Home page Log in to the site/input_Password_password (1)'

2022-01-15 22:31:27 - [MESSAGE][PASSED] - Text ****** has been set on object 'Object Repository/Page_Home page Log in to the site/input_Password_password (1)'

2022-01-15 22:31:27 - [TEST_STEP][PASSED] - click(findTestObject("Page_Home page Log in to the site/button_Log in")): Object: 'Object Repository/Page_Home page Log in to the site/button_Log in' is clicked on

2022-01-15 22:31:29 - [MESSAGE][PASSED] - Object: 'Object Repository/Page_Home page Log in to the site/button_Log in' is clicked on

2022-01-15 22:31:29 - [TEST_STEP][PASSED] - click(findTestObject("Page_Dashboard/a_My courses (1)")): Object: 'Object Repository/Page_Dashboard/a_My courses (1)' is clicked on

2022-01-15 22:31:30 - [MESSAGE][PASSED] - Object: 'Object Repository/Page_Dashboard/a_My courses (1)' is clicked on

2022-01-15 22:31:30 - [TEST_STEP][PASSED] - click(findTestObject("Page_My courses/span_Test Automation")): Object: 'Object Repository/Page_My courses/span_Test Automation' is clicked on

2022-01-15 22:31:32 - [MESSAGE][PASSED] - Object: 'Object Repository/Page_My courses/span_Test Automation' is clicked on

2022-01-15 22:31:32 - [TEST_STEP][PASSED] - click(findTestObject("Page_Course Test Automation/a_Quiz1")): Object: 'Object Repository/Page_Course Test Automation/a_Quiz1' is clicked on

2022-01-15 22:31:34 - [MESSAGE][PASSED] - Object: 'Object Repository/Page_Course Test Automation/a_Quiz1' is clicked on

2022-01-15 22:31:34 - [TEST_STEP][PASSED] - click(findTestObject("Object Repository/Page_TA Quiz1/a_Review")): Object: 'Object Repository/Page_TA Quiz1/a_Review' is clicked on

2022-01-15 22:31:35 - [MESSAGE][PASSED] - Object: 'Object Repository/Page_TA Quiz1/a_Review' is clicked on

2022-01-15 22:31:35 - [TEST_STEP][PASSED] - click(findTestObject("Page_Quiz1 Attempt review/a_Finish review")): Object: 'Object Repository/Page_Quiz1 Attempt review/a_Finish review' is clicked on

2022-01-15 22:31:36 - [MESSAGE][PASSED] - Object: 'Object Repository/Page_Quiz1 Attempt review/a_Finish review' is clicked on

2022-01-15 22:31:36 - [TEST_STEP][PASSED] - click(findTestObject("Page_TA Quiz1/a_NH")): Object: 'Object Repository/Page_TA Quiz1/a_NH' is clicked on

2022-01-15 22:31:37 - [MESSAGE][PASSED] - Object: 'Object Repository/Page_TA Quiz1/a_NH' is clicked on

2022-01-15 22:31:37 - [TEST_STEP][PASSED] - click(findTestObject("Page_TA Quiz1/a_Log out")): Object: 'Object Repository/Page_TA Quiz1/a_Log out' is clicked on

2022-01-15 22:31:38 - [MESSAGE][PASSED] - Object: 'Object Repository/Page_TA Quiz1/a_Log out' is clicked on

2022-01-15 22:31:38 - [TEST_STEP][PASSED] - closeBrowser(): Browser is closed

2022-01-15 22:31:38 - [MESSAGE][PASSED] - Browser is closed]]></system-out>
         <system-err><![CDATA[]]></system-err>
      </testcase>
      <testcase name="Test Cases/See the results of all quizzes - Teacher" time="15.267" classname="Test Cases/See the results of all quizzes - Teacher" status="PASSED">
         <system-out><![CDATA[2022-01-15 22:31:38 - [TEST_CASE][PASSED] - Test Cases/See the results of all quizzes - Teacher: Test Cases/See the results of all quizzes - Teacher

2022-01-15 22:31:39 - [TEST_STEP][PASSED] - openBrowser(""): Browser is opened with url: ''

2022-01-15 22:31:39 - [MESSAGE][INFO] - Starting 'Edge Chromium' driver

2022-01-15 22:31:41 - [MESSAGE][INFO] - Action delay is set to 0 milliseconds

2022-01-15 22:31:42 - [MESSAGE][PASSED] - Browser is opened with url: ''

2022-01-15 22:31:42 - [TEST_STEP][PASSED] - navigateToUrl("http://localhost/"): Navigate to 'http://localhost/' successfully

2022-01-15 22:31:42 - [MESSAGE][PASSED] - Navigate to 'http://localhost/' successfully

2022-01-15 22:31:42 - [TEST_STEP][PASSED] - click(findTestObject("Page_Home page/a_Log in")): Object: 'Object Repository/Page_Home page/a_Log in' is clicked on

2022-01-15 22:31:44 - [MESSAGE][PASSED] - Object: 'Object Repository/Page_Home page/a_Log in' is clicked on

2022-01-15 22:31:44 - [TEST_STEP][PASSED] - setText(findTestObject("Page_Home page Log in to the site/input_Username_username"), "teacher1"): Text 'teacher1' is set on object 'Object Repository/Page_Home page Log in to the site/input_Username_username'

2022-01-15 22:31:44 - [MESSAGE][PASSED] - Text 'teacher1' is set on object 'Object Repository/Page_Home page Log in to the site/input_Username_username'

2022-01-15 22:31:44 - [TEST_STEP][PASSED] - setEncryptedText(findTestObject("Page_Home page Log in to the site/input_Password_password (1)"), "OFhcon1PzObx3ErJAwGfGA=="): Text ****** has been set on object 'Object Repository/Page_Home page Log in to the site/input_Password_password (1)'

2022-01-15 22:31:45 - [MESSAGE][PASSED] - Text ****** has been set on object 'Object Repository/Page_Home page Log in to the site/input_Password_password (1)'

2022-01-15 22:31:45 - [TEST_STEP][PASSED] - click(findTestObject("Page_Home page Log in to the site/button_Log in")): Object: 'Object Repository/Page_Home page Log in to the site/button_Log in' is clicked on

2022-01-15 22:31:46 - [MESSAGE][PASSED] - Object: 'Object Repository/Page_Home page Log in to the site/button_Log in' is clicked on

2022-01-15 22:31:46 - [TEST_STEP][PASSED] - click(findTestObject("Page_Dashboard/a_NN")): Object: 'Object Repository/Page_Dashboard/a_NN' is clicked on

2022-01-15 22:31:47 - [MESSAGE][PASSED] - Object: 'Object Repository/Page_Dashboard/a_NN' is clicked on

2022-01-15 22:31:47 - [TEST_STEP][PASSED] - click(findTestObject("Object Repository/Page_Dashboard/a_Grades")): Object: 'Object Repository/Page_Dashboard/a_Grades' is clicked on

2022-01-15 22:31:48 - [MESSAGE][PASSED] - Object: 'Object Repository/Page_Dashboard/a_Grades' is clicked on

2022-01-15 22:31:48 - [TEST_STEP][PASSED] - click(findTestObject("Object Repository/Page_Grades - Nguyen Nga/a_Test Automation")): Object: 'Object Repository/Page_Grades - Nguyen Nga/a_Test Automation' is clicked on

2022-01-15 22:31:49 - [MESSAGE][PASSED] - Object: 'Object Repository/Page_Grades - Nguyen Nga/a_Test Automation' is clicked on

2022-01-15 22:31:49 - [TEST_STEP][PASSED] - click(findTestObject("Object Repository/Page_Grades View/i_-_icon fa fa-search-plus fa-fw")): Object: 'Object Repository/Page_Grades View/i_-_icon fa fa-search-plus fa-fw' is clicked on

2022-01-15 22:31:51 - [MESSAGE][PASSED] - Object: 'Object Repository/Page_Grades View/i_-_icon fa fa-search-plus fa-fw' is clicked on

2022-01-15 22:31:51 - [TEST_STEP][PASSED] - click(findTestObject("Object Repository/Page_Quiz1 Attempt review/a_NN")): Object: 'Object Repository/Page_Quiz1 Attempt review/a_NN' is clicked on

2022-01-15 22:31:52 - [MESSAGE][PASSED] - Object: 'Object Repository/Page_Quiz1 Attempt review/a_NN' is clicked on

2022-01-15 22:31:52 - [TEST_STEP][PASSED] - click(findTestObject("Object Repository/Page_Quiz1 Attempt review/a_Log out")): Object: 'Object Repository/Page_Quiz1 Attempt review/a_Log out' is clicked on

2022-01-15 22:31:53 - [MESSAGE][PASSED] - Object: 'Object Repository/Page_Quiz1 Attempt review/a_Log out' is clicked on

2022-01-15 22:31:53 - [TEST_STEP][PASSED] - closeBrowser(): Browser is closed

2022-01-15 22:31:54 - [MESSAGE][PASSED] - Browser is closed]]></system-out>
         <system-err><![CDATA[]]></system-err>
      </testcase>
      <testcase name="Test Cases/View grades by subject - Student" time="15.083" classname="Test Cases/View grades by subject - Student" status="PASSED">
         <system-out><![CDATA[2022-01-15 22:31:54 - [TEST_CASE][PASSED] - Test Cases/View grades by subject - Student: Test Cases/View grades by subject - Student

2022-01-15 22:31:54 - [TEST_STEP][PASSED] - openBrowser(""): Browser is opened with url: ''

2022-01-15 22:31:54 - [MESSAGE][INFO] - Starting 'Edge Chromium' driver

2022-01-15 22:31:56 - [MESSAGE][INFO] - Action delay is set to 0 milliseconds

2022-01-15 22:31:57 - [MESSAGE][PASSED] - Browser is opened with url: ''

2022-01-15 22:31:57 - [TEST_STEP][PASSED] - navigateToUrl("http://localhost/"): Navigate to 'http://localhost/' successfully

2022-01-15 22:31:58 - [MESSAGE][PASSED] - Navigate to 'http://localhost/' successfully

2022-01-15 22:31:58 - [TEST_STEP][PASSED] - click(findTestObject("Page_Home page/a_Log in")): Object: 'Object Repository/Page_Home page/a_Log in' is clicked on

2022-01-15 22:31:59 - [MESSAGE][PASSED] - Object: 'Object Repository/Page_Home page/a_Log in' is clicked on

2022-01-15 22:31:59 - [TEST_STEP][PASSED] - setText(findTestObject("Page_Home page Log in to the site/input_Username_username"), "student1"): Text 'student1' is set on object 'Object Repository/Page_Home page Log in to the site/input_Username_username'

2022-01-15 22:32:00 - [MESSAGE][PASSED] - Text 'student1' is set on object 'Object Repository/Page_Home page Log in to the site/input_Username_username'

2022-01-15 22:32:00 - [TEST_STEP][PASSED] - setEncryptedText(findTestObject("Page_Home page Log in to the site/input_Password_password (1)"), "OFhcon1PzObx3ErJAwGfGA=="): Text ****** has been set on object 'Object Repository/Page_Home page Log in to the site/input_Password_password (1)'

2022-01-15 22:32:00 - [MESSAGE][PASSED] - Text ****** has been set on object 'Object Repository/Page_Home page Log in to the site/input_Password_password (1)'

2022-01-15 22:32:00 - [TEST_STEP][PASSED] - click(findTestObject("Page_Home page Log in to the site/button_Log in")): Object: 'Object Repository/Page_Home page Log in to the site/button_Log in' is clicked on

2022-01-15 22:32:02 - [MESSAGE][PASSED] - Object: 'Object Repository/Page_Home page Log in to the site/button_Log in' is clicked on

2022-01-15 22:32:02 - [TEST_STEP][PASSED] - click(findTestObject("Page_Dashboard/a_NH")): Object: 'Object Repository/Page_Dashboard/a_NH' is clicked on

2022-01-15 22:32:02 - [MESSAGE][PASSED] - Object: 'Object Repository/Page_Dashboard/a_NH' is clicked on

2022-01-15 22:32:02 - [TEST_STEP][PASSED] - click(findTestObject("Page_Dashboard/a_Grades")): Object: 'Object Repository/Page_Dashboard/a_Grades' is clicked on

2022-01-15 22:32:03 - [MESSAGE][PASSED] - Object: 'Object Repository/Page_Dashboard/a_Grades' is clicked on

2022-01-15 22:32:03 - [TEST_STEP][PASSED] - click(findTestObject("Object Repository/Page_Grades - Nguyen Hoa/a_Test Automation")): Object: 'Object Repository/Page_Grades - Nguyen Hoa/a_Test Automation' is clicked on

2022-01-15 22:32:05 - [MESSAGE][PASSED] - Object: 'Object Repository/Page_Grades - Nguyen Hoa/a_Test Automation' is clicked on

2022-01-15 22:32:05 - [TEST_STEP][PASSED] - click(findTestObject("Object Repository/Page_TA Activity report (grade)/a_Quiz1")): Object: 'Object Repository/Page_TA Activity report (grade)/a_Quiz1' is clicked on

2022-01-15 22:32:06 - [MESSAGE][PASSED] - Object: 'Object Repository/Page_TA Activity report (grade)/a_Quiz1' is clicked on

2022-01-15 22:32:06 - [TEST_STEP][PASSED] - click(findTestObject("Page_TA Quiz1/a_NH")): Object: 'Object Repository/Page_TA Quiz1/a_NH' is clicked on

2022-01-15 22:32:07 - [MESSAGE][PASSED] - Object: 'Object Repository/Page_TA Quiz1/a_NH' is clicked on

2022-01-15 22:32:07 - [TEST_STEP][PASSED] - click(findTestObject("Page_TA Quiz1/a_Log out")): Object: 'Object Repository/Page_TA Quiz1/a_Log out' is clicked on

2022-01-15 22:32:08 - [MESSAGE][PASSED] - Object: 'Object Repository/Page_TA Quiz1/a_Log out' is clicked on

2022-01-15 22:32:08 - [TEST_STEP][PASSED] - closeBrowser(): Browser is closed

2022-01-15 22:32:09 - [MESSAGE][PASSED] - Browser is closed]]></system-out>
         <system-err><![CDATA[]]></system-err>
      </testcase>
      <testcase name="Test Cases/Submit exercise on time - Student" time="27.438" classname="Test Cases/Submit exercise on time - Student" status="PASSED">
         <system-out><![CDATA[2022-01-15 22:32:09 - [TEST_CASE][PASSED] - Test Cases/Submit exercise on time - Student: Test Cases/Submit exercise on time - Student

2022-01-15 22:32:09 - [TEST_STEP][PASSED] - openBrowser(""): Browser is opened with url: ''

2022-01-15 22:32:09 - [MESSAGE][INFO] - Starting 'Edge Chromium' driver

2022-01-15 22:32:11 - [MESSAGE][INFO] - Action delay is set to 0 milliseconds

2022-01-15 22:32:12 - [MESSAGE][PASSED] - Browser is opened with url: ''

2022-01-15 22:32:12 - [TEST_STEP][PASSED] - navigateToUrl("http://localhost/"): Navigate to 'http://localhost/' successfully

2022-01-15 22:32:13 - [MESSAGE][PASSED] - Navigate to 'http://localhost/' successfully

2022-01-15 22:32:13 - [TEST_STEP][PASSED] - click(findTestObject("Object Repository/Page_Home page/a_Log in")): Object: 'Object Repository/Page_Home page/a_Log in' is clicked on

2022-01-15 22:32:14 - [MESSAGE][PASSED] - Object: 'Object Repository/Page_Home page/a_Log in' is clicked on

2022-01-15 22:32:14 - [TEST_STEP][PASSED] - setText(findTestObject("Object Repository/Page_Home page Log in to the site/input_Username_username"), "student1"): Text 'student1' is set on object 'Object Repository/Page_Home page Log in to the site/input_Username_username'

2022-01-15 22:32:15 - [MESSAGE][PASSED] - Text 'student1' is set on object 'Object Repository/Page_Home page Log in to the site/input_Username_username'

2022-01-15 22:32:15 - [TEST_STEP][PASSED] - setEncryptedText(findTestObject("Page_Home page Log in to the site/input_Password_password (1)"), "OFhcon1PzObx3ErJAwGfGA=="): Text ****** has been set on object 'Object Repository/Page_Home page Log in to the site/input_Password_password (1)'

2022-01-15 22:32:15 - [MESSAGE][PASSED] - Text ****** has been set on object 'Object Repository/Page_Home page Log in to the site/input_Password_password (1)'

2022-01-15 22:32:15 - [TEST_STEP][PASSED] - click(findTestObject("Object Repository/Page_Home page Log in to the site/button_Log in")): Object: 'Object Repository/Page_Home page Log in to the site/button_Log in' is clicked on

2022-01-15 22:32:18 - [MESSAGE][PASSED] - Object: 'Object Repository/Page_Home page Log in to the site/button_Log in' is clicked on

2022-01-15 22:32:18 - [TEST_STEP][PASSED] - click(findTestObject("Page_Group10 Administration Users Accounts _c9beb9/a_My courses")): Object: 'Object Repository/Page_Group10 Administration Users Accounts _c9beb9/a_My courses' is clicked on

2022-01-15 22:32:19 - [MESSAGE][PASSED] - Object: 'Object Repository/Page_Group10 Administration Users Accounts _c9beb9/a_My courses' is clicked on

2022-01-15 22:32:19 - [TEST_STEP][PASSED] - click(findTestObject("Object Repository/Page_My courses/span_Test Automation")): Object: 'Object Repository/Page_My courses/span_Test Automation' is clicked on

2022-01-15 22:32:21 - [MESSAGE][PASSED] - Object: 'Object Repository/Page_My courses/span_Test Automation' is clicked on

2022-01-15 22:32:21 - [TEST_STEP][PASSED] - click(findTestObject("Object Repository/Page_Course Test Automation/a_Homework 1  Assignment")): Object: 'Object Repository/Page_Course Test Automation/a_Homework 1  Assignment' is clicked on

2022-01-15 22:32:23 - [MESSAGE][PASSED] - Object: 'Object Repository/Page_Course Test Automation/a_Homework 1  Assignment' is clicked on

2022-01-15 22:32:23 - [TEST_STEP][PASSED] - click(findTestObject("Object Repository/Page_TA Homework 1/button_Edit submission")): Object: 'Object Repository/Page_TA Homework 1/button_Edit submission' is clicked on

2022-01-15 22:32:24 - [MESSAGE][PASSED] - Object: 'Object Repository/Page_TA Homework 1/button_Edit submission' is clicked on

2022-01-15 22:32:24 - [TEST_STEP][PASSED] - setText(findTestObject("Object Repository/Page_TA Homework 1 - Edit submission/div_Test homework1"), "Test homework1"): Text 'Test homework1' is set on object 'Object Repository/Page_TA Homework 1 - Edit submission/div_Test homework1'

2022-01-15 22:32:26 - [MESSAGE][PASSED] - Text 'Test homework1' is set on object 'Object Repository/Page_TA Homework 1 - Edit submission/div_Test homework1'

2022-01-15 22:32:26 - [TEST_STEP][PASSED] - click(findTestObject("Object Repository/Page_TA Homework 1 - Edit submission/input_Test homework_submitbutton")): Object: 'Object Repository/Page_TA Homework 1 - Edit submission/input_Test homework_submitbutton' is clicked on

2022-01-15 22:32:33 - [MESSAGE][PASSED] - Object: 'Object Repository/Page_TA Homework 1 - Edit submission/input_Test homework_submitbutton' is clicked on

2022-01-15 22:32:33 - [TEST_STEP][PASSED] - click(findTestObject("Object Repository/Page_TA Homework 1/a_NH")): Object: 'Object Repository/Page_TA Homework 1/a_NH' is clicked on

2022-01-15 22:32:34 - [MESSAGE][PASSED] - Object: 'Object Repository/Page_TA Homework 1/a_NH' is clicked on

2022-01-15 22:32:34 - [TEST_STEP][PASSED] - click(findTestObject("Object Repository/Page_TA Homework 1/a_Log out")): Object: 'Object Repository/Page_TA Homework 1/a_Log out' is clicked on

2022-01-15 22:32:35 - [MESSAGE][PASSED] - Object: 'Object Repository/Page_TA Homework 1/a_Log out' is clicked on

2022-01-15 22:32:35 - [TEST_STEP][PASSED] - closeBrowser(): Browser is closed

2022-01-15 22:32:36 - [MESSAGE][PASSED] - Browser is closed]]></system-out>
         <system-err><![CDATA[]]></system-err>
      </testcase>
      <testcase name="Test Cases/Submit with over limit words - Student" time="34.039" classname="Test Cases/Submit with over limit words - Student" status="PASSED">
         <system-out><![CDATA[2022-01-15 22:32:36 - [TEST_CASE][PASSED] - Test Cases/Submit with over limit words - Student: Test Cases/Submit with over limit words - Student

2022-01-15 22:32:37 - [TEST_STEP][PASSED] - openBrowser(""): Browser is opened with url: ''

2022-01-15 22:32:37 - [MESSAGE][INFO] - Starting 'Edge Chromium' driver

2022-01-15 22:32:39 - [MESSAGE][INFO] - Action delay is set to 0 milliseconds

2022-01-15 22:32:40 - [MESSAGE][PASSED] - Browser is opened with url: ''

2022-01-15 22:32:40 - [TEST_STEP][PASSED] - navigateToUrl("http://localhost/"): Navigate to 'http://localhost/' successfully

2022-01-15 22:32:41 - [MESSAGE][PASSED] - Navigate to 'http://localhost/' successfully

2022-01-15 22:32:41 - [TEST_STEP][PASSED] - click(findTestObject("Page_Home page/a_Log in")): Object: 'Object Repository/Page_Home page/a_Log in' is clicked on

2022-01-15 22:32:43 - [MESSAGE][PASSED] - Object: 'Object Repository/Page_Home page/a_Log in' is clicked on

2022-01-15 22:32:43 - [TEST_STEP][PASSED] - setText(findTestObject("Page_Home page Log in to the site/input_Username_username"), "student1"): Text 'student1' is set on object 'Object Repository/Page_Home page Log in to the site/input_Username_username'

2022-01-15 22:32:44 - [MESSAGE][PASSED] - Text 'student1' is set on object 'Object Repository/Page_Home page Log in to the site/input_Username_username'

2022-01-15 22:32:44 - [TEST_STEP][PASSED] - setEncryptedText(findTestObject("Page_Home page Log in to the site/input_Password_password (1)"), "OFhcon1PzObx3ErJAwGfGA=="): Text ****** has been set on object 'Object Repository/Page_Home page Log in to the site/input_Password_password (1)'

2022-01-15 22:32:44 - [MESSAGE][PASSED] - Text ****** has been set on object 'Object Repository/Page_Home page Log in to the site/input_Password_password (1)'

2022-01-15 22:32:44 - [TEST_STEP][PASSED] - click(findTestObject("Page_Home page Log in to the site/button_Log in")): Object: 'Object Repository/Page_Home page Log in to the site/button_Log in' is clicked on

2022-01-15 22:32:46 - [MESSAGE][PASSED] - Object: 'Object Repository/Page_Home page Log in to the site/button_Log in' is clicked on

2022-01-15 22:32:46 - [TEST_STEP][PASSED] - click(findTestObject("Page_Dashboard/a_My courses (1)")): Object: 'Object Repository/Page_Dashboard/a_My courses (1)' is clicked on

2022-01-15 22:32:47 - [MESSAGE][PASSED] - Object: 'Object Repository/Page_Dashboard/a_My courses (1)' is clicked on

2022-01-15 22:32:47 - [TEST_STEP][PASSED] - click(findTestObject("Page_My courses/span_Test Automation")): Object: 'Object Repository/Page_My courses/span_Test Automation' is clicked on

2022-01-15 22:32:49 - [MESSAGE][PASSED] - Object: 'Object Repository/Page_My courses/span_Test Automation' is clicked on

2022-01-15 22:32:49 - [TEST_STEP][PASSED] - click(findTestObject("Page_Course Test Automation/a_Homework 1  Assignment")): Object: 'Object Repository/Page_Course Test Automation/a_Homework 1  Assignment' is clicked on

2022-01-15 22:32:51 - [MESSAGE][PASSED] - Object: 'Object Repository/Page_Course Test Automation/a_Homework 1  Assignment' is clicked on

2022-01-15 22:32:51 - [TEST_STEP][PASSED] - click(findTestObject("Page_TA Homework 1/button_Edit submission new")): Object: 'Object Repository/Page_TA Homework 1/button_Edit submission new' is clicked on

2022-01-15 22:32:53 - [MESSAGE][PASSED] - Object: 'Object Repository/Page_TA Homework 1/button_Edit submission new' is clicked on

2022-01-15 22:32:53 - [TEST_STEP][PASSED] - click(findTestObject("Object Repository/Page_TA Homework 1 - Edit submission/div_Rich text editorTest homework1Test home_3db0d2")): Object: 'Object Repository/Page_TA Homework 1 - Edit submission/div_Rich text editorTest homework1Test home_3db0d2' is clicked on

2022-01-15 22:32:54 - [MESSAGE][PASSED] - Object: 'Object Repository/Page_TA Homework 1 - Edit submission/div_Rich text editorTest homework1Test home_3db0d2' is clicked on

2022-01-15 22:32:54 - [TEST_STEP][PASSED] - click(findTestObject("Object Repository/Page_TA Homework 1 - Edit submission/div_Rich text editorTest homework1Test home_1e7171")): Object: 'Object Repository/Page_TA Homework 1 - Edit submission/div_Rich text editorTest homework1Test home_1e7171' is clicked on

2022-01-15 22:32:55 - [MESSAGE][PASSED] - Object: 'Object Repository/Page_TA Homework 1 - Edit submission/div_Rich text editorTest homework1Test home_1e7171' is clicked on

2022-01-15 22:32:55 - [TEST_STEP][PASSED] - setText(findTestObject("Page_TA Homework 1 - Edit submission/div_Test homework1"), "Test homework1 Test homework1 Test homework1 Test homework1"): Text 'Test homework1 Test homework1 Test homework1 Test homework1' is set on object 'Object Repository/Page_TA Homework 1 - Edit submission/div_Test homework1'

2022-01-15 22:32:56 - [MESSAGE][PASSED] - Text 'Test homework1 Test homework1 Test homework1 Test homework1' is set on object 'Object Repository/Page_TA Homework 1 - Edit submission/div_Test homework1'

2022-01-15 22:32:56 - [TEST_STEP][PASSED] - click(findTestObject("Object Repository/Page_TA Homework 1 - Edit submission/input_Test homework1_submitbutton")): Object: 'Object Repository/Page_TA Homework 1 - Edit submission/input_Test homework1_submitbutton' is clicked on

2022-01-15 22:32:58 - [MESSAGE][PASSED] - Object: 'Object Repository/Page_TA Homework 1 - Edit submission/input_Test homework1_submitbutton' is clicked on

2022-01-15 22:32:58 - [TEST_STEP][PASSED] - setText(findTestObject("Page_TA Homework 1 - Edit submission/div_Test homework1"), "Test homework1"): Text 'Test homework1' is set on object 'Object Repository/Page_TA Homework 1 - Edit submission/div_Test homework1'

2022-01-15 22:32:59 - [MESSAGE][PASSED] - Text 'Test homework1' is set on object 'Object Repository/Page_TA Homework 1 - Edit submission/div_Test homework1'

2022-01-15 22:32:59 - [TEST_STEP][PASSED] - click(findTestObject("Object Repository/Page_TA Homework 1 - Edit submission/input_Test homework1_submitbutton")): Object: 'Object Repository/Page_TA Homework 1 - Edit submission/input_Test homework1_submitbutton' is clicked on

2022-01-15 22:33:07 - [MESSAGE][PASSED] - Object: 'Object Repository/Page_TA Homework 1 - Edit submission/input_Test homework1_submitbutton' is clicked on

2022-01-15 22:33:07 - [TEST_STEP][PASSED] - click(findTestObject("Page_TA Homework 1/a_NH")): Object: 'Object Repository/Page_TA Homework 1/a_NH' is clicked on

2022-01-15 22:33:08 - [MESSAGE][PASSED] - Object: 'Object Repository/Page_TA Homework 1/a_NH' is clicked on

2022-01-15 22:33:08 - [TEST_STEP][PASSED] - click(findTestObject("Page_TA Homework 1/a_Log out")): Object: 'Object Repository/Page_TA Homework 1/a_Log out' is clicked on

2022-01-15 22:33:09 - [MESSAGE][PASSED] - Object: 'Object Repository/Page_TA Homework 1/a_Log out' is clicked on

2022-01-15 22:33:09 - [TEST_STEP][PASSED] - closeBrowser(): Browser is closed

2022-01-15 22:33:10 - [MESSAGE][PASSED] - Browser is closed]]></system-out>
         <system-err><![CDATA[]]></system-err>
      </testcase>
      <testcase name="Test Cases/Submit exercise late - Student" time="23.626" classname="Test Cases/Submit exercise late - Student" status="PASSED">
         <system-out><![CDATA[2022-01-15 22:33:10 - [TEST_CASE][PASSED] - Test Cases/Submit exercise late - Student: Test Cases/Submit exercise late - Student

2022-01-15 22:33:11 - [TEST_STEP][PASSED] - openBrowser(""): Browser is opened with url: ''

2022-01-15 22:33:11 - [MESSAGE][INFO] - Starting 'Edge Chromium' driver

2022-01-15 22:33:13 - [MESSAGE][INFO] - Action delay is set to 0 milliseconds

2022-01-15 22:33:14 - [MESSAGE][PASSED] - Browser is opened with url: ''

2022-01-15 22:33:14 - [TEST_STEP][PASSED] - navigateToUrl("http://localhost/"): Navigate to 'http://localhost/' successfully

2022-01-15 22:33:15 - [MESSAGE][PASSED] - Navigate to 'http://localhost/' successfully

2022-01-15 22:33:15 - [TEST_STEP][PASSED] - click(findTestObject("Object Repository/Page_Home page/a_Log in")): Object: 'Object Repository/Page_Home page/a_Log in' is clicked on

2022-01-15 22:33:17 - [MESSAGE][PASSED] - Object: 'Object Repository/Page_Home page/a_Log in' is clicked on

2022-01-15 22:33:17 - [TEST_STEP][PASSED] - setText(findTestObject("Object Repository/Page_Home page Log in to the site/input_Username_username"), "student1"): Text 'student1' is set on object 'Object Repository/Page_Home page Log in to the site/input_Username_username'

2022-01-15 22:33:17 - [MESSAGE][PASSED] - Text 'student1' is set on object 'Object Repository/Page_Home page Log in to the site/input_Username_username'

2022-01-15 22:33:17 - [TEST_STEP][PASSED] - setEncryptedText(findTestObject("Page_Home page Log in to the site/input_Password_password (1)"), "OFhcon1PzObx3ErJAwGfGA=="): Text ****** has been set on object 'Object Repository/Page_Home page Log in to the site/input_Password_password (1)'

2022-01-15 22:33:18 - [MESSAGE][PASSED] - Text ****** has been set on object 'Object Repository/Page_Home page Log in to the site/input_Password_password (1)'

2022-01-15 22:33:18 - [TEST_STEP][PASSED] - click(findTestObject("Object Repository/Page_Home page Log in to the site/button_Log in")): Object: 'Object Repository/Page_Home page Log in to the site/button_Log in' is clicked on

2022-01-15 22:33:19 - [MESSAGE][PASSED] - Object: 'Object Repository/Page_Home page Log in to the site/button_Log in' is clicked on

2022-01-15 22:33:19 - [TEST_STEP][PASSED] - click(findTestObject("Page_Group10 Administration Users Accounts _9567d5/a_My courses")): Object: 'Object Repository/Page_Group10 Administration Users Accounts _9567d5/a_My courses' is clicked on

2022-01-15 22:33:21 - [MESSAGE][PASSED] - Object: 'Object Repository/Page_Group10 Administration Users Accounts _9567d5/a_My courses' is clicked on

2022-01-15 22:33:21 - [TEST_STEP][PASSED] - click(findTestObject("Object Repository/Page_My courses/span_Test Automation")): Object: 'Object Repository/Page_My courses/span_Test Automation' is clicked on

2022-01-15 22:33:23 - [MESSAGE][PASSED] - Object: 'Object Repository/Page_My courses/span_Test Automation' is clicked on

2022-01-15 22:33:23 - [TEST_STEP][PASSED] - click(findTestObject("Object Repository/Page_Course Test Automation/a_Homework2  Assignment")): Object: 'Object Repository/Page_Course Test Automation/a_Homework2  Assignment' is clicked on

2022-01-15 22:33:24 - [MESSAGE][PASSED] - Object: 'Object Repository/Page_Course Test Automation/a_Homework2  Assignment' is clicked on

2022-01-15 22:33:24 - [TEST_STEP][PASSED] - click(findTestObject("Page_TA Homework 1/button_Add submission")): Object: 'Object Repository/Page_TA Homework 1/button_Add submission' is clicked on

2022-01-15 22:33:26 - [MESSAGE][PASSED] - Object: 'Object Repository/Page_TA Homework 1/button_Add submission' is clicked on

2022-01-15 22:33:26 - [TEST_STEP][PASSED] - setText(findTestObject("Object Repository/Page_TA Homework2 - Edit submission/div_Test homework2"), "Test homework2"): Text 'Test homework2' is set on object 'Object Repository/Page_TA Homework2 - Edit submission/div_Test homework2'

2022-01-15 22:33:28 - [MESSAGE][PASSED] - Text 'Test homework2' is set on object 'Object Repository/Page_TA Homework2 - Edit submission/div_Test homework2'

2022-01-15 22:33:28 - [TEST_STEP][PASSED] - click(findTestObject("Object Repository/Page_TA Homework2 - Edit submission/input_Rich text editor_submitbutton")): Object: 'Object Repository/Page_TA Homework2 - Edit submission/input_Rich text editor_submitbutton' is clicked on

2022-01-15 22:33:31 - [MESSAGE][PASSED] - Object: 'Object Repository/Page_TA Homework2 - Edit submission/input_Rich text editor_submitbutton' is clicked on

2022-01-15 22:33:31 - [TEST_STEP][PASSED] - click(findTestObject("Object Repository/Page_TA Homework2/a_NH")): Object: 'Object Repository/Page_TA Homework2/a_NH' is clicked on

2022-01-15 22:33:32 - [MESSAGE][PASSED] - Object: 'Object Repository/Page_TA Homework2/a_NH' is clicked on

2022-01-15 22:33:32 - [TEST_STEP][PASSED] - click(findTestObject("Object Repository/Page_TA Homework2/a_Log out")): Object: 'Object Repository/Page_TA Homework2/a_Log out' is clicked on

2022-01-15 22:33:33 - [MESSAGE][PASSED] - Object: 'Object Repository/Page_TA Homework2/a_Log out' is clicked on

2022-01-15 22:33:33 - [TEST_STEP][PASSED] - closeBrowser(): Browser is closed

2022-01-15 22:33:34 - [MESSAGE][PASSED] - Browser is closed]]></system-out>
         <system-err><![CDATA[]]></system-err>
      </testcase>
      <testcase name="Test Cases/View the result of all students in the quiz" time="18.74" classname="Test Cases/View the result of all students in the quiz" status="PASSED">
         <system-out><![CDATA[2022-01-15 22:33:34 - [TEST_CASE][PASSED] - Test Cases/View the result of all students in the quiz: Test Cases/View the result of all students in the quiz

2022-01-15 22:33:34 - [TEST_STEP][PASSED] - openBrowser(""): Browser is opened with url: ''

2022-01-15 22:33:34 - [MESSAGE][INFO] - Starting 'Edge Chromium' driver

2022-01-15 22:33:36 - [MESSAGE][INFO] - Action delay is set to 0 milliseconds

2022-01-15 22:33:37 - [MESSAGE][PASSED] - Browser is opened with url: ''

2022-01-15 22:33:37 - [TEST_STEP][PASSED] - navigateToUrl("localhost"): Navigate to 'http://localhost' successfully

2022-01-15 22:33:38 - [MESSAGE][PASSED] - Navigate to 'http://localhost' successfully

2022-01-15 22:33:38 - [TEST_STEP][PASSED] - click(findTestObject("Page_Home page/a_Log in")): Object: 'Object Repository/Page_Home page/a_Log in' is clicked on

2022-01-15 22:33:39 - [MESSAGE][PASSED] - Object: 'Object Repository/Page_Home page/a_Log in' is clicked on

2022-01-15 22:33:39 - [TEST_STEP][PASSED] - setText(findTestObject("Page_Home page Log in to the site/input_Username_username"), "teacher1"): Text 'teacher1' is set on object 'Object Repository/Page_Home page Log in to the site/input_Username_username'

2022-01-15 22:33:40 - [MESSAGE][PASSED] - Text 'teacher1' is set on object 'Object Repository/Page_Home page Log in to the site/input_Username_username'

2022-01-15 22:33:40 - [TEST_STEP][PASSED] - setText(findTestObject("Page_Home page Log in to the site/input_Password_password (1)"), "Group_10"): Text 'Group_10' is set on object 'Object Repository/Page_Home page Log in to the site/input_Password_password (1)'

2022-01-15 22:33:41 - [MESSAGE][PASSED] - Text 'Group_10' is set on object 'Object Repository/Page_Home page Log in to the site/input_Password_password (1)'

2022-01-15 22:33:41 - [TEST_STEP][PASSED] - click(findTestObject("Page_Home page Log in to the site/button_Log in")): Object: 'Object Repository/Page_Home page Log in to the site/button_Log in' is clicked on

2022-01-15 22:33:42 - [MESSAGE][PASSED] - Object: 'Object Repository/Page_Home page Log in to the site/button_Log in' is clicked on

2022-01-15 22:33:42 - [TEST_STEP][PASSED] - click(findTestObject("Page_Dashboard/a_My courses (1)")): Object: 'Object Repository/Page_Dashboard/a_My courses (1)' is clicked on

2022-01-15 22:33:44 - [MESSAGE][PASSED] - Object: 'Object Repository/Page_Dashboard/a_My courses (1)' is clicked on

2022-01-15 22:33:44 - [TEST_STEP][PASSED] - click(findTestObject("Page_My courses/span_Test Automation")): Object: 'Object Repository/Page_My courses/span_Test Automation' is clicked on

2022-01-15 22:33:45 - [MESSAGE][PASSED] - Object: 'Object Repository/Page_My courses/span_Test Automation' is clicked on

2022-01-15 22:33:45 - [TEST_STEP][PASSED] - click(findTestObject("Page_Course Test Automation/View result of quiz/a_Quiz1_new")): Object: 'Object Repository/Page_Course Test Automation/View result of quiz/a_Quiz1_new' is clicked on

2022-01-15 22:33:47 - [MESSAGE][PASSED] - Object: 'Object Repository/Page_Course Test Automation/View result of quiz/a_Quiz1_new' is clicked on

2022-01-15 22:33:47 - [TEST_STEP][PASSED] - click(findTestObject("Page_Course Test Automation/View result of quiz/a_Results")): Object: 'Object Repository/Page_Course Test Automation/View result of quiz/a_Results' is clicked on

2022-01-15 22:33:49 - [MESSAGE][PASSED] - Object: 'Object Repository/Page_Course Test Automation/View result of quiz/a_Results' is clicked on

2022-01-15 22:33:49 - [TEST_STEP][PASSED] - click(findTestObject("Page_Course Test Automation/View result of quiz/a_Nguyen Hoa")): Object: 'Object Repository/Page_Course Test Automation/View result of quiz/a_Nguyen Hoa' is clicked on

2022-01-15 22:33:50 - [MESSAGE][PASSED] - Object: 'Object Repository/Page_Course Test Automation/View result of quiz/a_Nguyen Hoa' is clicked on

2022-01-15 22:33:50 - [TEST_STEP][PASSED] - click(findTestObject("Page_Dashboard/a_NH")): Object: 'Object Repository/Page_Dashboard/a_NH' is clicked on

2022-01-15 22:33:51 - [MESSAGE][PASSED] - Object: 'Object Repository/Page_Dashboard/a_NH' is clicked on

2022-01-15 22:33:51 - [TEST_STEP][PASSED] - click(findTestObject("Page_Dashboard/a_Log out")): Object: 'Object Repository/Page_Dashboard/a_Log out' is clicked on

2022-01-15 22:33:52 - [MESSAGE][PASSED] - Object: 'Object Repository/Page_Dashboard/a_Log out' is clicked on

2022-01-15 22:33:52 - [TEST_STEP][PASSED] - closeBrowser(): Browser is closed

2022-01-15 22:33:53 - [MESSAGE][PASSED] - Browser is closed]]></system-out>
         <system-err><![CDATA[]]></system-err>
      </testcase>
      <testcase name="Test Cases/Send feedback of assignment" time="44.341" classname="Test Cases/Send feedback of assignment" status="FAILED">
         <failure type="FAILED" message="Test Cases/Send feedback of assignment FAILED.
Reason:
com.kms.katalon.core.exception.StepFailedException: Unable to click on object 'Object Repository/Page_Course Test Automation/Page_TA Bonus assignment (Extend 1 week)/a_Grade'
	at com.kms.katalon.core.webui.keyword.internal.WebUIKeywordMain.stepFailed(WebUIKeywordMain.groovy:64)
	at com.kms.katalon.core.webui.keyword.internal.WebUIKeywordMain.runKeyword(WebUIKeywordMain.groovy:26)
	at com.kms.katalon.core.webui.keyword.builtin.ClickKeyword.click(ClickKeyword.groovy:74)
	at com.kms.katalon.core.webui.keyword.builtin.ClickKeyword.execute(ClickKeyword.groovy:40)
	at com.kms.katalon.core.keyword.internal.KeywordExecutor.executeKeywordForPlatform(KeywordExecutor.groovy:74)
	at com.kms.katalon.core.webui.keyword.WebUiBuiltInKeywords.click(WebUiBuiltInKeywords.groovy:620)
	at com.kms.katalon.core.webui.keyword.WebUiBuiltInKeywords$click$1.call(Unknown Source)
	at Send feedback of assignment.run(Send feedback of assignment:38)
	at com.kms.katalon.core.main.ScriptEngine.run(ScriptEngine.java:194)
	at com.kms.katalon.core.main.ScriptEngine.runScriptAsRawText(ScriptEngine.java:119)
	at com.kms.katalon.core.main.TestCaseExecutor.runScript(TestCaseExecutor.java:442)
	at com.kms.katalon.core.main.TestCaseExecutor.doExecute(TestCaseExecutor.java:433)
	at com.kms.katalon.core.main.TestCaseExecutor.processExecutionPhase(TestCaseExecutor.java:412)
	at com.kms.katalon.core.main.TestCaseExecutor.accessMainPhase(TestCaseExecutor.java:404)
	at com.kms.katalon.core.main.TestCaseExecutor.execute(TestCaseExecutor.java:281)
	at com.kms.katalon.core.main.TestSuiteExecutor.accessTestCaseMainPhase(TestSuiteExecutor.java:202)
	at com.kms.katalon.core.main.TestSuiteExecutor.accessTestSuiteMainPhase(TestSuiteExecutor.java:164)
	at com.kms.katalon.core.main.TestSuiteExecutor.execute(TestSuiteExecutor.java:105)
	at com.kms.katalon.core.main.TestCaseMain.startTestSuite(TestCaseMain.java:181)
	at com.kms.katalon.core.main.TestCaseMain$startTestSuite$0.call(Unknown Source)
	at TempTestSuite1642259181016.run(TempTestSuite1642259181016.groovy:36)
Caused by: com.kms.katalon.core.webui.exception.WebElementNotFoundException: Web element with id: 'Object Repository/Page_Course Test Automation/Page_TA Bonus assignment (Extend 1 week)/a_Grade' located by '(.//*[normalize-space(text()) and normalize-space(.)='Hidden from students'])[1]/preceding::a[1]' not found
	at com.kms.katalon.core.webui.common.WebUiCommonHelper.findWebElement(WebUiCommonHelper.java:1368)
	at com.kms.katalon.core.webui.keyword.internal.WebUIAbstractKeyword.findWebElement(WebUIAbstractKeyword.groovy:27)
	at com.kms.katalon.core.webui.keyword.builtin.ClickKeyword$_click_closure1.doCall(ClickKeyword.groovy:65)
	at com.kms.katalon.core.webui.keyword.builtin.ClickKeyword$_click_closure1.call(ClickKeyword.groovy)
	at com.kms.katalon.core.webui.keyword.internal.WebUIKeywordMain.runKeyword(WebUIKeywordMain.groovy:20)
	... 19 more
"/>
         <system-out><![CDATA[2022-01-15 22:33:53 - [TEST_CASE][FAILED] - Test Cases/Send feedback of assignment: Test Cases/Send feedback of assignment FAILED.
Reason:
com.kms.katalon.core.exception.StepFailedException: Unable to click on object 'Object Repository/Page_Course Test Automation/Page_TA Bonus assignment (Extend 1 week)/a_Grade'
	at com.kms.katalon.core.webui.keyword.internal.WebUIKeywordMain.stepFailed(WebUIKeywordMain.groovy:64)
	at com.kms.katalon.core.webui.keyword.internal.WebUIKeywordMain.runKeyword(WebUIKeywordMain.groovy:26)
	at com.kms.katalon.core.webui.keyword.builtin.ClickKeyword.click(ClickKeyword.groovy:74)
	at com.kms.katalon.core.webui.keyword.builtin.ClickKeyword.execute(ClickKeyword.groovy:40)
	at com.kms.katalon.core.keyword.internal.KeywordExecutor.executeKeywordForPlatform(KeywordExecutor.groovy:74)
	at com.kms.katalon.core.webui.keyword.WebUiBuiltInKeywords.click(WebUiBuiltInKeywords.groovy:620)
	at com.kms.katalon.core.webui.keyword.WebUiBuiltInKeywords$click$1.call(Unknown Source)
	at Send feedback of assignment.run(Send feedback of assignment:38)
	at com.kms.katalon.core.main.ScriptEngine.run(ScriptEngine.java:194)
	at com.kms.katalon.core.main.ScriptEngine.runScriptAsRawText(ScriptEngine.java:119)
	at com.kms.katalon.core.main.TestCaseExecutor.runScript(TestCaseExecutor.java:442)
	at com.kms.katalon.core.main.TestCaseExecutor.doExecute(TestCaseExecutor.java:433)
	at com.kms.katalon.core.main.TestCaseExecutor.processExecutionPhase(TestCaseExecutor.java:412)
	at com.kms.katalon.core.main.TestCaseExecutor.accessMainPhase(TestCaseExecutor.java:404)
	at com.kms.katalon.core.main.TestCaseExecutor.execute(TestCaseExecutor.java:281)
	at com.kms.katalon.core.main.TestSuiteExecutor.accessTestCaseMainPhase(TestSuiteExecutor.java:202)
	at com.kms.katalon.core.main.TestSuiteExecutor.accessTestSuiteMainPhase(TestSuiteExecutor.java:164)
	at com.kms.katalon.core.main.TestSuiteExecutor.execute(TestSuiteExecutor.java:105)
	at com.kms.katalon.core.main.TestCaseMain.startTestSuite(TestCaseMain.java:181)
	at com.kms.katalon.core.main.TestCaseMain$startTestSuite$0.call(Unknown Source)
	at TempTestSuite1642259181016.run(TempTestSuite1642259181016.groovy:36)
Caused by: com.kms.katalon.core.webui.exception.WebElementNotFoundException: Web element with id: 'Object Repository/Page_Course Test Automation/Page_TA Bonus assignment (Extend 1 week)/a_Grade' located by '(.//*[normalize-space(text()) and normalize-space(.)='Hidden from students'])[1]/preceding::a[1]' not found
	at com.kms.katalon.core.webui.common.WebUiCommonHelper.findWebElement(WebUiCommonHelper.java:1368)
	at com.kms.katalon.core.webui.keyword.internal.WebUIAbstractKeyword.findWebElement(WebUIAbstractKeyword.groovy:27)
	at com.kms.katalon.core.webui.keyword.builtin.ClickKeyword$_click_closure1.doCall(ClickKeyword.groovy:65)
	at com.kms.katalon.core.webui.keyword.builtin.ClickKeyword$_click_closure1.call(ClickKeyword.groovy)
	at com.kms.katalon.core.webui.keyword.internal.WebUIKeywordMain.runKeyword(WebUIKeywordMain.groovy:20)
	... 19 more


2022-01-15 22:33:53 - [TEST_STEP][PASSED] - openBrowser(""): Browser is opened with url: ''

2022-01-15 22:33:53 - [MESSAGE][INFO] - Starting 'Edge Chromium' driver

2022-01-15 22:33:55 - [MESSAGE][INFO] - Action delay is set to 0 milliseconds

2022-01-15 22:33:56 - [MESSAGE][PASSED] - Browser is opened with url: ''

2022-01-15 22:33:56 - [TEST_STEP][PASSED] - navigateToUrl("localhost"): Navigate to 'http://localhost' successfully

2022-01-15 22:33:57 - [MESSAGE][PASSED] - Navigate to 'http://localhost' successfully

2022-01-15 22:33:57 - [TEST_STEP][PASSED] - click(findTestObject("Page_Home page/a_Log in")): Object: 'Object Repository/Page_Home page/a_Log in' is clicked on

2022-01-15 22:33:58 - [MESSAGE][PASSED] - Object: 'Object Repository/Page_Home page/a_Log in' is clicked on

2022-01-15 22:33:58 - [TEST_STEP][PASSED] - setText(findTestObject("Page_Home page Log in to the site/input_Username_username"), "teacher1"): Text 'teacher1' is set on object 'Object Repository/Page_Home page Log in to the site/input_Username_username'

2022-01-15 22:33:59 - [MESSAGE][PASSED] - Text 'teacher1' is set on object 'Object Repository/Page_Home page Log in to the site/input_Username_username'

2022-01-15 22:33:59 - [TEST_STEP][PASSED] - setText(findTestObject("Page_Home page Log in to the site/input_Password_password (1)"), "Group_10"): Text 'Group_10' is set on object 'Object Repository/Page_Home page Log in to the site/input_Password_password (1)'

2022-01-15 22:33:59 - [MESSAGE][PASSED] - Text 'Group_10' is set on object 'Object Repository/Page_Home page Log in to the site/input_Password_password (1)'

2022-01-15 22:33:59 - [TEST_STEP][PASSED] - click(findTestObject("Page_Home page Log in to the site/button_Log in")): Object: 'Object Repository/Page_Home page Log in to the site/button_Log in' is clicked on

2022-01-15 22:34:01 - [MESSAGE][PASSED] - Object: 'Object Repository/Page_Home page Log in to the site/button_Log in' is clicked on

2022-01-15 22:34:01 - [TEST_STEP][PASSED] - click(findTestObject("Page_Dashboard/a_My courses (1)")): Object: 'Object Repository/Page_Dashboard/a_My courses (1)' is clicked on

2022-01-15 22:34:02 - [MESSAGE][PASSED] - Object: 'Object Repository/Page_Dashboard/a_My courses (1)' is clicked on

2022-01-15 22:34:02 - [TEST_STEP][PASSED] - click(findTestObject("Page_My courses/span_Test Automation")): Object: 'Object Repository/Page_My courses/span_Test Automation' is clicked on

2022-01-15 22:34:04 - [MESSAGE][PASSED] - Object: 'Object Repository/Page_My courses/span_Test Automation' is clicked on

2022-01-15 22:34:04 - [TEST_STEP][PASSED] - click(findTestObject("Page_Course Test Automation/Homework 1  Assignment")): Object: 'Object Repository/Page_Course Test Automation/Homework 1  Assignment' is clicked on

2022-01-15 22:34:06 - [MESSAGE][PASSED] - Object: 'Object Repository/Page_Course Test Automation/Homework 1  Assignment' is clicked on

2022-01-15 22:34:06 - [TEST_STEP][FAILED] - click(findTestObject("Page_Course Test Automation/Page_TA Bonus assignment (Extend 1 week)/a_Grade")): Unable to click on object 'Object Repository/Page_Course Test Automation/Page_TA Bonus assignment (Extend 1 week)/a_Grade' (Root cause: com.kms.katalon.core.exception.StepFailedException: Unable to click on object 'Object Repository/Page_Course Test Automation/Page_TA Bonus assignment (Extend 1 week)/a_Grade'
	at com.kms.katalon.core.webui.keyword.internal.WebUIKeywordMain.stepFailed(WebUIKeywordMain.groovy:64)
	at com.kms.katalon.core.webui.keyword.internal.WebUIKeywordMain.runKeyword(WebUIKeywordMain.groovy:26)
	at com.kms.katalon.core.webui.keyword.builtin.ClickKeyword.click(ClickKeyword.groovy:74)
	at com.kms.katalon.core.webui.keyword.builtin.ClickKeyword.execute(ClickKeyword.groovy:40)
	at com.kms.katalon.core.keyword.internal.KeywordExecutor.executeKeywordForPlatform(KeywordExecutor.groovy:74)
	at com.kms.katalon.core.webui.keyword.WebUiBuiltInKeywords.click(WebUiBuiltInKeywords.groovy:620)
	at com.kms.katalon.core.webui.keyword.WebUiBuiltInKeywords$click$1.call(Unknown Source)
	at Send feedback of assignment.run(Send feedback of assignment:38)
	at com.kms.katalon.core.main.ScriptEngine.run(ScriptEngine.java:194)
	at com.kms.katalon.core.main.ScriptEngine.runScriptAsRawText(ScriptEngine.java:119)
	at com.kms.katalon.core.main.TestCaseExecutor.runScript(TestCaseExecutor.java:442)
	at com.kms.katalon.core.main.TestCaseExecutor.doExecute(TestCaseExecutor.java:433)
	at com.kms.katalon.core.main.TestCaseExecutor.processExecutionPhase(TestCaseExecutor.java:412)
	at com.kms.katalon.core.main.TestCaseExecutor.accessMainPhase(TestCaseExecutor.java:404)
	at com.kms.katalon.core.main.TestCaseExecutor.execute(TestCaseExecutor.java:281)
	at com.kms.katalon.core.main.TestSuiteExecutor.accessTestCaseMainPhase(TestSuiteExecutor.java:202)
	at com.kms.katalon.core.main.TestSuiteExecutor.accessTestSuiteMainPhase(TestSuiteExecutor.java:164)
	at com.kms.katalon.core.main.TestSuiteExecutor.execute(TestSuiteExecutor.java:105)
	at com.kms.katalon.core.main.TestCaseMain.startTestSuite(TestCaseMain.java:181)
	at com.kms.katalon.core.main.TestCaseMain$startTestSuite$0.call(Unknown Source)
	at TempTestSuite1642259181016.run(TempTestSuite1642259181016.groovy:36)
Caused by: com.kms.katalon.core.webui.exception.WebElementNotFoundException: Web element with id: 'Object Repository/Page_Course Test Automation/Page_TA Bonus assignment (Extend 1 week)/a_Grade' located by '(.//*[normalize-space(text()) and normalize-space(.)='Hidden from students'])[1]/preceding::a[1]' not found
	at com.kms.katalon.core.webui.common.WebUiCommonHelper.findWebElement(WebUiCommonHelper.java:1368)
	at com.kms.katalon.core.webui.keyword.internal.WebUIAbstractKeyword.findWebElement(WebUIAbstractKeyword.groovy:27)
	at com.kms.katalon.core.webui.keyword.builtin.ClickKeyword$_click_closure1.doCall(ClickKeyword.groovy:65)
	at com.kms.katalon.core.webui.keyword.builtin.ClickKeyword$_click_closure1.call(ClickKeyword.groovy)
	at com.kms.katalon.core.webui.keyword.internal.WebUIKeywordMain.runKeyword(WebUIKeywordMain.groovy:20)
	at com.kms.katalon.core.webui.keyword.builtin.ClickKeyword.click(ClickKeyword.groovy:74)
	at com.kms.katalon.core.webui.keyword.builtin.ClickKeyword.execute(ClickKeyword.groovy:40)
	at com.kms.katalon.core.keyword.internal.KeywordExecutor.executeKeywordForPlatform(KeywordExecutor.groovy:74)
	at com.kms.katalon.core.webui.keyword.WebUiBuiltInKeywords.click(WebUiBuiltInKeywords.groovy:620)
	at com.kms.katalon.core.webui.keyword.WebUiBuiltInKeywords$click$1.call(Unknown Source)
	at Script1642045977777.run(Script1642045977777.groovy:38)
	... 13 more
)

2022-01-15 22:34:37 - [MESSAGE][INFO] - Unable to find the element located by 'By.xpath: (.//*[normalize-space(text()) and normalize-space(.)='Hidden from students'])[1]/preceding::a[1]'. Please recheck the objects properties to make sure the desired element is located. 

2022-01-15 22:34:37 - [MESSAGE][FAILED] - Unable to click on object 'Object Repository/Page_Course Test Automation/Page_TA Bonus assignment (Extend 1 week)/a_Grade' (Root cause: com.kms.katalon.core.exception.StepFailedException: Unable to click on object 'Object Repository/Page_Course Test Automation/Page_TA Bonus assignment (Extend 1 week)/a_Grade'
	at com.kms.katalon.core.webui.keyword.internal.WebUIKeywordMain.stepFailed(WebUIKeywordMain.groovy:64)
	at com.kms.katalon.core.webui.keyword.internal.WebUIKeywordMain.runKeyword(WebUIKeywordMain.groovy:26)
	at com.kms.katalon.core.webui.keyword.builtin.ClickKeyword.click(ClickKeyword.groovy:74)
	at com.kms.katalon.core.webui.keyword.builtin.ClickKeyword.execute(ClickKeyword.groovy:40)
	at com.kms.katalon.core.keyword.internal.KeywordExecutor.executeKeywordForPlatform(KeywordExecutor.groovy:74)
	at com.kms.katalon.core.webui.keyword.WebUiBuiltInKeywords.click(WebUiBuiltInKeywords.groovy:620)
	at com.kms.katalon.core.webui.keyword.WebUiBuiltInKeywords$click$1.call(Unknown Source)
	at Send feedback of assignment.run(Send feedback of assignment:38)
	at com.kms.katalon.core.main.ScriptEngine.run(ScriptEngine.java:194)
	at com.kms.katalon.core.main.ScriptEngine.runScriptAsRawText(ScriptEngine.java:119)
	at com.kms.katalon.core.main.TestCaseExecutor.runScript(TestCaseExecutor.java:442)
	at com.kms.katalon.core.main.TestCaseExecutor.doExecute(TestCaseExecutor.java:433)
	at com.kms.katalon.core.main.TestCaseExecutor.processExecutionPhase(TestCaseExecutor.java:412)
	at com.kms.katalon.core.main.TestCaseExecutor.accessMainPhase(TestCaseExecutor.java:404)
	at com.kms.katalon.core.main.TestCaseExecutor.execute(TestCaseExecutor.java:281)
	at com.kms.katalon.core.main.TestSuiteExecutor.accessTestCaseMainPhase(TestSuiteExecutor.java:202)
	at com.kms.katalon.core.main.TestSuiteExecutor.accessTestSuiteMainPhase(TestSuiteExecutor.java:164)
	at com.kms.katalon.core.main.TestSuiteExecutor.execute(TestSuiteExecutor.java:105)
	at com.kms.katalon.core.main.TestCaseMain.startTestSuite(TestCaseMain.java:181)
	at com.kms.katalon.core.main.TestCaseMain$startTestSuite$0.call(Unknown Source)
	at TempTestSuite1642259181016.run(TempTestSuite1642259181016.groovy:36)
Caused by: com.kms.katalon.core.webui.exception.WebElementNotFoundException: Web element with id: 'Object Repository/Page_Course Test Automation/Page_TA Bonus assignment (Extend 1 week)/a_Grade' located by '(.//*[normalize-space(text()) and normalize-space(.)='Hidden from students'])[1]/preceding::a[1]' not found
	at com.kms.katalon.core.webui.common.WebUiCommonHelper.findWebElement(WebUiCommonHelper.java:1368)
	at com.kms.katalon.core.webui.keyword.internal.WebUIAbstractKeyword.findWebElement(WebUIAbstractKeyword.groovy:27)
	at com.kms.katalon.core.webui.keyword.builtin.ClickKeyword$_click_closure1.doCall(ClickKeyword.groovy:65)
	at com.kms.katalon.core.webui.keyword.builtin.ClickKeyword$_click_closure1.call(ClickKeyword.groovy)
	at com.kms.katalon.core.webui.keyword.internal.WebUIKeywordMain.runKeyword(WebUIKeywordMain.groovy:20)
	at com.kms.katalon.core.webui.keyword.builtin.ClickKeyword.click(ClickKeyword.groovy:74)
	at com.kms.katalon.core.webui.keyword.builtin.ClickKeyword.execute(ClickKeyword.groovy:40)
	at com.kms.katalon.core.keyword.internal.KeywordExecutor.executeKeywordForPlatform(KeywordExecutor.groovy:74)
	at com.kms.katalon.core.webui.keyword.WebUiBuiltInKeywords.click(WebUiBuiltInKeywords.groovy:620)
	at com.kms.katalon.core.webui.keyword.WebUiBuiltInKeywords$click$1.call(Unknown Source)
	at Script1642045977777.run(Script1642045977777.groovy:38)
	... 13 more
)
[[ATTACHMENT|D:\\TestAutomation-SEBonus-Group10\\Test Automation - SE Bonus\\Reports\\20220115_220621\\Run all test cases\\20220115_220621\\1642260877225.png]]]]></system-out>
         <system-err><![CDATA[2022-01-15 22:33:53 - [TEST_CASE][FAILED] - Test Cases/Send feedback of assignment: Test Cases/Send feedback of assignment FAILED.
Reason:
com.kms.katalon.core.exception.StepFailedException: Unable to click on object 'Object Repository/Page_Course Test Automation/Page_TA Bonus assignment (Extend 1 week)/a_Grade'
	at com.kms.katalon.core.webui.keyword.internal.WebUIKeywordMain.stepFailed(WebUIKeywordMain.groovy:64)
	at com.kms.katalon.core.webui.keyword.internal.WebUIKeywordMain.runKeyword(WebUIKeywordMain.groovy:26)
	at com.kms.katalon.core.webui.keyword.builtin.ClickKeyword.click(ClickKeyword.groovy:74)
	at com.kms.katalon.core.webui.keyword.builtin.ClickKeyword.execute(ClickKeyword.groovy:40)
	at com.kms.katalon.core.keyword.internal.KeywordExecutor.executeKeywordForPlatform(KeywordExecutor.groovy:74)
	at com.kms.katalon.core.webui.keyword.WebUiBuiltInKeywords.click(WebUiBuiltInKeywords.groovy:620)
	at com.kms.katalon.core.webui.keyword.WebUiBuiltInKeywords$click$1.call(Unknown Source)
	at Send feedback of assignment.run(Send feedback of assignment:38)
	at com.kms.katalon.core.main.ScriptEngine.run(ScriptEngine.java:194)
	at com.kms.katalon.core.main.ScriptEngine.runScriptAsRawText(ScriptEngine.java:119)
	at com.kms.katalon.core.main.TestCaseExecutor.runScript(TestCaseExecutor.java:442)
	at com.kms.katalon.core.main.TestCaseExecutor.doExecute(TestCaseExecutor.java:433)
	at com.kms.katalon.core.main.TestCaseExecutor.processExecutionPhase(TestCaseExecutor.java:412)
	at com.kms.katalon.core.main.TestCaseExecutor.accessMainPhase(TestCaseExecutor.java:404)
	at com.kms.katalon.core.main.TestCaseExecutor.execute(TestCaseExecutor.java:281)
	at com.kms.katalon.core.main.TestSuiteExecutor.accessTestCaseMainPhase(TestSuiteExecutor.java:202)
	at com.kms.katalon.core.main.TestSuiteExecutor.accessTestSuiteMainPhase(TestSuiteExecutor.java:164)
	at com.kms.katalon.core.main.TestSuiteExecutor.execute(TestSuiteExecutor.java:105)
	at com.kms.katalon.core.main.TestCaseMain.startTestSuite(TestCaseMain.java:181)
	at com.kms.katalon.core.main.TestCaseMain$startTestSuite$0.call(Unknown Source)
	at TempTestSuite1642259181016.run(TempTestSuite1642259181016.groovy:36)
Caused by: com.kms.katalon.core.webui.exception.WebElementNotFoundException: Web element with id: 'Object Repository/Page_Course Test Automation/Page_TA Bonus assignment (Extend 1 week)/a_Grade' located by '(.//*[normalize-space(text()) and normalize-space(.)='Hidden from students'])[1]/preceding::a[1]' not found
	at com.kms.katalon.core.webui.common.WebUiCommonHelper.findWebElement(WebUiCommonHelper.java:1368)
	at com.kms.katalon.core.webui.keyword.internal.WebUIAbstractKeyword.findWebElement(WebUIAbstractKeyword.groovy:27)
	at com.kms.katalon.core.webui.keyword.builtin.ClickKeyword$_click_closure1.doCall(ClickKeyword.groovy:65)
	at com.kms.katalon.core.webui.keyword.builtin.ClickKeyword$_click_closure1.call(ClickKeyword.groovy)
	at com.kms.katalon.core.webui.keyword.internal.WebUIKeywordMain.runKeyword(WebUIKeywordMain.groovy:20)
	... 19 more]]></system-err>
      </testcase>
      <testcase name="Test Cases/View courses - Guest" time="10.644" classname="Test Cases/View courses - Guest" status="PASSED">
         <system-out><![CDATA[2022-01-15 22:34:37 - [TEST_CASE][PASSED] - Test Cases/View courses - Guest: Test Cases/View courses - Guest

2022-01-15 22:34:37 - [TEST_STEP][PASSED] - openBrowser(""): Browser is opened with url: ''

2022-01-15 22:34:37 - [MESSAGE][WARNING] - A browser is already opened. Closing browser and opening a new one

2022-01-15 22:34:38 - [MESSAGE][INFO] - Starting 'Edge Chromium' driver

2022-01-15 22:34:40 - [MESSAGE][INFO] - Action delay is set to 0 milliseconds

2022-01-15 22:34:41 - [MESSAGE][PASSED] - Browser is opened with url: ''

2022-01-15 22:34:41 - [TEST_STEP][PASSED] - navigateToUrl("http://localhost/"): Navigate to 'http://localhost/' successfully

2022-01-15 22:34:42 - [MESSAGE][PASSED] - Navigate to 'http://localhost/' successfully

2022-01-15 22:34:42 - [TEST_STEP][PASSED] - setText(findTestObject("Page_Group10 Administration Users Permissio_fb4295/Page_Home page/input_search_course"), "Test automation"): Text 'Test automation' is set on object 'Object Repository/Page_Group10 Administration Users Permissio_fb4295/Page_Home page/input_search_course'

2022-01-15 22:34:43 - [MESSAGE][PASSED] - Text 'Test automation' is set on object 'Object Repository/Page_Group10 Administration Users Permissio_fb4295/Page_Home page/input_search_course'

2022-01-15 22:34:43 - [TEST_STEP][PASSED] - click(findTestObject("Page_Group10 Administration Users Permissio_fb4295/Page_Home page/button_Search courses")): Object: 'Object Repository/Page_Group10 Administration Users Permissio_fb4295/Page_Home page/button_Search courses' is clicked on

2022-01-15 22:34:44 - [MESSAGE][PASSED] - Object: 'Object Repository/Page_Group10 Administration Users Permissio_fb4295/Page_Home page/button_Search courses' is clicked on

2022-01-15 22:34:44 - [TEST_STEP][PASSED] - click(findTestObject("Object Repository/Page_Home page Log in to the site/button_Log in as a guest")): Object: 'Object Repository/Page_Home page Log in to the site/button_Log in as a guest' is clicked on

2022-01-15 22:34:45 - [MESSAGE][PASSED] - Object: 'Object Repository/Page_Home page Log in to the site/button_Log in as a guest' is clicked on

2022-01-15 22:34:45 - [TEST_STEP][PASSED] - click(findTestObject("Object Repository/Page_TA/a_Test Automation")): Object: 'Object Repository/Page_TA/a_Test Automation' is clicked on

2022-01-15 22:34:45 - [MESSAGE][PASSED] - Object: 'Object Repository/Page_TA/a_Test Automation' is clicked on

2022-01-15 22:34:45 - [TEST_STEP][PASSED] - click(findTestObject("Object Repository/Page_TA/button_Continue")): Object: 'Object Repository/Page_TA/button_Continue' is clicked on

2022-01-15 22:34:47 - [MESSAGE][PASSED] - Object: 'Object Repository/Page_TA/button_Continue' is clicked on

2022-01-15 22:34:47 - [TEST_STEP][PASSED] - closeBrowser(): Browser is closed

2022-01-15 22:34:48 - [MESSAGE][PASSED] - Browser is closed]]></system-out>
         <system-err><![CDATA[]]></system-err>
      </testcase>
      <system-out><![CDATA[2022-01-15 22:06:34 - [TEST_SUITE][FAILED] - Run all test cases: Test Cases/Edit Mode Home - ADMIN FAILED.
Reason:
com.kms.katalon.core.exception.StepFailedException: Unable to click on object 'Object Repository/forum/Page_Home page/span_Add an activity or resource'
	at com.kms.katalon.core.webui.keyword.internal.WebUIKeywordMain.stepFailed(WebUIKeywordMain.groovy:64)
	at com.kms.katalon.core.webui.keyword.internal.WebUIKeywordMain.runKeyword(WebUIKeywordMain.groovy:26)
	at com.kms.katalon.core.webui.keyword.builtin.ClickKeyword.click(ClickKeyword.groovy:74)
	at com.kms.katalon.core.webui.keyword.builtin.ClickKeyword.execute(ClickKeyword.groovy:40)
	at com.kms.katalon.core.keyword.internal.KeywordExecutor.executeKeywordForPlatform(KeywordExecutor.groovy:74)
	at com.kms.katalon.core.webui.keyword.WebUiBuiltInKeywords.click(WebUiBuiltInKeywords.groovy:620)
	at com.kms.katalon.core.webui.keyword.WebUiBuiltInKeywords$click$1.call(Unknown Source)
	at Edit Mode Home - ADMIN.run(Edit Mode Home - ADMIN:36)
	at com.kms.katalon.core.main.ScriptEngine.run(ScriptEngine.java:194)
	at com.kms.katalon.core.main.ScriptEngine.runScriptAsRawText(ScriptEngine.java:119)
	at com.kms.katalon.core.main.TestCaseExecutor.runScript(TestCaseExecutor.java:442)
	at com.kms.katalon.core.main.TestCaseExecutor.doExecute(TestCaseExecutor.java:433)
	at com.kms.katalon.core.main.TestCaseExecutor.processExecutionPhase(TestCaseExecutor.java:412)
	at com.kms.katalon.core.main.TestCaseExecutor.accessMainPhase(TestCaseExecutor.java:404)
	at com.kms.katalon.core.main.TestCaseExecutor.execute(TestCaseExecutor.java:281)
	at com.kms.katalon.core.main.TestSuiteExecutor.accessTestCaseMainPhase(TestSuiteExecutor.java:202)
	at com.kms.katalon.core.main.TestSuiteExecutor.accessTestSuiteMainPhase(TestSuiteExecutor.java:164)
	at com.kms.katalon.core.main.TestSuiteExecutor.execute(TestSuiteExecutor.java:105)
	at com.kms.katalon.core.main.TestCaseMain.startTestSuite(TestCaseMain.java:181)
	at com.kms.katalon.core.main.TestCaseMain$startTestSuite$0.call(Unknown Source)
	at TempTestSuite1642259181016.run(TempTestSuite1642259181016.groovy:36)
Caused by: com.kms.katalon.core.webui.exception.WebElementNotFoundException: Web element with id: 'Object Repository/forum/Page_Home page/span_Add an activity or resource' located by '//*/text()[normalize-space(.)='Add an activity or resource']/parent::*' not found
	at com.kms.katalon.core.webui.common.WebUiCommonHelper.findWebElement(WebUiCommonHelper.java:1368)
	at com.kms.katalon.core.webui.keyword.internal.WebUIAbstractKeyword.findWebElement(WebUIAbstractKeyword.groovy:27)
	at com.kms.katalon.core.webui.keyword.builtin.ClickKeyword$_click_closure1.doCall(ClickKeyword.groovy:65)
	at com.kms.katalon.core.webui.keyword.builtin.ClickKeyword$_click_closure1.call(ClickKeyword.groovy)
	at com.kms.katalon.core.webui.keyword.internal.WebUIKeywordMain.runKeyword(WebUIKeywordMain.groovy:20)
	... 19 more]]></system-out>
      <system-err><![CDATA[2022-01-15 22:06:34 - [TEST_SUITE][FAILED] - Run all test cases: Test Cases/Edit Mode Home - ADMIN FAILED.
Reason:
com.kms.katalon.core.exception.StepFailedException: Unable to click on object 'Object Repository/forum/Page_Home page/span_Add an activity or resource'
	at com.kms.katalon.core.webui.keyword.internal.WebUIKeywordMain.stepFailed(WebUIKeywordMain.groovy:64)
	at com.kms.katalon.core.webui.keyword.internal.WebUIKeywordMain.runKeyword(WebUIKeywordMain.groovy:26)
	at com.kms.katalon.core.webui.keyword.builtin.ClickKeyword.click(ClickKeyword.groovy:74)
	at com.kms.katalon.core.webui.keyword.builtin.ClickKeyword.execute(ClickKeyword.groovy:40)
	at com.kms.katalon.core.keyword.internal.KeywordExecutor.executeKeywordForPlatform(KeywordExecutor.groovy:74)
	at com.kms.katalon.core.webui.keyword.WebUiBuiltInKeywords.click(WebUiBuiltInKeywords.groovy:620)
	at com.kms.katalon.core.webui.keyword.WebUiBuiltInKeywords$click$1.call(Unknown Source)
	at Edit Mode Home - ADMIN.run(Edit Mode Home - ADMIN:36)
	at com.kms.katalon.core.main.ScriptEngine.run(ScriptEngine.java:194)
	at com.kms.katalon.core.main.ScriptEngine.runScriptAsRawText(ScriptEngine.java:119)
	at com.kms.katalon.core.main.TestCaseExecutor.runScript(TestCaseExecutor.java:442)
	at com.kms.katalon.core.main.TestCaseExecutor.doExecute(TestCaseExecutor.java:433)
	at com.kms.katalon.core.main.TestCaseExecutor.processExecutionPhase(TestCaseExecutor.java:412)
	at com.kms.katalon.core.main.TestCaseExecutor.accessMainPhase(TestCaseExecutor.java:404)
	at com.kms.katalon.core.main.TestCaseExecutor.execute(TestCaseExecutor.java:281)
	at com.kms.katalon.core.main.TestSuiteExecutor.accessTestCaseMainPhase(TestSuiteExecutor.java:202)
	at com.kms.katalon.core.main.TestSuiteExecutor.accessTestSuiteMainPhase(TestSuiteExecutor.java:164)
	at com.kms.katalon.core.main.TestSuiteExecutor.execute(TestSuiteExecutor.java:105)
	at com.kms.katalon.core.main.TestCaseMain.startTestSuite(TestCaseMain.java:181)
	at com.kms.katalon.core.main.TestCaseMain$startTestSuite$0.call(Unknown Source)
	at TempTestSuite1642259181016.run(TempTestSuite1642259181016.groovy:36)
Caused by: com.kms.katalon.core.webui.exception.WebElementNotFoundException: Web element with id: 'Object Repository/forum/Page_Home page/span_Add an activity or resource' located by '//*/text()[normalize-space(.)='Add an activity or resource']/parent::*' not found
	at com.kms.katalon.core.webui.common.WebUiCommonHelper.findWebElement(WebUiCommonHelper.java:1368)
	at com.kms.katalon.core.webui.keyword.internal.WebUIAbstractKeyword.findWebElement(WebUIAbstractKeyword.groovy:27)
	at com.kms.katalon.core.webui.keyword.builtin.ClickKeyword$_click_closure1.doCall(ClickKeyword.groovy:65)
	at com.kms.katalon.core.webui.keyword.builtin.ClickKeyword$_click_closure1.call(ClickKeyword.groovy)
	at com.kms.katalon.core.webui.keyword.internal.WebUIKeywordMain.runKeyword(WebUIKeywordMain.groovy:20)
	... 19 more]]></system-err>
   </testsuite>
</testsuites>
