<?xml version="1.0" encoding="UTF-8"?>
<testsuites name="Run all test cases" time="1613.833" tests="50" failures="8" errors="0">
   <testsuite name="Run all test cases" tests="50" failures="8" errors="0" time="1613.833" skipped="0" timestamp="2022-01-16 01:24:07" hostname="Minh Sĩ Lê - host.docker.internal" id="Test Suites/Run all test cases">
      <properties>
         <property name="deviceName" value=""/>
         <property name="devicePlatform" value=""/>
         <property name="logFolder" value="D:\\TestAutomation-SEBonus-Group10\\Test Automation - SE Bonus\\Reports\\20220116_012355\\Run all test cases\\20220116_012356"/>
         <property name="logFiles" value="D:\\TestAutomation-SEBonus-Group10\\Test Automation - SE Bonus\\Reports\\20220116_012355\\Run all test cases\\20220116_012356\\execution0.log"/>
         <property name="attachments" value="D:\\TestAutomation-SEBonus-Group10\\Test Automation - SE Bonus\\Reports\\20220116_012355\\Run all test cases\\20220116_012356\\1642271269990.png, D:\\TestAutomation-SEBonus-Group10\\Test Automation - SE Bonus\\Reports\\20220116_012355\\Run all test cases\\20220116_012356\\1642271314033.png, D:\\TestAutomation-SEBonus-Group10\\Test Automation - SE Bonus\\Reports\\20220116_012355\\Run all test cases\\20220116_012356\\1642271358261.png, D:\\TestAutomation-SEBonus-Group10\\Test Automation - SE Bonus\\Reports\\20220116_012355\\Run all test cases\\20220116_012356\\1642271625785.png, D:\\TestAutomation-SEBonus-Group10\\Test Automation - SE Bonus\\Reports\\20220116_012355\\Run all test cases\\20220116_012356\\1642272056408.png, D:\\TestAutomation-SEBonus-Group10\\Test Automation - SE Bonus\\Reports\\20220116_012355\\Run all test cases\\20220116_012356\\1642272106068.png, D:\\TestAutomation-SEBonus-Group10\\Test Automation - SE Bonus\\Reports\\20220116_012355\\Run all test cases\\20220116_012356\\1642272159770.png, D:\\TestAutomation-SEBonus-Group10\\Test Automation - SE Bonus\\Reports\\20220116_012355\\Run all test cases\\20220116_012356\\1642272651262.png"/>
         <property name="hostName" value="Minh Sĩ Lê - host.docker.internal"/>
         <property name="os" value="Windows 10 64bit"/>
         <property name="katalonVersion" value="8.2.0.208"/>
         <property name="browser" value="Edge Chromium 97"/>
         <property name="hostAddress" value="192.168.1.10"/>
         <property name="sessionId" value="953cbae2137f3af283549a3b9a3c9ecf"/>
         <property name="seleniumVersion" value="3.141.59"/>
         <property name="proxyInformation" value="ProxyInformation { proxyOption=NO_PROXY, proxyServerType=HTTP, username=, password=********, proxyServerAddress=, proxyServerPort=0, executionList=&quot;&quot;, isApplyToDesiredCapabilities=true }"/>
         <property name="platform" value="Windows 10"/>
      </properties>
      <testcase name="Test Cases/Create Manager" time="37.259" classname="Test Cases/Create Manager" status="PASSED">
         <system-out><![CDATA[2022-01-16 01:24:07 - [TEST_CASE][PASSED] - Test Cases/Create Manager: Test Cases/Create Manager

2022-01-16 01:24:08 - [TEST_STEP][PASSED] - openBrowser(""): Browser is opened with url: ''

2022-01-16 01:24:08 - [MESSAGE][INFO] - Starting 'Edge Chromium' driver

2022-01-16 01:24:10 - [MESSAGE][INFO] - Action delay is set to 0 milliseconds

2022-01-16 01:24:12 - [MESSAGE][PASSED] - Browser is opened with url: ''

2022-01-16 01:24:12 - [TEST_STEP][PASSED] - navigateToUrl("http://localhost/"): Navigate to 'http://localhost/' successfully

2022-01-16 01:24:14 - [MESSAGE][PASSED] - Navigate to 'http://localhost/' successfully

2022-01-16 01:24:14 - [TEST_STEP][PASSED] - click(findTestObject("Object Repository/Page_Home page/a_Log in")): Object: 'Object Repository/Page_Home page/a_Log in' is clicked on

2022-01-16 01:24:15 - [MESSAGE][PASSED] - Object: 'Object Repository/Page_Home page/a_Log in' is clicked on

2022-01-16 01:24:15 - [TEST_STEP][PASSED] - setText(findTestObject("Object Repository/Page_Home page Log in to the site/input_Username_username"), "admin"): Text 'admin' is set on object 'Object Repository/Page_Home page Log in to the site/input_Username_username'

2022-01-16 01:24:16 - [MESSAGE][PASSED] - Text 'admin' is set on object 'Object Repository/Page_Home page Log in to the site/input_Username_username'

2022-01-16 01:24:16 - [TEST_STEP][PASSED] - setEncryptedText(findTestObject("Page_Home page Log in to the site/input_Password_password (1)"), "OFhcon1PzObx3ErJAwGfGA=="): Text ****** has been set on object 'Object Repository/Page_Home page Log in to the site/input_Password_password (1)'

2022-01-16 01:24:16 - [MESSAGE][PASSED] - Text ****** has been set on object 'Object Repository/Page_Home page Log in to the site/input_Password_password (1)'

2022-01-16 01:24:16 - [TEST_STEP][PASSED] - click(findTestObject("Object Repository/Page_Home page Log in to the site/button_Log in")): Object: 'Object Repository/Page_Home page Log in to the site/button_Log in' is clicked on

2022-01-16 01:24:18 - [MESSAGE][PASSED] - Object: 'Object Repository/Page_Home page Log in to the site/button_Log in' is clicked on

2022-01-16 01:24:18 - [TEST_STEP][PASSED] - click(findTestObject("Object Repository/Page_Dashboard/a_Site administration")): Object: 'Object Repository/Page_Dashboard/a_Site administration' is clicked on

2022-01-16 01:24:21 - [MESSAGE][PASSED] - Object: 'Object Repository/Page_Dashboard/a_Site administration' is clicked on

2022-01-16 01:24:21 - [TEST_STEP][PASSED] - scrollToPosition(0, 0): Browser is scrolled to position x = 0, y = 0

2022-01-16 01:24:21 - [MESSAGE][PASSED] - Browser is scrolled to position x = 0, y = 0

2022-01-16 01:24:21 - [TEST_STEP][PASSED] - click(findTestObject("Object Repository/Page_Group10 Administration Search/a_Users")): Object: 'Object Repository/Page_Group10 Administration Search/a_Users' is clicked on

2022-01-16 01:24:21 - [MESSAGE][PASSED] - Object: 'Object Repository/Page_Group10 Administration Search/a_Users' is clicked on

2022-01-16 01:24:21 - [TEST_STEP][PASSED] - click(findTestObject("Object Repository/Page_Group10 Administration Search/a_Add a new user")): Object: 'Object Repository/Page_Group10 Administration Search/a_Add a new user' is clicked on

2022-01-16 01:24:23 - [MESSAGE][PASSED] - Object: 'Object Repository/Page_Group10 Administration Search/a_Add a new user' is clicked on

2022-01-16 01:24:23 - [TEST_STEP][PASSED] - setText(findTestObject("Object Repository/Page_Group10 Administration Users Accounts _5007a8/input_Username_username"), "manager1"): Text 'manager1' is set on object 'Object Repository/Page_Group10 Administration Users Accounts _5007a8/input_Username_username'

2022-01-16 01:24:24 - [MESSAGE][PASSED] - Text 'manager1' is set on object 'Object Repository/Page_Group10 Administration Users Accounts _5007a8/input_Username_username'

2022-01-16 01:24:24 - [TEST_STEP][PASSED] - click(findTestObject("Object Repository/Page_Group10 Administration Users Accounts _5007a8/em_Click to enter text")): Object: 'Object Repository/Page_Group10 Administration Users Accounts _5007a8/em_Click to enter text' is clicked on

2022-01-16 01:24:25 - [MESSAGE][PASSED] - Object: 'Object Repository/Page_Group10 Administration Users Accounts _5007a8/em_Click to enter text' is clicked on

2022-01-16 01:24:25 - [TEST_STEP][PASSED] - setEncryptedText(findTestObject("Object Repository/Page_Group10 Administration Users Accounts _5007a8/input_New password_newpassword"), "OFhcon1PzObx3ErJAwGfGA=="): Text ****** has been set on object 'Object Repository/Page_Group10 Administration Users Accounts _5007a8/input_New password_newpassword'

2022-01-16 01:24:26 - [MESSAGE][PASSED] - Text ****** has been set on object 'Object Repository/Page_Group10 Administration Users Accounts _5007a8/input_New password_newpassword'

2022-01-16 01:24:26 - [TEST_STEP][PASSED] - click(findTestObject("Object Repository/Page_Group10 Administration Users Accounts _5007a8/i_Click to enter text_icon fa fa-eye fa-fw")): Object: 'Object Repository/Page_Group10 Administration Users Accounts _5007a8/i_Click to enter text_icon fa fa-eye fa-fw' is clicked on

2022-01-16 01:24:26 - [MESSAGE][PASSED] - Object: 'Object Repository/Page_Group10 Administration Users Accounts _5007a8/i_Click to enter text_icon fa fa-eye fa-fw' is clicked on

2022-01-16 01:24:26 - [TEST_STEP][PASSED] - setText(findTestObject("Object Repository/Page_Group10 Administration Users Accounts _5007a8/input_First name_firstname"), "Nguyen"): Text 'Nguyen' is set on object 'Object Repository/Page_Group10 Administration Users Accounts _5007a8/input_First name_firstname'

2022-01-16 01:24:27 - [MESSAGE][PASSED] - Text 'Nguyen' is set on object 'Object Repository/Page_Group10 Administration Users Accounts _5007a8/input_First name_firstname'

2022-01-16 01:24:27 - [TEST_STEP][PASSED] - setText(findTestObject("Object Repository/Page_Group10 Administration Users Accounts _5007a8/input_Surname_lastname"), "Vy"): Text 'Vy' is set on object 'Object Repository/Page_Group10 Administration Users Accounts _5007a8/input_Surname_lastname'

2022-01-16 01:24:28 - [MESSAGE][PASSED] - Text 'Vy' is set on object 'Object Repository/Page_Group10 Administration Users Accounts _5007a8/input_Surname_lastname'

2022-01-16 01:24:28 - [TEST_STEP][PASSED] - setText(findTestObject("Object Repository/Page_Group10 Administration Users Accounts _5007a8/input_Email address_email"), "manager1@email.com"): Text 'manager1@email.com' is set on object 'Object Repository/Page_Group10 Administration Users Accounts _5007a8/input_Email address_email'

2022-01-16 01:24:29 - [MESSAGE][PASSED] - Text 'manager1@email.com' is set on object 'Object Repository/Page_Group10 Administration Users Accounts _5007a8/input_Email address_email'

2022-01-16 01:24:29 - [TEST_STEP][PASSED] - click(findTestObject("Object Repository/Page_Group10 Administration Users Accounts _5007a8/input_Address_submitbutton")): Object: 'Object Repository/Page_Group10 Administration Users Accounts _5007a8/input_Address_submitbutton' is clicked on

2022-01-16 01:24:31 - [MESSAGE][PASSED] - Object: 'Object Repository/Page_Group10 Administration Users Accounts _5007a8/input_Address_submitbutton' is clicked on

2022-01-16 01:24:31 - [TEST_STEP][PASSED] - click(findTestObject("Object Repository/Page_Group10 Administration Users Permissio_4e74a7/a_Site administration")): Object: 'Object Repository/Page_Group10 Administration Users Permissio_4e74a7/a_Site administration' is clicked on

2022-01-16 01:24:32 - [MESSAGE][PASSED] - Object: 'Object Repository/Page_Group10 Administration Users Permissio_4e74a7/a_Site administration' is clicked on

2022-01-16 01:24:32 - [TEST_STEP][PASSED] - scrollToPosition(0, 0): Browser is scrolled to position x = 0, y = 0

2022-01-16 01:24:32 - [MESSAGE][PASSED] - Browser is scrolled to position x = 0, y = 0

2022-01-16 01:24:32 - [TEST_STEP][PASSED] - click(findTestObject("Object Repository/Page_Group10 Administration Search/a_Users")): Object: 'Object Repository/Page_Group10 Administration Search/a_Users' is clicked on

2022-01-16 01:24:33 - [MESSAGE][PASSED] - Object: 'Object Repository/Page_Group10 Administration Search/a_Users' is clicked on

2022-01-16 01:24:33 - [TEST_STEP][PASSED] - click(findTestObject("Object Repository/Page_Group10 Administration Search/a_Assign system roles")): Object: 'Object Repository/Page_Group10 Administration Search/a_Assign system roles' is clicked on

2022-01-16 01:24:34 - [MESSAGE][PASSED] - Object: 'Object Repository/Page_Group10 Administration Search/a_Assign system roles' is clicked on

2022-01-16 01:24:34 - [TEST_STEP][PASSED] - click(findTestObject("Object Repository/Page_Group10 Administration Users Permissio_fb4295/a_Manager")): Object: 'Object Repository/Page_Group10 Administration Users Permissio_fb4295/a_Manager' is clicked on

2022-01-16 01:24:35 - [MESSAGE][PASSED] - Object: 'Object Repository/Page_Group10 Administration Users Permissio_fb4295/a_Manager' is clicked on

2022-01-16 01:24:35 - [TEST_STEP][PASSED] - click(findTestObject("Page_Group10 Administration Users Permissions Assign system roles/option_Nguyen Vy (manager1email.com)")): Object: 'Object Repository/Page_Group10 Administration Users Permissions Assign system roles/option_Nguyen Vy (manager1email.com)' is clicked on

2022-01-16 01:24:36 - [MESSAGE][PASSED] - Object: 'Object Repository/Page_Group10 Administration Users Permissions Assign system roles/option_Nguyen Vy (manager1email.com)' is clicked on

2022-01-16 01:24:36 - [TEST_STEP][PASSED] - click(findTestObject("Object Repository/Page_Group10 Administration Users Permissio_fb4295/input_Match the search text anywhere in the_89f7b5")): Object: 'Object Repository/Page_Group10 Administration Users Permissio_fb4295/input_Match the search text anywhere in the_89f7b5' is clicked on

2022-01-16 01:24:37 - [MESSAGE][PASSED] - Object: 'Object Repository/Page_Group10 Administration Users Permissio_fb4295/input_Match the search text anywhere in the_89f7b5' is clicked on

2022-01-16 01:24:37 - [TEST_STEP][PASSED] - click(findTestObject("Object Repository/Page_Group10 Administration Users Accounts _9567d5/span_AU")): Object: 'Object Repository/Page_Group10 Administration Users Accounts _9567d5/span_AU' is clicked on

2022-01-16 01:24:38 - [MESSAGE][PASSED] - Object: 'Object Repository/Page_Group10 Administration Users Accounts _9567d5/span_AU' is clicked on

2022-01-16 01:24:38 - [TEST_STEP][PASSED] - click(findTestObject("Object Repository/Page_Group10 Administration Users Accounts _9567d5/a_Log out")): Object: 'Object Repository/Page_Group10 Administration Users Accounts _9567d5/a_Log out' is clicked on

2022-01-16 01:24:39 - [MESSAGE][PASSED] - Object: 'Object Repository/Page_Group10 Administration Users Accounts _9567d5/a_Log out' is clicked on

2022-01-16 01:24:39 - [TEST_STEP][PASSED] - click(findTestObject("Object Repository/Page_Home page/span_Log in")): Object: 'Object Repository/Page_Home page/span_Log in' is clicked on

2022-01-16 01:24:39 - [MESSAGE][PASSED] - Object: 'Object Repository/Page_Home page/span_Log in' is clicked on

2022-01-16 01:24:39 - [TEST_STEP][PASSED] - setText(findTestObject("Object Repository/Page_Home page Log in to the site/input_Username_username"), "manager1"): Text 'manager1' is set on object 'Object Repository/Page_Home page Log in to the site/input_Username_username'

2022-01-16 01:24:40 - [MESSAGE][PASSED] - Text 'manager1' is set on object 'Object Repository/Page_Home page Log in to the site/input_Username_username'

2022-01-16 01:24:40 - [TEST_STEP][PASSED] - setEncryptedText(findTestObject("Page_Home page Log in to the site/input_Password_password (1)"), "OFhcon1PzObx3ErJAwGfGA=="): Text ****** has been set on object 'Object Repository/Page_Home page Log in to the site/input_Password_password (1)'

2022-01-16 01:24:41 - [MESSAGE][PASSED] - Text ****** has been set on object 'Object Repository/Page_Home page Log in to the site/input_Password_password (1)'

2022-01-16 01:24:41 - [TEST_STEP][PASSED] - click(findTestObject("Object Repository/Page_Home page Log in to the site/button_Log in")): Object: 'Object Repository/Page_Home page Log in to the site/button_Log in' is clicked on

2022-01-16 01:24:42 - [MESSAGE][PASSED] - Object: 'Object Repository/Page_Home page Log in to the site/button_Log in' is clicked on

2022-01-16 01:24:42 - [TEST_STEP][PASSED] - click(findTestObject("Object Repository/Page_Dashboard/a_NV")): Object: 'Object Repository/Page_Dashboard/a_NV' is clicked on

2022-01-16 01:24:43 - [MESSAGE][PASSED] - Object: 'Object Repository/Page_Dashboard/a_NV' is clicked on

2022-01-16 01:24:43 - [TEST_STEP][PASSED] - click(findTestObject("Object Repository/Page_Dashboard/a_Log out")): Object: 'Object Repository/Page_Dashboard/a_Log out' is clicked on

2022-01-16 01:24:44 - [MESSAGE][PASSED] - Object: 'Object Repository/Page_Dashboard/a_Log out' is clicked on

2022-01-16 01:24:44 - [TEST_STEP][PASSED] - closeBrowser(): Browser is closed

2022-01-16 01:24:45 - [MESSAGE][PASSED] - Browser is closed]]></system-out>
         <system-err><![CDATA[]]></system-err>
      </testcase>
      <testcase name="Test Cases/Create Course creator" time="33.119" classname="Test Cases/Create Course creator" status="PASSED">
         <system-out><![CDATA[2022-01-16 01:24:45 - [TEST_CASE][PASSED] - Test Cases/Create Course creator: Test Cases/Create Course creator

2022-01-16 01:24:45 - [TEST_STEP][PASSED] - openBrowser(""): Browser is opened with url: ''

2022-01-16 01:24:45 - [MESSAGE][INFO] - Starting 'Edge Chromium' driver

2022-01-16 01:24:47 - [MESSAGE][INFO] - Action delay is set to 0 milliseconds

2022-01-16 01:24:48 - [MESSAGE][PASSED] - Browser is opened with url: ''

2022-01-16 01:24:48 - [TEST_STEP][PASSED] - navigateToUrl("http://localhost/"): Navigate to 'http://localhost/' successfully

2022-01-16 01:24:49 - [MESSAGE][PASSED] - Navigate to 'http://localhost/' successfully

2022-01-16 01:24:49 - [TEST_STEP][PASSED] - click(findTestObject("Object Repository/Page_Home page/a_Log in")): Object: 'Object Repository/Page_Home page/a_Log in' is clicked on

2022-01-16 01:24:50 - [MESSAGE][PASSED] - Object: 'Object Repository/Page_Home page/a_Log in' is clicked on

2022-01-16 01:24:50 - [TEST_STEP][PASSED] - setText(findTestObject("Object Repository/Page_Home page Log in to the site/input_Username_username"), "admin"): Text 'admin' is set on object 'Object Repository/Page_Home page Log in to the site/input_Username_username'

2022-01-16 01:24:51 - [MESSAGE][PASSED] - Text 'admin' is set on object 'Object Repository/Page_Home page Log in to the site/input_Username_username'

2022-01-16 01:24:51 - [TEST_STEP][PASSED] - setEncryptedText(findTestObject("Page_Home page Log in to the site/input_Password_password (1)"), "OFhcon1PzObx3ErJAwGfGA=="): Text ****** has been set on object 'Object Repository/Page_Home page Log in to the site/input_Password_password (1)'

2022-01-16 01:24:51 - [MESSAGE][PASSED] - Text ****** has been set on object 'Object Repository/Page_Home page Log in to the site/input_Password_password (1)'

2022-01-16 01:24:51 - [TEST_STEP][PASSED] - click(findTestObject("Object Repository/Page_Home page Log in to the site/button_Log in")): Object: 'Object Repository/Page_Home page Log in to the site/button_Log in' is clicked on

2022-01-16 01:24:52 - [MESSAGE][PASSED] - Object: 'Object Repository/Page_Home page Log in to the site/button_Log in' is clicked on

2022-01-16 01:24:52 - [TEST_STEP][PASSED] - click(findTestObject("Object Repository/Page_Dashboard/a_Site administration")): Object: 'Object Repository/Page_Dashboard/a_Site administration' is clicked on

2022-01-16 01:24:55 - [MESSAGE][PASSED] - Object: 'Object Repository/Page_Dashboard/a_Site administration' is clicked on

2022-01-16 01:24:55 - [TEST_STEP][PASSED] - scrollToPosition(0, 0): Browser is scrolled to position x = 0, y = 0

2022-01-16 01:24:55 - [MESSAGE][PASSED] - Browser is scrolled to position x = 0, y = 0

2022-01-16 01:24:55 - [TEST_STEP][PASSED] - click(findTestObject("Object Repository/Page_Group10 Administration Search/a_Users")): Object: 'Object Repository/Page_Group10 Administration Search/a_Users' is clicked on

2022-01-16 01:24:55 - [MESSAGE][PASSED] - Object: 'Object Repository/Page_Group10 Administration Search/a_Users' is clicked on

2022-01-16 01:24:55 - [TEST_STEP][PASSED] - click(findTestObject("Object Repository/Page_Group10 Administration Search/a_Add a new user")): Object: 'Object Repository/Page_Group10 Administration Search/a_Add a new user' is clicked on

2022-01-16 01:24:57 - [MESSAGE][PASSED] - Object: 'Object Repository/Page_Group10 Administration Search/a_Add a new user' is clicked on

2022-01-16 01:24:57 - [TEST_STEP][PASSED] - setText(findTestObject("Object Repository/Page_Group10 Administration Users Accounts _5007a8/input_Username_username"), "coursecreator1"): Text 'coursecreator1' is set on object 'Object Repository/Page_Group10 Administration Users Accounts _5007a8/input_Username_username'

2022-01-16 01:24:58 - [MESSAGE][PASSED] - Text 'coursecreator1' is set on object 'Object Repository/Page_Group10 Administration Users Accounts _5007a8/input_Username_username'

2022-01-16 01:24:58 - [TEST_STEP][PASSED] - click(findTestObject("Object Repository/Page_Group10 Administration Users Accounts _5007a8/em_Click to enter text")): Object: 'Object Repository/Page_Group10 Administration Users Accounts _5007a8/em_Click to enter text' is clicked on

2022-01-16 01:24:59 - [MESSAGE][PASSED] - Object: 'Object Repository/Page_Group10 Administration Users Accounts _5007a8/em_Click to enter text' is clicked on

2022-01-16 01:24:59 - [TEST_STEP][PASSED] - setEncryptedText(findTestObject("Object Repository/Page_Group10 Administration Users Accounts _5007a8/input_New password_newpassword"), "OFhcon1PzObx3ErJAwGfGA=="): Text ****** has been set on object 'Object Repository/Page_Group10 Administration Users Accounts _5007a8/input_New password_newpassword'

2022-01-16 01:24:59 - [MESSAGE][PASSED] - Text ****** has been set on object 'Object Repository/Page_Group10 Administration Users Accounts _5007a8/input_New password_newpassword'

2022-01-16 01:24:59 - [TEST_STEP][PASSED] - click(findTestObject("Object Repository/Page_Group10 Administration Users Accounts _5007a8/i_Click to enter text_icon fa fa-eye fa-fw")): Object: 'Object Repository/Page_Group10 Administration Users Accounts _5007a8/i_Click to enter text_icon fa fa-eye fa-fw' is clicked on

2022-01-16 01:25:00 - [MESSAGE][PASSED] - Object: 'Object Repository/Page_Group10 Administration Users Accounts _5007a8/i_Click to enter text_icon fa fa-eye fa-fw' is clicked on

2022-01-16 01:25:00 - [TEST_STEP][PASSED] - setText(findTestObject("Object Repository/Page_Group10 Administration Users Accounts _5007a8/input_First name_firstname"), "Nguyen"): Text 'Nguyen' is set on object 'Object Repository/Page_Group10 Administration Users Accounts _5007a8/input_First name_firstname'

2022-01-16 01:25:01 - [MESSAGE][PASSED] - Text 'Nguyen' is set on object 'Object Repository/Page_Group10 Administration Users Accounts _5007a8/input_First name_firstname'

2022-01-16 01:25:01 - [TEST_STEP][PASSED] - setText(findTestObject("Object Repository/Page_Group10 Administration Users Accounts _5007a8/input_Surname_lastname"), "Nga"): Text 'Nga' is set on object 'Object Repository/Page_Group10 Administration Users Accounts _5007a8/input_Surname_lastname'

2022-01-16 01:25:01 - [MESSAGE][PASSED] - Text 'Nga' is set on object 'Object Repository/Page_Group10 Administration Users Accounts _5007a8/input_Surname_lastname'

2022-01-16 01:25:01 - [TEST_STEP][PASSED] - setText(findTestObject("Object Repository/Page_Group10 Administration Users Accounts _5007a8/input_Email address_email"), "coursecreator1@email.com"): Text 'coursecreator1@email.com' is set on object 'Object Repository/Page_Group10 Administration Users Accounts _5007a8/input_Email address_email'

2022-01-16 01:25:02 - [MESSAGE][PASSED] - Text 'coursecreator1@email.com' is set on object 'Object Repository/Page_Group10 Administration Users Accounts _5007a8/input_Email address_email'

2022-01-16 01:25:02 - [TEST_STEP][PASSED] - click(findTestObject("Object Repository/Page_Group10 Administration Users Accounts _5007a8/input_Address_submitbutton")): Object: 'Object Repository/Page_Group10 Administration Users Accounts _5007a8/input_Address_submitbutton' is clicked on

2022-01-16 01:25:04 - [MESSAGE][PASSED] - Object: 'Object Repository/Page_Group10 Administration Users Accounts _5007a8/input_Address_submitbutton' is clicked on

2022-01-16 01:25:04 - [TEST_STEP][PASSED] - click(findTestObject("Object Repository/Page_Group10 Administration Users Permissio_4e74a7/a_Site administration")): Object: 'Object Repository/Page_Group10 Administration Users Permissio_4e74a7/a_Site administration' is clicked on

2022-01-16 01:25:06 - [MESSAGE][PASSED] - Object: 'Object Repository/Page_Group10 Administration Users Permissio_4e74a7/a_Site administration' is clicked on

2022-01-16 01:25:06 - [TEST_STEP][PASSED] - scrollToPosition(0, 0): Browser is scrolled to position x = 0, y = 0

2022-01-16 01:25:06 - [MESSAGE][PASSED] - Browser is scrolled to position x = 0, y = 0

2022-01-16 01:25:06 - [TEST_STEP][PASSED] - click(findTestObject("Object Repository/Page_Group10 Administration Search/a_Users")): Object: 'Object Repository/Page_Group10 Administration Search/a_Users' is clicked on

2022-01-16 01:25:06 - [MESSAGE][PASSED] - Object: 'Object Repository/Page_Group10 Administration Search/a_Users' is clicked on

2022-01-16 01:25:06 - [TEST_STEP][PASSED] - click(findTestObject("Object Repository/Page_Group10 Administration Search/a_Assign system roles")): Object: 'Object Repository/Page_Group10 Administration Search/a_Assign system roles' is clicked on

2022-01-16 01:25:08 - [MESSAGE][PASSED] - Object: 'Object Repository/Page_Group10 Administration Search/a_Assign system roles' is clicked on

2022-01-16 01:25:08 - [TEST_STEP][PASSED] - click(findTestObject("Page_Group10 Administration Users Permissions Assign system roles/a_Course creator")): Object: 'Object Repository/Page_Group10 Administration Users Permissions Assign system roles/a_Course creator' is clicked on

2022-01-16 01:25:09 - [MESSAGE][PASSED] - Object: 'Object Repository/Page_Group10 Administration Users Permissions Assign system roles/a_Course creator' is clicked on

2022-01-16 01:25:09 - [TEST_STEP][PASSED] - click(findTestObject("Page_Group10 Administration Users Permissions Assign system roles/option_Nguyen Nga (coursecreator1email.com)")): Object: 'Object Repository/Page_Group10 Administration Users Permissions Assign system roles/option_Nguyen Nga (coursecreator1email.com)' is clicked on

2022-01-16 01:25:09 - [MESSAGE][PASSED] - Object: 'Object Repository/Page_Group10 Administration Users Permissions Assign system roles/option_Nguyen Nga (coursecreator1email.com)' is clicked on

2022-01-16 01:25:09 - [TEST_STEP][PASSED] - click(findTestObject("Object Repository/Page_Group10 Administration Users Permissio_fb4295/input_Match the search text anywhere in the_89f7b5")): Object: 'Object Repository/Page_Group10 Administration Users Permissio_fb4295/input_Match the search text anywhere in the_89f7b5' is clicked on

2022-01-16 01:25:11 - [MESSAGE][PASSED] - Object: 'Object Repository/Page_Group10 Administration Users Permissio_fb4295/input_Match the search text anywhere in the_89f7b5' is clicked on

2022-01-16 01:25:11 - [TEST_STEP][PASSED] - click(findTestObject("Object Repository/Page_Group10 Administration Users Accounts _9567d5/span_AU")): Object: 'Object Repository/Page_Group10 Administration Users Accounts _9567d5/span_AU' is clicked on

2022-01-16 01:25:11 - [MESSAGE][PASSED] - Object: 'Object Repository/Page_Group10 Administration Users Accounts _9567d5/span_AU' is clicked on

2022-01-16 01:25:11 - [TEST_STEP][PASSED] - click(findTestObject("Object Repository/Page_Group10 Administration Users Accounts _9567d5/a_Log out")): Object: 'Object Repository/Page_Group10 Administration Users Accounts _9567d5/a_Log out' is clicked on

2022-01-16 01:25:12 - [MESSAGE][PASSED] - Object: 'Object Repository/Page_Group10 Administration Users Accounts _9567d5/a_Log out' is clicked on

2022-01-16 01:25:12 - [TEST_STEP][PASSED] - click(findTestObject("Object Repository/Page_Home page/span_Log in")): Object: 'Object Repository/Page_Home page/span_Log in' is clicked on

2022-01-16 01:25:13 - [MESSAGE][PASSED] - Object: 'Object Repository/Page_Home page/span_Log in' is clicked on

2022-01-16 01:25:13 - [TEST_STEP][PASSED] - setText(findTestObject("Object Repository/Page_Home page Log in to the site/input_Username_username"), "coursecreator1"): Text 'coursecreator1' is set on object 'Object Repository/Page_Home page Log in to the site/input_Username_username'

2022-01-16 01:25:13 - [MESSAGE][PASSED] - Text 'coursecreator1' is set on object 'Object Repository/Page_Home page Log in to the site/input_Username_username'

2022-01-16 01:25:13 - [TEST_STEP][PASSED] - setEncryptedText(findTestObject("Page_Home page Log in to the site/input_Password_password (1)"), "OFhcon1PzObx3ErJAwGfGA=="): Text ****** has been set on object 'Object Repository/Page_Home page Log in to the site/input_Password_password (1)'

2022-01-16 01:25:14 - [MESSAGE][PASSED] - Text ****** has been set on object 'Object Repository/Page_Home page Log in to the site/input_Password_password (1)'

2022-01-16 01:25:14 - [TEST_STEP][PASSED] - click(findTestObject("Object Repository/Page_Home page Log in to the site/button_Log in")): Object: 'Object Repository/Page_Home page Log in to the site/button_Log in' is clicked on

2022-01-16 01:25:15 - [MESSAGE][PASSED] - Object: 'Object Repository/Page_Home page Log in to the site/button_Log in' is clicked on

2022-01-16 01:25:15 - [TEST_STEP][PASSED] - click(findTestObject("Object Repository/Page_Dashboard/a_NV")): Object: 'Object Repository/Page_Dashboard/a_NV' is clicked on

2022-01-16 01:25:16 - [MESSAGE][PASSED] - Object: 'Object Repository/Page_Dashboard/a_NV' is clicked on

2022-01-16 01:25:16 - [TEST_STEP][PASSED] - click(findTestObject("Object Repository/Page_Dashboard/a_Log out")): Object: 'Object Repository/Page_Dashboard/a_Log out' is clicked on

2022-01-16 01:25:17 - [MESSAGE][PASSED] - Object: 'Object Repository/Page_Dashboard/a_Log out' is clicked on

2022-01-16 01:25:17 - [TEST_STEP][PASSED] - closeBrowser(): Browser is closed

2022-01-16 01:25:18 - [MESSAGE][PASSED] - Browser is closed]]></system-out>
         <system-err><![CDATA[]]></system-err>
      </testcase>
      <testcase name="Test Cases/Create Teacher" time="34.511" classname="Test Cases/Create Teacher" status="PASSED">
         <system-out><![CDATA[2022-01-16 01:25:18 - [TEST_CASE][PASSED] - Test Cases/Create Teacher: Test Cases/Create Teacher

2022-01-16 01:25:18 - [TEST_STEP][PASSED] - openBrowser(""): Browser is opened with url: ''

2022-01-16 01:25:18 - [MESSAGE][INFO] - Starting 'Edge Chromium' driver

2022-01-16 01:25:20 - [MESSAGE][INFO] - Action delay is set to 0 milliseconds

2022-01-16 01:25:21 - [MESSAGE][PASSED] - Browser is opened with url: ''

2022-01-16 01:25:21 - [TEST_STEP][PASSED] - navigateToUrl("http://localhost/"): Navigate to 'http://localhost/' successfully

2022-01-16 01:25:22 - [MESSAGE][PASSED] - Navigate to 'http://localhost/' successfully

2022-01-16 01:25:22 - [TEST_STEP][PASSED] - click(findTestObject("Object Repository/Page_Home page/a_Log in")): Object: 'Object Repository/Page_Home page/a_Log in' is clicked on

2022-01-16 01:25:23 - [MESSAGE][PASSED] - Object: 'Object Repository/Page_Home page/a_Log in' is clicked on

2022-01-16 01:25:23 - [TEST_STEP][PASSED] - setText(findTestObject("Object Repository/Page_Home page Log in to the site/input_Username_username"), "admin"): Text 'admin' is set on object 'Object Repository/Page_Home page Log in to the site/input_Username_username'

2022-01-16 01:25:24 - [MESSAGE][PASSED] - Text 'admin' is set on object 'Object Repository/Page_Home page Log in to the site/input_Username_username'

2022-01-16 01:25:24 - [TEST_STEP][PASSED] - setEncryptedText(findTestObject("Page_Home page Log in to the site/input_Password_password (1)"), "OFhcon1PzObx3ErJAwGfGA=="): Text ****** has been set on object 'Object Repository/Page_Home page Log in to the site/input_Password_password (1)'

2022-01-16 01:25:24 - [MESSAGE][PASSED] - Text ****** has been set on object 'Object Repository/Page_Home page Log in to the site/input_Password_password (1)'

2022-01-16 01:25:24 - [TEST_STEP][PASSED] - click(findTestObject("Object Repository/Page_Home page Log in to the site/button_Log in")): Object: 'Object Repository/Page_Home page Log in to the site/button_Log in' is clicked on

2022-01-16 01:25:26 - [MESSAGE][PASSED] - Object: 'Object Repository/Page_Home page Log in to the site/button_Log in' is clicked on

2022-01-16 01:25:26 - [TEST_STEP][PASSED] - click(findTestObject("Object Repository/Page_Dashboard/a_Site administration")): Object: 'Object Repository/Page_Dashboard/a_Site administration' is clicked on

2022-01-16 01:25:28 - [MESSAGE][PASSED] - Object: 'Object Repository/Page_Dashboard/a_Site administration' is clicked on

2022-01-16 01:25:28 - [TEST_STEP][PASSED] - click(findTestObject("Object Repository/Page_Group10 Administration Search/a_Users")): Object: 'Object Repository/Page_Group10 Administration Search/a_Users' is clicked on

2022-01-16 01:25:28 - [MESSAGE][PASSED] - Object: 'Object Repository/Page_Group10 Administration Search/a_Users' is clicked on

2022-01-16 01:25:28 - [TEST_STEP][PASSED] - click(findTestObject("Object Repository/Page_Group10 Administration Search/a_Add a new user")): Object: 'Object Repository/Page_Group10 Administration Search/a_Add a new user' is clicked on

2022-01-16 01:25:30 - [MESSAGE][PASSED] - Object: 'Object Repository/Page_Group10 Administration Search/a_Add a new user' is clicked on

2022-01-16 01:25:30 - [TEST_STEP][PASSED] - setText(findTestObject("Object Repository/Page_Group10 Administration Users Accounts _5007a8/input_Username_username"), "teacher1"): Text 'teacher1' is set on object 'Object Repository/Page_Group10 Administration Users Accounts _5007a8/input_Username_username'

2022-01-16 01:25:31 - [MESSAGE][PASSED] - Text 'teacher1' is set on object 'Object Repository/Page_Group10 Administration Users Accounts _5007a8/input_Username_username'

2022-01-16 01:25:31 - [TEST_STEP][PASSED] - click(findTestObject("Object Repository/Page_Group10 Administration Users Accounts _5007a8/em_Click to enter text")): Object: 'Object Repository/Page_Group10 Administration Users Accounts _5007a8/em_Click to enter text' is clicked on

2022-01-16 01:25:32 - [MESSAGE][PASSED] - Object: 'Object Repository/Page_Group10 Administration Users Accounts _5007a8/em_Click to enter text' is clicked on

2022-01-16 01:25:32 - [TEST_STEP][PASSED] - setEncryptedText(findTestObject("Object Repository/Page_Group10 Administration Users Accounts _5007a8/input_New password_newpassword"), "OFhcon1PzObx3ErJAwGfGA=="): Text ****** has been set on object 'Object Repository/Page_Group10 Administration Users Accounts _5007a8/input_New password_newpassword'

2022-01-16 01:25:32 - [MESSAGE][PASSED] - Text ****** has been set on object 'Object Repository/Page_Group10 Administration Users Accounts _5007a8/input_New password_newpassword'

2022-01-16 01:25:32 - [TEST_STEP][PASSED] - click(findTestObject("Object Repository/Page_Group10 Administration Users Accounts _5007a8/i_Click to enter text_icon fa fa-eye fa-fw")): Object: 'Object Repository/Page_Group10 Administration Users Accounts _5007a8/i_Click to enter text_icon fa fa-eye fa-fw' is clicked on

2022-01-16 01:25:33 - [MESSAGE][PASSED] - Object: 'Object Repository/Page_Group10 Administration Users Accounts _5007a8/i_Click to enter text_icon fa fa-eye fa-fw' is clicked on

2022-01-16 01:25:33 - [TEST_STEP][PASSED] - setText(findTestObject("Object Repository/Page_Group10 Administration Users Accounts _5007a8/input_First name_firstname"), "Nguyen"): Text 'Nguyen' is set on object 'Object Repository/Page_Group10 Administration Users Accounts _5007a8/input_First name_firstname'

2022-01-16 01:25:34 - [MESSAGE][PASSED] - Text 'Nguyen' is set on object 'Object Repository/Page_Group10 Administration Users Accounts _5007a8/input_First name_firstname'

2022-01-16 01:25:34 - [TEST_STEP][PASSED] - setText(findTestObject("Object Repository/Page_Group10 Administration Users Accounts _5007a8/input_Surname_lastname"), "Nga"): Text 'Nga' is set on object 'Object Repository/Page_Group10 Administration Users Accounts _5007a8/input_Surname_lastname'

2022-01-16 01:25:35 - [MESSAGE][PASSED] - Text 'Nga' is set on object 'Object Repository/Page_Group10 Administration Users Accounts _5007a8/input_Surname_lastname'

2022-01-16 01:25:35 - [TEST_STEP][PASSED] - setText(findTestObject("Object Repository/Page_Group10 Administration Users Accounts _5007a8/input_Email address_email"), "teacher1@email.com"): Text 'teacher1@email.com' is set on object 'Object Repository/Page_Group10 Administration Users Accounts _5007a8/input_Email address_email'

2022-01-16 01:25:36 - [MESSAGE][PASSED] - Text 'teacher1@email.com' is set on object 'Object Repository/Page_Group10 Administration Users Accounts _5007a8/input_Email address_email'

2022-01-16 01:25:36 - [TEST_STEP][PASSED] - click(findTestObject("Object Repository/Page_Group10 Administration Users Accounts _5007a8/input_Address_submitbutton")): Object: 'Object Repository/Page_Group10 Administration Users Accounts _5007a8/input_Address_submitbutton' is clicked on

2022-01-16 01:25:37 - [MESSAGE][PASSED] - Object: 'Object Repository/Page_Group10 Administration Users Accounts _5007a8/input_Address_submitbutton' is clicked on

2022-01-16 01:25:37 - [TEST_STEP][PASSED] - click(findTestObject("Object Repository/Page_Group10 Administration Users Permissio_4e74a7/a_Site administration")): Object: 'Object Repository/Page_Group10 Administration Users Permissio_4e74a7/a_Site administration' is clicked on

2022-01-16 01:25:39 - [MESSAGE][PASSED] - Object: 'Object Repository/Page_Group10 Administration Users Permissio_4e74a7/a_Site administration' is clicked on

2022-01-16 01:25:39 - [TEST_STEP][PASSED] - scrollToPosition(0, 0): Browser is scrolled to position x = 0, y = 0

2022-01-16 01:25:39 - [MESSAGE][PASSED] - Browser is scrolled to position x = 0, y = 0

2022-01-16 01:25:39 - [TEST_STEP][PASSED] - click(findTestObject("Object Repository/Page_Group10 Administration Search/a_Users")): Object: 'Object Repository/Page_Group10 Administration Search/a_Users' is clicked on

2022-01-16 01:25:40 - [MESSAGE][PASSED] - Object: 'Object Repository/Page_Group10 Administration Search/a_Users' is clicked on

2022-01-16 01:25:40 - [TEST_STEP][PASSED] - click(findTestObject("Object Repository/Page_Group10 Administration Search/a_Assign system roles")): Object: 'Object Repository/Page_Group10 Administration Search/a_Assign system roles' is clicked on

2022-01-16 01:25:41 - [MESSAGE][PASSED] - Object: 'Object Repository/Page_Group10 Administration Search/a_Assign system roles' is clicked on

2022-01-16 01:25:41 - [TEST_STEP][PASSED] - click(findTestObject("Page_Group10 Administration Users Permissions Assign system roles/a_Teacher")): Object: 'Object Repository/Page_Group10 Administration Users Permissions Assign system roles/a_Teacher' is clicked on

2022-01-16 01:25:42 - [MESSAGE][PASSED] - Object: 'Object Repository/Page_Group10 Administration Users Permissions Assign system roles/a_Teacher' is clicked on

2022-01-16 01:25:42 - [TEST_STEP][PASSED] - click(findTestObject("Page_Group10 Administration Users Permissions Assign system roles/option_Nguyen Nga (teacher1email.com)")): Object: 'Object Repository/Page_Group10 Administration Users Permissions Assign system roles/option_Nguyen Nga (teacher1email.com)' is clicked on

2022-01-16 01:25:43 - [MESSAGE][PASSED] - Object: 'Object Repository/Page_Group10 Administration Users Permissions Assign system roles/option_Nguyen Nga (teacher1email.com)' is clicked on

2022-01-16 01:25:43 - [TEST_STEP][PASSED] - click(findTestObject("Object Repository/Page_Group10 Administration Users Permissio_fb4295/input_Match the search text anywhere in the_89f7b5")): Object: 'Object Repository/Page_Group10 Administration Users Permissio_fb4295/input_Match the search text anywhere in the_89f7b5' is clicked on

2022-01-16 01:25:44 - [MESSAGE][PASSED] - Object: 'Object Repository/Page_Group10 Administration Users Permissio_fb4295/input_Match the search text anywhere in the_89f7b5' is clicked on

2022-01-16 01:25:44 - [TEST_STEP][PASSED] - click(findTestObject("Object Repository/Page_Group10 Administration Users Accounts _9567d5/span_AU")): Object: 'Object Repository/Page_Group10 Administration Users Accounts _9567d5/span_AU' is clicked on

2022-01-16 01:25:45 - [MESSAGE][PASSED] - Object: 'Object Repository/Page_Group10 Administration Users Accounts _9567d5/span_AU' is clicked on

2022-01-16 01:25:45 - [TEST_STEP][PASSED] - click(findTestObject("Object Repository/Page_Group10 Administration Users Accounts _9567d5/a_Log out")): Object: 'Object Repository/Page_Group10 Administration Users Accounts _9567d5/a_Log out' is clicked on

2022-01-16 01:25:46 - [MESSAGE][PASSED] - Object: 'Object Repository/Page_Group10 Administration Users Accounts _9567d5/a_Log out' is clicked on

2022-01-16 01:25:46 - [TEST_STEP][PASSED] - click(findTestObject("Object Repository/Page_Home page/span_Log in")): Object: 'Object Repository/Page_Home page/span_Log in' is clicked on

2022-01-16 01:25:47 - [MESSAGE][PASSED] - Object: 'Object Repository/Page_Home page/span_Log in' is clicked on

2022-01-16 01:25:47 - [TEST_STEP][PASSED] - setText(findTestObject("Object Repository/Page_Home page Log in to the site/input_Username_username"), "teacher1"): Text 'teacher1' is set on object 'Object Repository/Page_Home page Log in to the site/input_Username_username'

2022-01-16 01:25:48 - [MESSAGE][PASSED] - Text 'teacher1' is set on object 'Object Repository/Page_Home page Log in to the site/input_Username_username'

2022-01-16 01:25:48 - [TEST_STEP][PASSED] - setEncryptedText(findTestObject("Page_Home page Log in to the site/input_Password_password (1)"), "OFhcon1PzObx3ErJAwGfGA=="): Text ****** has been set on object 'Object Repository/Page_Home page Log in to the site/input_Password_password (1)'

2022-01-16 01:25:48 - [MESSAGE][PASSED] - Text ****** has been set on object 'Object Repository/Page_Home page Log in to the site/input_Password_password (1)'

2022-01-16 01:25:48 - [TEST_STEP][PASSED] - click(findTestObject("Object Repository/Page_Home page Log in to the site/button_Log in")): Object: 'Object Repository/Page_Home page Log in to the site/button_Log in' is clicked on

2022-01-16 01:25:50 - [MESSAGE][PASSED] - Object: 'Object Repository/Page_Home page Log in to the site/button_Log in' is clicked on

2022-01-16 01:25:50 - [TEST_STEP][PASSED] - click(findTestObject("Object Repository/Page_Dashboard/a_NV")): Object: 'Object Repository/Page_Dashboard/a_NV' is clicked on

2022-01-16 01:25:50 - [MESSAGE][PASSED] - Object: 'Object Repository/Page_Dashboard/a_NV' is clicked on

2022-01-16 01:25:50 - [TEST_STEP][PASSED] - click(findTestObject("Object Repository/Page_Dashboard/a_Log out")): Object: 'Object Repository/Page_Dashboard/a_Log out' is clicked on

2022-01-16 01:25:51 - [MESSAGE][PASSED] - Object: 'Object Repository/Page_Dashboard/a_Log out' is clicked on

2022-01-16 01:25:51 - [TEST_STEP][PASSED] - closeBrowser(): Browser is closed

2022-01-16 01:25:52 - [MESSAGE][PASSED] - Browser is closed]]></system-out>
         <system-err><![CDATA[]]></system-err>
      </testcase>
      <testcase name="Test Cases/Create nonediting teacher" time="35.976" classname="Test Cases/Create nonediting teacher" status="PASSED">
         <system-out><![CDATA[2022-01-16 01:25:52 - [TEST_CASE][PASSED] - Test Cases/Create nonediting teacher: Test Cases/Create nonediting teacher

2022-01-16 01:25:53 - [TEST_STEP][PASSED] - openBrowser(""): Browser is opened with url: ''

2022-01-16 01:25:53 - [MESSAGE][INFO] - Starting 'Edge Chromium' driver

2022-01-16 01:25:55 - [MESSAGE][INFO] - Action delay is set to 0 milliseconds

2022-01-16 01:25:56 - [MESSAGE][PASSED] - Browser is opened with url: ''

2022-01-16 01:25:56 - [TEST_STEP][PASSED] - navigateToUrl("http://localhost/"): Navigate to 'http://localhost/' successfully

2022-01-16 01:25:57 - [MESSAGE][PASSED] - Navigate to 'http://localhost/' successfully

2022-01-16 01:25:57 - [TEST_STEP][PASSED] - click(findTestObject("Object Repository/Page_Home page/a_Log in")): Object: 'Object Repository/Page_Home page/a_Log in' is clicked on

2022-01-16 01:25:58 - [MESSAGE][PASSED] - Object: 'Object Repository/Page_Home page/a_Log in' is clicked on

2022-01-16 01:25:58 - [TEST_STEP][PASSED] - setText(findTestObject("Object Repository/Page_Home page Log in to the site/input_Username_username"), "admin"): Text 'admin' is set on object 'Object Repository/Page_Home page Log in to the site/input_Username_username'

2022-01-16 01:25:59 - [MESSAGE][PASSED] - Text 'admin' is set on object 'Object Repository/Page_Home page Log in to the site/input_Username_username'

2022-01-16 01:25:59 - [TEST_STEP][PASSED] - setEncryptedText(findTestObject("Page_Home page Log in to the site/input_Password_password (1)"), "OFhcon1PzObx3ErJAwGfGA=="): Text ****** has been set on object 'Object Repository/Page_Home page Log in to the site/input_Password_password (1)'

2022-01-16 01:26:00 - [MESSAGE][PASSED] - Text ****** has been set on object 'Object Repository/Page_Home page Log in to the site/input_Password_password (1)'

2022-01-16 01:26:00 - [TEST_STEP][PASSED] - click(findTestObject("Object Repository/Page_Home page Log in to the site/button_Log in")): Object: 'Object Repository/Page_Home page Log in to the site/button_Log in' is clicked on

2022-01-16 01:26:01 - [MESSAGE][PASSED] - Object: 'Object Repository/Page_Home page Log in to the site/button_Log in' is clicked on

2022-01-16 01:26:01 - [TEST_STEP][PASSED] - click(findTestObject("Object Repository/Page_Dashboard/a_Site administration")): Object: 'Object Repository/Page_Dashboard/a_Site administration' is clicked on

2022-01-16 01:26:03 - [MESSAGE][PASSED] - Object: 'Object Repository/Page_Dashboard/a_Site administration' is clicked on

2022-01-16 01:26:03 - [TEST_STEP][PASSED] - click(findTestObject("Object Repository/Page_Group10 Administration Search/a_Users")): Object: 'Object Repository/Page_Group10 Administration Search/a_Users' is clicked on

2022-01-16 01:26:04 - [MESSAGE][PASSED] - Object: 'Object Repository/Page_Group10 Administration Search/a_Users' is clicked on

2022-01-16 01:26:04 - [TEST_STEP][PASSED] - click(findTestObject("Object Repository/Page_Group10 Administration Search/a_Add a new user")): Object: 'Object Repository/Page_Group10 Administration Search/a_Add a new user' is clicked on

2022-01-16 01:26:06 - [MESSAGE][PASSED] - Object: 'Object Repository/Page_Group10 Administration Search/a_Add a new user' is clicked on

2022-01-16 01:26:06 - [TEST_STEP][PASSED] - setText(findTestObject("Object Repository/Page_Group10 Administration Users Accounts _5007a8/input_Username_username"), "noneditingteacher1"): Text 'noneditingteacher1' is set on object 'Object Repository/Page_Group10 Administration Users Accounts _5007a8/input_Username_username'

2022-01-16 01:26:08 - [MESSAGE][PASSED] - Text 'noneditingteacher1' is set on object 'Object Repository/Page_Group10 Administration Users Accounts _5007a8/input_Username_username'

2022-01-16 01:26:08 - [TEST_STEP][PASSED] - click(findTestObject("Object Repository/Page_Group10 Administration Users Accounts _5007a8/em_Click to enter text")): Object: 'Object Repository/Page_Group10 Administration Users Accounts _5007a8/em_Click to enter text' is clicked on

2022-01-16 01:26:08 - [MESSAGE][PASSED] - Object: 'Object Repository/Page_Group10 Administration Users Accounts _5007a8/em_Click to enter text' is clicked on

2022-01-16 01:26:08 - [TEST_STEP][PASSED] - setEncryptedText(findTestObject("Object Repository/Page_Group10 Administration Users Accounts _5007a8/input_New password_newpassword"), "OFhcon1PzObx3ErJAwGfGA=="): Text ****** has been set on object 'Object Repository/Page_Group10 Administration Users Accounts _5007a8/input_New password_newpassword'

2022-01-16 01:26:09 - [MESSAGE][PASSED] - Text ****** has been set on object 'Object Repository/Page_Group10 Administration Users Accounts _5007a8/input_New password_newpassword'

2022-01-16 01:26:09 - [TEST_STEP][PASSED] - click(findTestObject("Object Repository/Page_Group10 Administration Users Accounts _5007a8/i_Click to enter text_icon fa fa-eye fa-fw")): Object: 'Object Repository/Page_Group10 Administration Users Accounts _5007a8/i_Click to enter text_icon fa fa-eye fa-fw' is clicked on

2022-01-16 01:26:09 - [MESSAGE][PASSED] - Object: 'Object Repository/Page_Group10 Administration Users Accounts _5007a8/i_Click to enter text_icon fa fa-eye fa-fw' is clicked on

2022-01-16 01:26:09 - [TEST_STEP][PASSED] - setText(findTestObject("Object Repository/Page_Group10 Administration Users Accounts _5007a8/input_First name_firstname"), "Tran"): Text 'Tran' is set on object 'Object Repository/Page_Group10 Administration Users Accounts _5007a8/input_First name_firstname'

2022-01-16 01:26:10 - [MESSAGE][PASSED] - Text 'Tran' is set on object 'Object Repository/Page_Group10 Administration Users Accounts _5007a8/input_First name_firstname'

2022-01-16 01:26:10 - [TEST_STEP][PASSED] - setText(findTestObject("Object Repository/Page_Group10 Administration Users Accounts _5007a8/input_Surname_lastname"), "Lam"): Text 'Lam' is set on object 'Object Repository/Page_Group10 Administration Users Accounts _5007a8/input_Surname_lastname'

2022-01-16 01:26:11 - [MESSAGE][PASSED] - Text 'Lam' is set on object 'Object Repository/Page_Group10 Administration Users Accounts _5007a8/input_Surname_lastname'

2022-01-16 01:26:11 - [TEST_STEP][PASSED] - setText(findTestObject("Object Repository/Page_Group10 Administration Users Accounts _5007a8/input_Email address_email"), "noneditingteacher1@email.com"): Text 'noneditingteacher1@email.com' is set on object 'Object Repository/Page_Group10 Administration Users Accounts _5007a8/input_Email address_email'

2022-01-16 01:26:12 - [MESSAGE][PASSED] - Text 'noneditingteacher1@email.com' is set on object 'Object Repository/Page_Group10 Administration Users Accounts _5007a8/input_Email address_email'

2022-01-16 01:26:12 - [TEST_STEP][PASSED] - click(findTestObject("Object Repository/Page_Group10 Administration Users Accounts _5007a8/input_Address_submitbutton")): Object: 'Object Repository/Page_Group10 Administration Users Accounts _5007a8/input_Address_submitbutton' is clicked on

2022-01-16 01:26:14 - [MESSAGE][PASSED] - Object: 'Object Repository/Page_Group10 Administration Users Accounts _5007a8/input_Address_submitbutton' is clicked on

2022-01-16 01:26:14 - [TEST_STEP][PASSED] - click(findTestObject("Object Repository/Page_Group10 Administration Users Permissio_4e74a7/a_Site administration")): Object: 'Object Repository/Page_Group10 Administration Users Permissio_4e74a7/a_Site administration' is clicked on

2022-01-16 01:26:15 - [MESSAGE][PASSED] - Object: 'Object Repository/Page_Group10 Administration Users Permissio_4e74a7/a_Site administration' is clicked on

2022-01-16 01:26:15 - [TEST_STEP][PASSED] - scrollToPosition(0, 0): Browser is scrolled to position x = 0, y = 0

2022-01-16 01:26:15 - [MESSAGE][PASSED] - Browser is scrolled to position x = 0, y = 0

2022-01-16 01:26:15 - [TEST_STEP][PASSED] - click(findTestObject("Object Repository/Page_Group10 Administration Search/a_Users")): Object: 'Object Repository/Page_Group10 Administration Search/a_Users' is clicked on

2022-01-16 01:26:16 - [MESSAGE][PASSED] - Object: 'Object Repository/Page_Group10 Administration Search/a_Users' is clicked on

2022-01-16 01:26:16 - [TEST_STEP][PASSED] - click(findTestObject("Object Repository/Page_Group10 Administration Search/a_Assign system roles")): Object: 'Object Repository/Page_Group10 Administration Search/a_Assign system roles' is clicked on

2022-01-16 01:26:17 - [MESSAGE][PASSED] - Object: 'Object Repository/Page_Group10 Administration Search/a_Assign system roles' is clicked on

2022-01-16 01:26:17 - [TEST_STEP][PASSED] - click(findTestObject("Page_Group10 Administration Users Permissions Assign system roles/a_Non-editing teacher")): Object: 'Object Repository/Page_Group10 Administration Users Permissions Assign system roles/a_Non-editing teacher' is clicked on

2022-01-16 01:26:19 - [MESSAGE][PASSED] - Object: 'Object Repository/Page_Group10 Administration Users Permissions Assign system roles/a_Non-editing teacher' is clicked on

2022-01-16 01:26:19 - [TEST_STEP][PASSED] - click(findTestObject("Page_Group10 Administration Users Permissions Assign system roles/option_Tran Lam (noneditingteacher1email.com)")): Object: 'Object Repository/Page_Group10 Administration Users Permissions Assign system roles/option_Tran Lam (noneditingteacher1email.com)' is clicked on

2022-01-16 01:26:19 - [MESSAGE][PASSED] - Object: 'Object Repository/Page_Group10 Administration Users Permissions Assign system roles/option_Tran Lam (noneditingteacher1email.com)' is clicked on

2022-01-16 01:26:19 - [TEST_STEP][PASSED] - click(findTestObject("Object Repository/Page_Group10 Administration Users Permissio_fb4295/input_Match the search text anywhere in the_89f7b5")): Object: 'Object Repository/Page_Group10 Administration Users Permissio_fb4295/input_Match the search text anywhere in the_89f7b5' is clicked on

2022-01-16 01:26:21 - [MESSAGE][PASSED] - Object: 'Object Repository/Page_Group10 Administration Users Permissio_fb4295/input_Match the search text anywhere in the_89f7b5' is clicked on

2022-01-16 01:26:21 - [TEST_STEP][PASSED] - click(findTestObject("Object Repository/Page_Group10 Administration Users Accounts _9567d5/span_AU")): Object: 'Object Repository/Page_Group10 Administration Users Accounts _9567d5/span_AU' is clicked on

2022-01-16 01:26:21 - [MESSAGE][PASSED] - Object: 'Object Repository/Page_Group10 Administration Users Accounts _9567d5/span_AU' is clicked on

2022-01-16 01:26:21 - [TEST_STEP][PASSED] - click(findTestObject("Object Repository/Page_Group10 Administration Users Accounts _9567d5/a_Log out")): Object: 'Object Repository/Page_Group10 Administration Users Accounts _9567d5/a_Log out' is clicked on

2022-01-16 01:26:22 - [MESSAGE][PASSED] - Object: 'Object Repository/Page_Group10 Administration Users Accounts _9567d5/a_Log out' is clicked on

2022-01-16 01:26:22 - [TEST_STEP][PASSED] - click(findTestObject("Object Repository/Page_Home page/span_Log in")): Object: 'Object Repository/Page_Home page/span_Log in' is clicked on

2022-01-16 01:26:23 - [MESSAGE][PASSED] - Object: 'Object Repository/Page_Home page/span_Log in' is clicked on

2022-01-16 01:26:23 - [TEST_STEP][PASSED] - setText(findTestObject("Object Repository/Page_Home page Log in to the site/input_Username_username"), "noneditingteacher1"): Text 'noneditingteacher1' is set on object 'Object Repository/Page_Home page Log in to the site/input_Username_username'

2022-01-16 01:26:24 - [MESSAGE][PASSED] - Text 'noneditingteacher1' is set on object 'Object Repository/Page_Home page Log in to the site/input_Username_username'

2022-01-16 01:26:24 - [TEST_STEP][PASSED] - setEncryptedText(findTestObject("Page_Home page Log in to the site/input_Password_password (1)"), "OFhcon1PzObx3ErJAwGfGA=="): Text ****** has been set on object 'Object Repository/Page_Home page Log in to the site/input_Password_password (1)'

2022-01-16 01:26:24 - [MESSAGE][PASSED] - Text ****** has been set on object 'Object Repository/Page_Home page Log in to the site/input_Password_password (1)'

2022-01-16 01:26:24 - [TEST_STEP][PASSED] - click(findTestObject("Object Repository/Page_Home page Log in to the site/button_Log in")): Object: 'Object Repository/Page_Home page Log in to the site/button_Log in' is clicked on

2022-01-16 01:26:26 - [MESSAGE][PASSED] - Object: 'Object Repository/Page_Home page Log in to the site/button_Log in' is clicked on

2022-01-16 01:26:26 - [TEST_STEP][PASSED] - click(findTestObject("Object Repository/Page_Dashboard/a_NV")): Object: 'Object Repository/Page_Dashboard/a_NV' is clicked on

2022-01-16 01:26:26 - [MESSAGE][PASSED] - Object: 'Object Repository/Page_Dashboard/a_NV' is clicked on

2022-01-16 01:26:26 - [TEST_STEP][PASSED] - click(findTestObject("Object Repository/Page_Dashboard/a_Log out")): Object: 'Object Repository/Page_Dashboard/a_Log out' is clicked on

2022-01-16 01:26:27 - [MESSAGE][PASSED] - Object: 'Object Repository/Page_Dashboard/a_Log out' is clicked on

2022-01-16 01:26:27 - [TEST_STEP][PASSED] - closeBrowser(): Browser is closed

2022-01-16 01:26:28 - [MESSAGE][PASSED] - Browser is closed]]></system-out>
         <system-err><![CDATA[]]></system-err>
      </testcase>
      <testcase name="Test Cases/Create Student" time="36.509" classname="Test Cases/Create Student" status="PASSED">
         <system-out><![CDATA[2022-01-16 01:26:28 - [TEST_CASE][PASSED] - Test Cases/Create Student: Test Cases/Create Student

2022-01-16 01:26:29 - [TEST_STEP][PASSED] - openBrowser(""): Browser is opened with url: ''

2022-01-16 01:26:29 - [MESSAGE][INFO] - Starting 'Edge Chromium' driver

2022-01-16 01:26:31 - [MESSAGE][INFO] - Action delay is set to 0 milliseconds

2022-01-16 01:26:32 - [MESSAGE][PASSED] - Browser is opened with url: ''

2022-01-16 01:26:32 - [TEST_STEP][PASSED] - navigateToUrl("http://localhost/"): Navigate to 'http://localhost/' successfully

2022-01-16 01:26:33 - [MESSAGE][PASSED] - Navigate to 'http://localhost/' successfully

2022-01-16 01:26:33 - [TEST_STEP][PASSED] - click(findTestObject("Object Repository/Page_Home page/a_Log in")): Object: 'Object Repository/Page_Home page/a_Log in' is clicked on

2022-01-16 01:26:34 - [MESSAGE][PASSED] - Object: 'Object Repository/Page_Home page/a_Log in' is clicked on

2022-01-16 01:26:34 - [TEST_STEP][PASSED] - setText(findTestObject("Object Repository/Page_Home page Log in to the site/input_Username_username"), "admin"): Text 'admin' is set on object 'Object Repository/Page_Home page Log in to the site/input_Username_username'

2022-01-16 01:26:35 - [MESSAGE][PASSED] - Text 'admin' is set on object 'Object Repository/Page_Home page Log in to the site/input_Username_username'

2022-01-16 01:26:35 - [TEST_STEP][PASSED] - setEncryptedText(findTestObject("Page_Home page Log in to the site/input_Password_password (1)"), "OFhcon1PzObx3ErJAwGfGA=="): Text ****** has been set on object 'Object Repository/Page_Home page Log in to the site/input_Password_password (1)'

2022-01-16 01:26:35 - [MESSAGE][PASSED] - Text ****** has been set on object 'Object Repository/Page_Home page Log in to the site/input_Password_password (1)'

2022-01-16 01:26:35 - [TEST_STEP][PASSED] - click(findTestObject("Object Repository/Page_Home page Log in to the site/button_Log in")): Object: 'Object Repository/Page_Home page Log in to the site/button_Log in' is clicked on

2022-01-16 01:26:37 - [MESSAGE][PASSED] - Object: 'Object Repository/Page_Home page Log in to the site/button_Log in' is clicked on

2022-01-16 01:26:37 - [TEST_STEP][PASSED] - click(findTestObject("Object Repository/Page_Dashboard/a_Site administration")): Object: 'Object Repository/Page_Dashboard/a_Site administration' is clicked on

2022-01-16 01:26:39 - [MESSAGE][PASSED] - Object: 'Object Repository/Page_Dashboard/a_Site administration' is clicked on

2022-01-16 01:26:39 - [TEST_STEP][PASSED] - scrollToPosition(0, 0): Browser is scrolled to position x = 0, y = 0

2022-01-16 01:26:39 - [MESSAGE][PASSED] - Browser is scrolled to position x = 0, y = 0

2022-01-16 01:26:39 - [TEST_STEP][PASSED] - click(findTestObject("Object Repository/Page_Group10 Administration Search/a_Users")): Object: 'Object Repository/Page_Group10 Administration Search/a_Users' is clicked on

2022-01-16 01:26:40 - [MESSAGE][PASSED] - Object: 'Object Repository/Page_Group10 Administration Search/a_Users' is clicked on

2022-01-16 01:26:40 - [TEST_STEP][PASSED] - click(findTestObject("Object Repository/Page_Group10 Administration Search/a_Add a new user")): Object: 'Object Repository/Page_Group10 Administration Search/a_Add a new user' is clicked on

2022-01-16 01:26:42 - [MESSAGE][PASSED] - Object: 'Object Repository/Page_Group10 Administration Search/a_Add a new user' is clicked on

2022-01-16 01:26:42 - [TEST_STEP][PASSED] - setText(findTestObject("Object Repository/Page_Group10 Administration Users Accounts _5007a8/input_Username_username"), "student1"): Text 'student1' is set on object 'Object Repository/Page_Group10 Administration Users Accounts _5007a8/input_Username_username'

2022-01-16 01:26:43 - [MESSAGE][PASSED] - Text 'student1' is set on object 'Object Repository/Page_Group10 Administration Users Accounts _5007a8/input_Username_username'

2022-01-16 01:26:43 - [TEST_STEP][PASSED] - click(findTestObject("Object Repository/Page_Group10 Administration Users Accounts _5007a8/em_Click to enter text")): Object: 'Object Repository/Page_Group10 Administration Users Accounts _5007a8/em_Click to enter text' is clicked on

2022-01-16 01:26:44 - [MESSAGE][PASSED] - Object: 'Object Repository/Page_Group10 Administration Users Accounts _5007a8/em_Click to enter text' is clicked on

2022-01-16 01:26:44 - [TEST_STEP][PASSED] - setEncryptedText(findTestObject("Object Repository/Page_Group10 Administration Users Accounts _5007a8/input_New password_newpassword"), "9ExR24d8uBTe5Y0Xu9Ji6w=="): Text ****** has been set on object 'Object Repository/Page_Group10 Administration Users Accounts _5007a8/input_New password_newpassword'

2022-01-16 01:26:44 - [MESSAGE][PASSED] - Text ****** has been set on object 'Object Repository/Page_Group10 Administration Users Accounts _5007a8/input_New password_newpassword'

2022-01-16 01:26:44 - [TEST_STEP][PASSED] - click(findTestObject("Object Repository/Page_Group10 Administration Users Accounts _5007a8/i_Click to enter text_icon fa fa-eye fa-fw")): Object: 'Object Repository/Page_Group10 Administration Users Accounts _5007a8/i_Click to enter text_icon fa fa-eye fa-fw' is clicked on

2022-01-16 01:26:45 - [MESSAGE][PASSED] - Object: 'Object Repository/Page_Group10 Administration Users Accounts _5007a8/i_Click to enter text_icon fa fa-eye fa-fw' is clicked on

2022-01-16 01:26:45 - [TEST_STEP][PASSED] - setText(findTestObject("Object Repository/Page_Group10 Administration Users Accounts _5007a8/input_First name_firstname"), "Nguyen"): Text 'Nguyen' is set on object 'Object Repository/Page_Group10 Administration Users Accounts _5007a8/input_First name_firstname'

2022-01-16 01:26:46 - [MESSAGE][PASSED] - Text 'Nguyen' is set on object 'Object Repository/Page_Group10 Administration Users Accounts _5007a8/input_First name_firstname'

2022-01-16 01:26:46 - [TEST_STEP][PASSED] - setText(findTestObject("Object Repository/Page_Group10 Administration Users Accounts _5007a8/input_Surname_lastname"), "Hoa"): Text 'Hoa' is set on object 'Object Repository/Page_Group10 Administration Users Accounts _5007a8/input_Surname_lastname'

2022-01-16 01:26:47 - [MESSAGE][PASSED] - Text 'Hoa' is set on object 'Object Repository/Page_Group10 Administration Users Accounts _5007a8/input_Surname_lastname'

2022-01-16 01:26:47 - [TEST_STEP][PASSED] - setText(findTestObject("Object Repository/Page_Group10 Administration Users Accounts _5007a8/input_Email address_email"), "student1@email.com"): Text 'student1@email.com' is set on object 'Object Repository/Page_Group10 Administration Users Accounts _5007a8/input_Email address_email'

2022-01-16 01:26:47 - [MESSAGE][PASSED] - Text 'student1@email.com' is set on object 'Object Repository/Page_Group10 Administration Users Accounts _5007a8/input_Email address_email'

2022-01-16 01:26:47 - [TEST_STEP][PASSED] - click(findTestObject("Object Repository/Page_Group10 Administration Users Accounts _5007a8/input_Address_submitbutton")): Object: 'Object Repository/Page_Group10 Administration Users Accounts _5007a8/input_Address_submitbutton' is clicked on

2022-01-16 01:26:50 - [MESSAGE][PASSED] - Object: 'Object Repository/Page_Group10 Administration Users Accounts _5007a8/input_Address_submitbutton' is clicked on

2022-01-16 01:26:50 - [TEST_STEP][PASSED] - click(findTestObject("Object Repository/Page_Group10 Administration Users Accounts _9567d5/span_AU")): Object: 'Object Repository/Page_Group10 Administration Users Accounts _9567d5/span_AU' is clicked on

2022-01-16 01:26:50 - [MESSAGE][PASSED] - Object: 'Object Repository/Page_Group10 Administration Users Accounts _9567d5/span_AU' is clicked on

2022-01-16 01:26:50 - [TEST_STEP][PASSED] - click(findTestObject("Object Repository/Page_Group10 Administration Users Permissio_4e74a7/a_Site administration")): Object: 'Object Repository/Page_Group10 Administration Users Permissio_4e74a7/a_Site administration' is clicked on

2022-01-16 01:26:52 - [MESSAGE][PASSED] - Object: 'Object Repository/Page_Group10 Administration Users Permissio_4e74a7/a_Site administration' is clicked on

2022-01-16 01:26:52 - [TEST_STEP][PASSED] - scrollToPosition(0, 0): Browser is scrolled to position x = 0, y = 0

2022-01-16 01:26:52 - [MESSAGE][PASSED] - Browser is scrolled to position x = 0, y = 0

2022-01-16 01:26:52 - [TEST_STEP][PASSED] - click(findTestObject("Object Repository/Page_Group10 Administration Search/a_Users")): Object: 'Object Repository/Page_Group10 Administration Search/a_Users' is clicked on

2022-01-16 01:26:52 - [MESSAGE][PASSED] - Object: 'Object Repository/Page_Group10 Administration Search/a_Users' is clicked on

2022-01-16 01:26:52 - [TEST_STEP][PASSED] - click(findTestObject("Object Repository/Page_Group10 Administration Search/a_Assign system roles")): Object: 'Object Repository/Page_Group10 Administration Search/a_Assign system roles' is clicked on

2022-01-16 01:26:54 - [MESSAGE][PASSED] - Object: 'Object Repository/Page_Group10 Administration Search/a_Assign system roles' is clicked on

2022-01-16 01:26:54 - [TEST_STEP][PASSED] - click(findTestObject("Page_Group10 Administration Users Permissions Assign system roles/a_Student")): Object: 'Object Repository/Page_Group10 Administration Users Permissions Assign system roles/a_Student' is clicked on

2022-01-16 01:26:55 - [MESSAGE][PASSED] - Object: 'Object Repository/Page_Group10 Administration Users Permissions Assign system roles/a_Student' is clicked on

2022-01-16 01:26:55 - [TEST_STEP][PASSED] - click(findTestObject("Page_Group10 Administration Users Permissions Assign system roles/option_Nguyen Hoa (student1email.com)")): Object: 'Object Repository/Page_Group10 Administration Users Permissions Assign system roles/option_Nguyen Hoa (student1email.com)' is clicked on

2022-01-16 01:26:56 - [MESSAGE][PASSED] - Object: 'Object Repository/Page_Group10 Administration Users Permissions Assign system roles/option_Nguyen Hoa (student1email.com)' is clicked on

2022-01-16 01:26:56 - [TEST_STEP][PASSED] - click(findTestObject("Object Repository/Page_Group10 Administration Users Permissio_fb4295/input_Match the search text anywhere in the_89f7b5")): Object: 'Object Repository/Page_Group10 Administration Users Permissio_fb4295/input_Match the search text anywhere in the_89f7b5' is clicked on

2022-01-16 01:26:57 - [MESSAGE][PASSED] - Object: 'Object Repository/Page_Group10 Administration Users Permissio_fb4295/input_Match the search text anywhere in the_89f7b5' is clicked on

2022-01-16 01:26:57 - [TEST_STEP][PASSED] - click(findTestObject("Object Repository/Page_Group10 Administration Users Accounts _9567d5/span_AU")): Object: 'Object Repository/Page_Group10 Administration Users Accounts _9567d5/span_AU' is clicked on

2022-01-16 01:26:58 - [MESSAGE][PASSED] - Object: 'Object Repository/Page_Group10 Administration Users Accounts _9567d5/span_AU' is clicked on

2022-01-16 01:26:58 - [TEST_STEP][PASSED] - click(findTestObject("Object Repository/Page_Group10 Administration Users Accounts _9567d5/a_Log out")): Object: 'Object Repository/Page_Group10 Administration Users Accounts _9567d5/a_Log out' is clicked on

2022-01-16 01:26:59 - [MESSAGE][PASSED] - Object: 'Object Repository/Page_Group10 Administration Users Accounts _9567d5/a_Log out' is clicked on

2022-01-16 01:26:59 - [TEST_STEP][PASSED] - click(findTestObject("Object Repository/Page_Home page/span_Log in")): Object: 'Object Repository/Page_Home page/span_Log in' is clicked on

2022-01-16 01:26:59 - [MESSAGE][PASSED] - Object: 'Object Repository/Page_Home page/span_Log in' is clicked on

2022-01-16 01:26:59 - [TEST_STEP][PASSED] - setText(findTestObject("Object Repository/Page_Home page Log in to the site/input_Username_username"), "student1"): Text 'student1' is set on object 'Object Repository/Page_Home page Log in to the site/input_Username_username'

2022-01-16 01:27:00 - [MESSAGE][PASSED] - Text 'student1' is set on object 'Object Repository/Page_Home page Log in to the site/input_Username_username'

2022-01-16 01:27:00 - [TEST_STEP][PASSED] - setEncryptedText(findTestObject("Page_Home page Log in to the site/input_Password_password (1)"), "9ExR24d8uBTe5Y0Xu9Ji6w=="): Text ****** has been set on object 'Object Repository/Page_Home page Log in to the site/input_Password_password (1)'

2022-01-16 01:27:01 - [MESSAGE][PASSED] - Text ****** has been set on object 'Object Repository/Page_Home page Log in to the site/input_Password_password (1)'

2022-01-16 01:27:01 - [TEST_STEP][PASSED] - click(findTestObject("Object Repository/Page_Home page Log in to the site/button_Log in")): Object: 'Object Repository/Page_Home page Log in to the site/button_Log in' is clicked on

2022-01-16 01:27:02 - [MESSAGE][PASSED] - Object: 'Object Repository/Page_Home page Log in to the site/button_Log in' is clicked on

2022-01-16 01:27:02 - [TEST_STEP][PASSED] - click(findTestObject("Object Repository/Page_Dashboard/a_NV")): Object: 'Object Repository/Page_Dashboard/a_NV' is clicked on

2022-01-16 01:27:03 - [MESSAGE][PASSED] - Object: 'Object Repository/Page_Dashboard/a_NV' is clicked on

2022-01-16 01:27:03 - [TEST_STEP][PASSED] - click(findTestObject("Object Repository/Page_Dashboard/a_Log out")): Object: 'Object Repository/Page_Dashboard/a_Log out' is clicked on

2022-01-16 01:27:04 - [MESSAGE][PASSED] - Object: 'Object Repository/Page_Dashboard/a_Log out' is clicked on

2022-01-16 01:27:04 - [TEST_STEP][PASSED] - closeBrowser(): Browser is closed

2022-01-16 01:27:05 - [MESSAGE][PASSED] - Browser is closed]]></system-out>
         <system-err><![CDATA[]]></system-err>
      </testcase>
      <testcase name="Test Cases/Create student by upload file" time="44.875" classname="Test Cases/Create student by upload file" status="FAILED">
         <failure type="FAILED" message="Test Cases/Create student by upload file FAILED.
Reason:
com.kms.katalon.core.exception.StepFailedException: Unable to upload file 'D:\TestAutomation-SEBonus-Group10\student.csv' to object 'Object Repository/Page_Group10 Administration Users Accounts _c9beb9/input_Attachment_repo_upload_file'
	at com.kms.katalon.core.webui.keyword.internal.WebUIKeywordMain.stepFailed(WebUIKeywordMain.groovy:64)
	at com.kms.katalon.core.webui.keyword.internal.WebUIKeywordMain.runKeyword(WebUIKeywordMain.groovy:26)
	at com.kms.katalon.core.webui.keyword.builtin.UploadFileKeyword.uploadFile(UploadFileKeyword.groovy:87)
	at com.kms.katalon.core.webui.keyword.builtin.UploadFileKeyword.execute(UploadFileKeyword.groovy:68)
	at com.kms.katalon.core.keyword.internal.KeywordExecutor.executeKeywordForPlatform(KeywordExecutor.groovy:74)
	at com.kms.katalon.core.webui.keyword.WebUiBuiltInKeywords.uploadFile(WebUiBuiltInKeywords.groovy:4031)
	at com.kms.katalon.core.webui.keyword.WebUiBuiltInKeywords$uploadFile$6.call(Unknown Source)
	at Create student by upload file.run(Create student by upload file:40)
	at com.kms.katalon.core.main.ScriptEngine.run(ScriptEngine.java:194)
	at com.kms.katalon.core.main.ScriptEngine.runScriptAsRawText(ScriptEngine.java:119)
	at com.kms.katalon.core.main.TestCaseExecutor.runScript(TestCaseExecutor.java:442)
	at com.kms.katalon.core.main.TestCaseExecutor.doExecute(TestCaseExecutor.java:433)
	at com.kms.katalon.core.main.TestCaseExecutor.processExecutionPhase(TestCaseExecutor.java:412)
	at com.kms.katalon.core.main.TestCaseExecutor.accessMainPhase(TestCaseExecutor.java:404)
	at com.kms.katalon.core.main.TestCaseExecutor.execute(TestCaseExecutor.java:281)
	at com.kms.katalon.core.main.TestSuiteExecutor.accessTestCaseMainPhase(TestSuiteExecutor.java:202)
	at com.kms.katalon.core.main.TestSuiteExecutor.accessTestSuiteMainPhase(TestSuiteExecutor.java:164)
	at com.kms.katalon.core.main.TestSuiteExecutor.execute(TestSuiteExecutor.java:105)
	at com.kms.katalon.core.main.TestCaseMain.startTestSuite(TestCaseMain.java:181)
	at com.kms.katalon.core.main.TestCaseMain$startTestSuite$0.call(Unknown Source)
	at TempTestSuite1642271036821.run(TempTestSuite1642271036821.groovy:36)
Caused by: com.kms.katalon.core.webui.exception.WebElementNotFoundException: Web element with id: 'Object Repository/Page_Group10 Administration Users Accounts _c9beb9/input_Attachment_repo_upload_file' located by '//form/div/div/div/input' not found
	at com.kms.katalon.core.webui.common.WebUiCommonHelper.findWebElement(WebUiCommonHelper.java:1368)
	at com.kms.katalon.core.webui.keyword.internal.WebUIAbstractKeyword.findWebElement(WebUIAbstractKeyword.groovy:27)
	at com.kms.katalon.core.webui.keyword.internal.WebUIAbstractKeyword.findWebElement(WebUIAbstractKeyword.groovy:26)
	at com.kms.katalon.core.webui.keyword.builtin.UploadFileKeyword$_uploadFile_closure1.doCall(UploadFileKeyword.groovy:79)
	at com.kms.katalon.core.webui.keyword.builtin.UploadFileKeyword$_uploadFile_closure1.call(UploadFileKeyword.groovy)
	at com.kms.katalon.core.webui.keyword.internal.WebUIKeywordMain.runKeyword(WebUIKeywordMain.groovy:20)
	... 19 more
"/>
         <system-out><![CDATA[2022-01-16 01:27:05 - [TEST_CASE][FAILED] - Test Cases/Create student by upload file: Test Cases/Create student by upload file FAILED.
Reason:
com.kms.katalon.core.exception.StepFailedException: Unable to upload file 'D:\TestAutomation-SEBonus-Group10\student.csv' to object 'Object Repository/Page_Group10 Administration Users Accounts _c9beb9/input_Attachment_repo_upload_file'
	at com.kms.katalon.core.webui.keyword.internal.WebUIKeywordMain.stepFailed(WebUIKeywordMain.groovy:64)
	at com.kms.katalon.core.webui.keyword.internal.WebUIKeywordMain.runKeyword(WebUIKeywordMain.groovy:26)
	at com.kms.katalon.core.webui.keyword.builtin.UploadFileKeyword.uploadFile(UploadFileKeyword.groovy:87)
	at com.kms.katalon.core.webui.keyword.builtin.UploadFileKeyword.execute(UploadFileKeyword.groovy:68)
	at com.kms.katalon.core.keyword.internal.KeywordExecutor.executeKeywordForPlatform(KeywordExecutor.groovy:74)
	at com.kms.katalon.core.webui.keyword.WebUiBuiltInKeywords.uploadFile(WebUiBuiltInKeywords.groovy:4031)
	at com.kms.katalon.core.webui.keyword.WebUiBuiltInKeywords$uploadFile$6.call(Unknown Source)
	at Create student by upload file.run(Create student by upload file:40)
	at com.kms.katalon.core.main.ScriptEngine.run(ScriptEngine.java:194)
	at com.kms.katalon.core.main.ScriptEngine.runScriptAsRawText(ScriptEngine.java:119)
	at com.kms.katalon.core.main.TestCaseExecutor.runScript(TestCaseExecutor.java:442)
	at com.kms.katalon.core.main.TestCaseExecutor.doExecute(TestCaseExecutor.java:433)
	at com.kms.katalon.core.main.TestCaseExecutor.processExecutionPhase(TestCaseExecutor.java:412)
	at com.kms.katalon.core.main.TestCaseExecutor.accessMainPhase(TestCaseExecutor.java:404)
	at com.kms.katalon.core.main.TestCaseExecutor.execute(TestCaseExecutor.java:281)
	at com.kms.katalon.core.main.TestSuiteExecutor.accessTestCaseMainPhase(TestSuiteExecutor.java:202)
	at com.kms.katalon.core.main.TestSuiteExecutor.accessTestSuiteMainPhase(TestSuiteExecutor.java:164)
	at com.kms.katalon.core.main.TestSuiteExecutor.execute(TestSuiteExecutor.java:105)
	at com.kms.katalon.core.main.TestCaseMain.startTestSuite(TestCaseMain.java:181)
	at com.kms.katalon.core.main.TestCaseMain$startTestSuite$0.call(Unknown Source)
	at TempTestSuite1642271036821.run(TempTestSuite1642271036821.groovy:36)
Caused by: com.kms.katalon.core.webui.exception.WebElementNotFoundException: Web element with id: 'Object Repository/Page_Group10 Administration Users Accounts _c9beb9/input_Attachment_repo_upload_file' located by '//form/div/div/div/input' not found
	at com.kms.katalon.core.webui.common.WebUiCommonHelper.findWebElement(WebUiCommonHelper.java:1368)
	at com.kms.katalon.core.webui.keyword.internal.WebUIAbstractKeyword.findWebElement(WebUIAbstractKeyword.groovy:27)
	at com.kms.katalon.core.webui.keyword.internal.WebUIAbstractKeyword.findWebElement(WebUIAbstractKeyword.groovy:26)
	at com.kms.katalon.core.webui.keyword.builtin.UploadFileKeyword$_uploadFile_closure1.doCall(UploadFileKeyword.groovy:79)
	at com.kms.katalon.core.webui.keyword.builtin.UploadFileKeyword$_uploadFile_closure1.call(UploadFileKeyword.groovy)
	at com.kms.katalon.core.webui.keyword.internal.WebUIKeywordMain.runKeyword(WebUIKeywordMain.groovy:20)
	... 19 more


2022-01-16 01:27:05 - [TEST_STEP][PASSED] - openBrowser(""): Browser is opened with url: ''

2022-01-16 01:27:05 - [MESSAGE][INFO] - Starting 'Edge Chromium' driver

2022-01-16 01:27:07 - [MESSAGE][INFO] - Action delay is set to 0 milliseconds

2022-01-16 01:27:08 - [MESSAGE][PASSED] - Browser is opened with url: ''

2022-01-16 01:27:08 - [TEST_STEP][PASSED] - navigateToUrl("http://localhost/"): Navigate to 'http://localhost/' successfully

2022-01-16 01:27:09 - [MESSAGE][PASSED] - Navigate to 'http://localhost/' successfully

2022-01-16 01:27:09 - [TEST_STEP][PASSED] - click(findTestObject("Object Repository/Page_Home page/a_Log in")): Object: 'Object Repository/Page_Home page/a_Log in' is clicked on

2022-01-16 01:27:10 - [MESSAGE][PASSED] - Object: 'Object Repository/Page_Home page/a_Log in' is clicked on

2022-01-16 01:27:10 - [TEST_STEP][PASSED] - setText(findTestObject("Object Repository/Page_Home page Log in to the site/input_Username_username"), "admin"): Text 'admin' is set on object 'Object Repository/Page_Home page Log in to the site/input_Username_username'

2022-01-16 01:27:11 - [MESSAGE][PASSED] - Text 'admin' is set on object 'Object Repository/Page_Home page Log in to the site/input_Username_username'

2022-01-16 01:27:11 - [TEST_STEP][PASSED] - setEncryptedText(findTestObject("Page_Home page Log in to the site/input_Password_password (1)"), "OFhcon1PzObx3ErJAwGfGA=="): Text ****** has been set on object 'Object Repository/Page_Home page Log in to the site/input_Password_password (1)'

2022-01-16 01:27:11 - [MESSAGE][PASSED] - Text ****** has been set on object 'Object Repository/Page_Home page Log in to the site/input_Password_password (1)'

2022-01-16 01:27:11 - [TEST_STEP][PASSED] - click(findTestObject("Object Repository/Page_Home page Log in to the site/button_Log in")): Object: 'Object Repository/Page_Home page Log in to the site/button_Log in' is clicked on

2022-01-16 01:27:13 - [MESSAGE][PASSED] - Object: 'Object Repository/Page_Home page Log in to the site/button_Log in' is clicked on

2022-01-16 01:27:13 - [TEST_STEP][PASSED] - click(findTestObject("Object Repository/Page_Dashboard/a_Site administration")): Object: 'Object Repository/Page_Dashboard/a_Site administration' is clicked on

2022-01-16 01:27:16 - [MESSAGE][PASSED] - Object: 'Object Repository/Page_Dashboard/a_Site administration' is clicked on

2022-01-16 01:27:16 - [TEST_STEP][PASSED] - click(findTestObject("Object Repository/Page_Group10 Administration Search/a_Users")): Object: 'Object Repository/Page_Group10 Administration Search/a_Users' is clicked on

2022-01-16 01:27:16 - [MESSAGE][PASSED] - Object: 'Object Repository/Page_Group10 Administration Search/a_Users' is clicked on

2022-01-16 01:27:16 - [TEST_STEP][PASSED] - click(findTestObject("Object Repository/Page_Group10 Administration Search/a_Upload users")): Object: 'Object Repository/Page_Group10 Administration Search/a_Upload users' is clicked on

2022-01-16 01:27:18 - [MESSAGE][PASSED] - Object: 'Object Repository/Page_Group10 Administration Search/a_Upload users' is clicked on

2022-01-16 01:27:18 - [TEST_STEP][PASSED] - click(findTestObject("Object Repository/Page_Group10 Administration Users Accounts _c9beb9/input_File_userfilechoose")): Object: 'Object Repository/Page_Group10 Administration Users Accounts _c9beb9/input_File_userfilechoose' is clicked on

2022-01-16 01:27:18 - [MESSAGE][PASSED] - Object: 'Object Repository/Page_Group10 Administration Users Accounts _c9beb9/input_File_userfilechoose' is clicked on

2022-01-16 01:27:18 - [TEST_STEP][FAILED] - uploadFile(findTestObject("Object Repository/Page_Group10 Administration Users Accounts _c9beb9/input_Attachment_repo_upload_file"), "D:\TestAutomation-SEBonus-Group10\student.csv"): Unable to upload file 'D:\TestAutomation-SEBonus-Group10\student.csv' to object 'Object Repository/Page_Group10 Administration Users Accounts _c9beb9/input_Attachment_repo_upload_file' (Root cause: com.kms.katalon.core.exception.StepFailedException: Unable to upload file 'D:\TestAutomation-SEBonus-Group10\student.csv' to object 'Object Repository/Page_Group10 Administration Users Accounts _c9beb9/input_Attachment_repo_upload_file'
	at com.kms.katalon.core.webui.keyword.internal.WebUIKeywordMain.stepFailed(WebUIKeywordMain.groovy:64)
	at com.kms.katalon.core.webui.keyword.internal.WebUIKeywordMain.runKeyword(WebUIKeywordMain.groovy:26)
	at com.kms.katalon.core.webui.keyword.builtin.UploadFileKeyword.uploadFile(UploadFileKeyword.groovy:87)
	at com.kms.katalon.core.webui.keyword.builtin.UploadFileKeyword.execute(UploadFileKeyword.groovy:68)
	at com.kms.katalon.core.keyword.internal.KeywordExecutor.executeKeywordForPlatform(KeywordExecutor.groovy:74)
	at com.kms.katalon.core.webui.keyword.WebUiBuiltInKeywords.uploadFile(WebUiBuiltInKeywords.groovy:4031)
	at com.kms.katalon.core.webui.keyword.WebUiBuiltInKeywords$uploadFile$6.call(Unknown Source)
	at Create student by upload file.run(Create student by upload file:40)
	at com.kms.katalon.core.main.ScriptEngine.run(ScriptEngine.java:194)
	at com.kms.katalon.core.main.ScriptEngine.runScriptAsRawText(ScriptEngine.java:119)
	at com.kms.katalon.core.main.TestCaseExecutor.runScript(TestCaseExecutor.java:442)
	at com.kms.katalon.core.main.TestCaseExecutor.doExecute(TestCaseExecutor.java:433)
	at com.kms.katalon.core.main.TestCaseExecutor.processExecutionPhase(TestCaseExecutor.java:412)
	at com.kms.katalon.core.main.TestCaseExecutor.accessMainPhase(TestCaseExecutor.java:404)
	at com.kms.katalon.core.main.TestCaseExecutor.execute(TestCaseExecutor.java:281)
	at com.kms.katalon.core.main.TestSuiteExecutor.accessTestCaseMainPhase(TestSuiteExecutor.java:202)
	at com.kms.katalon.core.main.TestSuiteExecutor.accessTestSuiteMainPhase(TestSuiteExecutor.java:164)
	at com.kms.katalon.core.main.TestSuiteExecutor.execute(TestSuiteExecutor.java:105)
	at com.kms.katalon.core.main.TestCaseMain.startTestSuite(TestCaseMain.java:181)
	at com.kms.katalon.core.main.TestCaseMain$startTestSuite$0.call(Unknown Source)
	at TempTestSuite1642271036821.run(TempTestSuite1642271036821.groovy:36)
Caused by: com.kms.katalon.core.webui.exception.WebElementNotFoundException: Web element with id: 'Object Repository/Page_Group10 Administration Users Accounts _c9beb9/input_Attachment_repo_upload_file' located by '//form/div/div/div/input' not found
	at com.kms.katalon.core.webui.common.WebUiCommonHelper.findWebElement(WebUiCommonHelper.java:1368)
	at com.kms.katalon.core.webui.keyword.internal.WebUIAbstractKeyword.findWebElement(WebUIAbstractKeyword.groovy:27)
	at com.kms.katalon.core.webui.keyword.internal.WebUIAbstractKeyword.findWebElement(WebUIAbstractKeyword.groovy:26)
	at com.kms.katalon.core.webui.keyword.builtin.UploadFileKeyword$_uploadFile_closure1.doCall(UploadFileKeyword.groovy:79)
	at com.kms.katalon.core.webui.keyword.builtin.UploadFileKeyword$_uploadFile_closure1.call(UploadFileKeyword.groovy)
	at com.kms.katalon.core.webui.keyword.internal.WebUIKeywordMain.runKeyword(WebUIKeywordMain.groovy:20)
	at com.kms.katalon.core.webui.keyword.builtin.UploadFileKeyword.uploadFile(UploadFileKeyword.groovy:87)
	at com.kms.katalon.core.webui.keyword.builtin.UploadFileKeyword.execute(UploadFileKeyword.groovy:68)
	at com.kms.katalon.core.keyword.internal.KeywordExecutor.executeKeywordForPlatform(KeywordExecutor.groovy:74)
	at com.kms.katalon.core.webui.keyword.WebUiBuiltInKeywords.uploadFile(WebUiBuiltInKeywords.groovy:4031)
	at com.kms.katalon.core.webui.keyword.WebUiBuiltInKeywords$uploadFile$6.call(Unknown Source)
	at Script1641999463734.run(Script1641999463734.groovy:40)
	... 13 more
)

2022-01-16 01:27:49 - [MESSAGE][INFO] - Unable to find the element located by 'By.xpath: //form/div/div/div/input'. Please recheck the objects properties to make sure the desired element is located. 

2022-01-16 01:27:50 - [MESSAGE][FAILED] - Unable to upload file 'D:\TestAutomation-SEBonus-Group10\student.csv' to object 'Object Repository/Page_Group10 Administration Users Accounts _c9beb9/input_Attachment_repo_upload_file' (Root cause: com.kms.katalon.core.exception.StepFailedException: Unable to upload file 'D:\TestAutomation-SEBonus-Group10\student.csv' to object 'Object Repository/Page_Group10 Administration Users Accounts _c9beb9/input_Attachment_repo_upload_file'
	at com.kms.katalon.core.webui.keyword.internal.WebUIKeywordMain.stepFailed(WebUIKeywordMain.groovy:64)
	at com.kms.katalon.core.webui.keyword.internal.WebUIKeywordMain.runKeyword(WebUIKeywordMain.groovy:26)
	at com.kms.katalon.core.webui.keyword.builtin.UploadFileKeyword.uploadFile(UploadFileKeyword.groovy:87)
	at com.kms.katalon.core.webui.keyword.builtin.UploadFileKeyword.execute(UploadFileKeyword.groovy:68)
	at com.kms.katalon.core.keyword.internal.KeywordExecutor.executeKeywordForPlatform(KeywordExecutor.groovy:74)
	at com.kms.katalon.core.webui.keyword.WebUiBuiltInKeywords.uploadFile(WebUiBuiltInKeywords.groovy:4031)
	at com.kms.katalon.core.webui.keyword.WebUiBuiltInKeywords$uploadFile$6.call(Unknown Source)
	at Create student by upload file.run(Create student by upload file:40)
	at com.kms.katalon.core.main.ScriptEngine.run(ScriptEngine.java:194)
	at com.kms.katalon.core.main.ScriptEngine.runScriptAsRawText(ScriptEngine.java:119)
	at com.kms.katalon.core.main.TestCaseExecutor.runScript(TestCaseExecutor.java:442)
	at com.kms.katalon.core.main.TestCaseExecutor.doExecute(TestCaseExecutor.java:433)
	at com.kms.katalon.core.main.TestCaseExecutor.processExecutionPhase(TestCaseExecutor.java:412)
	at com.kms.katalon.core.main.TestCaseExecutor.accessMainPhase(TestCaseExecutor.java:404)
	at com.kms.katalon.core.main.TestCaseExecutor.execute(TestCaseExecutor.java:281)
	at com.kms.katalon.core.main.TestSuiteExecutor.accessTestCaseMainPhase(TestSuiteExecutor.java:202)
	at com.kms.katalon.core.main.TestSuiteExecutor.accessTestSuiteMainPhase(TestSuiteExecutor.java:164)
	at com.kms.katalon.core.main.TestSuiteExecutor.execute(TestSuiteExecutor.java:105)
	at com.kms.katalon.core.main.TestCaseMain.startTestSuite(TestCaseMain.java:181)
	at com.kms.katalon.core.main.TestCaseMain$startTestSuite$0.call(Unknown Source)
	at TempTestSuite1642271036821.run(TempTestSuite1642271036821.groovy:36)
Caused by: com.kms.katalon.core.webui.exception.WebElementNotFoundException: Web element with id: 'Object Repository/Page_Group10 Administration Users Accounts _c9beb9/input_Attachment_repo_upload_file' located by '//form/div/div/div/input' not found
	at com.kms.katalon.core.webui.common.WebUiCommonHelper.findWebElement(WebUiCommonHelper.java:1368)
	at com.kms.katalon.core.webui.keyword.internal.WebUIAbstractKeyword.findWebElement(WebUIAbstractKeyword.groovy:27)
	at com.kms.katalon.core.webui.keyword.internal.WebUIAbstractKeyword.findWebElement(WebUIAbstractKeyword.groovy:26)
	at com.kms.katalon.core.webui.keyword.builtin.UploadFileKeyword$_uploadFile_closure1.doCall(UploadFileKeyword.groovy:79)
	at com.kms.katalon.core.webui.keyword.builtin.UploadFileKeyword$_uploadFile_closure1.call(UploadFileKeyword.groovy)
	at com.kms.katalon.core.webui.keyword.internal.WebUIKeywordMain.runKeyword(WebUIKeywordMain.groovy:20)
	at com.kms.katalon.core.webui.keyword.builtin.UploadFileKeyword.uploadFile(UploadFileKeyword.groovy:87)
	at com.kms.katalon.core.webui.keyword.builtin.UploadFileKeyword.execute(UploadFileKeyword.groovy:68)
	at com.kms.katalon.core.keyword.internal.KeywordExecutor.executeKeywordForPlatform(KeywordExecutor.groovy:74)
	at com.kms.katalon.core.webui.keyword.WebUiBuiltInKeywords.uploadFile(WebUiBuiltInKeywords.groovy:4031)
	at com.kms.katalon.core.webui.keyword.WebUiBuiltInKeywords$uploadFile$6.call(Unknown Source)
	at Script1641999463734.run(Script1641999463734.groovy:40)
	... 13 more
)
[[ATTACHMENT|D:\\TestAutomation-SEBonus-Group10\\Test Automation - SE Bonus\\Reports\\20220116_012355\\Run all test cases\\20220116_012356\\1642271269990.png]]]]></system-out>
         <system-err><![CDATA[2022-01-16 01:27:05 - [TEST_CASE][FAILED] - Test Cases/Create student by upload file: Test Cases/Create student by upload file FAILED.
Reason:
com.kms.katalon.core.exception.StepFailedException: Unable to upload file 'D:\TestAutomation-SEBonus-Group10\student.csv' to object 'Object Repository/Page_Group10 Administration Users Accounts _c9beb9/input_Attachment_repo_upload_file'
	at com.kms.katalon.core.webui.keyword.internal.WebUIKeywordMain.stepFailed(WebUIKeywordMain.groovy:64)
	at com.kms.katalon.core.webui.keyword.internal.WebUIKeywordMain.runKeyword(WebUIKeywordMain.groovy:26)
	at com.kms.katalon.core.webui.keyword.builtin.UploadFileKeyword.uploadFile(UploadFileKeyword.groovy:87)
	at com.kms.katalon.core.webui.keyword.builtin.UploadFileKeyword.execute(UploadFileKeyword.groovy:68)
	at com.kms.katalon.core.keyword.internal.KeywordExecutor.executeKeywordForPlatform(KeywordExecutor.groovy:74)
	at com.kms.katalon.core.webui.keyword.WebUiBuiltInKeywords.uploadFile(WebUiBuiltInKeywords.groovy:4031)
	at com.kms.katalon.core.webui.keyword.WebUiBuiltInKeywords$uploadFile$6.call(Unknown Source)
	at Create student by upload file.run(Create student by upload file:40)
	at com.kms.katalon.core.main.ScriptEngine.run(ScriptEngine.java:194)
	at com.kms.katalon.core.main.ScriptEngine.runScriptAsRawText(ScriptEngine.java:119)
	at com.kms.katalon.core.main.TestCaseExecutor.runScript(TestCaseExecutor.java:442)
	at com.kms.katalon.core.main.TestCaseExecutor.doExecute(TestCaseExecutor.java:433)
	at com.kms.katalon.core.main.TestCaseExecutor.processExecutionPhase(TestCaseExecutor.java:412)
	at com.kms.katalon.core.main.TestCaseExecutor.accessMainPhase(TestCaseExecutor.java:404)
	at com.kms.katalon.core.main.TestCaseExecutor.execute(TestCaseExecutor.java:281)
	at com.kms.katalon.core.main.TestSuiteExecutor.accessTestCaseMainPhase(TestSuiteExecutor.java:202)
	at com.kms.katalon.core.main.TestSuiteExecutor.accessTestSuiteMainPhase(TestSuiteExecutor.java:164)
	at com.kms.katalon.core.main.TestSuiteExecutor.execute(TestSuiteExecutor.java:105)
	at com.kms.katalon.core.main.TestCaseMain.startTestSuite(TestCaseMain.java:181)
	at com.kms.katalon.core.main.TestCaseMain$startTestSuite$0.call(Unknown Source)
	at TempTestSuite1642271036821.run(TempTestSuite1642271036821.groovy:36)
Caused by: com.kms.katalon.core.webui.exception.WebElementNotFoundException: Web element with id: 'Object Repository/Page_Group10 Administration Users Accounts _c9beb9/input_Attachment_repo_upload_file' located by '//form/div/div/div/input' not found
	at com.kms.katalon.core.webui.common.WebUiCommonHelper.findWebElement(WebUiCommonHelper.java:1368)
	at com.kms.katalon.core.webui.keyword.internal.WebUIAbstractKeyword.findWebElement(WebUIAbstractKeyword.groovy:27)
	at com.kms.katalon.core.webui.keyword.internal.WebUIAbstractKeyword.findWebElement(WebUIAbstractKeyword.groovy:26)
	at com.kms.katalon.core.webui.keyword.builtin.UploadFileKeyword$_uploadFile_closure1.doCall(UploadFileKeyword.groovy:79)
	at com.kms.katalon.core.webui.keyword.builtin.UploadFileKeyword$_uploadFile_closure1.call(UploadFileKeyword.groovy)
	at com.kms.katalon.core.webui.keyword.internal.WebUIKeywordMain.runKeyword(WebUIKeywordMain.groovy:20)
	... 19 more]]></system-err>
      </testcase>
      <testcase name="Test Cases/Create teacher by upload file" time="44.018" classname="Test Cases/Create teacher by upload file" status="FAILED">
         <failure type="FAILED" message="Test Cases/Create teacher by upload file FAILED.
Reason:
com.kms.katalon.core.exception.StepFailedException: Unable to upload file 'D:\TestAutomation-SEBonus-Group10\teacher.csv' to object 'Object Repository/Page_Group10 Administration Users Accounts _c9beb9/input_Attachment_repo_upload_file'
	at com.kms.katalon.core.webui.keyword.internal.WebUIKeywordMain.stepFailed(WebUIKeywordMain.groovy:64)
	at com.kms.katalon.core.webui.keyword.internal.WebUIKeywordMain.runKeyword(WebUIKeywordMain.groovy:26)
	at com.kms.katalon.core.webui.keyword.builtin.UploadFileKeyword.uploadFile(UploadFileKeyword.groovy:87)
	at com.kms.katalon.core.webui.keyword.builtin.UploadFileKeyword.execute(UploadFileKeyword.groovy:68)
	at com.kms.katalon.core.keyword.internal.KeywordExecutor.executeKeywordForPlatform(KeywordExecutor.groovy:74)
	at com.kms.katalon.core.webui.keyword.WebUiBuiltInKeywords.uploadFile(WebUiBuiltInKeywords.groovy:4031)
	at com.kms.katalon.core.webui.keyword.WebUiBuiltInKeywords$uploadFile$6.call(Unknown Source)
	at Create teacher by upload file.run(Create teacher by upload file:40)
	at com.kms.katalon.core.main.ScriptEngine.run(ScriptEngine.java:194)
	at com.kms.katalon.core.main.ScriptEngine.runScriptAsRawText(ScriptEngine.java:119)
	at com.kms.katalon.core.main.TestCaseExecutor.runScript(TestCaseExecutor.java:442)
	at com.kms.katalon.core.main.TestCaseExecutor.doExecute(TestCaseExecutor.java:433)
	at com.kms.katalon.core.main.TestCaseExecutor.processExecutionPhase(TestCaseExecutor.java:412)
	at com.kms.katalon.core.main.TestCaseExecutor.accessMainPhase(TestCaseExecutor.java:404)
	at com.kms.katalon.core.main.TestCaseExecutor.execute(TestCaseExecutor.java:281)
	at com.kms.katalon.core.main.TestSuiteExecutor.accessTestCaseMainPhase(TestSuiteExecutor.java:202)
	at com.kms.katalon.core.main.TestSuiteExecutor.accessTestSuiteMainPhase(TestSuiteExecutor.java:164)
	at com.kms.katalon.core.main.TestSuiteExecutor.execute(TestSuiteExecutor.java:105)
	at com.kms.katalon.core.main.TestCaseMain.startTestSuite(TestCaseMain.java:181)
	at com.kms.katalon.core.main.TestCaseMain$startTestSuite$0.call(Unknown Source)
	at TempTestSuite1642271036821.run(TempTestSuite1642271036821.groovy:36)
Caused by: com.kms.katalon.core.webui.exception.WebElementNotFoundException: Web element with id: 'Object Repository/Page_Group10 Administration Users Accounts _c9beb9/input_Attachment_repo_upload_file' located by '//form/div/div/div/input' not found
	at com.kms.katalon.core.webui.common.WebUiCommonHelper.findWebElement(WebUiCommonHelper.java:1368)
	at com.kms.katalon.core.webui.keyword.internal.WebUIAbstractKeyword.findWebElement(WebUIAbstractKeyword.groovy:27)
	at com.kms.katalon.core.webui.keyword.internal.WebUIAbstractKeyword.findWebElement(WebUIAbstractKeyword.groovy:26)
	at com.kms.katalon.core.webui.keyword.builtin.UploadFileKeyword$_uploadFile_closure1.doCall(UploadFileKeyword.groovy:79)
	at com.kms.katalon.core.webui.keyword.builtin.UploadFileKeyword$_uploadFile_closure1.call(UploadFileKeyword.groovy)
	at com.kms.katalon.core.webui.keyword.internal.WebUIKeywordMain.runKeyword(WebUIKeywordMain.groovy:20)
	... 19 more
"/>
         <system-out><![CDATA[2022-01-16 01:27:50 - [TEST_CASE][FAILED] - Test Cases/Create teacher by upload file: Test Cases/Create teacher by upload file FAILED.
Reason:
com.kms.katalon.core.exception.StepFailedException: Unable to upload file 'D:\TestAutomation-SEBonus-Group10\teacher.csv' to object 'Object Repository/Page_Group10 Administration Users Accounts _c9beb9/input_Attachment_repo_upload_file'
	at com.kms.katalon.core.webui.keyword.internal.WebUIKeywordMain.stepFailed(WebUIKeywordMain.groovy:64)
	at com.kms.katalon.core.webui.keyword.internal.WebUIKeywordMain.runKeyword(WebUIKeywordMain.groovy:26)
	at com.kms.katalon.core.webui.keyword.builtin.UploadFileKeyword.uploadFile(UploadFileKeyword.groovy:87)
	at com.kms.katalon.core.webui.keyword.builtin.UploadFileKeyword.execute(UploadFileKeyword.groovy:68)
	at com.kms.katalon.core.keyword.internal.KeywordExecutor.executeKeywordForPlatform(KeywordExecutor.groovy:74)
	at com.kms.katalon.core.webui.keyword.WebUiBuiltInKeywords.uploadFile(WebUiBuiltInKeywords.groovy:4031)
	at com.kms.katalon.core.webui.keyword.WebUiBuiltInKeywords$uploadFile$6.call(Unknown Source)
	at Create teacher by upload file.run(Create teacher by upload file:40)
	at com.kms.katalon.core.main.ScriptEngine.run(ScriptEngine.java:194)
	at com.kms.katalon.core.main.ScriptEngine.runScriptAsRawText(ScriptEngine.java:119)
	at com.kms.katalon.core.main.TestCaseExecutor.runScript(TestCaseExecutor.java:442)
	at com.kms.katalon.core.main.TestCaseExecutor.doExecute(TestCaseExecutor.java:433)
	at com.kms.katalon.core.main.TestCaseExecutor.processExecutionPhase(TestCaseExecutor.java:412)
	at com.kms.katalon.core.main.TestCaseExecutor.accessMainPhase(TestCaseExecutor.java:404)
	at com.kms.katalon.core.main.TestCaseExecutor.execute(TestCaseExecutor.java:281)
	at com.kms.katalon.core.main.TestSuiteExecutor.accessTestCaseMainPhase(TestSuiteExecutor.java:202)
	at com.kms.katalon.core.main.TestSuiteExecutor.accessTestSuiteMainPhase(TestSuiteExecutor.java:164)
	at com.kms.katalon.core.main.TestSuiteExecutor.execute(TestSuiteExecutor.java:105)
	at com.kms.katalon.core.main.TestCaseMain.startTestSuite(TestCaseMain.java:181)
	at com.kms.katalon.core.main.TestCaseMain$startTestSuite$0.call(Unknown Source)
	at TempTestSuite1642271036821.run(TempTestSuite1642271036821.groovy:36)
Caused by: com.kms.katalon.core.webui.exception.WebElementNotFoundException: Web element with id: 'Object Repository/Page_Group10 Administration Users Accounts _c9beb9/input_Attachment_repo_upload_file' located by '//form/div/div/div/input' not found
	at com.kms.katalon.core.webui.common.WebUiCommonHelper.findWebElement(WebUiCommonHelper.java:1368)
	at com.kms.katalon.core.webui.keyword.internal.WebUIAbstractKeyword.findWebElement(WebUIAbstractKeyword.groovy:27)
	at com.kms.katalon.core.webui.keyword.internal.WebUIAbstractKeyword.findWebElement(WebUIAbstractKeyword.groovy:26)
	at com.kms.katalon.core.webui.keyword.builtin.UploadFileKeyword$_uploadFile_closure1.doCall(UploadFileKeyword.groovy:79)
	at com.kms.katalon.core.webui.keyword.builtin.UploadFileKeyword$_uploadFile_closure1.call(UploadFileKeyword.groovy)
	at com.kms.katalon.core.webui.keyword.internal.WebUIKeywordMain.runKeyword(WebUIKeywordMain.groovy:20)
	... 19 more


2022-01-16 01:27:50 - [TEST_STEP][PASSED] - openBrowser(""): Browser is opened with url: ''

2022-01-16 01:27:50 - [MESSAGE][WARNING] - A browser is already opened. Closing browser and opening a new one

2022-01-16 01:27:51 - [MESSAGE][INFO] - Starting 'Edge Chromium' driver

2022-01-16 01:27:53 - [MESSAGE][INFO] - Action delay is set to 0 milliseconds

2022-01-16 01:27:54 - [MESSAGE][PASSED] - Browser is opened with url: ''

2022-01-16 01:27:54 - [TEST_STEP][PASSED] - navigateToUrl("http://localhost/"): Navigate to 'http://localhost/' successfully

2022-01-16 01:27:54 - [MESSAGE][PASSED] - Navigate to 'http://localhost/' successfully

2022-01-16 01:27:54 - [TEST_STEP][PASSED] - click(findTestObject("Object Repository/Page_Home page/a_Log in")): Object: 'Object Repository/Page_Home page/a_Log in' is clicked on

2022-01-16 01:27:55 - [MESSAGE][PASSED] - Object: 'Object Repository/Page_Home page/a_Log in' is clicked on

2022-01-16 01:27:55 - [TEST_STEP][PASSED] - setText(findTestObject("Object Repository/Page_Home page Log in to the site/input_Username_username"), "admin"): Text 'admin' is set on object 'Object Repository/Page_Home page Log in to the site/input_Username_username'

2022-01-16 01:27:56 - [MESSAGE][PASSED] - Text 'admin' is set on object 'Object Repository/Page_Home page Log in to the site/input_Username_username'

2022-01-16 01:27:56 - [TEST_STEP][PASSED] - setEncryptedText(findTestObject("Page_Home page Log in to the site/input_Password_password (1)"), "OFhcon1PzObx3ErJAwGfGA=="): Text ****** has been set on object 'Object Repository/Page_Home page Log in to the site/input_Password_password (1)'

2022-01-16 01:27:57 - [MESSAGE][PASSED] - Text ****** has been set on object 'Object Repository/Page_Home page Log in to the site/input_Password_password (1)'

2022-01-16 01:27:57 - [TEST_STEP][PASSED] - click(findTestObject("Object Repository/Page_Home page Log in to the site/button_Log in")): Object: 'Object Repository/Page_Home page Log in to the site/button_Log in' is clicked on

2022-01-16 01:27:58 - [MESSAGE][PASSED] - Object: 'Object Repository/Page_Home page Log in to the site/button_Log in' is clicked on

2022-01-16 01:27:58 - [TEST_STEP][PASSED] - click(findTestObject("Object Repository/Page_Dashboard/a_Site administration")): Object: 'Object Repository/Page_Dashboard/a_Site administration' is clicked on

2022-01-16 01:28:00 - [MESSAGE][PASSED] - Object: 'Object Repository/Page_Dashboard/a_Site administration' is clicked on

2022-01-16 01:28:00 - [TEST_STEP][PASSED] - click(findTestObject("Object Repository/Page_Group10 Administration Search/a_Users")): Object: 'Object Repository/Page_Group10 Administration Search/a_Users' is clicked on

2022-01-16 01:28:00 - [MESSAGE][PASSED] - Object: 'Object Repository/Page_Group10 Administration Search/a_Users' is clicked on

2022-01-16 01:28:00 - [TEST_STEP][PASSED] - click(findTestObject("Object Repository/Page_Group10 Administration Search/a_Upload users")): Object: 'Object Repository/Page_Group10 Administration Search/a_Upload users' is clicked on

2022-01-16 01:28:02 - [MESSAGE][PASSED] - Object: 'Object Repository/Page_Group10 Administration Search/a_Upload users' is clicked on

2022-01-16 01:28:02 - [TEST_STEP][PASSED] - click(findTestObject("Object Repository/Page_Group10 Administration Users Accounts _c9beb9/input_File_userfilechoose")): Object: 'Object Repository/Page_Group10 Administration Users Accounts _c9beb9/input_File_userfilechoose' is clicked on

2022-01-16 01:28:02 - [MESSAGE][PASSED] - Object: 'Object Repository/Page_Group10 Administration Users Accounts _c9beb9/input_File_userfilechoose' is clicked on

2022-01-16 01:28:02 - [TEST_STEP][FAILED] - uploadFile(findTestObject("Object Repository/Page_Group10 Administration Users Accounts _c9beb9/input_Attachment_repo_upload_file"), "D:\TestAutomation-SEBonus-Group10\teacher.csv"): Unable to upload file 'D:\TestAutomation-SEBonus-Group10\teacher.csv' to object 'Object Repository/Page_Group10 Administration Users Accounts _c9beb9/input_Attachment_repo_upload_file' (Root cause: com.kms.katalon.core.exception.StepFailedException: Unable to upload file 'D:\TestAutomation-SEBonus-Group10\teacher.csv' to object 'Object Repository/Page_Group10 Administration Users Accounts _c9beb9/input_Attachment_repo_upload_file'
	at com.kms.katalon.core.webui.keyword.internal.WebUIKeywordMain.stepFailed(WebUIKeywordMain.groovy:64)
	at com.kms.katalon.core.webui.keyword.internal.WebUIKeywordMain.runKeyword(WebUIKeywordMain.groovy:26)
	at com.kms.katalon.core.webui.keyword.builtin.UploadFileKeyword.uploadFile(UploadFileKeyword.groovy:87)
	at com.kms.katalon.core.webui.keyword.builtin.UploadFileKeyword.execute(UploadFileKeyword.groovy:68)
	at com.kms.katalon.core.keyword.internal.KeywordExecutor.executeKeywordForPlatform(KeywordExecutor.groovy:74)
	at com.kms.katalon.core.webui.keyword.WebUiBuiltInKeywords.uploadFile(WebUiBuiltInKeywords.groovy:4031)
	at com.kms.katalon.core.webui.keyword.WebUiBuiltInKeywords$uploadFile$6.call(Unknown Source)
	at Create teacher by upload file.run(Create teacher by upload file:40)
	at com.kms.katalon.core.main.ScriptEngine.run(ScriptEngine.java:194)
	at com.kms.katalon.core.main.ScriptEngine.runScriptAsRawText(ScriptEngine.java:119)
	at com.kms.katalon.core.main.TestCaseExecutor.runScript(TestCaseExecutor.java:442)
	at com.kms.katalon.core.main.TestCaseExecutor.doExecute(TestCaseExecutor.java:433)
	at com.kms.katalon.core.main.TestCaseExecutor.processExecutionPhase(TestCaseExecutor.java:412)
	at com.kms.katalon.core.main.TestCaseExecutor.accessMainPhase(TestCaseExecutor.java:404)
	at com.kms.katalon.core.main.TestCaseExecutor.execute(TestCaseExecutor.java:281)
	at com.kms.katalon.core.main.TestSuiteExecutor.accessTestCaseMainPhase(TestSuiteExecutor.java:202)
	at com.kms.katalon.core.main.TestSuiteExecutor.accessTestSuiteMainPhase(TestSuiteExecutor.java:164)
	at com.kms.katalon.core.main.TestSuiteExecutor.execute(TestSuiteExecutor.java:105)
	at com.kms.katalon.core.main.TestCaseMain.startTestSuite(TestCaseMain.java:181)
	at com.kms.katalon.core.main.TestCaseMain$startTestSuite$0.call(Unknown Source)
	at TempTestSuite1642271036821.run(TempTestSuite1642271036821.groovy:36)
Caused by: com.kms.katalon.core.webui.exception.WebElementNotFoundException: Web element with id: 'Object Repository/Page_Group10 Administration Users Accounts _c9beb9/input_Attachment_repo_upload_file' located by '//form/div/div/div/input' not found
	at com.kms.katalon.core.webui.common.WebUiCommonHelper.findWebElement(WebUiCommonHelper.java:1368)
	at com.kms.katalon.core.webui.keyword.internal.WebUIAbstractKeyword.findWebElement(WebUIAbstractKeyword.groovy:27)
	at com.kms.katalon.core.webui.keyword.internal.WebUIAbstractKeyword.findWebElement(WebUIAbstractKeyword.groovy:26)
	at com.kms.katalon.core.webui.keyword.builtin.UploadFileKeyword$_uploadFile_closure1.doCall(UploadFileKeyword.groovy:79)
	at com.kms.katalon.core.webui.keyword.builtin.UploadFileKeyword$_uploadFile_closure1.call(UploadFileKeyword.groovy)
	at com.kms.katalon.core.webui.keyword.internal.WebUIKeywordMain.runKeyword(WebUIKeywordMain.groovy:20)
	at com.kms.katalon.core.webui.keyword.builtin.UploadFileKeyword.uploadFile(UploadFileKeyword.groovy:87)
	at com.kms.katalon.core.webui.keyword.builtin.UploadFileKeyword.execute(UploadFileKeyword.groovy:68)
	at com.kms.katalon.core.keyword.internal.KeywordExecutor.executeKeywordForPlatform(KeywordExecutor.groovy:74)
	at com.kms.katalon.core.webui.keyword.WebUiBuiltInKeywords.uploadFile(WebUiBuiltInKeywords.groovy:4031)
	at com.kms.katalon.core.webui.keyword.WebUiBuiltInKeywords$uploadFile$6.call(Unknown Source)
	at Script1641999488293.run(Script1641999488293.groovy:40)
	... 13 more
)

2022-01-16 01:28:34 - [MESSAGE][INFO] - Unable to find the element located by 'By.xpath: //form/div/div/div/input'. Please recheck the objects properties to make sure the desired element is located. 

2022-01-16 01:28:34 - [MESSAGE][FAILED] - Unable to upload file 'D:\TestAutomation-SEBonus-Group10\teacher.csv' to object 'Object Repository/Page_Group10 Administration Users Accounts _c9beb9/input_Attachment_repo_upload_file' (Root cause: com.kms.katalon.core.exception.StepFailedException: Unable to upload file 'D:\TestAutomation-SEBonus-Group10\teacher.csv' to object 'Object Repository/Page_Group10 Administration Users Accounts _c9beb9/input_Attachment_repo_upload_file'
	at com.kms.katalon.core.webui.keyword.internal.WebUIKeywordMain.stepFailed(WebUIKeywordMain.groovy:64)
	at com.kms.katalon.core.webui.keyword.internal.WebUIKeywordMain.runKeyword(WebUIKeywordMain.groovy:26)
	at com.kms.katalon.core.webui.keyword.builtin.UploadFileKeyword.uploadFile(UploadFileKeyword.groovy:87)
	at com.kms.katalon.core.webui.keyword.builtin.UploadFileKeyword.execute(UploadFileKeyword.groovy:68)
	at com.kms.katalon.core.keyword.internal.KeywordExecutor.executeKeywordForPlatform(KeywordExecutor.groovy:74)
	at com.kms.katalon.core.webui.keyword.WebUiBuiltInKeywords.uploadFile(WebUiBuiltInKeywords.groovy:4031)
	at com.kms.katalon.core.webui.keyword.WebUiBuiltInKeywords$uploadFile$6.call(Unknown Source)
	at Create teacher by upload file.run(Create teacher by upload file:40)
	at com.kms.katalon.core.main.ScriptEngine.run(ScriptEngine.java:194)
	at com.kms.katalon.core.main.ScriptEngine.runScriptAsRawText(ScriptEngine.java:119)
	at com.kms.katalon.core.main.TestCaseExecutor.runScript(TestCaseExecutor.java:442)
	at com.kms.katalon.core.main.TestCaseExecutor.doExecute(TestCaseExecutor.java:433)
	at com.kms.katalon.core.main.TestCaseExecutor.processExecutionPhase(TestCaseExecutor.java:412)
	at com.kms.katalon.core.main.TestCaseExecutor.accessMainPhase(TestCaseExecutor.java:404)
	at com.kms.katalon.core.main.TestCaseExecutor.execute(TestCaseExecutor.java:281)
	at com.kms.katalon.core.main.TestSuiteExecutor.accessTestCaseMainPhase(TestSuiteExecutor.java:202)
	at com.kms.katalon.core.main.TestSuiteExecutor.accessTestSuiteMainPhase(TestSuiteExecutor.java:164)
	at com.kms.katalon.core.main.TestSuiteExecutor.execute(TestSuiteExecutor.java:105)
	at com.kms.katalon.core.main.TestCaseMain.startTestSuite(TestCaseMain.java:181)
	at com.kms.katalon.core.main.TestCaseMain$startTestSuite$0.call(Unknown Source)
	at TempTestSuite1642271036821.run(TempTestSuite1642271036821.groovy:36)
Caused by: com.kms.katalon.core.webui.exception.WebElementNotFoundException: Web element with id: 'Object Repository/Page_Group10 Administration Users Accounts _c9beb9/input_Attachment_repo_upload_file' located by '//form/div/div/div/input' not found
	at com.kms.katalon.core.webui.common.WebUiCommonHelper.findWebElement(WebUiCommonHelper.java:1368)
	at com.kms.katalon.core.webui.keyword.internal.WebUIAbstractKeyword.findWebElement(WebUIAbstractKeyword.groovy:27)
	at com.kms.katalon.core.webui.keyword.internal.WebUIAbstractKeyword.findWebElement(WebUIAbstractKeyword.groovy:26)
	at com.kms.katalon.core.webui.keyword.builtin.UploadFileKeyword$_uploadFile_closure1.doCall(UploadFileKeyword.groovy:79)
	at com.kms.katalon.core.webui.keyword.builtin.UploadFileKeyword$_uploadFile_closure1.call(UploadFileKeyword.groovy)
	at com.kms.katalon.core.webui.keyword.internal.WebUIKeywordMain.runKeyword(WebUIKeywordMain.groovy:20)
	at com.kms.katalon.core.webui.keyword.builtin.UploadFileKeyword.uploadFile(UploadFileKeyword.groovy:87)
	at com.kms.katalon.core.webui.keyword.builtin.UploadFileKeyword.execute(UploadFileKeyword.groovy:68)
	at com.kms.katalon.core.keyword.internal.KeywordExecutor.executeKeywordForPlatform(KeywordExecutor.groovy:74)
	at com.kms.katalon.core.webui.keyword.WebUiBuiltInKeywords.uploadFile(WebUiBuiltInKeywords.groovy:4031)
	at com.kms.katalon.core.webui.keyword.WebUiBuiltInKeywords$uploadFile$6.call(Unknown Source)
	at Script1641999488293.run(Script1641999488293.groovy:40)
	... 13 more
)
[[ATTACHMENT|D:\\TestAutomation-SEBonus-Group10\\Test Automation - SE Bonus\\Reports\\20220116_012355\\Run all test cases\\20220116_012356\\1642271314033.png]]]]></system-out>
         <system-err><![CDATA[2022-01-16 01:27:50 - [TEST_CASE][FAILED] - Test Cases/Create teacher by upload file: Test Cases/Create teacher by upload file FAILED.
Reason:
com.kms.katalon.core.exception.StepFailedException: Unable to upload file 'D:\TestAutomation-SEBonus-Group10\teacher.csv' to object 'Object Repository/Page_Group10 Administration Users Accounts _c9beb9/input_Attachment_repo_upload_file'
	at com.kms.katalon.core.webui.keyword.internal.WebUIKeywordMain.stepFailed(WebUIKeywordMain.groovy:64)
	at com.kms.katalon.core.webui.keyword.internal.WebUIKeywordMain.runKeyword(WebUIKeywordMain.groovy:26)
	at com.kms.katalon.core.webui.keyword.builtin.UploadFileKeyword.uploadFile(UploadFileKeyword.groovy:87)
	at com.kms.katalon.core.webui.keyword.builtin.UploadFileKeyword.execute(UploadFileKeyword.groovy:68)
	at com.kms.katalon.core.keyword.internal.KeywordExecutor.executeKeywordForPlatform(KeywordExecutor.groovy:74)
	at com.kms.katalon.core.webui.keyword.WebUiBuiltInKeywords.uploadFile(WebUiBuiltInKeywords.groovy:4031)
	at com.kms.katalon.core.webui.keyword.WebUiBuiltInKeywords$uploadFile$6.call(Unknown Source)
	at Create teacher by upload file.run(Create teacher by upload file:40)
	at com.kms.katalon.core.main.ScriptEngine.run(ScriptEngine.java:194)
	at com.kms.katalon.core.main.ScriptEngine.runScriptAsRawText(ScriptEngine.java:119)
	at com.kms.katalon.core.main.TestCaseExecutor.runScript(TestCaseExecutor.java:442)
	at com.kms.katalon.core.main.TestCaseExecutor.doExecute(TestCaseExecutor.java:433)
	at com.kms.katalon.core.main.TestCaseExecutor.processExecutionPhase(TestCaseExecutor.java:412)
	at com.kms.katalon.core.main.TestCaseExecutor.accessMainPhase(TestCaseExecutor.java:404)
	at com.kms.katalon.core.main.TestCaseExecutor.execute(TestCaseExecutor.java:281)
	at com.kms.katalon.core.main.TestSuiteExecutor.accessTestCaseMainPhase(TestSuiteExecutor.java:202)
	at com.kms.katalon.core.main.TestSuiteExecutor.accessTestSuiteMainPhase(TestSuiteExecutor.java:164)
	at com.kms.katalon.core.main.TestSuiteExecutor.execute(TestSuiteExecutor.java:105)
	at com.kms.katalon.core.main.TestCaseMain.startTestSuite(TestCaseMain.java:181)
	at com.kms.katalon.core.main.TestCaseMain$startTestSuite$0.call(Unknown Source)
	at TempTestSuite1642271036821.run(TempTestSuite1642271036821.groovy:36)
Caused by: com.kms.katalon.core.webui.exception.WebElementNotFoundException: Web element with id: 'Object Repository/Page_Group10 Administration Users Accounts _c9beb9/input_Attachment_repo_upload_file' located by '//form/div/div/div/input' not found
	at com.kms.katalon.core.webui.common.WebUiCommonHelper.findWebElement(WebUiCommonHelper.java:1368)
	at com.kms.katalon.core.webui.keyword.internal.WebUIAbstractKeyword.findWebElement(WebUIAbstractKeyword.groovy:27)
	at com.kms.katalon.core.webui.keyword.internal.WebUIAbstractKeyword.findWebElement(WebUIAbstractKeyword.groovy:26)
	at com.kms.katalon.core.webui.keyword.builtin.UploadFileKeyword$_uploadFile_closure1.doCall(UploadFileKeyword.groovy:79)
	at com.kms.katalon.core.webui.keyword.builtin.UploadFileKeyword$_uploadFile_closure1.call(UploadFileKeyword.groovy)
	at com.kms.katalon.core.webui.keyword.internal.WebUIKeywordMain.runKeyword(WebUIKeywordMain.groovy:20)
	... 19 more]]></system-err>
      </testcase>
      <testcase name="Test Cases/Create manager by upload file" time="44.22" classname="Test Cases/Create manager by upload file" status="FAILED">
         <failure type="FAILED" message="Test Cases/Create manager by upload file FAILED.
Reason:
com.kms.katalon.core.exception.StepFailedException: Unable to upload file 'D:\TestAutomation-SEBonus-Group10\manager.csv' to object 'Object Repository/Page_Group10 Administration Users Accounts _c9beb9/input_Attachment_repo_upload_file'
	at com.kms.katalon.core.webui.keyword.internal.WebUIKeywordMain.stepFailed(WebUIKeywordMain.groovy:64)
	at com.kms.katalon.core.webui.keyword.internal.WebUIKeywordMain.runKeyword(WebUIKeywordMain.groovy:26)
	at com.kms.katalon.core.webui.keyword.builtin.UploadFileKeyword.uploadFile(UploadFileKeyword.groovy:87)
	at com.kms.katalon.core.webui.keyword.builtin.UploadFileKeyword.execute(UploadFileKeyword.groovy:68)
	at com.kms.katalon.core.keyword.internal.KeywordExecutor.executeKeywordForPlatform(KeywordExecutor.groovy:74)
	at com.kms.katalon.core.webui.keyword.WebUiBuiltInKeywords.uploadFile(WebUiBuiltInKeywords.groovy:4031)
	at com.kms.katalon.core.webui.keyword.WebUiBuiltInKeywords$uploadFile$6.call(Unknown Source)
	at Create manager by upload file.run(Create manager by upload file:40)
	at com.kms.katalon.core.main.ScriptEngine.run(ScriptEngine.java:194)
	at com.kms.katalon.core.main.ScriptEngine.runScriptAsRawText(ScriptEngine.java:119)
	at com.kms.katalon.core.main.TestCaseExecutor.runScript(TestCaseExecutor.java:442)
	at com.kms.katalon.core.main.TestCaseExecutor.doExecute(TestCaseExecutor.java:433)
	at com.kms.katalon.core.main.TestCaseExecutor.processExecutionPhase(TestCaseExecutor.java:412)
	at com.kms.katalon.core.main.TestCaseExecutor.accessMainPhase(TestCaseExecutor.java:404)
	at com.kms.katalon.core.main.TestCaseExecutor.execute(TestCaseExecutor.java:281)
	at com.kms.katalon.core.main.TestSuiteExecutor.accessTestCaseMainPhase(TestSuiteExecutor.java:202)
	at com.kms.katalon.core.main.TestSuiteExecutor.accessTestSuiteMainPhase(TestSuiteExecutor.java:164)
	at com.kms.katalon.core.main.TestSuiteExecutor.execute(TestSuiteExecutor.java:105)
	at com.kms.katalon.core.main.TestCaseMain.startTestSuite(TestCaseMain.java:181)
	at com.kms.katalon.core.main.TestCaseMain$startTestSuite$0.call(Unknown Source)
	at TempTestSuite1642271036821.run(TempTestSuite1642271036821.groovy:36)
Caused by: com.kms.katalon.core.webui.exception.WebElementNotFoundException: Web element with id: 'Object Repository/Page_Group10 Administration Users Accounts _c9beb9/input_Attachment_repo_upload_file' located by '//form/div/div/div/input' not found
	at com.kms.katalon.core.webui.common.WebUiCommonHelper.findWebElement(WebUiCommonHelper.java:1368)
	at com.kms.katalon.core.webui.keyword.internal.WebUIAbstractKeyword.findWebElement(WebUIAbstractKeyword.groovy:27)
	at com.kms.katalon.core.webui.keyword.internal.WebUIAbstractKeyword.findWebElement(WebUIAbstractKeyword.groovy:26)
	at com.kms.katalon.core.webui.keyword.builtin.UploadFileKeyword$_uploadFile_closure1.doCall(UploadFileKeyword.groovy:79)
	at com.kms.katalon.core.webui.keyword.builtin.UploadFileKeyword$_uploadFile_closure1.call(UploadFileKeyword.groovy)
	at com.kms.katalon.core.webui.keyword.internal.WebUIKeywordMain.runKeyword(WebUIKeywordMain.groovy:20)
	... 19 more
"/>
         <system-out><![CDATA[2022-01-16 01:28:34 - [TEST_CASE][FAILED] - Test Cases/Create manager by upload file: Test Cases/Create manager by upload file FAILED.
Reason:
com.kms.katalon.core.exception.StepFailedException: Unable to upload file 'D:\TestAutomation-SEBonus-Group10\manager.csv' to object 'Object Repository/Page_Group10 Administration Users Accounts _c9beb9/input_Attachment_repo_upload_file'
	at com.kms.katalon.core.webui.keyword.internal.WebUIKeywordMain.stepFailed(WebUIKeywordMain.groovy:64)
	at com.kms.katalon.core.webui.keyword.internal.WebUIKeywordMain.runKeyword(WebUIKeywordMain.groovy:26)
	at com.kms.katalon.core.webui.keyword.builtin.UploadFileKeyword.uploadFile(UploadFileKeyword.groovy:87)
	at com.kms.katalon.core.webui.keyword.builtin.UploadFileKeyword.execute(UploadFileKeyword.groovy:68)
	at com.kms.katalon.core.keyword.internal.KeywordExecutor.executeKeywordForPlatform(KeywordExecutor.groovy:74)
	at com.kms.katalon.core.webui.keyword.WebUiBuiltInKeywords.uploadFile(WebUiBuiltInKeywords.groovy:4031)
	at com.kms.katalon.core.webui.keyword.WebUiBuiltInKeywords$uploadFile$6.call(Unknown Source)
	at Create manager by upload file.run(Create manager by upload file:40)
	at com.kms.katalon.core.main.ScriptEngine.run(ScriptEngine.java:194)
	at com.kms.katalon.core.main.ScriptEngine.runScriptAsRawText(ScriptEngine.java:119)
	at com.kms.katalon.core.main.TestCaseExecutor.runScript(TestCaseExecutor.java:442)
	at com.kms.katalon.core.main.TestCaseExecutor.doExecute(TestCaseExecutor.java:433)
	at com.kms.katalon.core.main.TestCaseExecutor.processExecutionPhase(TestCaseExecutor.java:412)
	at com.kms.katalon.core.main.TestCaseExecutor.accessMainPhase(TestCaseExecutor.java:404)
	at com.kms.katalon.core.main.TestCaseExecutor.execute(TestCaseExecutor.java:281)
	at com.kms.katalon.core.main.TestSuiteExecutor.accessTestCaseMainPhase(TestSuiteExecutor.java:202)
	at com.kms.katalon.core.main.TestSuiteExecutor.accessTestSuiteMainPhase(TestSuiteExecutor.java:164)
	at com.kms.katalon.core.main.TestSuiteExecutor.execute(TestSuiteExecutor.java:105)
	at com.kms.katalon.core.main.TestCaseMain.startTestSuite(TestCaseMain.java:181)
	at com.kms.katalon.core.main.TestCaseMain$startTestSuite$0.call(Unknown Source)
	at TempTestSuite1642271036821.run(TempTestSuite1642271036821.groovy:36)
Caused by: com.kms.katalon.core.webui.exception.WebElementNotFoundException: Web element with id: 'Object Repository/Page_Group10 Administration Users Accounts _c9beb9/input_Attachment_repo_upload_file' located by '//form/div/div/div/input' not found
	at com.kms.katalon.core.webui.common.WebUiCommonHelper.findWebElement(WebUiCommonHelper.java:1368)
	at com.kms.katalon.core.webui.keyword.internal.WebUIAbstractKeyword.findWebElement(WebUIAbstractKeyword.groovy:27)
	at com.kms.katalon.core.webui.keyword.internal.WebUIAbstractKeyword.findWebElement(WebUIAbstractKeyword.groovy:26)
	at com.kms.katalon.core.webui.keyword.builtin.UploadFileKeyword$_uploadFile_closure1.doCall(UploadFileKeyword.groovy:79)
	at com.kms.katalon.core.webui.keyword.builtin.UploadFileKeyword$_uploadFile_closure1.call(UploadFileKeyword.groovy)
	at com.kms.katalon.core.webui.keyword.internal.WebUIKeywordMain.runKeyword(WebUIKeywordMain.groovy:20)
	... 19 more


2022-01-16 01:28:34 - [TEST_STEP][PASSED] - openBrowser(""): Browser is opened with url: ''

2022-01-16 01:28:34 - [MESSAGE][WARNING] - A browser is already opened. Closing browser and opening a new one

2022-01-16 01:28:35 - [MESSAGE][INFO] - Starting 'Edge Chromium' driver

2022-01-16 01:28:37 - [MESSAGE][INFO] - Action delay is set to 0 milliseconds

2022-01-16 01:28:38 - [MESSAGE][PASSED] - Browser is opened with url: ''

2022-01-16 01:28:38 - [TEST_STEP][PASSED] - navigateToUrl("http://localhost/"): Navigate to 'http://localhost/' successfully

2022-01-16 01:28:39 - [MESSAGE][PASSED] - Navigate to 'http://localhost/' successfully

2022-01-16 01:28:39 - [TEST_STEP][PASSED] - click(findTestObject("Object Repository/Page_Home page/a_Log in")): Object: 'Object Repository/Page_Home page/a_Log in' is clicked on

2022-01-16 01:28:40 - [MESSAGE][PASSED] - Object: 'Object Repository/Page_Home page/a_Log in' is clicked on

2022-01-16 01:28:40 - [TEST_STEP][PASSED] - setText(findTestObject("Object Repository/Page_Home page Log in to the site/input_Username_username"), "admin"): Text 'admin' is set on object 'Object Repository/Page_Home page Log in to the site/input_Username_username'

2022-01-16 01:28:40 - [MESSAGE][PASSED] - Text 'admin' is set on object 'Object Repository/Page_Home page Log in to the site/input_Username_username'

2022-01-16 01:28:40 - [TEST_STEP][PASSED] - setEncryptedText(findTestObject("Page_Home page Log in to the site/input_Password_password (1)"), "OFhcon1PzObx3ErJAwGfGA=="): Text ****** has been set on object 'Object Repository/Page_Home page Log in to the site/input_Password_password (1)'

2022-01-16 01:28:41 - [MESSAGE][PASSED] - Text ****** has been set on object 'Object Repository/Page_Home page Log in to the site/input_Password_password (1)'

2022-01-16 01:28:41 - [TEST_STEP][PASSED] - click(findTestObject("Object Repository/Page_Home page Log in to the site/button_Log in")): Object: 'Object Repository/Page_Home page Log in to the site/button_Log in' is clicked on

2022-01-16 01:28:42 - [MESSAGE][PASSED] - Object: 'Object Repository/Page_Home page Log in to the site/button_Log in' is clicked on

2022-01-16 01:28:42 - [TEST_STEP][PASSED] - click(findTestObject("Object Repository/Page_Dashboard/a_Site administration")): Object: 'Object Repository/Page_Dashboard/a_Site administration' is clicked on

2022-01-16 01:28:44 - [MESSAGE][PASSED] - Object: 'Object Repository/Page_Dashboard/a_Site administration' is clicked on

2022-01-16 01:28:44 - [TEST_STEP][PASSED] - click(findTestObject("Object Repository/Page_Group10 Administration Search/a_Users")): Object: 'Object Repository/Page_Group10 Administration Search/a_Users' is clicked on

2022-01-16 01:28:45 - [MESSAGE][PASSED] - Object: 'Object Repository/Page_Group10 Administration Search/a_Users' is clicked on

2022-01-16 01:28:45 - [TEST_STEP][PASSED] - click(findTestObject("Object Repository/Page_Group10 Administration Search/a_Upload users")): Object: 'Object Repository/Page_Group10 Administration Search/a_Upload users' is clicked on

2022-01-16 01:28:46 - [MESSAGE][PASSED] - Object: 'Object Repository/Page_Group10 Administration Search/a_Upload users' is clicked on

2022-01-16 01:28:46 - [TEST_STEP][PASSED] - click(findTestObject("Object Repository/Page_Group10 Administration Users Accounts _c9beb9/input_File_userfilechoose")): Object: 'Object Repository/Page_Group10 Administration Users Accounts _c9beb9/input_File_userfilechoose' is clicked on

2022-01-16 01:28:47 - [MESSAGE][PASSED] - Object: 'Object Repository/Page_Group10 Administration Users Accounts _c9beb9/input_File_userfilechoose' is clicked on

2022-01-16 01:28:47 - [TEST_STEP][FAILED] - uploadFile(findTestObject("Object Repository/Page_Group10 Administration Users Accounts _c9beb9/input_Attachment_repo_upload_file"), "D:\TestAutomation-SEBonus-Group10\manager.csv"): Unable to upload file 'D:\TestAutomation-SEBonus-Group10\manager.csv' to object 'Object Repository/Page_Group10 Administration Users Accounts _c9beb9/input_Attachment_repo_upload_file' (Root cause: com.kms.katalon.core.exception.StepFailedException: Unable to upload file 'D:\TestAutomation-SEBonus-Group10\manager.csv' to object 'Object Repository/Page_Group10 Administration Users Accounts _c9beb9/input_Attachment_repo_upload_file'
	at com.kms.katalon.core.webui.keyword.internal.WebUIKeywordMain.stepFailed(WebUIKeywordMain.groovy:64)
	at com.kms.katalon.core.webui.keyword.internal.WebUIKeywordMain.runKeyword(WebUIKeywordMain.groovy:26)
	at com.kms.katalon.core.webui.keyword.builtin.UploadFileKeyword.uploadFile(UploadFileKeyword.groovy:87)
	at com.kms.katalon.core.webui.keyword.builtin.UploadFileKeyword.execute(UploadFileKeyword.groovy:68)
	at com.kms.katalon.core.keyword.internal.KeywordExecutor.executeKeywordForPlatform(KeywordExecutor.groovy:74)
	at com.kms.katalon.core.webui.keyword.WebUiBuiltInKeywords.uploadFile(WebUiBuiltInKeywords.groovy:4031)
	at com.kms.katalon.core.webui.keyword.WebUiBuiltInKeywords$uploadFile$6.call(Unknown Source)
	at Create manager by upload file.run(Create manager by upload file:40)
	at com.kms.katalon.core.main.ScriptEngine.run(ScriptEngine.java:194)
	at com.kms.katalon.core.main.ScriptEngine.runScriptAsRawText(ScriptEngine.java:119)
	at com.kms.katalon.core.main.TestCaseExecutor.runScript(TestCaseExecutor.java:442)
	at com.kms.katalon.core.main.TestCaseExecutor.doExecute(TestCaseExecutor.java:433)
	at com.kms.katalon.core.main.TestCaseExecutor.processExecutionPhase(TestCaseExecutor.java:412)
	at com.kms.katalon.core.main.TestCaseExecutor.accessMainPhase(TestCaseExecutor.java:404)
	at com.kms.katalon.core.main.TestCaseExecutor.execute(TestCaseExecutor.java:281)
	at com.kms.katalon.core.main.TestSuiteExecutor.accessTestCaseMainPhase(TestSuiteExecutor.java:202)
	at com.kms.katalon.core.main.TestSuiteExecutor.accessTestSuiteMainPhase(TestSuiteExecutor.java:164)
	at com.kms.katalon.core.main.TestSuiteExecutor.execute(TestSuiteExecutor.java:105)
	at com.kms.katalon.core.main.TestCaseMain.startTestSuite(TestCaseMain.java:181)
	at com.kms.katalon.core.main.TestCaseMain$startTestSuite$0.call(Unknown Source)
	at TempTestSuite1642271036821.run(TempTestSuite1642271036821.groovy:36)
Caused by: com.kms.katalon.core.webui.exception.WebElementNotFoundException: Web element with id: 'Object Repository/Page_Group10 Administration Users Accounts _c9beb9/input_Attachment_repo_upload_file' located by '//form/div/div/div/input' not found
	at com.kms.katalon.core.webui.common.WebUiCommonHelper.findWebElement(WebUiCommonHelper.java:1368)
	at com.kms.katalon.core.webui.keyword.internal.WebUIAbstractKeyword.findWebElement(WebUIAbstractKeyword.groovy:27)
	at com.kms.katalon.core.webui.keyword.internal.WebUIAbstractKeyword.findWebElement(WebUIAbstractKeyword.groovy:26)
	at com.kms.katalon.core.webui.keyword.builtin.UploadFileKeyword$_uploadFile_closure1.doCall(UploadFileKeyword.groovy:79)
	at com.kms.katalon.core.webui.keyword.builtin.UploadFileKeyword$_uploadFile_closure1.call(UploadFileKeyword.groovy)
	at com.kms.katalon.core.webui.keyword.internal.WebUIKeywordMain.runKeyword(WebUIKeywordMain.groovy:20)
	at com.kms.katalon.core.webui.keyword.builtin.UploadFileKeyword.uploadFile(UploadFileKeyword.groovy:87)
	at com.kms.katalon.core.webui.keyword.builtin.UploadFileKeyword.execute(UploadFileKeyword.groovy:68)
	at com.kms.katalon.core.keyword.internal.KeywordExecutor.executeKeywordForPlatform(KeywordExecutor.groovy:74)
	at com.kms.katalon.core.webui.keyword.WebUiBuiltInKeywords.uploadFile(WebUiBuiltInKeywords.groovy:4031)
	at com.kms.katalon.core.webui.keyword.WebUiBuiltInKeywords$uploadFile$6.call(Unknown Source)
	at Script1642067628485.run(Script1642067628485.groovy:40)
	... 13 more
)

2022-01-16 01:29:18 - [MESSAGE][INFO] - Unable to find the element located by 'By.xpath: //form/div/div/div/input'. Please recheck the objects properties to make sure the desired element is located. 

2022-01-16 01:29:18 - [MESSAGE][FAILED] - Unable to upload file 'D:\TestAutomation-SEBonus-Group10\manager.csv' to object 'Object Repository/Page_Group10 Administration Users Accounts _c9beb9/input_Attachment_repo_upload_file' (Root cause: com.kms.katalon.core.exception.StepFailedException: Unable to upload file 'D:\TestAutomation-SEBonus-Group10\manager.csv' to object 'Object Repository/Page_Group10 Administration Users Accounts _c9beb9/input_Attachment_repo_upload_file'
	at com.kms.katalon.core.webui.keyword.internal.WebUIKeywordMain.stepFailed(WebUIKeywordMain.groovy:64)
	at com.kms.katalon.core.webui.keyword.internal.WebUIKeywordMain.runKeyword(WebUIKeywordMain.groovy:26)
	at com.kms.katalon.core.webui.keyword.builtin.UploadFileKeyword.uploadFile(UploadFileKeyword.groovy:87)
	at com.kms.katalon.core.webui.keyword.builtin.UploadFileKeyword.execute(UploadFileKeyword.groovy:68)
	at com.kms.katalon.core.keyword.internal.KeywordExecutor.executeKeywordForPlatform(KeywordExecutor.groovy:74)
	at com.kms.katalon.core.webui.keyword.WebUiBuiltInKeywords.uploadFile(WebUiBuiltInKeywords.groovy:4031)
	at com.kms.katalon.core.webui.keyword.WebUiBuiltInKeywords$uploadFile$6.call(Unknown Source)
	at Create manager by upload file.run(Create manager by upload file:40)
	at com.kms.katalon.core.main.ScriptEngine.run(ScriptEngine.java:194)
	at com.kms.katalon.core.main.ScriptEngine.runScriptAsRawText(ScriptEngine.java:119)
	at com.kms.katalon.core.main.TestCaseExecutor.runScript(TestCaseExecutor.java:442)
	at com.kms.katalon.core.main.TestCaseExecutor.doExecute(TestCaseExecutor.java:433)
	at com.kms.katalon.core.main.TestCaseExecutor.processExecutionPhase(TestCaseExecutor.java:412)
	at com.kms.katalon.core.main.TestCaseExecutor.accessMainPhase(TestCaseExecutor.java:404)
	at com.kms.katalon.core.main.TestCaseExecutor.execute(TestCaseExecutor.java:281)
	at com.kms.katalon.core.main.TestSuiteExecutor.accessTestCaseMainPhase(TestSuiteExecutor.java:202)
	at com.kms.katalon.core.main.TestSuiteExecutor.accessTestSuiteMainPhase(TestSuiteExecutor.java:164)
	at com.kms.katalon.core.main.TestSuiteExecutor.execute(TestSuiteExecutor.java:105)
	at com.kms.katalon.core.main.TestCaseMain.startTestSuite(TestCaseMain.java:181)
	at com.kms.katalon.core.main.TestCaseMain$startTestSuite$0.call(Unknown Source)
	at TempTestSuite1642271036821.run(TempTestSuite1642271036821.groovy:36)
Caused by: com.kms.katalon.core.webui.exception.WebElementNotFoundException: Web element with id: 'Object Repository/Page_Group10 Administration Users Accounts _c9beb9/input_Attachment_repo_upload_file' located by '//form/div/div/div/input' not found
	at com.kms.katalon.core.webui.common.WebUiCommonHelper.findWebElement(WebUiCommonHelper.java:1368)
	at com.kms.katalon.core.webui.keyword.internal.WebUIAbstractKeyword.findWebElement(WebUIAbstractKeyword.groovy:27)
	at com.kms.katalon.core.webui.keyword.internal.WebUIAbstractKeyword.findWebElement(WebUIAbstractKeyword.groovy:26)
	at com.kms.katalon.core.webui.keyword.builtin.UploadFileKeyword$_uploadFile_closure1.doCall(UploadFileKeyword.groovy:79)
	at com.kms.katalon.core.webui.keyword.builtin.UploadFileKeyword$_uploadFile_closure1.call(UploadFileKeyword.groovy)
	at com.kms.katalon.core.webui.keyword.internal.WebUIKeywordMain.runKeyword(WebUIKeywordMain.groovy:20)
	at com.kms.katalon.core.webui.keyword.builtin.UploadFileKeyword.uploadFile(UploadFileKeyword.groovy:87)
	at com.kms.katalon.core.webui.keyword.builtin.UploadFileKeyword.execute(UploadFileKeyword.groovy:68)
	at com.kms.katalon.core.keyword.internal.KeywordExecutor.executeKeywordForPlatform(KeywordExecutor.groovy:74)
	at com.kms.katalon.core.webui.keyword.WebUiBuiltInKeywords.uploadFile(WebUiBuiltInKeywords.groovy:4031)
	at com.kms.katalon.core.webui.keyword.WebUiBuiltInKeywords$uploadFile$6.call(Unknown Source)
	at Script1642067628485.run(Script1642067628485.groovy:40)
	... 13 more
)
[[ATTACHMENT|D:\\TestAutomation-SEBonus-Group10\\Test Automation - SE Bonus\\Reports\\20220116_012355\\Run all test cases\\20220116_012356\\1642271358261.png]]]]></system-out>
         <system-err><![CDATA[2022-01-16 01:28:34 - [TEST_CASE][FAILED] - Test Cases/Create manager by upload file: Test Cases/Create manager by upload file FAILED.
Reason:
com.kms.katalon.core.exception.StepFailedException: Unable to upload file 'D:\TestAutomation-SEBonus-Group10\manager.csv' to object 'Object Repository/Page_Group10 Administration Users Accounts _c9beb9/input_Attachment_repo_upload_file'
	at com.kms.katalon.core.webui.keyword.internal.WebUIKeywordMain.stepFailed(WebUIKeywordMain.groovy:64)
	at com.kms.katalon.core.webui.keyword.internal.WebUIKeywordMain.runKeyword(WebUIKeywordMain.groovy:26)
	at com.kms.katalon.core.webui.keyword.builtin.UploadFileKeyword.uploadFile(UploadFileKeyword.groovy:87)
	at com.kms.katalon.core.webui.keyword.builtin.UploadFileKeyword.execute(UploadFileKeyword.groovy:68)
	at com.kms.katalon.core.keyword.internal.KeywordExecutor.executeKeywordForPlatform(KeywordExecutor.groovy:74)
	at com.kms.katalon.core.webui.keyword.WebUiBuiltInKeywords.uploadFile(WebUiBuiltInKeywords.groovy:4031)
	at com.kms.katalon.core.webui.keyword.WebUiBuiltInKeywords$uploadFile$6.call(Unknown Source)
	at Create manager by upload file.run(Create manager by upload file:40)
	at com.kms.katalon.core.main.ScriptEngine.run(ScriptEngine.java:194)
	at com.kms.katalon.core.main.ScriptEngine.runScriptAsRawText(ScriptEngine.java:119)
	at com.kms.katalon.core.main.TestCaseExecutor.runScript(TestCaseExecutor.java:442)
	at com.kms.katalon.core.main.TestCaseExecutor.doExecute(TestCaseExecutor.java:433)
	at com.kms.katalon.core.main.TestCaseExecutor.processExecutionPhase(TestCaseExecutor.java:412)
	at com.kms.katalon.core.main.TestCaseExecutor.accessMainPhase(TestCaseExecutor.java:404)
	at com.kms.katalon.core.main.TestCaseExecutor.execute(TestCaseExecutor.java:281)
	at com.kms.katalon.core.main.TestSuiteExecutor.accessTestCaseMainPhase(TestSuiteExecutor.java:202)
	at com.kms.katalon.core.main.TestSuiteExecutor.accessTestSuiteMainPhase(TestSuiteExecutor.java:164)
	at com.kms.katalon.core.main.TestSuiteExecutor.execute(TestSuiteExecutor.java:105)
	at com.kms.katalon.core.main.TestCaseMain.startTestSuite(TestCaseMain.java:181)
	at com.kms.katalon.core.main.TestCaseMain$startTestSuite$0.call(Unknown Source)
	at TempTestSuite1642271036821.run(TempTestSuite1642271036821.groovy:36)
Caused by: com.kms.katalon.core.webui.exception.WebElementNotFoundException: Web element with id: 'Object Repository/Page_Group10 Administration Users Accounts _c9beb9/input_Attachment_repo_upload_file' located by '//form/div/div/div/input' not found
	at com.kms.katalon.core.webui.common.WebUiCommonHelper.findWebElement(WebUiCommonHelper.java:1368)
	at com.kms.katalon.core.webui.keyword.internal.WebUIAbstractKeyword.findWebElement(WebUIAbstractKeyword.groovy:27)
	at com.kms.katalon.core.webui.keyword.internal.WebUIAbstractKeyword.findWebElement(WebUIAbstractKeyword.groovy:26)
	at com.kms.katalon.core.webui.keyword.builtin.UploadFileKeyword$_uploadFile_closure1.doCall(UploadFileKeyword.groovy:79)
	at com.kms.katalon.core.webui.keyword.builtin.UploadFileKeyword$_uploadFile_closure1.call(UploadFileKeyword.groovy)
	at com.kms.katalon.core.webui.keyword.internal.WebUIKeywordMain.runKeyword(WebUIKeywordMain.groovy:20)
	... 19 more]]></system-err>
      </testcase>
      <testcase name="Test Cases/Change pass" time="22.004" classname="Test Cases/Change pass" status="PASSED">
         <system-out><![CDATA[2022-01-16 01:29:18 - [TEST_CASE][PASSED] - Test Cases/Change pass: Test Cases/Change pass

2022-01-16 01:29:18 - [TEST_STEP][PASSED] - openBrowser(""): Browser is opened with url: ''

2022-01-16 01:29:18 - [MESSAGE][WARNING] - A browser is already opened. Closing browser and opening a new one

2022-01-16 01:29:19 - [MESSAGE][INFO] - Starting 'Edge Chromium' driver

2022-01-16 01:29:21 - [MESSAGE][INFO] - Action delay is set to 0 milliseconds

2022-01-16 01:29:22 - [MESSAGE][PASSED] - Browser is opened with url: ''

2022-01-16 01:29:22 - [TEST_STEP][PASSED] - navigateToUrl("http://localhost/"): Navigate to 'http://localhost/' successfully

2022-01-16 01:29:23 - [MESSAGE][PASSED] - Navigate to 'http://localhost/' successfully

2022-01-16 01:29:23 - [TEST_STEP][PASSED] - click(findTestObject("Object Repository/changepass/Page_Home page/a_Log in")): Object: 'Object Repository/changepass/Page_Home page/a_Log in' is clicked on

2022-01-16 01:29:24 - [MESSAGE][PASSED] - Object: 'Object Repository/changepass/Page_Home page/a_Log in' is clicked on

2022-01-16 01:29:24 - [TEST_STEP][PASSED] - setText(findTestObject("Object Repository/changepass/Page_Home page Log in to the site/input_Username_username"), "student1"): Text 'student1' is set on object 'Object Repository/changepass/Page_Home page Log in to the site/input_Username_username'

2022-01-16 01:29:25 - [MESSAGE][PASSED] - Text 'student1' is set on object 'Object Repository/changepass/Page_Home page Log in to the site/input_Username_username'

2022-01-16 01:29:25 - [TEST_STEP][PASSED] - setEncryptedText(findTestObject("Object Repository/changepass/Page_Home page Log in to the site/input_Password_password"), "9ExR24d8uBTe5Y0Xu9Ji6w=="): Text ****** has been set on object 'Object Repository/changepass/Page_Home page Log in to the site/input_Password_password'

2022-01-16 01:29:25 - [MESSAGE][PASSED] - Text ****** has been set on object 'Object Repository/changepass/Page_Home page Log in to the site/input_Password_password'

2022-01-16 01:29:25 - [TEST_STEP][PASSED] - click(findTestObject("Object Repository/changepass/Page_Home page Log in to the site/button_Log in")): Object: 'Object Repository/changepass/Page_Home page Log in to the site/button_Log in' is clicked on

2022-01-16 01:29:26 - [MESSAGE][PASSED] - Object: 'Object Repository/changepass/Page_Home page Log in to the site/button_Log in' is clicked on

2022-01-16 01:29:26 - [TEST_STEP][PASSED] - click(findTestObject("Object Repository/changepass/Page_Dashboard/a_NH")): Object: 'Object Repository/changepass/Page_Dashboard/a_NH' is clicked on

2022-01-16 01:29:27 - [MESSAGE][PASSED] - Object: 'Object Repository/changepass/Page_Dashboard/a_NH' is clicked on

2022-01-16 01:29:27 - [TEST_STEP][PASSED] - click(findTestObject("Object Repository/changepass/Page_Dashboard/a_Profile")): Object: 'Object Repository/changepass/Page_Dashboard/a_Profile' is clicked on

2022-01-16 01:29:28 - [MESSAGE][PASSED] - Object: 'Object Repository/changepass/Page_Dashboard/a_Profile' is clicked on

2022-01-16 01:29:28 - [TEST_STEP][PASSED] - click(findTestObject("Object Repository/changepass/Page_Nguyen Hoa Public profile/a_Edit profile")): Object: 'Object Repository/changepass/Page_Nguyen Hoa Public profile/a_Edit profile' is clicked on

2022-01-16 01:29:29 - [MESSAGE][PASSED] - Object: 'Object Repository/changepass/Page_Nguyen Hoa Public profile/a_Edit profile' is clicked on

2022-01-16 01:29:29 - [TEST_STEP][PASSED] - click(findTestObject("Object Repository/changepass/Page_Group10 Edit profile/a_Preferences")): Object: 'Object Repository/changepass/Page_Group10 Edit profile/a_Preferences' is clicked on

2022-01-16 01:29:30 - [MESSAGE][PASSED] - Object: 'Object Repository/changepass/Page_Group10 Edit profile/a_Preferences' is clicked on

2022-01-16 01:29:30 - [TEST_STEP][PASSED] - click(findTestObject("Object Repository/changepass/Page_Preferences/a_Change password")): Object: 'Object Repository/changepass/Page_Preferences/a_Change password' is clicked on

2022-01-16 01:29:31 - [MESSAGE][PASSED] - Object: 'Object Repository/changepass/Page_Preferences/a_Change password' is clicked on

2022-01-16 01:29:31 - [TEST_STEP][PASSED] - setEncryptedText(findTestObject("Object Repository/changepass/Page_Change password/input_Current password_password"), "9ExR24d8uBTe5Y0Xu9Ji6w=="): Text ****** has been set on object 'Object Repository/changepass/Page_Change password/input_Current password_password'

2022-01-16 01:29:32 - [MESSAGE][PASSED] - Text ****** has been set on object 'Object Repository/changepass/Page_Change password/input_Current password_password'

2022-01-16 01:29:32 - [TEST_STEP][PASSED] - setEncryptedText(findTestObject("Object Repository/changepass/Page_Change password/input_New password_newpassword1"), "OFhcon1PzObx3ErJAwGfGA=="): Text ****** has been set on object 'Object Repository/changepass/Page_Change password/input_New password_newpassword1'

2022-01-16 01:29:33 - [MESSAGE][PASSED] - Text ****** has been set on object 'Object Repository/changepass/Page_Change password/input_New password_newpassword1'

2022-01-16 01:29:33 - [TEST_STEP][PASSED] - setEncryptedText(findTestObject("Object Repository/changepass/Page_Change password/input_New password (again)_newpassword2"), "OFhcon1PzObx3ErJAwGfGA=="): Text ****** has been set on object 'Object Repository/changepass/Page_Change password/input_New password (again)_newpassword2'

2022-01-16 01:29:33 - [MESSAGE][PASSED] - Text ****** has been set on object 'Object Repository/changepass/Page_Change password/input_New password (again)_newpassword2'

2022-01-16 01:29:33 - [TEST_STEP][PASSED] - click(findTestObject("Object Repository/changepass/Page_Change password/input_New password (again)_submitbutton")): Object: 'Object Repository/changepass/Page_Change password/input_New password (again)_submitbutton' is clicked on

2022-01-16 01:29:35 - [MESSAGE][PASSED] - Object: 'Object Repository/changepass/Page_Change password/input_New password (again)_submitbutton' is clicked on

2022-01-16 01:29:35 - [TEST_STEP][PASSED] - click(findTestObject("Object Repository/changepass/Page_Preferences/a_NH")): Object: 'Object Repository/changepass/Page_Preferences/a_NH' is clicked on

2022-01-16 01:29:35 - [MESSAGE][PASSED] - Object: 'Object Repository/changepass/Page_Preferences/a_NH' is clicked on

2022-01-16 01:29:35 - [TEST_STEP][PASSED] - click(findTestObject("Object Repository/changepass/Page_Preferences/a_Log out")): Object: 'Object Repository/changepass/Page_Preferences/a_Log out' is clicked on

2022-01-16 01:29:36 - [MESSAGE][PASSED] - Object: 'Object Repository/changepass/Page_Preferences/a_Log out' is clicked on

2022-01-16 01:29:36 - [TEST_STEP][PASSED] - click(findTestObject("Object Repository/changepass/Page_Home page/a_Log in")): Object: 'Object Repository/changepass/Page_Home page/a_Log in' is clicked on

2022-01-16 01:29:37 - [MESSAGE][PASSED] - Object: 'Object Repository/changepass/Page_Home page/a_Log in' is clicked on

2022-01-16 01:29:37 - [TEST_STEP][PASSED] - setText(findTestObject("Object Repository/changepass/Page_Home page Log in to the site/input_Username_username"), "student1"): Text 'student1' is set on object 'Object Repository/changepass/Page_Home page Log in to the site/input_Username_username'

2022-01-16 01:29:37 - [MESSAGE][PASSED] - Text 'student1' is set on object 'Object Repository/changepass/Page_Home page Log in to the site/input_Username_username'

2022-01-16 01:29:37 - [TEST_STEP][PASSED] - setEncryptedText(findTestObject("Object Repository/changepass/Page_Home page Log in to the site/input_Password_password"), "OFhcon1PzObx3ErJAwGfGA=="): Text ****** has been set on object 'Object Repository/changepass/Page_Home page Log in to the site/input_Password_password'

2022-01-16 01:29:38 - [MESSAGE][PASSED] - Text ****** has been set on object 'Object Repository/changepass/Page_Home page Log in to the site/input_Password_password'

2022-01-16 01:29:38 - [TEST_STEP][PASSED] - click(findTestObject("Object Repository/changepass/Page_Home page Log in to the site/button_Log in")): Object: 'Object Repository/changepass/Page_Home page Log in to the site/button_Log in' is clicked on

2022-01-16 01:29:39 - [MESSAGE][PASSED] - Object: 'Object Repository/changepass/Page_Home page Log in to the site/button_Log in' is clicked on

2022-01-16 01:29:39 - [TEST_STEP][PASSED] - closeBrowser(): Browser is closed

2022-01-16 01:29:40 - [MESSAGE][PASSED] - Browser is closed]]></system-out>
         <system-err><![CDATA[]]></system-err>
      </testcase>
      <testcase name="Test Cases/Login with incorrect username" time="39.828" classname="Test Cases/Login with incorrect username" status="PASSED">
         <system-out><![CDATA[2022-01-16 01:29:40 - [TEST_CASE][PASSED] - Test Cases/Login with incorrect username: Test Cases/Login with incorrect username

2022-01-16 01:29:40 - [TEST_STEP][PASSED] - openBrowser(""): Browser is opened with url: ''

2022-01-16 01:29:40 - [MESSAGE][INFO] - Starting 'Edge Chromium' driver

2022-01-16 01:29:42 - [MESSAGE][INFO] - Action delay is set to 0 milliseconds

2022-01-16 01:29:44 - [MESSAGE][PASSED] - Browser is opened with url: ''

2022-01-16 01:29:44 - [TEST_STEP][PASSED] - navigateToUrl("http://localhost/"): Navigate to 'http://localhost/' successfully

2022-01-16 01:29:45 - [MESSAGE][PASSED] - Navigate to 'http://localhost/' successfully

2022-01-16 01:29:45 - [TEST_STEP][PASSED] - click(findTestObject("Object Repository/Page_Home page/a_Log in")): Object: 'Object Repository/Page_Home page/a_Log in' is clicked on

2022-01-16 01:29:46 - [MESSAGE][PASSED] - Object: 'Object Repository/Page_Home page/a_Log in' is clicked on

2022-01-16 01:29:46 - [TEST_STEP][PASSED] - setText(findTestObject("Object Repository/Page_Home page Log in to the site/input_Username_username"), "student"): Text 'student' is set on object 'Object Repository/Page_Home page Log in to the site/input_Username_username'

2022-01-16 01:29:47 - [MESSAGE][PASSED] - Text 'student' is set on object 'Object Repository/Page_Home page Log in to the site/input_Username_username'

2022-01-16 01:29:47 - [TEST_STEP][PASSED] - setEncryptedText(findTestObject("Page_Home page Log in to the site/input_Password_password (1)"), "OFhcon1PzObx3ErJAwGfGA=="): Text ****** has been set on object 'Object Repository/Page_Home page Log in to the site/input_Password_password (1)'

2022-01-16 01:29:47 - [MESSAGE][PASSED] - Text ****** has been set on object 'Object Repository/Page_Home page Log in to the site/input_Password_password (1)'

2022-01-16 01:29:47 - [TEST_STEP][PASSED] - click(findTestObject("Object Repository/Page_Home page Log in to the site/button_Log in")): Object: 'Object Repository/Page_Home page Log in to the site/button_Log in' is clicked on

2022-01-16 01:29:48 - [MESSAGE][PASSED] - Object: 'Object Repository/Page_Home page Log in to the site/button_Log in' is clicked on

2022-01-16 01:29:48 - [TEST_STEP][PASSED] - verifyElementNotVisibleInViewport(findTestObject("Object Repository/Page_Dashboard/a_Site administration"), 0): Object 'Object Repository/Page_Dashboard/a_Site administration' is not present

2022-01-16 01:29:48 - [MESSAGE][WARNING] - Timeout '0' is invalid. Using default page load timeout: '30'

2022-01-16 01:30:19 - [MESSAGE][INFO] - Unable to find the element located by 'By.xpath: //a[contains(text(),'Site administration')]'. Please recheck the objects properties to make sure the desired element is located. 

2022-01-16 01:30:19 - [MESSAGE][WARNING] - Object 'Object Repository/Page_Dashboard/a_Site administration' is not present

2022-01-16 01:30:19 - [TEST_STEP][PASSED] - closeBrowser(): Browser is closed

2022-01-16 01:30:20 - [MESSAGE][PASSED] - Browser is closed]]></system-out>
         <system-err><![CDATA[]]></system-err>
      </testcase>
      <testcase name="Test Cases/Login with incorrect password" time="41.509" classname="Test Cases/Login with incorrect password" status="PASSED">
         <system-out><![CDATA[2022-01-16 01:30:20 - [TEST_CASE][PASSED] - Test Cases/Login with incorrect password: Test Cases/Login with incorrect password

2022-01-16 01:30:20 - [TEST_STEP][PASSED] - openBrowser(""): Browser is opened with url: ''

2022-01-16 01:30:20 - [MESSAGE][INFO] - Starting 'Edge Chromium' driver

2022-01-16 01:30:22 - [MESSAGE][INFO] - Action delay is set to 0 milliseconds

2022-01-16 01:30:23 - [MESSAGE][PASSED] - Browser is opened with url: ''

2022-01-16 01:30:23 - [TEST_STEP][PASSED] - navigateToUrl("http://localhost/"): Navigate to 'http://localhost/' successfully

2022-01-16 01:30:25 - [MESSAGE][PASSED] - Navigate to 'http://localhost/' successfully

2022-01-16 01:30:25 - [TEST_STEP][PASSED] - click(findTestObject("Object Repository/Page_Home page/a_Log in")): Object: 'Object Repository/Page_Home page/a_Log in' is clicked on

2022-01-16 01:30:26 - [MESSAGE][PASSED] - Object: 'Object Repository/Page_Home page/a_Log in' is clicked on

2022-01-16 01:30:26 - [TEST_STEP][PASSED] - setText(findTestObject("Object Repository/Page_Home page Log in to the site/input_Username_username"), "student1"): Text 'student1' is set on object 'Object Repository/Page_Home page Log in to the site/input_Username_username'

2022-01-16 01:30:27 - [MESSAGE][PASSED] - Text 'student1' is set on object 'Object Repository/Page_Home page Log in to the site/input_Username_username'

2022-01-16 01:30:27 - [TEST_STEP][PASSED] - setEncryptedText(findTestObject("Page_Home page Log in to the site/input_Password_password (1)"), "suoVCwEpf9Y="): Text ****** has been set on object 'Object Repository/Page_Home page Log in to the site/input_Password_password (1)'

2022-01-16 01:30:28 - [MESSAGE][PASSED] - Text ****** has been set on object 'Object Repository/Page_Home page Log in to the site/input_Password_password (1)'

2022-01-16 01:30:28 - [TEST_STEP][PASSED] - click(findTestObject("Object Repository/Page_Home page Log in to the site/button_Log in")): Object: 'Object Repository/Page_Home page Log in to the site/button_Log in' is clicked on

2022-01-16 01:30:29 - [MESSAGE][PASSED] - Object: 'Object Repository/Page_Home page Log in to the site/button_Log in' is clicked on

2022-01-16 01:30:29 - [TEST_STEP][PASSED] - verifyElementNotVisibleInViewport(findTestObject("Object Repository/Page_Dashboard/a_Site administration"), 0): Object 'Object Repository/Page_Dashboard/a_Site administration' is not present

2022-01-16 01:30:29 - [MESSAGE][WARNING] - Timeout '0' is invalid. Using default page load timeout: '30'

2022-01-16 01:31:00 - [MESSAGE][INFO] - Unable to find the element located by 'By.xpath: //a[contains(text(),'Site administration')]'. Please recheck the objects properties to make sure the desired element is located. 

2022-01-16 01:31:00 - [MESSAGE][WARNING] - Object 'Object Repository/Page_Dashboard/a_Site administration' is not present

2022-01-16 01:31:00 - [TEST_STEP][PASSED] - closeBrowser(): Browser is closed

2022-01-16 01:31:01 - [MESSAGE][PASSED] - Browser is closed]]></system-out>
         <system-err><![CDATA[]]></system-err>
      </testcase>
      <testcase name="Test Cases/Login with valid account" time="11.474" classname="Test Cases/Login with valid account" status="PASSED">
         <system-out><![CDATA[2022-01-16 01:31:01 - [TEST_CASE][PASSED] - Test Cases/Login with valid account: Test Cases/Login with valid account

2022-01-16 01:31:02 - [TEST_STEP][PASSED] - openBrowser(""): Browser is opened with url: ''

2022-01-16 01:31:02 - [MESSAGE][INFO] - Starting 'Edge Chromium' driver

2022-01-16 01:31:04 - [MESSAGE][INFO] - Action delay is set to 0 milliseconds

2022-01-16 01:31:05 - [MESSAGE][PASSED] - Browser is opened with url: ''

2022-01-16 01:31:05 - [TEST_STEP][PASSED] - navigateToUrl("http://localhost/"): Navigate to 'http://localhost/' successfully

2022-01-16 01:31:06 - [MESSAGE][PASSED] - Navigate to 'http://localhost/' successfully

2022-01-16 01:31:06 - [TEST_STEP][PASSED] - click(findTestObject("Object Repository/Page_Home page/a_Log in")): Object: 'Object Repository/Page_Home page/a_Log in' is clicked on

2022-01-16 01:31:07 - [MESSAGE][PASSED] - Object: 'Object Repository/Page_Home page/a_Log in' is clicked on

2022-01-16 01:31:07 - [TEST_STEP][PASSED] - setText(findTestObject("Object Repository/Page_Home page Log in to the site/input_Username_username"), "student1"): Text 'student1' is set on object 'Object Repository/Page_Home page Log in to the site/input_Username_username'

2022-01-16 01:31:08 - [MESSAGE][PASSED] - Text 'student1' is set on object 'Object Repository/Page_Home page Log in to the site/input_Username_username'

2022-01-16 01:31:08 - [TEST_STEP][PASSED] - setEncryptedText(findTestObject("Page_Home page Log in to the site/input_Password_password (1)"), "OFhcon1PzObx3ErJAwGfGA=="): Text ****** has been set on object 'Object Repository/Page_Home page Log in to the site/input_Password_password (1)'

2022-01-16 01:31:09 - [MESSAGE][PASSED] - Text ****** has been set on object 'Object Repository/Page_Home page Log in to the site/input_Password_password (1)'

2022-01-16 01:31:09 - [TEST_STEP][PASSED] - click(findTestObject("Object Repository/Page_Home page Log in to the site/button_Log in")): Object: 'Object Repository/Page_Home page Log in to the site/button_Log in' is clicked on

2022-01-16 01:31:10 - [MESSAGE][PASSED] - Object: 'Object Repository/Page_Home page Log in to the site/button_Log in' is clicked on

2022-01-16 01:31:10 - [TEST_STEP][PASSED] - click(findTestObject("Object Repository/Page_Dashboard/a_NV")): Object: 'Object Repository/Page_Dashboard/a_NV' is clicked on

2022-01-16 01:31:11 - [MESSAGE][PASSED] - Object: 'Object Repository/Page_Dashboard/a_NV' is clicked on

2022-01-16 01:31:11 - [TEST_STEP][PASSED] - click(findTestObject("Object Repository/Page_Dashboard/a_Log out")): Object: 'Object Repository/Page_Dashboard/a_Log out' is clicked on

2022-01-16 01:31:12 - [MESSAGE][PASSED] - Object: 'Object Repository/Page_Dashboard/a_Log out' is clicked on

2022-01-16 01:31:12 - [TEST_STEP][PASSED] - closeBrowser(): Browser is closed

2022-01-16 01:31:13 - [MESSAGE][PASSED] - Browser is closed]]></system-out>
         <system-err><![CDATA[]]></system-err>
      </testcase>
      <testcase name="Test Cases/Edit Profile" time="36.002" classname="Test Cases/Edit Profile" status="PASSED">
         <system-out><![CDATA[2022-01-16 01:31:13 - [TEST_CASE][PASSED] - Test Cases/Edit Profile: Test Cases/Edit Profile

2022-01-16 01:31:13 - [TEST_STEP][PASSED] - openBrowser(""): Browser is opened with url: ''

2022-01-16 01:31:13 - [MESSAGE][INFO] - Starting 'Edge Chromium' driver

2022-01-16 01:31:15 - [MESSAGE][INFO] - Action delay is set to 0 milliseconds

2022-01-16 01:31:16 - [MESSAGE][PASSED] - Browser is opened with url: ''

2022-01-16 01:31:16 - [TEST_STEP][PASSED] - navigateToUrl("http://localhost/"): Navigate to 'http://localhost/' successfully

2022-01-16 01:31:18 - [MESSAGE][PASSED] - Navigate to 'http://localhost/' successfully

2022-01-16 01:31:18 - [TEST_STEP][PASSED] - click(findTestObject("Object Repository/edit profile/Page_Home page/a_Log in")): Object: 'Object Repository/edit profile/Page_Home page/a_Log in' is clicked on

2022-01-16 01:31:19 - [MESSAGE][PASSED] - Object: 'Object Repository/edit profile/Page_Home page/a_Log in' is clicked on

2022-01-16 01:31:19 - [TEST_STEP][PASSED] - setText(findTestObject("Object Repository/edit profile/Page_Home page Log in to the site/input_Username_username"), "student1"): Text 'student1' is set on object 'Object Repository/edit profile/Page_Home page Log in to the site/input_Username_username'

2022-01-16 01:31:20 - [MESSAGE][PASSED] - Text 'student1' is set on object 'Object Repository/edit profile/Page_Home page Log in to the site/input_Username_username'

2022-01-16 01:31:20 - [TEST_STEP][PASSED] - setEncryptedText(findTestObject("Object Repository/edit profile/Page_Home page Log in to the site/input_Password_password"), "OFhcon1PzObx3ErJAwGfGA=="): Text ****** has been set on object 'Object Repository/edit profile/Page_Home page Log in to the site/input_Password_password'

2022-01-16 01:31:20 - [MESSAGE][PASSED] - Text ****** has been set on object 'Object Repository/edit profile/Page_Home page Log in to the site/input_Password_password'

2022-01-16 01:31:20 - [TEST_STEP][PASSED] - click(findTestObject("Object Repository/edit profile/Page_Home page Log in to the site/button_Log in")): Object: 'Object Repository/edit profile/Page_Home page Log in to the site/button_Log in' is clicked on

2022-01-16 01:31:22 - [MESSAGE][PASSED] - Object: 'Object Repository/edit profile/Page_Home page Log in to the site/button_Log in' is clicked on

2022-01-16 01:31:22 - [TEST_STEP][PASSED] - click(findTestObject("Object Repository/edit profile/Page_Dashboard/a_NH")): Object: 'Object Repository/edit profile/Page_Dashboard/a_NH' is clicked on

2022-01-16 01:31:23 - [MESSAGE][PASSED] - Object: 'Object Repository/edit profile/Page_Dashboard/a_NH' is clicked on

2022-01-16 01:31:23 - [TEST_STEP][PASSED] - click(findTestObject("Page_Preferences/a_Preferences")): Object: 'Object Repository/Page_Preferences/a_Preferences' is clicked on

2022-01-16 01:31:24 - [MESSAGE][PASSED] - Object: 'Object Repository/Page_Preferences/a_Preferences' is clicked on

2022-01-16 01:31:24 - [TEST_STEP][PASSED] - click(findTestObject("Object Repository/edit profile/Page_Nguyen Hoa Public profile/a_Edit profile")): Object: 'Object Repository/edit profile/Page_Nguyen Hoa Public profile/a_Edit profile' is clicked on

2022-01-16 01:31:26 - [MESSAGE][PASSED] - Object: 'Object Repository/edit profile/Page_Nguyen Hoa Public profile/a_Edit profile' is clicked on

2022-01-16 01:31:26 - [TEST_STEP][PASSED] - selectOptionByValue(findTestObject("Object Repository/edit profile/Page_Group10 Edit profile/select_Select a country.            Afghani_160506"), "VN", true): All options with value 'VN' are selected in object 'Object Repository/edit profile/Page_Group10 Edit profile/select_Select a country.            Afghani_160506'  using regular expression

2022-01-16 01:31:36 - [MESSAGE][PASSED] - All options with value 'VN' are selected in object 'Object Repository/edit profile/Page_Group10 Edit profile/select_Select a country.            Afghani_160506'  using regular expression

2022-01-16 01:31:36 - [TEST_STEP][PASSED] - setText(findTestObject("Object Repository/edit profile/Page_Group10 Edit profile/input_Citytown_city"), "HCM"): Text 'HCM' is set on object 'Object Repository/edit profile/Page_Group10 Edit profile/input_Citytown_city'

2022-01-16 01:31:36 - [MESSAGE][PASSED] - Text 'HCM' is set on object 'Object Repository/edit profile/Page_Group10 Edit profile/input_Citytown_city'

2022-01-16 01:31:36 - [TEST_STEP][PASSED] - click(findTestObject("Object Repository/edit profile/Page_Group10 Edit profile/input_Address_submitbutton")): Object: 'Object Repository/edit profile/Page_Group10 Edit profile/input_Address_submitbutton' is clicked on

2022-01-16 01:31:38 - [MESSAGE][PASSED] - Object: 'Object Repository/edit profile/Page_Group10 Edit profile/input_Address_submitbutton' is clicked on

2022-01-16 01:31:38 - [TEST_STEP][PASSED] - click(findTestObject("Object Repository/edit profile/Page_Nguyen Hoa Public profile/a_NH")): Object: 'Object Repository/edit profile/Page_Nguyen Hoa Public profile/a_NH' is clicked on

2022-01-16 01:31:38 - [MESSAGE][PASSED] - Object: 'Object Repository/edit profile/Page_Nguyen Hoa Public profile/a_NH' is clicked on

2022-01-16 01:31:38 - [TEST_STEP][PASSED] - click(findTestObject("Object Repository/edit profile/Page_Nguyen Hoa Public profile/a_Log out")): Object: 'Object Repository/edit profile/Page_Nguyen Hoa Public profile/a_Log out' is clicked on

2022-01-16 01:31:39 - [MESSAGE][PASSED] - Object: 'Object Repository/edit profile/Page_Nguyen Hoa Public profile/a_Log out' is clicked on

2022-01-16 01:31:39 - [TEST_STEP][PASSED] - click(findTestObject("Object Repository/edit profile/Page_Home page/a_Log in")): Object: 'Object Repository/edit profile/Page_Home page/a_Log in' is clicked on

2022-01-16 01:31:40 - [MESSAGE][PASSED] - Object: 'Object Repository/edit profile/Page_Home page/a_Log in' is clicked on

2022-01-16 01:31:40 - [TEST_STEP][PASSED] - setText(findTestObject("Object Repository/edit profile/Page_Home page Log in to the site/input_Username_username"), "admin"): Text 'admin' is set on object 'Object Repository/edit profile/Page_Home page Log in to the site/input_Username_username'

2022-01-16 01:31:41 - [MESSAGE][PASSED] - Text 'admin' is set on object 'Object Repository/edit profile/Page_Home page Log in to the site/input_Username_username'

2022-01-16 01:31:41 - [TEST_STEP][PASSED] - setEncryptedText(findTestObject("Object Repository/edit profile/Page_Home page Log in to the site/input_Password_password"), "OFhcon1PzObx3ErJAwGfGA=="): Text ****** has been set on object 'Object Repository/edit profile/Page_Home page Log in to the site/input_Password_password'

2022-01-16 01:31:42 - [MESSAGE][PASSED] - Text ****** has been set on object 'Object Repository/edit profile/Page_Home page Log in to the site/input_Password_password'

2022-01-16 01:31:42 - [TEST_STEP][PASSED] - click(findTestObject("Object Repository/edit profile/Page_Home page Log in to the site/button_Log in")): Object: 'Object Repository/edit profile/Page_Home page Log in to the site/button_Log in' is clicked on

2022-01-16 01:31:43 - [MESSAGE][PASSED] - Object: 'Object Repository/edit profile/Page_Home page Log in to the site/button_Log in' is clicked on

2022-01-16 01:31:43 - [TEST_STEP][PASSED] - click(findTestObject("Object Repository/edit profile/Page_Dashboard/a_Site administration")): Object: 'Object Repository/edit profile/Page_Dashboard/a_Site administration' is clicked on

2022-01-16 01:31:45 - [MESSAGE][PASSED] - Object: 'Object Repository/edit profile/Page_Dashboard/a_Site administration' is clicked on

2022-01-16 01:31:45 - [TEST_STEP][PASSED] - click(findTestObject("Object Repository/edit profile/Page_Group10 Administration Search/a_Users")): Object: 'Object Repository/edit profile/Page_Group10 Administration Search/a_Users' is clicked on

2022-01-16 01:31:46 - [MESSAGE][PASSED] - Object: 'Object Repository/edit profile/Page_Group10 Administration Search/a_Users' is clicked on

2022-01-16 01:31:46 - [TEST_STEP][PASSED] - click(findTestObject("Object Repository/edit profile/Page_Group10 Administration Search/a_Browse list of users")): Object: 'Object Repository/edit profile/Page_Group10 Administration Search/a_Browse list of users' is clicked on

2022-01-16 01:31:47 - [MESSAGE][PASSED] - Object: 'Object Repository/edit profile/Page_Group10 Administration Search/a_Browse list of users' is clicked on

2022-01-16 01:31:47 - [TEST_STEP][PASSED] - verifyElementText(findTestObject("Page_Group10 Administration Users Accounts Browse list of users/td_HCM"), "HCM"): Actual text and expected text of test object 'Object Repository/Page_Group10 Administration Users Accounts Browse list of users/td_HCM' are matched.

2022-01-16 01:31:48 - [MESSAGE][PASSED] - Actual text and expected text of test object 'Object Repository/Page_Group10 Administration Users Accounts Browse list of users/td_HCM' are matched.

2022-01-16 01:31:48 - [TEST_STEP][PASSED] - closeBrowser(): Browser is closed

2022-01-16 01:31:49 - [MESSAGE][PASSED] - Browser is closed]]></system-out>
         <system-err><![CDATA[]]></system-err>
      </testcase>
      <testcase name="Test Cases/Search Course" time="12.949" classname="Test Cases/Search Course" status="PASSED">
         <system-out><![CDATA[2022-01-16 01:31:49 - [TEST_CASE][PASSED] - Test Cases/Search Course: Test Cases/Search Course

2022-01-16 01:31:49 - [TEST_STEP][PASSED] - openBrowser(""): Browser is opened with url: ''

2022-01-16 01:31:49 - [MESSAGE][INFO] - Starting 'Edge Chromium' driver

2022-01-16 01:31:51 - [MESSAGE][INFO] - Action delay is set to 0 milliseconds

2022-01-16 01:31:52 - [MESSAGE][PASSED] - Browser is opened with url: ''

2022-01-16 01:31:52 - [TEST_STEP][PASSED] - navigateToUrl("http://localhost/"): Navigate to 'http://localhost/' successfully

2022-01-16 01:31:53 - [MESSAGE][PASSED] - Navigate to 'http://localhost/' successfully

2022-01-16 01:31:53 - [TEST_STEP][PASSED] - click(findTestObject("Object Repository/search/Page_Home page/a_Log in")): Object: 'Object Repository/search/Page_Home page/a_Log in' is clicked on

2022-01-16 01:31:54 - [MESSAGE][PASSED] - Object: 'Object Repository/search/Page_Home page/a_Log in' is clicked on

2022-01-16 01:31:54 - [TEST_STEP][PASSED] - setText(findTestObject("Object Repository/search/Page_Home page Log in to the site/input_Username_username"), "student1"): Text 'student1' is set on object 'Object Repository/search/Page_Home page Log in to the site/input_Username_username'

2022-01-16 01:31:55 - [MESSAGE][PASSED] - Text 'student1' is set on object 'Object Repository/search/Page_Home page Log in to the site/input_Username_username'

2022-01-16 01:31:55 - [TEST_STEP][PASSED] - setEncryptedText(findTestObject("Page_Home page Log in to the site/input_Password_password (1)"), "OFhcon1PzObx3ErJAwGfGA=="): Text ****** has been set on object 'Object Repository/Page_Home page Log in to the site/input_Password_password (1)'

2022-01-16 01:31:56 - [MESSAGE][PASSED] - Text ****** has been set on object 'Object Repository/Page_Home page Log in to the site/input_Password_password (1)'

2022-01-16 01:31:56 - [TEST_STEP][PASSED] - click(findTestObject("Object Repository/search/Page_Home page Log in to the site/button_Log in")): Object: 'Object Repository/search/Page_Home page Log in to the site/button_Log in' is clicked on

2022-01-16 01:31:57 - [MESSAGE][PASSED] - Object: 'Object Repository/search/Page_Home page Log in to the site/button_Log in' is clicked on

2022-01-16 01:31:57 - [TEST_STEP][PASSED] - click(findTestObject("Object Repository/search/Page_Dashboard/a_Home")): Object: 'Object Repository/search/Page_Dashboard/a_Home' is clicked on

2022-01-16 01:31:59 - [MESSAGE][PASSED] - Object: 'Object Repository/search/Page_Dashboard/a_Home' is clicked on

2022-01-16 01:31:59 - [TEST_STEP][PASSED] - setText(findTestObject("Object Repository/search/Page_Home page/input_Search courses_q"), "SE"): Text 'SE' is set on object 'Object Repository/search/Page_Home page/input_Search courses_q'

2022-01-16 01:31:59 - [MESSAGE][PASSED] - Text 'SE' is set on object 'Object Repository/search/Page_Home page/input_Search courses_q'

2022-01-16 01:31:59 - [TEST_STEP][PASSED] - click(findTestObject("Object Repository/search/Page_Home page/i_Search courses_icon fa fa-search fa-fw")): Object: 'Object Repository/search/Page_Home page/i_Search courses_icon fa fa-search fa-fw' is clicked on

2022-01-16 01:32:00 - [MESSAGE][PASSED] - Object: 'Object Repository/search/Page_Home page/i_Search courses_icon fa fa-search fa-fw' is clicked on

2022-01-16 01:32:00 - [TEST_STEP][PASSED] - verifyElementClickable(findTestObject("Object Repository/search/Page_Home page  Search results/a_Software Engineering")): Object 'Object Repository/search/Page_Home page  Search results/a_Software Engineering' is clickable

2022-01-16 01:32:01 - [MESSAGE][PASSED] - Object 'Object Repository/search/Page_Home page  Search results/a_Software Engineering' is clickable

2022-01-16 01:32:01 - [TEST_STEP][PASSED] - closeBrowser(): Browser is closed

2022-01-16 01:32:02 - [MESSAGE][PASSED] - Browser is closed]]></system-out>
         <system-err><![CDATA[]]></system-err>
      </testcase>
      <testcase name="Test Cases/Add a category - ADMIN" time="24.293" classname="Test Cases/Add a category - ADMIN" status="PASSED">
         <system-out><![CDATA[2022-01-16 01:32:02 - [TEST_CASE][PASSED] - Test Cases/Add a category - ADMIN: Test Cases/Add a category - ADMIN

2022-01-16 01:32:02 - [TEST_STEP][PASSED] - openBrowser(""): Browser is opened with url: ''

2022-01-16 01:32:02 - [MESSAGE][INFO] - Starting 'Edge Chromium' driver

2022-01-16 01:32:04 - [MESSAGE][INFO] - Action delay is set to 0 milliseconds

2022-01-16 01:32:05 - [MESSAGE][PASSED] - Browser is opened with url: ''

2022-01-16 01:32:05 - [TEST_STEP][PASSED] - navigateToUrl("http://localhost/"): Navigate to 'http://localhost/' successfully

2022-01-16 01:32:06 - [MESSAGE][PASSED] - Navigate to 'http://localhost/' successfully

2022-01-16 01:32:06 - [TEST_STEP][PASSED] - click(findTestObject("Object Repository/Page_Home page/a_Log in")): Object: 'Object Repository/Page_Home page/a_Log in' is clicked on

2022-01-16 01:32:07 - [MESSAGE][PASSED] - Object: 'Object Repository/Page_Home page/a_Log in' is clicked on

2022-01-16 01:32:07 - [TEST_STEP][PASSED] - setText(findTestObject("Object Repository/Page_Home page Log in to the site/input_Username_username"), "admin"): Text 'admin' is set on object 'Object Repository/Page_Home page Log in to the site/input_Username_username'

2022-01-16 01:32:08 - [MESSAGE][PASSED] - Text 'admin' is set on object 'Object Repository/Page_Home page Log in to the site/input_Username_username'

2022-01-16 01:32:08 - [TEST_STEP][PASSED] - setEncryptedText(findTestObject("Object Repository/Page_Home page Log in to the site/input_Password_password"), "OFhcon1PzObx3ErJAwGfGA=="): Text ****** has been set on object 'Object Repository/Page_Home page Log in to the site/input_Password_password'

2022-01-16 01:32:09 - [MESSAGE][PASSED] - Text ****** has been set on object 'Object Repository/Page_Home page Log in to the site/input_Password_password'

2022-01-16 01:32:09 - [TEST_STEP][PASSED] - click(findTestObject("Object Repository/Page_Home page Log in to the site/button_Log in")): Object: 'Object Repository/Page_Home page Log in to the site/button_Log in' is clicked on

2022-01-16 01:32:10 - [MESSAGE][PASSED] - Object: 'Object Repository/Page_Home page Log in to the site/button_Log in' is clicked on

2022-01-16 01:32:10 - [TEST_STEP][PASSED] - click(findTestObject("Object Repository/Page_Dashboard/a_Site administration")): Object: 'Object Repository/Page_Dashboard/a_Site administration' is clicked on

2022-01-16 01:32:13 - [MESSAGE][PASSED] - Object: 'Object Repository/Page_Dashboard/a_Site administration' is clicked on

2022-01-16 01:32:13 - [TEST_STEP][PASSED] - click(findTestObject("Object Repository/Page_Group10 Administration Search/a_Courses")): Object: 'Object Repository/Page_Group10 Administration Search/a_Courses' is clicked on

2022-01-16 01:32:13 - [MESSAGE][PASSED] - Object: 'Object Repository/Page_Group10 Administration Search/a_Courses' is clicked on

2022-01-16 01:32:13 - [TEST_STEP][PASSED] - click(findTestObject("Object Repository/Page_Group10 Administration Search/a_Add a category")): Object: 'Object Repository/Page_Group10 Administration Search/a_Add a category' is clicked on

2022-01-16 01:32:15 - [MESSAGE][PASSED] - Object: 'Object Repository/Page_Group10 Administration Search/a_Add a category' is clicked on

2022-01-16 01:32:15 - [TEST_STEP][PASSED] - setText(findTestObject("Object Repository/Page_Group10 Add new category/input_Category name_name"), "CHƯƠNG TRÌNH CHẤT LƯỢNG CAO (CLC)"): Text 'CHƯƠNG TRÌNH CHẤT LƯỢNG CAO (CLC)' is set on object 'Object Repository/Page_Group10 Add new category/input_Category name_name'

2022-01-16 01:32:17 - [MESSAGE][PASSED] - Text 'CHƯƠNG TRÌNH CHẤT LƯỢNG CAO (CLC)' is set on object 'Object Repository/Page_Group10 Add new category/input_Category name_name'

2022-01-16 01:32:17 - [TEST_STEP][PASSED] - click(findTestObject("Object Repository/Page_Group10 Add new category/input_Rich text editor_submitbutton")): Object: 'Object Repository/Page_Group10 Add new category/input_Rich text editor_submitbutton' is clicked on

2022-01-16 01:32:18 - [MESSAGE][PASSED] - Object: 'Object Repository/Page_Group10 Add new category/input_Rich text editor_submitbutton' is clicked on

2022-01-16 01:32:18 - [TEST_STEP][PASSED] - click(findTestObject("Object Repository/Page_Course and category management/a_CHNG TRNH CHT LNG CAO (CLC)_action-menu-toggle-3")): Object: 'Object Repository/Page_Course and category management/a_CHNG TRNH CHT LNG CAO (CLC)_action-menu-toggle-3' is clicked on

2022-01-16 01:32:19 - [MESSAGE][PASSED] - Object: 'Object Repository/Page_Course and category management/a_CHNG TRNH CHT LNG CAO (CLC)_action-menu-toggle-3' is clicked on

2022-01-16 01:32:19 - [TEST_STEP][PASSED] - click(findTestObject("Object Repository/Page_Course and category management/span_Delete")): Object: 'Object Repository/Page_Course and category management/span_Delete' is clicked on

2022-01-16 01:32:20 - [MESSAGE][PASSED] - Object: 'Object Repository/Page_Course and category management/span_Delete' is clicked on

2022-01-16 01:32:20 - [TEST_STEP][PASSED] - click(findTestObject("Object Repository/Page_Course and category management/input_Delete all - cannot be undone_submitbutton")): Object: 'Object Repository/Page_Course and category management/input_Delete all - cannot be undone_submitbutton' is clicked on

2022-01-16 01:32:22 - [MESSAGE][PASSED] - Object: 'Object Repository/Page_Course and category management/input_Delete all - cannot be undone_submitbutton' is clicked on

2022-01-16 01:32:22 - [TEST_STEP][PASSED] - click(findTestObject("Object Repository/Page_Course and category management/button_Continue")): Object: 'Object Repository/Page_Course and category management/button_Continue' is clicked on

2022-01-16 01:32:23 - [MESSAGE][PASSED] - Object: 'Object Repository/Page_Course and category management/button_Continue' is clicked on

2022-01-16 01:32:23 - [TEST_STEP][PASSED] - click(findTestObject("Object Repository/Page_Course and category management/a_AU")): Object: 'Object Repository/Page_Course and category management/a_AU' is clicked on

2022-01-16 01:32:24 - [MESSAGE][PASSED] - Object: 'Object Repository/Page_Course and category management/a_AU' is clicked on

2022-01-16 01:32:24 - [TEST_STEP][PASSED] - click(findTestObject("Object Repository/Page_Course and category management/a_Log out")): Object: 'Object Repository/Page_Course and category management/a_Log out' is clicked on

2022-01-16 01:32:25 - [MESSAGE][PASSED] - Object: 'Object Repository/Page_Course and category management/a_Log out' is clicked on

2022-01-16 01:32:25 - [TEST_STEP][PASSED] - closeBrowser(): Browser is closed

2022-01-16 01:32:26 - [MESSAGE][PASSED] - Browser is closed]]></system-out>
         <system-err><![CDATA[]]></system-err>
      </testcase>
      <testcase name="Test Cases/Add a new course - ADMIN" time="33.507" classname="Test Cases/Add a new course - ADMIN" status="PASSED">
         <system-out><![CDATA[2022-01-16 01:32:26 - [TEST_CASE][PASSED] - Test Cases/Add a new course - ADMIN: Test Cases/Add a new course - ADMIN

2022-01-16 01:32:26 - [TEST_STEP][PASSED] - openBrowser(""): Browser is opened with url: ''

2022-01-16 01:32:26 - [MESSAGE][INFO] - Starting 'Edge Chromium' driver

2022-01-16 01:32:29 - [MESSAGE][INFO] - Action delay is set to 0 milliseconds

2022-01-16 01:32:29 - [MESSAGE][PASSED] - Browser is opened with url: ''

2022-01-16 01:32:29 - [TEST_STEP][PASSED] - navigateToUrl("http://localhost/"): Navigate to 'http://localhost/' successfully

2022-01-16 01:32:30 - [MESSAGE][PASSED] - Navigate to 'http://localhost/' successfully

2022-01-16 01:32:30 - [TEST_STEP][PASSED] - click(findTestObject("Object Repository/Page_Home page/a_Log in")): Object: 'Object Repository/Page_Home page/a_Log in' is clicked on

2022-01-16 01:32:31 - [MESSAGE][PASSED] - Object: 'Object Repository/Page_Home page/a_Log in' is clicked on

2022-01-16 01:32:31 - [TEST_STEP][PASSED] - setText(findTestObject("Object Repository/Page_Home page Log in to the site/input_Username_username"), "admin"): Text 'admin' is set on object 'Object Repository/Page_Home page Log in to the site/input_Username_username'

2022-01-16 01:32:32 - [MESSAGE][PASSED] - Text 'admin' is set on object 'Object Repository/Page_Home page Log in to the site/input_Username_username'

2022-01-16 01:32:32 - [TEST_STEP][PASSED] - setEncryptedText(findTestObject("Object Repository/Page_Home page Log in to the site/input_Password_password"), "OFhcon1PzObx3ErJAwGfGA=="): Text ****** has been set on object 'Object Repository/Page_Home page Log in to the site/input_Password_password'

2022-01-16 01:32:33 - [MESSAGE][PASSED] - Text ****** has been set on object 'Object Repository/Page_Home page Log in to the site/input_Password_password'

2022-01-16 01:32:33 - [TEST_STEP][PASSED] - click(findTestObject("Object Repository/Page_Home page Log in to the site/button_Log in")): Object: 'Object Repository/Page_Home page Log in to the site/button_Log in' is clicked on

2022-01-16 01:32:34 - [MESSAGE][PASSED] - Object: 'Object Repository/Page_Home page Log in to the site/button_Log in' is clicked on

2022-01-16 01:32:34 - [TEST_STEP][PASSED] - click(findTestObject("Object Repository/Page_Dashboard/a_Site administration")): Object: 'Object Repository/Page_Dashboard/a_Site administration' is clicked on

2022-01-16 01:32:37 - [MESSAGE][PASSED] - Object: 'Object Repository/Page_Dashboard/a_Site administration' is clicked on

2022-01-16 01:32:37 - [TEST_STEP][PASSED] - click(findTestObject("Object Repository/Page_Group10 Administration Search/a_Courses")): Object: 'Object Repository/Page_Group10 Administration Search/a_Courses' is clicked on

2022-01-16 01:32:38 - [MESSAGE][PASSED] - Object: 'Object Repository/Page_Group10 Administration Search/a_Courses' is clicked on

2022-01-16 01:32:38 - [TEST_STEP][PASSED] - click(findTestObject("Object Repository/Page_Group10 Administration Search/a_Add a new course")): Object: 'Object Repository/Page_Group10 Administration Search/a_Add a new course' is clicked on

2022-01-16 01:32:40 - [MESSAGE][PASSED] - Object: 'Object Repository/Page_Group10 Administration Search/a_Add a new course' is clicked on

2022-01-16 01:32:40 - [TEST_STEP][PASSED] - setText(findTestObject("Object Repository/Page_Group10 Add a new course/input_Course full name_fullname"), "System Engineering Test Automation"): Text 'System Engineering Test Automation' is set on object 'Object Repository/Page_Group10 Add a new course/input_Course full name_fullname'

2022-01-16 01:32:41 - [MESSAGE][PASSED] - Text 'System Engineering Test Automation' is set on object 'Object Repository/Page_Group10 Add a new course/input_Course full name_fullname'

2022-01-16 01:32:41 - [TEST_STEP][PASSED] - setText(findTestObject("Object Repository/Page_Group10 Add a new course/input_Course short name_shortname"), "SE TA"): Text 'SE TA' is set on object 'Object Repository/Page_Group10 Add a new course/input_Course short name_shortname'

2022-01-16 01:32:42 - [MESSAGE][PASSED] - Text 'SE TA' is set on object 'Object Repository/Page_Group10 Add a new course/input_Course short name_shortname'

2022-01-16 01:32:42 - [TEST_STEP][PASSED] - click(findTestObject("Object Repository/Page_Group10 Add a new course/input_Enable_enddateenabled")): Object: 'Object Repository/Page_Group10 Add a new course/input_Enable_enddateenabled' is clicked on

2022-01-16 01:32:42 - [MESSAGE][PASSED] - Object: 'Object Repository/Page_Group10 Add a new course/input_Enable_enddateenabled' is clicked on

2022-01-16 01:32:42 - [TEST_STEP][PASSED] - click(findTestObject("Object Repository/Page_Group10 Add a new course/input__saveanddisplay")): Object: 'Object Repository/Page_Group10 Add a new course/input__saveanddisplay' is clicked on

2022-01-16 01:32:44 - [MESSAGE][PASSED] - Object: 'Object Repository/Page_Group10 Add a new course/input__saveanddisplay' is clicked on

2022-01-16 01:32:44 - [TEST_STEP][PASSED] - click(findTestObject("Object Repository/Page_Course System Engineering Test Automation/a_My courses")): Object: 'Object Repository/Page_Course System Engineering Test Automation/a_My courses' is clicked on

2022-01-16 01:32:46 - [MESSAGE][PASSED] - Object: 'Object Repository/Page_Course System Engineering Test Automation/a_My courses' is clicked on

2022-01-16 01:32:46 - [TEST_STEP][PASSED] - click(findTestObject("Object Repository/Page_My courses/span_System Engineering Test Automation")): Object: 'Object Repository/Page_My courses/span_System Engineering Test Automation' is clicked on

2022-01-16 01:32:48 - [MESSAGE][PASSED] - Object: 'Object Repository/Page_My courses/span_System Engineering Test Automation' is clicked on

2022-01-16 01:32:48 - [TEST_STEP][PASSED] - click(findTestObject("Object Repository/Page_Course System Engineering Test Automation/a_Site administration")): Object: 'Object Repository/Page_Course System Engineering Test Automation/a_Site administration' is clicked on

2022-01-16 01:32:50 - [MESSAGE][PASSED] - Object: 'Object Repository/Page_Course System Engineering Test Automation/a_Site administration' is clicked on

2022-01-16 01:32:50 - [TEST_STEP][PASSED] - click(findTestObject("Object Repository/Page_Group10 Administration Search/a_Courses")): Object: 'Object Repository/Page_Group10 Administration Search/a_Courses' is clicked on

2022-01-16 01:32:50 - [MESSAGE][PASSED] - Object: 'Object Repository/Page_Group10 Administration Search/a_Courses' is clicked on

2022-01-16 01:32:50 - [TEST_STEP][PASSED] - click(findTestObject("Object Repository/Page_Group10 Administration Search/a_Manage courses and categories")): Object: 'Object Repository/Page_Group10 Administration Search/a_Manage courses and categories' is clicked on

2022-01-16 01:32:52 - [MESSAGE][PASSED] - Object: 'Object Repository/Page_Group10 Administration Search/a_Manage courses and categories' is clicked on

2022-01-16 01:32:52 - [TEST_STEP][PASSED] - click(findTestObject("Object Repository/Page_Course and category management/i_System Engineering Test Automation_yui_3__c80082")): Object: 'Object Repository/Page_Course and category management/i_System Engineering Test Automation_yui_3__c80082' is clicked on

2022-01-16 01:32:54 - [MESSAGE][PASSED] - Object: 'Object Repository/Page_Course and category management/i_System Engineering Test Automation_yui_3__c80082' is clicked on

2022-01-16 01:32:54 - [TEST_STEP][PASSED] - click(findTestObject("Object Repository/Page_Group10 Delete SE TA/button_Delete")): Object: 'Object Repository/Page_Group10 Delete SE TA/button_Delete' is clicked on

2022-01-16 01:32:55 - [MESSAGE][PASSED] - Object: 'Object Repository/Page_Group10 Delete SE TA/button_Delete' is clicked on

2022-01-16 01:32:55 - [TEST_STEP][PASSED] - click(findTestObject("Page_Group10 Delete SE TA/button_Continue")): Object: 'Object Repository/Page_Group10 Delete SE TA/button_Continue' is clicked on

2022-01-16 01:32:57 - [MESSAGE][PASSED] - Object: 'Object Repository/Page_Group10 Delete SE TA/button_Continue' is clicked on

2022-01-16 01:32:57 - [TEST_STEP][PASSED] - click(findTestObject("Object Repository/Page_Course and category management/a_AU")): Object: 'Object Repository/Page_Course and category management/a_AU' is clicked on

2022-01-16 01:32:58 - [MESSAGE][PASSED] - Object: 'Object Repository/Page_Course and category management/a_AU' is clicked on

2022-01-16 01:32:58 - [TEST_STEP][PASSED] - click(findTestObject("Object Repository/Page_Course and category management/a_Log out")): Object: 'Object Repository/Page_Course and category management/a_Log out' is clicked on

2022-01-16 01:32:59 - [MESSAGE][PASSED] - Object: 'Object Repository/Page_Course and category management/a_Log out' is clicked on

2022-01-16 01:32:59 - [TEST_STEP][PASSED] - closeBrowser(): Browser is closed

2022-01-16 01:33:00 - [MESSAGE][PASSED] - Browser is closed]]></system-out>
         <system-err><![CDATA[]]></system-err>
      </testcase>
      <testcase name="Test Cases/Add course by file - ADMIN" time="45.926" classname="Test Cases/Add course by file - ADMIN" status="FAILED">
         <failure type="FAILED" message="Test Cases/Add course by file - ADMIN FAILED.
Reason:
com.kms.katalon.core.exception.StepFailedException: Unable to upload file 'D:\TestAutomation-SEBonus-Group10\course.csv' to object 'Object Repository/Page_Group10 Administration Courses Upload courses/input_Attachment_repo_upload_file'
	at com.kms.katalon.core.webui.keyword.internal.WebUIKeywordMain.stepFailed(WebUIKeywordMain.groovy:64)
	at com.kms.katalon.core.webui.keyword.internal.WebUIKeywordMain.runKeyword(WebUIKeywordMain.groovy:26)
	at com.kms.katalon.core.webui.keyword.builtin.UploadFileKeyword.uploadFile(UploadFileKeyword.groovy:87)
	at com.kms.katalon.core.webui.keyword.builtin.UploadFileKeyword.execute(UploadFileKeyword.groovy:68)
	at com.kms.katalon.core.keyword.internal.KeywordExecutor.executeKeywordForPlatform(KeywordExecutor.groovy:74)
	at com.kms.katalon.core.webui.keyword.WebUiBuiltInKeywords.uploadFile(WebUiBuiltInKeywords.groovy:4031)
	at com.kms.katalon.core.webui.keyword.WebUiBuiltInKeywords$uploadFile$6.call(Unknown Source)
	at Add course by file - ADMIN.run(Add course by file - ADMIN:40)
	at com.kms.katalon.core.main.ScriptEngine.run(ScriptEngine.java:194)
	at com.kms.katalon.core.main.ScriptEngine.runScriptAsRawText(ScriptEngine.java:119)
	at com.kms.katalon.core.main.TestCaseExecutor.runScript(TestCaseExecutor.java:442)
	at com.kms.katalon.core.main.TestCaseExecutor.doExecute(TestCaseExecutor.java:433)
	at com.kms.katalon.core.main.TestCaseExecutor.processExecutionPhase(TestCaseExecutor.java:412)
	at com.kms.katalon.core.main.TestCaseExecutor.accessMainPhase(TestCaseExecutor.java:404)
	at com.kms.katalon.core.main.TestCaseExecutor.execute(TestCaseExecutor.java:281)
	at com.kms.katalon.core.main.TestSuiteExecutor.accessTestCaseMainPhase(TestSuiteExecutor.java:202)
	at com.kms.katalon.core.main.TestSuiteExecutor.accessTestSuiteMainPhase(TestSuiteExecutor.java:164)
	at com.kms.katalon.core.main.TestSuiteExecutor.execute(TestSuiteExecutor.java:105)
	at com.kms.katalon.core.main.TestCaseMain.startTestSuite(TestCaseMain.java:181)
	at com.kms.katalon.core.main.TestCaseMain$startTestSuite$0.call(Unknown Source)
	at TempTestSuite1642271036821.run(TempTestSuite1642271036821.groovy:36)
Caused by: com.kms.katalon.core.webui.exception.WebElementNotFoundException: Web element with id: 'Object Repository/Page_Group10 Administration Courses Upload courses/input_Attachment_repo_upload_file' located by '//form/div/div/div/input' not found
	at com.kms.katalon.core.webui.common.WebUiCommonHelper.findWebElement(WebUiCommonHelper.java:1368)
	at com.kms.katalon.core.webui.keyword.internal.WebUIAbstractKeyword.findWebElement(WebUIAbstractKeyword.groovy:27)
	at com.kms.katalon.core.webui.keyword.internal.WebUIAbstractKeyword.findWebElement(WebUIAbstractKeyword.groovy:26)
	at com.kms.katalon.core.webui.keyword.builtin.UploadFileKeyword$_uploadFile_closure1.doCall(UploadFileKeyword.groovy:79)
	at com.kms.katalon.core.webui.keyword.builtin.UploadFileKeyword$_uploadFile_closure1.call(UploadFileKeyword.groovy)
	at com.kms.katalon.core.webui.keyword.internal.WebUIKeywordMain.runKeyword(WebUIKeywordMain.groovy:20)
	... 19 more
"/>
         <system-out><![CDATA[2022-01-16 01:33:00 - [TEST_CASE][FAILED] - Test Cases/Add course by file - ADMIN: Test Cases/Add course by file - ADMIN FAILED.
Reason:
com.kms.katalon.core.exception.StepFailedException: Unable to upload file 'D:\TestAutomation-SEBonus-Group10\course.csv' to object 'Object Repository/Page_Group10 Administration Courses Upload courses/input_Attachment_repo_upload_file'
	at com.kms.katalon.core.webui.keyword.internal.WebUIKeywordMain.stepFailed(WebUIKeywordMain.groovy:64)
	at com.kms.katalon.core.webui.keyword.internal.WebUIKeywordMain.runKeyword(WebUIKeywordMain.groovy:26)
	at com.kms.katalon.core.webui.keyword.builtin.UploadFileKeyword.uploadFile(UploadFileKeyword.groovy:87)
	at com.kms.katalon.core.webui.keyword.builtin.UploadFileKeyword.execute(UploadFileKeyword.groovy:68)
	at com.kms.katalon.core.keyword.internal.KeywordExecutor.executeKeywordForPlatform(KeywordExecutor.groovy:74)
	at com.kms.katalon.core.webui.keyword.WebUiBuiltInKeywords.uploadFile(WebUiBuiltInKeywords.groovy:4031)
	at com.kms.katalon.core.webui.keyword.WebUiBuiltInKeywords$uploadFile$6.call(Unknown Source)
	at Add course by file - ADMIN.run(Add course by file - ADMIN:40)
	at com.kms.katalon.core.main.ScriptEngine.run(ScriptEngine.java:194)
	at com.kms.katalon.core.main.ScriptEngine.runScriptAsRawText(ScriptEngine.java:119)
	at com.kms.katalon.core.main.TestCaseExecutor.runScript(TestCaseExecutor.java:442)
	at com.kms.katalon.core.main.TestCaseExecutor.doExecute(TestCaseExecutor.java:433)
	at com.kms.katalon.core.main.TestCaseExecutor.processExecutionPhase(TestCaseExecutor.java:412)
	at com.kms.katalon.core.main.TestCaseExecutor.accessMainPhase(TestCaseExecutor.java:404)
	at com.kms.katalon.core.main.TestCaseExecutor.execute(TestCaseExecutor.java:281)
	at com.kms.katalon.core.main.TestSuiteExecutor.accessTestCaseMainPhase(TestSuiteExecutor.java:202)
	at com.kms.katalon.core.main.TestSuiteExecutor.accessTestSuiteMainPhase(TestSuiteExecutor.java:164)
	at com.kms.katalon.core.main.TestSuiteExecutor.execute(TestSuiteExecutor.java:105)
	at com.kms.katalon.core.main.TestCaseMain.startTestSuite(TestCaseMain.java:181)
	at com.kms.katalon.core.main.TestCaseMain$startTestSuite$0.call(Unknown Source)
	at TempTestSuite1642271036821.run(TempTestSuite1642271036821.groovy:36)
Caused by: com.kms.katalon.core.webui.exception.WebElementNotFoundException: Web element with id: 'Object Repository/Page_Group10 Administration Courses Upload courses/input_Attachment_repo_upload_file' located by '//form/div/div/div/input' not found
	at com.kms.katalon.core.webui.common.WebUiCommonHelper.findWebElement(WebUiCommonHelper.java:1368)
	at com.kms.katalon.core.webui.keyword.internal.WebUIAbstractKeyword.findWebElement(WebUIAbstractKeyword.groovy:27)
	at com.kms.katalon.core.webui.keyword.internal.WebUIAbstractKeyword.findWebElement(WebUIAbstractKeyword.groovy:26)
	at com.kms.katalon.core.webui.keyword.builtin.UploadFileKeyword$_uploadFile_closure1.doCall(UploadFileKeyword.groovy:79)
	at com.kms.katalon.core.webui.keyword.builtin.UploadFileKeyword$_uploadFile_closure1.call(UploadFileKeyword.groovy)
	at com.kms.katalon.core.webui.keyword.internal.WebUIKeywordMain.runKeyword(WebUIKeywordMain.groovy:20)
	... 19 more


2022-01-16 01:33:00 - [TEST_STEP][PASSED] - openBrowser(""): Browser is opened with url: ''

2022-01-16 01:33:00 - [MESSAGE][INFO] - Starting 'Edge Chromium' driver

2022-01-16 01:33:02 - [MESSAGE][INFO] - Action delay is set to 0 milliseconds

2022-01-16 01:33:03 - [MESSAGE][PASSED] - Browser is opened with url: ''

2022-01-16 01:33:03 - [TEST_STEP][PASSED] - navigateToUrl("http://localhost/"): Navigate to 'http://localhost/' successfully

2022-01-16 01:33:05 - [MESSAGE][PASSED] - Navigate to 'http://localhost/' successfully

2022-01-16 01:33:05 - [TEST_STEP][PASSED] - click(findTestObject("Object Repository/Page_Home page/a_Log in")): Object: 'Object Repository/Page_Home page/a_Log in' is clicked on

2022-01-16 01:33:06 - [MESSAGE][PASSED] - Object: 'Object Repository/Page_Home page/a_Log in' is clicked on

2022-01-16 01:33:06 - [TEST_STEP][PASSED] - setText(findTestObject("Object Repository/Page_Home page Log in to the site/input_Username_username"), "admin"): Text 'admin' is set on object 'Object Repository/Page_Home page Log in to the site/input_Username_username'

2022-01-16 01:33:07 - [MESSAGE][PASSED] - Text 'admin' is set on object 'Object Repository/Page_Home page Log in to the site/input_Username_username'

2022-01-16 01:33:07 - [TEST_STEP][PASSED] - setEncryptedText(findTestObject("Object Repository/Page_Home page Log in to the site/input_Password_password"), "OFhcon1PzObx3ErJAwGfGA=="): Text ****** has been set on object 'Object Repository/Page_Home page Log in to the site/input_Password_password'

2022-01-16 01:33:07 - [MESSAGE][PASSED] - Text ****** has been set on object 'Object Repository/Page_Home page Log in to the site/input_Password_password'

2022-01-16 01:33:07 - [TEST_STEP][PASSED] - click(findTestObject("Object Repository/Page_Home page Log in to the site/button_Log in")): Object: 'Object Repository/Page_Home page Log in to the site/button_Log in' is clicked on

2022-01-16 01:33:09 - [MESSAGE][PASSED] - Object: 'Object Repository/Page_Home page Log in to the site/button_Log in' is clicked on

2022-01-16 01:33:09 - [TEST_STEP][PASSED] - click(findTestObject("Object Repository/Page_Dashboard/a_Site administration")): Object: 'Object Repository/Page_Dashboard/a_Site administration' is clicked on

2022-01-16 01:33:11 - [MESSAGE][PASSED] - Object: 'Object Repository/Page_Dashboard/a_Site administration' is clicked on

2022-01-16 01:33:11 - [TEST_STEP][PASSED] - click(findTestObject("Object Repository/Page_Group10 Administration Search/a_Courses")): Object: 'Object Repository/Page_Group10 Administration Search/a_Courses' is clicked on

2022-01-16 01:33:12 - [MESSAGE][PASSED] - Object: 'Object Repository/Page_Group10 Administration Search/a_Courses' is clicked on

2022-01-16 01:33:12 - [TEST_STEP][PASSED] - click(findTestObject("Object Repository/Page_Group10 Administration Search/a_Upload courses")): Object: 'Object Repository/Page_Group10 Administration Search/a_Upload courses' is clicked on

2022-01-16 01:33:13 - [MESSAGE][PASSED] - Object: 'Object Repository/Page_Group10 Administration Search/a_Upload courses' is clicked on

2022-01-16 01:33:13 - [TEST_STEP][PASSED] - click(findTestObject("Object Repository/Page_Group10 Administration Courses Upload courses/input_File_coursefilechoose")): Object: 'Object Repository/Page_Group10 Administration Courses Upload courses/input_File_coursefilechoose' is clicked on

2022-01-16 01:33:14 - [MESSAGE][PASSED] - Object: 'Object Repository/Page_Group10 Administration Courses Upload courses/input_File_coursefilechoose' is clicked on

2022-01-16 01:33:14 - [TEST_STEP][FAILED] - uploadFile(findTestObject("Object Repository/Page_Group10 Administration Courses Upload courses/input_Attachment_repo_upload_file"), "D:\TestAutomation-SEBonus-Group10\course.csv"): Unable to upload file 'D:\TestAutomation-SEBonus-Group10\course.csv' to object 'Object Repository/Page_Group10 Administration Courses Upload courses/input_Attachment_repo_upload_file' (Root cause: com.kms.katalon.core.exception.StepFailedException: Unable to upload file 'D:\TestAutomation-SEBonus-Group10\course.csv' to object 'Object Repository/Page_Group10 Administration Courses Upload courses/input_Attachment_repo_upload_file'
	at com.kms.katalon.core.webui.keyword.internal.WebUIKeywordMain.stepFailed(WebUIKeywordMain.groovy:64)
	at com.kms.katalon.core.webui.keyword.internal.WebUIKeywordMain.runKeyword(WebUIKeywordMain.groovy:26)
	at com.kms.katalon.core.webui.keyword.builtin.UploadFileKeyword.uploadFile(UploadFileKeyword.groovy:87)
	at com.kms.katalon.core.webui.keyword.builtin.UploadFileKeyword.execute(UploadFileKeyword.groovy:68)
	at com.kms.katalon.core.keyword.internal.KeywordExecutor.executeKeywordForPlatform(KeywordExecutor.groovy:74)
	at com.kms.katalon.core.webui.keyword.WebUiBuiltInKeywords.uploadFile(WebUiBuiltInKeywords.groovy:4031)
	at com.kms.katalon.core.webui.keyword.WebUiBuiltInKeywords$uploadFile$6.call(Unknown Source)
	at Add course by file - ADMIN.run(Add course by file - ADMIN:40)
	at com.kms.katalon.core.main.ScriptEngine.run(ScriptEngine.java:194)
	at com.kms.katalon.core.main.ScriptEngine.runScriptAsRawText(ScriptEngine.java:119)
	at com.kms.katalon.core.main.TestCaseExecutor.runScript(TestCaseExecutor.java:442)
	at com.kms.katalon.core.main.TestCaseExecutor.doExecute(TestCaseExecutor.java:433)
	at com.kms.katalon.core.main.TestCaseExecutor.processExecutionPhase(TestCaseExecutor.java:412)
	at com.kms.katalon.core.main.TestCaseExecutor.accessMainPhase(TestCaseExecutor.java:404)
	at com.kms.katalon.core.main.TestCaseExecutor.execute(TestCaseExecutor.java:281)
	at com.kms.katalon.core.main.TestSuiteExecutor.accessTestCaseMainPhase(TestSuiteExecutor.java:202)
	at com.kms.katalon.core.main.TestSuiteExecutor.accessTestSuiteMainPhase(TestSuiteExecutor.java:164)
	at com.kms.katalon.core.main.TestSuiteExecutor.execute(TestSuiteExecutor.java:105)
	at com.kms.katalon.core.main.TestCaseMain.startTestSuite(TestCaseMain.java:181)
	at com.kms.katalon.core.main.TestCaseMain$startTestSuite$0.call(Unknown Source)
	at TempTestSuite1642271036821.run(TempTestSuite1642271036821.groovy:36)
Caused by: com.kms.katalon.core.webui.exception.WebElementNotFoundException: Web element with id: 'Object Repository/Page_Group10 Administration Courses Upload courses/input_Attachment_repo_upload_file' located by '//form/div/div/div/input' not found
	at com.kms.katalon.core.webui.common.WebUiCommonHelper.findWebElement(WebUiCommonHelper.java:1368)
	at com.kms.katalon.core.webui.keyword.internal.WebUIAbstractKeyword.findWebElement(WebUIAbstractKeyword.groovy:27)
	at com.kms.katalon.core.webui.keyword.internal.WebUIAbstractKeyword.findWebElement(WebUIAbstractKeyword.groovy:26)
	at com.kms.katalon.core.webui.keyword.builtin.UploadFileKeyword$_uploadFile_closure1.doCall(UploadFileKeyword.groovy:79)
	at com.kms.katalon.core.webui.keyword.builtin.UploadFileKeyword$_uploadFile_closure1.call(UploadFileKeyword.groovy)
	at com.kms.katalon.core.webui.keyword.internal.WebUIKeywordMain.runKeyword(WebUIKeywordMain.groovy:20)
	at com.kms.katalon.core.webui.keyword.builtin.UploadFileKeyword.uploadFile(UploadFileKeyword.groovy:87)
	at com.kms.katalon.core.webui.keyword.builtin.UploadFileKeyword.execute(UploadFileKeyword.groovy:68)
	at com.kms.katalon.core.keyword.internal.KeywordExecutor.executeKeywordForPlatform(KeywordExecutor.groovy:74)
	at com.kms.katalon.core.webui.keyword.WebUiBuiltInKeywords.uploadFile(WebUiBuiltInKeywords.groovy:4031)
	at com.kms.katalon.core.webui.keyword.WebUiBuiltInKeywords$uploadFile$6.call(Unknown Source)
	at Script1642037878817.run(Script1642037878817.groovy:40)
	... 13 more
)

2022-01-16 01:33:45 - [MESSAGE][INFO] - Unable to find the element located by 'By.xpath: //form/div/div/div/input'. Please recheck the objects properties to make sure the desired element is located. 

2022-01-16 01:33:45 - [MESSAGE][FAILED] - Unable to upload file 'D:\TestAutomation-SEBonus-Group10\course.csv' to object 'Object Repository/Page_Group10 Administration Courses Upload courses/input_Attachment_repo_upload_file' (Root cause: com.kms.katalon.core.exception.StepFailedException: Unable to upload file 'D:\TestAutomation-SEBonus-Group10\course.csv' to object 'Object Repository/Page_Group10 Administration Courses Upload courses/input_Attachment_repo_upload_file'
	at com.kms.katalon.core.webui.keyword.internal.WebUIKeywordMain.stepFailed(WebUIKeywordMain.groovy:64)
	at com.kms.katalon.core.webui.keyword.internal.WebUIKeywordMain.runKeyword(WebUIKeywordMain.groovy:26)
	at com.kms.katalon.core.webui.keyword.builtin.UploadFileKeyword.uploadFile(UploadFileKeyword.groovy:87)
	at com.kms.katalon.core.webui.keyword.builtin.UploadFileKeyword.execute(UploadFileKeyword.groovy:68)
	at com.kms.katalon.core.keyword.internal.KeywordExecutor.executeKeywordForPlatform(KeywordExecutor.groovy:74)
	at com.kms.katalon.core.webui.keyword.WebUiBuiltInKeywords.uploadFile(WebUiBuiltInKeywords.groovy:4031)
	at com.kms.katalon.core.webui.keyword.WebUiBuiltInKeywords$uploadFile$6.call(Unknown Source)
	at Add course by file - ADMIN.run(Add course by file - ADMIN:40)
	at com.kms.katalon.core.main.ScriptEngine.run(ScriptEngine.java:194)
	at com.kms.katalon.core.main.ScriptEngine.runScriptAsRawText(ScriptEngine.java:119)
	at com.kms.katalon.core.main.TestCaseExecutor.runScript(TestCaseExecutor.java:442)
	at com.kms.katalon.core.main.TestCaseExecutor.doExecute(TestCaseExecutor.java:433)
	at com.kms.katalon.core.main.TestCaseExecutor.processExecutionPhase(TestCaseExecutor.java:412)
	at com.kms.katalon.core.main.TestCaseExecutor.accessMainPhase(TestCaseExecutor.java:404)
	at com.kms.katalon.core.main.TestCaseExecutor.execute(TestCaseExecutor.java:281)
	at com.kms.katalon.core.main.TestSuiteExecutor.accessTestCaseMainPhase(TestSuiteExecutor.java:202)
	at com.kms.katalon.core.main.TestSuiteExecutor.accessTestSuiteMainPhase(TestSuiteExecutor.java:164)
	at com.kms.katalon.core.main.TestSuiteExecutor.execute(TestSuiteExecutor.java:105)
	at com.kms.katalon.core.main.TestCaseMain.startTestSuite(TestCaseMain.java:181)
	at com.kms.katalon.core.main.TestCaseMain$startTestSuite$0.call(Unknown Source)
	at TempTestSuite1642271036821.run(TempTestSuite1642271036821.groovy:36)
Caused by: com.kms.katalon.core.webui.exception.WebElementNotFoundException: Web element with id: 'Object Repository/Page_Group10 Administration Courses Upload courses/input_Attachment_repo_upload_file' located by '//form/div/div/div/input' not found
	at com.kms.katalon.core.webui.common.WebUiCommonHelper.findWebElement(WebUiCommonHelper.java:1368)
	at com.kms.katalon.core.webui.keyword.internal.WebUIAbstractKeyword.findWebElement(WebUIAbstractKeyword.groovy:27)
	at com.kms.katalon.core.webui.keyword.internal.WebUIAbstractKeyword.findWebElement(WebUIAbstractKeyword.groovy:26)
	at com.kms.katalon.core.webui.keyword.builtin.UploadFileKeyword$_uploadFile_closure1.doCall(UploadFileKeyword.groovy:79)
	at com.kms.katalon.core.webui.keyword.builtin.UploadFileKeyword$_uploadFile_closure1.call(UploadFileKeyword.groovy)
	at com.kms.katalon.core.webui.keyword.internal.WebUIKeywordMain.runKeyword(WebUIKeywordMain.groovy:20)
	at com.kms.katalon.core.webui.keyword.builtin.UploadFileKeyword.uploadFile(UploadFileKeyword.groovy:87)
	at com.kms.katalon.core.webui.keyword.builtin.UploadFileKeyword.execute(UploadFileKeyword.groovy:68)
	at com.kms.katalon.core.keyword.internal.KeywordExecutor.executeKeywordForPlatform(KeywordExecutor.groovy:74)
	at com.kms.katalon.core.webui.keyword.WebUiBuiltInKeywords.uploadFile(WebUiBuiltInKeywords.groovy:4031)
	at com.kms.katalon.core.webui.keyword.WebUiBuiltInKeywords$uploadFile$6.call(Unknown Source)
	at Script1642037878817.run(Script1642037878817.groovy:40)
	... 13 more
)
[[ATTACHMENT|D:\\TestAutomation-SEBonus-Group10\\Test Automation - SE Bonus\\Reports\\20220116_012355\\Run all test cases\\20220116_012356\\1642271625785.png]]]]></system-out>
         <system-err><![CDATA[2022-01-16 01:33:00 - [TEST_CASE][FAILED] - Test Cases/Add course by file - ADMIN: Test Cases/Add course by file - ADMIN FAILED.
Reason:
com.kms.katalon.core.exception.StepFailedException: Unable to upload file 'D:\TestAutomation-SEBonus-Group10\course.csv' to object 'Object Repository/Page_Group10 Administration Courses Upload courses/input_Attachment_repo_upload_file'
	at com.kms.katalon.core.webui.keyword.internal.WebUIKeywordMain.stepFailed(WebUIKeywordMain.groovy:64)
	at com.kms.katalon.core.webui.keyword.internal.WebUIKeywordMain.runKeyword(WebUIKeywordMain.groovy:26)
	at com.kms.katalon.core.webui.keyword.builtin.UploadFileKeyword.uploadFile(UploadFileKeyword.groovy:87)
	at com.kms.katalon.core.webui.keyword.builtin.UploadFileKeyword.execute(UploadFileKeyword.groovy:68)
	at com.kms.katalon.core.keyword.internal.KeywordExecutor.executeKeywordForPlatform(KeywordExecutor.groovy:74)
	at com.kms.katalon.core.webui.keyword.WebUiBuiltInKeywords.uploadFile(WebUiBuiltInKeywords.groovy:4031)
	at com.kms.katalon.core.webui.keyword.WebUiBuiltInKeywords$uploadFile$6.call(Unknown Source)
	at Add course by file - ADMIN.run(Add course by file - ADMIN:40)
	at com.kms.katalon.core.main.ScriptEngine.run(ScriptEngine.java:194)
	at com.kms.katalon.core.main.ScriptEngine.runScriptAsRawText(ScriptEngine.java:119)
	at com.kms.katalon.core.main.TestCaseExecutor.runScript(TestCaseExecutor.java:442)
	at com.kms.katalon.core.main.TestCaseExecutor.doExecute(TestCaseExecutor.java:433)
	at com.kms.katalon.core.main.TestCaseExecutor.processExecutionPhase(TestCaseExecutor.java:412)
	at com.kms.katalon.core.main.TestCaseExecutor.accessMainPhase(TestCaseExecutor.java:404)
	at com.kms.katalon.core.main.TestCaseExecutor.execute(TestCaseExecutor.java:281)
	at com.kms.katalon.core.main.TestSuiteExecutor.accessTestCaseMainPhase(TestSuiteExecutor.java:202)
	at com.kms.katalon.core.main.TestSuiteExecutor.accessTestSuiteMainPhase(TestSuiteExecutor.java:164)
	at com.kms.katalon.core.main.TestSuiteExecutor.execute(TestSuiteExecutor.java:105)
	at com.kms.katalon.core.main.TestCaseMain.startTestSuite(TestCaseMain.java:181)
	at com.kms.katalon.core.main.TestCaseMain$startTestSuite$0.call(Unknown Source)
	at TempTestSuite1642271036821.run(TempTestSuite1642271036821.groovy:36)
Caused by: com.kms.katalon.core.webui.exception.WebElementNotFoundException: Web element with id: 'Object Repository/Page_Group10 Administration Courses Upload courses/input_Attachment_repo_upload_file' located by '//form/div/div/div/input' not found
	at com.kms.katalon.core.webui.common.WebUiCommonHelper.findWebElement(WebUiCommonHelper.java:1368)
	at com.kms.katalon.core.webui.keyword.internal.WebUIAbstractKeyword.findWebElement(WebUIAbstractKeyword.groovy:27)
	at com.kms.katalon.core.webui.keyword.internal.WebUIAbstractKeyword.findWebElement(WebUIAbstractKeyword.groovy:26)
	at com.kms.katalon.core.webui.keyword.builtin.UploadFileKeyword$_uploadFile_closure1.doCall(UploadFileKeyword.groovy:79)
	at com.kms.katalon.core.webui.keyword.builtin.UploadFileKeyword$_uploadFile_closure1.call(UploadFileKeyword.groovy)
	at com.kms.katalon.core.webui.keyword.internal.WebUIKeywordMain.runKeyword(WebUIKeywordMain.groovy:20)
	... 19 more]]></system-err>
      </testcase>
      <testcase name="Test Cases/Edit course - ADMIN" time="33.197" classname="Test Cases/Edit course - ADMIN" status="PASSED">
         <system-out><![CDATA[2022-01-16 01:33:45 - [TEST_CASE][PASSED] - Test Cases/Edit course - ADMIN: Test Cases/Edit course - ADMIN

2022-01-16 01:33:46 - [TEST_STEP][PASSED] - openBrowser(""): Browser is opened with url: ''

2022-01-16 01:33:46 - [MESSAGE][WARNING] - A browser is already opened. Closing browser and opening a new one

2022-01-16 01:33:47 - [MESSAGE][INFO] - Starting 'Edge Chromium' driver

2022-01-16 01:33:49 - [MESSAGE][INFO] - Action delay is set to 0 milliseconds

2022-01-16 01:33:50 - [MESSAGE][PASSED] - Browser is opened with url: ''

2022-01-16 01:33:50 - [TEST_STEP][PASSED] - navigateToUrl("http://localhost/"): Navigate to 'http://localhost/' successfully

2022-01-16 01:33:51 - [MESSAGE][PASSED] - Navigate to 'http://localhost/' successfully

2022-01-16 01:33:51 - [TEST_STEP][PASSED] - click(findTestObject("Object Repository/Page_Home page/a_Log in")): Object: 'Object Repository/Page_Home page/a_Log in' is clicked on

2022-01-16 01:33:52 - [MESSAGE][PASSED] - Object: 'Object Repository/Page_Home page/a_Log in' is clicked on

2022-01-16 01:33:52 - [TEST_STEP][PASSED] - setText(findTestObject("Object Repository/Page_Home page Log in to the site/input_Username_username"), "admin"): Text 'admin' is set on object 'Object Repository/Page_Home page Log in to the site/input_Username_username'

2022-01-16 01:33:53 - [MESSAGE][PASSED] - Text 'admin' is set on object 'Object Repository/Page_Home page Log in to the site/input_Username_username'

2022-01-16 01:33:53 - [TEST_STEP][PASSED] - setEncryptedText(findTestObject("Object Repository/Page_Home page Log in to the site/input_Password_password"), "OFhcon1PzObx3ErJAwGfGA=="): Text ****** has been set on object 'Object Repository/Page_Home page Log in to the site/input_Password_password'

2022-01-16 01:33:53 - [MESSAGE][PASSED] - Text ****** has been set on object 'Object Repository/Page_Home page Log in to the site/input_Password_password'

2022-01-16 01:33:53 - [TEST_STEP][PASSED] - click(findTestObject("Object Repository/Page_Home page Log in to the site/button_Log in")): Object: 'Object Repository/Page_Home page Log in to the site/button_Log in' is clicked on

2022-01-16 01:33:55 - [MESSAGE][PASSED] - Object: 'Object Repository/Page_Home page Log in to the site/button_Log in' is clicked on

2022-01-16 01:33:55 - [TEST_STEP][PASSED] - click(findTestObject("Object Repository/Page_My courses/a_Site administration")): Object: 'Object Repository/Page_My courses/a_Site administration' is clicked on

2022-01-16 01:33:58 - [MESSAGE][PASSED] - Object: 'Object Repository/Page_My courses/a_Site administration' is clicked on

2022-01-16 01:33:58 - [TEST_STEP][PASSED] - click(findTestObject("Object Repository/Page_Group10 Administration Search/a_Courses")): Object: 'Object Repository/Page_Group10 Administration Search/a_Courses' is clicked on

2022-01-16 01:33:58 - [MESSAGE][PASSED] - Object: 'Object Repository/Page_Group10 Administration Search/a_Courses' is clicked on

2022-01-16 01:33:58 - [TEST_STEP][PASSED] - click(findTestObject("Object Repository/Page_Group10 Administration Search/a_Manage courses and categories")): Object: 'Object Repository/Page_Group10 Administration Search/a_Manage courses and categories' is clicked on

2022-01-16 01:33:59 - [MESSAGE][PASSED] - Object: 'Object Repository/Page_Group10 Administration Search/a_Manage courses and categories' is clicked on

2022-01-16 01:33:59 - [TEST_STEP][PASSED] - click(findTestObject("Object Repository/Page_Course and category management/i_H quan tri c s d liu_yui_3_17_2_1_1642039_4632b5")): Object: 'Object Repository/Page_Course and category management/i_H quan tri c s d liu_yui_3_17_2_1_1642039_4632b5' is clicked on

2022-01-16 01:34:01 - [MESSAGE][PASSED] - Object: 'Object Repository/Page_Course and category management/i_H quan tri c s d liu_yui_3_17_2_1_1642039_4632b5' is clicked on

2022-01-16 01:34:01 - [TEST_STEP][PASSED] - setText(findTestObject("Object Repository/Page_Edit course settings/input_Course full name_fullname"), "Hệ quản trị cơ sở dữ liệu (edited)"): Text 'Hệ quản trị cơ sở dữ liệu (edited)' is set on object 'Object Repository/Page_Edit course settings/input_Course full name_fullname'

2022-01-16 01:34:03 - [MESSAGE][PASSED] - Text 'Hệ quản trị cơ sở dữ liệu (edited)' is set on object 'Object Repository/Page_Edit course settings/input_Course full name_fullname'

2022-01-16 01:34:03 - [TEST_STEP][PASSED] - click(findTestObject("Object Repository/Page_Edit course settings/input_Enable_enddateenabled")): Object: 'Object Repository/Page_Edit course settings/input_Enable_enddateenabled' is clicked on

2022-01-16 01:34:04 - [MESSAGE][PASSED] - Object: 'Object Repository/Page_Edit course settings/input_Enable_enddateenabled' is clicked on

2022-01-16 01:34:04 - [TEST_STEP][PASSED] - setText(findTestObject("Object Repository/Page_Edit course settings/div_this is summary"), "this is summary"): Text 'this is summary' is set on object 'Object Repository/Page_Edit course settings/div_this is summary'

2022-01-16 01:34:05 - [MESSAGE][PASSED] - Text 'this is summary' is set on object 'Object Repository/Page_Edit course settings/div_this is summary'

2022-01-16 01:34:05 - [TEST_STEP][PASSED] - click(findTestObject("Object Repository/Page_Edit course settings/input__saveanddisplay")): Object: 'Object Repository/Page_Edit course settings/input__saveanddisplay' is clicked on

2022-01-16 01:34:07 - [MESSAGE][PASSED] - Object: 'Object Repository/Page_Edit course settings/input__saveanddisplay' is clicked on

2022-01-16 01:34:07 - [TEST_STEP][PASSED] - click(findTestObject("Object Repository/Page_Edit course settings/a_Site administration")): Object: 'Object Repository/Page_Edit course settings/a_Site administration' is clicked on

2022-01-16 01:34:08 - [MESSAGE][PASSED] - Object: 'Object Repository/Page_Edit course settings/a_Site administration' is clicked on

2022-01-16 01:34:08 - [TEST_STEP][PASSED] - click(findTestObject("Object Repository/Page_Group10 Administration Search/a_Courses")): Object: 'Object Repository/Page_Group10 Administration Search/a_Courses' is clicked on

2022-01-16 01:34:09 - [MESSAGE][PASSED] - Object: 'Object Repository/Page_Group10 Administration Search/a_Courses' is clicked on

2022-01-16 01:34:09 - [TEST_STEP][PASSED] - click(findTestObject("Object Repository/Page_Group10 Administration Search/a_Manage courses and categories")): Object: 'Object Repository/Page_Group10 Administration Search/a_Manage courses and categories' is clicked on

2022-01-16 01:34:10 - [MESSAGE][PASSED] - Object: 'Object Repository/Page_Group10 Administration Search/a_Manage courses and categories' is clicked on

2022-01-16 01:34:10 - [TEST_STEP][PASSED] - click(findTestObject("Object Repository/Page_Course and category management/i_H quan tri c s d liu (edited)_yui_3_17_2__de8f09")): Object: 'Object Repository/Page_Course and category management/i_H quan tri c s d liu (edited)_yui_3_17_2__de8f09' is clicked on

2022-01-16 01:34:12 - [MESSAGE][PASSED] - Object: 'Object Repository/Page_Course and category management/i_H quan tri c s d liu (edited)_yui_3_17_2__de8f09' is clicked on

2022-01-16 01:34:12 - [TEST_STEP][PASSED] - setText(findTestObject("Object Repository/Page_Edit course settings/input_Course full name_fullname"), "Hệ quản trị cơ sở dữ liệu"): Text 'Hệ quản trị cơ sở dữ liệu' is set on object 'Object Repository/Page_Edit course settings/input_Course full name_fullname'

2022-01-16 01:34:14 - [MESSAGE][PASSED] - Text 'Hệ quản trị cơ sở dữ liệu' is set on object 'Object Repository/Page_Edit course settings/input_Course full name_fullname'

2022-01-16 01:34:14 - [TEST_STEP][PASSED] - click(findTestObject("Object Repository/Page_Edit course settings/input_Enable_enddateenabled")): Object: 'Object Repository/Page_Edit course settings/input_Enable_enddateenabled' is clicked on

2022-01-16 01:34:14 - [MESSAGE][PASSED] - Object: 'Object Repository/Page_Edit course settings/input_Enable_enddateenabled' is clicked on

2022-01-16 01:34:14 - [TEST_STEP][PASSED] - click(findTestObject("Object Repository/Page_Edit course settings/input__saveandreturn")): Object: 'Object Repository/Page_Edit course settings/input__saveandreturn' is clicked on

2022-01-16 01:34:16 - [MESSAGE][PASSED] - Object: 'Object Repository/Page_Edit course settings/input__saveandreturn' is clicked on

2022-01-16 01:34:16 - [TEST_STEP][PASSED] - click(findTestObject("Object Repository/Page_Course and category management/a_AU")): Object: 'Object Repository/Page_Course and category management/a_AU' is clicked on

2022-01-16 01:34:17 - [MESSAGE][PASSED] - Object: 'Object Repository/Page_Course and category management/a_AU' is clicked on

2022-01-16 01:34:17 - [TEST_STEP][PASSED] - click(findTestObject("Object Repository/Page_Course and category management/a_Log out")): Object: 'Object Repository/Page_Course and category management/a_Log out' is clicked on

2022-01-16 01:34:18 - [MESSAGE][PASSED] - Object: 'Object Repository/Page_Course and category management/a_Log out' is clicked on

2022-01-16 01:34:18 - [TEST_STEP][PASSED] - closeBrowser(): Browser is closed

2022-01-16 01:34:19 - [MESSAGE][PASSED] - Browser is closed]]></system-out>
         <system-err><![CDATA[]]></system-err>
      </testcase>
      <testcase name="Test Cases/Delete a course - ADMIN" time="32.308" classname="Test Cases/Delete a course - ADMIN" status="PASSED">
         <system-out><![CDATA[2022-01-16 01:34:19 - [TEST_CASE][PASSED] - Test Cases/Delete a course - ADMIN: Test Cases/Delete a course - ADMIN

2022-01-16 01:34:19 - [TEST_STEP][PASSED] - openBrowser(""): Browser is opened with url: ''

2022-01-16 01:34:19 - [MESSAGE][INFO] - Starting 'Edge Chromium' driver

2022-01-16 01:34:21 - [MESSAGE][INFO] - Action delay is set to 0 milliseconds

2022-01-16 01:34:22 - [MESSAGE][PASSED] - Browser is opened with url: ''

2022-01-16 01:34:22 - [TEST_STEP][PASSED] - navigateToUrl("http://localhost/"): Navigate to 'http://localhost/' successfully

2022-01-16 01:34:23 - [MESSAGE][PASSED] - Navigate to 'http://localhost/' successfully

2022-01-16 01:34:23 - [TEST_STEP][PASSED] - click(findTestObject("Page_Home page/a_Log in")): Object: 'Object Repository/Page_Home page/a_Log in' is clicked on

2022-01-16 01:34:24 - [MESSAGE][PASSED] - Object: 'Object Repository/Page_Home page/a_Log in' is clicked on

2022-01-16 01:34:24 - [TEST_STEP][PASSED] - setText(findTestObject("Page_Home page Log in to the site/input_Username_username"), "admin"): Text 'admin' is set on object 'Object Repository/Page_Home page Log in to the site/input_Username_username'

2022-01-16 01:34:25 - [MESSAGE][PASSED] - Text 'admin' is set on object 'Object Repository/Page_Home page Log in to the site/input_Username_username'

2022-01-16 01:34:25 - [TEST_STEP][PASSED] - setEncryptedText(findTestObject("Page_Home page Log in to the site/input_Password_password"), "OFhcon1PzObx3ErJAwGfGA=="): Text ****** has been set on object 'Object Repository/Page_Home page Log in to the site/input_Password_password'

2022-01-16 01:34:26 - [MESSAGE][PASSED] - Text ****** has been set on object 'Object Repository/Page_Home page Log in to the site/input_Password_password'

2022-01-16 01:34:26 - [TEST_STEP][PASSED] - click(findTestObject("Page_Home page Log in to the site/button_Log in")): Object: 'Object Repository/Page_Home page Log in to the site/button_Log in' is clicked on

2022-01-16 01:34:27 - [MESSAGE][PASSED] - Object: 'Object Repository/Page_Home page Log in to the site/button_Log in' is clicked on

2022-01-16 01:34:27 - [TEST_STEP][PASSED] - click(findTestObject("Page_Dashboard/a_Site administration")): Object: 'Object Repository/Page_Dashboard/a_Site administration' is clicked on

2022-01-16 01:34:30 - [MESSAGE][PASSED] - Object: 'Object Repository/Page_Dashboard/a_Site administration' is clicked on

2022-01-16 01:34:30 - [TEST_STEP][PASSED] - click(findTestObject("Page_Group10 Administration Search/a_Courses")): Object: 'Object Repository/Page_Group10 Administration Search/a_Courses' is clicked on

2022-01-16 01:34:30 - [MESSAGE][PASSED] - Object: 'Object Repository/Page_Group10 Administration Search/a_Courses' is clicked on

2022-01-16 01:34:30 - [TEST_STEP][PASSED] - click(findTestObject("Page_Group10 Administration Search/a_Add a new course")): Object: 'Object Repository/Page_Group10 Administration Search/a_Add a new course' is clicked on

2022-01-16 01:34:32 - [MESSAGE][PASSED] - Object: 'Object Repository/Page_Group10 Administration Search/a_Add a new course' is clicked on

2022-01-16 01:34:32 - [TEST_STEP][PASSED] - click(findTestObject("Object Repository/Page_Group10 Add a new course/input_Course full name_fullname")): Object: 'Object Repository/Page_Group10 Add a new course/input_Course full name_fullname' is clicked on

2022-01-16 01:34:33 - [MESSAGE][PASSED] - Object: 'Object Repository/Page_Group10 Add a new course/input_Course full name_fullname' is clicked on

2022-01-16 01:34:33 - [TEST_STEP][PASSED] - setText(findTestObject("Object Repository/Page_Group10 Add a new course/input_Course full name_fullname"), "Course test for delete"): Text 'Course test for delete' is set on object 'Object Repository/Page_Group10 Add a new course/input_Course full name_fullname'

2022-01-16 01:34:34 - [MESSAGE][PASSED] - Text 'Course test for delete' is set on object 'Object Repository/Page_Group10 Add a new course/input_Course full name_fullname'

2022-01-16 01:34:34 - [TEST_STEP][PASSED] - setText(findTestObject("Object Repository/Page_Group10 Add a new course/input_Course short name_shortname"), "testdelete"): Text 'testdelete' is set on object 'Object Repository/Page_Group10 Add a new course/input_Course short name_shortname'

2022-01-16 01:34:35 - [MESSAGE][PASSED] - Text 'testdelete' is set on object 'Object Repository/Page_Group10 Add a new course/input_Course short name_shortname'

2022-01-16 01:34:35 - [TEST_STEP][PASSED] - click(findTestObject("Object Repository/Page_Group10 Add a new course/label_Enable")): Object: 'Object Repository/Page_Group10 Add a new course/label_Enable' is clicked on

2022-01-16 01:34:35 - [MESSAGE][PASSED] - Object: 'Object Repository/Page_Group10 Add a new course/label_Enable' is clicked on

2022-01-16 01:34:35 - [TEST_STEP][PASSED] - click(findTestObject("Object Repository/Page_Group10 Add a new course/input__saveanddisplay")): Object: 'Object Repository/Page_Group10 Add a new course/input__saveanddisplay' is clicked on

2022-01-16 01:34:37 - [MESSAGE][PASSED] - Object: 'Object Repository/Page_Group10 Add a new course/input__saveanddisplay' is clicked on

2022-01-16 01:34:37 - [TEST_STEP][PASSED] - click(findTestObject("Object Repository/Page_Course Course test for delete/a_Site administration")): Object: 'Object Repository/Page_Course Course test for delete/a_Site administration' is clicked on

2022-01-16 01:34:39 - [MESSAGE][PASSED] - Object: 'Object Repository/Page_Course Course test for delete/a_Site administration' is clicked on

2022-01-16 01:34:39 - [TEST_STEP][PASSED] - click(findTestObject("Page_Group10 Administration Search/a_Courses")): Object: 'Object Repository/Page_Group10 Administration Search/a_Courses' is clicked on

2022-01-16 01:34:40 - [MESSAGE][PASSED] - Object: 'Object Repository/Page_Group10 Administration Search/a_Courses' is clicked on

2022-01-16 01:34:40 - [TEST_STEP][PASSED] - click(findTestObject("Page_Group10 Administration Search/a_Manage courses and categories")): Object: 'Object Repository/Page_Group10 Administration Search/a_Manage courses and categories' is clicked on

2022-01-16 01:34:41 - [MESSAGE][PASSED] - Object: 'Object Repository/Page_Group10 Administration Search/a_Manage courses and categories' is clicked on

2022-01-16 01:34:41 - [TEST_STEP][PASSED] - click(findTestObject("Page_Course and category management/a_Sort courses")): Object: 'Object Repository/Page_Course and category management/a_Sort courses' is clicked on

2022-01-16 01:34:42 - [MESSAGE][PASSED] - Object: 'Object Repository/Page_Course and category management/a_Sort courses' is clicked on

2022-01-16 01:34:42 - [TEST_STEP][PASSED] - click(findTestObject("Page_Course and category management/span_Sort by Course time created descending")): Object: 'Object Repository/Page_Course and category management/span_Sort by Course time created descending' is clicked on

2022-01-16 01:34:44 - [MESSAGE][PASSED] - Object: 'Object Repository/Page_Course and category management/span_Sort by Course time created descending' is clicked on

2022-01-16 01:34:44 - [TEST_STEP][PASSED] - click(findTestObject("Object Repository/Page_Course and category management/i_Course test for delete_yui_3_17_2_1_16420_0ef4d4")): Object: 'Object Repository/Page_Course and category management/i_Course test for delete_yui_3_17_2_1_16420_0ef4d4' is clicked on

2022-01-16 01:34:45 - [MESSAGE][PASSED] - Object: 'Object Repository/Page_Course and category management/i_Course test for delete_yui_3_17_2_1_16420_0ef4d4' is clicked on

2022-01-16 01:34:45 - [TEST_STEP][PASSED] - click(findTestObject("Object Repository/Page_Group10 Delete testdelete/button_Delete")): Object: 'Object Repository/Page_Group10 Delete testdelete/button_Delete' is clicked on

2022-01-16 01:34:47 - [MESSAGE][PASSED] - Object: 'Object Repository/Page_Group10 Delete testdelete/button_Delete' is clicked on

2022-01-16 01:34:47 - [TEST_STEP][PASSED] - click(findTestObject("Object Repository/Page_Group10 Deleting testdelete/button_Continue")): Object: 'Object Repository/Page_Group10 Deleting testdelete/button_Continue' is clicked on

2022-01-16 01:34:48 - [MESSAGE][PASSED] - Object: 'Object Repository/Page_Group10 Deleting testdelete/button_Continue' is clicked on

2022-01-16 01:34:48 - [TEST_STEP][PASSED] - click(findTestObject("Object Repository/Page_Course and category management/span_AU")): Object: 'Object Repository/Page_Course and category management/span_AU' is clicked on

2022-01-16 01:34:49 - [MESSAGE][PASSED] - Object: 'Object Repository/Page_Course and category management/span_AU' is clicked on

2022-01-16 01:34:49 - [TEST_STEP][PASSED] - click(findTestObject("Page_Course and category management/a_Log out")): Object: 'Object Repository/Page_Course and category management/a_Log out' is clicked on

2022-01-16 01:34:50 - [MESSAGE][PASSED] - Object: 'Object Repository/Page_Course and category management/a_Log out' is clicked on

2022-01-16 01:34:50 - [TEST_STEP][PASSED] - closeBrowser(): Browser is closed

2022-01-16 01:34:51 - [MESSAGE][PASSED] - Browser is closed]]></system-out>
         <system-err><![CDATA[]]></system-err>
      </testcase>
      <testcase name="Test Cases/Edit role - ADMIN" time="30.495" classname="Test Cases/Edit role - ADMIN" status="PASSED">
         <system-out><![CDATA[2022-01-16 01:34:51 - [TEST_CASE][PASSED] - Test Cases/Edit role - ADMIN: Test Cases/Edit role - ADMIN

2022-01-16 01:34:51 - [TEST_STEP][PASSED] - openBrowser(""): Browser is opened with url: ''

2022-01-16 01:34:51 - [MESSAGE][INFO] - Starting 'Edge Chromium' driver

2022-01-16 01:34:54 - [MESSAGE][INFO] - Action delay is set to 0 milliseconds

2022-01-16 01:34:55 - [MESSAGE][PASSED] - Browser is opened with url: ''

2022-01-16 01:34:55 - [TEST_STEP][PASSED] - navigateToUrl("http://localhost/"): Navigate to 'http://localhost/' successfully

2022-01-16 01:34:56 - [MESSAGE][PASSED] - Navigate to 'http://localhost/' successfully

2022-01-16 01:34:56 - [TEST_STEP][PASSED] - click(findTestObject("Page_Home page/a_Log in")): Object: 'Object Repository/Page_Home page/a_Log in' is clicked on

2022-01-16 01:34:57 - [MESSAGE][PASSED] - Object: 'Object Repository/Page_Home page/a_Log in' is clicked on

2022-01-16 01:34:57 - [TEST_STEP][PASSED] - setText(findTestObject("Page_Home page Log in to the site/input_Username_username"), "admin"): Text 'admin' is set on object 'Object Repository/Page_Home page Log in to the site/input_Username_username'

2022-01-16 01:34:58 - [MESSAGE][PASSED] - Text 'admin' is set on object 'Object Repository/Page_Home page Log in to the site/input_Username_username'

2022-01-16 01:34:58 - [TEST_STEP][PASSED] - setEncryptedText(findTestObject("Page_Home page Log in to the site/input_Password_password"), "OFhcon1PzObx3ErJAwGfGA=="): Text ****** has been set on object 'Object Repository/Page_Home page Log in to the site/input_Password_password'

2022-01-16 01:34:58 - [MESSAGE][PASSED] - Text ****** has been set on object 'Object Repository/Page_Home page Log in to the site/input_Password_password'

2022-01-16 01:34:58 - [TEST_STEP][PASSED] - click(findTestObject("Page_Home page Log in to the site/button_Log in")): Object: 'Object Repository/Page_Home page Log in to the site/button_Log in' is clicked on

2022-01-16 01:35:00 - [MESSAGE][PASSED] - Object: 'Object Repository/Page_Home page Log in to the site/button_Log in' is clicked on

2022-01-16 01:35:00 - [TEST_STEP][PASSED] - click(findTestObject("Page_Dashboard/a_Site administration")): Object: 'Object Repository/Page_Dashboard/a_Site administration' is clicked on

2022-01-16 01:35:02 - [MESSAGE][PASSED] - Object: 'Object Repository/Page_Dashboard/a_Site administration' is clicked on

2022-01-16 01:35:02 - [TEST_STEP][PASSED] - click(findTestObject("Page_Group10 Administration Search/a_Users")): Object: 'Object Repository/Page_Group10 Administration Search/a_Users' is clicked on

2022-01-16 01:35:03 - [MESSAGE][PASSED] - Object: 'Object Repository/Page_Group10 Administration Search/a_Users' is clicked on

2022-01-16 01:35:03 - [TEST_STEP][PASSED] - click(findTestObject("Page_Group10 Administration Search/a_Define roles")): Object: 'Object Repository/Page_Group10 Administration Search/a_Define roles' is clicked on

2022-01-16 01:35:04 - [MESSAGE][PASSED] - Object: 'Object Repository/Page_Group10 Administration Search/a_Define roles' is clicked on

2022-01-16 01:35:04 - [TEST_STEP][PASSED] - click(findTestObject("Object Repository/Page_Group10 Administration Users Permissio_4e74a7/i_guest_icon fa fa-cog fa-fw")): Object: 'Object Repository/Page_Group10 Administration Users Permissio_4e74a7/i_guest_icon fa fa-cog fa-fw' is clicked on

2022-01-16 01:35:06 - [MESSAGE][PASSED] - Object: 'Object Repository/Page_Group10 Administration Users Permissio_4e74a7/i_guest_icon fa fa-cog fa-fw' is clicked on

2022-01-16 01:35:06 - [TEST_STEP][PASSED] - click(findTestObject("Object Repository/Page_Group10 Administration Users Permissio_4e74a7/input_Short name_shortname")): Object: 'Object Repository/Page_Group10 Administration Users Permissio_4e74a7/input_Short name_shortname' is clicked on

2022-01-16 01:35:06 - [MESSAGE][PASSED] - Object: 'Object Repository/Page_Group10 Administration Users Permissio_4e74a7/input_Short name_shortname' is clicked on

2022-01-16 01:35:06 - [TEST_STEP][PASSED] - setText(findTestObject("Object Repository/Page_Group10 Administration Users Permissio_4e74a7/input_Custom full name_name"), "Guest of Site"): Text 'Guest of Site' is set on object 'Object Repository/Page_Group10 Administration Users Permissio_4e74a7/input_Custom full name_name'

2022-01-16 01:35:07 - [MESSAGE][PASSED] - Text 'Guest of Site' is set on object 'Object Repository/Page_Group10 Administration Users Permissio_4e74a7/input_Custom full name_name'

2022-01-16 01:35:07 - [TEST_STEP][PASSED] - setText(findTestObject("Object Repository/Page_Group10 Administration Users Permissio_4e74a7/textarea_Custom description_description"), "this is the guest"): Text 'this is the guest' is set on object 'Object Repository/Page_Group10 Administration Users Permissio_4e74a7/textarea_Custom description_description'

2022-01-16 01:35:08 - [MESSAGE][PASSED] - Text 'this is the guest' is set on object 'Object Repository/Page_Group10 Administration Users Permissio_4e74a7/textarea_Custom description_description'

2022-01-16 01:35:08 - [TEST_STEP][PASSED] - click(findTestObject("Object Repository/Page_Group10 Administration Users Permissio_4e74a7/input_Context types where this role may be _9568cf")): Object: 'Object Repository/Page_Group10 Administration Users Permissio_4e74a7/input_Context types where this role may be _9568cf' is clicked on

2022-01-16 01:35:09 - [MESSAGE][PASSED] - Object: 'Object Repository/Page_Group10 Administration Users Permissio_4e74a7/input_Context types where this role may be _9568cf' is clicked on

2022-01-16 01:35:09 - [TEST_STEP][PASSED] - click(findTestObject("Object Repository/Page_Group10 Administration Users Permissio_4e74a7/input_concat(Editing role , , Guest, , )_sa_01291b")): Object: 'Object Repository/Page_Group10 Administration Users Permissio_4e74a7/input_concat(Editing role , , Guest, , )_sa_01291b' is clicked on

2022-01-16 01:35:10 - [MESSAGE][PASSED] - Object: 'Object Repository/Page_Group10 Administration Users Permissio_4e74a7/input_concat(Editing role , , Guest, , )_sa_01291b' is clicked on

2022-01-16 01:35:10 - [TEST_STEP][PASSED] - click(findTestObject("Page_Dashboard/a_Site administration")): Object: 'Object Repository/Page_Dashboard/a_Site administration' is clicked on

2022-01-16 01:35:12 - [MESSAGE][PASSED] - Object: 'Object Repository/Page_Dashboard/a_Site administration' is clicked on

2022-01-16 01:35:12 - [TEST_STEP][PASSED] - click(findTestObject("Page_Group10 Administration Search/a_Users")): Object: 'Object Repository/Page_Group10 Administration Search/a_Users' is clicked on

2022-01-16 01:35:12 - [MESSAGE][PASSED] - Object: 'Object Repository/Page_Group10 Administration Search/a_Users' is clicked on

2022-01-16 01:35:12 - [TEST_STEP][PASSED] - click(findTestObject("Page_Group10 Administration Search/a_Define roles")): Object: 'Object Repository/Page_Group10 Administration Search/a_Define roles' is clicked on

2022-01-16 01:35:14 - [MESSAGE][PASSED] - Object: 'Object Repository/Page_Group10 Administration Search/a_Define roles' is clicked on

2022-01-16 01:35:14 - [TEST_STEP][PASSED] - click(findTestObject("Object Repository/Page_Group10 Administration Users Permissio_4e74a7/i_guest_icon fa fa-cog fa-fw")): Object: 'Object Repository/Page_Group10 Administration Users Permissio_4e74a7/i_guest_icon fa fa-cog fa-fw' is clicked on

2022-01-16 01:35:15 - [MESSAGE][PASSED] - Object: 'Object Repository/Page_Group10 Administration Users Permissio_4e74a7/i_guest_icon fa fa-cog fa-fw' is clicked on

2022-01-16 01:35:15 - [TEST_STEP][PASSED] - click(findTestObject("Object Repository/Page_Group10 Administration Users Permissio_4e74a7/div_Custom full name")): Object: 'Object Repository/Page_Group10 Administration Users Permissio_4e74a7/div_Custom full name' is clicked on

2022-01-16 01:35:16 - [MESSAGE][PASSED] - Object: 'Object Repository/Page_Group10 Administration Users Permissio_4e74a7/div_Custom full name' is clicked on

2022-01-16 01:35:16 - [TEST_STEP][PASSED] - setText(findTestObject("Object Repository/Page_Group10 Administration Users Permissio_4e74a7/input_Custom full name_name"), ""): Text '' is set on object 'Object Repository/Page_Group10 Administration Users Permissio_4e74a7/input_Custom full name_name'

2022-01-16 01:35:17 - [MESSAGE][PASSED] - Text '' is set on object 'Object Repository/Page_Group10 Administration Users Permissio_4e74a7/input_Custom full name_name'

2022-01-16 01:35:17 - [TEST_STEP][PASSED] - setText(findTestObject("Object Repository/Page_Group10 Administration Users Permissio_4e74a7/textarea_this is the guest"), ""): Text '' is set on object 'Object Repository/Page_Group10 Administration Users Permissio_4e74a7/textarea_this is the guest'

2022-01-16 01:35:18 - [MESSAGE][PASSED] - Text '' is set on object 'Object Repository/Page_Group10 Administration Users Permissio_4e74a7/textarea_this is the guest'

2022-01-16 01:35:18 - [TEST_STEP][PASSED] - click(findTestObject("Object Repository/Page_Group10 Administration Users Permissio_4e74a7/input_concat(Editing role , , Guest, , )_sa_01291b")): Object: 'Object Repository/Page_Group10 Administration Users Permissio_4e74a7/input_concat(Editing role , , Guest, , )_sa_01291b' is clicked on

2022-01-16 01:35:19 - [MESSAGE][PASSED] - Object: 'Object Repository/Page_Group10 Administration Users Permissio_4e74a7/input_concat(Editing role , , Guest, , )_sa_01291b' is clicked on

2022-01-16 01:35:19 - [TEST_STEP][PASSED] - click(findTestObject("Object Repository/Page_Group10 Administration Users Permissio_4e74a7/a_AU")): Object: 'Object Repository/Page_Group10 Administration Users Permissio_4e74a7/a_AU' is clicked on

2022-01-16 01:35:20 - [MESSAGE][PASSED] - Object: 'Object Repository/Page_Group10 Administration Users Permissio_4e74a7/a_AU' is clicked on

2022-01-16 01:35:20 - [TEST_STEP][PASSED] - click(findTestObject("Object Repository/Page_Group10 Administration Users Permissio_4e74a7/a_Log out")): Object: 'Object Repository/Page_Group10 Administration Users Permissio_4e74a7/a_Log out' is clicked on

2022-01-16 01:35:21 - [MESSAGE][PASSED] - Object: 'Object Repository/Page_Group10 Administration Users Permissio_4e74a7/a_Log out' is clicked on

2022-01-16 01:35:21 - [TEST_STEP][PASSED] - closeBrowser(): Browser is closed

2022-01-16 01:35:21 - [MESSAGE][PASSED] - Browser is closed]]></system-out>
         <system-err><![CDATA[]]></system-err>
      </testcase>
      <testcase name="Test Cases/Add a new role - ADMIN" time="30.144" classname="Test Cases/Add a new role - ADMIN" status="PASSED">
         <system-out><![CDATA[2022-01-16 01:35:21 - [TEST_CASE][PASSED] - Test Cases/Add a new role - ADMIN: Test Cases/Add a new role - ADMIN

2022-01-16 01:35:22 - [TEST_STEP][PASSED] - openBrowser(""): Browser is opened with url: ''

2022-01-16 01:35:22 - [MESSAGE][INFO] - Starting 'Edge Chromium' driver

2022-01-16 01:35:24 - [MESSAGE][INFO] - Action delay is set to 0 milliseconds

2022-01-16 01:35:25 - [MESSAGE][PASSED] - Browser is opened with url: ''

2022-01-16 01:35:25 - [TEST_STEP][PASSED] - navigateToUrl("http://localhost/"): Navigate to 'http://localhost/' successfully

2022-01-16 01:35:26 - [MESSAGE][PASSED] - Navigate to 'http://localhost/' successfully

2022-01-16 01:35:26 - [TEST_STEP][PASSED] - click(findTestObject("Page_Home page/a_Log in")): Object: 'Object Repository/Page_Home page/a_Log in' is clicked on

2022-01-16 01:35:27 - [MESSAGE][PASSED] - Object: 'Object Repository/Page_Home page/a_Log in' is clicked on

2022-01-16 01:35:27 - [TEST_STEP][PASSED] - setText(findTestObject("Page_Home page Log in to the site/input_Username_username"), "admin"): Text 'admin' is set on object 'Object Repository/Page_Home page Log in to the site/input_Username_username'

2022-01-16 01:35:28 - [MESSAGE][PASSED] - Text 'admin' is set on object 'Object Repository/Page_Home page Log in to the site/input_Username_username'

2022-01-16 01:35:28 - [TEST_STEP][PASSED] - setEncryptedText(findTestObject("Page_Home page Log in to the site/input_Password_password"), "OFhcon1PzObx3ErJAwGfGA=="): Text ****** has been set on object 'Object Repository/Page_Home page Log in to the site/input_Password_password'

2022-01-16 01:35:28 - [MESSAGE][PASSED] - Text ****** has been set on object 'Object Repository/Page_Home page Log in to the site/input_Password_password'

2022-01-16 01:35:28 - [TEST_STEP][PASSED] - click(findTestObject("Page_Home page Log in to the site/button_Log in")): Object: 'Object Repository/Page_Home page Log in to the site/button_Log in' is clicked on

2022-01-16 01:35:30 - [MESSAGE][PASSED] - Object: 'Object Repository/Page_Home page Log in to the site/button_Log in' is clicked on

2022-01-16 01:35:30 - [TEST_STEP][PASSED] - click(findTestObject("Page_Dashboard/a_Site administration")): Object: 'Object Repository/Page_Dashboard/a_Site administration' is clicked on

2022-01-16 01:35:33 - [MESSAGE][PASSED] - Object: 'Object Repository/Page_Dashboard/a_Site administration' is clicked on

2022-01-16 01:35:33 - [TEST_STEP][PASSED] - click(findTestObject("Page_Group10 Administration Search/a_Users")): Object: 'Object Repository/Page_Group10 Administration Search/a_Users' is clicked on

2022-01-16 01:35:33 - [MESSAGE][PASSED] - Object: 'Object Repository/Page_Group10 Administration Search/a_Users' is clicked on

2022-01-16 01:35:33 - [TEST_STEP][PASSED] - click(findTestObject("Page_Group10 Administration Search/a_Define roles")): Object: 'Object Repository/Page_Group10 Administration Search/a_Define roles' is clicked on

2022-01-16 01:35:34 - [MESSAGE][PASSED] - Object: 'Object Repository/Page_Group10 Administration Search/a_Define roles' is clicked on

2022-01-16 01:35:34 - [TEST_STEP][PASSED] - click(findTestObject("Object Repository/Page_Group10 Administration Users Permissio_4e74a7/button_Add a new role")): Object: 'Object Repository/Page_Group10 Administration Users Permissio_4e74a7/button_Add a new role' is clicked on

2022-01-16 01:35:36 - [MESSAGE][PASSED] - Object: 'Object Repository/Page_Group10 Administration Users Permissio_4e74a7/button_Add a new role' is clicked on

2022-01-16 01:35:36 - [TEST_STEP][PASSED] - selectOptionByValue(findTestObject("Object Repository/Page_Group10 Administration Users Permissio_4e74a7/select_No role                        Manag_ae1fc0"), "guest", true): All options with value 'guest' are selected in object 'Object Repository/Page_Group10 Administration Users Permissio_4e74a7/select_No role                        Manag_ae1fc0'  using regular expression

2022-01-16 01:35:38 - [MESSAGE][PASSED] - All options with value 'guest' are selected in object 'Object Repository/Page_Group10 Administration Users Permissio_4e74a7/select_No role                        Manag_ae1fc0'  using regular expression

2022-01-16 01:35:38 - [TEST_STEP][PASSED] - click(findTestObject("Object Repository/Page_Group10 Administration Users Permissio_4e74a7/input_Drop files here to upload_submitbutton")): Object: 'Object Repository/Page_Group10 Administration Users Permissio_4e74a7/input_Drop files here to upload_submitbutton' is clicked on

2022-01-16 01:35:40 - [MESSAGE][PASSED] - Object: 'Object Repository/Page_Group10 Administration Users Permissio_4e74a7/input_Drop files here to upload_submitbutton' is clicked on

2022-01-16 01:35:40 - [TEST_STEP][PASSED] - setText(findTestObject("Page_Group10 Administration Users Permissio_4e74a7/input_Short name_shortname"), "guesttest"): Text 'guesttest' is set on object 'Object Repository/Page_Group10 Administration Users Permissio_4e74a7/input_Short name_shortname'

2022-01-16 01:35:41 - [MESSAGE][PASSED] - Text 'guesttest' is set on object 'Object Repository/Page_Group10 Administration Users Permissio_4e74a7/input_Short name_shortname'

2022-01-16 01:35:41 - [TEST_STEP][PASSED] - setText(findTestObject("Page_Group10 Administration Users Permissio_4e74a7/input_Custom full name_name"), "Guest For Test"): Text 'Guest For Test' is set on object 'Object Repository/Page_Group10 Administration Users Permissio_4e74a7/input_Custom full name_name'

2022-01-16 01:35:42 - [MESSAGE][PASSED] - Text 'Guest For Test' is set on object 'Object Repository/Page_Group10 Administration Users Permissio_4e74a7/input_Custom full name_name'

2022-01-16 01:35:42 - [TEST_STEP][PASSED] - setText(findTestObject("Page_Group10 Administration Users Permissio_4e74a7/textarea_Custom description_description"), "This is role for testing automation"): Text 'This is role for testing automation' is set on object 'Object Repository/Page_Group10 Administration Users Permissio_4e74a7/textarea_Custom description_description'

2022-01-16 01:35:42 - [MESSAGE][PASSED] - Text 'This is role for testing automation' is set on object 'Object Repository/Page_Group10 Administration Users Permissio_4e74a7/textarea_Custom description_description'

2022-01-16 01:35:42 - [TEST_STEP][PASSED] - click(findTestObject("Page_Group10 Administration Users Permissio_4e74a7/input_Context types where this role may be _9568cf")): Object: 'Object Repository/Page_Group10 Administration Users Permissio_4e74a7/input_Context types where this role may be _9568cf' is clicked on

2022-01-16 01:35:43 - [MESSAGE][PASSED] - Object: 'Object Repository/Page_Group10 Administration Users Permissio_4e74a7/input_Context types where this role may be _9568cf' is clicked on

2022-01-16 01:35:43 - [TEST_STEP][PASSED] - click(findTestObject("Object Repository/Page_Group10 Administration Users Permissio_4e74a7/input_Adding a new role_savechanges")): Object: 'Object Repository/Page_Group10 Administration Users Permissio_4e74a7/input_Adding a new role_savechanges' is clicked on

2022-01-16 01:35:45 - [MESSAGE][PASSED] - Object: 'Object Repository/Page_Group10 Administration Users Permissio_4e74a7/input_Adding a new role_savechanges' is clicked on

2022-01-16 01:35:45 - [TEST_STEP][PASSED] - click(findTestObject("Object Repository/Page_Group10 Administration Users Permissio_4e74a7/button_List all roles")): Object: 'Object Repository/Page_Group10 Administration Users Permissio_4e74a7/button_List all roles' is clicked on

2022-01-16 01:35:46 - [MESSAGE][PASSED] - Object: 'Object Repository/Page_Group10 Administration Users Permissio_4e74a7/button_List all roles' is clicked on

2022-01-16 01:35:46 - [TEST_STEP][PASSED] - click(findTestObject("Object Repository/Page_Group10 Administration Users Permissio_4e74a7/i_guesttest_icon fa fa-trash fa-fw")): Object: 'Object Repository/Page_Group10 Administration Users Permissio_4e74a7/i_guesttest_icon fa fa-trash fa-fw' is clicked on

2022-01-16 01:35:48 - [MESSAGE][PASSED] - Object: 'Object Repository/Page_Group10 Administration Users Permissio_4e74a7/i_guesttest_icon fa fa-trash fa-fw' is clicked on

2022-01-16 01:35:48 - [TEST_STEP][PASSED] - click(findTestObject("Object Repository/Page_Group10 Administration Users Permissio_4e74a7/button_Yes")): Object: 'Object Repository/Page_Group10 Administration Users Permissio_4e74a7/button_Yes' is clicked on

2022-01-16 01:35:49 - [MESSAGE][PASSED] - Object: 'Object Repository/Page_Group10 Administration Users Permissio_4e74a7/button_Yes' is clicked on

2022-01-16 01:35:49 - [TEST_STEP][PASSED] - click(findTestObject("Page_Group10 Administration Users Permissio_4e74a7/a_AU")): Object: 'Object Repository/Page_Group10 Administration Users Permissio_4e74a7/a_AU' is clicked on

2022-01-16 01:35:50 - [MESSAGE][PASSED] - Object: 'Object Repository/Page_Group10 Administration Users Permissio_4e74a7/a_AU' is clicked on

2022-01-16 01:35:50 - [TEST_STEP][PASSED] - click(findTestObject("Page_Group10 Administration Users Permissio_4e74a7/a_Log out")): Object: 'Object Repository/Page_Group10 Administration Users Permissio_4e74a7/a_Log out' is clicked on

2022-01-16 01:35:51 - [MESSAGE][PASSED] - Object: 'Object Repository/Page_Group10 Administration Users Permissio_4e74a7/a_Log out' is clicked on

2022-01-16 01:35:51 - [TEST_STEP][PASSED] - closeBrowser(): Browser is closed

2022-01-16 01:35:52 - [MESSAGE][PASSED] - Browser is closed]]></system-out>
         <system-err><![CDATA[]]></system-err>
      </testcase>
      <testcase name="Test Cases/Add a discussion topic - ADMIN" time="26.02" classname="Test Cases/Add a discussion topic - ADMIN" status="PASSED">
         <system-out><![CDATA[2022-01-16 01:35:52 - [TEST_CASE][PASSED] - Test Cases/Add a discussion topic - ADMIN: Test Cases/Add a discussion topic - ADMIN

2022-01-16 01:35:52 - [TEST_STEP][PASSED] - openBrowser(""): Browser is opened with url: ''

2022-01-16 01:35:52 - [MESSAGE][INFO] - Starting 'Edge Chromium' driver

2022-01-16 01:35:54 - [MESSAGE][INFO] - Action delay is set to 0 milliseconds

2022-01-16 01:35:55 - [MESSAGE][PASSED] - Browser is opened with url: ''

2022-01-16 01:35:55 - [TEST_STEP][PASSED] - navigateToUrl("http://localhost/"): Navigate to 'http://localhost/' successfully

2022-01-16 01:35:56 - [MESSAGE][PASSED] - Navigate to 'http://localhost/' successfully

2022-01-16 01:35:56 - [TEST_STEP][PASSED] - click(findTestObject("Page_Home page/a_Log in")): Object: 'Object Repository/Page_Home page/a_Log in' is clicked on

2022-01-16 01:35:57 - [MESSAGE][PASSED] - Object: 'Object Repository/Page_Home page/a_Log in' is clicked on

2022-01-16 01:35:57 - [TEST_STEP][PASSED] - setText(findTestObject("Page_Home page Log in to the site/input_Username_username"), "admin"): Text 'admin' is set on object 'Object Repository/Page_Home page Log in to the site/input_Username_username'

2022-01-16 01:35:58 - [MESSAGE][PASSED] - Text 'admin' is set on object 'Object Repository/Page_Home page Log in to the site/input_Username_username'

2022-01-16 01:35:58 - [TEST_STEP][PASSED] - setEncryptedText(findTestObject("Page_Home page Log in to the site/input_Password_password"), "OFhcon1PzObx3ErJAwGfGA=="): Text ****** has been set on object 'Object Repository/Page_Home page Log in to the site/input_Password_password'

2022-01-16 01:35:59 - [MESSAGE][PASSED] - Text ****** has been set on object 'Object Repository/Page_Home page Log in to the site/input_Password_password'

2022-01-16 01:35:59 - [TEST_STEP][PASSED] - click(findTestObject("Page_Home page Log in to the site/button_Log in")): Object: 'Object Repository/Page_Home page Log in to the site/button_Log in' is clicked on

2022-01-16 01:36:00 - [MESSAGE][PASSED] - Object: 'Object Repository/Page_Home page Log in to the site/button_Log in' is clicked on

2022-01-16 01:36:00 - [TEST_STEP][PASSED] - click(findTestObject("forum/Page_Dashboard/a_Home")): Object: 'Object Repository/forum/Page_Dashboard/a_Home' is clicked on

2022-01-16 01:36:03 - [MESSAGE][PASSED] - Object: 'Object Repository/forum/Page_Dashboard/a_Home' is clicked on

2022-01-16 01:36:03 - [TEST_STEP][PASSED] - click(findTestObject("Object Repository/forum/Page_Home page/a_Add a new topic")): Object: 'Object Repository/forum/Page_Home page/a_Add a new topic' is clicked on

2022-01-16 01:36:04 - [MESSAGE][PASSED] - Object: 'Object Repository/forum/Page_Home page/a_Add a new topic' is clicked on

2022-01-16 01:36:04 - [TEST_STEP][PASSED] - setText(findTestObject("Object Repository/forum/Page_Home page/input_Subject_subject"), "Testing add new topic"): Text 'Testing add new topic' is set on object 'Object Repository/forum/Page_Home page/input_Subject_subject'

2022-01-16 01:36:04 - [MESSAGE][PASSED] - Text 'Testing add new topic' is set on object 'Object Repository/forum/Page_Home page/input_Subject_subject'

2022-01-16 01:36:04 - [TEST_STEP][PASSED] - click(findTestObject("Object Repository/forum/Page_Home page/p")): Object: 'Object Repository/forum/Page_Home page/p' is clicked on

2022-01-16 01:36:05 - [MESSAGE][PASSED] - Object: 'Object Repository/forum/Page_Home page/p' is clicked on

2022-01-16 01:36:05 - [TEST_STEP][PASSED] - setText(findTestObject("Object Repository/forum/Page_Home page/div_Hello this is a new topic"), "Hello this is a new topic"): Text 'Hello this is a new topic' is set on object 'Object Repository/forum/Page_Home page/div_Hello this is a new topic'

2022-01-16 01:36:06 - [MESSAGE][PASSED] - Text 'Hello this is a new topic' is set on object 'Object Repository/forum/Page_Home page/div_Hello this is a new topic'

2022-01-16 01:36:06 - [TEST_STEP][PASSED] - click(findTestObject("Object Repository/forum/Page_Home page/input_Rich text editor_submitbutton")): Object: 'Object Repository/forum/Page_Home page/input_Rich text editor_submitbutton' is clicked on

2022-01-16 01:36:08 - [MESSAGE][PASSED] - Object: 'Object Repository/forum/Page_Home page/input_Rich text editor_submitbutton' is clicked on

2022-01-16 01:36:08 - [TEST_STEP][PASSED] - click(findTestObject("Object Repository/forum/Page_Site announcements/a_Testing add new topic")): Object: 'Object Repository/forum/Page_Site announcements/a_Testing add new topic' is clicked on

2022-01-16 01:36:09 - [MESSAGE][PASSED] - Object: 'Object Repository/forum/Page_Site announcements/a_Testing add new topic' is clicked on

2022-01-16 01:36:09 - [TEST_STEP][PASSED] - click(findTestObject("Object Repository/forum/Page_Group10 Testing add new topic/a_Home")): Object: 'Object Repository/forum/Page_Group10 Testing add new topic/a_Home' is clicked on

2022-01-16 01:36:11 - [MESSAGE][PASSED] - Object: 'Object Repository/forum/Page_Group10 Testing add new topic/a_Home' is clicked on

2022-01-16 01:36:11 - [TEST_STEP][PASSED] - click(findTestObject("Object Repository/forum/Page_Home page/a_Discuss this topic")): Object: 'Object Repository/forum/Page_Home page/a_Discuss this topic' is clicked on

2022-01-16 01:36:12 - [MESSAGE][PASSED] - Object: 'Object Repository/forum/Page_Home page/a_Discuss this topic' is clicked on

2022-01-16 01:36:12 - [TEST_STEP][PASSED] - click(findTestObject("Object Repository/forum/Page_Group10 Testing add new topic/a_Delete")): Object: 'Object Repository/forum/Page_Group10 Testing add new topic/a_Delete' is clicked on

2022-01-16 01:36:13 - [MESSAGE][PASSED] - Object: 'Object Repository/forum/Page_Group10 Testing add new topic/a_Delete' is clicked on

2022-01-16 01:36:13 - [TEST_STEP][PASSED] - click(findTestObject("Object Repository/forum/Page_Group10/button_Continue")): Object: 'Object Repository/forum/Page_Group10/button_Continue' is clicked on

2022-01-16 01:36:15 - [MESSAGE][PASSED] - Object: 'Object Repository/forum/Page_Group10/button_Continue' is clicked on

2022-01-16 01:36:15 - [TEST_STEP][PASSED] - click(findTestObject("Object Repository/forum/Page_Site announcements/a_AU")): Object: 'Object Repository/forum/Page_Site announcements/a_AU' is clicked on

2022-01-16 01:36:16 - [MESSAGE][PASSED] - Object: 'Object Repository/forum/Page_Site announcements/a_AU' is clicked on

2022-01-16 01:36:16 - [TEST_STEP][PASSED] - click(findTestObject("Object Repository/forum/Page_Site announcements/a_Log out")): Object: 'Object Repository/forum/Page_Site announcements/a_Log out' is clicked on

2022-01-16 01:36:17 - [MESSAGE][PASSED] - Object: 'Object Repository/forum/Page_Site announcements/a_Log out' is clicked on

2022-01-16 01:36:17 - [TEST_STEP][PASSED] - closeBrowser(): Browser is closed

2022-01-16 01:36:18 - [MESSAGE][PASSED] - Browser is closed]]></system-out>
         <system-err><![CDATA[]]></system-err>
      </testcase>
      <testcase name="Test Cases/Subscribe to forum - ADMIN" time="20.309" classname="Test Cases/Subscribe to forum - ADMIN" status="PASSED">
         <system-out><![CDATA[2022-01-16 01:36:18 - [TEST_CASE][PASSED] - Test Cases/Subscribe to forum - ADMIN: Test Cases/Subscribe to forum - ADMIN

2022-01-16 01:36:18 - [TEST_STEP][PASSED] - openBrowser(""): Browser is opened with url: ''

2022-01-16 01:36:18 - [MESSAGE][INFO] - Starting 'Edge Chromium' driver

2022-01-16 01:36:20 - [MESSAGE][INFO] - Action delay is set to 0 milliseconds

2022-01-16 01:36:21 - [MESSAGE][PASSED] - Browser is opened with url: ''

2022-01-16 01:36:21 - [TEST_STEP][PASSED] - navigateToUrl("http://localhost/"): Navigate to 'http://localhost/' successfully

2022-01-16 01:36:22 - [MESSAGE][PASSED] - Navigate to 'http://localhost/' successfully

2022-01-16 01:36:22 - [TEST_STEP][PASSED] - click(findTestObject("Object Repository/forum/Page_Home page/a_Log in")): Object: 'Object Repository/forum/Page_Home page/a_Log in' is clicked on

2022-01-16 01:36:23 - [MESSAGE][PASSED] - Object: 'Object Repository/forum/Page_Home page/a_Log in' is clicked on

2022-01-16 01:36:23 - [TEST_STEP][PASSED] - setText(findTestObject("Object Repository/forum/Page_Home page Log in to the site/input_Username_username"), "admin"): Text 'admin' is set on object 'Object Repository/forum/Page_Home page Log in to the site/input_Username_username'

2022-01-16 01:36:24 - [MESSAGE][PASSED] - Text 'admin' is set on object 'Object Repository/forum/Page_Home page Log in to the site/input_Username_username'

2022-01-16 01:36:24 - [TEST_STEP][PASSED] - setEncryptedText(findTestObject("Object Repository/forum/Page_Home page Log in to the site/input_Password_password"), "OFhcon1PzObx3ErJAwGfGA=="): Text ****** has been set on object 'Object Repository/forum/Page_Home page Log in to the site/input_Password_password'

2022-01-16 01:36:25 - [MESSAGE][PASSED] - Text ****** has been set on object 'Object Repository/forum/Page_Home page Log in to the site/input_Password_password'

2022-01-16 01:36:25 - [TEST_STEP][PASSED] - click(findTestObject("Object Repository/forum/Page_Home page Log in to the site/button_Log in")): Object: 'Object Repository/forum/Page_Home page Log in to the site/button_Log in' is clicked on

2022-01-16 01:36:26 - [MESSAGE][PASSED] - Object: 'Object Repository/forum/Page_Home page Log in to the site/button_Log in' is clicked on

2022-01-16 01:36:26 - [TEST_STEP][PASSED] - click(findTestObject("Object Repository/forum/Page_Dashboard/a_Home")): Object: 'Object Repository/forum/Page_Dashboard/a_Home' is clicked on

2022-01-16 01:36:29 - [MESSAGE][PASSED] - Object: 'Object Repository/forum/Page_Dashboard/a_Home' is clicked on

2022-01-16 01:36:29 - [TEST_STEP][PASSED] - click(findTestObject("Object Repository/forum/Page_Home page/a_Subscribe to forum")): Object: 'Object Repository/forum/Page_Home page/a_Subscribe to forum' is clicked on

2022-01-16 01:36:30 - [MESSAGE][PASSED] - Object: 'Object Repository/forum/Page_Home page/a_Subscribe to forum' is clicked on

2022-01-16 01:36:30 - [TEST_STEP][PASSED] - click(findTestObject("Object Repository/forum/Page_Site announcements/a_Subscriptions")): Object: 'Object Repository/forum/Page_Site announcements/a_Subscriptions' is clicked on

2022-01-16 01:36:32 - [MESSAGE][PASSED] - Object: 'Object Repository/forum/Page_Site announcements/a_Subscriptions' is clicked on

2022-01-16 01:36:32 - [TEST_STEP][PASSED] - click(findTestObject("Object Repository/forum/Page_Subscribers/a_Forum")): Object: 'Object Repository/forum/Page_Subscribers/a_Forum' is clicked on

2022-01-16 01:36:33 - [MESSAGE][PASSED] - Object: 'Object Repository/forum/Page_Subscribers/a_Forum' is clicked on

2022-01-16 01:36:33 - [TEST_STEP][PASSED] - click(findTestObject("Object Repository/forum/Page_Site announcements/a_Unsubscribe from forum")): Object: 'Object Repository/forum/Page_Site announcements/a_Unsubscribe from forum' is clicked on

2022-01-16 01:36:34 - [MESSAGE][PASSED] - Object: 'Object Repository/forum/Page_Site announcements/a_Unsubscribe from forum' is clicked on

2022-01-16 01:36:34 - [TEST_STEP][PASSED] - click(findTestObject("Object Repository/forum/Page_Site announcements/a_Subscriptions_1")): Object: 'Object Repository/forum/Page_Site announcements/a_Subscriptions_1' is clicked on

2022-01-16 01:36:36 - [MESSAGE][PASSED] - Object: 'Object Repository/forum/Page_Site announcements/a_Subscriptions_1' is clicked on

2022-01-16 01:36:36 - [TEST_STEP][PASSED] - click(findTestObject("Object Repository/forum/Page_Subscribers/a_AU")): Object: 'Object Repository/forum/Page_Subscribers/a_AU' is clicked on

2022-01-16 01:36:36 - [MESSAGE][PASSED] - Object: 'Object Repository/forum/Page_Subscribers/a_AU' is clicked on

2022-01-16 01:36:36 - [TEST_STEP][PASSED] - click(findTestObject("Object Repository/forum/Page_Subscribers/a_Log out")): Object: 'Object Repository/forum/Page_Subscribers/a_Log out' is clicked on

2022-01-16 01:36:37 - [MESSAGE][PASSED] - Object: 'Object Repository/forum/Page_Subscribers/a_Log out' is clicked on

2022-01-16 01:36:37 - [TEST_STEP][PASSED] - closeBrowser(): Browser is closed

2022-01-16 01:36:38 - [MESSAGE][PASSED] - Browser is closed]]></system-out>
         <system-err><![CDATA[]]></system-err>
      </testcase>
      <testcase name="Test Cases/Enroll teacher into course" time="59.271" classname="Test Cases/Enroll teacher into course" status="PASSED">
         <system-out><![CDATA[2022-01-16 01:36:38 - [TEST_CASE][PASSED] - Test Cases/Enroll teacher into course: Test Cases/Enroll teacher into course

2022-01-16 01:36:38 - [TEST_STEP][PASSED] - openBrowser(""): Browser is opened with url: ''

2022-01-16 01:36:38 - [MESSAGE][INFO] - Starting 'Edge Chromium' driver

2022-01-16 01:36:41 - [MESSAGE][INFO] - Action delay is set to 0 milliseconds

2022-01-16 01:36:41 - [MESSAGE][PASSED] - Browser is opened with url: ''

2022-01-16 01:36:41 - [TEST_STEP][PASSED] - navigateToUrl("http://localhost/"): Navigate to 'http://localhost/' successfully

2022-01-16 01:36:42 - [MESSAGE][PASSED] - Navigate to 'http://localhost/' successfully

2022-01-16 01:36:42 - [TEST_STEP][PASSED] - click(findTestObject("Page_Home page/a_Log in")): Object: 'Object Repository/Page_Home page/a_Log in' is clicked on

2022-01-16 01:36:44 - [MESSAGE][PASSED] - Object: 'Object Repository/Page_Home page/a_Log in' is clicked on

2022-01-16 01:36:44 - [TEST_STEP][PASSED] - setText(findTestObject("Page_Home page Log in to the site/input_Username_username"), "admin"): Text 'admin' is set on object 'Object Repository/Page_Home page Log in to the site/input_Username_username'

2022-01-16 01:36:45 - [MESSAGE][PASSED] - Text 'admin' is set on object 'Object Repository/Page_Home page Log in to the site/input_Username_username'

2022-01-16 01:36:45 - [TEST_STEP][PASSED] - setEncryptedText(findTestObject("Page_Home page Log in to the site/input_Password_password"), "OFhcon1PzObx3ErJAwGfGA=="): Text ****** has been set on object 'Object Repository/Page_Home page Log in to the site/input_Password_password'

2022-01-16 01:36:45 - [MESSAGE][PASSED] - Text ****** has been set on object 'Object Repository/Page_Home page Log in to the site/input_Password_password'

2022-01-16 01:36:45 - [TEST_STEP][PASSED] - click(findTestObject("Page_Home page Log in to the site/button_Log in")): Object: 'Object Repository/Page_Home page Log in to the site/button_Log in' is clicked on

2022-01-16 01:36:47 - [MESSAGE][PASSED] - Object: 'Object Repository/Page_Home page Log in to the site/button_Log in' is clicked on

2022-01-16 01:36:47 - [TEST_STEP][PASSED] - click(findTestObject("Object Repository/Page_TA Participants/a_My courses")): Object: 'Object Repository/Page_TA Participants/a_My courses' is clicked on

2022-01-16 01:36:49 - [MESSAGE][PASSED] - Object: 'Object Repository/Page_TA Participants/a_My courses' is clicked on

2022-01-16 01:36:49 - [TEST_STEP][PASSED] - click(findTestObject("Object Repository/Page_My courses/span_H quan tri c s d liu")): Object: 'Object Repository/Page_My courses/span_H quan tri c s d liu' is clicked on

2022-01-16 01:36:51 - [MESSAGE][PASSED] - Object: 'Object Repository/Page_My courses/span_H quan tri c s d liu' is clicked on

2022-01-16 01:36:51 - [TEST_STEP][PASSED] - click(findTestObject("Object Repository/Page_Course H quan tri c s d liu/a_Participants")): Object: 'Object Repository/Page_Course H quan tri c s d liu/a_Participants' is clicked on

2022-01-16 01:36:53 - [MESSAGE][PASSED] - Object: 'Object Repository/Page_Course H quan tri c s d liu/a_Participants' is clicked on

2022-01-16 01:36:53 - [TEST_STEP][PASSED] - click(findTestObject("Page_HQTCSDL Participants/input_Participants tertiary navigation_btn btn-primary")): Object: 'Object Repository/Page_HQTCSDL Participants/input_Participants tertiary navigation_btn btn-primary' is clicked on

2022-01-16 01:36:53 - [MESSAGE][PASSED] - Object: 'Object Repository/Page_HQTCSDL Participants/input_Participants tertiary navigation_btn btn-primary' is clicked on

2022-01-16 01:36:53 - [TEST_STEP][PASSED] - click(findTestObject("Page_HQTCSDL Participants/span_")): Object: 'Object Repository/Page_HQTCSDL Participants/span_' is clicked on

2022-01-16 01:36:55 - [MESSAGE][PASSED] - Object: 'Object Repository/Page_HQTCSDL Participants/span_' is clicked on

2022-01-16 01:36:55 - [TEST_STEP][PASSED] - click(findTestObject("Page_HQTCSDL Participants/li_Nguyen Nga    teacher1email.com")): Object: 'Object Repository/Page_HQTCSDL Participants/li_Nguyen Nga    teacher1email.com' is clicked on

2022-01-16 01:36:56 - [MESSAGE][PASSED] - Object: 'Object Repository/Page_HQTCSDL Participants/li_Nguyen Nga    teacher1email.com' is clicked on

2022-01-16 01:36:56 - [TEST_STEP][PASSED] - click(findTestObject("Object Repository/Page_HQTCSDL Participants/div_Assign role")): Object: 'Object Repository/Page_HQTCSDL Participants/div_Assign role' is clicked on

2022-01-16 01:36:57 - [MESSAGE][PASSED] - Object: 'Object Repository/Page_HQTCSDL Participants/div_Assign role' is clicked on

2022-01-16 01:36:57 - [TEST_STEP][PASSED] - selectOptionByLabel(findTestObject("Page_HQTCSDL Participants/select_Manager            Teacher          _ffc00f"), "Teacher", false): All options with label 'Teacher' are selected in object 'Object Repository/Page_HQTCSDL Participants/select_Manager            Teacher          _ffc00f' 

2022-01-16 01:36:58 - [MESSAGE][PASSED] - All options with label 'Teacher' are selected in object 'Object Repository/Page_HQTCSDL Participants/select_Manager            Teacher          _ffc00f' 

2022-01-16 01:36:58 - [TEST_STEP][PASSED] - click(findTestObject("Object Repository/Page_HQTCSDL Participants/button_Enrol users")): Object: 'Object Repository/Page_HQTCSDL Participants/button_Enrol users' is clicked on

2022-01-16 01:36:58 - [MESSAGE][PASSED] - Object: 'Object Repository/Page_HQTCSDL Participants/button_Enrol users' is clicked on

2022-01-16 01:36:58 - [TEST_STEP][PASSED] - click(findTestObject("Object Repository/Page_TA Participants/a_My courses")): Object: 'Object Repository/Page_TA Participants/a_My courses' is clicked on

2022-01-16 01:37:04 - [MESSAGE][PASSED] - Object: 'Object Repository/Page_TA Participants/a_My courses' is clicked on

2022-01-16 01:37:04 - [TEST_STEP][PASSED] - click(findTestObject("Page_My courses/span_Test Automation")): Object: 'Object Repository/Page_My courses/span_Test Automation' is clicked on

2022-01-16 01:37:06 - [MESSAGE][PASSED] - Object: 'Object Repository/Page_My courses/span_Test Automation' is clicked on

2022-01-16 01:37:06 - [TEST_STEP][PASSED] - click(findTestObject("Object Repository/Page_Course H quan tri c s d liu/a_Participants")): Object: 'Object Repository/Page_Course H quan tri c s d liu/a_Participants' is clicked on

2022-01-16 01:37:08 - [MESSAGE][PASSED] - Object: 'Object Repository/Page_Course H quan tri c s d liu/a_Participants' is clicked on

2022-01-16 01:37:08 - [TEST_STEP][PASSED] - click(findTestObject("Page_HQTCSDL Participants/input_Participants tertiary navigation_btn btn-primary")): Object: 'Object Repository/Page_HQTCSDL Participants/input_Participants tertiary navigation_btn btn-primary' is clicked on

2022-01-16 01:37:08 - [MESSAGE][PASSED] - Object: 'Object Repository/Page_HQTCSDL Participants/input_Participants tertiary navigation_btn btn-primary' is clicked on

2022-01-16 01:37:08 - [TEST_STEP][PASSED] - click(findTestObject("Page_HQTCSDL Participants/span_")): Object: 'Object Repository/Page_HQTCSDL Participants/span_' is clicked on

2022-01-16 01:37:10 - [MESSAGE][PASSED] - Object: 'Object Repository/Page_HQTCSDL Participants/span_' is clicked on

2022-01-16 01:37:10 - [TEST_STEP][PASSED] - click(findTestObject("Page_HQTCSDL Participants/li_Nguyen Nga    teacher1email.com")): Object: 'Object Repository/Page_HQTCSDL Participants/li_Nguyen Nga    teacher1email.com' is clicked on

2022-01-16 01:37:11 - [MESSAGE][PASSED] - Object: 'Object Repository/Page_HQTCSDL Participants/li_Nguyen Nga    teacher1email.com' is clicked on

2022-01-16 01:37:11 - [TEST_STEP][PASSED] - click(findTestObject("Object Repository/Page_HQTCSDL Participants/div_Assign role")): Object: 'Object Repository/Page_HQTCSDL Participants/div_Assign role' is clicked on

2022-01-16 01:37:12 - [MESSAGE][PASSED] - Object: 'Object Repository/Page_HQTCSDL Participants/div_Assign role' is clicked on

2022-01-16 01:37:12 - [TEST_STEP][PASSED] - selectOptionByLabel(findTestObject("Page_HQTCSDL Participants/select_Manager            Teacher            Non-editing teacher            Student"), "Teacher", false): All options with label 'Teacher' are selected in object 'Object Repository/Page_HQTCSDL Participants/select_Manager            Teacher            Non-editing teacher            Student' 

2022-01-16 01:37:13 - [MESSAGE][PASSED] - All options with label 'Teacher' are selected in object 'Object Repository/Page_HQTCSDL Participants/select_Manager            Teacher            Non-editing teacher            Student' 

2022-01-16 01:37:13 - [TEST_STEP][PASSED] - click(findTestObject("Object Repository/Page_HQTCSDL Participants/button_Enrol users")): Object: 'Object Repository/Page_HQTCSDL Participants/button_Enrol users' is clicked on

2022-01-16 01:37:14 - [MESSAGE][PASSED] - Object: 'Object Repository/Page_HQTCSDL Participants/button_Enrol users' is clicked on

2022-01-16 01:37:14 - [TEST_STEP][PASSED] - click(findTestObject("Object Repository/Page_HQTCSDL Participants/a_AU")): Object: 'Object Repository/Page_HQTCSDL Participants/a_AU' is clicked on

2022-01-16 01:37:15 - [MESSAGE][PASSED] - Object: 'Object Repository/Page_HQTCSDL Participants/a_AU' is clicked on

2022-01-16 01:37:15 - [TEST_STEP][PASSED] - click(findTestObject("Object Repository/Page_HQTCSDL Participants/a_Log out")): Object: 'Object Repository/Page_HQTCSDL Participants/a_Log out' is clicked on

2022-01-16 01:37:16 - [MESSAGE][PASSED] - Object: 'Object Repository/Page_HQTCSDL Participants/a_Log out' is clicked on

2022-01-16 01:37:16 - [TEST_STEP][PASSED] - click(findTestObject("Page_Home page/a_Log in")): Object: 'Object Repository/Page_Home page/a_Log in' is clicked on

2022-01-16 01:37:17 - [MESSAGE][PASSED] - Object: 'Object Repository/Page_Home page/a_Log in' is clicked on

2022-01-16 01:37:17 - [TEST_STEP][PASSED] - setText(findTestObject("Page_Home page Log in to the site/input_Username_username"), "teacher1"): Text 'teacher1' is set on object 'Object Repository/Page_Home page Log in to the site/input_Username_username'

2022-01-16 01:37:18 - [MESSAGE][PASSED] - Text 'teacher1' is set on object 'Object Repository/Page_Home page Log in to the site/input_Username_username'

2022-01-16 01:37:18 - [TEST_STEP][PASSED] - setEncryptedText(findTestObject("Page_Home page Log in to the site/input_Password_password"), "OFhcon1PzObx3ErJAwGfGA=="): Text ****** has been set on object 'Object Repository/Page_Home page Log in to the site/input_Password_password'

2022-01-16 01:37:18 - [MESSAGE][PASSED] - Text ****** has been set on object 'Object Repository/Page_Home page Log in to the site/input_Password_password'

2022-01-16 01:37:18 - [TEST_STEP][PASSED] - click(findTestObject("Page_Home page Log in to the site/button_Log in")): Object: 'Object Repository/Page_Home page Log in to the site/button_Log in' is clicked on

2022-01-16 01:37:20 - [MESSAGE][PASSED] - Object: 'Object Repository/Page_Home page Log in to the site/button_Log in' is clicked on

2022-01-16 01:37:20 - [TEST_STEP][PASSED] - click(findTestObject("Page_TA Participants/a_My courses")): Object: 'Object Repository/Page_TA Participants/a_My courses' is clicked on

2022-01-16 01:37:21 - [MESSAGE][PASSED] - Object: 'Object Repository/Page_TA Participants/a_My courses' is clicked on

2022-01-16 01:37:21 - [TEST_STEP][PASSED] - click(findTestObject("Object Repository/Page_My courses/span_H quan tri c s d liu")): Object: 'Object Repository/Page_My courses/span_H quan tri c s d liu' is clicked on

2022-01-16 01:37:23 - [MESSAGE][PASSED] - Object: 'Object Repository/Page_My courses/span_H quan tri c s d liu' is clicked on

2022-01-16 01:37:23 - [TEST_STEP][PASSED] - click(findTestObject("Object Repository/Page_Course H quan tri c s d liu/a_Participants")): Object: 'Object Repository/Page_Course H quan tri c s d liu/a_Participants' is clicked on

2022-01-16 01:37:24 - [MESSAGE][PASSED] - Object: 'Object Repository/Page_Course H quan tri c s d liu/a_Participants' is clicked on

2022-01-16 01:37:24 - [TEST_STEP][PASSED] - click(findTestObject("Object Repository/Page_HQTCSDL Participants/a_NN")): Object: 'Object Repository/Page_HQTCSDL Participants/a_NN' is clicked on

2022-01-16 01:37:25 - [MESSAGE][PASSED] - Object: 'Object Repository/Page_HQTCSDL Participants/a_NN' is clicked on

2022-01-16 01:37:25 - [TEST_STEP][PASSED] - click(findTestObject("Object Repository/Page_HQTCSDL Participants/a_Log out")): Object: 'Object Repository/Page_HQTCSDL Participants/a_Log out' is clicked on

2022-01-16 01:37:25 - [MESSAGE][PASSED] - Object: 'Object Repository/Page_HQTCSDL Participants/a_Log out' is clicked on

2022-01-16 01:37:25 - [TEST_STEP][PASSED] - click(findTestObject("Page_Home page/a_Log in")): Object: 'Object Repository/Page_Home page/a_Log in' is clicked on

2022-01-16 01:37:26 - [MESSAGE][PASSED] - Object: 'Object Repository/Page_Home page/a_Log in' is clicked on

2022-01-16 01:37:26 - [TEST_STEP][PASSED] - setText(findTestObject("Page_Home page Log in to the site/input_Username_username"), "admin"): Text 'admin' is set on object 'Object Repository/Page_Home page Log in to the site/input_Username_username'

2022-01-16 01:37:27 - [MESSAGE][PASSED] - Text 'admin' is set on object 'Object Repository/Page_Home page Log in to the site/input_Username_username'

2022-01-16 01:37:27 - [TEST_STEP][PASSED] - setEncryptedText(findTestObject("Page_Home page Log in to the site/input_Password_password"), "OFhcon1PzObx3ErJAwGfGA=="): Text ****** has been set on object 'Object Repository/Page_Home page Log in to the site/input_Password_password'

2022-01-16 01:37:27 - [MESSAGE][PASSED] - Text ****** has been set on object 'Object Repository/Page_Home page Log in to the site/input_Password_password'

2022-01-16 01:37:27 - [TEST_STEP][PASSED] - click(findTestObject("Page_Home page Log in to the site/button_Log in")): Object: 'Object Repository/Page_Home page Log in to the site/button_Log in' is clicked on

2022-01-16 01:37:29 - [MESSAGE][PASSED] - Object: 'Object Repository/Page_Home page Log in to the site/button_Log in' is clicked on

2022-01-16 01:37:29 - [TEST_STEP][PASSED] - click(findTestObject("Page_TA Participants/a_My courses")): Object: 'Object Repository/Page_TA Participants/a_My courses' is clicked on

2022-01-16 01:37:30 - [MESSAGE][PASSED] - Object: 'Object Repository/Page_TA Participants/a_My courses' is clicked on

2022-01-16 01:37:30 - [TEST_STEP][PASSED] - click(findTestObject("Object Repository/Page_My courses/span_H quan tri c s d liu")): Object: 'Object Repository/Page_My courses/span_H quan tri c s d liu' is clicked on

2022-01-16 01:37:32 - [MESSAGE][PASSED] - Object: 'Object Repository/Page_My courses/span_H quan tri c s d liu' is clicked on

2022-01-16 01:37:32 - [TEST_STEP][PASSED] - click(findTestObject("Object Repository/Page_Course H quan tri c s d liu/a_Participants")): Object: 'Object Repository/Page_Course H quan tri c s d liu/a_Participants' is clicked on

2022-01-16 01:37:33 - [MESSAGE][PASSED] - Object: 'Object Repository/Page_Course H quan tri c s d liu/a_Participants' is clicked on

2022-01-16 01:37:33 - [TEST_STEP][PASSED] - click(findTestObject("Object Repository/Page_HQTCSDL Participants/i_Active_icon fa fa-trash fa-fw")): Object: 'Object Repository/Page_HQTCSDL Participants/i_Active_icon fa fa-trash fa-fw' is clicked on

2022-01-16 01:37:34 - [MESSAGE][PASSED] - Object: 'Object Repository/Page_HQTCSDL Participants/i_Active_icon fa fa-trash fa-fw' is clicked on

2022-01-16 01:37:34 - [TEST_STEP][PASSED] - click(findTestObject("Object Repository/Page_HQTCSDL Participants/button_Unenrol")): Object: 'Object Repository/Page_HQTCSDL Participants/button_Unenrol' is clicked on

2022-01-16 01:37:35 - [MESSAGE][PASSED] - Object: 'Object Repository/Page_HQTCSDL Participants/button_Unenrol' is clicked on

2022-01-16 01:37:35 - [TEST_STEP][PASSED] - click(findTestObject("Object Repository/Page_HQTCSDL Participants/a_AU")): Object: 'Object Repository/Page_HQTCSDL Participants/a_AU' is clicked on

2022-01-16 01:37:35 - [MESSAGE][PASSED] - Object: 'Object Repository/Page_HQTCSDL Participants/a_AU' is clicked on

2022-01-16 01:37:35 - [TEST_STEP][PASSED] - click(findTestObject("Object Repository/Page_HQTCSDL Participants/a_Log out")): Object: 'Object Repository/Page_HQTCSDL Participants/a_Log out' is clicked on

2022-01-16 01:37:36 - [MESSAGE][PASSED] - Object: 'Object Repository/Page_HQTCSDL Participants/a_Log out' is clicked on

2022-01-16 01:37:36 - [TEST_STEP][PASSED] - closeBrowser(): Browser is closed

2022-01-16 01:37:37 - [MESSAGE][PASSED] - Browser is closed]]></system-out>
         <system-err><![CDATA[]]></system-err>
      </testcase>
      <testcase name="Test Cases/Edit Mode Home - ADMIN" time="36.544" classname="Test Cases/Edit Mode Home - ADMIN" status="PASSED">
         <system-out><![CDATA[2022-01-16 01:37:37 - [TEST_CASE][PASSED] - Test Cases/Edit Mode Home - ADMIN: Test Cases/Edit Mode Home - ADMIN

2022-01-16 01:37:38 - [TEST_STEP][PASSED] - openBrowser(""): Browser is opened with url: ''

2022-01-16 01:37:38 - [MESSAGE][INFO] - Starting 'Edge Chromium' driver

2022-01-16 01:37:40 - [MESSAGE][INFO] - Action delay is set to 0 milliseconds

2022-01-16 01:37:41 - [MESSAGE][PASSED] - Browser is opened with url: ''

2022-01-16 01:37:41 - [TEST_STEP][PASSED] - navigateToUrl("http://localhost/"): Navigate to 'http://localhost/' successfully

2022-01-16 01:37:41 - [MESSAGE][PASSED] - Navigate to 'http://localhost/' successfully

2022-01-16 01:37:41 - [TEST_STEP][PASSED] - click(findTestObject("Page_Home page/a_Log in")): Object: 'Object Repository/Page_Home page/a_Log in' is clicked on

2022-01-16 01:37:42 - [MESSAGE][PASSED] - Object: 'Object Repository/Page_Home page/a_Log in' is clicked on

2022-01-16 01:37:42 - [TEST_STEP][PASSED] - setText(findTestObject("Page_Home page Log in to the site/input_Username_username"), "admin"): Text 'admin' is set on object 'Object Repository/Page_Home page Log in to the site/input_Username_username'

2022-01-16 01:37:43 - [MESSAGE][PASSED] - Text 'admin' is set on object 'Object Repository/Page_Home page Log in to the site/input_Username_username'

2022-01-16 01:37:43 - [TEST_STEP][PASSED] - setEncryptedText(findTestObject("Page_Home page Log in to the site/input_Password_password"), "OFhcon1PzObx3ErJAwGfGA=="): Text ****** has been set on object 'Object Repository/Page_Home page Log in to the site/input_Password_password'

2022-01-16 01:37:43 - [MESSAGE][PASSED] - Text ****** has been set on object 'Object Repository/Page_Home page Log in to the site/input_Password_password'

2022-01-16 01:37:43 - [TEST_STEP][PASSED] - click(findTestObject("Page_Home page Log in to the site/button_Log in")): Object: 'Object Repository/Page_Home page Log in to the site/button_Log in' is clicked on

2022-01-16 01:37:45 - [MESSAGE][PASSED] - Object: 'Object Repository/Page_Home page Log in to the site/button_Log in' is clicked on

2022-01-16 01:37:45 - [TEST_STEP][PASSED] - click(findTestObject("forum/Page_Dashboard/a_Home")): Object: 'Object Repository/forum/Page_Dashboard/a_Home' is clicked on

2022-01-16 01:37:47 - [MESSAGE][PASSED] - Object: 'Object Repository/forum/Page_Dashboard/a_Home' is clicked on

2022-01-16 01:37:47 - [TEST_STEP][PASSED] - click(findTestObject("Object Repository/forum/Page_Home page/input_Edit mode_setmode")): Object: 'Object Repository/forum/Page_Home page/input_Edit mode_setmode' is clicked on

2022-01-16 01:37:48 - [MESSAGE][PASSED] - Object: 'Object Repository/forum/Page_Home page/input_Edit mode_setmode' is clicked on

2022-01-16 01:37:48 - [TEST_STEP][PASSED] - click(findTestObject("Object Repository/forum/Page_Home page/span_Add an activity or resource")): Object: 'Object Repository/forum/Page_Home page/span_Add an activity or resource' is clicked on

2022-01-16 01:37:49 - [MESSAGE][PASSED] - Object: 'Object Repository/forum/Page_Home page/span_Add an activity or resource' is clicked on

2022-01-16 01:37:49 - [TEST_STEP][PASSED] - click(findTestObject("Object Repository/forum/Page_Home page/div_Forum")): Object: 'Object Repository/forum/Page_Home page/div_Forum' is clicked on

2022-01-16 01:37:52 - [MESSAGE][PASSED] - Object: 'Object Repository/forum/Page_Home page/div_Forum' is clicked on

2022-01-16 01:37:52 - [TEST_STEP][PASSED] - setText(findTestObject("Object Repository/forum/Page_Editing Forum/input_Forum name_name"), "Forum test"): Text 'Forum test' is set on object 'Object Repository/forum/Page_Editing Forum/input_Forum name_name'

2022-01-16 01:37:53 - [MESSAGE][PASSED] - Text 'Forum test' is set on object 'Object Repository/forum/Page_Editing Forum/input_Forum name_name'

2022-01-16 01:37:53 - [TEST_STEP][PASSED] - click(findTestObject("Object Repository/forum/Page_Editing Forum/input_Send content change notification_subm_37cbed")): Object: 'Object Repository/forum/Page_Editing Forum/input_Send content change notification_subm_37cbed' is clicked on

2022-01-16 01:37:55 - [MESSAGE][PASSED] - Object: 'Object Repository/forum/Page_Editing Forum/input_Send content change notification_subm_37cbed' is clicked on

2022-01-16 01:37:55 - [TEST_STEP][PASSED] - click(findTestObject("Object Repository/forum/Page_Forum test/a_Home")): Object: 'Object Repository/forum/Page_Forum test/a_Home' is clicked on

2022-01-16 01:37:56 - [MESSAGE][PASSED] - Object: 'Object Repository/forum/Page_Forum test/a_Home' is clicked on

2022-01-16 01:37:56 - [TEST_STEP][PASSED] - click(findTestObject("Object Repository/forum/Page_Home page/a_Forum test")): Object: 'Object Repository/forum/Page_Home page/a_Forum test' is clicked on

2022-01-16 01:37:58 - [MESSAGE][PASSED] - Object: 'Object Repository/forum/Page_Home page/a_Forum test' is clicked on

2022-01-16 01:37:58 - [TEST_STEP][PASSED] - click(findTestObject("Object Repository/forum/Page_Forum test/a_Add discussion topic")): Object: 'Object Repository/forum/Page_Forum test/a_Add discussion topic' is clicked on

2022-01-16 01:37:59 - [MESSAGE][PASSED] - Object: 'Object Repository/forum/Page_Forum test/a_Add discussion topic' is clicked on

2022-01-16 01:37:59 - [TEST_STEP][PASSED] - setText(findTestObject("Object Repository/forum/Page_Forum test/input_Subject_subject"), "hello"): Text 'hello' is set on object 'Object Repository/forum/Page_Forum test/input_Subject_subject'

2022-01-16 01:38:00 - [MESSAGE][PASSED] - Text 'hello' is set on object 'Object Repository/forum/Page_Forum test/input_Subject_subject'

2022-01-16 01:38:00 - [TEST_STEP][PASSED] - click(findTestObject("Object Repository/forum/Page_Forum test/p")): Object: 'Object Repository/forum/Page_Forum test/p' is clicked on

2022-01-16 01:38:00 - [MESSAGE][PASSED] - Object: 'Object Repository/forum/Page_Forum test/p' is clicked on

2022-01-16 01:38:00 - [TEST_STEP][PASSED] - setText(findTestObject("forum/Page_Forum test/div_Rich text editor_id_messageeditable"), "hello"): Text 'hello' is set on object 'Object Repository/forum/Page_Forum test/div_Rich text editor_id_messageeditable'

2022-01-16 01:38:02 - [MESSAGE][PASSED] - Text 'hello' is set on object 'Object Repository/forum/Page_Forum test/div_Rich text editor_id_messageeditable'

2022-01-16 01:38:02 - [TEST_STEP][PASSED] - click(findTestObject("Object Repository/forum/Page_Forum test/input_Rich text editor_submitbutton")): Object: 'Object Repository/forum/Page_Forum test/input_Rich text editor_submitbutton' is clicked on

2022-01-16 01:38:03 - [MESSAGE][PASSED] - Object: 'Object Repository/forum/Page_Forum test/input_Rich text editor_submitbutton' is clicked on

2022-01-16 01:38:03 - [TEST_STEP][PASSED] - click(findTestObject("Object Repository/forum/Page_Forum test/a_Home_1")): Object: 'Object Repository/forum/Page_Forum test/a_Home_1' is clicked on

2022-01-16 01:38:04 - [MESSAGE][PASSED] - Object: 'Object Repository/forum/Page_Forum test/a_Home_1' is clicked on

2022-01-16 01:38:04 - [TEST_STEP][PASSED] - click(findTestObject("Object Repository/forum/Page_Home page/a_Forum test_1")): Object: 'Object Repository/forum/Page_Home page/a_Forum test_1' is clicked on

2022-01-16 01:38:06 - [MESSAGE][PASSED] - Object: 'Object Repository/forum/Page_Home page/a_Forum test_1' is clicked on

2022-01-16 01:38:06 - [TEST_STEP][PASSED] - click(findTestObject("Object Repository/forum/Page_Forum test/a_Site announcements")): Object: 'Object Repository/forum/Page_Forum test/a_Site announcements' is clicked on

2022-01-16 01:38:07 - [MESSAGE][PASSED] - Object: 'Object Repository/forum/Page_Forum test/a_Site announcements' is clicked on

2022-01-16 01:38:07 - [TEST_STEP][PASSED] - click(findTestObject("Object Repository/forum/Page_Site announcements/a_Home")): Object: 'Object Repository/forum/Page_Site announcements/a_Home' is clicked on

2022-01-16 01:38:09 - [MESSAGE][PASSED] - Object: 'Object Repository/forum/Page_Site announcements/a_Home' is clicked on

2022-01-16 01:38:09 - [TEST_STEP][PASSED] - click(findTestObject("Object Repository/forum/Page_Home page/i_Forum test_icon fa fa-ellipsis-v fa-fw")): Object: 'Object Repository/forum/Page_Home page/i_Forum test_icon fa fa-ellipsis-v fa-fw' is clicked on

2022-01-16 01:38:10 - [MESSAGE][PASSED] - Object: 'Object Repository/forum/Page_Home page/i_Forum test_icon fa fa-ellipsis-v fa-fw' is clicked on

2022-01-16 01:38:10 - [TEST_STEP][PASSED] - click(findTestObject("Object Repository/forum/Page_Home page/span_Delete")): Object: 'Object Repository/forum/Page_Home page/span_Delete' is clicked on

2022-01-16 01:38:10 - [MESSAGE][PASSED] - Object: 'Object Repository/forum/Page_Home page/span_Delete' is clicked on

2022-01-16 01:38:10 - [TEST_STEP][PASSED] - click(findTestObject("Object Repository/forum/Page_Home page/button_Yes")): Object: 'Object Repository/forum/Page_Home page/button_Yes' is clicked on

2022-01-16 01:38:11 - [MESSAGE][PASSED] - Object: 'Object Repository/forum/Page_Home page/button_Yes' is clicked on

2022-01-16 01:38:11 - [TEST_STEP][PASSED] - click(findTestObject("Object Repository/forum/Page_Home page/a_AU")): Object: 'Object Repository/forum/Page_Home page/a_AU' is clicked on

2022-01-16 01:38:12 - [MESSAGE][PASSED] - Object: 'Object Repository/forum/Page_Home page/a_AU' is clicked on

2022-01-16 01:38:12 - [TEST_STEP][PASSED] - click(findTestObject("Object Repository/forum/Page_Home page/a_Log out")): Object: 'Object Repository/forum/Page_Home page/a_Log out' is clicked on

2022-01-16 01:38:13 - [MESSAGE][PASSED] - Object: 'Object Repository/forum/Page_Home page/a_Log out' is clicked on

2022-01-16 01:38:13 - [TEST_STEP][PASSED] - closeBrowser(): Browser is closed

2022-01-16 01:38:14 - [MESSAGE][PASSED] - Browser is closed]]></system-out>
         <system-err><![CDATA[]]></system-err>
      </testcase>
      <testcase name="Test Cases/Edit Mode on Dashboard - ADMIN" time="19.648" classname="Test Cases/Edit Mode on Dashboard - ADMIN" status="PASSED">
         <system-out><![CDATA[2022-01-16 01:38:14 - [TEST_CASE][PASSED] - Test Cases/Edit Mode on Dashboard - ADMIN: Test Cases/Edit Mode on Dashboard - ADMIN

2022-01-16 01:38:14 - [TEST_STEP][PASSED] - openBrowser(""): Browser is opened with url: ''

2022-01-16 01:38:14 - [MESSAGE][INFO] - Starting 'Edge Chromium' driver

2022-01-16 01:38:16 - [MESSAGE][INFO] - Action delay is set to 0 milliseconds

2022-01-16 01:38:17 - [MESSAGE][PASSED] - Browser is opened with url: ''

2022-01-16 01:38:17 - [TEST_STEP][PASSED] - maximizeWindow(): Current window maximized

2022-01-16 01:38:17 - [MESSAGE][PASSED] - Current window maximized

2022-01-16 01:38:17 - [TEST_STEP][PASSED] - navigateToUrl("http://localhost/"): Navigate to 'http://localhost/' successfully

2022-01-16 01:38:18 - [MESSAGE][PASSED] - Navigate to 'http://localhost/' successfully

2022-01-16 01:38:18 - [TEST_STEP][PASSED] - click(findTestObject("Page_Home page/a_Log in")): Object: 'Object Repository/Page_Home page/a_Log in' is clicked on

2022-01-16 01:38:19 - [MESSAGE][PASSED] - Object: 'Object Repository/Page_Home page/a_Log in' is clicked on

2022-01-16 01:38:19 - [TEST_STEP][PASSED] - setText(findTestObject("Page_Home page Log in to the site/input_Username_username"), "admin"): Text 'admin' is set on object 'Object Repository/Page_Home page Log in to the site/input_Username_username'

2022-01-16 01:38:20 - [MESSAGE][PASSED] - Text 'admin' is set on object 'Object Repository/Page_Home page Log in to the site/input_Username_username'

2022-01-16 01:38:20 - [TEST_STEP][PASSED] - setEncryptedText(findTestObject("Page_Home page Log in to the site/input_Password_password"), "OFhcon1PzObx3ErJAwGfGA=="): Text ****** has been set on object 'Object Repository/Page_Home page Log in to the site/input_Password_password'

2022-01-16 01:38:20 - [MESSAGE][PASSED] - Text ****** has been set on object 'Object Repository/Page_Home page Log in to the site/input_Password_password'

2022-01-16 01:38:20 - [TEST_STEP][PASSED] - click(findTestObject("Page_Home page Log in to the site/button_Log in")): Object: 'Object Repository/Page_Home page Log in to the site/button_Log in' is clicked on

2022-01-16 01:38:21 - [MESSAGE][PASSED] - Object: 'Object Repository/Page_Home page Log in to the site/button_Log in' is clicked on

2022-01-16 01:38:21 - [TEST_STEP][PASSED] - click(findTestObject("Object Repository/forum/Page_Dashboard/input_Edit mode_setmode")): Object: 'Object Repository/forum/Page_Dashboard/input_Edit mode_setmode' is clicked on

2022-01-16 01:38:23 - [MESSAGE][PASSED] - Object: 'Object Repository/forum/Page_Dashboard/input_Edit mode_setmode' is clicked on

2022-01-16 01:38:23 - [TEST_STEP][PASSED] - click(findTestObject("Object Repository/forum/Page_Dashboard/a_Add a block")): Object: 'Object Repository/forum/Page_Dashboard/a_Add a block' is clicked on

2022-01-16 01:38:24 - [MESSAGE][PASSED] - Object: 'Object Repository/forum/Page_Dashboard/a_Add a block' is clicked on

2022-01-16 01:38:24 - [TEST_STEP][PASSED] - click(findTestObject("Object Repository/forum/Page_Dashboard/a_Online users")): Object: 'Object Repository/forum/Page_Dashboard/a_Online users' is clicked on

2022-01-16 01:38:26 - [MESSAGE][PASSED] - Object: 'Object Repository/forum/Page_Dashboard/a_Online users' is clicked on

2022-01-16 01:38:26 - [TEST_STEP][PASSED] - click(findTestObject("Object Repository/forum/Page_Dashboard/i_Online users_yui_3_17_2_1_1642063098227_327")): Object: 'Object Repository/forum/Page_Dashboard/i_Online users_yui_3_17_2_1_1642063098227_327' is clicked on

2022-01-16 01:38:27 - [MESSAGE][PASSED] - Object: 'Object Repository/forum/Page_Dashboard/i_Online users_yui_3_17_2_1_1642063098227_327' is clicked on

2022-01-16 01:38:27 - [TEST_STEP][PASSED] - click(findTestObject("Object Repository/forum/Page_Dashboard/a_To item Timeline")): Object: 'Object Repository/forum/Page_Dashboard/a_To item Timeline' is clicked on

2022-01-16 01:38:28 - [MESSAGE][PASSED] - Object: 'Object Repository/forum/Page_Dashboard/a_To item Timeline' is clicked on

2022-01-16 01:38:28 - [TEST_STEP][PASSED] - click(findTestObject("Object Repository/forum/Page_Dashboard/a_Online users_action-menu-toggle-6")): Object: 'Object Repository/forum/Page_Dashboard/a_Online users_action-menu-toggle-6' is clicked on

2022-01-16 01:38:29 - [MESSAGE][PASSED] - Object: 'Object Repository/forum/Page_Dashboard/a_Online users_action-menu-toggle-6' is clicked on

2022-01-16 01:38:29 - [TEST_STEP][PASSED] - click(findTestObject("Object Repository/forum/Page_Dashboard/span_Delete Online users block")): Object: 'Object Repository/forum/Page_Dashboard/span_Delete Online users block' is clicked on

2022-01-16 01:38:29 - [MESSAGE][PASSED] - Object: 'Object Repository/forum/Page_Dashboard/span_Delete Online users block' is clicked on

2022-01-16 01:38:29 - [TEST_STEP][PASSED] - click(findTestObject("Object Repository/forum/Page_Dashboard/button_Delete")): Object: 'Object Repository/forum/Page_Dashboard/button_Delete' is clicked on

2022-01-16 01:38:31 - [MESSAGE][PASSED] - Object: 'Object Repository/forum/Page_Dashboard/button_Delete' is clicked on

2022-01-16 01:38:31 - [TEST_STEP][PASSED] - click(findTestObject("Object Repository/forum/Page_Dashboard/a_AU")): Object: 'Object Repository/forum/Page_Dashboard/a_AU' is clicked on

2022-01-16 01:38:32 - [MESSAGE][PASSED] - Object: 'Object Repository/forum/Page_Dashboard/a_AU' is clicked on

2022-01-16 01:38:32 - [TEST_STEP][PASSED] - click(findTestObject("Object Repository/forum/Page_Dashboard/a_Log out")): Object: 'Object Repository/forum/Page_Dashboard/a_Log out' is clicked on

2022-01-16 01:38:33 - [MESSAGE][PASSED] - Object: 'Object Repository/forum/Page_Dashboard/a_Log out' is clicked on

2022-01-16 01:38:33 - [TEST_STEP][PASSED] - closeBrowser(): Browser is closed

2022-01-16 01:38:33 - [MESSAGE][PASSED] - Browser is closed]]></system-out>
         <system-err><![CDATA[]]></system-err>
      </testcase>
      <testcase name="Test Cases/Make an announcement" time="18.857" classname="Test Cases/Make an announcement" status="PASSED">
         <system-out><![CDATA[2022-01-16 01:38:33 - [TEST_CASE][PASSED] - Test Cases/Make an announcement: Test Cases/Make an announcement

2022-01-16 01:38:34 - [TEST_STEP][PASSED] - openBrowser(""): Browser is opened with url: ''

2022-01-16 01:38:34 - [MESSAGE][INFO] - Starting 'Edge Chromium' driver

2022-01-16 01:38:36 - [MESSAGE][INFO] - Action delay is set to 0 milliseconds

2022-01-16 01:38:37 - [MESSAGE][PASSED] - Browser is opened with url: ''

2022-01-16 01:38:37 - [TEST_STEP][PASSED] - navigateToUrl("localhost"): Navigate to 'http://localhost' successfully

2022-01-16 01:38:37 - [MESSAGE][PASSED] - Navigate to 'http://localhost' successfully

2022-01-16 01:38:37 - [TEST_STEP][PASSED] - click(findTestObject("Page_Home page/a_Log in")): Object: 'Object Repository/Page_Home page/a_Log in' is clicked on

2022-01-16 01:38:38 - [MESSAGE][PASSED] - Object: 'Object Repository/Page_Home page/a_Log in' is clicked on

2022-01-16 01:38:38 - [TEST_STEP][PASSED] - setText(findTestObject("Page_Home page Log in to the site/input_Username_username"), "teacher1"): Text 'teacher1' is set on object 'Object Repository/Page_Home page Log in to the site/input_Username_username'

2022-01-16 01:38:39 - [MESSAGE][PASSED] - Text 'teacher1' is set on object 'Object Repository/Page_Home page Log in to the site/input_Username_username'

2022-01-16 01:38:39 - [TEST_STEP][PASSED] - setText(findTestObject("Page_Home page Log in to the site/input_Password_password (1)"), "Group_10"): Text 'Group_10' is set on object 'Object Repository/Page_Home page Log in to the site/input_Password_password (1)'

2022-01-16 01:38:40 - [MESSAGE][PASSED] - Text 'Group_10' is set on object 'Object Repository/Page_Home page Log in to the site/input_Password_password (1)'

2022-01-16 01:38:40 - [TEST_STEP][PASSED] - click(findTestObject("Page_Home page Log in to the site/button_Log in")): Object: 'Object Repository/Page_Home page Log in to the site/button_Log in' is clicked on

2022-01-16 01:38:41 - [MESSAGE][PASSED] - Object: 'Object Repository/Page_Home page Log in to the site/button_Log in' is clicked on

2022-01-16 01:38:41 - [TEST_STEP][PASSED] - click(findTestObject("Page_Dashboard/a_My courses (1)")): Object: 'Object Repository/Page_Dashboard/a_My courses (1)' is clicked on

2022-01-16 01:38:42 - [MESSAGE][PASSED] - Object: 'Object Repository/Page_Dashboard/a_My courses (1)' is clicked on

2022-01-16 01:38:42 - [TEST_STEP][PASSED] - click(findTestObject("Page_My courses/span_Test Automation")): Object: 'Object Repository/Page_My courses/span_Test Automation' is clicked on

2022-01-16 01:38:44 - [MESSAGE][PASSED] - Object: 'Object Repository/Page_My courses/span_Test Automation' is clicked on

2022-01-16 01:38:44 - [TEST_STEP][PASSED] - click(findTestObject("Page_Course Test Automation/a_Announcements  Forum")): Object: 'Object Repository/Page_Course Test Automation/a_Announcements  Forum' is clicked on

2022-01-16 01:38:46 - [MESSAGE][PASSED] - Object: 'Object Repository/Page_Course Test Automation/a_Announcements  Forum' is clicked on

2022-01-16 01:38:46 - [TEST_STEP][PASSED] - click(findTestObject("Page_Course Test Automation/Page_Announcements/a_Add discussion topic")): Object: 'Object Repository/Page_Course Test Automation/Page_Announcements/a_Add discussion topic' is clicked on

2022-01-16 01:38:46 - [MESSAGE][PASSED] - Object: 'Object Repository/Page_Course Test Automation/Page_Announcements/a_Add discussion topic' is clicked on

2022-01-16 01:38:46 - [TEST_STEP][PASSED] - setText(findTestObject("Page_Course Test Automation/Page_Announcements/input_Subject_subject"), "Off next week"): Text 'Off next week' is set on object 'Object Repository/Page_Course Test Automation/Page_Announcements/input_Subject_subject'

2022-01-16 01:38:47 - [MESSAGE][PASSED] - Text 'Off next week' is set on object 'Object Repository/Page_Course Test Automation/Page_Announcements/input_Subject_subject'

2022-01-16 01:38:47 - [TEST_STEP][PASSED] - setText(findTestObject("Page_Course Test Automation/Page_Announcements/input_Message"), "Lecturer has a meeting next week"): Text 'Lecturer has a meeting next week' is set on object 'Object Repository/Page_Course Test Automation/Page_Announcements/input_Message'

2022-01-16 01:38:48 - [MESSAGE][PASSED] - Text 'Lecturer has a meeting next week' is set on object 'Object Repository/Page_Course Test Automation/Page_Announcements/input_Message'

2022-01-16 01:38:48 - [TEST_STEP][PASSED] - click(findTestObject("Page_Course Test Automation/Page_Announcements/submitbutton")): Object: 'Object Repository/Page_Course Test Automation/Page_Announcements/submitbutton' is clicked on

2022-01-16 01:38:50 - [MESSAGE][PASSED] - Object: 'Object Repository/Page_Course Test Automation/Page_Announcements/submitbutton' is clicked on

2022-01-16 01:38:50 - [TEST_STEP][PASSED] - click(findTestObject("Page_Dashboard/a_NH")): Object: 'Object Repository/Page_Dashboard/a_NH' is clicked on

2022-01-16 01:38:50 - [MESSAGE][PASSED] - Object: 'Object Repository/Page_Dashboard/a_NH' is clicked on

2022-01-16 01:38:50 - [TEST_STEP][PASSED] - click(findTestObject("Page_Dashboard/a_Log out")): Object: 'Object Repository/Page_Dashboard/a_Log out' is clicked on

2022-01-16 01:38:52 - [MESSAGE][PASSED] - Object: 'Object Repository/Page_Dashboard/a_Log out' is clicked on

2022-01-16 01:38:52 - [TEST_STEP][PASSED] - closeBrowser(): Browser is closed

2022-01-16 01:38:52 - [MESSAGE][PASSED] - Browser is closed]]></system-out>
         <system-err><![CDATA[]]></system-err>
      </testcase>
      <testcase name="Test Cases/Add assignment to course" time="22.238" classname="Test Cases/Add assignment to course" status="PASSED">
         <system-out><![CDATA[2022-01-16 01:38:52 - [TEST_CASE][PASSED] - Test Cases/Add assignment to course: Test Cases/Add assignment to course

2022-01-16 01:38:53 - [TEST_STEP][PASSED] - openBrowser(""): Browser is opened with url: ''

2022-01-16 01:38:53 - [MESSAGE][INFO] - Starting 'Edge Chromium' driver

2022-01-16 01:38:55 - [MESSAGE][INFO] - Action delay is set to 0 milliseconds

2022-01-16 01:38:55 - [MESSAGE][PASSED] - Browser is opened with url: ''

2022-01-16 01:38:55 - [TEST_STEP][PASSED] - navigateToUrl("localhost"): Navigate to 'http://localhost' successfully

2022-01-16 01:38:56 - [MESSAGE][PASSED] - Navigate to 'http://localhost' successfully

2022-01-16 01:38:56 - [TEST_STEP][PASSED] - click(findTestObject("Page_Home page/a_Log in")): Object: 'Object Repository/Page_Home page/a_Log in' is clicked on

2022-01-16 01:38:57 - [MESSAGE][PASSED] - Object: 'Object Repository/Page_Home page/a_Log in' is clicked on

2022-01-16 01:38:57 - [TEST_STEP][PASSED] - setText(findTestObject("Page_Home page Log in to the site/input_Username_username"), "teacher1"): Text 'teacher1' is set on object 'Object Repository/Page_Home page Log in to the site/input_Username_username'

2022-01-16 01:38:58 - [MESSAGE][PASSED] - Text 'teacher1' is set on object 'Object Repository/Page_Home page Log in to the site/input_Username_username'

2022-01-16 01:38:58 - [TEST_STEP][PASSED] - setText(findTestObject("Page_Home page Log in to the site/input_Password_password (1)"), "Group_10"): Text 'Group_10' is set on object 'Object Repository/Page_Home page Log in to the site/input_Password_password (1)'

2022-01-16 01:38:59 - [MESSAGE][PASSED] - Text 'Group_10' is set on object 'Object Repository/Page_Home page Log in to the site/input_Password_password (1)'

2022-01-16 01:38:59 - [TEST_STEP][PASSED] - click(findTestObject("Page_Home page Log in to the site/button_Log in")): Object: 'Object Repository/Page_Home page Log in to the site/button_Log in' is clicked on

2022-01-16 01:39:00 - [MESSAGE][PASSED] - Object: 'Object Repository/Page_Home page Log in to the site/button_Log in' is clicked on

2022-01-16 01:39:00 - [TEST_STEP][PASSED] - click(findTestObject("Page_Dashboard/a_My courses (1)")): Object: 'Object Repository/Page_Dashboard/a_My courses (1)' is clicked on

2022-01-16 01:39:01 - [MESSAGE][PASSED] - Object: 'Object Repository/Page_Dashboard/a_My courses (1)' is clicked on

2022-01-16 01:39:01 - [TEST_STEP][PASSED] - click(findTestObject("Page_My courses/span_Test Automation")): Object: 'Object Repository/Page_My courses/span_Test Automation' is clicked on

2022-01-16 01:39:03 - [MESSAGE][PASSED] - Object: 'Object Repository/Page_My courses/span_Test Automation' is clicked on

2022-01-16 01:39:03 - [TEST_STEP][PASSED] - click(findTestObject("Page_Course Test Automation/input_Edit mode_setmode")): Object: 'Object Repository/Page_Course Test Automation/input_Edit mode_setmode' is clicked on

2022-01-16 01:39:03 - [MESSAGE][PASSED] - Object: 'Object Repository/Page_Course Test Automation/input_Edit mode_setmode' is clicked on

2022-01-16 01:39:03 - [TEST_STEP][PASSED] - click(findTestObject("Page_Course Test Automation/span_Add an activity or resource")): Object: 'Object Repository/Page_Course Test Automation/span_Add an activity or resource' is clicked on

2022-01-16 01:39:05 - [MESSAGE][PASSED] - Object: 'Object Repository/Page_Course Test Automation/span_Add an activity or resource' is clicked on

2022-01-16 01:39:05 - [TEST_STEP][PASSED] - click(findTestObject("Page_Course Test Automation/img_Recommended_icon icon activityicon")): Object: 'Object Repository/Page_Course Test Automation/img_Recommended_icon icon activityicon' is clicked on

2022-01-16 01:39:07 - [MESSAGE][PASSED] - Object: 'Object Repository/Page_Course Test Automation/img_Recommended_icon icon activityicon' is clicked on

2022-01-16 01:39:07 - [TEST_STEP][PASSED] - setText(findTestObject("Page_Course Test Automation/Page_Editing Assignment/input_name-assignment"), "Bonus assignment"): Text 'Bonus assignment' is set on object 'Object Repository/Page_Course Test Automation/Page_Editing Assignment/input_name-assignment'

2022-01-16 01:39:09 - [MESSAGE][PASSED] - Text 'Bonus assignment' is set on object 'Object Repository/Page_Course Test Automation/Page_Editing Assignment/input_name-assignment'

2022-01-16 01:39:09 - [TEST_STEP][PASSED] - setText(findTestObject("Page_Course Test Automation/Page_Editing Assignment/input_description_assignment"), "MSSV.zip/rar"): Text 'MSSV.zip/rar' is set on object 'Object Repository/Page_Course Test Automation/Page_Editing Assignment/input_description_assignment'

2022-01-16 01:39:10 - [MESSAGE][PASSED] - Text 'MSSV.zip/rar' is set on object 'Object Repository/Page_Course Test Automation/Page_Editing Assignment/input_description_assignment'

2022-01-16 01:39:10 - [TEST_STEP][PASSED] - click(findTestObject("Page_Course Test Automation/Page_Editing Assignment/submitbutton-assignment")): Object: 'Object Repository/Page_Course Test Automation/Page_Editing Assignment/submitbutton-assignment' is clicked on

2022-01-16 01:39:12 - [MESSAGE][PASSED] - Object: 'Object Repository/Page_Course Test Automation/Page_Editing Assignment/submitbutton-assignment' is clicked on

2022-01-16 01:39:12 - [TEST_STEP][PASSED] - click(findTestObject("Page_Dashboard/a_NH")): Object: 'Object Repository/Page_Dashboard/a_NH' is clicked on

2022-01-16 01:39:13 - [MESSAGE][PASSED] - Object: 'Object Repository/Page_Dashboard/a_NH' is clicked on

2022-01-16 01:39:13 - [TEST_STEP][PASSED] - click(findTestObject("Page_Dashboard/a_Log out")): Object: 'Object Repository/Page_Dashboard/a_Log out' is clicked on

2022-01-16 01:39:14 - [MESSAGE][PASSED] - Object: 'Object Repository/Page_Dashboard/a_Log out' is clicked on

2022-01-16 01:39:14 - [TEST_STEP][PASSED] - closeBrowser(): Browser is closed

2022-01-16 01:39:15 - [MESSAGE][PASSED] - Browser is closed]]></system-out>
         <system-err><![CDATA[]]></system-err>
      </testcase>
      <testcase name="Test Cases/Edit assignment" time="21.888" classname="Test Cases/Edit assignment" status="PASSED">
         <system-out><![CDATA[2022-01-16 01:39:15 - [TEST_CASE][PASSED] - Test Cases/Edit assignment: Test Cases/Edit assignment

2022-01-16 01:39:15 - [TEST_STEP][PASSED] - openBrowser(""): Browser is opened with url: ''

2022-01-16 01:39:15 - [MESSAGE][INFO] - Starting 'Edge Chromium' driver

2022-01-16 01:39:17 - [MESSAGE][INFO] - Action delay is set to 0 milliseconds

2022-01-16 01:39:18 - [MESSAGE][PASSED] - Browser is opened with url: ''

2022-01-16 01:39:18 - [TEST_STEP][PASSED] - navigateToUrl("localhost"): Navigate to 'http://localhost' successfully

2022-01-16 01:39:19 - [MESSAGE][PASSED] - Navigate to 'http://localhost' successfully

2022-01-16 01:39:19 - [TEST_STEP][PASSED] - click(findTestObject("Page_Home page/a_Log in")): Object: 'Object Repository/Page_Home page/a_Log in' is clicked on

2022-01-16 01:39:20 - [MESSAGE][PASSED] - Object: 'Object Repository/Page_Home page/a_Log in' is clicked on

2022-01-16 01:39:20 - [TEST_STEP][PASSED] - setText(findTestObject("Page_Home page Log in to the site/input_Username_username"), "teacher1"): Text 'teacher1' is set on object 'Object Repository/Page_Home page Log in to the site/input_Username_username'

2022-01-16 01:39:20 - [MESSAGE][PASSED] - Text 'teacher1' is set on object 'Object Repository/Page_Home page Log in to the site/input_Username_username'

2022-01-16 01:39:20 - [TEST_STEP][PASSED] - setText(findTestObject("Page_Home page Log in to the site/input_Password_password (1)"), "Group_10"): Text 'Group_10' is set on object 'Object Repository/Page_Home page Log in to the site/input_Password_password (1)'

2022-01-16 01:39:21 - [MESSAGE][PASSED] - Text 'Group_10' is set on object 'Object Repository/Page_Home page Log in to the site/input_Password_password (1)'

2022-01-16 01:39:21 - [TEST_STEP][PASSED] - click(findTestObject("Page_Home page Log in to the site/button_Log in")): Object: 'Object Repository/Page_Home page Log in to the site/button_Log in' is clicked on

2022-01-16 01:39:23 - [MESSAGE][PASSED] - Object: 'Object Repository/Page_Home page Log in to the site/button_Log in' is clicked on

2022-01-16 01:39:23 - [TEST_STEP][PASSED] - click(findTestObject("Page_Dashboard/a_My courses (1)")): Object: 'Object Repository/Page_Dashboard/a_My courses (1)' is clicked on

2022-01-16 01:39:24 - [MESSAGE][PASSED] - Object: 'Object Repository/Page_Dashboard/a_My courses (1)' is clicked on

2022-01-16 01:39:24 - [TEST_STEP][PASSED] - click(findTestObject("Page_My courses/span_Test Automation")): Object: 'Object Repository/Page_My courses/span_Test Automation' is clicked on

2022-01-16 01:39:25 - [MESSAGE][PASSED] - Object: 'Object Repository/Page_My courses/span_Test Automation' is clicked on

2022-01-16 01:39:25 - [TEST_STEP][PASSED] - click(findTestObject("Page_Course Test Automation/input_Edit mode_setmode")): Object: 'Object Repository/Page_Course Test Automation/input_Edit mode_setmode' is clicked on

2022-01-16 01:39:26 - [MESSAGE][PASSED] - Object: 'Object Repository/Page_Course Test Automation/input_Edit mode_setmode' is clicked on

2022-01-16 01:39:26 - [TEST_STEP][PASSED] - click(findTestObject("Page_Course Test Automation/btn-setting-assignment")): Object: 'Object Repository/Page_Course Test Automation/btn-setting-assignment' is clicked on

2022-01-16 01:39:28 - [MESSAGE][PASSED] - Object: 'Object Repository/Page_Course Test Automation/btn-setting-assignment' is clicked on

2022-01-16 01:39:28 - [TEST_STEP][PASSED] - click(findTestObject("Page_Course Test Automation/span_Edit settings")): Object: 'Object Repository/Page_Course Test Automation/span_Edit settings' is clicked on

2022-01-16 01:39:30 - [MESSAGE][PASSED] - Object: 'Object Repository/Page_Course Test Automation/span_Edit settings' is clicked on

2022-01-16 01:39:30 - [TEST_STEP][PASSED] - setText(findTestObject("Page_Course Test Automation/Page_Editing Assignment/input_name-assignment"), "Bonus assignment (Extend 1 week)"): Text 'Bonus assignment (Extend 1 week)' is set on object 'Object Repository/Page_Course Test Automation/Page_Editing Assignment/input_name-assignment'

2022-01-16 01:39:31 - [MESSAGE][PASSED] - Text 'Bonus assignment (Extend 1 week)' is set on object 'Object Repository/Page_Course Test Automation/Page_Editing Assignment/input_name-assignment'

2022-01-16 01:39:31 - [TEST_STEP][PASSED] - selectOptionByValue(findTestObject("Page_Course Test Automation/Page_Editing Assignment/set-deadline"), "27", false): All options with value '27' are selected in object 'Object Repository/Page_Course Test Automation/Page_Editing Assignment/set-deadline' 

2022-01-16 01:39:32 - [MESSAGE][PASSED] - All options with value '27' are selected in object 'Object Repository/Page_Course Test Automation/Page_Editing Assignment/set-deadline' 

2022-01-16 01:39:32 - [TEST_STEP][PASSED] - click(findTestObject("Page_Course Test Automation/Page_Editing Assignment/submitbutton-assignment")): Object: 'Object Repository/Page_Course Test Automation/Page_Editing Assignment/submitbutton-assignment' is clicked on

2022-01-16 01:39:34 - [MESSAGE][PASSED] - Object: 'Object Repository/Page_Course Test Automation/Page_Editing Assignment/submitbutton-assignment' is clicked on

2022-01-16 01:39:34 - [TEST_STEP][PASSED] - click(findTestObject("Page_Dashboard/a_NH")): Object: 'Object Repository/Page_Dashboard/a_NH' is clicked on

2022-01-16 01:39:35 - [MESSAGE][PASSED] - Object: 'Object Repository/Page_Dashboard/a_NH' is clicked on

2022-01-16 01:39:35 - [TEST_STEP][PASSED] - click(findTestObject("Page_Dashboard/a_Log out")): Object: 'Object Repository/Page_Dashboard/a_Log out' is clicked on

2022-01-16 01:39:36 - [MESSAGE][PASSED] - Object: 'Object Repository/Page_Dashboard/a_Log out' is clicked on

2022-01-16 01:39:36 - [TEST_STEP][PASSED] - closeBrowser(): Browser is closed

2022-01-16 01:39:36 - [MESSAGE][PASSED] - Browser is closed]]></system-out>
         <system-err><![CDATA[]]></system-err>
      </testcase>
      <testcase name="Test Cases/Add event to calendar" time="31.032" classname="Test Cases/Add event to calendar" status="PASSED">
         <system-out><![CDATA[2022-01-16 01:39:36 - [TEST_CASE][PASSED] - Test Cases/Add event to calendar: Test Cases/Add event to calendar

2022-01-16 01:39:37 - [TEST_STEP][PASSED] - openBrowser(""): Browser is opened with url: ''

2022-01-16 01:39:37 - [MESSAGE][INFO] - Starting 'Edge Chromium' driver

2022-01-16 01:39:39 - [MESSAGE][INFO] - Action delay is set to 0 milliseconds

2022-01-16 01:39:40 - [MESSAGE][PASSED] - Browser is opened with url: ''

2022-01-16 01:39:40 - [TEST_STEP][PASSED] - navigateToUrl("localhost"): Navigate to 'http://localhost' successfully

2022-01-16 01:39:40 - [MESSAGE][PASSED] - Navigate to 'http://localhost' successfully

2022-01-16 01:39:40 - [TEST_STEP][PASSED] - click(findTestObject("Page_Home page/a_Log in")): Object: 'Object Repository/Page_Home page/a_Log in' is clicked on

2022-01-16 01:39:41 - [MESSAGE][PASSED] - Object: 'Object Repository/Page_Home page/a_Log in' is clicked on

2022-01-16 01:39:41 - [TEST_STEP][PASSED] - setText(findTestObject("Page_Home page Log in to the site/input_Username_username"), "teacher1"): Text 'teacher1' is set on object 'Object Repository/Page_Home page Log in to the site/input_Username_username'

2022-01-16 01:39:42 - [MESSAGE][PASSED] - Text 'teacher1' is set on object 'Object Repository/Page_Home page Log in to the site/input_Username_username'

2022-01-16 01:39:42 - [TEST_STEP][PASSED] - setText(findTestObject("Page_Home page Log in to the site/input_Password_password (1)"), "Group_10"): Text 'Group_10' is set on object 'Object Repository/Page_Home page Log in to the site/input_Password_password (1)'

2022-01-16 01:39:43 - [MESSAGE][PASSED] - Text 'Group_10' is set on object 'Object Repository/Page_Home page Log in to the site/input_Password_password (1)'

2022-01-16 01:39:43 - [TEST_STEP][PASSED] - click(findTestObject("Page_Home page Log in to the site/button_Log in")): Object: 'Object Repository/Page_Home page Log in to the site/button_Log in' is clicked on

2022-01-16 01:39:44 - [MESSAGE][PASSED] - Object: 'Object Repository/Page_Home page Log in to the site/button_Log in' is clicked on

2022-01-16 01:39:44 - [TEST_STEP][PASSED] - click(findTestObject("Page_Dashboard/a_My courses (1)")): Object: 'Object Repository/Page_Dashboard/a_My courses (1)' is clicked on

2022-01-16 01:39:45 - [MESSAGE][PASSED] - Object: 'Object Repository/Page_Dashboard/a_My courses (1)' is clicked on

2022-01-16 01:39:45 - [TEST_STEP][PASSED] - click(findTestObject("Page_My courses/span_Test Automation")): Object: 'Object Repository/Page_My courses/span_Test Automation' is clicked on

2022-01-16 01:39:47 - [MESSAGE][PASSED] - Object: 'Object Repository/Page_My courses/span_Test Automation' is clicked on

2022-01-16 01:39:47 - [TEST_STEP][PASSED] - click(findTestObject("Page_Course Test Automation/input_Edit mode_setmode")): Object: 'Object Repository/Page_Course Test Automation/input_Edit mode_setmode' is clicked on

2022-01-16 01:39:48 - [MESSAGE][PASSED] - Object: 'Object Repository/Page_Course Test Automation/input_Edit mode_setmode' is clicked on

2022-01-16 01:39:48 - [TEST_STEP][PASSED] - click(findTestObject("Page_Course Test Automation/span_Add an activity or resource_2")): Object: 'Object Repository/Page_Course Test Automation/span_Add an activity or resource_2' is clicked on

2022-01-16 01:39:49 - [MESSAGE][PASSED] - Object: 'Object Repository/Page_Course Test Automation/span_Add an activity or resource_2' is clicked on

2022-01-16 01:39:49 - [TEST_STEP][PASSED] - click(findTestObject("Page_Course Test Automation/img_Recommended_icon icon activityicon")): Object: 'Object Repository/Page_Course Test Automation/img_Recommended_icon icon activityicon' is clicked on

2022-01-16 01:39:51 - [MESSAGE][PASSED] - Object: 'Object Repository/Page_Course Test Automation/img_Recommended_icon icon activityicon' is clicked on

2022-01-16 01:39:51 - [TEST_STEP][PASSED] - setText(findTestObject("Page_Course Test Automation/Page_Editing Assignment/input_name-assignment"), "Midterm"): Text 'Midterm' is set on object 'Object Repository/Page_Course Test Automation/Page_Editing Assignment/input_name-assignment'

2022-01-16 01:39:53 - [MESSAGE][PASSED] - Text 'Midterm' is set on object 'Object Repository/Page_Course Test Automation/Page_Editing Assignment/input_name-assignment'

2022-01-16 01:39:53 - [TEST_STEP][PASSED] - setText(findTestObject("Page_Course Test Automation/Page_Editing Assignment/input_description_assignment"), "MSSV.pdf"): Text 'MSSV.pdf' is set on object 'Object Repository/Page_Course Test Automation/Page_Editing Assignment/input_description_assignment'

2022-01-16 01:39:54 - [MESSAGE][PASSED] - Text 'MSSV.pdf' is set on object 'Object Repository/Page_Course Test Automation/Page_Editing Assignment/input_description_assignment'

2022-01-16 01:39:54 - [TEST_STEP][PASSED] - selectOptionByValue(findTestObject("Page_Course Test Automation/Page_Editing Assignment/select_allow_submit_day"), "20", false): All options with value '20' are selected in object 'Object Repository/Page_Course Test Automation/Page_Editing Assignment/select_allow_submit_day' 

2022-01-16 01:39:55 - [MESSAGE][PASSED] - All options with value '20' are selected in object 'Object Repository/Page_Course Test Automation/Page_Editing Assignment/select_allow_submit_day' 

2022-01-16 01:39:55 - [TEST_STEP][PASSED] - selectOptionByValue(findTestObject("Page_Course Test Automation/Page_Editing Assignment/select_allow_submit_time"), "13", false): All options with value '13' are selected in object 'Object Repository/Page_Course Test Automation/Page_Editing Assignment/select_allow_submit_time' 

2022-01-16 01:39:55 - [MESSAGE][PASSED] - All options with value '13' are selected in object 'Object Repository/Page_Course Test Automation/Page_Editing Assignment/select_allow_submit_time' 

2022-01-16 01:39:55 - [TEST_STEP][PASSED] - selectOptionByValue(findTestObject("Page_Course Test Automation/Page_Editing Assignment/select_due_date_day"), "20", false): All options with value '20' are selected in object 'Object Repository/Page_Course Test Automation/Page_Editing Assignment/select_due_date_day' 

2022-01-16 01:39:56 - [MESSAGE][PASSED] - All options with value '20' are selected in object 'Object Repository/Page_Course Test Automation/Page_Editing Assignment/select_due_date_day' 

2022-01-16 01:39:56 - [TEST_STEP][PASSED] - selectOptionByValue(findTestObject("Page_Course Test Automation/Page_Editing Assignment/select_due_date_time"), "15", false): All options with value '15' are selected in object 'Object Repository/Page_Course Test Automation/Page_Editing Assignment/select_due_date_time' 

2022-01-16 01:39:57 - [MESSAGE][PASSED] - All options with value '15' are selected in object 'Object Repository/Page_Course Test Automation/Page_Editing Assignment/select_due_date_time' 

2022-01-16 01:39:57 - [TEST_STEP][PASSED] - click(findTestObject("Page_Course Test Automation/Page_Editing Assignment/submitbutton-assignment")): Object: 'Object Repository/Page_Course Test Automation/Page_Editing Assignment/submitbutton-assignment' is clicked on

2022-01-16 01:39:59 - [MESSAGE][PASSED] - Object: 'Object Repository/Page_Course Test Automation/Page_Editing Assignment/submitbutton-assignment' is clicked on

2022-01-16 01:39:59 - [TEST_STEP][PASSED] - click(findTestObject("Page_My courses/a_Dashboard")): Object: 'Object Repository/Page_My courses/a_Dashboard' is clicked on

2022-01-16 01:40:00 - [MESSAGE][PASSED] - Object: 'Object Repository/Page_My courses/a_Dashboard' is clicked on

2022-01-16 01:40:00 - [TEST_STEP][PASSED] - click(findTestObject("Page_Course Test Automation/input_Edit mode_setmode")): Object: 'Object Repository/Page_Course Test Automation/input_Edit mode_setmode' is clicked on

2022-01-16 01:40:01 - [MESSAGE][PASSED] - Object: 'Object Repository/Page_Course Test Automation/input_Edit mode_setmode' is clicked on

2022-01-16 01:40:01 - [TEST_STEP][PASSED] - click(findTestObject("Page_Course Test Automation/view_event")): Object: 'Object Repository/Page_Course Test Automation/view_event' is clicked on

2022-01-16 01:40:03 - [MESSAGE][PASSED] - Object: 'Object Repository/Page_Course Test Automation/view_event' is clicked on

2022-01-16 01:40:03 - [TEST_STEP][PASSED] - click(findTestObject("Page_Course Test Automation/Page_Group10 Calendar Day view Thursday, 20 January 2022/h3_Midterm is due")): Object: 'Object Repository/Page_Course Test Automation/Page_Group10 Calendar Day view Thursday, 20 January 2022/h3_Midterm is due' is clicked on

2022-01-16 01:40:04 - [MESSAGE][PASSED] - Object: 'Object Repository/Page_Course Test Automation/Page_Group10 Calendar Day view Thursday, 20 January 2022/h3_Midterm is due' is clicked on

2022-01-16 01:40:04 - [TEST_STEP][PASSED] - click(findTestObject("Page_Course Test Automation/Page_Group10 Calendar Day view Thursday, 20 January 2022/a_Go to activity")): Object: 'Object Repository/Page_Course Test Automation/Page_Group10 Calendar Day view Thursday, 20 January 2022/a_Go to activity' is clicked on

2022-01-16 01:40:05 - [MESSAGE][PASSED] - Object: 'Object Repository/Page_Course Test Automation/Page_Group10 Calendar Day view Thursday, 20 January 2022/a_Go to activity' is clicked on

2022-01-16 01:40:05 - [TEST_STEP][PASSED] - click(findTestObject("Page_Dashboard/a_NH")): Object: 'Object Repository/Page_Dashboard/a_NH' is clicked on

2022-01-16 01:40:06 - [MESSAGE][PASSED] - Object: 'Object Repository/Page_Dashboard/a_NH' is clicked on

2022-01-16 01:40:06 - [TEST_STEP][PASSED] - click(findTestObject("Page_Dashboard/a_Log out")): Object: 'Object Repository/Page_Dashboard/a_Log out' is clicked on

2022-01-16 01:40:07 - [MESSAGE][PASSED] - Object: 'Object Repository/Page_Dashboard/a_Log out' is clicked on

2022-01-16 01:40:07 - [TEST_STEP][PASSED] - closeBrowser(): Browser is closed

2022-01-16 01:40:07 - [MESSAGE][PASSED] - Browser is closed]]></system-out>
         <system-err><![CDATA[]]></system-err>
      </testcase>
      <testcase name="Test Cases/Add a lesson note" time="48.608" classname="Test Cases/Add a lesson note" status="FAILED">
         <failure type="FAILED" message="Test Cases/Add a lesson note FAILED.
Reason:
com.kms.katalon.core.exception.StepFailedException: Unable to upload file 'D:\TestAutomation-SEBonus-Group10\Note-Week01.docx' to object 'Object Repository/Page_Course Test Automation/Add lesson note/choose file upload'
	at com.kms.katalon.core.webui.keyword.internal.WebUIKeywordMain.stepFailed(WebUIKeywordMain.groovy:64)
	at com.kms.katalon.core.webui.keyword.internal.WebUIKeywordMain.runKeyword(WebUIKeywordMain.groovy:26)
	at com.kms.katalon.core.webui.keyword.builtin.UploadFileKeyword.uploadFile(UploadFileKeyword.groovy:87)
	at com.kms.katalon.core.webui.keyword.builtin.UploadFileKeyword.execute(UploadFileKeyword.groovy:68)
	at com.kms.katalon.core.keyword.internal.KeywordExecutor.executeKeywordForPlatform(KeywordExecutor.groovy:74)
	at com.kms.katalon.core.webui.keyword.WebUiBuiltInKeywords.uploadFile(WebUiBuiltInKeywords.groovy:4031)
	at com.kms.katalon.core.webui.keyword.WebUiBuiltInKeywords$uploadFile$6.call(Unknown Source)
	at Add a lesson note.run(Add a lesson note:48)
	at com.kms.katalon.core.main.ScriptEngine.run(ScriptEngine.java:194)
	at com.kms.katalon.core.main.ScriptEngine.runScriptAsRawText(ScriptEngine.java:119)
	at com.kms.katalon.core.main.TestCaseExecutor.runScript(TestCaseExecutor.java:442)
	at com.kms.katalon.core.main.TestCaseExecutor.doExecute(TestCaseExecutor.java:433)
	at com.kms.katalon.core.main.TestCaseExecutor.processExecutionPhase(TestCaseExecutor.java:412)
	at com.kms.katalon.core.main.TestCaseExecutor.accessMainPhase(TestCaseExecutor.java:404)
	at com.kms.katalon.core.main.TestCaseExecutor.execute(TestCaseExecutor.java:281)
	at com.kms.katalon.core.main.TestSuiteExecutor.accessTestCaseMainPhase(TestSuiteExecutor.java:202)
	at com.kms.katalon.core.main.TestSuiteExecutor.accessTestSuiteMainPhase(TestSuiteExecutor.java:164)
	at com.kms.katalon.core.main.TestSuiteExecutor.execute(TestSuiteExecutor.java:105)
	at com.kms.katalon.core.main.TestCaseMain.startTestSuite(TestCaseMain.java:181)
	at com.kms.katalon.core.main.TestCaseMain$startTestSuite$0.call(Unknown Source)
	at TempTestSuite1642271036821.run(TempTestSuite1642271036821.groovy:36)
Caused by: com.kms.katalon.core.webui.exception.WebElementNotFoundException: Web element with id: 'Object Repository/Page_Course Test Automation/Add lesson note/choose file upload' located by '//div/div/form/div/div/div/input' not found
	at com.kms.katalon.core.webui.common.WebUiCommonHelper.findWebElement(WebUiCommonHelper.java:1368)
	at com.kms.katalon.core.webui.keyword.internal.WebUIAbstractKeyword.findWebElement(WebUIAbstractKeyword.groovy:27)
	at com.kms.katalon.core.webui.keyword.internal.WebUIAbstractKeyword.findWebElement(WebUIAbstractKeyword.groovy:26)
	at com.kms.katalon.core.webui.keyword.builtin.UploadFileKeyword$_uploadFile_closure1.doCall(UploadFileKeyword.groovy:79)
	at com.kms.katalon.core.webui.keyword.builtin.UploadFileKeyword$_uploadFile_closure1.call(UploadFileKeyword.groovy)
	at com.kms.katalon.core.webui.keyword.internal.WebUIKeywordMain.runKeyword(WebUIKeywordMain.groovy:20)
	... 19 more
"/>
         <system-out><![CDATA[2022-01-16 01:40:07 - [TEST_CASE][FAILED] - Test Cases/Add a lesson note: Test Cases/Add a lesson note FAILED.
Reason:
com.kms.katalon.core.exception.StepFailedException: Unable to upload file 'D:\TestAutomation-SEBonus-Group10\Note-Week01.docx' to object 'Object Repository/Page_Course Test Automation/Add lesson note/choose file upload'
	at com.kms.katalon.core.webui.keyword.internal.WebUIKeywordMain.stepFailed(WebUIKeywordMain.groovy:64)
	at com.kms.katalon.core.webui.keyword.internal.WebUIKeywordMain.runKeyword(WebUIKeywordMain.groovy:26)
	at com.kms.katalon.core.webui.keyword.builtin.UploadFileKeyword.uploadFile(UploadFileKeyword.groovy:87)
	at com.kms.katalon.core.webui.keyword.builtin.UploadFileKeyword.execute(UploadFileKeyword.groovy:68)
	at com.kms.katalon.core.keyword.internal.KeywordExecutor.executeKeywordForPlatform(KeywordExecutor.groovy:74)
	at com.kms.katalon.core.webui.keyword.WebUiBuiltInKeywords.uploadFile(WebUiBuiltInKeywords.groovy:4031)
	at com.kms.katalon.core.webui.keyword.WebUiBuiltInKeywords$uploadFile$6.call(Unknown Source)
	at Add a lesson note.run(Add a lesson note:48)
	at com.kms.katalon.core.main.ScriptEngine.run(ScriptEngine.java:194)
	at com.kms.katalon.core.main.ScriptEngine.runScriptAsRawText(ScriptEngine.java:119)
	at com.kms.katalon.core.main.TestCaseExecutor.runScript(TestCaseExecutor.java:442)
	at com.kms.katalon.core.main.TestCaseExecutor.doExecute(TestCaseExecutor.java:433)
	at com.kms.katalon.core.main.TestCaseExecutor.processExecutionPhase(TestCaseExecutor.java:412)
	at com.kms.katalon.core.main.TestCaseExecutor.accessMainPhase(TestCaseExecutor.java:404)
	at com.kms.katalon.core.main.TestCaseExecutor.execute(TestCaseExecutor.java:281)
	at com.kms.katalon.core.main.TestSuiteExecutor.accessTestCaseMainPhase(TestSuiteExecutor.java:202)
	at com.kms.katalon.core.main.TestSuiteExecutor.accessTestSuiteMainPhase(TestSuiteExecutor.java:164)
	at com.kms.katalon.core.main.TestSuiteExecutor.execute(TestSuiteExecutor.java:105)
	at com.kms.katalon.core.main.TestCaseMain.startTestSuite(TestCaseMain.java:181)
	at com.kms.katalon.core.main.TestCaseMain$startTestSuite$0.call(Unknown Source)
	at TempTestSuite1642271036821.run(TempTestSuite1642271036821.groovy:36)
Caused by: com.kms.katalon.core.webui.exception.WebElementNotFoundException: Web element with id: 'Object Repository/Page_Course Test Automation/Add lesson note/choose file upload' located by '//div/div/form/div/div/div/input' not found
	at com.kms.katalon.core.webui.common.WebUiCommonHelper.findWebElement(WebUiCommonHelper.java:1368)
	at com.kms.katalon.core.webui.keyword.internal.WebUIAbstractKeyword.findWebElement(WebUIAbstractKeyword.groovy:27)
	at com.kms.katalon.core.webui.keyword.internal.WebUIAbstractKeyword.findWebElement(WebUIAbstractKeyword.groovy:26)
	at com.kms.katalon.core.webui.keyword.builtin.UploadFileKeyword$_uploadFile_closure1.doCall(UploadFileKeyword.groovy:79)
	at com.kms.katalon.core.webui.keyword.builtin.UploadFileKeyword$_uploadFile_closure1.call(UploadFileKeyword.groovy)
	at com.kms.katalon.core.webui.keyword.internal.WebUIKeywordMain.runKeyword(WebUIKeywordMain.groovy:20)
	... 19 more


2022-01-16 01:40:08 - [TEST_STEP][PASSED] - openBrowser(""): Browser is opened with url: ''

2022-01-16 01:40:08 - [MESSAGE][INFO] - Starting 'Edge Chromium' driver

2022-01-16 01:40:10 - [MESSAGE][INFO] - Action delay is set to 0 milliseconds

2022-01-16 01:40:11 - [MESSAGE][PASSED] - Browser is opened with url: ''

2022-01-16 01:40:11 - [TEST_STEP][PASSED] - navigateToUrl("localhost"): Navigate to 'http://localhost' successfully

2022-01-16 01:40:11 - [MESSAGE][PASSED] - Navigate to 'http://localhost' successfully

2022-01-16 01:40:11 - [TEST_STEP][PASSED] - click(findTestObject("Page_Home page/a_Log in")): Object: 'Object Repository/Page_Home page/a_Log in' is clicked on

2022-01-16 01:40:12 - [MESSAGE][PASSED] - Object: 'Object Repository/Page_Home page/a_Log in' is clicked on

2022-01-16 01:40:12 - [TEST_STEP][PASSED] - setText(findTestObject("Page_Home page Log in to the site/input_Username_username"), "teacher1"): Text 'teacher1' is set on object 'Object Repository/Page_Home page Log in to the site/input_Username_username'

2022-01-16 01:40:13 - [MESSAGE][PASSED] - Text 'teacher1' is set on object 'Object Repository/Page_Home page Log in to the site/input_Username_username'

2022-01-16 01:40:13 - [TEST_STEP][PASSED] - setText(findTestObject("Page_Home page Log in to the site/input_Password_password (1)"), "Group_10"): Text 'Group_10' is set on object 'Object Repository/Page_Home page Log in to the site/input_Password_password (1)'

2022-01-16 01:40:14 - [MESSAGE][PASSED] - Text 'Group_10' is set on object 'Object Repository/Page_Home page Log in to the site/input_Password_password (1)'

2022-01-16 01:40:14 - [TEST_STEP][PASSED] - click(findTestObject("Page_Home page Log in to the site/button_Log in")): Object: 'Object Repository/Page_Home page Log in to the site/button_Log in' is clicked on

2022-01-16 01:40:15 - [MESSAGE][PASSED] - Object: 'Object Repository/Page_Home page Log in to the site/button_Log in' is clicked on

2022-01-16 01:40:15 - [TEST_STEP][PASSED] - click(findTestObject("Page_Dashboard/a_My courses (1)")): Object: 'Object Repository/Page_Dashboard/a_My courses (1)' is clicked on

2022-01-16 01:40:16 - [MESSAGE][PASSED] - Object: 'Object Repository/Page_Dashboard/a_My courses (1)' is clicked on

2022-01-16 01:40:16 - [TEST_STEP][PASSED] - click(findTestObject("Page_My courses/span_Test Automation")): Object: 'Object Repository/Page_My courses/span_Test Automation' is clicked on

2022-01-16 01:40:18 - [MESSAGE][PASSED] - Object: 'Object Repository/Page_My courses/span_Test Automation' is clicked on

2022-01-16 01:40:18 - [TEST_STEP][PASSED] - click(findTestObject("Page_Course Test Automation/input_Edit mode_setmode")): Object: 'Object Repository/Page_Course Test Automation/input_Edit mode_setmode' is clicked on

2022-01-16 01:40:19 - [MESSAGE][PASSED] - Object: 'Object Repository/Page_Course Test Automation/input_Edit mode_setmode' is clicked on

2022-01-16 01:40:19 - [TEST_STEP][PASSED] - click(findTestObject("Page_Course Test Automation/Add lesson note/button_Add an activity or resource")): Object: 'Object Repository/Page_Course Test Automation/Add lesson note/button_Add an activity or resource' is clicked on

2022-01-16 01:40:20 - [MESSAGE][PASSED] - Object: 'Object Repository/Page_Course Test Automation/Add lesson note/button_Add an activity or resource' is clicked on

2022-01-16 01:40:20 - [TEST_STEP][PASSED] - click(findTestObject("Page_Course Test Automation/Add lesson note/icon file")): Object: 'Object Repository/Page_Course Test Automation/Add lesson note/icon file' is clicked on

2022-01-16 01:40:22 - [MESSAGE][PASSED] - Object: 'Object Repository/Page_Course Test Automation/Add lesson note/icon file' is clicked on

2022-01-16 01:40:22 - [TEST_STEP][PASSED] - setText(findTestObject("Page_Course Test Automation/Add lesson note/input_Name_name"), "Lesson note - Week 01"): Text 'Lesson note - Week 01' is set on object 'Object Repository/Page_Course Test Automation/Add lesson note/input_Name_name'

2022-01-16 01:40:24 - [MESSAGE][PASSED] - Text 'Lesson note - Week 01' is set on object 'Object Repository/Page_Course Test Automation/Add lesson note/input_Name_name'

2022-01-16 01:40:24 - [TEST_STEP][PASSED] - click(findTestObject("Page_Course Test Automation/Add lesson note/Select file in general")): Object: 'Object Repository/Page_Course Test Automation/Add lesson note/Select file in general' is clicked on

2022-01-16 01:40:24 - [MESSAGE][PASSED] - Object: 'Object Repository/Page_Course Test Automation/Add lesson note/Select file in general' is clicked on

2022-01-16 01:40:24 - [TEST_STEP][PASSED] - click(findTestObject("Page_Course Test Automation/Add lesson note/select upload file method")): Object: 'Object Repository/Page_Course Test Automation/Add lesson note/select upload file method' is clicked on

2022-01-16 01:40:25 - [MESSAGE][PASSED] - Object: 'Object Repository/Page_Course Test Automation/Add lesson note/select upload file method' is clicked on

2022-01-16 01:40:25 - [TEST_STEP][FAILED] - uploadFile(findTestObject("Page_Course Test Automation/Add lesson note/choose file upload"), "D:\TestAutomation-SEBonus-Group10\Note-Week01.docx"): Unable to upload file 'D:\TestAutomation-SEBonus-Group10\Note-Week01.docx' to object 'Object Repository/Page_Course Test Automation/Add lesson note/choose file upload' (Root cause: com.kms.katalon.core.exception.StepFailedException: Unable to upload file 'D:\TestAutomation-SEBonus-Group10\Note-Week01.docx' to object 'Object Repository/Page_Course Test Automation/Add lesson note/choose file upload'
	at com.kms.katalon.core.webui.keyword.internal.WebUIKeywordMain.stepFailed(WebUIKeywordMain.groovy:64)
	at com.kms.katalon.core.webui.keyword.internal.WebUIKeywordMain.runKeyword(WebUIKeywordMain.groovy:26)
	at com.kms.katalon.core.webui.keyword.builtin.UploadFileKeyword.uploadFile(UploadFileKeyword.groovy:87)
	at com.kms.katalon.core.webui.keyword.builtin.UploadFileKeyword.execute(UploadFileKeyword.groovy:68)
	at com.kms.katalon.core.keyword.internal.KeywordExecutor.executeKeywordForPlatform(KeywordExecutor.groovy:74)
	at com.kms.katalon.core.webui.keyword.WebUiBuiltInKeywords.uploadFile(WebUiBuiltInKeywords.groovy:4031)
	at com.kms.katalon.core.webui.keyword.WebUiBuiltInKeywords$uploadFile$6.call(Unknown Source)
	at Add a lesson note.run(Add a lesson note:48)
	at com.kms.katalon.core.main.ScriptEngine.run(ScriptEngine.java:194)
	at com.kms.katalon.core.main.ScriptEngine.runScriptAsRawText(ScriptEngine.java:119)
	at com.kms.katalon.core.main.TestCaseExecutor.runScript(TestCaseExecutor.java:442)
	at com.kms.katalon.core.main.TestCaseExecutor.doExecute(TestCaseExecutor.java:433)
	at com.kms.katalon.core.main.TestCaseExecutor.processExecutionPhase(TestCaseExecutor.java:412)
	at com.kms.katalon.core.main.TestCaseExecutor.accessMainPhase(TestCaseExecutor.java:404)
	at com.kms.katalon.core.main.TestCaseExecutor.execute(TestCaseExecutor.java:281)
	at com.kms.katalon.core.main.TestSuiteExecutor.accessTestCaseMainPhase(TestSuiteExecutor.java:202)
	at com.kms.katalon.core.main.TestSuiteExecutor.accessTestSuiteMainPhase(TestSuiteExecutor.java:164)
	at com.kms.katalon.core.main.TestSuiteExecutor.execute(TestSuiteExecutor.java:105)
	at com.kms.katalon.core.main.TestCaseMain.startTestSuite(TestCaseMain.java:181)
	at com.kms.katalon.core.main.TestCaseMain$startTestSuite$0.call(Unknown Source)
	at TempTestSuite1642271036821.run(TempTestSuite1642271036821.groovy:36)
Caused by: com.kms.katalon.core.webui.exception.WebElementNotFoundException: Web element with id: 'Object Repository/Page_Course Test Automation/Add lesson note/choose file upload' located by '//div/div/form/div/div/div/input' not found
	at com.kms.katalon.core.webui.common.WebUiCommonHelper.findWebElement(WebUiCommonHelper.java:1368)
	at com.kms.katalon.core.webui.keyword.internal.WebUIAbstractKeyword.findWebElement(WebUIAbstractKeyword.groovy:27)
	at com.kms.katalon.core.webui.keyword.internal.WebUIAbstractKeyword.findWebElement(WebUIAbstractKeyword.groovy:26)
	at com.kms.katalon.core.webui.keyword.builtin.UploadFileKeyword$_uploadFile_closure1.doCall(UploadFileKeyword.groovy:79)
	at com.kms.katalon.core.webui.keyword.builtin.UploadFileKeyword$_uploadFile_closure1.call(UploadFileKeyword.groovy)
	at com.kms.katalon.core.webui.keyword.internal.WebUIKeywordMain.runKeyword(WebUIKeywordMain.groovy:20)
	at com.kms.katalon.core.webui.keyword.builtin.UploadFileKeyword.uploadFile(UploadFileKeyword.groovy:87)
	at com.kms.katalon.core.webui.keyword.builtin.UploadFileKeyword.execute(UploadFileKeyword.groovy:68)
	at com.kms.katalon.core.keyword.internal.KeywordExecutor.executeKeywordForPlatform(KeywordExecutor.groovy:74)
	at com.kms.katalon.core.webui.keyword.WebUiBuiltInKeywords.uploadFile(WebUiBuiltInKeywords.groovy:4031)
	at com.kms.katalon.core.webui.keyword.WebUiBuiltInKeywords$uploadFile$6.call(Unknown Source)
	at Script1642056342872.run(Script1642056342872.groovy:48)
	... 13 more
)

2022-01-16 01:40:56 - [MESSAGE][INFO] - Unable to find the element located by 'By.xpath: //div/div/form/div/div/div/input'. Please recheck the objects properties to make sure the desired element is located. 

2022-01-16 01:40:56 - [MESSAGE][FAILED] - Unable to upload file 'D:\TestAutomation-SEBonus-Group10\Note-Week01.docx' to object 'Object Repository/Page_Course Test Automation/Add lesson note/choose file upload' (Root cause: com.kms.katalon.core.exception.StepFailedException: Unable to upload file 'D:\TestAutomation-SEBonus-Group10\Note-Week01.docx' to object 'Object Repository/Page_Course Test Automation/Add lesson note/choose file upload'
	at com.kms.katalon.core.webui.keyword.internal.WebUIKeywordMain.stepFailed(WebUIKeywordMain.groovy:64)
	at com.kms.katalon.core.webui.keyword.internal.WebUIKeywordMain.runKeyword(WebUIKeywordMain.groovy:26)
	at com.kms.katalon.core.webui.keyword.builtin.UploadFileKeyword.uploadFile(UploadFileKeyword.groovy:87)
	at com.kms.katalon.core.webui.keyword.builtin.UploadFileKeyword.execute(UploadFileKeyword.groovy:68)
	at com.kms.katalon.core.keyword.internal.KeywordExecutor.executeKeywordForPlatform(KeywordExecutor.groovy:74)
	at com.kms.katalon.core.webui.keyword.WebUiBuiltInKeywords.uploadFile(WebUiBuiltInKeywords.groovy:4031)
	at com.kms.katalon.core.webui.keyword.WebUiBuiltInKeywords$uploadFile$6.call(Unknown Source)
	at Add a lesson note.run(Add a lesson note:48)
	at com.kms.katalon.core.main.ScriptEngine.run(ScriptEngine.java:194)
	at com.kms.katalon.core.main.ScriptEngine.runScriptAsRawText(ScriptEngine.java:119)
	at com.kms.katalon.core.main.TestCaseExecutor.runScript(TestCaseExecutor.java:442)
	at com.kms.katalon.core.main.TestCaseExecutor.doExecute(TestCaseExecutor.java:433)
	at com.kms.katalon.core.main.TestCaseExecutor.processExecutionPhase(TestCaseExecutor.java:412)
	at com.kms.katalon.core.main.TestCaseExecutor.accessMainPhase(TestCaseExecutor.java:404)
	at com.kms.katalon.core.main.TestCaseExecutor.execute(TestCaseExecutor.java:281)
	at com.kms.katalon.core.main.TestSuiteExecutor.accessTestCaseMainPhase(TestSuiteExecutor.java:202)
	at com.kms.katalon.core.main.TestSuiteExecutor.accessTestSuiteMainPhase(TestSuiteExecutor.java:164)
	at com.kms.katalon.core.main.TestSuiteExecutor.execute(TestSuiteExecutor.java:105)
	at com.kms.katalon.core.main.TestCaseMain.startTestSuite(TestCaseMain.java:181)
	at com.kms.katalon.core.main.TestCaseMain$startTestSuite$0.call(Unknown Source)
	at TempTestSuite1642271036821.run(TempTestSuite1642271036821.groovy:36)
Caused by: com.kms.katalon.core.webui.exception.WebElementNotFoundException: Web element with id: 'Object Repository/Page_Course Test Automation/Add lesson note/choose file upload' located by '//div/div/form/div/div/div/input' not found
	at com.kms.katalon.core.webui.common.WebUiCommonHelper.findWebElement(WebUiCommonHelper.java:1368)
	at com.kms.katalon.core.webui.keyword.internal.WebUIAbstractKeyword.findWebElement(WebUIAbstractKeyword.groovy:27)
	at com.kms.katalon.core.webui.keyword.internal.WebUIAbstractKeyword.findWebElement(WebUIAbstractKeyword.groovy:26)
	at com.kms.katalon.core.webui.keyword.builtin.UploadFileKeyword$_uploadFile_closure1.doCall(UploadFileKeyword.groovy:79)
	at com.kms.katalon.core.webui.keyword.builtin.UploadFileKeyword$_uploadFile_closure1.call(UploadFileKeyword.groovy)
	at com.kms.katalon.core.webui.keyword.internal.WebUIKeywordMain.runKeyword(WebUIKeywordMain.groovy:20)
	at com.kms.katalon.core.webui.keyword.builtin.UploadFileKeyword.uploadFile(UploadFileKeyword.groovy:87)
	at com.kms.katalon.core.webui.keyword.builtin.UploadFileKeyword.execute(UploadFileKeyword.groovy:68)
	at com.kms.katalon.core.keyword.internal.KeywordExecutor.executeKeywordForPlatform(KeywordExecutor.groovy:74)
	at com.kms.katalon.core.webui.keyword.WebUiBuiltInKeywords.uploadFile(WebUiBuiltInKeywords.groovy:4031)
	at com.kms.katalon.core.webui.keyword.WebUiBuiltInKeywords$uploadFile$6.call(Unknown Source)
	at Script1642056342872.run(Script1642056342872.groovy:48)
	... 13 more
)
[[ATTACHMENT|D:\\TestAutomation-SEBonus-Group10\\Test Automation - SE Bonus\\Reports\\20220116_012355\\Run all test cases\\20220116_012356\\1642272056408.png]]]]></system-out>
         <system-err><![CDATA[2022-01-16 01:40:07 - [TEST_CASE][FAILED] - Test Cases/Add a lesson note: Test Cases/Add a lesson note FAILED.
Reason:
com.kms.katalon.core.exception.StepFailedException: Unable to upload file 'D:\TestAutomation-SEBonus-Group10\Note-Week01.docx' to object 'Object Repository/Page_Course Test Automation/Add lesson note/choose file upload'
	at com.kms.katalon.core.webui.keyword.internal.WebUIKeywordMain.stepFailed(WebUIKeywordMain.groovy:64)
	at com.kms.katalon.core.webui.keyword.internal.WebUIKeywordMain.runKeyword(WebUIKeywordMain.groovy:26)
	at com.kms.katalon.core.webui.keyword.builtin.UploadFileKeyword.uploadFile(UploadFileKeyword.groovy:87)
	at com.kms.katalon.core.webui.keyword.builtin.UploadFileKeyword.execute(UploadFileKeyword.groovy:68)
	at com.kms.katalon.core.keyword.internal.KeywordExecutor.executeKeywordForPlatform(KeywordExecutor.groovy:74)
	at com.kms.katalon.core.webui.keyword.WebUiBuiltInKeywords.uploadFile(WebUiBuiltInKeywords.groovy:4031)
	at com.kms.katalon.core.webui.keyword.WebUiBuiltInKeywords$uploadFile$6.call(Unknown Source)
	at Add a lesson note.run(Add a lesson note:48)
	at com.kms.katalon.core.main.ScriptEngine.run(ScriptEngine.java:194)
	at com.kms.katalon.core.main.ScriptEngine.runScriptAsRawText(ScriptEngine.java:119)
	at com.kms.katalon.core.main.TestCaseExecutor.runScript(TestCaseExecutor.java:442)
	at com.kms.katalon.core.main.TestCaseExecutor.doExecute(TestCaseExecutor.java:433)
	at com.kms.katalon.core.main.TestCaseExecutor.processExecutionPhase(TestCaseExecutor.java:412)
	at com.kms.katalon.core.main.TestCaseExecutor.accessMainPhase(TestCaseExecutor.java:404)
	at com.kms.katalon.core.main.TestCaseExecutor.execute(TestCaseExecutor.java:281)
	at com.kms.katalon.core.main.TestSuiteExecutor.accessTestCaseMainPhase(TestSuiteExecutor.java:202)
	at com.kms.katalon.core.main.TestSuiteExecutor.accessTestSuiteMainPhase(TestSuiteExecutor.java:164)
	at com.kms.katalon.core.main.TestSuiteExecutor.execute(TestSuiteExecutor.java:105)
	at com.kms.katalon.core.main.TestCaseMain.startTestSuite(TestCaseMain.java:181)
	at com.kms.katalon.core.main.TestCaseMain$startTestSuite$0.call(Unknown Source)
	at TempTestSuite1642271036821.run(TempTestSuite1642271036821.groovy:36)
Caused by: com.kms.katalon.core.webui.exception.WebElementNotFoundException: Web element with id: 'Object Repository/Page_Course Test Automation/Add lesson note/choose file upload' located by '//div/div/form/div/div/div/input' not found
	at com.kms.katalon.core.webui.common.WebUiCommonHelper.findWebElement(WebUiCommonHelper.java:1368)
	at com.kms.katalon.core.webui.keyword.internal.WebUIAbstractKeyword.findWebElement(WebUIAbstractKeyword.groovy:27)
	at com.kms.katalon.core.webui.keyword.internal.WebUIAbstractKeyword.findWebElement(WebUIAbstractKeyword.groovy:26)
	at com.kms.katalon.core.webui.keyword.builtin.UploadFileKeyword$_uploadFile_closure1.doCall(UploadFileKeyword.groovy:79)
	at com.kms.katalon.core.webui.keyword.builtin.UploadFileKeyword$_uploadFile_closure1.call(UploadFileKeyword.groovy)
	at com.kms.katalon.core.webui.keyword.internal.WebUIKeywordMain.runKeyword(WebUIKeywordMain.groovy:20)
	... 19 more]]></system-err>
      </testcase>
      <testcase name="Test Cases/Delete a lesson note" time="49.691" classname="Test Cases/Delete a lesson note" status="FAILED">
         <failure type="FAILED" message="Test Cases/Delete a lesson note FAILED.
Reason:
com.kms.katalon.core.exception.StepFailedException: Unable to upload file 'D:\TestAutomation-SEBonus-Group10\Note-Week02.docx' to object 'Object Repository/Page_Course Test Automation/Add lesson note/choose file upload'
	at com.kms.katalon.core.webui.keyword.internal.WebUIKeywordMain.stepFailed(WebUIKeywordMain.groovy:64)
	at com.kms.katalon.core.webui.keyword.internal.WebUIKeywordMain.runKeyword(WebUIKeywordMain.groovy:26)
	at com.kms.katalon.core.webui.keyword.builtin.UploadFileKeyword.uploadFile(UploadFileKeyword.groovy:87)
	at com.kms.katalon.core.webui.keyword.builtin.UploadFileKeyword.execute(UploadFileKeyword.groovy:68)
	at com.kms.katalon.core.keyword.internal.KeywordExecutor.executeKeywordForPlatform(KeywordExecutor.groovy:74)
	at com.kms.katalon.core.webui.keyword.WebUiBuiltInKeywords.uploadFile(WebUiBuiltInKeywords.groovy:4031)
	at com.kms.katalon.core.webui.keyword.WebUiBuiltInKeywords$uploadFile$6.call(Unknown Source)
	at Delete a lesson note.run(Delete a lesson note:48)
	at com.kms.katalon.core.main.ScriptEngine.run(ScriptEngine.java:194)
	at com.kms.katalon.core.main.ScriptEngine.runScriptAsRawText(ScriptEngine.java:119)
	at com.kms.katalon.core.main.TestCaseExecutor.runScript(TestCaseExecutor.java:442)
	at com.kms.katalon.core.main.TestCaseExecutor.doExecute(TestCaseExecutor.java:433)
	at com.kms.katalon.core.main.TestCaseExecutor.processExecutionPhase(TestCaseExecutor.java:412)
	at com.kms.katalon.core.main.TestCaseExecutor.accessMainPhase(TestCaseExecutor.java:404)
	at com.kms.katalon.core.main.TestCaseExecutor.execute(TestCaseExecutor.java:281)
	at com.kms.katalon.core.main.TestSuiteExecutor.accessTestCaseMainPhase(TestSuiteExecutor.java:202)
	at com.kms.katalon.core.main.TestSuiteExecutor.accessTestSuiteMainPhase(TestSuiteExecutor.java:164)
	at com.kms.katalon.core.main.TestSuiteExecutor.execute(TestSuiteExecutor.java:105)
	at com.kms.katalon.core.main.TestCaseMain.startTestSuite(TestCaseMain.java:181)
	at com.kms.katalon.core.main.TestCaseMain$startTestSuite$0.call(Unknown Source)
	at TempTestSuite1642271036821.run(TempTestSuite1642271036821.groovy:36)
Caused by: com.kms.katalon.core.webui.exception.WebElementNotFoundException: Web element with id: 'Object Repository/Page_Course Test Automation/Add lesson note/choose file upload' located by '//div/div/form/div/div/div/input' not found
	at com.kms.katalon.core.webui.common.WebUiCommonHelper.findWebElement(WebUiCommonHelper.java:1368)
	at com.kms.katalon.core.webui.keyword.internal.WebUIAbstractKeyword.findWebElement(WebUIAbstractKeyword.groovy:27)
	at com.kms.katalon.core.webui.keyword.internal.WebUIAbstractKeyword.findWebElement(WebUIAbstractKeyword.groovy:26)
	at com.kms.katalon.core.webui.keyword.builtin.UploadFileKeyword$_uploadFile_closure1.doCall(UploadFileKeyword.groovy:79)
	at com.kms.katalon.core.webui.keyword.builtin.UploadFileKeyword$_uploadFile_closure1.call(UploadFileKeyword.groovy)
	at com.kms.katalon.core.webui.keyword.internal.WebUIKeywordMain.runKeyword(WebUIKeywordMain.groovy:20)
	... 19 more
"/>
         <system-out><![CDATA[2022-01-16 01:40:56 - [TEST_CASE][FAILED] - Test Cases/Delete a lesson note: Test Cases/Delete a lesson note FAILED.
Reason:
com.kms.katalon.core.exception.StepFailedException: Unable to upload file 'D:\TestAutomation-SEBonus-Group10\Note-Week02.docx' to object 'Object Repository/Page_Course Test Automation/Add lesson note/choose file upload'
	at com.kms.katalon.core.webui.keyword.internal.WebUIKeywordMain.stepFailed(WebUIKeywordMain.groovy:64)
	at com.kms.katalon.core.webui.keyword.internal.WebUIKeywordMain.runKeyword(WebUIKeywordMain.groovy:26)
	at com.kms.katalon.core.webui.keyword.builtin.UploadFileKeyword.uploadFile(UploadFileKeyword.groovy:87)
	at com.kms.katalon.core.webui.keyword.builtin.UploadFileKeyword.execute(UploadFileKeyword.groovy:68)
	at com.kms.katalon.core.keyword.internal.KeywordExecutor.executeKeywordForPlatform(KeywordExecutor.groovy:74)
	at com.kms.katalon.core.webui.keyword.WebUiBuiltInKeywords.uploadFile(WebUiBuiltInKeywords.groovy:4031)
	at com.kms.katalon.core.webui.keyword.WebUiBuiltInKeywords$uploadFile$6.call(Unknown Source)
	at Delete a lesson note.run(Delete a lesson note:48)
	at com.kms.katalon.core.main.ScriptEngine.run(ScriptEngine.java:194)
	at com.kms.katalon.core.main.ScriptEngine.runScriptAsRawText(ScriptEngine.java:119)
	at com.kms.katalon.core.main.TestCaseExecutor.runScript(TestCaseExecutor.java:442)
	at com.kms.katalon.core.main.TestCaseExecutor.doExecute(TestCaseExecutor.java:433)
	at com.kms.katalon.core.main.TestCaseExecutor.processExecutionPhase(TestCaseExecutor.java:412)
	at com.kms.katalon.core.main.TestCaseExecutor.accessMainPhase(TestCaseExecutor.java:404)
	at com.kms.katalon.core.main.TestCaseExecutor.execute(TestCaseExecutor.java:281)
	at com.kms.katalon.core.main.TestSuiteExecutor.accessTestCaseMainPhase(TestSuiteExecutor.java:202)
	at com.kms.katalon.core.main.TestSuiteExecutor.accessTestSuiteMainPhase(TestSuiteExecutor.java:164)
	at com.kms.katalon.core.main.TestSuiteExecutor.execute(TestSuiteExecutor.java:105)
	at com.kms.katalon.core.main.TestCaseMain.startTestSuite(TestCaseMain.java:181)
	at com.kms.katalon.core.main.TestCaseMain$startTestSuite$0.call(Unknown Source)
	at TempTestSuite1642271036821.run(TempTestSuite1642271036821.groovy:36)
Caused by: com.kms.katalon.core.webui.exception.WebElementNotFoundException: Web element with id: 'Object Repository/Page_Course Test Automation/Add lesson note/choose file upload' located by '//div/div/form/div/div/div/input' not found
	at com.kms.katalon.core.webui.common.WebUiCommonHelper.findWebElement(WebUiCommonHelper.java:1368)
	at com.kms.katalon.core.webui.keyword.internal.WebUIAbstractKeyword.findWebElement(WebUIAbstractKeyword.groovy:27)
	at com.kms.katalon.core.webui.keyword.internal.WebUIAbstractKeyword.findWebElement(WebUIAbstractKeyword.groovy:26)
	at com.kms.katalon.core.webui.keyword.builtin.UploadFileKeyword$_uploadFile_closure1.doCall(UploadFileKeyword.groovy:79)
	at com.kms.katalon.core.webui.keyword.builtin.UploadFileKeyword$_uploadFile_closure1.call(UploadFileKeyword.groovy)
	at com.kms.katalon.core.webui.keyword.internal.WebUIKeywordMain.runKeyword(WebUIKeywordMain.groovy:20)
	... 19 more


2022-01-16 01:40:56 - [TEST_STEP][PASSED] - openBrowser(""): Browser is opened with url: ''

2022-01-16 01:40:56 - [MESSAGE][WARNING] - A browser is already opened. Closing browser and opening a new one

2022-01-16 01:40:57 - [MESSAGE][INFO] - Starting 'Edge Chromium' driver

2022-01-16 01:40:59 - [MESSAGE][INFO] - Action delay is set to 0 milliseconds

2022-01-16 01:41:00 - [MESSAGE][PASSED] - Browser is opened with url: ''

2022-01-16 01:41:00 - [TEST_STEP][PASSED] - navigateToUrl("localhost"): Navigate to 'http://localhost' successfully

2022-01-16 01:41:01 - [MESSAGE][PASSED] - Navigate to 'http://localhost' successfully

2022-01-16 01:41:01 - [TEST_STEP][PASSED] - click(findTestObject("Page_Home page/a_Log in")): Object: 'Object Repository/Page_Home page/a_Log in' is clicked on

2022-01-16 01:41:02 - [MESSAGE][PASSED] - Object: 'Object Repository/Page_Home page/a_Log in' is clicked on

2022-01-16 01:41:02 - [TEST_STEP][PASSED] - setText(findTestObject("Page_Home page Log in to the site/input_Username_username"), "teacher1"): Text 'teacher1' is set on object 'Object Repository/Page_Home page Log in to the site/input_Username_username'

2022-01-16 01:41:03 - [MESSAGE][PASSED] - Text 'teacher1' is set on object 'Object Repository/Page_Home page Log in to the site/input_Username_username'

2022-01-16 01:41:03 - [TEST_STEP][PASSED] - setText(findTestObject("Page_Home page Log in to the site/input_Password_password (1)"), "Group_10"): Text 'Group_10' is set on object 'Object Repository/Page_Home page Log in to the site/input_Password_password (1)'

2022-01-16 01:41:03 - [MESSAGE][PASSED] - Text 'Group_10' is set on object 'Object Repository/Page_Home page Log in to the site/input_Password_password (1)'

2022-01-16 01:41:03 - [TEST_STEP][PASSED] - click(findTestObject("Page_Home page Log in to the site/button_Log in")): Object: 'Object Repository/Page_Home page Log in to the site/button_Log in' is clicked on

2022-01-16 01:41:04 - [MESSAGE][PASSED] - Object: 'Object Repository/Page_Home page Log in to the site/button_Log in' is clicked on

2022-01-16 01:41:04 - [TEST_STEP][PASSED] - click(findTestObject("Page_Dashboard/a_My courses (1)")): Object: 'Object Repository/Page_Dashboard/a_My courses (1)' is clicked on

2022-01-16 01:41:06 - [MESSAGE][PASSED] - Object: 'Object Repository/Page_Dashboard/a_My courses (1)' is clicked on

2022-01-16 01:41:06 - [TEST_STEP][PASSED] - click(findTestObject("Page_My courses/span_Test Automation")): Object: 'Object Repository/Page_My courses/span_Test Automation' is clicked on

2022-01-16 01:41:07 - [MESSAGE][PASSED] - Object: 'Object Repository/Page_My courses/span_Test Automation' is clicked on

2022-01-16 01:41:07 - [TEST_STEP][PASSED] - click(findTestObject("Page_Course Test Automation/input_Edit mode_setmode")): Object: 'Object Repository/Page_Course Test Automation/input_Edit mode_setmode' is clicked on

2022-01-16 01:41:08 - [MESSAGE][PASSED] - Object: 'Object Repository/Page_Course Test Automation/input_Edit mode_setmode' is clicked on

2022-01-16 01:41:08 - [TEST_STEP][PASSED] - click(findTestObject("Page_Course Test Automation/Add lesson note/button_Add an activity or resource")): Object: 'Object Repository/Page_Course Test Automation/Add lesson note/button_Add an activity or resource' is clicked on

2022-01-16 01:41:10 - [MESSAGE][PASSED] - Object: 'Object Repository/Page_Course Test Automation/Add lesson note/button_Add an activity or resource' is clicked on

2022-01-16 01:41:10 - [TEST_STEP][PASSED] - click(findTestObject("Page_Course Test Automation/Add lesson note/icon file")): Object: 'Object Repository/Page_Course Test Automation/Add lesson note/icon file' is clicked on

2022-01-16 01:41:12 - [MESSAGE][PASSED] - Object: 'Object Repository/Page_Course Test Automation/Add lesson note/icon file' is clicked on

2022-01-16 01:41:12 - [TEST_STEP][PASSED] - setText(findTestObject("Page_Course Test Automation/Add lesson note/input_Name_name"), "Lesson note - Week 02"): Text 'Lesson note - Week 02' is set on object 'Object Repository/Page_Course Test Automation/Add lesson note/input_Name_name'

2022-01-16 01:41:13 - [MESSAGE][PASSED] - Text 'Lesson note - Week 02' is set on object 'Object Repository/Page_Course Test Automation/Add lesson note/input_Name_name'

2022-01-16 01:41:13 - [TEST_STEP][PASSED] - click(findTestObject("Page_Course Test Automation/Add lesson note/Select file in general")): Object: 'Object Repository/Page_Course Test Automation/Add lesson note/Select file in general' is clicked on

2022-01-16 01:41:14 - [MESSAGE][PASSED] - Object: 'Object Repository/Page_Course Test Automation/Add lesson note/Select file in general' is clicked on

2022-01-16 01:41:14 - [TEST_STEP][PASSED] - click(findTestObject("Page_Course Test Automation/Add lesson note/select upload file method")): Object: 'Object Repository/Page_Course Test Automation/Add lesson note/select upload file method' is clicked on

2022-01-16 01:41:14 - [MESSAGE][PASSED] - Object: 'Object Repository/Page_Course Test Automation/Add lesson note/select upload file method' is clicked on

2022-01-16 01:41:14 - [TEST_STEP][FAILED] - uploadFile(findTestObject("Page_Course Test Automation/Add lesson note/choose file upload"), "D:\TestAutomation-SEBonus-Group10\Note-Week02.docx"): Unable to upload file 'D:\TestAutomation-SEBonus-Group10\Note-Week02.docx' to object 'Object Repository/Page_Course Test Automation/Add lesson note/choose file upload' (Root cause: com.kms.katalon.core.exception.StepFailedException: Unable to upload file 'D:\TestAutomation-SEBonus-Group10\Note-Week02.docx' to object 'Object Repository/Page_Course Test Automation/Add lesson note/choose file upload'
	at com.kms.katalon.core.webui.keyword.internal.WebUIKeywordMain.stepFailed(WebUIKeywordMain.groovy:64)
	at com.kms.katalon.core.webui.keyword.internal.WebUIKeywordMain.runKeyword(WebUIKeywordMain.groovy:26)
	at com.kms.katalon.core.webui.keyword.builtin.UploadFileKeyword.uploadFile(UploadFileKeyword.groovy:87)
	at com.kms.katalon.core.webui.keyword.builtin.UploadFileKeyword.execute(UploadFileKeyword.groovy:68)
	at com.kms.katalon.core.keyword.internal.KeywordExecutor.executeKeywordForPlatform(KeywordExecutor.groovy:74)
	at com.kms.katalon.core.webui.keyword.WebUiBuiltInKeywords.uploadFile(WebUiBuiltInKeywords.groovy:4031)
	at com.kms.katalon.core.webui.keyword.WebUiBuiltInKeywords$uploadFile$6.call(Unknown Source)
	at Delete a lesson note.run(Delete a lesson note:48)
	at com.kms.katalon.core.main.ScriptEngine.run(ScriptEngine.java:194)
	at com.kms.katalon.core.main.ScriptEngine.runScriptAsRawText(ScriptEngine.java:119)
	at com.kms.katalon.core.main.TestCaseExecutor.runScript(TestCaseExecutor.java:442)
	at com.kms.katalon.core.main.TestCaseExecutor.doExecute(TestCaseExecutor.java:433)
	at com.kms.katalon.core.main.TestCaseExecutor.processExecutionPhase(TestCaseExecutor.java:412)
	at com.kms.katalon.core.main.TestCaseExecutor.accessMainPhase(TestCaseExecutor.java:404)
	at com.kms.katalon.core.main.TestCaseExecutor.execute(TestCaseExecutor.java:281)
	at com.kms.katalon.core.main.TestSuiteExecutor.accessTestCaseMainPhase(TestSuiteExecutor.java:202)
	at com.kms.katalon.core.main.TestSuiteExecutor.accessTestSuiteMainPhase(TestSuiteExecutor.java:164)
	at com.kms.katalon.core.main.TestSuiteExecutor.execute(TestSuiteExecutor.java:105)
	at com.kms.katalon.core.main.TestCaseMain.startTestSuite(TestCaseMain.java:181)
	at com.kms.katalon.core.main.TestCaseMain$startTestSuite$0.call(Unknown Source)
	at TempTestSuite1642271036821.run(TempTestSuite1642271036821.groovy:36)
Caused by: com.kms.katalon.core.webui.exception.WebElementNotFoundException: Web element with id: 'Object Repository/Page_Course Test Automation/Add lesson note/choose file upload' located by '//div/div/form/div/div/div/input' not found
	at com.kms.katalon.core.webui.common.WebUiCommonHelper.findWebElement(WebUiCommonHelper.java:1368)
	at com.kms.katalon.core.webui.keyword.internal.WebUIAbstractKeyword.findWebElement(WebUIAbstractKeyword.groovy:27)
	at com.kms.katalon.core.webui.keyword.internal.WebUIAbstractKeyword.findWebElement(WebUIAbstractKeyword.groovy:26)
	at com.kms.katalon.core.webui.keyword.builtin.UploadFileKeyword$_uploadFile_closure1.doCall(UploadFileKeyword.groovy:79)
	at com.kms.katalon.core.webui.keyword.builtin.UploadFileKeyword$_uploadFile_closure1.call(UploadFileKeyword.groovy)
	at com.kms.katalon.core.webui.keyword.internal.WebUIKeywordMain.runKeyword(WebUIKeywordMain.groovy:20)
	at com.kms.katalon.core.webui.keyword.builtin.UploadFileKeyword.uploadFile(UploadFileKeyword.groovy:87)
	at com.kms.katalon.core.webui.keyword.builtin.UploadFileKeyword.execute(UploadFileKeyword.groovy:68)
	at com.kms.katalon.core.keyword.internal.KeywordExecutor.executeKeywordForPlatform(KeywordExecutor.groovy:74)
	at com.kms.katalon.core.webui.keyword.WebUiBuiltInKeywords.uploadFile(WebUiBuiltInKeywords.groovy:4031)
	at com.kms.katalon.core.webui.keyword.WebUiBuiltInKeywords$uploadFile$6.call(Unknown Source)
	at Script1642153983826.run(Script1642153983826.groovy:48)
	... 13 more
)

2022-01-16 01:41:46 - [MESSAGE][INFO] - Unable to find the element located by 'By.xpath: //div/div/form/div/div/div/input'. Please recheck the objects properties to make sure the desired element is located. 

2022-01-16 01:41:46 - [MESSAGE][FAILED] - Unable to upload file 'D:\TestAutomation-SEBonus-Group10\Note-Week02.docx' to object 'Object Repository/Page_Course Test Automation/Add lesson note/choose file upload' (Root cause: com.kms.katalon.core.exception.StepFailedException: Unable to upload file 'D:\TestAutomation-SEBonus-Group10\Note-Week02.docx' to object 'Object Repository/Page_Course Test Automation/Add lesson note/choose file upload'
	at com.kms.katalon.core.webui.keyword.internal.WebUIKeywordMain.stepFailed(WebUIKeywordMain.groovy:64)
	at com.kms.katalon.core.webui.keyword.internal.WebUIKeywordMain.runKeyword(WebUIKeywordMain.groovy:26)
	at com.kms.katalon.core.webui.keyword.builtin.UploadFileKeyword.uploadFile(UploadFileKeyword.groovy:87)
	at com.kms.katalon.core.webui.keyword.builtin.UploadFileKeyword.execute(UploadFileKeyword.groovy:68)
	at com.kms.katalon.core.keyword.internal.KeywordExecutor.executeKeywordForPlatform(KeywordExecutor.groovy:74)
	at com.kms.katalon.core.webui.keyword.WebUiBuiltInKeywords.uploadFile(WebUiBuiltInKeywords.groovy:4031)
	at com.kms.katalon.core.webui.keyword.WebUiBuiltInKeywords$uploadFile$6.call(Unknown Source)
	at Delete a lesson note.run(Delete a lesson note:48)
	at com.kms.katalon.core.main.ScriptEngine.run(ScriptEngine.java:194)
	at com.kms.katalon.core.main.ScriptEngine.runScriptAsRawText(ScriptEngine.java:119)
	at com.kms.katalon.core.main.TestCaseExecutor.runScript(TestCaseExecutor.java:442)
	at com.kms.katalon.core.main.TestCaseExecutor.doExecute(TestCaseExecutor.java:433)
	at com.kms.katalon.core.main.TestCaseExecutor.processExecutionPhase(TestCaseExecutor.java:412)
	at com.kms.katalon.core.main.TestCaseExecutor.accessMainPhase(TestCaseExecutor.java:404)
	at com.kms.katalon.core.main.TestCaseExecutor.execute(TestCaseExecutor.java:281)
	at com.kms.katalon.core.main.TestSuiteExecutor.accessTestCaseMainPhase(TestSuiteExecutor.java:202)
	at com.kms.katalon.core.main.TestSuiteExecutor.accessTestSuiteMainPhase(TestSuiteExecutor.java:164)
	at com.kms.katalon.core.main.TestSuiteExecutor.execute(TestSuiteExecutor.java:105)
	at com.kms.katalon.core.main.TestCaseMain.startTestSuite(TestCaseMain.java:181)
	at com.kms.katalon.core.main.TestCaseMain$startTestSuite$0.call(Unknown Source)
	at TempTestSuite1642271036821.run(TempTestSuite1642271036821.groovy:36)
Caused by: com.kms.katalon.core.webui.exception.WebElementNotFoundException: Web element with id: 'Object Repository/Page_Course Test Automation/Add lesson note/choose file upload' located by '//div/div/form/div/div/div/input' not found
	at com.kms.katalon.core.webui.common.WebUiCommonHelper.findWebElement(WebUiCommonHelper.java:1368)
	at com.kms.katalon.core.webui.keyword.internal.WebUIAbstractKeyword.findWebElement(WebUIAbstractKeyword.groovy:27)
	at com.kms.katalon.core.webui.keyword.internal.WebUIAbstractKeyword.findWebElement(WebUIAbstractKeyword.groovy:26)
	at com.kms.katalon.core.webui.keyword.builtin.UploadFileKeyword$_uploadFile_closure1.doCall(UploadFileKeyword.groovy:79)
	at com.kms.katalon.core.webui.keyword.builtin.UploadFileKeyword$_uploadFile_closure1.call(UploadFileKeyword.groovy)
	at com.kms.katalon.core.webui.keyword.internal.WebUIKeywordMain.runKeyword(WebUIKeywordMain.groovy:20)
	at com.kms.katalon.core.webui.keyword.builtin.UploadFileKeyword.uploadFile(UploadFileKeyword.groovy:87)
	at com.kms.katalon.core.webui.keyword.builtin.UploadFileKeyword.execute(UploadFileKeyword.groovy:68)
	at com.kms.katalon.core.keyword.internal.KeywordExecutor.executeKeywordForPlatform(KeywordExecutor.groovy:74)
	at com.kms.katalon.core.webui.keyword.WebUiBuiltInKeywords.uploadFile(WebUiBuiltInKeywords.groovy:4031)
	at com.kms.katalon.core.webui.keyword.WebUiBuiltInKeywords$uploadFile$6.call(Unknown Source)
	at Script1642153983826.run(Script1642153983826.groovy:48)
	... 13 more
)
[[ATTACHMENT|D:\\TestAutomation-SEBonus-Group10\\Test Automation - SE Bonus\\Reports\\20220116_012355\\Run all test cases\\20220116_012356\\1642272106068.png]]]]></system-out>
         <system-err><![CDATA[2022-01-16 01:40:56 - [TEST_CASE][FAILED] - Test Cases/Delete a lesson note: Test Cases/Delete a lesson note FAILED.
Reason:
com.kms.katalon.core.exception.StepFailedException: Unable to upload file 'D:\TestAutomation-SEBonus-Group10\Note-Week02.docx' to object 'Object Repository/Page_Course Test Automation/Add lesson note/choose file upload'
	at com.kms.katalon.core.webui.keyword.internal.WebUIKeywordMain.stepFailed(WebUIKeywordMain.groovy:64)
	at com.kms.katalon.core.webui.keyword.internal.WebUIKeywordMain.runKeyword(WebUIKeywordMain.groovy:26)
	at com.kms.katalon.core.webui.keyword.builtin.UploadFileKeyword.uploadFile(UploadFileKeyword.groovy:87)
	at com.kms.katalon.core.webui.keyword.builtin.UploadFileKeyword.execute(UploadFileKeyword.groovy:68)
	at com.kms.katalon.core.keyword.internal.KeywordExecutor.executeKeywordForPlatform(KeywordExecutor.groovy:74)
	at com.kms.katalon.core.webui.keyword.WebUiBuiltInKeywords.uploadFile(WebUiBuiltInKeywords.groovy:4031)
	at com.kms.katalon.core.webui.keyword.WebUiBuiltInKeywords$uploadFile$6.call(Unknown Source)
	at Delete a lesson note.run(Delete a lesson note:48)
	at com.kms.katalon.core.main.ScriptEngine.run(ScriptEngine.java:194)
	at com.kms.katalon.core.main.ScriptEngine.runScriptAsRawText(ScriptEngine.java:119)
	at com.kms.katalon.core.main.TestCaseExecutor.runScript(TestCaseExecutor.java:442)
	at com.kms.katalon.core.main.TestCaseExecutor.doExecute(TestCaseExecutor.java:433)
	at com.kms.katalon.core.main.TestCaseExecutor.processExecutionPhase(TestCaseExecutor.java:412)
	at com.kms.katalon.core.main.TestCaseExecutor.accessMainPhase(TestCaseExecutor.java:404)
	at com.kms.katalon.core.main.TestCaseExecutor.execute(TestCaseExecutor.java:281)
	at com.kms.katalon.core.main.TestSuiteExecutor.accessTestCaseMainPhase(TestSuiteExecutor.java:202)
	at com.kms.katalon.core.main.TestSuiteExecutor.accessTestSuiteMainPhase(TestSuiteExecutor.java:164)
	at com.kms.katalon.core.main.TestSuiteExecutor.execute(TestSuiteExecutor.java:105)
	at com.kms.katalon.core.main.TestCaseMain.startTestSuite(TestCaseMain.java:181)
	at com.kms.katalon.core.main.TestCaseMain$startTestSuite$0.call(Unknown Source)
	at TempTestSuite1642271036821.run(TempTestSuite1642271036821.groovy:36)
Caused by: com.kms.katalon.core.webui.exception.WebElementNotFoundException: Web element with id: 'Object Repository/Page_Course Test Automation/Add lesson note/choose file upload' located by '//div/div/form/div/div/div/input' not found
	at com.kms.katalon.core.webui.common.WebUiCommonHelper.findWebElement(WebUiCommonHelper.java:1368)
	at com.kms.katalon.core.webui.keyword.internal.WebUIAbstractKeyword.findWebElement(WebUIAbstractKeyword.groovy:27)
	at com.kms.katalon.core.webui.keyword.internal.WebUIAbstractKeyword.findWebElement(WebUIAbstractKeyword.groovy:26)
	at com.kms.katalon.core.webui.keyword.builtin.UploadFileKeyword$_uploadFile_closure1.doCall(UploadFileKeyword.groovy:79)
	at com.kms.katalon.core.webui.keyword.builtin.UploadFileKeyword$_uploadFile_closure1.call(UploadFileKeyword.groovy)
	at com.kms.katalon.core.webui.keyword.internal.WebUIKeywordMain.runKeyword(WebUIKeywordMain.groovy:20)
	... 19 more]]></system-err>
      </testcase>
      <testcase name="Test Cases/Add a URL" time="53.723" classname="Test Cases/Add a URL" status="FAILED">
         <failure type="FAILED" message="Test Cases/Add a URL FAILED.
Reason:
com.kms.katalon.core.exception.StepFailedException: Unable to click on object 'Object Repository/Page_Course Test Automation/Add a URL/a_httpswww.youtube.comwatchvjNxUnXahFcgab_channelFITHCMUS'
	at com.kms.katalon.core.webui.keyword.internal.WebUIKeywordMain.stepFailed(WebUIKeywordMain.groovy:64)
	at com.kms.katalon.core.webui.keyword.internal.WebUIKeywordMain.runKeyword(WebUIKeywordMain.groovy:26)
	at com.kms.katalon.core.webui.keyword.builtin.ClickKeyword.click(ClickKeyword.groovy:74)
	at com.kms.katalon.core.webui.keyword.builtin.ClickKeyword.execute(ClickKeyword.groovy:40)
	at com.kms.katalon.core.keyword.internal.KeywordExecutor.executeKeywordForPlatform(KeywordExecutor.groovy:74)
	at com.kms.katalon.core.webui.keyword.WebUiBuiltInKeywords.click(WebUiBuiltInKeywords.groovy:620)
	at com.kms.katalon.core.webui.keyword.WebUiBuiltInKeywords$click$1.call(Unknown Source)
	at Add a URL.run(Add a URL:50)
	at com.kms.katalon.core.main.ScriptEngine.run(ScriptEngine.java:194)
	at com.kms.katalon.core.main.ScriptEngine.runScriptAsRawText(ScriptEngine.java:119)
	at com.kms.katalon.core.main.TestCaseExecutor.runScript(TestCaseExecutor.java:442)
	at com.kms.katalon.core.main.TestCaseExecutor.doExecute(TestCaseExecutor.java:433)
	at com.kms.katalon.core.main.TestCaseExecutor.processExecutionPhase(TestCaseExecutor.java:412)
	at com.kms.katalon.core.main.TestCaseExecutor.accessMainPhase(TestCaseExecutor.java:404)
	at com.kms.katalon.core.main.TestCaseExecutor.execute(TestCaseExecutor.java:281)
	at com.kms.katalon.core.main.TestSuiteExecutor.accessTestCaseMainPhase(TestSuiteExecutor.java:202)
	at com.kms.katalon.core.main.TestSuiteExecutor.accessTestSuiteMainPhase(TestSuiteExecutor.java:164)
	at com.kms.katalon.core.main.TestSuiteExecutor.execute(TestSuiteExecutor.java:105)
	at com.kms.katalon.core.main.TestCaseMain.startTestSuite(TestCaseMain.java:181)
	at com.kms.katalon.core.main.TestCaseMain$startTestSuite$0.call(Unknown Source)
	at TempTestSuite1642271036821.run(TempTestSuite1642271036821.groovy:36)
Caused by: com.kms.katalon.core.webui.exception.WebElementNotFoundException: Web element with id: 'Object Repository/Page_Course Test Automation/Add a URL/a_httpswww.youtube.comwatchvjNxUnXahFcgab_channelFITHCMUS' located by '//section/div[2]/div/a' not found
	at com.kms.katalon.core.webui.common.WebUiCommonHelper.findWebElement(WebUiCommonHelper.java:1368)
	at com.kms.katalon.core.webui.keyword.internal.WebUIAbstractKeyword.findWebElement(WebUIAbstractKeyword.groovy:27)
	at com.kms.katalon.core.webui.keyword.builtin.ClickKeyword$_click_closure1.doCall(ClickKeyword.groovy:65)
	at com.kms.katalon.core.webui.keyword.builtin.ClickKeyword$_click_closure1.call(ClickKeyword.groovy)
	at com.kms.katalon.core.webui.keyword.internal.WebUIKeywordMain.runKeyword(WebUIKeywordMain.groovy:20)
	... 19 more
"/>
         <system-out><![CDATA[2022-01-16 01:41:46 - [TEST_CASE][FAILED] - Test Cases/Add a URL: Test Cases/Add a URL FAILED.
Reason:
com.kms.katalon.core.exception.StepFailedException: Unable to click on object 'Object Repository/Page_Course Test Automation/Add a URL/a_httpswww.youtube.comwatchvjNxUnXahFcgab_channelFITHCMUS'
	at com.kms.katalon.core.webui.keyword.internal.WebUIKeywordMain.stepFailed(WebUIKeywordMain.groovy:64)
	at com.kms.katalon.core.webui.keyword.internal.WebUIKeywordMain.runKeyword(WebUIKeywordMain.groovy:26)
	at com.kms.katalon.core.webui.keyword.builtin.ClickKeyword.click(ClickKeyword.groovy:74)
	at com.kms.katalon.core.webui.keyword.builtin.ClickKeyword.execute(ClickKeyword.groovy:40)
	at com.kms.katalon.core.keyword.internal.KeywordExecutor.executeKeywordForPlatform(KeywordExecutor.groovy:74)
	at com.kms.katalon.core.webui.keyword.WebUiBuiltInKeywords.click(WebUiBuiltInKeywords.groovy:620)
	at com.kms.katalon.core.webui.keyword.WebUiBuiltInKeywords$click$1.call(Unknown Source)
	at Add a URL.run(Add a URL:50)
	at com.kms.katalon.core.main.ScriptEngine.run(ScriptEngine.java:194)
	at com.kms.katalon.core.main.ScriptEngine.runScriptAsRawText(ScriptEngine.java:119)
	at com.kms.katalon.core.main.TestCaseExecutor.runScript(TestCaseExecutor.java:442)
	at com.kms.katalon.core.main.TestCaseExecutor.doExecute(TestCaseExecutor.java:433)
	at com.kms.katalon.core.main.TestCaseExecutor.processExecutionPhase(TestCaseExecutor.java:412)
	at com.kms.katalon.core.main.TestCaseExecutor.accessMainPhase(TestCaseExecutor.java:404)
	at com.kms.katalon.core.main.TestCaseExecutor.execute(TestCaseExecutor.java:281)
	at com.kms.katalon.core.main.TestSuiteExecutor.accessTestCaseMainPhase(TestSuiteExecutor.java:202)
	at com.kms.katalon.core.main.TestSuiteExecutor.accessTestSuiteMainPhase(TestSuiteExecutor.java:164)
	at com.kms.katalon.core.main.TestSuiteExecutor.execute(TestSuiteExecutor.java:105)
	at com.kms.katalon.core.main.TestCaseMain.startTestSuite(TestCaseMain.java:181)
	at com.kms.katalon.core.main.TestCaseMain$startTestSuite$0.call(Unknown Source)
	at TempTestSuite1642271036821.run(TempTestSuite1642271036821.groovy:36)
Caused by: com.kms.katalon.core.webui.exception.WebElementNotFoundException: Web element with id: 'Object Repository/Page_Course Test Automation/Add a URL/a_httpswww.youtube.comwatchvjNxUnXahFcgab_channelFITHCMUS' located by '//section/div[2]/div/a' not found
	at com.kms.katalon.core.webui.common.WebUiCommonHelper.findWebElement(WebUiCommonHelper.java:1368)
	at com.kms.katalon.core.webui.keyword.internal.WebUIAbstractKeyword.findWebElement(WebUIAbstractKeyword.groovy:27)
	at com.kms.katalon.core.webui.keyword.builtin.ClickKeyword$_click_closure1.doCall(ClickKeyword.groovy:65)
	at com.kms.katalon.core.webui.keyword.builtin.ClickKeyword$_click_closure1.call(ClickKeyword.groovy)
	at com.kms.katalon.core.webui.keyword.internal.WebUIKeywordMain.runKeyword(WebUIKeywordMain.groovy:20)
	... 19 more


2022-01-16 01:41:46 - [TEST_STEP][PASSED] - openBrowser(""): Browser is opened with url: ''

2022-01-16 01:41:46 - [MESSAGE][WARNING] - A browser is already opened. Closing browser and opening a new one

2022-01-16 01:41:47 - [MESSAGE][INFO] - Starting 'Edge Chromium' driver

2022-01-16 01:41:49 - [MESSAGE][INFO] - Action delay is set to 0 milliseconds

2022-01-16 01:41:50 - [MESSAGE][PASSED] - Browser is opened with url: ''

2022-01-16 01:41:50 - [TEST_STEP][PASSED] - navigateToUrl("localhost"): Navigate to 'http://localhost' successfully

2022-01-16 01:41:51 - [MESSAGE][PASSED] - Navigate to 'http://localhost' successfully

2022-01-16 01:41:51 - [TEST_STEP][PASSED] - click(findTestObject("Page_Home page/a_Log in")): Object: 'Object Repository/Page_Home page/a_Log in' is clicked on

2022-01-16 01:41:52 - [MESSAGE][PASSED] - Object: 'Object Repository/Page_Home page/a_Log in' is clicked on

2022-01-16 01:41:52 - [TEST_STEP][PASSED] - setText(findTestObject("Page_Home page Log in to the site/input_Username_username"), "teacher1"): Text 'teacher1' is set on object 'Object Repository/Page_Home page Log in to the site/input_Username_username'

2022-01-16 01:41:53 - [MESSAGE][PASSED] - Text 'teacher1' is set on object 'Object Repository/Page_Home page Log in to the site/input_Username_username'

2022-01-16 01:41:53 - [TEST_STEP][PASSED] - setText(findTestObject("Page_Home page Log in to the site/input_Password_password (1)"), "Group_10"): Text 'Group_10' is set on object 'Object Repository/Page_Home page Log in to the site/input_Password_password (1)'

2022-01-16 01:41:54 - [MESSAGE][PASSED] - Text 'Group_10' is set on object 'Object Repository/Page_Home page Log in to the site/input_Password_password (1)'

2022-01-16 01:41:54 - [TEST_STEP][PASSED] - click(findTestObject("Page_Home page Log in to the site/button_Log in")): Object: 'Object Repository/Page_Home page Log in to the site/button_Log in' is clicked on

2022-01-16 01:41:55 - [MESSAGE][PASSED] - Object: 'Object Repository/Page_Home page Log in to the site/button_Log in' is clicked on

2022-01-16 01:41:55 - [TEST_STEP][PASSED] - click(findTestObject("Page_Dashboard/a_My courses (1)")): Object: 'Object Repository/Page_Dashboard/a_My courses (1)' is clicked on

2022-01-16 01:41:56 - [MESSAGE][PASSED] - Object: 'Object Repository/Page_Dashboard/a_My courses (1)' is clicked on

2022-01-16 01:41:56 - [TEST_STEP][PASSED] - click(findTestObject("Page_My courses/span_Test Automation")): Object: 'Object Repository/Page_My courses/span_Test Automation' is clicked on

2022-01-16 01:41:58 - [MESSAGE][PASSED] - Object: 'Object Repository/Page_My courses/span_Test Automation' is clicked on

2022-01-16 01:41:58 - [TEST_STEP][PASSED] - click(findTestObject("Page_Course Test Automation/input_Edit mode_setmode")): Object: 'Object Repository/Page_Course Test Automation/input_Edit mode_setmode' is clicked on

2022-01-16 01:41:59 - [MESSAGE][PASSED] - Object: 'Object Repository/Page_Course Test Automation/input_Edit mode_setmode' is clicked on

2022-01-16 01:41:59 - [TEST_STEP][PASSED] - click(findTestObject("Page_Course Test Automation/Add lesson note/button_Add an activity or resource")): Object: 'Object Repository/Page_Course Test Automation/Add lesson note/button_Add an activity or resource' is clicked on

2022-01-16 01:42:00 - [MESSAGE][PASSED] - Object: 'Object Repository/Page_Course Test Automation/Add lesson note/button_Add an activity or resource' is clicked on

2022-01-16 01:42:00 - [TEST_STEP][PASSED] - click(findTestObject("Page_Course Test Automation/Add a URL/icon URL")): Object: 'Object Repository/Page_Course Test Automation/Add a URL/icon URL' is clicked on

2022-01-16 01:42:02 - [MESSAGE][PASSED] - Object: 'Object Repository/Page_Course Test Automation/Add a URL/icon URL' is clicked on

2022-01-16 01:42:02 - [TEST_STEP][PASSED] - setText(findTestObject("Page_Course Test Automation/Add a URL/input_Name_name"), "Introduce course"): Text 'Introduce course' is set on object 'Object Repository/Page_Course Test Automation/Add a URL/input_Name_name'

2022-01-16 01:42:04 - [MESSAGE][PASSED] - Text 'Introduce course' is set on object 'Object Repository/Page_Course Test Automation/Add a URL/input_Name_name'

2022-01-16 01:42:04 - [TEST_STEP][PASSED] - setText(findTestObject("Page_Course Test Automation/Add a URL/input_External URL_externalurl"), "https://www.youtube.com/watch?v=jNxUnXahFcg&ab_channel=FITHCMUS"): Text 'https://www.youtube.com/watch?v=jNxUnXahFcg&ab_channel=FITHCMUS' is set on object 'Object Repository/Page_Course Test Automation/Add a URL/input_External URL_externalurl'

2022-01-16 01:42:04 - [MESSAGE][PASSED] - Text 'https://www.youtube.com/watch?v=jNxUnXahFcg&ab_channel=FITHCMUS' is set on object 'Object Repository/Page_Course Test Automation/Add a URL/input_External URL_externalurl'

2022-01-16 01:42:04 - [TEST_STEP][PASSED] - click(findTestObject("Page_Course Test Automation/Add a URL/submitbutton")): Object: 'Object Repository/Page_Course Test Automation/Add a URL/submitbutton' is clicked on

2022-01-16 01:42:06 - [MESSAGE][PASSED] - Object: 'Object Repository/Page_Course Test Automation/Add a URL/submitbutton' is clicked on

2022-01-16 01:42:06 - [TEST_STEP][PASSED] - click(findTestObject("Page_Course Test Automation/Add a URL/a_Introduce course  URL")): Object: 'Object Repository/Page_Course Test Automation/Add a URL/a_Introduce course  URL' is clicked on

2022-01-16 01:42:08 - [MESSAGE][PASSED] - Object: 'Object Repository/Page_Course Test Automation/Add a URL/a_Introduce course  URL' is clicked on

2022-01-16 01:42:08 - [TEST_STEP][FAILED] - click(findTestObject("Page_Course Test Automation/Add a URL/a_httpswww.youtube.comwatchvjNxUnXahFcgab_channelFITHCMUS")): Unable to click on object 'Object Repository/Page_Course Test Automation/Add a URL/a_httpswww.youtube.comwatchvjNxUnXahFcgab_channelFITHCMUS' (Root cause: com.kms.katalon.core.exception.StepFailedException: Unable to click on object 'Object Repository/Page_Course Test Automation/Add a URL/a_httpswww.youtube.comwatchvjNxUnXahFcgab_channelFITHCMUS'
	at com.kms.katalon.core.webui.keyword.internal.WebUIKeywordMain.stepFailed(WebUIKeywordMain.groovy:64)
	at com.kms.katalon.core.webui.keyword.internal.WebUIKeywordMain.runKeyword(WebUIKeywordMain.groovy:26)
	at com.kms.katalon.core.webui.keyword.builtin.ClickKeyword.click(ClickKeyword.groovy:74)
	at com.kms.katalon.core.webui.keyword.builtin.ClickKeyword.execute(ClickKeyword.groovy:40)
	at com.kms.katalon.core.keyword.internal.KeywordExecutor.executeKeywordForPlatform(KeywordExecutor.groovy:74)
	at com.kms.katalon.core.webui.keyword.WebUiBuiltInKeywords.click(WebUiBuiltInKeywords.groovy:620)
	at com.kms.katalon.core.webui.keyword.WebUiBuiltInKeywords$click$1.call(Unknown Source)
	at Add a URL.run(Add a URL:50)
	at com.kms.katalon.core.main.ScriptEngine.run(ScriptEngine.java:194)
	at com.kms.katalon.core.main.ScriptEngine.runScriptAsRawText(ScriptEngine.java:119)
	at com.kms.katalon.core.main.TestCaseExecutor.runScript(TestCaseExecutor.java:442)
	at com.kms.katalon.core.main.TestCaseExecutor.doExecute(TestCaseExecutor.java:433)
	at com.kms.katalon.core.main.TestCaseExecutor.processExecutionPhase(TestCaseExecutor.java:412)
	at com.kms.katalon.core.main.TestCaseExecutor.accessMainPhase(TestCaseExecutor.java:404)
	at com.kms.katalon.core.main.TestCaseExecutor.execute(TestCaseExecutor.java:281)
	at com.kms.katalon.core.main.TestSuiteExecutor.accessTestCaseMainPhase(TestSuiteExecutor.java:202)
	at com.kms.katalon.core.main.TestSuiteExecutor.accessTestSuiteMainPhase(TestSuiteExecutor.java:164)
	at com.kms.katalon.core.main.TestSuiteExecutor.execute(TestSuiteExecutor.java:105)
	at com.kms.katalon.core.main.TestCaseMain.startTestSuite(TestCaseMain.java:181)
	at com.kms.katalon.core.main.TestCaseMain$startTestSuite$0.call(Unknown Source)
	at TempTestSuite1642271036821.run(TempTestSuite1642271036821.groovy:36)
Caused by: com.kms.katalon.core.webui.exception.WebElementNotFoundException: Web element with id: 'Object Repository/Page_Course Test Automation/Add a URL/a_httpswww.youtube.comwatchvjNxUnXahFcgab_channelFITHCMUS' located by '//section/div[2]/div/a' not found
	at com.kms.katalon.core.webui.common.WebUiCommonHelper.findWebElement(WebUiCommonHelper.java:1368)
	at com.kms.katalon.core.webui.keyword.internal.WebUIAbstractKeyword.findWebElement(WebUIAbstractKeyword.groovy:27)
	at com.kms.katalon.core.webui.keyword.builtin.ClickKeyword$_click_closure1.doCall(ClickKeyword.groovy:65)
	at com.kms.katalon.core.webui.keyword.builtin.ClickKeyword$_click_closure1.call(ClickKeyword.groovy)
	at com.kms.katalon.core.webui.keyword.internal.WebUIKeywordMain.runKeyword(WebUIKeywordMain.groovy:20)
	at com.kms.katalon.core.webui.keyword.builtin.ClickKeyword.click(ClickKeyword.groovy:74)
	at com.kms.katalon.core.webui.keyword.builtin.ClickKeyword.execute(ClickKeyword.groovy:40)
	at com.kms.katalon.core.keyword.internal.KeywordExecutor.executeKeywordForPlatform(KeywordExecutor.groovy:74)
	at com.kms.katalon.core.webui.keyword.WebUiBuiltInKeywords.click(WebUiBuiltInKeywords.groovy:620)
	at com.kms.katalon.core.webui.keyword.WebUiBuiltInKeywords$click$1.call(Unknown Source)
	at Script1642056193950.run(Script1642056193950.groovy:50)
	... 13 more
)

2022-01-16 01:42:39 - [MESSAGE][INFO] - Unable to find the element located by 'By.xpath: //section/div[2]/div/a'. Please recheck the objects properties to make sure the desired element is located. 

2022-01-16 01:42:39 - [MESSAGE][FAILED] - Unable to click on object 'Object Repository/Page_Course Test Automation/Add a URL/a_httpswww.youtube.comwatchvjNxUnXahFcgab_channelFITHCMUS' (Root cause: com.kms.katalon.core.exception.StepFailedException: Unable to click on object 'Object Repository/Page_Course Test Automation/Add a URL/a_httpswww.youtube.comwatchvjNxUnXahFcgab_channelFITHCMUS'
	at com.kms.katalon.core.webui.keyword.internal.WebUIKeywordMain.stepFailed(WebUIKeywordMain.groovy:64)
	at com.kms.katalon.core.webui.keyword.internal.WebUIKeywordMain.runKeyword(WebUIKeywordMain.groovy:26)
	at com.kms.katalon.core.webui.keyword.builtin.ClickKeyword.click(ClickKeyword.groovy:74)
	at com.kms.katalon.core.webui.keyword.builtin.ClickKeyword.execute(ClickKeyword.groovy:40)
	at com.kms.katalon.core.keyword.internal.KeywordExecutor.executeKeywordForPlatform(KeywordExecutor.groovy:74)
	at com.kms.katalon.core.webui.keyword.WebUiBuiltInKeywords.click(WebUiBuiltInKeywords.groovy:620)
	at com.kms.katalon.core.webui.keyword.WebUiBuiltInKeywords$click$1.call(Unknown Source)
	at Add a URL.run(Add a URL:50)
	at com.kms.katalon.core.main.ScriptEngine.run(ScriptEngine.java:194)
	at com.kms.katalon.core.main.ScriptEngine.runScriptAsRawText(ScriptEngine.java:119)
	at com.kms.katalon.core.main.TestCaseExecutor.runScript(TestCaseExecutor.java:442)
	at com.kms.katalon.core.main.TestCaseExecutor.doExecute(TestCaseExecutor.java:433)
	at com.kms.katalon.core.main.TestCaseExecutor.processExecutionPhase(TestCaseExecutor.java:412)
	at com.kms.katalon.core.main.TestCaseExecutor.accessMainPhase(TestCaseExecutor.java:404)
	at com.kms.katalon.core.main.TestCaseExecutor.execute(TestCaseExecutor.java:281)
	at com.kms.katalon.core.main.TestSuiteExecutor.accessTestCaseMainPhase(TestSuiteExecutor.java:202)
	at com.kms.katalon.core.main.TestSuiteExecutor.accessTestSuiteMainPhase(TestSuiteExecutor.java:164)
	at com.kms.katalon.core.main.TestSuiteExecutor.execute(TestSuiteExecutor.java:105)
	at com.kms.katalon.core.main.TestCaseMain.startTestSuite(TestCaseMain.java:181)
	at com.kms.katalon.core.main.TestCaseMain$startTestSuite$0.call(Unknown Source)
	at TempTestSuite1642271036821.run(TempTestSuite1642271036821.groovy:36)
Caused by: com.kms.katalon.core.webui.exception.WebElementNotFoundException: Web element with id: 'Object Repository/Page_Course Test Automation/Add a URL/a_httpswww.youtube.comwatchvjNxUnXahFcgab_channelFITHCMUS' located by '//section/div[2]/div/a' not found
	at com.kms.katalon.core.webui.common.WebUiCommonHelper.findWebElement(WebUiCommonHelper.java:1368)
	at com.kms.katalon.core.webui.keyword.internal.WebUIAbstractKeyword.findWebElement(WebUIAbstractKeyword.groovy:27)
	at com.kms.katalon.core.webui.keyword.builtin.ClickKeyword$_click_closure1.doCall(ClickKeyword.groovy:65)
	at com.kms.katalon.core.webui.keyword.builtin.ClickKeyword$_click_closure1.call(ClickKeyword.groovy)
	at com.kms.katalon.core.webui.keyword.internal.WebUIKeywordMain.runKeyword(WebUIKeywordMain.groovy:20)
	at com.kms.katalon.core.webui.keyword.builtin.ClickKeyword.click(ClickKeyword.groovy:74)
	at com.kms.katalon.core.webui.keyword.builtin.ClickKeyword.execute(ClickKeyword.groovy:40)
	at com.kms.katalon.core.keyword.internal.KeywordExecutor.executeKeywordForPlatform(KeywordExecutor.groovy:74)
	at com.kms.katalon.core.webui.keyword.WebUiBuiltInKeywords.click(WebUiBuiltInKeywords.groovy:620)
	at com.kms.katalon.core.webui.keyword.WebUiBuiltInKeywords$click$1.call(Unknown Source)
	at Script1642056193950.run(Script1642056193950.groovy:50)
	... 13 more
)
[[ATTACHMENT|D:\\TestAutomation-SEBonus-Group10\\Test Automation - SE Bonus\\Reports\\20220116_012355\\Run all test cases\\20220116_012356\\1642272159770.png]]]]></system-out>
         <system-err><![CDATA[2022-01-16 01:41:46 - [TEST_CASE][FAILED] - Test Cases/Add a URL: Test Cases/Add a URL FAILED.
Reason:
com.kms.katalon.core.exception.StepFailedException: Unable to click on object 'Object Repository/Page_Course Test Automation/Add a URL/a_httpswww.youtube.comwatchvjNxUnXahFcgab_channelFITHCMUS'
	at com.kms.katalon.core.webui.keyword.internal.WebUIKeywordMain.stepFailed(WebUIKeywordMain.groovy:64)
	at com.kms.katalon.core.webui.keyword.internal.WebUIKeywordMain.runKeyword(WebUIKeywordMain.groovy:26)
	at com.kms.katalon.core.webui.keyword.builtin.ClickKeyword.click(ClickKeyword.groovy:74)
	at com.kms.katalon.core.webui.keyword.builtin.ClickKeyword.execute(ClickKeyword.groovy:40)
	at com.kms.katalon.core.keyword.internal.KeywordExecutor.executeKeywordForPlatform(KeywordExecutor.groovy:74)
	at com.kms.katalon.core.webui.keyword.WebUiBuiltInKeywords.click(WebUiBuiltInKeywords.groovy:620)
	at com.kms.katalon.core.webui.keyword.WebUiBuiltInKeywords$click$1.call(Unknown Source)
	at Add a URL.run(Add a URL:50)
	at com.kms.katalon.core.main.ScriptEngine.run(ScriptEngine.java:194)
	at com.kms.katalon.core.main.ScriptEngine.runScriptAsRawText(ScriptEngine.java:119)
	at com.kms.katalon.core.main.TestCaseExecutor.runScript(TestCaseExecutor.java:442)
	at com.kms.katalon.core.main.TestCaseExecutor.doExecute(TestCaseExecutor.java:433)
	at com.kms.katalon.core.main.TestCaseExecutor.processExecutionPhase(TestCaseExecutor.java:412)
	at com.kms.katalon.core.main.TestCaseExecutor.accessMainPhase(TestCaseExecutor.java:404)
	at com.kms.katalon.core.main.TestCaseExecutor.execute(TestCaseExecutor.java:281)
	at com.kms.katalon.core.main.TestSuiteExecutor.accessTestCaseMainPhase(TestSuiteExecutor.java:202)
	at com.kms.katalon.core.main.TestSuiteExecutor.accessTestSuiteMainPhase(TestSuiteExecutor.java:164)
	at com.kms.katalon.core.main.TestSuiteExecutor.execute(TestSuiteExecutor.java:105)
	at com.kms.katalon.core.main.TestCaseMain.startTestSuite(TestCaseMain.java:181)
	at com.kms.katalon.core.main.TestCaseMain$startTestSuite$0.call(Unknown Source)
	at TempTestSuite1642271036821.run(TempTestSuite1642271036821.groovy:36)
Caused by: com.kms.katalon.core.webui.exception.WebElementNotFoundException: Web element with id: 'Object Repository/Page_Course Test Automation/Add a URL/a_httpswww.youtube.comwatchvjNxUnXahFcgab_channelFITHCMUS' located by '//section/div[2]/div/a' not found
	at com.kms.katalon.core.webui.common.WebUiCommonHelper.findWebElement(WebUiCommonHelper.java:1368)
	at com.kms.katalon.core.webui.keyword.internal.WebUIAbstractKeyword.findWebElement(WebUIAbstractKeyword.groovy:27)
	at com.kms.katalon.core.webui.keyword.builtin.ClickKeyword$_click_closure1.doCall(ClickKeyword.groovy:65)
	at com.kms.katalon.core.webui.keyword.builtin.ClickKeyword$_click_closure1.call(ClickKeyword.groovy)
	at com.kms.katalon.core.webui.keyword.internal.WebUIKeywordMain.runKeyword(WebUIKeywordMain.groovy:20)
	... 19 more]]></system-err>
      </testcase>
      <testcase name="Test Cases/Enroll student in a course" time="19.875" classname="Test Cases/Enroll student in a course" status="PASSED">
         <system-out><![CDATA[2022-01-16 01:42:39 - [TEST_CASE][PASSED] - Test Cases/Enroll student in a course: Test Cases/Enroll student in a course

2022-01-16 01:42:40 - [TEST_STEP][PASSED] - openBrowser(""): Browser is opened with url: ''

2022-01-16 01:42:40 - [MESSAGE][WARNING] - A browser is already opened. Closing browser and opening a new one

2022-01-16 01:42:41 - [MESSAGE][INFO] - Starting 'Edge Chromium' driver

2022-01-16 01:42:43 - [MESSAGE][INFO] - Action delay is set to 0 milliseconds

2022-01-16 01:42:43 - [MESSAGE][PASSED] - Browser is opened with url: ''

2022-01-16 01:42:43 - [TEST_STEP][PASSED] - navigateToUrl("localhost"): Navigate to 'http://localhost' successfully

2022-01-16 01:42:44 - [MESSAGE][PASSED] - Navigate to 'http://localhost' successfully

2022-01-16 01:42:44 - [TEST_STEP][PASSED] - click(findTestObject("Page_Home page/a_Log in")): Object: 'Object Repository/Page_Home page/a_Log in' is clicked on

2022-01-16 01:42:45 - [MESSAGE][PASSED] - Object: 'Object Repository/Page_Home page/a_Log in' is clicked on

2022-01-16 01:42:45 - [TEST_STEP][PASSED] - setText(findTestObject("Page_Home page Log in to the site/input_Username_username"), "teacher1"): Text 'teacher1' is set on object 'Object Repository/Page_Home page Log in to the site/input_Username_username'

2022-01-16 01:42:46 - [MESSAGE][PASSED] - Text 'teacher1' is set on object 'Object Repository/Page_Home page Log in to the site/input_Username_username'

2022-01-16 01:42:46 - [TEST_STEP][PASSED] - setText(findTestObject("Page_Home page Log in to the site/input_Password_password (1)"), "Group_10"): Text 'Group_10' is set on object 'Object Repository/Page_Home page Log in to the site/input_Password_password (1)'

2022-01-16 01:42:47 - [MESSAGE][PASSED] - Text 'Group_10' is set on object 'Object Repository/Page_Home page Log in to the site/input_Password_password (1)'

2022-01-16 01:42:47 - [TEST_STEP][PASSED] - click(findTestObject("Page_Home page Log in to the site/button_Log in")): Object: 'Object Repository/Page_Home page Log in to the site/button_Log in' is clicked on

2022-01-16 01:42:48 - [MESSAGE][PASSED] - Object: 'Object Repository/Page_Home page Log in to the site/button_Log in' is clicked on

2022-01-16 01:42:48 - [TEST_STEP][PASSED] - click(findTestObject("Page_Dashboard/a_My courses (1)")): Object: 'Object Repository/Page_Dashboard/a_My courses (1)' is clicked on

2022-01-16 01:42:49 - [MESSAGE][PASSED] - Object: 'Object Repository/Page_Dashboard/a_My courses (1)' is clicked on

2022-01-16 01:42:49 - [TEST_STEP][PASSED] - click(findTestObject("Page_My courses/span_Test Automation")): Object: 'Object Repository/Page_My courses/span_Test Automation' is clicked on

2022-01-16 01:42:51 - [MESSAGE][PASSED] - Object: 'Object Repository/Page_My courses/span_Test Automation' is clicked on

2022-01-16 01:42:51 - [TEST_STEP][PASSED] - click(findTestObject("Page_Course Test Automation/Enroll student/a_Participants")): Object: 'Object Repository/Page_Course Test Automation/Enroll student/a_Participants' is clicked on

2022-01-16 01:42:52 - [MESSAGE][PASSED] - Object: 'Object Repository/Page_Course Test Automation/Enroll student/a_Participants' is clicked on

2022-01-16 01:42:52 - [TEST_STEP][PASSED] - click(findTestObject("Page_Course Test Automation/Enroll student/input_With selected users_btn btn-primary")): Object: 'Object Repository/Page_Course Test Automation/Enroll student/input_With selected users_btn btn-primary' is clicked on

2022-01-16 01:42:52 - [MESSAGE][PASSED] - Object: 'Object Repository/Page_Course Test Automation/Enroll student/input_With selected users_btn btn-primary' is clicked on

2022-01-16 01:42:52 - [TEST_STEP][PASSED] - setText(findTestObject("Page_Course Test Automation/Enroll student/input_name_user"), "Nguyen Hoa"): Text 'Nguyen Hoa' is set on object 'Object Repository/Page_Course Test Automation/Enroll student/input_name_user'

2022-01-16 01:42:54 - [MESSAGE][PASSED] - Text 'Nguyen Hoa' is set on object 'Object Repository/Page_Course Test Automation/Enroll student/input_name_user'

2022-01-16 01:42:54 - [TEST_STEP][PASSED] - click(findTestObject("Page_Course Test Automation/Enroll student/span_Si Minh")): Object: 'Object Repository/Page_Course Test Automation/Enroll student/span_Si Minh' is clicked on

2022-01-16 01:42:56 - [MESSAGE][PASSED] - Object: 'Object Repository/Page_Course Test Automation/Enroll student/span_Si Minh' is clicked on

2022-01-16 01:42:56 - [TEST_STEP][PASSED] - click(findTestObject("Page_Course Test Automation/Enroll student/button_Enrol users")): Object: 'Object Repository/Page_Course Test Automation/Enroll student/button_Enrol users' is clicked on

2022-01-16 01:42:57 - [MESSAGE][PASSED] - Object: 'Object Repository/Page_Course Test Automation/Enroll student/button_Enrol users' is clicked on

2022-01-16 01:42:57 - [TEST_STEP][PASSED] - click(findTestObject("Page_Dashboard/a_NH")): Object: 'Object Repository/Page_Dashboard/a_NH' is clicked on

2022-01-16 01:42:57 - [MESSAGE][PASSED] - Object: 'Object Repository/Page_Dashboard/a_NH' is clicked on

2022-01-16 01:42:57 - [TEST_STEP][PASSED] - click(findTestObject("Page_Dashboard/a_Log out")): Object: 'Object Repository/Page_Dashboard/a_Log out' is clicked on

2022-01-16 01:42:59 - [MESSAGE][PASSED] - Object: 'Object Repository/Page_Dashboard/a_Log out' is clicked on

2022-01-16 01:42:59 - [TEST_STEP][PASSED] - closeBrowser(): Browser is closed

2022-01-16 01:42:59 - [MESSAGE][PASSED] - Browser is closed]]></system-out>
         <system-err><![CDATA[]]></system-err>
      </testcase>
      <testcase name="Test Cases/Enroll in a course with incorrect key" time="38.708" classname="Test Cases/Enroll in a course with incorrect key" status="PASSED">
         <system-out><![CDATA[2022-01-16 01:42:59 - [TEST_CASE][PASSED] - Test Cases/Enroll in a course with incorrect key: Test Cases/Enroll in a course with incorrect key

2022-01-16 01:43:00 - [TEST_STEP][PASSED] - openBrowser(""): Browser is opened with url: ''

2022-01-16 01:43:00 - [MESSAGE][INFO] - Starting 'Edge Chromium' driver

2022-01-16 01:43:02 - [MESSAGE][INFO] - Action delay is set to 0 milliseconds

2022-01-16 01:43:03 - [MESSAGE][PASSED] - Browser is opened with url: ''

2022-01-16 01:43:03 - [TEST_STEP][PASSED] - navigateToUrl("http://localhost/"): Navigate to 'http://localhost/' successfully

2022-01-16 01:43:03 - [MESSAGE][PASSED] - Navigate to 'http://localhost/' successfully

2022-01-16 01:43:03 - [TEST_STEP][PASSED] - click(findTestObject("Object Repository/Page_Home page/a_Log in")): Object: 'Object Repository/Page_Home page/a_Log in' is clicked on

2022-01-16 01:43:04 - [MESSAGE][PASSED] - Object: 'Object Repository/Page_Home page/a_Log in' is clicked on

2022-01-16 01:43:04 - [TEST_STEP][PASSED] - setText(findTestObject("Object Repository/Page_Home page Log in to the site/input_Username_username"), "admin"): Text 'admin' is set on object 'Object Repository/Page_Home page Log in to the site/input_Username_username'

2022-01-16 01:43:05 - [MESSAGE][PASSED] - Text 'admin' is set on object 'Object Repository/Page_Home page Log in to the site/input_Username_username'

2022-01-16 01:43:05 - [TEST_STEP][PASSED] - setEncryptedText(findTestObject("Page_Home page Log in to the site/input_Password_password (1)"), "OFhcon1PzObx3ErJAwGfGA=="): Text ****** has been set on object 'Object Repository/Page_Home page Log in to the site/input_Password_password (1)'

2022-01-16 01:43:06 - [MESSAGE][PASSED] - Text ****** has been set on object 'Object Repository/Page_Home page Log in to the site/input_Password_password (1)'

2022-01-16 01:43:06 - [TEST_STEP][PASSED] - click(findTestObject("Object Repository/Page_Home page Log in to the site/button_Log in")): Object: 'Object Repository/Page_Home page Log in to the site/button_Log in' is clicked on

2022-01-16 01:43:07 - [MESSAGE][PASSED] - Object: 'Object Repository/Page_Home page Log in to the site/button_Log in' is clicked on

2022-01-16 01:43:07 - [TEST_STEP][PASSED] - click(findTestObject("Object Repository/Page_Dashboard/a_Site administration")): Object: 'Object Repository/Page_Dashboard/a_Site administration' is clicked on

2022-01-16 01:43:09 - [MESSAGE][PASSED] - Object: 'Object Repository/Page_Dashboard/a_Site administration' is clicked on

2022-01-16 01:43:09 - [TEST_STEP][PASSED] - scrollToPosition(0, 0): Browser is scrolled to position x = 0, y = 0

2022-01-16 01:43:09 - [MESSAGE][PASSED] - Browser is scrolled to position x = 0, y = 0

2022-01-16 01:43:09 - [TEST_STEP][PASSED] - click(findTestObject("Object Repository/Page_Group10 Administration Search/a_Users")): Object: 'Object Repository/Page_Group10 Administration Search/a_Users' is clicked on

2022-01-16 01:43:10 - [MESSAGE][PASSED] - Object: 'Object Repository/Page_Group10 Administration Search/a_Users' is clicked on

2022-01-16 01:43:10 - [TEST_STEP][PASSED] - click(findTestObject("Object Repository/Page_Group10 Administration Search/a_Add a new user")): Object: 'Object Repository/Page_Group10 Administration Search/a_Add a new user' is clicked on

2022-01-16 01:43:11 - [MESSAGE][PASSED] - Object: 'Object Repository/Page_Group10 Administration Search/a_Add a new user' is clicked on

2022-01-16 01:43:11 - [TEST_STEP][PASSED] - setText(findTestObject("Object Repository/Page_Group10 Administration Users Accounts _5007a8/input_Username_username"), "student2"): Text 'student2' is set on object 'Object Repository/Page_Group10 Administration Users Accounts _5007a8/input_Username_username'

2022-01-16 01:43:12 - [MESSAGE][PASSED] - Text 'student2' is set on object 'Object Repository/Page_Group10 Administration Users Accounts _5007a8/input_Username_username'

2022-01-16 01:43:12 - [TEST_STEP][PASSED] - click(findTestObject("Object Repository/Page_Group10 Administration Users Accounts _5007a8/em_Click to enter text")): Object: 'Object Repository/Page_Group10 Administration Users Accounts _5007a8/em_Click to enter text' is clicked on

2022-01-16 01:43:13 - [MESSAGE][PASSED] - Object: 'Object Repository/Page_Group10 Administration Users Accounts _5007a8/em_Click to enter text' is clicked on

2022-01-16 01:43:13 - [TEST_STEP][PASSED] - setEncryptedText(findTestObject("Object Repository/Page_Group10 Administration Users Accounts _5007a8/input_New password_newpassword"), "OFhcon1PzObx3ErJAwGfGA=="): Text ****** has been set on object 'Object Repository/Page_Group10 Administration Users Accounts _5007a8/input_New password_newpassword'

2022-01-16 01:43:14 - [MESSAGE][PASSED] - Text ****** has been set on object 'Object Repository/Page_Group10 Administration Users Accounts _5007a8/input_New password_newpassword'

2022-01-16 01:43:14 - [TEST_STEP][PASSED] - click(findTestObject("Object Repository/Page_Group10 Administration Users Accounts _5007a8/i_Click to enter text_icon fa fa-eye fa-fw")): Object: 'Object Repository/Page_Group10 Administration Users Accounts _5007a8/i_Click to enter text_icon fa fa-eye fa-fw' is clicked on

2022-01-16 01:43:14 - [MESSAGE][PASSED] - Object: 'Object Repository/Page_Group10 Administration Users Accounts _5007a8/i_Click to enter text_icon fa fa-eye fa-fw' is clicked on

2022-01-16 01:43:14 - [TEST_STEP][PASSED] - setText(findTestObject("Object Repository/Page_Group10 Administration Users Accounts _5007a8/input_First name_firstname"), "Si"): Text 'Si' is set on object 'Object Repository/Page_Group10 Administration Users Accounts _5007a8/input_First name_firstname'

2022-01-16 01:43:15 - [MESSAGE][PASSED] - Text 'Si' is set on object 'Object Repository/Page_Group10 Administration Users Accounts _5007a8/input_First name_firstname'

2022-01-16 01:43:15 - [TEST_STEP][PASSED] - setText(findTestObject("Object Repository/Page_Group10 Administration Users Accounts _5007a8/input_Surname_lastname"), "Minh"): Text 'Minh' is set on object 'Object Repository/Page_Group10 Administration Users Accounts _5007a8/input_Surname_lastname'

2022-01-16 01:43:16 - [MESSAGE][PASSED] - Text 'Minh' is set on object 'Object Repository/Page_Group10 Administration Users Accounts _5007a8/input_Surname_lastname'

2022-01-16 01:43:16 - [TEST_STEP][PASSED] - setText(findTestObject("Object Repository/Page_Group10 Administration Users Accounts _5007a8/input_Email address_email"), "student2@email.com"): Text 'student2@email.com' is set on object 'Object Repository/Page_Group10 Administration Users Accounts _5007a8/input_Email address_email'

2022-01-16 01:43:17 - [MESSAGE][PASSED] - Text 'student2@email.com' is set on object 'Object Repository/Page_Group10 Administration Users Accounts _5007a8/input_Email address_email'

2022-01-16 01:43:17 - [TEST_STEP][PASSED] - click(findTestObject("Object Repository/Page_Group10 Administration Users Accounts _5007a8/input_Address_submitbutton")): Object: 'Object Repository/Page_Group10 Administration Users Accounts _5007a8/input_Address_submitbutton' is clicked on

2022-01-16 01:43:19 - [MESSAGE][PASSED] - Object: 'Object Repository/Page_Group10 Administration Users Accounts _5007a8/input_Address_submitbutton' is clicked on

2022-01-16 01:43:19 - [TEST_STEP][PASSED] - click(findTestObject("Object Repository/Page_Group10 Administration Users Accounts _9567d5/span_AU")): Object: 'Object Repository/Page_Group10 Administration Users Accounts _9567d5/span_AU' is clicked on

2022-01-16 01:43:19 - [MESSAGE][PASSED] - Object: 'Object Repository/Page_Group10 Administration Users Accounts _9567d5/span_AU' is clicked on

2022-01-16 01:43:19 - [TEST_STEP][PASSED] - click(findTestObject("Object Repository/Page_Group10 Administration Users Permissio_4e74a7/a_Site administration")): Object: 'Object Repository/Page_Group10 Administration Users Permissio_4e74a7/a_Site administration' is clicked on

2022-01-16 01:43:21 - [MESSAGE][PASSED] - Object: 'Object Repository/Page_Group10 Administration Users Permissio_4e74a7/a_Site administration' is clicked on

2022-01-16 01:43:21 - [TEST_STEP][PASSED] - scrollToPosition(0, 0): Browser is scrolled to position x = 0, y = 0

2022-01-16 01:43:21 - [MESSAGE][PASSED] - Browser is scrolled to position x = 0, y = 0

2022-01-16 01:43:21 - [TEST_STEP][PASSED] - click(findTestObject("Object Repository/Page_Group10 Administration Search/a_Users")): Object: 'Object Repository/Page_Group10 Administration Search/a_Users' is clicked on

2022-01-16 01:43:21 - [MESSAGE][PASSED] - Object: 'Object Repository/Page_Group10 Administration Search/a_Users' is clicked on

2022-01-16 01:43:21 - [TEST_STEP][PASSED] - click(findTestObject("Object Repository/Page_Group10 Administration Search/a_Assign system roles")): Object: 'Object Repository/Page_Group10 Administration Search/a_Assign system roles' is clicked on

2022-01-16 01:43:22 - [MESSAGE][PASSED] - Object: 'Object Repository/Page_Group10 Administration Search/a_Assign system roles' is clicked on

2022-01-16 01:43:22 - [TEST_STEP][PASSED] - click(findTestObject("Page_Group10 Administration Users Permissions Assign system roles/a_Student")): Object: 'Object Repository/Page_Group10 Administration Users Permissions Assign system roles/a_Student' is clicked on

2022-01-16 01:43:23 - [MESSAGE][PASSED] - Object: 'Object Repository/Page_Group10 Administration Users Permissions Assign system roles/a_Student' is clicked on

2022-01-16 01:43:23 - [TEST_STEP][PASSED] - click(findTestObject("Page_Group10 Administration Users Permissions Assign system roles/option_Si Minh (student2email.com)")): Object: 'Object Repository/Page_Group10 Administration Users Permissions Assign system roles/option_Si Minh (student2email.com)' is clicked on

2022-01-16 01:43:24 - [MESSAGE][PASSED] - Object: 'Object Repository/Page_Group10 Administration Users Permissions Assign system roles/option_Si Minh (student2email.com)' is clicked on

2022-01-16 01:43:24 - [TEST_STEP][PASSED] - click(findTestObject("Object Repository/Page_Group10 Administration Users Permissio_fb4295/input_Match the search text anywhere in the_89f7b5")): Object: 'Object Repository/Page_Group10 Administration Users Permissio_fb4295/input_Match the search text anywhere in the_89f7b5' is clicked on

2022-01-16 01:43:25 - [MESSAGE][PASSED] - Object: 'Object Repository/Page_Group10 Administration Users Permissio_fb4295/input_Match the search text anywhere in the_89f7b5' is clicked on

2022-01-16 01:43:25 - [TEST_STEP][PASSED] - click(findTestObject("Object Repository/Page_Group10 Administration Users Accounts _9567d5/span_AU")): Object: 'Object Repository/Page_Group10 Administration Users Accounts _9567d5/span_AU' is clicked on

2022-01-16 01:43:26 - [MESSAGE][PASSED] - Object: 'Object Repository/Page_Group10 Administration Users Accounts _9567d5/span_AU' is clicked on

2022-01-16 01:43:26 - [TEST_STEP][PASSED] - click(findTestObject("Object Repository/Page_Group10 Administration Users Accounts _9567d5/a_Log out")): Object: 'Object Repository/Page_Group10 Administration Users Accounts _9567d5/a_Log out' is clicked on

2022-01-16 01:43:26 - [MESSAGE][PASSED] - Object: 'Object Repository/Page_Group10 Administration Users Accounts _9567d5/a_Log out' is clicked on

2022-01-16 01:43:26 - [TEST_STEP][PASSED] - click(findTestObject("Page_Home page/a_Log in")): Object: 'Object Repository/Page_Home page/a_Log in' is clicked on

2022-01-16 01:43:27 - [MESSAGE][PASSED] - Object: 'Object Repository/Page_Home page/a_Log in' is clicked on

2022-01-16 01:43:27 - [TEST_STEP][PASSED] - setText(findTestObject("Page_Home page Log in to the site/input_Username_username"), "student2"): Text 'student2' is set on object 'Object Repository/Page_Home page Log in to the site/input_Username_username'

2022-01-16 01:43:28 - [MESSAGE][PASSED] - Text 'student2' is set on object 'Object Repository/Page_Home page Log in to the site/input_Username_username'

2022-01-16 01:43:28 - [TEST_STEP][PASSED] - setText(findTestObject("Page_Home page Log in to the site/input_Password_password (1)"), "Group_10"): Text 'Group_10' is set on object 'Object Repository/Page_Home page Log in to the site/input_Password_password (1)'

2022-01-16 01:43:29 - [MESSAGE][PASSED] - Text 'Group_10' is set on object 'Object Repository/Page_Home page Log in to the site/input_Password_password (1)'

2022-01-16 01:43:29 - [TEST_STEP][PASSED] - click(findTestObject("Page_Home page Log in to the site/button_Log in")): Object: 'Object Repository/Page_Home page Log in to the site/button_Log in' is clicked on

2022-01-16 01:43:30 - [MESSAGE][PASSED] - Object: 'Object Repository/Page_Home page Log in to the site/button_Log in' is clicked on

2022-01-16 01:43:30 - [TEST_STEP][PASSED] - click(findTestObject("Self enroll course/a_Home")): Object: 'Object Repository/Self enroll course/a_Home' is clicked on

2022-01-16 01:43:31 - [MESSAGE][PASSED] - Object: 'Object Repository/Self enroll course/a_Home' is clicked on

2022-01-16 01:43:31 - [TEST_STEP][PASSED] - setText(findTestObject("Self enroll course/input_Search courses_q"), "Test automation"): Text 'Test automation' is set on object 'Object Repository/Self enroll course/input_Search courses_q'

2022-01-16 01:43:32 - [MESSAGE][PASSED] - Text 'Test automation' is set on object 'Object Repository/Self enroll course/input_Search courses_q'

2022-01-16 01:43:32 - [TEST_STEP][PASSED] - click(findTestObject("Self enroll course/icon search")): Object: 'Object Repository/Self enroll course/icon search' is clicked on

2022-01-16 01:43:33 - [MESSAGE][PASSED] - Object: 'Object Repository/Self enroll course/icon search' is clicked on

2022-01-16 01:43:33 - [TEST_STEP][PASSED] - click(findTestObject("Self enroll course/a_Test Automation")): Object: 'Object Repository/Self enroll course/a_Test Automation' is clicked on

2022-01-16 01:43:34 - [MESSAGE][PASSED] - Object: 'Object Repository/Self enroll course/a_Test Automation' is clicked on

2022-01-16 01:43:34 - [TEST_STEP][PASSED] - setText(findTestObject("Self enroll course/input_Enrolment key_enrolpassword"), "12345"): Text '12345' is set on object 'Object Repository/Self enroll course/input_Enrolment key_enrolpassword'

2022-01-16 01:43:34 - [MESSAGE][PASSED] - Text '12345' is set on object 'Object Repository/Self enroll course/input_Enrolment key_enrolpassword'

2022-01-16 01:43:34 - [TEST_STEP][PASSED] - click(findTestObject("Self enroll course/input_Enrolment key_submitbutton")): Object: 'Object Repository/Self enroll course/input_Enrolment key_submitbutton' is clicked on

2022-01-16 01:43:35 - [MESSAGE][PASSED] - Object: 'Object Repository/Self enroll course/input_Enrolment key_submitbutton' is clicked on

2022-01-16 01:43:35 - [TEST_STEP][PASSED] - verifyTextPresent("Incorrect enrolment key, please try again", false): Text 'Incorrect enrolment key, please try again' is present on page 

2022-01-16 01:43:36 - [MESSAGE][PASSED] - Text 'Incorrect enrolment key, please try again' is present on page 

2022-01-16 01:43:36 - [TEST_STEP][PASSED] - click(findTestObject("Page_Dashboard/a_NH")): Object: 'Object Repository/Page_Dashboard/a_NH' is clicked on

2022-01-16 01:43:36 - [MESSAGE][PASSED] - Object: 'Object Repository/Page_Dashboard/a_NH' is clicked on

2022-01-16 01:43:36 - [TEST_STEP][PASSED] - click(findTestObject("Page_Dashboard/a_Log out")): Object: 'Object Repository/Page_Dashboard/a_Log out' is clicked on

2022-01-16 01:43:37 - [MESSAGE][PASSED] - Object: 'Object Repository/Page_Dashboard/a_Log out' is clicked on

2022-01-16 01:43:37 - [TEST_STEP][PASSED] - closeBrowser(): Browser is closed

2022-01-16 01:43:38 - [MESSAGE][PASSED] - Browser is closed]]></system-out>
         <system-err><![CDATA[]]></system-err>
      </testcase>
      <testcase name="Test Cases/Enroll in a course with valid key" time="18.517" classname="Test Cases/Enroll in a course with valid key" status="PASSED">
         <system-out><![CDATA[2022-01-16 01:43:38 - [TEST_CASE][PASSED] - Test Cases/Enroll in a course with valid key: Test Cases/Enroll in a course with valid key

2022-01-16 01:43:38 - [TEST_STEP][PASSED] - openBrowser(""): Browser is opened with url: ''

2022-01-16 01:43:38 - [MESSAGE][INFO] - Starting 'Edge Chromium' driver

2022-01-16 01:43:41 - [MESSAGE][INFO] - Action delay is set to 0 milliseconds

2022-01-16 01:43:41 - [MESSAGE][PASSED] - Browser is opened with url: ''

2022-01-16 01:43:41 - [TEST_STEP][PASSED] - navigateToUrl("localhost"): Navigate to 'http://localhost' successfully

2022-01-16 01:43:42 - [MESSAGE][PASSED] - Navigate to 'http://localhost' successfully

2022-01-16 01:43:42 - [TEST_STEP][PASSED] - click(findTestObject("Page_Home page/a_Log in")): Object: 'Object Repository/Page_Home page/a_Log in' is clicked on

2022-01-16 01:43:43 - [MESSAGE][PASSED] - Object: 'Object Repository/Page_Home page/a_Log in' is clicked on

2022-01-16 01:43:43 - [TEST_STEP][PASSED] - setText(findTestObject("Page_Home page Log in to the site/input_Username_username"), "student2"): Text 'student2' is set on object 'Object Repository/Page_Home page Log in to the site/input_Username_username'

2022-01-16 01:43:44 - [MESSAGE][PASSED] - Text 'student2' is set on object 'Object Repository/Page_Home page Log in to the site/input_Username_username'

2022-01-16 01:43:44 - [TEST_STEP][PASSED] - setText(findTestObject("Page_Home page Log in to the site/input_Password_password (1)"), "Group_10"): Text 'Group_10' is set on object 'Object Repository/Page_Home page Log in to the site/input_Password_password (1)'

2022-01-16 01:43:44 - [MESSAGE][PASSED] - Text 'Group_10' is set on object 'Object Repository/Page_Home page Log in to the site/input_Password_password (1)'

2022-01-16 01:43:44 - [TEST_STEP][PASSED] - click(findTestObject("Page_Home page Log in to the site/button_Log in")): Object: 'Object Repository/Page_Home page Log in to the site/button_Log in' is clicked on

2022-01-16 01:43:46 - [MESSAGE][PASSED] - Object: 'Object Repository/Page_Home page Log in to the site/button_Log in' is clicked on

2022-01-16 01:43:46 - [TEST_STEP][PASSED] - click(findTestObject("Self enroll course/a_Home")): Object: 'Object Repository/Self enroll course/a_Home' is clicked on

2022-01-16 01:43:47 - [MESSAGE][PASSED] - Object: 'Object Repository/Self enroll course/a_Home' is clicked on

2022-01-16 01:43:47 - [TEST_STEP][PASSED] - setText(findTestObject("Self enroll course/input_Search courses_q"), "Test automation"): Text 'Test automation' is set on object 'Object Repository/Self enroll course/input_Search courses_q'

2022-01-16 01:43:48 - [MESSAGE][PASSED] - Text 'Test automation' is set on object 'Object Repository/Self enroll course/input_Search courses_q'

2022-01-16 01:43:48 - [TEST_STEP][PASSED] - click(findTestObject("Self enroll course/icon search")): Object: 'Object Repository/Self enroll course/icon search' is clicked on

2022-01-16 01:43:48 - [MESSAGE][PASSED] - Object: 'Object Repository/Self enroll course/icon search' is clicked on

2022-01-16 01:43:48 - [TEST_STEP][PASSED] - click(findTestObject("Self enroll course/a_Test Automation")): Object: 'Object Repository/Self enroll course/a_Test Automation' is clicked on

2022-01-16 01:43:49 - [MESSAGE][PASSED] - Object: 'Object Repository/Self enroll course/a_Test Automation' is clicked on

2022-01-16 01:43:49 - [TEST_STEP][PASSED] - setText(findTestObject("Self enroll course/input_Enrolment key_enrolpassword"), "Group_10"): Text 'Group_10' is set on object 'Object Repository/Self enroll course/input_Enrolment key_enrolpassword'

2022-01-16 01:43:50 - [MESSAGE][PASSED] - Text 'Group_10' is set on object 'Object Repository/Self enroll course/input_Enrolment key_enrolpassword'

2022-01-16 01:43:50 - [TEST_STEP][PASSED] - click(findTestObject("Self enroll course/input_Enrolment key_submitbutton")): Object: 'Object Repository/Self enroll course/input_Enrolment key_submitbutton' is clicked on

2022-01-16 01:43:53 - [MESSAGE][PASSED] - Object: 'Object Repository/Self enroll course/input_Enrolment key_submitbutton' is clicked on

2022-01-16 01:43:53 - [TEST_STEP][PASSED] - verifyTextPresent("You are enrolled in the course.", false): Text 'You are enrolled in the course.' is present on page 

2022-01-16 01:43:54 - [MESSAGE][PASSED] - Text 'You are enrolled in the course.' is present on page 

2022-01-16 01:43:54 - [TEST_STEP][PASSED] - click(findTestObject("Page_Dashboard/a_NH")): Object: 'Object Repository/Page_Dashboard/a_NH' is clicked on

2022-01-16 01:43:55 - [MESSAGE][PASSED] - Object: 'Object Repository/Page_Dashboard/a_NH' is clicked on

2022-01-16 01:43:55 - [TEST_STEP][PASSED] - click(findTestObject("Page_Dashboard/a_Log out")): Object: 'Object Repository/Page_Dashboard/a_Log out' is clicked on

2022-01-16 01:43:56 - [MESSAGE][PASSED] - Object: 'Object Repository/Page_Dashboard/a_Log out' is clicked on

2022-01-16 01:43:56 - [TEST_STEP][PASSED] - closeBrowser(): Browser is closed

2022-01-16 01:43:57 - [MESSAGE][PASSED] - Browser is closed]]></system-out>
         <system-err><![CDATA[]]></system-err>
      </testcase>
      <testcase name="Test Cases/View notification - Student" time="30.536" classname="Test Cases/View notification - Student" status="PASSED">
         <system-out><![CDATA[2022-01-16 01:43:57 - [TEST_CASE][PASSED] - Test Cases/View notification - Student: Test Cases/View notification - Student

2022-01-16 01:43:57 - [TEST_STEP][PASSED] - openBrowser(""): Browser is opened with url: ''

2022-01-16 01:43:57 - [MESSAGE][INFO] - Starting 'Edge Chromium' driver

2022-01-16 01:43:59 - [MESSAGE][INFO] - Action delay is set to 0 milliseconds

2022-01-16 01:44:00 - [MESSAGE][PASSED] - Browser is opened with url: ''

2022-01-16 01:44:00 - [TEST_STEP][PASSED] - navigateToUrl("http://localhost/"): Navigate to 'http://localhost/' successfully

2022-01-16 01:44:01 - [MESSAGE][PASSED] - Navigate to 'http://localhost/' successfully

2022-01-16 01:44:01 - [TEST_STEP][PASSED] - click(findTestObject("Page_Home page/a_Log in")): Object: 'Object Repository/Page_Home page/a_Log in' is clicked on

2022-01-16 01:44:02 - [MESSAGE][PASSED] - Object: 'Object Repository/Page_Home page/a_Log in' is clicked on

2022-01-16 01:44:02 - [TEST_STEP][PASSED] - setText(findTestObject("Page_Home page Log in to the site/input_Username_username"), "student1"): Text 'student1' is set on object 'Object Repository/Page_Home page Log in to the site/input_Username_username'

2022-01-16 01:44:02 - [MESSAGE][PASSED] - Text 'student1' is set on object 'Object Repository/Page_Home page Log in to the site/input_Username_username'

2022-01-16 01:44:02 - [TEST_STEP][PASSED] - setEncryptedText(findTestObject("Page_Home page Log in to the site/input_Password_password (1)"), "OFhcon1PzObx3ErJAwGfGA=="): Text ****** has been set on object 'Object Repository/Page_Home page Log in to the site/input_Password_password (1)'

2022-01-16 01:44:03 - [MESSAGE][PASSED] - Text ****** has been set on object 'Object Repository/Page_Home page Log in to the site/input_Password_password (1)'

2022-01-16 01:44:03 - [TEST_STEP][PASSED] - click(findTestObject("Page_Home page Log in to the site/button_Log in")): Object: 'Object Repository/Page_Home page Log in to the site/button_Log in' is clicked on

2022-01-16 01:44:04 - [MESSAGE][PASSED] - Object: 'Object Repository/Page_Home page Log in to the site/button_Log in' is clicked on

2022-01-16 01:44:04 - [TEST_STEP][PASSED] - click(findTestObject("View notification/icon_notification_menu")): Object: 'Object Repository/View notification/icon_notification_menu' is clicked on

2022-01-16 01:44:06 - [MESSAGE][PASSED] - Object: 'Object Repository/View notification/icon_notification_menu' is clicked on

2022-01-16 01:44:06 - [TEST_STEP][PASSED] - click(findTestObject("View notification/icon_setting")): Object: 'Object Repository/View notification/icon_setting' is clicked on

2022-01-16 01:44:07 - [MESSAGE][PASSED] - Object: 'Object Repository/View notification/icon_setting' is clicked on

2022-01-16 01:44:07 - [TEST_STEP][PASSED] - click(findTestObject("View notification/switch_off_on")): Object: 'Object Repository/View notification/switch_off_on' is clicked on

2022-01-16 01:44:07 - [MESSAGE][PASSED] - Object: 'Object Repository/View notification/switch_off_on' is clicked on

2022-01-16 01:44:07 - [TEST_STEP][PASSED] - click(findTestObject("Page_Dashboard/a_My courses (1)")): Object: 'Object Repository/Page_Dashboard/a_My courses (1)' is clicked on

2022-01-16 01:44:08 - [MESSAGE][PASSED] - Object: 'Object Repository/Page_Dashboard/a_My courses (1)' is clicked on

2022-01-16 01:44:08 - [TEST_STEP][PASSED] - click(findTestObject("Object Repository/Page_My courses/span_Test Automation")): Object: 'Object Repository/Page_My courses/span_Test Automation' is clicked on

2022-01-16 01:44:10 - [MESSAGE][PASSED] - Object: 'Object Repository/Page_My courses/span_Test Automation' is clicked on

2022-01-16 01:44:10 - [TEST_STEP][PASSED] - click(findTestObject("Object Repository/Page_Course Test Automation/a_Homework 1  Assignment")): Object: 'Object Repository/Page_Course Test Automation/a_Homework 1  Assignment' is clicked on

2022-01-16 01:44:12 - [MESSAGE][PASSED] - Object: 'Object Repository/Page_Course Test Automation/a_Homework 1  Assignment' is clicked on

2022-01-16 01:44:12 - [TEST_STEP][PASSED] - click(findTestObject("Object Repository/Page_TA Homework 1/button_Edit submission")): Object: 'Object Repository/Page_TA Homework 1/button_Edit submission' is clicked on

2022-01-16 01:44:13 - [MESSAGE][PASSED] - Object: 'Object Repository/Page_TA Homework 1/button_Edit submission' is clicked on

2022-01-16 01:44:13 - [TEST_STEP][PASSED] - setText(findTestObject("Object Repository/Page_TA Homework 1 - Edit submission/div_Test homework1"), "Test homework1"): Text 'Test homework1' is set on object 'Object Repository/Page_TA Homework 1 - Edit submission/div_Test homework1'

2022-01-16 01:44:15 - [MESSAGE][PASSED] - Text 'Test homework1' is set on object 'Object Repository/Page_TA Homework 1 - Edit submission/div_Test homework1'

2022-01-16 01:44:15 - [TEST_STEP][PASSED] - click(findTestObject("Object Repository/Page_TA Homework 1 - Edit submission/input_Loading_submitbutton")): Object: 'Object Repository/Page_TA Homework 1 - Edit submission/input_Loading_submitbutton' is clicked on

2022-01-16 01:44:23 - [MESSAGE][PASSED] - Object: 'Object Repository/Page_TA Homework 1 - Edit submission/input_Loading_submitbutton' is clicked on

2022-01-16 01:44:23 - [TEST_STEP][PASSED] - click(findTestObject("Object Repository/Page_TA Homework 1/i_My courses_icon fa fa-bell-o fa-fw")): Object: 'Object Repository/Page_TA Homework 1/i_My courses_icon fa fa-bell-o fa-fw' is clicked on

2022-01-16 01:44:23 - [MESSAGE][PASSED] - Object: 'Object Repository/Page_TA Homework 1/i_My courses_icon fa fa-bell-o fa-fw' is clicked on

2022-01-16 01:44:23 - [TEST_STEP][PASSED] - click(findTestObject("Object Repository/Page_TA Homework 1/div_You have submitted your assignment subm_a37a40")): Object: 'Object Repository/Page_TA Homework 1/div_You have submitted your assignment subm_a37a40' is clicked on

2022-01-16 01:44:25 - [MESSAGE][PASSED] - Object: 'Object Repository/Page_TA Homework 1/div_You have submitted your assignment subm_a37a40' is clicked on

2022-01-16 01:44:25 - [TEST_STEP][PASSED] - click(findTestObject("Object Repository/Page_TA Homework 1/a_NH")): Object: 'Object Repository/Page_TA Homework 1/a_NH' is clicked on

2022-01-16 01:44:25 - [MESSAGE][PASSED] - Object: 'Object Repository/Page_TA Homework 1/a_NH' is clicked on

2022-01-16 01:44:25 - [TEST_STEP][PASSED] - click(findTestObject("Object Repository/Page_TA Homework 1/a_Log out")): Object: 'Object Repository/Page_TA Homework 1/a_Log out' is clicked on

2022-01-16 01:44:26 - [MESSAGE][PASSED] - Object: 'Object Repository/Page_TA Homework 1/a_Log out' is clicked on

2022-01-16 01:44:26 - [TEST_STEP][PASSED] - closeBrowser(): Browser is closed

2022-01-16 01:44:27 - [MESSAGE][PASSED] - Browser is closed]]></system-out>
         <system-err><![CDATA[]]></system-err>
      </testcase>
      <testcase name="Test Cases/View event on calendar - Student" time="12.984" classname="Test Cases/View event on calendar - Student" status="PASSED">
         <system-out><![CDATA[2022-01-16 01:44:27 - [TEST_CASE][PASSED] - Test Cases/View event on calendar - Student: Test Cases/View event on calendar - Student

2022-01-16 01:44:27 - [TEST_STEP][PASSED] - openBrowser(""): Browser is opened with url: ''

2022-01-16 01:44:27 - [MESSAGE][INFO] - Starting 'Edge Chromium' driver

2022-01-16 01:44:30 - [MESSAGE][INFO] - Action delay is set to 0 milliseconds

2022-01-16 01:44:30 - [MESSAGE][PASSED] - Browser is opened with url: ''

2022-01-16 01:44:30 - [TEST_STEP][PASSED] - navigateToUrl("http://localhost/"): Navigate to 'http://localhost/' successfully

2022-01-16 01:44:31 - [MESSAGE][PASSED] - Navigate to 'http://localhost/' successfully

2022-01-16 01:44:31 - [TEST_STEP][PASSED] - click(findTestObject("Object Repository/Page_Home page/a_Log in")): Object: 'Object Repository/Page_Home page/a_Log in' is clicked on

2022-01-16 01:44:32 - [MESSAGE][PASSED] - Object: 'Object Repository/Page_Home page/a_Log in' is clicked on

2022-01-16 01:44:32 - [TEST_STEP][PASSED] - setText(findTestObject("Object Repository/Page_Home page Log in to the site/input_Username_username"), "student1"): Text 'student1' is set on object 'Object Repository/Page_Home page Log in to the site/input_Username_username'

2022-01-16 01:44:33 - [MESSAGE][PASSED] - Text 'student1' is set on object 'Object Repository/Page_Home page Log in to the site/input_Username_username'

2022-01-16 01:44:33 - [TEST_STEP][PASSED] - setEncryptedText(findTestObject("Page_Home page Log in to the site/input_Password_password (1)"), "OFhcon1PzObx3ErJAwGfGA=="): Text ****** has been set on object 'Object Repository/Page_Home page Log in to the site/input_Password_password (1)'

2022-01-16 01:44:33 - [MESSAGE][PASSED] - Text ****** has been set on object 'Object Repository/Page_Home page Log in to the site/input_Password_password (1)'

2022-01-16 01:44:33 - [TEST_STEP][PASSED] - click(findTestObject("Object Repository/Page_Home page Log in to the site/button_Log in")): Object: 'Object Repository/Page_Home page Log in to the site/button_Log in' is clicked on

2022-01-16 01:44:35 - [MESSAGE][PASSED] - Object: 'Object Repository/Page_Home page Log in to the site/button_Log in' is clicked on

2022-01-16 01:44:35 - [TEST_STEP][PASSED] - click(findTestObject("Object Repository/Page_Dashboard/span_19")): Object: 'Object Repository/Page_Dashboard/span_19' is clicked on

2022-01-16 01:44:36 - [MESSAGE][PASSED] - Object: 'Object Repository/Page_Dashboard/span_19' is clicked on

2022-01-16 01:44:36 - [TEST_STEP][PASSED] - click(findTestObject("Object Repository/Page_Group10 Calendar Day view Wednesday, 1_465f57/a_Go to activity")): Object: 'Object Repository/Page_Group10 Calendar Day view Wednesday, 1_465f57/a_Go to activity' is clicked on

2022-01-16 01:44:38 - [MESSAGE][PASSED] - Object: 'Object Repository/Page_Group10 Calendar Day view Wednesday, 1_465f57/a_Go to activity' is clicked on

2022-01-16 01:44:38 - [TEST_STEP][PASSED] - click(findTestObject("Object Repository/Page_TA Homework 1/a_NH")): Object: 'Object Repository/Page_TA Homework 1/a_NH' is clicked on

2022-01-16 01:44:38 - [MESSAGE][PASSED] - Object: 'Object Repository/Page_TA Homework 1/a_NH' is clicked on

2022-01-16 01:44:38 - [TEST_STEP][PASSED] - click(findTestObject("Object Repository/Page_TA Homework 1/a_Log out")): Object: 'Object Repository/Page_TA Homework 1/a_Log out' is clicked on

2022-01-16 01:44:39 - [MESSAGE][PASSED] - Object: 'Object Repository/Page_TA Homework 1/a_Log out' is clicked on

2022-01-16 01:44:39 - [TEST_STEP][PASSED] - closeBrowser(): Browser is closed

2022-01-16 01:44:40 - [MESSAGE][PASSED] - Browser is closed]]></system-out>
         <system-err><![CDATA[]]></system-err>
      </testcase>
      <testcase name="Test Cases/Chatting - Student" time="24.028" classname="Test Cases/Chatting - Student" status="PASSED">
         <system-out><![CDATA[2022-01-16 01:44:40 - [TEST_CASE][PASSED] - Test Cases/Chatting - Student: Test Cases/Chatting - Student

2022-01-16 01:44:40 - [TEST_STEP][PASSED] - openBrowser(""): Browser is opened with url: ''

2022-01-16 01:44:40 - [MESSAGE][INFO] - Starting 'Edge Chromium' driver

2022-01-16 01:44:43 - [MESSAGE][INFO] - Action delay is set to 0 milliseconds

2022-01-16 01:44:43 - [MESSAGE][PASSED] - Browser is opened with url: ''

2022-01-16 01:44:43 - [TEST_STEP][PASSED] - navigateToUrl("http://localhost/"): Navigate to 'http://localhost/' successfully

2022-01-16 01:44:44 - [MESSAGE][PASSED] - Navigate to 'http://localhost/' successfully

2022-01-16 01:44:44 - [TEST_STEP][PASSED] - click(findTestObject("Object Repository/Page_Home page/a_Log in")): Object: 'Object Repository/Page_Home page/a_Log in' is clicked on

2022-01-16 01:44:45 - [MESSAGE][PASSED] - Object: 'Object Repository/Page_Home page/a_Log in' is clicked on

2022-01-16 01:44:45 - [TEST_STEP][PASSED] - setText(findTestObject("Object Repository/Page_Home page Log in to the site/input_Username_username"), "student1"): Text 'student1' is set on object 'Object Repository/Page_Home page Log in to the site/input_Username_username'

2022-01-16 01:44:46 - [MESSAGE][PASSED] - Text 'student1' is set on object 'Object Repository/Page_Home page Log in to the site/input_Username_username'

2022-01-16 01:44:46 - [TEST_STEP][PASSED] - setEncryptedText(findTestObject("Page_Home page Log in to the site/input_Password_password (1)"), "OFhcon1PzObx3ErJAwGfGA=="): Text ****** has been set on object 'Object Repository/Page_Home page Log in to the site/input_Password_password (1)'

2022-01-16 01:44:46 - [MESSAGE][PASSED] - Text ****** has been set on object 'Object Repository/Page_Home page Log in to the site/input_Password_password (1)'

2022-01-16 01:44:46 - [TEST_STEP][PASSED] - click(findTestObject("Object Repository/Page_Home page Log in to the site/button_Log in")): Object: 'Object Repository/Page_Home page Log in to the site/button_Log in' is clicked on

2022-01-16 01:44:48 - [MESSAGE][PASSED] - Object: 'Object Repository/Page_Home page Log in to the site/button_Log in' is clicked on

2022-01-16 01:44:48 - [TEST_STEP][PASSED] - click(findTestObject("Page_Dashboard/i_See all_icon fa fa-comment-o fa-fw")): Object: 'Object Repository/Page_Dashboard/i_See all_icon fa fa-comment-o fa-fw' is clicked on

2022-01-16 01:44:49 - [MESSAGE][PASSED] - Object: 'Object Repository/Page_Dashboard/i_See all_icon fa fa-comment-o fa-fw' is clicked on

2022-01-16 01:44:49 - [TEST_STEP][PASSED] - setText(findTestObject("Object Repository/Page_Dashboard/input_Messages selected_form-control"), "Nguyen Nga"): Text 'Nguyen Nga' is set on object 'Object Repository/Page_Dashboard/input_Messages selected_form-control'

2022-01-16 01:44:50 - [MESSAGE][PASSED] - Text 'Nguyen Nga' is set on object 'Object Repository/Page_Dashboard/input_Messages selected_form-control'

2022-01-16 01:44:50 - [TEST_STEP][PASSED] - click(findTestObject("Object Repository/Page_Dashboard/i_Messages selected_icon fa fa-search fa-fw")): Object: 'Object Repository/Page_Dashboard/i_Messages selected_icon fa fa-search fa-fw' is clicked on

2022-01-16 01:44:51 - [MESSAGE][PASSED] - Object: 'Object Repository/Page_Dashboard/i_Messages selected_icon fa fa-search fa-fw' is clicked on

2022-01-16 01:44:51 - [TEST_STEP][PASSED] - click(findTestObject("Object Repository/Page_Dashboard/span_Nguyen Nga")): Object: 'Object Repository/Page_Dashboard/span_Nguyen Nga' is clicked on

2022-01-16 01:44:51 - [MESSAGE][PASSED] - Object: 'Object Repository/Page_Dashboard/span_Nguyen Nga' is clicked on

2022-01-16 01:44:51 - [TEST_STEP][PASSED] - setText(findTestObject("Object Repository/Page_Dashboard/textarea_Use enter to send_yui_3_17_2_1_164_f666ba"), "Em chào cô ạ"): Text 'Em chào cô ạ' is set on object 'Object Repository/Page_Dashboard/textarea_Use enter to send_yui_3_17_2_1_164_f666ba'

2022-01-16 01:44:53 - [MESSAGE][PASSED] - Text 'Em chào cô ạ' is set on object 'Object Repository/Page_Dashboard/textarea_Use enter to send_yui_3_17_2_1_164_f666ba'

2022-01-16 01:44:53 - [TEST_STEP][PASSED] - click(findTestObject("Object Repository/Page_Dashboard/i__icon fa fa-paper-plane fa-fw")): Object: 'Object Repository/Page_Dashboard/i__icon fa fa-paper-plane fa-fw' is clicked on

2022-01-16 01:44:53 - [MESSAGE][PASSED] - Object: 'Object Repository/Page_Dashboard/i__icon fa fa-paper-plane fa-fw' is clicked on

2022-01-16 01:44:53 - [TEST_STEP][PASSED] - click(findTestObject("Object Repository/Page_Dashboard/a_NH")): Object: 'Object Repository/Page_Dashboard/a_NH' is clicked on

2022-01-16 01:44:54 - [MESSAGE][PASSED] - Object: 'Object Repository/Page_Dashboard/a_NH' is clicked on

2022-01-16 01:44:54 - [TEST_STEP][PASSED] - click(findTestObject("Page_Dashboard/a_Log out")): Object: 'Object Repository/Page_Dashboard/a_Log out' is clicked on

2022-01-16 01:44:55 - [MESSAGE][PASSED] - Object: 'Object Repository/Page_Dashboard/a_Log out' is clicked on

2022-01-16 01:44:55 - [TEST_STEP][PASSED] - click(findTestObject("Object Repository/Page_Home page/a_Log in")): Object: 'Object Repository/Page_Home page/a_Log in' is clicked on

2022-01-16 01:44:56 - [MESSAGE][PASSED] - Object: 'Object Repository/Page_Home page/a_Log in' is clicked on

2022-01-16 01:44:56 - [TEST_STEP][PASSED] - setText(findTestObject("Object Repository/Page_Home page Log in to the site/input_Username_username"), "coursecreator1"): Text 'coursecreator1' is set on object 'Object Repository/Page_Home page Log in to the site/input_Username_username'

2022-01-16 01:44:57 - [MESSAGE][PASSED] - Text 'coursecreator1' is set on object 'Object Repository/Page_Home page Log in to the site/input_Username_username'

2022-01-16 01:44:57 - [TEST_STEP][PASSED] - setEncryptedText(findTestObject("Page_Home page Log in to the site/input_Password_password (1)"), "OFhcon1PzObx3ErJAwGfGA=="): Text ****** has been set on object 'Object Repository/Page_Home page Log in to the site/input_Password_password (1)'

2022-01-16 01:44:57 - [MESSAGE][PASSED] - Text ****** has been set on object 'Object Repository/Page_Home page Log in to the site/input_Password_password (1)'

2022-01-16 01:44:57 - [TEST_STEP][PASSED] - click(findTestObject("Object Repository/Page_Home page Log in to the site/button_Log in")): Object: 'Object Repository/Page_Home page Log in to the site/button_Log in' is clicked on

2022-01-16 01:44:58 - [MESSAGE][PASSED] - Object: 'Object Repository/Page_Home page Log in to the site/button_Log in' is clicked on

2022-01-16 01:44:58 - [TEST_STEP][PASSED] - click(findTestObject("Object Repository/Page_Dashboard/i_See all_icon fa fa-comment-o fa-fw")): Object: 'Object Repository/Page_Dashboard/i_See all_icon fa fa-comment-o fa-fw' is clicked on

2022-01-16 01:44:59 - [MESSAGE][PASSED] - Object: 'Object Repository/Page_Dashboard/i_See all_icon fa fa-comment-o fa-fw' is clicked on

2022-01-16 01:44:59 - [TEST_STEP][PASSED] - click(findTestObject("Object Repository/Page_Dashboard/strong_Nguyen Hoa")): Object: 'Object Repository/Page_Dashboard/strong_Nguyen Hoa' is clicked on

2022-01-16 01:45:00 - [MESSAGE][PASSED] - Object: 'Object Repository/Page_Dashboard/strong_Nguyen Hoa' is clicked on

2022-01-16 01:45:00 - [TEST_STEP][PASSED] - setText(findTestObject("Object Repository/Page_Dashboard/textarea_Use enter to send_yui_3_17_2_1_164_f0879e"), "Cô chào em"): Text 'Cô chào em' is set on object 'Object Repository/Page_Dashboard/textarea_Use enter to send_yui_3_17_2_1_164_f0879e'

2022-01-16 01:45:01 - [MESSAGE][PASSED] - Text 'Cô chào em' is set on object 'Object Repository/Page_Dashboard/textarea_Use enter to send_yui_3_17_2_1_164_f0879e'

2022-01-16 01:45:01 - [TEST_STEP][PASSED] - click(findTestObject("Object Repository/Page_Dashboard/i__icon fa fa-paper-plane fa-fw_1")): Object: 'Object Repository/Page_Dashboard/i__icon fa fa-paper-plane fa-fw_1' is clicked on

2022-01-16 01:45:02 - [MESSAGE][PASSED] - Object: 'Object Repository/Page_Dashboard/i__icon fa fa-paper-plane fa-fw_1' is clicked on

2022-01-16 01:45:02 - [TEST_STEP][PASSED] - click(findTestObject("Object Repository/Page_Dashboard/a_NN")): Object: 'Object Repository/Page_Dashboard/a_NN' is clicked on

2022-01-16 01:45:02 - [MESSAGE][PASSED] - Object: 'Object Repository/Page_Dashboard/a_NN' is clicked on

2022-01-16 01:45:02 - [TEST_STEP][PASSED] - click(findTestObject("Page_Dashboard/a_Log out")): Object: 'Object Repository/Page_Dashboard/a_Log out' is clicked on

2022-01-16 01:45:03 - [MESSAGE][PASSED] - Object: 'Object Repository/Page_Dashboard/a_Log out' is clicked on

2022-01-16 01:45:03 - [TEST_STEP][PASSED] - closeBrowser(): Browser is closed

2022-01-16 01:45:04 - [MESSAGE][PASSED] - Browser is closed]]></system-out>
         <system-err><![CDATA[]]></system-err>
      </testcase>
      <testcase name="Test Cases/Take the quiz on time - Student" time="141.722" classname="Test Cases/Take the quiz on time - Student" status="PASSED">
         <system-out><![CDATA[2022-01-16 01:45:04 - [TEST_CASE][PASSED] - Test Cases/Take the quiz on time - Student: Test Cases/Take the quiz on time - Student

2022-01-16 01:45:04 - [TEST_STEP][PASSED] - openBrowser(""): Browser is opened with url: ''

2022-01-16 01:45:04 - [MESSAGE][INFO] - Starting 'Edge Chromium' driver

2022-01-16 01:45:07 - [MESSAGE][INFO] - Action delay is set to 0 milliseconds

2022-01-16 01:45:07 - [MESSAGE][PASSED] - Browser is opened with url: ''

2022-01-16 01:45:07 - [TEST_STEP][PASSED] - navigateToUrl("http://localhost/"): Navigate to 'http://localhost/' successfully

2022-01-16 01:45:08 - [MESSAGE][PASSED] - Navigate to 'http://localhost/' successfully

2022-01-16 01:45:08 - [TEST_STEP][PASSED] - click(findTestObject("Object Repository/Page_Home page/a_Log in")): Object: 'Object Repository/Page_Home page/a_Log in' is clicked on

2022-01-16 01:45:09 - [MESSAGE][PASSED] - Object: 'Object Repository/Page_Home page/a_Log in' is clicked on

2022-01-16 01:45:09 - [TEST_STEP][PASSED] - setText(findTestObject("Object Repository/Page_Home page Log in to the site/input_Username_username"), "student1"): Text 'student1' is set on object 'Object Repository/Page_Home page Log in to the site/input_Username_username'

2022-01-16 01:45:10 - [MESSAGE][PASSED] - Text 'student1' is set on object 'Object Repository/Page_Home page Log in to the site/input_Username_username'

2022-01-16 01:45:10 - [TEST_STEP][PASSED] - setEncryptedText(findTestObject("Page_Home page Log in to the site/input_Password_password (1)"), "OFhcon1PzObx3ErJAwGfGA=="): Text ****** has been set on object 'Object Repository/Page_Home page Log in to the site/input_Password_password (1)'

2022-01-16 01:45:10 - [MESSAGE][PASSED] - Text ****** has been set on object 'Object Repository/Page_Home page Log in to the site/input_Password_password (1)'

2022-01-16 01:45:10 - [TEST_STEP][PASSED] - click(findTestObject("Object Repository/Page_Home page Log in to the site/button_Log in")): Object: 'Object Repository/Page_Home page Log in to the site/button_Log in' is clicked on

2022-01-16 01:45:11 - [MESSAGE][PASSED] - Object: 'Object Repository/Page_Home page Log in to the site/button_Log in' is clicked on

2022-01-16 01:45:11 - [TEST_STEP][PASSED] - click(findTestObject("Page_Group10 Administration Users Accounts _c9beb9/a_My courses")): Object: 'Object Repository/Page_Group10 Administration Users Accounts _c9beb9/a_My courses' is clicked on

2022-01-16 01:45:13 - [MESSAGE][PASSED] - Object: 'Object Repository/Page_Group10 Administration Users Accounts _c9beb9/a_My courses' is clicked on

2022-01-16 01:45:13 - [TEST_STEP][PASSED] - click(findTestObject("Object Repository/Page_My courses/span_Test Automation")): Object: 'Object Repository/Page_My courses/span_Test Automation' is clicked on

2022-01-16 01:45:15 - [MESSAGE][PASSED] - Object: 'Object Repository/Page_My courses/span_Test Automation' is clicked on

2022-01-16 01:45:15 - [TEST_STEP][PASSED] - click(findTestObject("Object Repository/Page_Course Test Automation/a_Quiz1")): Object: 'Object Repository/Page_Course Test Automation/a_Quiz1' is clicked on

2022-01-16 01:45:17 - [MESSAGE][PASSED] - Object: 'Object Repository/Page_Course Test Automation/a_Quiz1' is clicked on

2022-01-16 01:45:17 - [TEST_STEP][PASSED] - click(findTestObject("Object Repository/Page_TA Quiz1/a_Attempt quiz")): Object: 'Object Repository/Page_TA Quiz1/a_Attempt quiz' is clicked on

2022-01-16 01:45:18 - [MESSAGE][PASSED] - Object: 'Object Repository/Page_TA Quiz1/a_Attempt quiz' is clicked on

2022-01-16 01:45:18 - [TEST_STEP][PASSED] - click(findTestObject("Object Repository/Page_Quiz1/input_Time limit_submitbutton")): Object: 'Object Repository/Page_Quiz1/input_Time limit_submitbutton' is clicked on

2022-01-16 01:45:20 - [MESSAGE][PASSED] - Object: 'Object Repository/Page_Quiz1/input_Time limit_submitbutton' is clicked on

2022-01-16 01:45:20 - [TEST_STEP][PASSED] - click(findTestObject("Object Repository/Page_Quiz1/label_True")): Object: 'Object Repository/Page_Quiz1/label_True' is clicked on

2022-01-16 01:45:50 - [MESSAGE][PASSED] - Object: 'Object Repository/Page_Quiz1/label_True' is clicked on

2022-01-16 01:45:50 - [TEST_STEP][PASSED] - click(findTestObject("Page_TA Quiz1/finish attempt new")): Object: 'Object Repository/Page_TA Quiz1/finish attempt new' is clicked on

2022-01-16 01:46:21 - [MESSAGE][PASSED] - Object: 'Object Repository/Page_TA Quiz1/finish attempt new' is clicked on

2022-01-16 01:46:21 - [TEST_STEP][PASSED] - click(findTestObject("Object Repository/Page_Quiz1 Attempt summary/button_Submit all and finish")): Object: 'Object Repository/Page_Quiz1 Attempt summary/button_Submit all and finish' is clicked on

2022-01-16 01:46:51 - [MESSAGE][PASSED] - Object: 'Object Repository/Page_Quiz1 Attempt summary/button_Submit all and finish' is clicked on

2022-01-16 01:46:51 - [TEST_STEP][PASSED] - click(findTestObject("Object Repository/Page_Quiz1 Attempt summary/input_Once you submit, you will no longer b_5f1420")): Object: 'Object Repository/Page_Quiz1 Attempt summary/input_Once you submit, you will no longer b_5f1420' is clicked on

2022-01-16 01:47:22 - [MESSAGE][PASSED] - Object: 'Object Repository/Page_Quiz1 Attempt summary/input_Once you submit, you will no longer b_5f1420' is clicked on

2022-01-16 01:47:22 - [TEST_STEP][PASSED] - click(findTestObject("Object Repository/Page_Quiz1 Attempt review/a_Finish review")): Object: 'Object Repository/Page_Quiz1 Attempt review/a_Finish review' is clicked on

2022-01-16 01:47:23 - [MESSAGE][PASSED] - Object: 'Object Repository/Page_Quiz1 Attempt review/a_Finish review' is clicked on

2022-01-16 01:47:23 - [TEST_STEP][PASSED] - click(findTestObject("Object Repository/Page_TA Quiz1/a_NH")): Object: 'Object Repository/Page_TA Quiz1/a_NH' is clicked on

2022-01-16 01:47:24 - [MESSAGE][PASSED] - Object: 'Object Repository/Page_TA Quiz1/a_NH' is clicked on

2022-01-16 01:47:24 - [TEST_STEP][PASSED] - click(findTestObject("Object Repository/Page_TA Quiz1/a_Log out")): Object: 'Object Repository/Page_TA Quiz1/a_Log out' is clicked on

2022-01-16 01:47:25 - [MESSAGE][PASSED] - Object: 'Object Repository/Page_TA Quiz1/a_Log out' is clicked on

2022-01-16 01:47:25 - [TEST_STEP][PASSED] - closeBrowser(): Browser is closed

2022-01-16 01:47:26 - [MESSAGE][PASSED] - Browser is closed]]></system-out>
         <system-err><![CDATA[]]></system-err>
      </testcase>
      <testcase name="Test Cases/Take the quiz late - Student" time="18.312" classname="Test Cases/Take the quiz late - Student" status="PASSED">
         <system-out><![CDATA[2022-01-16 01:47:26 - [TEST_CASE][PASSED] - Test Cases/Take the quiz late - Student: Test Cases/Take the quiz late - Student

2022-01-16 01:47:26 - [TEST_STEP][PASSED] - openBrowser(""): Browser is opened with url: ''

2022-01-16 01:47:26 - [MESSAGE][INFO] - Starting 'Edge Chromium' driver

2022-01-16 01:47:28 - [MESSAGE][INFO] - Action delay is set to 0 milliseconds

2022-01-16 01:47:29 - [MESSAGE][PASSED] - Browser is opened with url: ''

2022-01-16 01:47:29 - [TEST_STEP][PASSED] - navigateToUrl("http://localhost/"): Navigate to 'http://localhost/' successfully

2022-01-16 01:47:30 - [MESSAGE][PASSED] - Navigate to 'http://localhost/' successfully

2022-01-16 01:47:30 - [TEST_STEP][PASSED] - click(findTestObject("Object Repository/Page_Home page/a_Log in")): Object: 'Object Repository/Page_Home page/a_Log in' is clicked on

2022-01-16 01:47:31 - [MESSAGE][PASSED] - Object: 'Object Repository/Page_Home page/a_Log in' is clicked on

2022-01-16 01:47:31 - [TEST_STEP][PASSED] - setText(findTestObject("Object Repository/Page_Home page Log in to the site/input_Username_username"), "student1"): Text 'student1' is set on object 'Object Repository/Page_Home page Log in to the site/input_Username_username'

2022-01-16 01:47:32 - [MESSAGE][PASSED] - Text 'student1' is set on object 'Object Repository/Page_Home page Log in to the site/input_Username_username'

2022-01-16 01:47:32 - [TEST_STEP][PASSED] - setEncryptedText(findTestObject("Page_Home page Log in to the site/input_Password_password (1)"), "OFhcon1PzObx3ErJAwGfGA=="): Text ****** has been set on object 'Object Repository/Page_Home page Log in to the site/input_Password_password (1)'

2022-01-16 01:47:33 - [MESSAGE][PASSED] - Text ****** has been set on object 'Object Repository/Page_Home page Log in to the site/input_Password_password (1)'

2022-01-16 01:47:33 - [TEST_STEP][PASSED] - click(findTestObject("Object Repository/Page_Home page Log in to the site/button_Log in")): Object: 'Object Repository/Page_Home page Log in to the site/button_Log in' is clicked on

2022-01-16 01:47:34 - [MESSAGE][PASSED] - Object: 'Object Repository/Page_Home page Log in to the site/button_Log in' is clicked on

2022-01-16 01:47:34 - [TEST_STEP][PASSED] - click(findTestObject("Page_Group10 Administration Users Accounts _9567d5/a_My courses")): Object: 'Object Repository/Page_Group10 Administration Users Accounts _9567d5/a_My courses' is clicked on

2022-01-16 01:47:36 - [MESSAGE][PASSED] - Object: 'Object Repository/Page_Group10 Administration Users Accounts _9567d5/a_My courses' is clicked on

2022-01-16 01:47:36 - [TEST_STEP][PASSED] - click(findTestObject("Object Repository/Page_My courses/span_Test Automation")): Object: 'Object Repository/Page_My courses/span_Test Automation' is clicked on

2022-01-16 01:47:38 - [MESSAGE][PASSED] - Object: 'Object Repository/Page_My courses/span_Test Automation' is clicked on

2022-01-16 01:47:38 - [TEST_STEP][PASSED] - click(findTestObject("Object Repository/Page_Course Test Automation/a_Quiz2")): Object: 'Object Repository/Page_Course Test Automation/a_Quiz2' is clicked on

2022-01-16 01:47:40 - [MESSAGE][PASSED] - Object: 'Object Repository/Page_Course Test Automation/a_Quiz2' is clicked on

2022-01-16 01:47:40 - [TEST_STEP][PASSED] - click(findTestObject("Object Repository/Page_TA Quiz2/a_Attempt quiz")): Object: 'Object Repository/Page_TA Quiz2/a_Attempt quiz' is clicked on

2022-01-16 01:47:41 - [MESSAGE][PASSED] - Object: 'Object Repository/Page_TA Quiz2/a_Attempt quiz' is clicked on

2022-01-16 01:47:41 - [TEST_STEP][PASSED] - click(findTestObject("Object Repository/Page_Error/button_Continue")): Object: 'Object Repository/Page_Error/button_Continue' is clicked on

2022-01-16 01:47:42 - [MESSAGE][PASSED] - Object: 'Object Repository/Page_Error/button_Continue' is clicked on

2022-01-16 01:47:42 - [TEST_STEP][PASSED] - click(findTestObject("Object Repository/Page_TA Quiz2/a_NH")): Object: 'Object Repository/Page_TA Quiz2/a_NH' is clicked on

2022-01-16 01:47:43 - [MESSAGE][PASSED] - Object: 'Object Repository/Page_TA Quiz2/a_NH' is clicked on

2022-01-16 01:47:43 - [TEST_STEP][PASSED] - click(findTestObject("Object Repository/Page_TA Quiz2/a_Log out")): Object: 'Object Repository/Page_TA Quiz2/a_Log out' is clicked on

2022-01-16 01:47:43 - [MESSAGE][PASSED] - Object: 'Object Repository/Page_TA Quiz2/a_Log out' is clicked on

2022-01-16 01:47:43 - [TEST_STEP][PASSED] - closeBrowser(): Browser is closed

2022-01-16 01:47:44 - [MESSAGE][PASSED] - Browser is closed]]></system-out>
         <system-err><![CDATA[]]></system-err>
      </testcase>
      <testcase name="Test Cases/Review quizz result - Student" time="17.096" classname="Test Cases/Review quizz result - Student" status="PASSED">
         <system-out><![CDATA[2022-01-16 01:47:44 - [TEST_CASE][PASSED] - Test Cases/Review quizz result - Student: Test Cases/Review quizz result - Student

2022-01-16 01:47:44 - [TEST_STEP][PASSED] - openBrowser(""): Browser is opened with url: ''

2022-01-16 01:47:44 - [MESSAGE][INFO] - Starting 'Edge Chromium' driver

2022-01-16 01:47:47 - [MESSAGE][INFO] - Action delay is set to 0 milliseconds

2022-01-16 01:47:47 - [MESSAGE][PASSED] - Browser is opened with url: ''

2022-01-16 01:47:47 - [TEST_STEP][PASSED] - navigateToUrl("http://localhost/"): Navigate to 'http://localhost/' successfully

2022-01-16 01:47:48 - [MESSAGE][PASSED] - Navigate to 'http://localhost/' successfully

2022-01-16 01:47:48 - [TEST_STEP][PASSED] - click(findTestObject("Page_Home page/a_Log in")): Object: 'Object Repository/Page_Home page/a_Log in' is clicked on

2022-01-16 01:47:49 - [MESSAGE][PASSED] - Object: 'Object Repository/Page_Home page/a_Log in' is clicked on

2022-01-16 01:47:49 - [TEST_STEP][PASSED] - setText(findTestObject("Page_Home page Log in to the site/input_Username_username"), "student1"): Text 'student1' is set on object 'Object Repository/Page_Home page Log in to the site/input_Username_username'

2022-01-16 01:47:50 - [MESSAGE][PASSED] - Text 'student1' is set on object 'Object Repository/Page_Home page Log in to the site/input_Username_username'

2022-01-16 01:47:50 - [TEST_STEP][PASSED] - setEncryptedText(findTestObject("Page_Home page Log in to the site/input_Password_password (1)"), "OFhcon1PzObx3ErJAwGfGA=="): Text ****** has been set on object 'Object Repository/Page_Home page Log in to the site/input_Password_password (1)'

2022-01-16 01:47:50 - [MESSAGE][PASSED] - Text ****** has been set on object 'Object Repository/Page_Home page Log in to the site/input_Password_password (1)'

2022-01-16 01:47:50 - [TEST_STEP][PASSED] - click(findTestObject("Page_Home page Log in to the site/button_Log in")): Object: 'Object Repository/Page_Home page Log in to the site/button_Log in' is clicked on

2022-01-16 01:47:52 - [MESSAGE][PASSED] - Object: 'Object Repository/Page_Home page Log in to the site/button_Log in' is clicked on

2022-01-16 01:47:52 - [TEST_STEP][PASSED] - click(findTestObject("Page_Dashboard/a_My courses (1)")): Object: 'Object Repository/Page_Dashboard/a_My courses (1)' is clicked on

2022-01-16 01:47:53 - [MESSAGE][PASSED] - Object: 'Object Repository/Page_Dashboard/a_My courses (1)' is clicked on

2022-01-16 01:47:53 - [TEST_STEP][PASSED] - click(findTestObject("Page_My courses/span_Test Automation")): Object: 'Object Repository/Page_My courses/span_Test Automation' is clicked on

2022-01-16 01:47:55 - [MESSAGE][PASSED] - Object: 'Object Repository/Page_My courses/span_Test Automation' is clicked on

2022-01-16 01:47:55 - [TEST_STEP][PASSED] - click(findTestObject("Page_Course Test Automation/a_Quiz1")): Object: 'Object Repository/Page_Course Test Automation/a_Quiz1' is clicked on

2022-01-16 01:47:57 - [MESSAGE][PASSED] - Object: 'Object Repository/Page_Course Test Automation/a_Quiz1' is clicked on

2022-01-16 01:47:57 - [TEST_STEP][PASSED] - click(findTestObject("Object Repository/Page_TA Quiz1/a_Review")): Object: 'Object Repository/Page_TA Quiz1/a_Review' is clicked on

2022-01-16 01:47:58 - [MESSAGE][PASSED] - Object: 'Object Repository/Page_TA Quiz1/a_Review' is clicked on

2022-01-16 01:47:58 - [TEST_STEP][PASSED] - click(findTestObject("Page_Quiz1 Attempt review/a_Finish review")): Object: 'Object Repository/Page_Quiz1 Attempt review/a_Finish review' is clicked on

2022-01-16 01:47:59 - [MESSAGE][PASSED] - Object: 'Object Repository/Page_Quiz1 Attempt review/a_Finish review' is clicked on

2022-01-16 01:47:59 - [TEST_STEP][PASSED] - click(findTestObject("Page_TA Quiz1/a_NH")): Object: 'Object Repository/Page_TA Quiz1/a_NH' is clicked on

2022-01-16 01:48:00 - [MESSAGE][PASSED] - Object: 'Object Repository/Page_TA Quiz1/a_NH' is clicked on

2022-01-16 01:48:00 - [TEST_STEP][PASSED] - click(findTestObject("Page_TA Quiz1/a_Log out")): Object: 'Object Repository/Page_TA Quiz1/a_Log out' is clicked on

2022-01-16 01:48:00 - [MESSAGE][PASSED] - Object: 'Object Repository/Page_TA Quiz1/a_Log out' is clicked on

2022-01-16 01:48:00 - [TEST_STEP][PASSED] - closeBrowser(): Browser is closed

2022-01-16 01:48:01 - [MESSAGE][PASSED] - Browser is closed]]></system-out>
         <system-err><![CDATA[]]></system-err>
      </testcase>
      <testcase name="Test Cases/See the results of all quizzes - Teacher" time="14.917" classname="Test Cases/See the results of all quizzes - Teacher" status="PASSED">
         <system-out><![CDATA[2022-01-16 01:48:01 - [TEST_CASE][PASSED] - Test Cases/See the results of all quizzes - Teacher: Test Cases/See the results of all quizzes - Teacher

2022-01-16 01:48:01 - [TEST_STEP][PASSED] - openBrowser(""): Browser is opened with url: ''

2022-01-16 01:48:01 - [MESSAGE][INFO] - Starting 'Edge Chromium' driver

2022-01-16 01:48:04 - [MESSAGE][INFO] - Action delay is set to 0 milliseconds

2022-01-16 01:48:04 - [MESSAGE][PASSED] - Browser is opened with url: ''

2022-01-16 01:48:04 - [TEST_STEP][PASSED] - navigateToUrl("http://localhost/"): Navigate to 'http://localhost/' successfully

2022-01-16 01:48:06 - [MESSAGE][PASSED] - Navigate to 'http://localhost/' successfully

2022-01-16 01:48:06 - [TEST_STEP][PASSED] - click(findTestObject("Page_Home page/a_Log in")): Object: 'Object Repository/Page_Home page/a_Log in' is clicked on

2022-01-16 01:48:07 - [MESSAGE][PASSED] - Object: 'Object Repository/Page_Home page/a_Log in' is clicked on

2022-01-16 01:48:07 - [TEST_STEP][PASSED] - setText(findTestObject("Page_Home page Log in to the site/input_Username_username"), "teacher1"): Text 'teacher1' is set on object 'Object Repository/Page_Home page Log in to the site/input_Username_username'

2022-01-16 01:48:08 - [MESSAGE][PASSED] - Text 'teacher1' is set on object 'Object Repository/Page_Home page Log in to the site/input_Username_username'

2022-01-16 01:48:08 - [TEST_STEP][PASSED] - setEncryptedText(findTestObject("Page_Home page Log in to the site/input_Password_password (1)"), "OFhcon1PzObx3ErJAwGfGA=="): Text ****** has been set on object 'Object Repository/Page_Home page Log in to the site/input_Password_password (1)'

2022-01-16 01:48:08 - [MESSAGE][PASSED] - Text ****** has been set on object 'Object Repository/Page_Home page Log in to the site/input_Password_password (1)'

2022-01-16 01:48:08 - [TEST_STEP][PASSED] - click(findTestObject("Page_Home page Log in to the site/button_Log in")): Object: 'Object Repository/Page_Home page Log in to the site/button_Log in' is clicked on

2022-01-16 01:48:09 - [MESSAGE][PASSED] - Object: 'Object Repository/Page_Home page Log in to the site/button_Log in' is clicked on

2022-01-16 01:48:09 - [TEST_STEP][PASSED] - click(findTestObject("Page_Dashboard/a_NN")): Object: 'Object Repository/Page_Dashboard/a_NN' is clicked on

2022-01-16 01:48:10 - [MESSAGE][PASSED] - Object: 'Object Repository/Page_Dashboard/a_NN' is clicked on

2022-01-16 01:48:10 - [TEST_STEP][PASSED] - click(findTestObject("Object Repository/Page_Dashboard/a_Grades")): Object: 'Object Repository/Page_Dashboard/a_Grades' is clicked on

2022-01-16 01:48:11 - [MESSAGE][PASSED] - Object: 'Object Repository/Page_Dashboard/a_Grades' is clicked on

2022-01-16 01:48:11 - [TEST_STEP][PASSED] - click(findTestObject("Object Repository/Page_Grades - Nguyen Nga/a_Test Automation")): Object: 'Object Repository/Page_Grades - Nguyen Nga/a_Test Automation' is clicked on

2022-01-16 01:48:12 - [MESSAGE][PASSED] - Object: 'Object Repository/Page_Grades - Nguyen Nga/a_Test Automation' is clicked on

2022-01-16 01:48:12 - [TEST_STEP][PASSED] - click(findTestObject("Object Repository/Page_Grades View/i_-_icon fa fa-search-plus fa-fw")): Object: 'Object Repository/Page_Grades View/i_-_icon fa fa-search-plus fa-fw' is clicked on

2022-01-16 01:48:13 - [MESSAGE][PASSED] - Object: 'Object Repository/Page_Grades View/i_-_icon fa fa-search-plus fa-fw' is clicked on

2022-01-16 01:48:13 - [TEST_STEP][PASSED] - click(findTestObject("Object Repository/Page_Quiz1 Attempt review/a_NN")): Object: 'Object Repository/Page_Quiz1 Attempt review/a_NN' is clicked on

2022-01-16 01:48:14 - [MESSAGE][PASSED] - Object: 'Object Repository/Page_Quiz1 Attempt review/a_NN' is clicked on

2022-01-16 01:48:14 - [TEST_STEP][PASSED] - click(findTestObject("Object Repository/Page_Quiz1 Attempt review/a_Log out")): Object: 'Object Repository/Page_Quiz1 Attempt review/a_Log out' is clicked on

2022-01-16 01:48:15 - [MESSAGE][PASSED] - Object: 'Object Repository/Page_Quiz1 Attempt review/a_Log out' is clicked on

2022-01-16 01:48:15 - [TEST_STEP][PASSED] - closeBrowser(): Browser is closed

2022-01-16 01:48:16 - [MESSAGE][PASSED] - Browser is closed]]></system-out>
         <system-err><![CDATA[]]></system-err>
      </testcase>
      <testcase name="Test Cases/View grades by subject - Student" time="14.45" classname="Test Cases/View grades by subject - Student" status="PASSED">
         <system-out><![CDATA[2022-01-16 01:48:16 - [TEST_CASE][PASSED] - Test Cases/View grades by subject - Student: Test Cases/View grades by subject - Student

2022-01-16 01:48:16 - [TEST_STEP][PASSED] - openBrowser(""): Browser is opened with url: ''

2022-01-16 01:48:16 - [MESSAGE][INFO] - Starting 'Edge Chromium' driver

2022-01-16 01:48:19 - [MESSAGE][INFO] - Action delay is set to 0 milliseconds

2022-01-16 01:48:19 - [MESSAGE][PASSED] - Browser is opened with url: ''

2022-01-16 01:48:19 - [TEST_STEP][PASSED] - navigateToUrl("http://localhost/"): Navigate to 'http://localhost/' successfully

2022-01-16 01:48:20 - [MESSAGE][PASSED] - Navigate to 'http://localhost/' successfully

2022-01-16 01:48:20 - [TEST_STEP][PASSED] - click(findTestObject("Page_Home page/a_Log in")): Object: 'Object Repository/Page_Home page/a_Log in' is clicked on

2022-01-16 01:48:21 - [MESSAGE][PASSED] - Object: 'Object Repository/Page_Home page/a_Log in' is clicked on

2022-01-16 01:48:21 - [TEST_STEP][PASSED] - setText(findTestObject("Page_Home page Log in to the site/input_Username_username"), "student1"): Text 'student1' is set on object 'Object Repository/Page_Home page Log in to the site/input_Username_username'

2022-01-16 01:48:22 - [MESSAGE][PASSED] - Text 'student1' is set on object 'Object Repository/Page_Home page Log in to the site/input_Username_username'

2022-01-16 01:48:22 - [TEST_STEP][PASSED] - setEncryptedText(findTestObject("Page_Home page Log in to the site/input_Password_password (1)"), "OFhcon1PzObx3ErJAwGfGA=="): Text ****** has been set on object 'Object Repository/Page_Home page Log in to the site/input_Password_password (1)'

2022-01-16 01:48:22 - [MESSAGE][PASSED] - Text ****** has been set on object 'Object Repository/Page_Home page Log in to the site/input_Password_password (1)'

2022-01-16 01:48:22 - [TEST_STEP][PASSED] - click(findTestObject("Page_Home page Log in to the site/button_Log in")): Object: 'Object Repository/Page_Home page Log in to the site/button_Log in' is clicked on

2022-01-16 01:48:24 - [MESSAGE][PASSED] - Object: 'Object Repository/Page_Home page Log in to the site/button_Log in' is clicked on

2022-01-16 01:48:24 - [TEST_STEP][PASSED] - click(findTestObject("Page_Dashboard/a_NH")): Object: 'Object Repository/Page_Dashboard/a_NH' is clicked on

2022-01-16 01:48:25 - [MESSAGE][PASSED] - Object: 'Object Repository/Page_Dashboard/a_NH' is clicked on

2022-01-16 01:48:25 - [TEST_STEP][PASSED] - click(findTestObject("Page_Dashboard/a_Grades")): Object: 'Object Repository/Page_Dashboard/a_Grades' is clicked on

2022-01-16 01:48:26 - [MESSAGE][PASSED] - Object: 'Object Repository/Page_Dashboard/a_Grades' is clicked on

2022-01-16 01:48:26 - [TEST_STEP][PASSED] - click(findTestObject("Object Repository/Page_Grades - Nguyen Hoa/a_Test Automation")): Object: 'Object Repository/Page_Grades - Nguyen Hoa/a_Test Automation' is clicked on

2022-01-16 01:48:27 - [MESSAGE][PASSED] - Object: 'Object Repository/Page_Grades - Nguyen Hoa/a_Test Automation' is clicked on

2022-01-16 01:48:27 - [TEST_STEP][PASSED] - click(findTestObject("Object Repository/Page_TA Activity report (grade)/a_Quiz1")): Object: 'Object Repository/Page_TA Activity report (grade)/a_Quiz1' is clicked on

2022-01-16 01:48:28 - [MESSAGE][PASSED] - Object: 'Object Repository/Page_TA Activity report (grade)/a_Quiz1' is clicked on

2022-01-16 01:48:28 - [TEST_STEP][PASSED] - click(findTestObject("Page_TA Quiz1/a_NH")): Object: 'Object Repository/Page_TA Quiz1/a_NH' is clicked on

2022-01-16 01:48:29 - [MESSAGE][PASSED] - Object: 'Object Repository/Page_TA Quiz1/a_NH' is clicked on

2022-01-16 01:48:29 - [TEST_STEP][PASSED] - click(findTestObject("Page_TA Quiz1/a_Log out")): Object: 'Object Repository/Page_TA Quiz1/a_Log out' is clicked on

2022-01-16 01:48:30 - [MESSAGE][PASSED] - Object: 'Object Repository/Page_TA Quiz1/a_Log out' is clicked on

2022-01-16 01:48:30 - [TEST_STEP][PASSED] - closeBrowser(): Browser is closed

2022-01-16 01:48:31 - [MESSAGE][PASSED] - Browser is closed]]></system-out>
         <system-err><![CDATA[]]></system-err>
      </testcase>
      <testcase name="Test Cases/Submit exercise on time - Student" time="26.145" classname="Test Cases/Submit exercise on time - Student" status="PASSED">
         <system-out><![CDATA[2022-01-16 01:48:31 - [TEST_CASE][PASSED] - Test Cases/Submit exercise on time - Student: Test Cases/Submit exercise on time - Student

2022-01-16 01:48:31 - [TEST_STEP][PASSED] - openBrowser(""): Browser is opened with url: ''

2022-01-16 01:48:31 - [MESSAGE][INFO] - Starting 'Edge Chromium' driver

2022-01-16 01:48:33 - [MESSAGE][INFO] - Action delay is set to 0 milliseconds

2022-01-16 01:48:34 - [MESSAGE][PASSED] - Browser is opened with url: ''

2022-01-16 01:48:34 - [TEST_STEP][PASSED] - navigateToUrl("http://localhost/"): Navigate to 'http://localhost/' successfully

2022-01-16 01:48:35 - [MESSAGE][PASSED] - Navigate to 'http://localhost/' successfully

2022-01-16 01:48:35 - [TEST_STEP][PASSED] - click(findTestObject("Object Repository/Page_Home page/a_Log in")): Object: 'Object Repository/Page_Home page/a_Log in' is clicked on

2022-01-16 01:48:36 - [MESSAGE][PASSED] - Object: 'Object Repository/Page_Home page/a_Log in' is clicked on

2022-01-16 01:48:36 - [TEST_STEP][PASSED] - setText(findTestObject("Object Repository/Page_Home page Log in to the site/input_Username_username"), "student1"): Text 'student1' is set on object 'Object Repository/Page_Home page Log in to the site/input_Username_username'

2022-01-16 01:48:36 - [MESSAGE][PASSED] - Text 'student1' is set on object 'Object Repository/Page_Home page Log in to the site/input_Username_username'

2022-01-16 01:48:36 - [TEST_STEP][PASSED] - setEncryptedText(findTestObject("Page_Home page Log in to the site/input_Password_password (1)"), "OFhcon1PzObx3ErJAwGfGA=="): Text ****** has been set on object 'Object Repository/Page_Home page Log in to the site/input_Password_password (1)'

2022-01-16 01:48:37 - [MESSAGE][PASSED] - Text ****** has been set on object 'Object Repository/Page_Home page Log in to the site/input_Password_password (1)'

2022-01-16 01:48:37 - [TEST_STEP][PASSED] - click(findTestObject("Object Repository/Page_Home page Log in to the site/button_Log in")): Object: 'Object Repository/Page_Home page Log in to the site/button_Log in' is clicked on

2022-01-16 01:48:38 - [MESSAGE][PASSED] - Object: 'Object Repository/Page_Home page Log in to the site/button_Log in' is clicked on

2022-01-16 01:48:38 - [TEST_STEP][PASSED] - click(findTestObject("Page_Group10 Administration Users Accounts _c9beb9/a_My courses")): Object: 'Object Repository/Page_Group10 Administration Users Accounts _c9beb9/a_My courses' is clicked on

2022-01-16 01:48:40 - [MESSAGE][PASSED] - Object: 'Object Repository/Page_Group10 Administration Users Accounts _c9beb9/a_My courses' is clicked on

2022-01-16 01:48:40 - [TEST_STEP][PASSED] - click(findTestObject("Object Repository/Page_My courses/span_Test Automation")): Object: 'Object Repository/Page_My courses/span_Test Automation' is clicked on

2022-01-16 01:48:42 - [MESSAGE][PASSED] - Object: 'Object Repository/Page_My courses/span_Test Automation' is clicked on

2022-01-16 01:48:42 - [TEST_STEP][PASSED] - click(findTestObject("Object Repository/Page_Course Test Automation/a_Homework 1  Assignment")): Object: 'Object Repository/Page_Course Test Automation/a_Homework 1  Assignment' is clicked on

2022-01-16 01:48:44 - [MESSAGE][PASSED] - Object: 'Object Repository/Page_Course Test Automation/a_Homework 1  Assignment' is clicked on

2022-01-16 01:48:44 - [TEST_STEP][PASSED] - click(findTestObject("Object Repository/Page_TA Homework 1/button_Edit submission")): Object: 'Object Repository/Page_TA Homework 1/button_Edit submission' is clicked on

2022-01-16 01:48:45 - [MESSAGE][PASSED] - Object: 'Object Repository/Page_TA Homework 1/button_Edit submission' is clicked on

2022-01-16 01:48:45 - [TEST_STEP][PASSED] - setText(findTestObject("Object Repository/Page_TA Homework 1 - Edit submission/div_Test homework1"), "Test homework1"): Text 'Test homework1' is set on object 'Object Repository/Page_TA Homework 1 - Edit submission/div_Test homework1'

2022-01-16 01:48:47 - [MESSAGE][PASSED] - Text 'Test homework1' is set on object 'Object Repository/Page_TA Homework 1 - Edit submission/div_Test homework1'

2022-01-16 01:48:47 - [TEST_STEP][PASSED] - click(findTestObject("Object Repository/Page_TA Homework 1 - Edit submission/input_Test homework_submitbutton")): Object: 'Object Repository/Page_TA Homework 1 - Edit submission/input_Test homework_submitbutton' is clicked on

2022-01-16 01:48:54 - [MESSAGE][PASSED] - Object: 'Object Repository/Page_TA Homework 1 - Edit submission/input_Test homework_submitbutton' is clicked on

2022-01-16 01:48:54 - [TEST_STEP][PASSED] - click(findTestObject("Object Repository/Page_TA Homework 1/a_NH")): Object: 'Object Repository/Page_TA Homework 1/a_NH' is clicked on

2022-01-16 01:48:55 - [MESSAGE][PASSED] - Object: 'Object Repository/Page_TA Homework 1/a_NH' is clicked on

2022-01-16 01:48:55 - [TEST_STEP][PASSED] - click(findTestObject("Object Repository/Page_TA Homework 1/a_Log out")): Object: 'Object Repository/Page_TA Homework 1/a_Log out' is clicked on

2022-01-16 01:48:56 - [MESSAGE][PASSED] - Object: 'Object Repository/Page_TA Homework 1/a_Log out' is clicked on

2022-01-16 01:48:56 - [TEST_STEP][PASSED] - closeBrowser(): Browser is closed

2022-01-16 01:48:57 - [MESSAGE][PASSED] - Browser is closed]]></system-out>
         <system-err><![CDATA[]]></system-err>
      </testcase>
      <testcase name="Test Cases/Submit with over limit words - Student" time="29.824" classname="Test Cases/Submit with over limit words - Student" status="PASSED">
         <system-out><![CDATA[2022-01-16 01:48:57 - [TEST_CASE][PASSED] - Test Cases/Submit with over limit words - Student: Test Cases/Submit with over limit words - Student

2022-01-16 01:48:57 - [TEST_STEP][PASSED] - openBrowser(""): Browser is opened with url: ''

2022-01-16 01:48:57 - [MESSAGE][INFO] - Starting 'Edge Chromium' driver

2022-01-16 01:48:59 - [MESSAGE][INFO] - Action delay is set to 0 milliseconds

2022-01-16 01:49:00 - [MESSAGE][PASSED] - Browser is opened with url: ''

2022-01-16 01:49:00 - [TEST_STEP][PASSED] - navigateToUrl("http://localhost/"): Navigate to 'http://localhost/' successfully

2022-01-16 01:49:01 - [MESSAGE][PASSED] - Navigate to 'http://localhost/' successfully

2022-01-16 01:49:01 - [TEST_STEP][PASSED] - click(findTestObject("Page_Home page/a_Log in")): Object: 'Object Repository/Page_Home page/a_Log in' is clicked on

2022-01-16 01:49:02 - [MESSAGE][PASSED] - Object: 'Object Repository/Page_Home page/a_Log in' is clicked on

2022-01-16 01:49:02 - [TEST_STEP][PASSED] - setText(findTestObject("Page_Home page Log in to the site/input_Username_username"), "student1"): Text 'student1' is set on object 'Object Repository/Page_Home page Log in to the site/input_Username_username'

2022-01-16 01:49:02 - [MESSAGE][PASSED] - Text 'student1' is set on object 'Object Repository/Page_Home page Log in to the site/input_Username_username'

2022-01-16 01:49:02 - [TEST_STEP][PASSED] - setEncryptedText(findTestObject("Page_Home page Log in to the site/input_Password_password (1)"), "OFhcon1PzObx3ErJAwGfGA=="): Text ****** has been set on object 'Object Repository/Page_Home page Log in to the site/input_Password_password (1)'

2022-01-16 01:49:03 - [MESSAGE][PASSED] - Text ****** has been set on object 'Object Repository/Page_Home page Log in to the site/input_Password_password (1)'

2022-01-16 01:49:03 - [TEST_STEP][PASSED] - click(findTestObject("Page_Home page Log in to the site/button_Log in")): Object: 'Object Repository/Page_Home page Log in to the site/button_Log in' is clicked on

2022-01-16 01:49:04 - [MESSAGE][PASSED] - Object: 'Object Repository/Page_Home page Log in to the site/button_Log in' is clicked on

2022-01-16 01:49:04 - [TEST_STEP][PASSED] - click(findTestObject("Page_Dashboard/a_My courses (1)")): Object: 'Object Repository/Page_Dashboard/a_My courses (1)' is clicked on

2022-01-16 01:49:06 - [MESSAGE][PASSED] - Object: 'Object Repository/Page_Dashboard/a_My courses (1)' is clicked on

2022-01-16 01:49:06 - [TEST_STEP][PASSED] - click(findTestObject("Page_My courses/span_Test Automation")): Object: 'Object Repository/Page_My courses/span_Test Automation' is clicked on

2022-01-16 01:49:08 - [MESSAGE][PASSED] - Object: 'Object Repository/Page_My courses/span_Test Automation' is clicked on

2022-01-16 01:49:08 - [TEST_STEP][PASSED] - click(findTestObject("Page_Course Test Automation/a_Homework 1  Assignment")): Object: 'Object Repository/Page_Course Test Automation/a_Homework 1  Assignment' is clicked on

2022-01-16 01:49:09 - [MESSAGE][PASSED] - Object: 'Object Repository/Page_Course Test Automation/a_Homework 1  Assignment' is clicked on

2022-01-16 01:49:09 - [TEST_STEP][PASSED] - click(findTestObject("Page_TA Homework 1/button_Edit submission new")): Object: 'Object Repository/Page_TA Homework 1/button_Edit submission new' is clicked on

2022-01-16 01:49:11 - [MESSAGE][PASSED] - Object: 'Object Repository/Page_TA Homework 1/button_Edit submission new' is clicked on

2022-01-16 01:49:11 - [TEST_STEP][PASSED] - click(findTestObject("Object Repository/Page_TA Homework 1 - Edit submission/div_Rich text editorTest homework1Test home_3db0d2")): Object: 'Object Repository/Page_TA Homework 1 - Edit submission/div_Rich text editorTest homework1Test home_3db0d2' is clicked on

2022-01-16 01:49:12 - [MESSAGE][PASSED] - Object: 'Object Repository/Page_TA Homework 1 - Edit submission/div_Rich text editorTest homework1Test home_3db0d2' is clicked on

2022-01-16 01:49:12 - [TEST_STEP][PASSED] - click(findTestObject("Object Repository/Page_TA Homework 1 - Edit submission/div_Rich text editorTest homework1Test home_1e7171")): Object: 'Object Repository/Page_TA Homework 1 - Edit submission/div_Rich text editorTest homework1Test home_1e7171' is clicked on

2022-01-16 01:49:12 - [MESSAGE][PASSED] - Object: 'Object Repository/Page_TA Homework 1 - Edit submission/div_Rich text editorTest homework1Test home_1e7171' is clicked on

2022-01-16 01:49:12 - [TEST_STEP][PASSED] - setText(findTestObject("Page_TA Homework 1 - Edit submission/div_Test homework1"), "Test homework1 Test homework1 Test homework1 Test homework1"): Text 'Test homework1 Test homework1 Test homework1 Test homework1' is set on object 'Object Repository/Page_TA Homework 1 - Edit submission/div_Test homework1'

2022-01-16 01:49:13 - [MESSAGE][PASSED] - Text 'Test homework1 Test homework1 Test homework1 Test homework1' is set on object 'Object Repository/Page_TA Homework 1 - Edit submission/div_Test homework1'

2022-01-16 01:49:13 - [TEST_STEP][PASSED] - click(findTestObject("Object Repository/Page_TA Homework 1 - Edit submission/input_Test homework1_submitbutton")): Object: 'Object Repository/Page_TA Homework 1 - Edit submission/input_Test homework1_submitbutton' is clicked on

2022-01-16 01:49:15 - [MESSAGE][PASSED] - Object: 'Object Repository/Page_TA Homework 1 - Edit submission/input_Test homework1_submitbutton' is clicked on

2022-01-16 01:49:15 - [TEST_STEP][PASSED] - setText(findTestObject("Page_TA Homework 1 - Edit submission/div_Test homework1"), "Test homework1"): Text 'Test homework1' is set on object 'Object Repository/Page_TA Homework 1 - Edit submission/div_Test homework1'

2022-01-16 01:49:17 - [MESSAGE][PASSED] - Text 'Test homework1' is set on object 'Object Repository/Page_TA Homework 1 - Edit submission/div_Test homework1'

2022-01-16 01:49:17 - [TEST_STEP][PASSED] - click(findTestObject("Object Repository/Page_TA Homework 1 - Edit submission/input_Test homework1_submitbutton")): Object: 'Object Repository/Page_TA Homework 1 - Edit submission/input_Test homework1_submitbutton' is clicked on

2022-01-16 01:49:24 - [MESSAGE][PASSED] - Object: 'Object Repository/Page_TA Homework 1 - Edit submission/input_Test homework1_submitbutton' is clicked on

2022-01-16 01:49:24 - [TEST_STEP][PASSED] - click(findTestObject("Page_TA Homework 1/a_NH")): Object: 'Object Repository/Page_TA Homework 1/a_NH' is clicked on

2022-01-16 01:49:25 - [MESSAGE][PASSED] - Object: 'Object Repository/Page_TA Homework 1/a_NH' is clicked on

2022-01-16 01:49:25 - [TEST_STEP][PASSED] - click(findTestObject("Page_TA Homework 1/a_Log out")): Object: 'Object Repository/Page_TA Homework 1/a_Log out' is clicked on

2022-01-16 01:49:26 - [MESSAGE][PASSED] - Object: 'Object Repository/Page_TA Homework 1/a_Log out' is clicked on

2022-01-16 01:49:26 - [TEST_STEP][PASSED] - closeBrowser(): Browser is closed

2022-01-16 01:49:27 - [MESSAGE][PASSED] - Browser is closed]]></system-out>
         <system-err><![CDATA[]]></system-err>
      </testcase>
      <testcase name="Test Cases/Submit exercise late - Student" time="21.509" classname="Test Cases/Submit exercise late - Student" status="PASSED">
         <system-out><![CDATA[2022-01-16 01:49:27 - [TEST_CASE][PASSED] - Test Cases/Submit exercise late - Student: Test Cases/Submit exercise late - Student

2022-01-16 01:49:27 - [TEST_STEP][PASSED] - openBrowser(""): Browser is opened with url: ''

2022-01-16 01:49:27 - [MESSAGE][INFO] - Starting 'Edge Chromium' driver

2022-01-16 01:49:29 - [MESSAGE][INFO] - Action delay is set to 0 milliseconds

2022-01-16 01:49:30 - [MESSAGE][PASSED] - Browser is opened with url: ''

2022-01-16 01:49:30 - [TEST_STEP][PASSED] - navigateToUrl("http://localhost/"): Navigate to 'http://localhost/' successfully

2022-01-16 01:49:31 - [MESSAGE][PASSED] - Navigate to 'http://localhost/' successfully

2022-01-16 01:49:31 - [TEST_STEP][PASSED] - click(findTestObject("Object Repository/Page_Home page/a_Log in")): Object: 'Object Repository/Page_Home page/a_Log in' is clicked on

2022-01-16 01:49:32 - [MESSAGE][PASSED] - Object: 'Object Repository/Page_Home page/a_Log in' is clicked on

2022-01-16 01:49:32 - [TEST_STEP][PASSED] - setText(findTestObject("Object Repository/Page_Home page Log in to the site/input_Username_username"), "student1"): Text 'student1' is set on object 'Object Repository/Page_Home page Log in to the site/input_Username_username'

2022-01-16 01:49:32 - [MESSAGE][PASSED] - Text 'student1' is set on object 'Object Repository/Page_Home page Log in to the site/input_Username_username'

2022-01-16 01:49:32 - [TEST_STEP][PASSED] - setEncryptedText(findTestObject("Page_Home page Log in to the site/input_Password_password (1)"), "OFhcon1PzObx3ErJAwGfGA=="): Text ****** has been set on object 'Object Repository/Page_Home page Log in to the site/input_Password_password (1)'

2022-01-16 01:49:33 - [MESSAGE][PASSED] - Text ****** has been set on object 'Object Repository/Page_Home page Log in to the site/input_Password_password (1)'

2022-01-16 01:49:33 - [TEST_STEP][PASSED] - click(findTestObject("Object Repository/Page_Home page Log in to the site/button_Log in")): Object: 'Object Repository/Page_Home page Log in to the site/button_Log in' is clicked on

2022-01-16 01:49:34 - [MESSAGE][PASSED] - Object: 'Object Repository/Page_Home page Log in to the site/button_Log in' is clicked on

2022-01-16 01:49:34 - [TEST_STEP][PASSED] - click(findTestObject("Page_Group10 Administration Users Accounts _9567d5/a_My courses")): Object: 'Object Repository/Page_Group10 Administration Users Accounts _9567d5/a_My courses' is clicked on

2022-01-16 01:49:36 - [MESSAGE][PASSED] - Object: 'Object Repository/Page_Group10 Administration Users Accounts _9567d5/a_My courses' is clicked on

2022-01-16 01:49:36 - [TEST_STEP][PASSED] - click(findTestObject("Object Repository/Page_My courses/span_Test Automation")): Object: 'Object Repository/Page_My courses/span_Test Automation' is clicked on

2022-01-16 01:49:38 - [MESSAGE][PASSED] - Object: 'Object Repository/Page_My courses/span_Test Automation' is clicked on

2022-01-16 01:49:38 - [TEST_STEP][PASSED] - click(findTestObject("Object Repository/Page_Course Test Automation/a_Homework2  Assignment")): Object: 'Object Repository/Page_Course Test Automation/a_Homework2  Assignment' is clicked on

2022-01-16 01:49:39 - [MESSAGE][PASSED] - Object: 'Object Repository/Page_Course Test Automation/a_Homework2  Assignment' is clicked on

2022-01-16 01:49:39 - [TEST_STEP][PASSED] - click(findTestObject("Page_TA Homework 1/button_Add submission")): Object: 'Object Repository/Page_TA Homework 1/button_Add submission' is clicked on

2022-01-16 01:49:41 - [MESSAGE][PASSED] - Object: 'Object Repository/Page_TA Homework 1/button_Add submission' is clicked on

2022-01-16 01:49:41 - [TEST_STEP][PASSED] - setText(findTestObject("Object Repository/Page_TA Homework2 - Edit submission/div_Test homework2"), "Test homework2"): Text 'Test homework2' is set on object 'Object Repository/Page_TA Homework2 - Edit submission/div_Test homework2'

2022-01-16 01:49:42 - [MESSAGE][PASSED] - Text 'Test homework2' is set on object 'Object Repository/Page_TA Homework2 - Edit submission/div_Test homework2'

2022-01-16 01:49:42 - [TEST_STEP][PASSED] - click(findTestObject("Object Repository/Page_TA Homework2 - Edit submission/input_Rich text editor_submitbutton")): Object: 'Object Repository/Page_TA Homework2 - Edit submission/input_Rich text editor_submitbutton' is clicked on

2022-01-16 01:49:46 - [MESSAGE][PASSED] - Object: 'Object Repository/Page_TA Homework2 - Edit submission/input_Rich text editor_submitbutton' is clicked on

2022-01-16 01:49:46 - [TEST_STEP][PASSED] - click(findTestObject("Object Repository/Page_TA Homework2/a_NH")): Object: 'Object Repository/Page_TA Homework2/a_NH' is clicked on

2022-01-16 01:49:46 - [MESSAGE][PASSED] - Object: 'Object Repository/Page_TA Homework2/a_NH' is clicked on

2022-01-16 01:49:46 - [TEST_STEP][PASSED] - click(findTestObject("Object Repository/Page_TA Homework2/a_Log out")): Object: 'Object Repository/Page_TA Homework2/a_Log out' is clicked on

2022-01-16 01:49:47 - [MESSAGE][PASSED] - Object: 'Object Repository/Page_TA Homework2/a_Log out' is clicked on

2022-01-16 01:49:47 - [TEST_STEP][PASSED] - closeBrowser(): Browser is closed

2022-01-16 01:49:48 - [MESSAGE][PASSED] - Browser is closed]]></system-out>
         <system-err><![CDATA[]]></system-err>
      </testcase>
      <testcase name="Test Cases/View the result of all students in the quiz" time="16.511" classname="Test Cases/View the result of all students in the quiz" status="PASSED">
         <system-out><![CDATA[2022-01-16 01:49:48 - [TEST_CASE][PASSED] - Test Cases/View the result of all students in the quiz: Test Cases/View the result of all students in the quiz

2022-01-16 01:49:48 - [TEST_STEP][PASSED] - openBrowser(""): Browser is opened with url: ''

2022-01-16 01:49:48 - [MESSAGE][INFO] - Starting 'Edge Chromium' driver

2022-01-16 01:49:51 - [MESSAGE][INFO] - Action delay is set to 0 milliseconds

2022-01-16 01:49:51 - [MESSAGE][PASSED] - Browser is opened with url: ''

2022-01-16 01:49:51 - [TEST_STEP][PASSED] - navigateToUrl("localhost"): Navigate to 'http://localhost' successfully

2022-01-16 01:49:52 - [MESSAGE][PASSED] - Navigate to 'http://localhost' successfully

2022-01-16 01:49:52 - [TEST_STEP][PASSED] - click(findTestObject("Page_Home page/a_Log in")): Object: 'Object Repository/Page_Home page/a_Log in' is clicked on

2022-01-16 01:49:53 - [MESSAGE][PASSED] - Object: 'Object Repository/Page_Home page/a_Log in' is clicked on

2022-01-16 01:49:53 - [TEST_STEP][PASSED] - setText(findTestObject("Page_Home page Log in to the site/input_Username_username"), "teacher1"): Text 'teacher1' is set on object 'Object Repository/Page_Home page Log in to the site/input_Username_username'

2022-01-16 01:49:54 - [MESSAGE][PASSED] - Text 'teacher1' is set on object 'Object Repository/Page_Home page Log in to the site/input_Username_username'

2022-01-16 01:49:54 - [TEST_STEP][PASSED] - setText(findTestObject("Page_Home page Log in to the site/input_Password_password (1)"), "Group_10"): Text 'Group_10' is set on object 'Object Repository/Page_Home page Log in to the site/input_Password_password (1)'

2022-01-16 01:49:54 - [MESSAGE][PASSED] - Text 'Group_10' is set on object 'Object Repository/Page_Home page Log in to the site/input_Password_password (1)'

2022-01-16 01:49:54 - [TEST_STEP][PASSED] - click(findTestObject("Page_Home page Log in to the site/button_Log in")): Object: 'Object Repository/Page_Home page Log in to the site/button_Log in' is clicked on

2022-01-16 01:49:56 - [MESSAGE][PASSED] - Object: 'Object Repository/Page_Home page Log in to the site/button_Log in' is clicked on

2022-01-16 01:49:56 - [TEST_STEP][PASSED] - click(findTestObject("Page_Dashboard/a_My courses (1)")): Object: 'Object Repository/Page_Dashboard/a_My courses (1)' is clicked on

2022-01-16 01:49:57 - [MESSAGE][PASSED] - Object: 'Object Repository/Page_Dashboard/a_My courses (1)' is clicked on

2022-01-16 01:49:57 - [TEST_STEP][PASSED] - click(findTestObject("Page_My courses/span_Test Automation")): Object: 'Object Repository/Page_My courses/span_Test Automation' is clicked on

2022-01-16 01:49:59 - [MESSAGE][PASSED] - Object: 'Object Repository/Page_My courses/span_Test Automation' is clicked on

2022-01-16 01:49:59 - [TEST_STEP][PASSED] - click(findTestObject("Page_Course Test Automation/View result of quiz/a_Quiz1_new")): Object: 'Object Repository/Page_Course Test Automation/View result of quiz/a_Quiz1_new' is clicked on

2022-01-16 01:50:00 - [MESSAGE][PASSED] - Object: 'Object Repository/Page_Course Test Automation/View result of quiz/a_Quiz1_new' is clicked on

2022-01-16 01:50:00 - [TEST_STEP][PASSED] - click(findTestObject("Page_Course Test Automation/View result of quiz/a_Results")): Object: 'Object Repository/Page_Course Test Automation/View result of quiz/a_Results' is clicked on

2022-01-16 01:50:01 - [MESSAGE][PASSED] - Object: 'Object Repository/Page_Course Test Automation/View result of quiz/a_Results' is clicked on

2022-01-16 01:50:01 - [TEST_STEP][PASSED] - click(findTestObject("Page_Course Test Automation/View result of quiz/a_Nguyen Hoa")): Object: 'Object Repository/Page_Course Test Automation/View result of quiz/a_Nguyen Hoa' is clicked on

2022-01-16 01:50:02 - [MESSAGE][PASSED] - Object: 'Object Repository/Page_Course Test Automation/View result of quiz/a_Nguyen Hoa' is clicked on

2022-01-16 01:50:02 - [TEST_STEP][PASSED] - click(findTestObject("Page_Dashboard/a_NH")): Object: 'Object Repository/Page_Dashboard/a_NH' is clicked on

2022-01-16 01:50:03 - [MESSAGE][PASSED] - Object: 'Object Repository/Page_Dashboard/a_NH' is clicked on

2022-01-16 01:50:03 - [TEST_STEP][PASSED] - click(findTestObject("Page_Dashboard/a_Log out")): Object: 'Object Repository/Page_Dashboard/a_Log out' is clicked on

2022-01-16 01:50:04 - [MESSAGE][PASSED] - Object: 'Object Repository/Page_Dashboard/a_Log out' is clicked on

2022-01-16 01:50:04 - [TEST_STEP][PASSED] - closeBrowser(): Browser is closed

2022-01-16 01:50:05 - [MESSAGE][PASSED] - Browser is closed]]></system-out>
         <system-err><![CDATA[]]></system-err>
      </testcase>
      <testcase name="Test Cases/Send feedback of assignment" time="46.302" classname="Test Cases/Send feedback of assignment" status="FAILED">
         <failure type="FAILED" message="Test Cases/Send feedback of assignment FAILED.
Reason:
com.kms.katalon.core.exception.StepFailedException: Unable to click on object 'Object Repository/Page_Course Test Automation/Page_TA Bonus assignment (Extend 1 week) - Grading/a_Grade_new'
	at com.kms.katalon.core.webui.keyword.internal.WebUIKeywordMain.stepFailed(WebUIKeywordMain.groovy:64)
	at com.kms.katalon.core.webui.keyword.internal.WebUIKeywordMain.runKeyword(WebUIKeywordMain.groovy:26)
	at com.kms.katalon.core.webui.keyword.builtin.ClickKeyword.click(ClickKeyword.groovy:74)
	at com.kms.katalon.core.webui.keyword.builtin.ClickKeyword.execute(ClickKeyword.groovy:40)
	at com.kms.katalon.core.keyword.internal.KeywordExecutor.executeKeywordForPlatform(KeywordExecutor.groovy:74)
	at com.kms.katalon.core.webui.keyword.WebUiBuiltInKeywords.click(WebUiBuiltInKeywords.groovy:620)
	at com.kms.katalon.core.webui.keyword.WebUiBuiltInKeywords$click$1.call(Unknown Source)
	at Send feedback of assignment.run(Send feedback of assignment:45)
	at com.kms.katalon.core.main.ScriptEngine.run(ScriptEngine.java:194)
	at com.kms.katalon.core.main.ScriptEngine.runScriptAsRawText(ScriptEngine.java:119)
	at com.kms.katalon.core.main.TestCaseExecutor.runScript(TestCaseExecutor.java:442)
	at com.kms.katalon.core.main.TestCaseExecutor.doExecute(TestCaseExecutor.java:433)
	at com.kms.katalon.core.main.TestCaseExecutor.processExecutionPhase(TestCaseExecutor.java:412)
	at com.kms.katalon.core.main.TestCaseExecutor.accessMainPhase(TestCaseExecutor.java:404)
	at com.kms.katalon.core.main.TestCaseExecutor.execute(TestCaseExecutor.java:281)
	at com.kms.katalon.core.main.TestSuiteExecutor.accessTestCaseMainPhase(TestSuiteExecutor.java:202)
	at com.kms.katalon.core.main.TestSuiteExecutor.accessTestSuiteMainPhase(TestSuiteExecutor.java:164)
	at com.kms.katalon.core.main.TestSuiteExecutor.execute(TestSuiteExecutor.java:105)
	at com.kms.katalon.core.main.TestCaseMain.startTestSuite(TestCaseMain.java:181)
	at com.kms.katalon.core.main.TestCaseMain$startTestSuite$0.call(Unknown Source)
	at TempTestSuite1642271036821.run(TempTestSuite1642271036821.groovy:36)
Caused by: com.kms.katalon.core.webui.exception.WebElementNotFoundException: Web element with id: 'Object Repository/Page_Course Test Automation/Page_TA Bonus assignment (Extend 1 week) - Grading/a_Grade_new' located by '//td[@id='mod_assign_grading-51_r1_c5']/a' not found
	at com.kms.katalon.core.webui.common.WebUiCommonHelper.findWebElement(WebUiCommonHelper.java:1368)
	at com.kms.katalon.core.webui.keyword.internal.WebUIAbstractKeyword.findWebElement(WebUIAbstractKeyword.groovy:27)
	at com.kms.katalon.core.webui.keyword.builtin.ClickKeyword$_click_closure1.doCall(ClickKeyword.groovy:65)
	at com.kms.katalon.core.webui.keyword.builtin.ClickKeyword$_click_closure1.call(ClickKeyword.groovy)
	at com.kms.katalon.core.webui.keyword.internal.WebUIKeywordMain.runKeyword(WebUIKeywordMain.groovy:20)
	... 19 more
"/>
         <system-out><![CDATA[2022-01-16 01:50:05 - [TEST_CASE][FAILED] - Test Cases/Send feedback of assignment: Test Cases/Send feedback of assignment FAILED.
Reason:
com.kms.katalon.core.exception.StepFailedException: Unable to click on object 'Object Repository/Page_Course Test Automation/Page_TA Bonus assignment (Extend 1 week) - Grading/a_Grade_new'
	at com.kms.katalon.core.webui.keyword.internal.WebUIKeywordMain.stepFailed(WebUIKeywordMain.groovy:64)
	at com.kms.katalon.core.webui.keyword.internal.WebUIKeywordMain.runKeyword(WebUIKeywordMain.groovy:26)
	at com.kms.katalon.core.webui.keyword.builtin.ClickKeyword.click(ClickKeyword.groovy:74)
	at com.kms.katalon.core.webui.keyword.builtin.ClickKeyword.execute(ClickKeyword.groovy:40)
	at com.kms.katalon.core.keyword.internal.KeywordExecutor.executeKeywordForPlatform(KeywordExecutor.groovy:74)
	at com.kms.katalon.core.webui.keyword.WebUiBuiltInKeywords.click(WebUiBuiltInKeywords.groovy:620)
	at com.kms.katalon.core.webui.keyword.WebUiBuiltInKeywords$click$1.call(Unknown Source)
	at Send feedback of assignment.run(Send feedback of assignment:45)
	at com.kms.katalon.core.main.ScriptEngine.run(ScriptEngine.java:194)
	at com.kms.katalon.core.main.ScriptEngine.runScriptAsRawText(ScriptEngine.java:119)
	at com.kms.katalon.core.main.TestCaseExecutor.runScript(TestCaseExecutor.java:442)
	at com.kms.katalon.core.main.TestCaseExecutor.doExecute(TestCaseExecutor.java:433)
	at com.kms.katalon.core.main.TestCaseExecutor.processExecutionPhase(TestCaseExecutor.java:412)
	at com.kms.katalon.core.main.TestCaseExecutor.accessMainPhase(TestCaseExecutor.java:404)
	at com.kms.katalon.core.main.TestCaseExecutor.execute(TestCaseExecutor.java:281)
	at com.kms.katalon.core.main.TestSuiteExecutor.accessTestCaseMainPhase(TestSuiteExecutor.java:202)
	at com.kms.katalon.core.main.TestSuiteExecutor.accessTestSuiteMainPhase(TestSuiteExecutor.java:164)
	at com.kms.katalon.core.main.TestSuiteExecutor.execute(TestSuiteExecutor.java:105)
	at com.kms.katalon.core.main.TestCaseMain.startTestSuite(TestCaseMain.java:181)
	at com.kms.katalon.core.main.TestCaseMain$startTestSuite$0.call(Unknown Source)
	at TempTestSuite1642271036821.run(TempTestSuite1642271036821.groovy:36)
Caused by: com.kms.katalon.core.webui.exception.WebElementNotFoundException: Web element with id: 'Object Repository/Page_Course Test Automation/Page_TA Bonus assignment (Extend 1 week) - Grading/a_Grade_new' located by '//td[@id='mod_assign_grading-51_r1_c5']/a' not found
	at com.kms.katalon.core.webui.common.WebUiCommonHelper.findWebElement(WebUiCommonHelper.java:1368)
	at com.kms.katalon.core.webui.keyword.internal.WebUIAbstractKeyword.findWebElement(WebUIAbstractKeyword.groovy:27)
	at com.kms.katalon.core.webui.keyword.builtin.ClickKeyword$_click_closure1.doCall(ClickKeyword.groovy:65)
	at com.kms.katalon.core.webui.keyword.builtin.ClickKeyword$_click_closure1.call(ClickKeyword.groovy)
	at com.kms.katalon.core.webui.keyword.internal.WebUIKeywordMain.runKeyword(WebUIKeywordMain.groovy:20)
	... 19 more


2022-01-16 01:50:05 - [TEST_STEP][PASSED] - openBrowser(""): Browser is opened with url: ''

2022-01-16 01:50:05 - [MESSAGE][INFO] - Starting 'Edge Chromium' driver

2022-01-16 01:50:07 - [MESSAGE][INFO] - Action delay is set to 0 milliseconds

2022-01-16 01:50:08 - [MESSAGE][PASSED] - Browser is opened with url: ''

2022-01-16 01:50:08 - [TEST_STEP][PASSED] - navigateToUrl("localhost"): Navigate to 'http://localhost' successfully

2022-01-16 01:50:09 - [MESSAGE][PASSED] - Navigate to 'http://localhost' successfully

2022-01-16 01:50:09 - [TEST_STEP][PASSED] - click(findTestObject("Page_Home page/a_Log in")): Object: 'Object Repository/Page_Home page/a_Log in' is clicked on

2022-01-16 01:50:10 - [MESSAGE][PASSED] - Object: 'Object Repository/Page_Home page/a_Log in' is clicked on

2022-01-16 01:50:10 - [TEST_STEP][PASSED] - setText(findTestObject("Page_Home page Log in to the site/input_Username_username"), "teacher1"): Text 'teacher1' is set on object 'Object Repository/Page_Home page Log in to the site/input_Username_username'

2022-01-16 01:50:10 - [MESSAGE][PASSED] - Text 'teacher1' is set on object 'Object Repository/Page_Home page Log in to the site/input_Username_username'

2022-01-16 01:50:10 - [TEST_STEP][PASSED] - setText(findTestObject("Page_Home page Log in to the site/input_Password_password (1)"), "Group_10"): Text 'Group_10' is set on object 'Object Repository/Page_Home page Log in to the site/input_Password_password (1)'

2022-01-16 01:50:11 - [MESSAGE][PASSED] - Text 'Group_10' is set on object 'Object Repository/Page_Home page Log in to the site/input_Password_password (1)'

2022-01-16 01:50:11 - [TEST_STEP][PASSED] - click(findTestObject("Page_Home page Log in to the site/button_Log in")): Object: 'Object Repository/Page_Home page Log in to the site/button_Log in' is clicked on

2022-01-16 01:50:12 - [MESSAGE][PASSED] - Object: 'Object Repository/Page_Home page Log in to the site/button_Log in' is clicked on

2022-01-16 01:50:12 - [TEST_STEP][PASSED] - click(findTestObject("Page_Dashboard/a_My courses (1)")): Object: 'Object Repository/Page_Dashboard/a_My courses (1)' is clicked on

2022-01-16 01:50:14 - [MESSAGE][PASSED] - Object: 'Object Repository/Page_Dashboard/a_My courses (1)' is clicked on

2022-01-16 01:50:14 - [TEST_STEP][PASSED] - click(findTestObject("Page_My courses/span_Test Automation")): Object: 'Object Repository/Page_My courses/span_Test Automation' is clicked on

2022-01-16 01:50:15 - [MESSAGE][PASSED] - Object: 'Object Repository/Page_My courses/span_Test Automation' is clicked on

2022-01-16 01:50:15 - [TEST_STEP][PASSED] - click(findTestObject("Page_Course Test Automation/Homework 1  Assignment")): Object: 'Object Repository/Page_Course Test Automation/Homework 1  Assignment' is clicked on

2022-01-16 01:50:17 - [MESSAGE][PASSED] - Object: 'Object Repository/Page_Course Test Automation/Homework 1  Assignment' is clicked on

2022-01-16 01:50:17 - [TEST_STEP][PASSED] - click(findTestObject("Page_Course Test Automation/Page_TA Bonus assignment (Extend 1 week)/a_Grade")): Object: 'Object Repository/Page_Course Test Automation/Page_TA Bonus assignment (Extend 1 week)/a_Grade' is clicked on

2022-01-16 01:50:18 - [MESSAGE][PASSED] - Object: 'Object Repository/Page_Course Test Automation/Page_TA Bonus assignment (Extend 1 week)/a_Grade' is clicked on

2022-01-16 01:50:18 - [TEST_STEP][PASSED] - click(findTestObject("Page_Course Test Automation/Page_TA Bonus assignment (Extend 1 week) - Grading/a_View all submissions")): Object: 'Object Repository/Page_Course Test Automation/Page_TA Bonus assignment (Extend 1 week) - Grading/a_View all submissions' is clicked on

2022-01-16 01:50:19 - [MESSAGE][PASSED] - Object: 'Object Repository/Page_Course Test Automation/Page_TA Bonus assignment (Extend 1 week) - Grading/a_View all submissions' is clicked on

2022-01-16 01:50:19 - [TEST_STEP][PASSED] - verifyElementText(findTestObject("Page_Course Test Automation/Page_TA Bonus assignment (Extend 1 week) - Grading/div_Submitted for grading"), "Submitted for grading"): Actual text and expected text of test object 'Object Repository/Page_Course Test Automation/Page_TA Bonus assignment (Extend 1 week) - Grading/div_Submitted for grading' are matched.

2022-01-16 01:50:20 - [MESSAGE][PASSED] - Actual text and expected text of test object 'Object Repository/Page_Course Test Automation/Page_TA Bonus assignment (Extend 1 week) - Grading/div_Submitted for grading' are matched.

2022-01-16 01:50:20 - [TEST_STEP][FAILED] - click(findTestObject("Page_Course Test Automation/Page_TA Bonus assignment (Extend 1 week) - Grading/a_Grade_new")): Unable to click on object 'Object Repository/Page_Course Test Automation/Page_TA Bonus assignment (Extend 1 week) - Grading/a_Grade_new' (Root cause: com.kms.katalon.core.exception.StepFailedException: Unable to click on object 'Object Repository/Page_Course Test Automation/Page_TA Bonus assignment (Extend 1 week) - Grading/a_Grade_new'
	at com.kms.katalon.core.webui.keyword.internal.WebUIKeywordMain.stepFailed(WebUIKeywordMain.groovy:64)
	at com.kms.katalon.core.webui.keyword.internal.WebUIKeywordMain.runKeyword(WebUIKeywordMain.groovy:26)
	at com.kms.katalon.core.webui.keyword.builtin.ClickKeyword.click(ClickKeyword.groovy:74)
	at com.kms.katalon.core.webui.keyword.builtin.ClickKeyword.execute(ClickKeyword.groovy:40)
	at com.kms.katalon.core.keyword.internal.KeywordExecutor.executeKeywordForPlatform(KeywordExecutor.groovy:74)
	at com.kms.katalon.core.webui.keyword.WebUiBuiltInKeywords.click(WebUiBuiltInKeywords.groovy:620)
	at com.kms.katalon.core.webui.keyword.WebUiBuiltInKeywords$click$1.call(Unknown Source)
	at Send feedback of assignment.run(Send feedback of assignment:45)
	at com.kms.katalon.core.main.ScriptEngine.run(ScriptEngine.java:194)
	at com.kms.katalon.core.main.ScriptEngine.runScriptAsRawText(ScriptEngine.java:119)
	at com.kms.katalon.core.main.TestCaseExecutor.runScript(TestCaseExecutor.java:442)
	at com.kms.katalon.core.main.TestCaseExecutor.doExecute(TestCaseExecutor.java:433)
	at com.kms.katalon.core.main.TestCaseExecutor.processExecutionPhase(TestCaseExecutor.java:412)
	at com.kms.katalon.core.main.TestCaseExecutor.accessMainPhase(TestCaseExecutor.java:404)
	at com.kms.katalon.core.main.TestCaseExecutor.execute(TestCaseExecutor.java:281)
	at com.kms.katalon.core.main.TestSuiteExecutor.accessTestCaseMainPhase(TestSuiteExecutor.java:202)
	at com.kms.katalon.core.main.TestSuiteExecutor.accessTestSuiteMainPhase(TestSuiteExecutor.java:164)
	at com.kms.katalon.core.main.TestSuiteExecutor.execute(TestSuiteExecutor.java:105)
	at com.kms.katalon.core.main.TestCaseMain.startTestSuite(TestCaseMain.java:181)
	at com.kms.katalon.core.main.TestCaseMain$startTestSuite$0.call(Unknown Source)
	at TempTestSuite1642271036821.run(TempTestSuite1642271036821.groovy:36)
Caused by: com.kms.katalon.core.webui.exception.WebElementNotFoundException: Web element with id: 'Object Repository/Page_Course Test Automation/Page_TA Bonus assignment (Extend 1 week) - Grading/a_Grade_new' located by '//td[@id='mod_assign_grading-51_r1_c5']/a' not found
	at com.kms.katalon.core.webui.common.WebUiCommonHelper.findWebElement(WebUiCommonHelper.java:1368)
	at com.kms.katalon.core.webui.keyword.internal.WebUIAbstractKeyword.findWebElement(WebUIAbstractKeyword.groovy:27)
	at com.kms.katalon.core.webui.keyword.builtin.ClickKeyword$_click_closure1.doCall(ClickKeyword.groovy:65)
	at com.kms.katalon.core.webui.keyword.builtin.ClickKeyword$_click_closure1.call(ClickKeyword.groovy)
	at com.kms.katalon.core.webui.keyword.internal.WebUIKeywordMain.runKeyword(WebUIKeywordMain.groovy:20)
	at com.kms.katalon.core.webui.keyword.builtin.ClickKeyword.click(ClickKeyword.groovy:74)
	at com.kms.katalon.core.webui.keyword.builtin.ClickKeyword.execute(ClickKeyword.groovy:40)
	at com.kms.katalon.core.keyword.internal.KeywordExecutor.executeKeywordForPlatform(KeywordExecutor.groovy:74)
	at com.kms.katalon.core.webui.keyword.WebUiBuiltInKeywords.click(WebUiBuiltInKeywords.groovy:620)
	at com.kms.katalon.core.webui.keyword.WebUiBuiltInKeywords$click$1.call(Unknown Source)
	at Script1642045977777.run(Script1642045977777.groovy:45)
	... 13 more
)

2022-01-16 01:50:51 - [MESSAGE][INFO] - Unable to find the element located by 'By.xpath: //td[@id='mod_assign_grading-51_r1_c5']/a'. Please recheck the objects properties to make sure the desired element is located. 

2022-01-16 01:50:51 - [MESSAGE][FAILED] - Unable to click on object 'Object Repository/Page_Course Test Automation/Page_TA Bonus assignment (Extend 1 week) - Grading/a_Grade_new' (Root cause: com.kms.katalon.core.exception.StepFailedException: Unable to click on object 'Object Repository/Page_Course Test Automation/Page_TA Bonus assignment (Extend 1 week) - Grading/a_Grade_new'
	at com.kms.katalon.core.webui.keyword.internal.WebUIKeywordMain.stepFailed(WebUIKeywordMain.groovy:64)
	at com.kms.katalon.core.webui.keyword.internal.WebUIKeywordMain.runKeyword(WebUIKeywordMain.groovy:26)
	at com.kms.katalon.core.webui.keyword.builtin.ClickKeyword.click(ClickKeyword.groovy:74)
	at com.kms.katalon.core.webui.keyword.builtin.ClickKeyword.execute(ClickKeyword.groovy:40)
	at com.kms.katalon.core.keyword.internal.KeywordExecutor.executeKeywordForPlatform(KeywordExecutor.groovy:74)
	at com.kms.katalon.core.webui.keyword.WebUiBuiltInKeywords.click(WebUiBuiltInKeywords.groovy:620)
	at com.kms.katalon.core.webui.keyword.WebUiBuiltInKeywords$click$1.call(Unknown Source)
	at Send feedback of assignment.run(Send feedback of assignment:45)
	at com.kms.katalon.core.main.ScriptEngine.run(ScriptEngine.java:194)
	at com.kms.katalon.core.main.ScriptEngine.runScriptAsRawText(ScriptEngine.java:119)
	at com.kms.katalon.core.main.TestCaseExecutor.runScript(TestCaseExecutor.java:442)
	at com.kms.katalon.core.main.TestCaseExecutor.doExecute(TestCaseExecutor.java:433)
	at com.kms.katalon.core.main.TestCaseExecutor.processExecutionPhase(TestCaseExecutor.java:412)
	at com.kms.katalon.core.main.TestCaseExecutor.accessMainPhase(TestCaseExecutor.java:404)
	at com.kms.katalon.core.main.TestCaseExecutor.execute(TestCaseExecutor.java:281)
	at com.kms.katalon.core.main.TestSuiteExecutor.accessTestCaseMainPhase(TestSuiteExecutor.java:202)
	at com.kms.katalon.core.main.TestSuiteExecutor.accessTestSuiteMainPhase(TestSuiteExecutor.java:164)
	at com.kms.katalon.core.main.TestSuiteExecutor.execute(TestSuiteExecutor.java:105)
	at com.kms.katalon.core.main.TestCaseMain.startTestSuite(TestCaseMain.java:181)
	at com.kms.katalon.core.main.TestCaseMain$startTestSuite$0.call(Unknown Source)
	at TempTestSuite1642271036821.run(TempTestSuite1642271036821.groovy:36)
Caused by: com.kms.katalon.core.webui.exception.WebElementNotFoundException: Web element with id: 'Object Repository/Page_Course Test Automation/Page_TA Bonus assignment (Extend 1 week) - Grading/a_Grade_new' located by '//td[@id='mod_assign_grading-51_r1_c5']/a' not found
	at com.kms.katalon.core.webui.common.WebUiCommonHelper.findWebElement(WebUiCommonHelper.java:1368)
	at com.kms.katalon.core.webui.keyword.internal.WebUIAbstractKeyword.findWebElement(WebUIAbstractKeyword.groovy:27)
	at com.kms.katalon.core.webui.keyword.builtin.ClickKeyword$_click_closure1.doCall(ClickKeyword.groovy:65)
	at com.kms.katalon.core.webui.keyword.builtin.ClickKeyword$_click_closure1.call(ClickKeyword.groovy)
	at com.kms.katalon.core.webui.keyword.internal.WebUIKeywordMain.runKeyword(WebUIKeywordMain.groovy:20)
	at com.kms.katalon.core.webui.keyword.builtin.ClickKeyword.click(ClickKeyword.groovy:74)
	at com.kms.katalon.core.webui.keyword.builtin.ClickKeyword.execute(ClickKeyword.groovy:40)
	at com.kms.katalon.core.keyword.internal.KeywordExecutor.executeKeywordForPlatform(KeywordExecutor.groovy:74)
	at com.kms.katalon.core.webui.keyword.WebUiBuiltInKeywords.click(WebUiBuiltInKeywords.groovy:620)
	at com.kms.katalon.core.webui.keyword.WebUiBuiltInKeywords$click$1.call(Unknown Source)
	at Script1642045977777.run(Script1642045977777.groovy:45)
	... 13 more
)
[[ATTACHMENT|D:\\TestAutomation-SEBonus-Group10\\Test Automation - SE Bonus\\Reports\\20220116_012355\\Run all test cases\\20220116_012356\\1642272651262.png]]]]></system-out>
         <system-err><![CDATA[2022-01-16 01:50:05 - [TEST_CASE][FAILED] - Test Cases/Send feedback of assignment: Test Cases/Send feedback of assignment FAILED.
Reason:
com.kms.katalon.core.exception.StepFailedException: Unable to click on object 'Object Repository/Page_Course Test Automation/Page_TA Bonus assignment (Extend 1 week) - Grading/a_Grade_new'
	at com.kms.katalon.core.webui.keyword.internal.WebUIKeywordMain.stepFailed(WebUIKeywordMain.groovy:64)
	at com.kms.katalon.core.webui.keyword.internal.WebUIKeywordMain.runKeyword(WebUIKeywordMain.groovy:26)
	at com.kms.katalon.core.webui.keyword.builtin.ClickKeyword.click(ClickKeyword.groovy:74)
	at com.kms.katalon.core.webui.keyword.builtin.ClickKeyword.execute(ClickKeyword.groovy:40)
	at com.kms.katalon.core.keyword.internal.KeywordExecutor.executeKeywordForPlatform(KeywordExecutor.groovy:74)
	at com.kms.katalon.core.webui.keyword.WebUiBuiltInKeywords.click(WebUiBuiltInKeywords.groovy:620)
	at com.kms.katalon.core.webui.keyword.WebUiBuiltInKeywords$click$1.call(Unknown Source)
	at Send feedback of assignment.run(Send feedback of assignment:45)
	at com.kms.katalon.core.main.ScriptEngine.run(ScriptEngine.java:194)
	at com.kms.katalon.core.main.ScriptEngine.runScriptAsRawText(ScriptEngine.java:119)
	at com.kms.katalon.core.main.TestCaseExecutor.runScript(TestCaseExecutor.java:442)
	at com.kms.katalon.core.main.TestCaseExecutor.doExecute(TestCaseExecutor.java:433)
	at com.kms.katalon.core.main.TestCaseExecutor.processExecutionPhase(TestCaseExecutor.java:412)
	at com.kms.katalon.core.main.TestCaseExecutor.accessMainPhase(TestCaseExecutor.java:404)
	at com.kms.katalon.core.main.TestCaseExecutor.execute(TestCaseExecutor.java:281)
	at com.kms.katalon.core.main.TestSuiteExecutor.accessTestCaseMainPhase(TestSuiteExecutor.java:202)
	at com.kms.katalon.core.main.TestSuiteExecutor.accessTestSuiteMainPhase(TestSuiteExecutor.java:164)
	at com.kms.katalon.core.main.TestSuiteExecutor.execute(TestSuiteExecutor.java:105)
	at com.kms.katalon.core.main.TestCaseMain.startTestSuite(TestCaseMain.java:181)
	at com.kms.katalon.core.main.TestCaseMain$startTestSuite$0.call(Unknown Source)
	at TempTestSuite1642271036821.run(TempTestSuite1642271036821.groovy:36)
Caused by: com.kms.katalon.core.webui.exception.WebElementNotFoundException: Web element with id: 'Object Repository/Page_Course Test Automation/Page_TA Bonus assignment (Extend 1 week) - Grading/a_Grade_new' located by '//td[@id='mod_assign_grading-51_r1_c5']/a' not found
	at com.kms.katalon.core.webui.common.WebUiCommonHelper.findWebElement(WebUiCommonHelper.java:1368)
	at com.kms.katalon.core.webui.keyword.internal.WebUIAbstractKeyword.findWebElement(WebUIAbstractKeyword.groovy:27)
	at com.kms.katalon.core.webui.keyword.builtin.ClickKeyword$_click_closure1.doCall(ClickKeyword.groovy:65)
	at com.kms.katalon.core.webui.keyword.builtin.ClickKeyword$_click_closure1.call(ClickKeyword.groovy)
	at com.kms.katalon.core.webui.keyword.internal.WebUIKeywordMain.runKeyword(WebUIKeywordMain.groovy:20)
	... 19 more]]></system-err>
      </testcase>
      <testcase name="Test Cases/View courses - Guest" time="10.009" classname="Test Cases/View courses - Guest" status="PASSED">
         <system-out><![CDATA[2022-01-16 01:50:51 - [TEST_CASE][PASSED] - Test Cases/View courses - Guest: Test Cases/View courses - Guest

2022-01-16 01:50:51 - [TEST_STEP][PASSED] - openBrowser(""): Browser is opened with url: ''

2022-01-16 01:50:51 - [MESSAGE][WARNING] - A browser is already opened. Closing browser and opening a new one

2022-01-16 01:50:52 - [MESSAGE][INFO] - Starting 'Edge Chromium' driver

2022-01-16 01:50:54 - [MESSAGE][INFO] - Action delay is set to 0 milliseconds

2022-01-16 01:50:55 - [MESSAGE][PASSED] - Browser is opened with url: ''

2022-01-16 01:50:55 - [TEST_STEP][PASSED] - navigateToUrl("http://localhost/"): Navigate to 'http://localhost/' successfully

2022-01-16 01:50:56 - [MESSAGE][PASSED] - Navigate to 'http://localhost/' successfully

2022-01-16 01:50:56 - [TEST_STEP][PASSED] - setText(findTestObject("Page_Group10 Administration Users Permissio_fb4295/Page_Home page/input_search_course"), "Test automation"): Text 'Test automation' is set on object 'Object Repository/Page_Group10 Administration Users Permissio_fb4295/Page_Home page/input_search_course'

2022-01-16 01:50:57 - [MESSAGE][PASSED] - Text 'Test automation' is set on object 'Object Repository/Page_Group10 Administration Users Permissio_fb4295/Page_Home page/input_search_course'

2022-01-16 01:50:57 - [TEST_STEP][PASSED] - click(findTestObject("Page_Group10 Administration Users Permissio_fb4295/Page_Home page/button_Search courses")): Object: 'Object Repository/Page_Group10 Administration Users Permissio_fb4295/Page_Home page/button_Search courses' is clicked on

2022-01-16 01:50:57 - [MESSAGE][PASSED] - Object: 'Object Repository/Page_Group10 Administration Users Permissio_fb4295/Page_Home page/button_Search courses' is clicked on

2022-01-16 01:50:57 - [TEST_STEP][PASSED] - click(findTestObject("Object Repository/Page_Home page Log in to the site/button_Log in as a guest")): Object: 'Object Repository/Page_Home page Log in to the site/button_Log in as a guest' is clicked on

2022-01-16 01:50:58 - [MESSAGE][PASSED] - Object: 'Object Repository/Page_Home page Log in to the site/button_Log in as a guest' is clicked on

2022-01-16 01:50:58 - [TEST_STEP][PASSED] - click(findTestObject("Object Repository/Page_TA/a_Test Automation")): Object: 'Object Repository/Page_TA/a_Test Automation' is clicked on

2022-01-16 01:50:59 - [MESSAGE][PASSED] - Object: 'Object Repository/Page_TA/a_Test Automation' is clicked on

2022-01-16 01:50:59 - [TEST_STEP][PASSED] - click(findTestObject("Object Repository/Page_TA/button_Continue")): Object: 'Object Repository/Page_TA/button_Continue' is clicked on

2022-01-16 01:51:00 - [MESSAGE][PASSED] - Object: 'Object Repository/Page_TA/button_Continue' is clicked on

2022-01-16 01:51:00 - [TEST_STEP][PASSED] - closeBrowser(): Browser is closed

2022-01-16 01:51:01 - [MESSAGE][PASSED] - Browser is closed]]></system-out>
         <system-err><![CDATA[]]></system-err>
      </testcase>
      <system-out><![CDATA[2022-01-16 01:24:07 - [TEST_SUITE][FAILED] - Run all test cases: Test Cases/Create student by upload file FAILED.
Reason:
com.kms.katalon.core.exception.StepFailedException: Unable to upload file 'D:\TestAutomation-SEBonus-Group10\student.csv' to object 'Object Repository/Page_Group10 Administration Users Accounts _c9beb9/input_Attachment_repo_upload_file'
	at com.kms.katalon.core.webui.keyword.internal.WebUIKeywordMain.stepFailed(WebUIKeywordMain.groovy:64)
	at com.kms.katalon.core.webui.keyword.internal.WebUIKeywordMain.runKeyword(WebUIKeywordMain.groovy:26)
	at com.kms.katalon.core.webui.keyword.builtin.UploadFileKeyword.uploadFile(UploadFileKeyword.groovy:87)
	at com.kms.katalon.core.webui.keyword.builtin.UploadFileKeyword.execute(UploadFileKeyword.groovy:68)
	at com.kms.katalon.core.keyword.internal.KeywordExecutor.executeKeywordForPlatform(KeywordExecutor.groovy:74)
	at com.kms.katalon.core.webui.keyword.WebUiBuiltInKeywords.uploadFile(WebUiBuiltInKeywords.groovy:4031)
	at com.kms.katalon.core.webui.keyword.WebUiBuiltInKeywords$uploadFile$6.call(Unknown Source)
	at Create student by upload file.run(Create student by upload file:40)
	at com.kms.katalon.core.main.ScriptEngine.run(ScriptEngine.java:194)
	at com.kms.katalon.core.main.ScriptEngine.runScriptAsRawText(ScriptEngine.java:119)
	at com.kms.katalon.core.main.TestCaseExecutor.runScript(TestCaseExecutor.java:442)
	at com.kms.katalon.core.main.TestCaseExecutor.doExecute(TestCaseExecutor.java:433)
	at com.kms.katalon.core.main.TestCaseExecutor.processExecutionPhase(TestCaseExecutor.java:412)
	at com.kms.katalon.core.main.TestCaseExecutor.accessMainPhase(TestCaseExecutor.java:404)
	at com.kms.katalon.core.main.TestCaseExecutor.execute(TestCaseExecutor.java:281)
	at com.kms.katalon.core.main.TestSuiteExecutor.accessTestCaseMainPhase(TestSuiteExecutor.java:202)
	at com.kms.katalon.core.main.TestSuiteExecutor.accessTestSuiteMainPhase(TestSuiteExecutor.java:164)
	at com.kms.katalon.core.main.TestSuiteExecutor.execute(TestSuiteExecutor.java:105)
	at com.kms.katalon.core.main.TestCaseMain.startTestSuite(TestCaseMain.java:181)
	at com.kms.katalon.core.main.TestCaseMain$startTestSuite$0.call(Unknown Source)
	at TempTestSuite1642271036821.run(TempTestSuite1642271036821.groovy:36)
Caused by: com.kms.katalon.core.webui.exception.WebElementNotFoundException: Web element with id: 'Object Repository/Page_Group10 Administration Users Accounts _c9beb9/input_Attachment_repo_upload_file' located by '//form/div/div/div/input' not found
	at com.kms.katalon.core.webui.common.WebUiCommonHelper.findWebElement(WebUiCommonHelper.java:1368)
	at com.kms.katalon.core.webui.keyword.internal.WebUIAbstractKeyword.findWebElement(WebUIAbstractKeyword.groovy:27)
	at com.kms.katalon.core.webui.keyword.internal.WebUIAbstractKeyword.findWebElement(WebUIAbstractKeyword.groovy:26)
	at com.kms.katalon.core.webui.keyword.builtin.UploadFileKeyword$_uploadFile_closure1.doCall(UploadFileKeyword.groovy:79)
	at com.kms.katalon.core.webui.keyword.builtin.UploadFileKeyword$_uploadFile_closure1.call(UploadFileKeyword.groovy)
	at com.kms.katalon.core.webui.keyword.internal.WebUIKeywordMain.runKeyword(WebUIKeywordMain.groovy:20)
	... 19 more]]></system-out>
      <system-err><![CDATA[2022-01-16 01:24:07 - [TEST_SUITE][FAILED] - Run all test cases: Test Cases/Create student by upload file FAILED.
Reason:
com.kms.katalon.core.exception.StepFailedException: Unable to upload file 'D:\TestAutomation-SEBonus-Group10\student.csv' to object 'Object Repository/Page_Group10 Administration Users Accounts _c9beb9/input_Attachment_repo_upload_file'
	at com.kms.katalon.core.webui.keyword.internal.WebUIKeywordMain.stepFailed(WebUIKeywordMain.groovy:64)
	at com.kms.katalon.core.webui.keyword.internal.WebUIKeywordMain.runKeyword(WebUIKeywordMain.groovy:26)
	at com.kms.katalon.core.webui.keyword.builtin.UploadFileKeyword.uploadFile(UploadFileKeyword.groovy:87)
	at com.kms.katalon.core.webui.keyword.builtin.UploadFileKeyword.execute(UploadFileKeyword.groovy:68)
	at com.kms.katalon.core.keyword.internal.KeywordExecutor.executeKeywordForPlatform(KeywordExecutor.groovy:74)
	at com.kms.katalon.core.webui.keyword.WebUiBuiltInKeywords.uploadFile(WebUiBuiltInKeywords.groovy:4031)
	at com.kms.katalon.core.webui.keyword.WebUiBuiltInKeywords$uploadFile$6.call(Unknown Source)
	at Create student by upload file.run(Create student by upload file:40)
	at com.kms.katalon.core.main.ScriptEngine.run(ScriptEngine.java:194)
	at com.kms.katalon.core.main.ScriptEngine.runScriptAsRawText(ScriptEngine.java:119)
	at com.kms.katalon.core.main.TestCaseExecutor.runScript(TestCaseExecutor.java:442)
	at com.kms.katalon.core.main.TestCaseExecutor.doExecute(TestCaseExecutor.java:433)
	at com.kms.katalon.core.main.TestCaseExecutor.processExecutionPhase(TestCaseExecutor.java:412)
	at com.kms.katalon.core.main.TestCaseExecutor.accessMainPhase(TestCaseExecutor.java:404)
	at com.kms.katalon.core.main.TestCaseExecutor.execute(TestCaseExecutor.java:281)
	at com.kms.katalon.core.main.TestSuiteExecutor.accessTestCaseMainPhase(TestSuiteExecutor.java:202)
	at com.kms.katalon.core.main.TestSuiteExecutor.accessTestSuiteMainPhase(TestSuiteExecutor.java:164)
	at com.kms.katalon.core.main.TestSuiteExecutor.execute(TestSuiteExecutor.java:105)
	at com.kms.katalon.core.main.TestCaseMain.startTestSuite(TestCaseMain.java:181)
	at com.kms.katalon.core.main.TestCaseMain$startTestSuite$0.call(Unknown Source)
	at TempTestSuite1642271036821.run(TempTestSuite1642271036821.groovy:36)
Caused by: com.kms.katalon.core.webui.exception.WebElementNotFoundException: Web element with id: 'Object Repository/Page_Group10 Administration Users Accounts _c9beb9/input_Attachment_repo_upload_file' located by '//form/div/div/div/input' not found
	at com.kms.katalon.core.webui.common.WebUiCommonHelper.findWebElement(WebUiCommonHelper.java:1368)
	at com.kms.katalon.core.webui.keyword.internal.WebUIAbstractKeyword.findWebElement(WebUIAbstractKeyword.groovy:27)
	at com.kms.katalon.core.webui.keyword.internal.WebUIAbstractKeyword.findWebElement(WebUIAbstractKeyword.groovy:26)
	at com.kms.katalon.core.webui.keyword.builtin.UploadFileKeyword$_uploadFile_closure1.doCall(UploadFileKeyword.groovy:79)
	at com.kms.katalon.core.webui.keyword.builtin.UploadFileKeyword$_uploadFile_closure1.call(UploadFileKeyword.groovy)
	at com.kms.katalon.core.webui.keyword.internal.WebUIKeywordMain.runKeyword(WebUIKeywordMain.groovy:20)
	... 19 more]]></system-err>
   </testsuite>
</testsuites>
